%%%% 102 AG  47 M  EC B+ IT     4.62000E+02 7.7 M      18-07-2007       BALASTAR
1 102M  AG  47 7.7 M           EC B+ IT   
           WARNING:                                                                             
 102 PD 46  GAMMA-RAY ENERGY =   0.35140 MEV                                                    
           HALF-LIFE OF INITIAL LEVEL ASSOCIATED WITH GAMMA-RAY TOO SHORT TO BE                 
           CONSIDERED ISOMERIC, AND INTENSITY = 0.0                                             
           TRANSITION IGNORED                                                                   
           WARNING:                                                                             
 102 PD 46  GAMMA-RAY ENERGY =   1.01760 MEV                                                    
           HALF-LIFE OF INITIAL LEVEL ASSOCIATED WITH GAMMA-RAY TOO SHORT TO BE                 
           CONSIDERED ISOMERIC, AND INTENSITY = 0.0                                             
           TRANSITION IGNORED                                                                   
           WARNING:                                                                             
 102 PD 46  GAMMA-RAY ENERGY =   1.10170 MEV                                                    
           HALF-LIFE OF INITIAL LEVEL ASSOCIATED WITH GAMMA-RAY TOO SHORT TO BE                 
           CONSIDERED ISOMERIC, AND INTENSITY = 0.0                                             
           TRANSITION IGNORED                                                                   
           WARNING:                                                                             
 102 PD 46  GAMMA-RAY ENERGY =   1.59260 MEV                                                    
           HALF-LIFE OF INITIAL LEVEL ASSOCIATED WITH GAMMA-RAY TOO SHORT TO BE                 
           CONSIDERED ISOMERIC, AND INTENSITY = 0.0                                             
           TRANSITION IGNORED                                                                   
           WARNING:                                                                             
 102 PD 46  GAMMA-RAY ENERGY =   1.64410 MEV                                                    
           HALF-LIFE OF INITIAL LEVEL ASSOCIATED WITH GAMMA-RAY TOO SHORT TO BE                 
           CONSIDERED ISOMERIC, AND INTENSITY = 0.0                                             
           TRANSITION IGNORED                                                                   
1INTENSITY AND ENERGY BALANCE DATA

              102M-SILVER-47
+                                    HALFLIFE = 7.7 MINUTES 
+                                                                  18-07-2007


    LEVEL       INTENSITY   INTENSITY
    ENERGY      ENTERING    LEAVING     PERCENT
    (MEV)       LEVEL       LEVEL       ERROR

   0.0000E+00  5.2237E+01
   5.5670E-01  4.4151E+01  4.2784E+01  3.1442E+00                      
   1.2761E+00  4.5280E+00  4.5358E+00  1.7177E-01                      
   1.5346E+00  5.2184E+00  5.3287E+00  2.0930E+00                      
   1.5936E+00  0.0000E+00  0.0000E+00  2.0000E+02  ********************
   1.6592E+00  0.0000E+00  0.0000E+00  2.0000E+02  ********************
   1.9450E+00  0.0000E+00  1.5982E+00  2.0000E+02  ********************
   2.2490E+00  2.2606E+00  2.2637E+00  1.4012E-01                      
   2.3914E+00  9.6319E+00  9.8533E+00  2.2722E+00                      
   2.5745E+00  2.7520E+00  2.7960E+00  1.5888E+00                      
   2.6112E+00  6.4868E+00  6.6572E+00  2.5928E+00                      
   2.7163E+00  6.7817E+00  6.9232E+00  2.0652E+00                      
   2.7372E+00  4.4228E+00  4.5280E+00  2.3512E+00                      
   3.1235E+00  1.9657E+00  1.9973E+00  1.5946E+00                      
   3.2384E+00  6.4868E+00  6.6563E+00  2.5792E+00                      
   0.0000E+00  4.5630E+01
   9.3000E-03  4.5630E+01  4.5630E+01  0.0000E+00                      


 INTENSITY TO GROUND AND ISOMERIC STATE(S) OF DAUGHTER(S)=  9.787E+01
 TOTAL INTENSITY FROM PARENT=  9.663E+01
 PERCENT ERROR =  1.263E+00                      


 TOTAL INTENSITY FROM PARENT =  9.663E+01
 VALUE IS WITHIN   3.37E+00% OF 100                      


 TOTAL ENERGY AVAILABLE =  2.896E+00 MEV
 TOTAL ENERGY CONTENT OF ALL RADIATIONS =  2.945E+00 MEV
 PERCENT ERROR =  1.678E+00                      
%%%% 102 AG  47 M  EC B+ IT     4.62000E+02 7.7 M      18-07-2007       BALAEND 
%%%% 102 AG  47 M  EC B+ IT     4.62000E+02 7.7 M      18-07-2007       INPUSTAR
1                                      **INPUT DATA**
              102M-SILVER-47
+                                    HALFLIFE = 7.7 MINUTES 
+                                                                  18-07-2007

            MODES OF DECAY: ELECTRON CAPTURE, BETA PLUS, ISOMERIC LEVEL
 
                                MEAN
                                NUMBER/    TRANSITION
                TYPE OF    ID   TRANSFOR-  ENERGY
              TRANSITION   NO.  MATION     (MEV)       OTHER NUCLEAR PARAMETERS

           ELECT. CAPTURE   1   4.03E-02   2.431E+00   ALLOWED                                  
           ELECT. CAPTURE   2   1.08E-02   2.546E+00   ALLOWED                                  
           ELECT. CAPTURE   3   1.67E-02   2.932E+00   ALLOWED                                  
+                                                              ASSUMED                          
           ELECT. CAPTURE   4   2.46E-02   2.953E+00   ALLOWED                                  
           ELECT. CAPTURE   5   2.16E-02   3.058E+00   ALLOWED                                  
           ELECT. CAPTURE   6   8.85E-03   3.095E+00   ALLOWED                                  
+                                                              ASSUMED                          
           ELECT. CAPTURE   7   2.56E-02   3.278E+00   ALLOWED                                  
           ELECT. CAPTURE   8   4.91E-03   3.420E+00   ALLOWED                                  
+                                                              ASSUMED                          
           ELECT. CAPTURE   9   4.82E-03   4.135E+00   ALLOWED                                  
           ELECT. CAPTURE  10   2.95E-03   5.113E+00   ALLOWED                                  
                BETA PLUS   1   2.46E-02   1.409E+00*  ALLOWED                                  
                BETA PLUS   2   8.85E-03   1.524E+00*  ALLOWED                                  
                BETA PLUS   3   2.75E-02   1.910E+00*  ALLOWED                                  
+                                                              ASSUMED                          
                BETA PLUS   4   4.32E-02   1.931E+00*  ALLOWED                                  
                BETA PLUS   5   4.32E-02   2.036E+00*  ALLOWED                                  
                BETA PLUS   6   1.87E-02   2.073E+00*  ALLOWED                                  
+                                                              ASSUMED                          
                BETA PLUS   7   7.08E-02   2.256E+00*  ALLOWED                                  
                BETA PLUS   8   1.77E-02   2.398E+00*  ALLOWED                                  
+                                                              ASSUMED                          
                BETA PLUS   9   3.54E-02   3.113E+00*  ALLOWED                                  
                BETA PLUS  10   5.90E-02   4.091E+00*  ALLOWED                                  
           I.C.E. + GAMMA   2   4.28E-01   5.567E-01   E2 MULTIPOLE                             
+                                                                    AK= 0.00384                
           I.C.E. + GAMMA   3   4.54E-02   7.194E-01   E2 MULTIPOLE                             
+                                                                    AK= 0.00194                
           I.C.E. + GAMMA   4   2.67E-02   9.777E-01   M1 MULTIPOLE                             
+                                                                    AK= 0.00106                
           I.C.E. + GAMMA   7   2.93E-02   1.331E+00   UNPLACED GAMMA                           
           I.C.E. + GAMMA   8   1.60E-02   1.388E+00   M1 MULTIPOLE                             
           I.C.E. + GAMMA   9   4.53E-02   1.461E+00   M1 MULTIPOLE ASSUMED                     
           I.C.E. + GAMMA  10   2.66E-02   1.535E+00   E2 MULTIPOLE                             
           I.C.E. + GAMMA  11   1.20E-02   1.589E+00   M1 MULTIPOLE                             
           I.C.E. + GAMMA  14   2.26E-02   1.692E+00   M1 MULTIPOLE ASSUMED                     
           I.C.E. + GAMMA  15   9.85E-02   1.835E+00   M1 MULTIPOLE                             
           I.C.E. + GAMMA  16   1.06E-02   1.925E+00   UNPLACED GAMMA                           
           I.C.E. + GAMMA  17   2.80E-02   2.018E+00   M1 MULTIPOLE ASSUMED                     
           I.C.E. + GAMMA  18   6.66E-02   2.055E+00   M1 MULTIPOLE                             
           I.C.E. + GAMMA  19   5.32E-03   2.111E+00   UNPLACED GAMMA                           
           I.C.E. + GAMMA  20   5.06E-02   2.159E+00   M1 MULTIPOLE                             
           I.C.E. + GAMMA  21   1.33E-02   2.310E+00   UNPLACED GAMMA                           
           I.C.E. + GAMMA  22   7.99E-03   2.494E+00   UNPLACED GAMMA                           
           I.C.E. + GAMMA  23   7.99E-03   2.567E+00   M1 MULTIPOLE                             
           I.C.E. + GAMMA  24   3.33E-02   2.613E+00   UNPLACED GAMMA                           
           I.C.E. + GAMMA  25   1.73E-02   2.682E+00   M1 MULTIPOLE                             
           I.C.E. + GAMMA  26   9.32E-03   2.691E+00   UNPLACED GAMMA                           
           I.C.E. + GAMMA  27   1.86E-02   2.717E+00   M1 MULTIPOLE                             
           I.C.E. + GAMMA  28   1.33E-02   2.727E+00   UNPLACED GAMMA                           
           I.C.E. + GAMMA  29   7.99E-03   2.805E+00   UNPLACED GAMMA                           
           I.C.E. + GAMMA  30   4.93E-02   3.239E+00   M1 MULTIPOLE                             
           I.C.E. + GAMMA  31   1.33E-02   3.398E+00   UNPLACED GAMMA                           
           I.C.E. + GAMMA  32   1.60E-02   3.407E+00   UNPLACED GAMMA                           
           I.C.E. + GAMMA   1   4.56E-01   9.300E-03   M3 MULTIPOLE                             
+                                                                    AK= 0.0                    
                                                       AL1=1.16E+06  AL2=6.19E+04               
                                                       AL3=8.93E+06  AM= 2.46E+06               
                                                       AN+=4.38E+05                             
 
           * ENDPOINT ENERGY (MEV)
           - - - - - - - - - -
           Reference: Evaluated Nuclear Structure Data File (ENSDF)
                DATE DATA WERE ENTERED INTO ENSDF: Apr-1998
%%%% 102 AG  47 M  EC B+ IT     4.62000E+02 7.7 M      18-07-2007       INPUEND 
%%%% 102 AG  47 M  EC B+ IT     4.62000E+02 7.7 M      18-07-2007       OUTPSTAR
1                                      **OUTPUT DATA**
              102M-SILVER-47
+                                    HALFLIFE = 7.7 MINUTES 
+                                                                  18-07-2007

            MODES OF DECAY: ELECTRON CAPTURE, BETA PLUS, ISOMERIC LEVEL
 
                                              MEAN
                                              NUMBER/                  MEV/
                                         ID   TRANSFOR-   ENERGY       TRANSFOR-
                  TYPE OF RADIATION      NO.  MATION      (MEV)        MATION

           BETA PLUS                      1   2.46E-02    6.262E-01*   1.54E-02
           BETA PLUS                      2   8.85E-03    6.778E-01*   6.00E-03
           BETA PLUS                      3   2.75E-02    8.529E-01*   2.35E-02
           BETA PLUS                      4   4.32E-02    8.624E-01*   3.73E-02
           BETA PLUS                      5   4.32E-02    9.105E-01*   3.94E-02
           BETA PLUS                      6   1.87E-02    9.274E-01*   1.73E-02
           BETA PLUS                      7   7.08E-02    1.012E+00*   7.16E-02
           BETA PLUS                      8   1.77E-02    1.077E+00*   1.91E-02
           BETA PLUS                      9   3.54E-02    1.411E+00*   4.99E-02
           BETA PLUS                     10   5.90E-02    1.874E+00*   1.11E-01
           ANNIHILATION RADIATION             6.98E-01    5.110E-01    3.57E-01
           GAMMA-RAY                      2   4.26E-01    5.567E-01    2.37E-01
           K CONV. ELECTRON, GAMMA-RAY    2   1.63E-03    5.324E-01    8.70E-04
           L1 CONV. ELECTRON, GAMMA-RAY   2   1.77E-04    5.531E-01    9.81E-05
           GAMMA-RAY                      3   4.53E-02    7.194E-01    3.26E-02
           K CONV. ELECTRON, GAMMA-RAY    3   8.78E-05    6.951E-01    6.10E-05
           GAMMA-RAY                      4   2.66E-02    9.777E-01    2.60E-02
           GAMMA-RAY                      7   2.93E-02    1.331E+00    3.90E-02
           GAMMA-RAY                      8   1.60E-02    1.388E+00    2.22E-02
           GAMMA-RAY                      9   4.53E-02    1.461E+00    6.61E-02
           GAMMA-RAY                     10   2.66E-02    1.535E+00    4.09E-02
           GAMMA-RAY                     11   1.20E-02    1.589E+00    1.90E-02
           GAMMA-RAY                     14   2.26E-02    1.692E+00    3.83E-02
           GAMMA-RAY                     15   9.85E-02    1.835E+00    1.81E-01
           K CONV. ELECTRON, GAMMA-RAY   15   2.76E-05    1.810E+00    5.00E-05
           GAMMA-RAY                     16   1.06E-02    1.925E+00    2.05E-02
           GAMMA-RAY                     17   2.80E-02    2.018E+00    5.64E-02
           GAMMA-RAY                     18   6.66E-02    2.055E+00    1.37E-01
           GAMMA-RAY                     19   5.32E-03    2.111E+00    1.12E-02
           GAMMA-RAY                     20   5.06E-02    2.159E+00    1.09E-01
           GAMMA-RAY                     21   1.33E-02    2.310E+00    3.08E-02
           GAMMA-RAY                     22   7.99E-03    2.494E+00    1.99E-02
           GAMMA-RAY                     23   7.99E-03    2.567E+00    2.05E-02
           GAMMA-RAY                     24   3.33E-02    2.613E+00    8.70E-02
           GAMMA-RAY                     25   1.73E-02    2.682E+00    4.64E-02
           GAMMA-RAY                     26   9.32E-03    2.691E+00    2.51E-02
           GAMMA-RAY                     27   1.86E-02    2.717E+00    5.06E-02
           GAMMA-RAY                     28   1.33E-02    2.727E+00    3.63E-02
           GAMMA-RAY                     29   7.99E-03    2.805E+00    2.24E-02
           GAMMA-RAY                     30   4.93E-02    3.239E+00    1.60E-01
           GAMMA-RAY                     31   1.33E-02    3.398E+00    4.52E-02
           GAMMA-RAY                     32   1.60E-02    3.407E+00    5.44E-02
           K -L2 X-RAY                        3.34E-02    2.099E-02    7.01E-04
           K -L3 X-RAY                        6.31E-02    2.115E-02    1.33E-03
           K -M3 X-RAY                        1.06E-02    2.379E-02    2.51E-04
           AUGER KLL                          1.76E-02    1.769E-02*   3.12E-04
           AUGER KLX                          7.00E-03    2.052E-02*   1.44E-04
           AUGER LMM                          1.22E-01    2.382E-03*   2.90E-04
           AUGER LMX                          2.47E-02    2.757E-03*   6.82E-05
           AUGER MNN                          3.20E-01    2.929E-04*   9.37E-05
           L1 CONV. ELECTRON, GAMMA-RAY   1   4.06E-02    5.517E-03    2.24E-04
           L3 CONV. ELECTRON, GAMMA-RAY   1   3.12E-01    5.950E-03    1.86E-03
           M CONV. ELECTRON, GAMMA-RAY    1   8.59E-02    8.731E-03*   7.50E-04
           N+ CONV. ELECTRON, GAMMA-RAY   1   1.53E-02    9.300E-03*   1.43E-04
           AUGER LMM                          2.73E-01    2.452E-03*   6.69E-04
           AUGER LMX                          5.87E-02    2.857E-03*   1.68E-04
           AUGER MNN                          7.25E-01    3.190E-04*   2.31E-04
           CK NNX                             1.07E+00    3.773E-05*   4.03E-05
 
           ALL LISTED X-RAYS, GAMMA-RAYS AND ANNIHILATION RADIATION    1.99E+00
           ALL NEGLECTED X-RAYS, GAMMA-RAYS AND ANNIH. RADIATION**     3.41E-04
           ALL LISTED BETAS, INTERNAL CONVERSION AND AUGER ELECTRONS   3.96E-01
           ALL NEGLECTED BETAS, INT. CONVERSION AND AUGER ELECTRONS**  4.08E-04
           ALL LISTED RADIATIONS                                       2.39E+00
           ALL NEGLECTED RADIATIONS**                                  7.49E-04
 
           *  AVERAGE ENERGY (MEV)
           ** EACH NEGLECTED TRANSITION CONTRIBUTES LESS THAN  0.010%
              TO THE TOTAL MEV/TRANSFORMATION FOR THIS CATEGORY.
           TOTAL FEEDING OF GROUND STATE LEVEL IN 102-PALLADIUM
             DAUGHTER IS 5.1000E-01  PER TRANSFORMATION OF 102M-SILVER.
             THIS DAUGHTER GROUND STATE IS STABLE.
           TOTAL FEEDING OF GROUND STATE LEVEL IN 102-SILVER
             DAUGHTER IS 4.9000E-01  PER TRANSFORMATION OF 102M-SILVER.
             DECAY OF THIS 12.9 MINUTES HALFLIFE LEVEL WILL CONTRIBUTE TO DOSE.
           - - - - - - - - - -
           INPUT DATA SOURCE: EVALUATED NUCLEAR STRUCTURE DATA FILE (ENSDF)
             DATE INPUT DATA WERE ENTERED INTO ENSDF: Apr-1998
%%%% 102 AG  47 M  EC B+ IT     4.62000E+02 7.7 M      18-07-2007       OUTPEND 
%%%% 102 AG  47 M  EC B+ IT     4.62000E+02 7.7 M      18-07-2007       BETASTAR
1
              102M-SILVER-47
+                                    HALFLIFE = 7.7 MINUTES 
+                                                                  18-07-2007

            BETA SPECTRUM DATA FOR ALL DECAY BRANCHES

                      BETAS PER                BETAS PER                BETAS PER
            ENERGY    MEV            ENERGY    MEV            ENERGY    MEV
            (MEV)     PER DECAY      (MEV)     PER DECAY      (MEV)     PER DECAY

            0.00000   0.000E+00      0.00360   2.827E-06      0.14000   5.528E-02
            0.00010   0.000E+00      0.00400   4.841E-06      0.15000   6.061E-02
            0.00011   0.000E+00      0.00450   8.454E-06      0.16000   6.593E-02
            0.00012   0.000E+00      0.00500   1.346E-05      0.18000   7.647E-02
            0.00013   0.000E+00      0.00550   2.003E-05      0.20000   8.683E-02
            0.00014   0.000E+00      0.00600   2.830E-05      0.22000   9.698E-02
            0.00015   0.000E+00      0.00650   3.842E-05      0.24000   1.069E-01
            0.00016   0.000E+00      0.00700   5.050E-05      0.26000   1.165E-01
            0.00018   0.000E+00      0.00750   6.465E-05      0.28000   1.259E-01
            0.00020   0.000E+00      0.00800   8.096E-05      0.30000   1.349E-01
            0.00022   0.000E+00      0.00850   9.954E-05      0.32000   1.437E-01
            0.00024   0.000E+00      0.00900   1.204E-04      0.36000   1.602E-01
            0.00026   0.000E+00      0.01000   1.695E-04      0.40000   1.754E-01
            0.00028   0.000E+00      0.01100   2.287E-04      0.45000   1.926E-01
            0.00030   3.032E-27      0.01200   2.984E-04      0.50000   2.075E-01
            0.00032   2.519E-26      0.01300   3.788E-04      0.55000   2.203E-01
            0.00036   1.159E-24      0.01400   4.703E-04      0.60000   2.309E-01
            0.00040   3.498E-23      0.01500   5.728E-04      0.65000   2.393E-01
            0.00045   1.556E-21      0.01600   6.866E-04      0.70000   2.455E-01
            0.00050   4.486E-20      0.01800   9.477E-04      0.75000   2.495E-01
            0.00055   8.819E-19      0.02000   1.253E-03      0.80000   2.516E-01
            0.00060   1.231E-17      0.02200   1.603E-03      0.85000   2.516E-01
            0.00065   1.264E-16      0.02400   1.994E-03      0.90000   2.497E-01
            0.00070   9.902E-16      0.02600   2.427E-03      1.00000   2.408E-01
            0.00075   6.113E-15      0.02800   2.899E-03      1.10000   2.260E-01
            0.00080   3.067E-14      0.03000   3.408E-03      1.20000   2.068E-01
            0.00085   1.286E-13      0.03200   3.953E-03      1.30000   1.849E-01
            0.00090   4.616E-13      0.03600   5.143E-03      1.40000   1.623E-01
            0.00100   4.045E-12      0.04000   6.454E-03      1.50000   1.399E-01
            0.00110   2.361E-11      0.04500   8.243E-03      1.60000   1.174E-01
            0.00120   1.012E-10      0.05000   1.018E-02      1.80000   7.594E-02
            0.00130   3.424E-10      0.05500   1.224E-02      2.00000   4.973E-02
            0.00140   9.622E-10      0.06000   1.440E-02      2.20000   3.667E-02
            0.00150   2.336E-09      0.06500   1.666E-02      2.40000   3.012E-02
            0.00160   5.042E-09      0.07000   1.899E-02      2.60000   2.432E-02
            0.00180   1.794E-08      0.07500   2.139E-02      2.80000   1.858E-02
            0.00200   4.904E-08      0.08000   2.384E-02      3.00000   1.357E-02
            0.00220   1.112E-07      0.08500   2.634E-02      3.20000   9.880E-03
            0.00240   2.200E-07      0.09000   2.888E-02      3.60000   3.669E-03
            0.00260   3.925E-07      0.10000   3.404E-02      4.00000   1.502E-04
            0.00280   6.465E-07      0.11000   3.929E-02      4.09060   0.000E+00
            0.00300   9.998E-07      0.12000   4.460E-02
            0.00320   1.470E-06      0.13000   4.993E-02

            AVERAGE BETA ENERGY =   1.117E+00

            TOTAL BETAS PER DECAY FOR ALL BRANCHES =   3.489E-01
%%%% 102 AG  47 M  EC B+ IT     4.62000E+02 7.7 M      18-07-2007       BETAEND 
%%%% 102 AG  47 M  EC B+ IT     4.62000E+02 7.7 M      18-07-2007       SEEISTAR
102.M SILVER       47.  7.700E+00 MINUTES  230 EC B+ IT             102.AG 47.   0
 4 1  2.45712E+00  6.26160E-01  1.40890E+00  0.00000E+00            102.AG 47.   1   1
 4 2  8.84563E-01  6.77764E-01  1.52380E+00  0.00000E+00            102.AG 47.   2   2
 4 3  2.75198E+00  8.52905E-01  1.91010E+00  0.00000E+00            102.AG 47.   3   3
 4 4  4.32453E+00  8.62448E-01  1.93100E+00  0.00000E+00            102.AG 47.   4   4
 4 5  4.32453E+00  9.10529E-01  2.03610E+00  0.00000E+00            102.AG 47.   5   5
 4 6  1.86741E+00  9.27355E-01  2.07280E+00  0.00000E+00            102.AG 47.   6   6
 4 7  7.07651E+00  1.01157E+00  2.25590E+00  0.00000E+00            102.AG 47.   7   7
 4 8  1.76913E+00  1.07736E+00  2.39830E+00  0.00000E+00            102.AG 47.   8   8
 4 9  3.53825E+00  1.41071E+00  3.11270E+00  0.00000E+00            102.AG 47.   9   9
 410  5.89709E+00  1.87391E+00  4.09060E+00  0.00000E+00            102.AG 47.  10  10
 3 3  6.97822E+01  5.11000E-01  5.11000E-01  0.00000E+00            102.AG 47.  11   3
 1 2  4.25952E+01  5.56700E-01  5.56700E-01  0.00000E+00            102.AG 47.  12   2
 6 1  1.63402E-01  5.32379E-01  5.32379E-01  2.00000E+00            102.AG 47.  13   1
 6 5  1.77426E-02  5.53120E-01  5.53120E-01  2.00000E+00            102.AG 47.  14   5
 6 6  1.58317E-03  5.53367E-01  5.53367E-01  2.00000E+00            102.AG 47.  15   6
 6 7  1.26733E-03  5.53529E-01  5.53529E-01  2.00000E+00            102.AG 47.  16   7
 6 3  3.89622E-03  5.56173E-01  5.56173E-01  2.00000E+00            102.AG 47.  17   3
 6 4  7.18340E-04  5.56700E-01  5.56700E-01  2.00000E+00            102.AG 47.  18   4
 1 3  4.52574E+00  7.19400E-01  7.19400E-01  0.00000E+00            102.AG 47.  19   3
 6 1  8.77742E-03  6.95079E-01  6.95079E-01  3.00000E+00            102.AG 47.  20   1
 6 5  9.61247E-04  7.15820E-01  7.15820E-01  3.00000E+00            102.AG 47.  21   5
 6 6  6.25257E-05  7.16067E-01  7.16067E-01  3.00000E+00            102.AG 47.  22   6
 6 7  4.83848E-05  7.16229E-01  7.16229E-01  3.00000E+00            102.AG 47.  23   7
 6 3  2.03088E-04  7.18873E-01  7.18873E-01  3.00000E+00            102.AG 47.  24   3
 6 4  3.74882E-05  7.19400E-01  7.19400E-01  3.00000E+00            102.AG 47.  25   4
 1 4  2.66220E+00  9.77700E-01  9.77700E-01  0.00000E+00            102.AG 47.  26   4
 6 1  2.82524E-03  9.53379E-01  9.53379E-01  4.00000E+00            102.AG 47.  27   1
 6 5  3.16184E-04  9.74120E-01  9.74120E-01  4.00000E+00            102.AG 47.  28   5
 6 6  7.20844E-06  9.74367E-01  9.74367E-01  4.00000E+00            102.AG 47.  29   6
 6 7  3.05817E-06  9.74529E-01  9.74529E-01  4.00000E+00            102.AG 47.  30   7
 6 3  6.14073E-05  9.77173E-01  9.77173E-01  4.00000E+00            102.AG 47.  31   3
 6 4  1.14561E-05  9.77700E-01  9.77700E-01  4.00000E+00            102.AG 47.  32   4
 1 7  2.92842E+00  1.33120E+00  1.33120E+00  0.00000E+00            102.AG 47.  33   7
 1 8  1.59732E+00  1.38780E+00  1.38780E+00  0.00000E+00            102.AG 47.  34   8
 6 1  7.95197E-04  1.36348E+00  1.36348E+00  8.00000E+00            102.AG 47.  35   1
 6 5  8.88575E-05  1.38422E+00  1.38422E+00  8.00000E+00            102.AG 47.  36   5
 6 6  1.61587E-06  1.38447E+00  1.38447E+00  8.00000E+00            102.AG 47.  37   6
 6 7  8.42466E-07  1.38463E+00  1.38463E+00  8.00000E+00            102.AG 47.  38   7
 6 3  1.71801E-05  1.38727E+00  1.38727E+00  8.00000E+00            102.AG 47.  39   3
 6 4  3.20537E-06  1.38780E+00  1.38780E+00  8.00000E+00            102.AG 47.  40   4
 1 9  4.52574E+00  1.46110E+00  1.46110E+00  0.00000E+00            102.AG 47.  41   9
 6 1  2.02226E-03  1.43678E+00  1.43678E+00  9.00000E+00            102.AG 47.  42   1
 6 5  2.25778E-04  1.45752E+00  1.45752E+00  9.00000E+00            102.AG 47.  43   5
 6 6  3.96758E-06  1.45777E+00  1.45777E+00  9.00000E+00            102.AG 47.  44   6
 6 7  2.14178E-06  1.45793E+00  1.45793E+00  9.00000E+00            102.AG 47.  45   7
 6 3  4.36513E-05  1.46057E+00  1.46057E+00  9.00000E+00            102.AG 47.  46   3
 6 4  8.14377E-06  1.46110E+00  1.46110E+00  9.00000E+00            102.AG 47.  47   4
 110  2.66220E+00  1.53480E+00  1.53480E+00  0.00000E+00            102.AG 47.  48  10
 6 1  9.64737E-04  1.51048E+00  1.51048E+00  1.00000E+01            102.AG 47.  49   1
 6 5  1.06486E-04  1.53122E+00  1.53122E+00  1.00000E+01            102.AG 47.  50   5
 6 6  2.67526E-06  1.53147E+00  1.53147E+00  1.00000E+01            102.AG 47.  51   6
 6 7  2.21987E-06  1.53163E+00  1.53163E+00  1.00000E+01            102.AG 47.  52   7
 6 3  2.09528E-05  1.53427E+00  1.53427E+00  1.00000E+01            102.AG 47.  53   3
 6 4  3.90851E-06  1.53480E+00  1.53480E+00  1.00000E+01            102.AG 47.  54   4
 111  1.19799E+00  1.58880E+00  1.58880E+00  0.00000E+00            102.AG 47.  55  11
 6 1  4.49844E-04  1.56448E+00  1.56448E+00  1.10000E+01            102.AG 47.  56   1
 6 5  5.01171E-05  1.58522E+00  1.58522E+00  1.10000E+01            102.AG 47.  57   5
 6 6  8.32571E-07  1.58547E+00  1.58547E+00  1.10000E+01            102.AG 47.  58   6
 6 7  4.76575E-07  1.58563E+00  1.58563E+00  1.10000E+01            102.AG 47.  59   7
 6 3  9.69300E-06  1.58827E+00  1.58827E+00  1.10000E+01            102.AG 47.  60   3
 6 4  1.80817E-06  1.58880E+00  1.58880E+00  1.10000E+01            102.AG 47.  61   4
 114  2.26287E+00  1.69230E+00  1.69230E+00  0.00000E+00            102.AG 47.  62  14
 6 1  7.46658E-04  1.66798E+00  1.66798E+00  1.40000E+01            102.AG 47.  63   1
 6 5  8.29935E-05  1.68872E+00  1.68872E+00  1.40000E+01            102.AG 47.  64   5
 6 6  1.32112E-06  1.68897E+00  1.68897E+00  1.40000E+01            102.AG 47.  65   6
 6 7  7.91559E-07  1.68913E+00  1.68913E+00  1.40000E+01            102.AG 47.  66   7
 6 3  1.60620E-05  1.69177E+00  1.69177E+00  1.40000E+01            102.AG 47.  67   3
 6 4  2.99597E-06  1.69230E+00  1.69230E+00  1.40000E+01            102.AG 47.  68   4
 115  9.85014E+00  1.83470E+00  1.83470E+00  0.00000E+00            102.AG 47.  69  15
 6 1  2.76071E-03  1.81038E+00  1.81038E+00  1.50000E+01            102.AG 47.  70   1
 6 5  3.05634E-04  1.83112E+00  1.83112E+00  1.50000E+01            102.AG 47.  71   5
 6 6  4.60456E-06  1.83137E+00  1.83137E+00  1.50000E+01            102.AG 47.  72   6
 6 7  2.92987E-06  1.83153E+00  1.83153E+00  1.50000E+01            102.AG 47.  73   7
 6 3  5.92303E-05  1.83417E+00  1.83417E+00  1.50000E+01            102.AG 47.  74   3
 6 4  1.10463E-05  1.83470E+00  1.83470E+00  1.50000E+01            102.AG 47.  75   4
 116  1.06488E+00  1.92490E+00  1.92490E+00  0.00000E+00            102.AG 47.  76  16
 117  2.79531E+00  2.01780E+00  2.01780E+00  0.00000E+00            102.AG 47.  77  17
 6 1  6.50049E-04  1.99348E+00  1.99348E+00  1.70000E+01            102.AG 47.  78   1
 6 5  7.13535E-05  2.01422E+00  2.01422E+00  1.70000E+01            102.AG 47.  79   5
 6 6  1.00698E-06  2.01447E+00  2.01447E+00  1.70000E+01            102.AG 47.  80   6
 6 7  6.64163E-07  2.01463E+00  2.01463E+00  1.70000E+01            102.AG 47.  81   7
 6 3  1.38496E-05  2.01727E+00  2.01727E+00  1.70000E+01            102.AG 47.  82   3
 6 4  2.58273E-06  2.01780E+00  2.01780E+00  1.70000E+01            102.AG 47.  83   4
 118  6.65550E+00  2.05450E+00  2.05450E+00  0.00000E+00            102.AG 47.  84  18
 6 1  1.49402E-03  2.03018E+00  2.03018E+00  1.80000E+01            102.AG 47.  85   1
 6 5  1.63753E-04  2.05092E+00  2.05092E+00  1.80000E+01            102.AG 47.  86   5
 6 6  2.28241E-06  2.05117E+00  2.05117E+00  1.80000E+01            102.AG 47.  87   6
 6 7  1.52154E-06  2.05133E+00  2.05133E+00  1.80000E+01            102.AG 47.  88   7
 6 3  3.17993E-05  2.05397E+00  2.05397E+00  1.80000E+01            102.AG 47.  89   3
 6 4  5.92991E-06  2.05450E+00  2.05450E+00  1.80000E+01            102.AG 47.  90   4
 119  5.32440E-01  2.11070E+00  2.11070E+00  0.00000E+00            102.AG 47.  91  19
 120  5.05818E+00  2.15940E+00  2.15940E+00  0.00000E+00            102.AG 47.  92  20
 6 1  1.03053E-03  2.13508E+00  2.13508E+00  2.00000E+01            102.AG 47.  93   1
 6 5  1.12462E-04  2.15582E+00  2.15582E+00  2.00000E+01            102.AG 47.  94   5
 6 6  1.51442E-06  2.15607E+00  2.15607E+00  2.00000E+01            102.AG 47.  95   6
 6 7  1.03955E-06  2.15623E+00  2.15623E+00  2.00000E+01            102.AG 47.  96   7
 6 3  2.18709E-05  2.15887E+00  2.15887E+00  2.00000E+01            102.AG 47.  97   3
 6 4  4.07821E-06  2.15940E+00  2.15940E+00  2.00000E+01            102.AG 47.  98   4
 121  1.33110E+00  2.31020E+00  2.31020E+00  0.00000E+00            102.AG 47.  99  21
 122  7.98660E-01  2.49390E+00  2.49390E+00  0.00000E+00            102.AG 47. 100  22
 123  7.98660E-01  2.56690E+00  2.56690E+00  0.00000E+00            102.AG 47. 101  23
 6 1  1.17039E-04  2.54258E+00  2.54258E+00  2.30000E+01            102.AG 47. 102   1
 6 5  1.18565E-05  2.56332E+00  2.56332E+00  2.30000E+01            102.AG 47. 103   5
 6 6  1.44347E-07  2.56357E+00  2.56357E+00  2.30000E+01            102.AG 47. 104   6
 6 7  1.13409E-07  2.56373E+00  2.56373E+00  2.30000E+01            102.AG 47. 105   7
 6 3  2.28544E-06  2.56637E+00  2.56637E+00  2.30000E+01            102.AG 47. 106   3
 6 4  4.26259E-07  2.56690E+00  2.56690E+00  2.30000E+01            102.AG 47. 107   4
 124  3.32775E+00  2.61300E+00  2.61300E+00  0.00000E+00            102.AG 47. 108  24
 125  1.73043E+00  2.68210E+00  2.68210E+00  0.00000E+00            102.AG 47. 109  25
 6 1  2.33640E-04  2.65778E+00  2.65778E+00  2.50000E+01            102.AG 47. 110   1
 6 5  2.33720E-05  2.67852E+00  2.67852E+00  2.50000E+01            102.AG 47. 111   5
 6 6  2.76534E-07  2.67877E+00  2.67877E+00  2.50000E+01            102.AG 47. 112   6
 6 7  2.23699E-07  2.67893E+00  2.67893E+00  2.50000E+01            102.AG 47. 113   7
 6 3  4.50439E-06  2.68157E+00  2.68157E+00  2.50000E+01            102.AG 47. 114   3
 6 4  8.40095E-07  2.68210E+00  2.68210E+00  2.50000E+01            102.AG 47. 115   4
 126  9.31770E-01  2.69090E+00  2.69090E+00  0.00000E+00            102.AG 47. 116  26
 127  1.86354E+00  2.71650E+00  2.71650E+00  0.00000E+00            102.AG 47. 117  27
 6 1  2.45732E-04  2.69218E+00  2.69218E+00  2.70000E+01            102.AG 47. 118   1
 6 5  2.44886E-05  2.71292E+00  2.71292E+00  2.70000E+01            102.AG 47. 119   5
 6 6  2.87353E-07  2.71317E+00  2.71317E+00  2.70000E+01            102.AG 47. 120   6
 6 7  2.34429E-07  2.71333E+00  2.71333E+00  2.70000E+01            102.AG 47. 121   7
 6 3  4.71936E-06  2.71597E+00  2.71597E+00  2.70000E+01            102.AG 47. 122   3
 6 4  8.80180E-07  2.71650E+00  2.71650E+00  2.70000E+01            102.AG 47. 123   4
 128  1.33110E+00  2.72690E+00  2.72690E+00  0.00000E+00            102.AG 47. 124  28
 129  7.98660E-01  2.80500E+00  2.80500E+00  0.00000E+00            102.AG 47. 125  29
 130  4.92507E+00  3.23860E+00  3.23860E+00  0.00000E+00            102.AG 47. 126  30
 6 1  4.71545E-04  3.21428E+00  3.21428E+00  3.00000E+01            102.AG 47. 127   1
 6 5  4.43258E-05  3.23502E+00  3.23502E+00  3.00000E+01            102.AG 47. 128   5
 6 6  4.63925E-07  3.23527E+00  3.23527E+00  3.00000E+01            102.AG 47. 129   6
 6 7  4.25406E-07  3.23543E+00  3.23543E+00  3.00000E+01            102.AG 47. 130   7
 6 3  8.53732E-06  3.23807E+00  3.23807E+00  3.00000E+01            102.AG 47. 131   3
 6 4  1.59205E-06  3.23860E+00  3.23860E+00  3.00000E+01            102.AG 47. 132   4
 131  1.33110E+00  3.39800E+00  3.39800E+00  0.00000E+00            102.AG 47. 133  31
 132  1.59732E+00  3.40650E+00  3.40650E+00  0.00000E+00            102.AG 47. 134  32
 2 1  3.34150E+00  2.09884E-02  2.09884E-02  0.00000E+00            102.AG 47. 135   1
 2 2  6.31193E+00  2.11504E-02  2.11504E-02  0.00000E+00            102.AG 47. 136   2
 2 3  5.43697E-01  2.37657E-02  2.37657E-02  0.00000E+00            102.AG 47. 137   3
 2 4  1.05671E+00  2.37942E-02  2.37942E-02  0.00000E+00            102.AG 47. 138   4
 2 5  3.45667E-03  2.39728E-02  2.39728E-02  0.00000E+00            102.AG 47. 139   5
 2 6  4.83666E-03  2.39785E-02  2.39785E-02  0.00000E+00            102.AG 47. 140   6
 2 7  1.09870E-01  2.42613E-02  2.42613E-02  0.00000E+00            102.AG 47. 141   7
 2 8  2.12905E-01  2.42659E-02  2.42659E-02  0.00000E+00            102.AG 47. 142   8
 2 9  3.44312E-04  2.43129E-02  2.43129E-02  0.00000E+00            102.AG 47. 143   9
 210  4.73390E-04  2.43133E-02  2.43133E-02  0.00000E+00            102.AG 47. 144  10
 221  4.42358E-05  2.47400E-04  2.47400E-04  0.00000E+00            102.AG 47. 145  21
 222  3.45469E-04  4.09400E-04  4.09400E-04  0.00000E+00            102.AG 47. 146  22
 223  1.01263E-02  3.02474E-03  3.02474E-03  0.00000E+00            102.AG 47. 147  23
 224  1.69680E-02  3.05320E-03  3.05320E-03  0.00000E+00            102.AG 47. 148  24
 225  1.06771E-04  3.23176E-03  3.23176E-03  0.00000E+00            102.AG 47. 149  25
 226  1.59225E-04  3.23749E-03  3.23749E-03  0.00000E+00            102.AG 47. 150  26
 227  1.75726E-03  3.52032E-03  3.52032E-03  0.00000E+00            102.AG 47. 151  27
 228  2.96953E-03  3.52491E-03  3.52491E-03  0.00000E+00            102.AG 47. 152  28
 229  7.63232E-06  3.57186E-03  3.57186E-03  0.00000E+00            102.AG 47. 153  29
 230  1.13135E-05  3.57233E-03  3.57233E-03  0.00000E+00            102.AG 47. 154  30
 241  5.89199E-08  1.62000E-04  1.62000E-04  0.00000E+00            102.AG 47. 155  41
 242  1.58618E-02  2.67765E-03  2.67765E-03  0.00000E+00            102.AG 47. 156  42
 243  1.82443E-04  2.80581E-03  2.80581E-03  0.00000E+00            102.AG 47. 157  43
 244  2.05286E-01  2.98437E-03  2.98437E-03  0.00000E+00            102.AG 47. 158  44
 245  1.59245E-03  3.24160E-03  3.24160E-03  0.00000E+00            102.AG 47. 159  45
 246  1.09477E-05  3.27751E-03  3.27751E-03  0.00000E+00            102.AG 47. 160  46
 247  1.70661E-02  3.32446E-03  3.32446E-03  0.00000E+00            102.AG 47. 161  47
 261  6.21147E-02  2.51566E-03  2.51566E-03  0.00000E+00            102.AG 47. 162  61
 262  2.90095E-04  2.61534E-03  2.61534E-03  0.00000E+00            102.AG 47. 163  62
 263  2.73561E-04  2.64380E-03  2.64380E-03  0.00000E+00            102.AG 47. 164  63
 264  4.87302E-02  2.82236E-03  2.82236E-03  0.00000E+00            102.AG 47. 165  64
 265  4.32619E-01  2.82809E-03  2.82809E-03  0.00000E+00            102.AG 47. 166  65
 266  3.84716E-03  3.07958E-03  3.07958E-03  0.00000E+00            102.AG 47. 167  66
 267  1.31504E-05  3.11093E-03  3.11093E-03  0.00000E+00            102.AG 47. 168  67
 268  1.25090E-05  3.11551E-03  3.11551E-03  0.00000E+00            102.AG 47. 169  68
 269  3.99218E-03  3.16246E-03  3.16246E-03  0.00000E+00            102.AG 47. 170  69
 270  3.49939E-02  3.16293E-03  3.16293E-03  0.00000E+00            102.AG 47. 171  70
 291  2.56687E-02  3.36299E-04  3.36299E-04  0.00000E+00            102.AG 47. 172  91
 292  4.78393E-04  4.30800E-05  4.30800E-05  0.00000E+00            102.AG 47. 173  92
 294  1.30929E+02  7.85943E-06  7.85943E-06  0.00000E+00            102.AG 47. 174  94
 7 1  1.76251E+00  1.76856E-02  1.76856E-02  0.00000E+00            102.AG 47. 175   1
 7 2  6.99553E-01  2.05196E-02  2.05196E-02  0.00000E+00            102.AG 47. 176   2
 7 3  6.68483E-02  2.33566E-02  2.33566E-02  0.00000E+00            102.AG 47. 177   3
 7 4  2.98509E+00  1.21681E-04  1.21681E-04  0.00000E+00            102.AG 47. 178   4
 7 5  1.21878E+01  2.38225E-03  2.38225E-03  0.00000E+00            102.AG 47. 179   5
 7 6  2.47202E+00  2.75692E-03  2.75692E-03  0.00000E+00            102.AG 47. 180   6
 7 7  1.34153E-01  3.15033E-03  3.15033E-03  0.00000E+00            102.AG 47. 181   7
 7 8  1.29643E+01  1.26003E-04  1.26003E-04  0.00000E+00            102.AG 47. 182   8
 7 9  3.20006E+01  2.92897E-04  2.92897E-04  0.00000E+00            102.AG 47. 183   9
 712  4.93314E+01  3.81982E-05  3.81982E-05  0.00000E+00            102.AG 47. 184  12
 1 1  3.49860E-06  9.30000E-03  9.30000E-03  0.00000E+00            102.AG 47. 185   1
 6 5  4.05612E+00  5.51660E-03  5.51660E-03  1.00000E+00            102.AG 47. 186   5
 6 6  2.16446E-01  5.77190E-03  5.77190E-03  1.00000E+00            102.AG 47. 187   6
 6 7  3.12347E+01  5.95000E-03  5.95000E-03  1.00000E+00            102.AG 47. 188   7
 6 3  8.58997E+00  8.73147E-03  8.73147E-03  1.00000E+00            102.AG 47. 189   3
 6 4  1.53304E+00  9.30000E-03  9.30000E-03  1.00000E+00            102.AG 47. 190   4
 221  6.81509E-05  2.55300E-04  2.55300E-04  0.00000E+00            102.AG 47. 191  21
 222  5.82743E-04  4.33400E-04  4.33400E-04  0.00000E+00            102.AG 47. 192  22
 223  1.88147E-02  3.18320E-03  3.18320E-03  0.00000E+00            102.AG 47. 193  23
 224  3.13084E-02  3.21487E-03  3.21487E-03  0.00000E+00            102.AG 47. 194  24
 225  2.07945E-04  3.40041E-03  3.40041E-03  0.00000E+00            102.AG 47. 195  25
 226  3.10180E-04  3.40685E-03  3.40685E-03  0.00000E+00            102.AG 47. 196  26
 227  3.36435E-03  3.71499E-03  3.71499E-03  0.00000E+00            102.AG 47. 197  27
 228  5.65342E-03  3.72026E-03  3.72026E-03  0.00000E+00            102.AG 47. 198  28
 229  1.65944E-05  3.77092E-03  3.77092E-03  0.00000E+00            102.AG 47. 199  29
 230  2.47545E-05  3.77153E-03  3.77153E-03  0.00000E+00            102.AG 47. 200  30
 241  9.09150E-09  1.78100E-04  1.78100E-04  0.00000E+00            102.AG 47. 201  41
 242  2.02815E-03  2.82430E-03  2.82430E-03  0.00000E+00            102.AG 47. 202  42
 243  2.40341E-05  2.95957E-03  2.95957E-03  0.00000E+00            102.AG 47. 203  43
 244  2.74439E-02  3.14511E-03  3.14511E-03  0.00000E+00            102.AG 47. 204  44
 245  2.13721E-04  3.42650E-03  3.42650E-03  0.00000E+00            102.AG 47. 205  45
 246  1.58361E-06  3.46496E-03  3.46496E-03  0.00000E+00            102.AG 47. 206  46
 247  2.56522E-03  3.51562E-03  3.51562E-03  0.00000E+00            102.AG 47. 207  47
 249  5.06848E-06  3.52121E-03  3.52121E-03  0.00000E+00            102.AG 47. 208  49
 261  1.97364E-01  2.64621E-03  2.64621E-03  0.00000E+00            102.AG 47. 209  61
 262  9.42673E-04  2.74981E-03  2.74981E-03  0.00000E+00            102.AG 47. 210  62
 263  8.87451E-04  2.78147E-03  2.78147E-03  0.00000E+00            102.AG 47. 211  63
 264  1.60362E-01  2.96702E-03  2.96702E-03  0.00000E+00            102.AG 47. 212  64
 265  1.42247E+00  2.97344E-03  2.97344E-03  0.00000E+00            102.AG 47. 213  65
 266  1.28136E-02  3.24838E-03  3.24838E-03  0.00000E+00            102.AG 47. 214  66
 267  4.67034E-05  3.28159E-03  3.28159E-03  0.00000E+00            102.AG 47. 215  67
 268  4.44373E-05  3.28686E-03  3.28686E-03  0.00000E+00            102.AG 47. 216  68
 269  1.47493E-02  3.33753E-03  3.33753E-03  0.00000E+00            102.AG 47. 217  69
 270  1.29974E-01  3.33814E-03  3.33814E-03  0.00000E+00            102.AG 47. 218  70
 273  3.64581E-04  3.34311E-03  3.34311E-03  0.00000E+00            102.AG 47. 219  73
 291  7.11013E-02  3.68329E-04  3.68329E-04  0.00000E+00            102.AG 47. 220  91
 292  1.33319E-03  4.70787E-05  4.70787E-05  0.00000E+00            102.AG 47. 221  92
 294  2.92410E+02  1.20671E-05  1.20671E-05  0.00000E+00            102.AG 47. 222  94
 7 4  3.16330E+00  1.35312E-04  1.35312E-04  0.00000E+00            102.AG 47. 223   4
 7 5  2.72713E+01  2.45157E-03  2.45157E-03  0.00000E+00            102.AG 47. 224   5
 7 6  5.86944E+00  2.85662E-03  2.85662E-03  0.00000E+00            102.AG 47. 225   6
 7 7  3.34540E-01  3.27820E-03  3.27820E-03  0.00000E+00            102.AG 47. 226   7
 7 8  3.03731E+01  1.24957E-04  1.24957E-04  0.00000E+00            102.AG 47. 227   8
 7 9  7.25096E+01  3.18988E-04  3.18988E-04  0.00000E+00            102.AG 47. 228   9
 710  3.76353E-01  3.71208E-04  3.71208E-04  0.00000E+00            102.AG 47. 229  10
 712  1.06919E+02  3.77336E-05  3.77336E-05  0.00000E+00            102.AG 47. 230  12
%%%% 102 AG  47 M  EC B+ IT     4.62000E+02 7.7 M      18-07-2007       SEEIEND 
 


   ***************************************************** 
   *                 Radiation Summary                 * 
   ***************************************************** 
 
  Energy released by
    Gamma-ray                       (MeV) =   1.24232E+00
    X-ray                           (MeV) =   2.58312E-03
    Free-bound X-ray                (MeV) =   4.55755E-05
    Annihilation photon             (MeV) =   3.56587E-01
    Beta+ particle                  (MeV) =   3.89908E-01
    Neutrino                        (MeV) =   9.47073E-01
    Beta- particle                  (MeV) =   0.00000E+00
    Neutrino-                       (MeV) =   0.00000E+00
    Internal conv. electron         (MeV) =   4.34865E-03
    Auger and CK electron           (MeV) =   2.12861E-03
    Alpha particle                  (MeV) =   0.00000E+00
    Recoil nucleus                  (MeV) =   0.00000E+00
  E-total (except unplaced radiat.) (MeV) =   2.94500E+00
  E-unplaced radiation              (MeV) =   3.91759E-01
  Q-value from ENSDF data           (MeV) =   2.89590E+00
  Ratio of E-total/Q-value          ( % ) =   1.01695E+02
  Ratio of E-unplaced radi./Q-value ( % ) =   1.35281E+01

 
  Total yield of
    Gamma-ray                             =   9.57061E-01
    X-ray                                 =   1.45763E-01
    Free-bound X-ray                      =   4.23338E+00
    Annihilation photon                   =   6.97822E-01
    Beta+ particle                        =   3.48911E-01
    Beta- particle                        =   0.00000E+00
    Internal conv. electron               =   4.58459E-01
    Auger and CK electron                 =   3.61421E+00
    Alpha particle                        =   0.00000E+00
  Yield of unplaced radiation             =   1.59732E-01


%%%% 102 AG  47    EC B+        7.74000E+02 12.9 M     02-11-2005       BALASTAR
1 102   AG  47 12.9 M          EC B+      
1INTENSITY AND ENERGY BALANCE DATA

              102-SILVER-47
+                                    HALFLIFE = 12.9 MINUTES 
+                                                                  02-11-2005


    LEVEL       INTENSITY   INTENSITY
    ENERGY      ENTERING    LEAVING     PERCENT
    (MEV)       LEVEL       LEVEL       ERROR

   0.0000E+00  1.0069E+02
   5.5673E-01  9.5142E+01  9.8414E+01  3.3803E+00                      
   1.2762E+00  5.9155E+01  5.8350E+01  1.3707E+00                      
   1.5347E+00  4.4092E+00  4.4052E+00  9.0731E-02                      
   2.1115E+00  1.6482E+01  1.3795E+01  1.7749E+01  ********************
   2.1125E+00  0.0000E+00  2.5571E+00  2.0000E+02  ********************
   2.1384E+00  1.5808E+01  1.5489E+01  2.0370E+00                      
   2.3013E+00  2.2156E+01  2.1594E+01  2.5666E+00                      
   2.5333E+00  1.3074E+01  1.2789E+01  2.2031E+00                      
   2.7992E+00  3.7924E+00  3.6935E+00  2.6437E+00                      
   2.9772E+00  3.7924E+00  3.6972E+00  2.5421E+00                      
   3.0030E+00  4.1916E+00  4.1234E+00  1.6401E+00                      
   3.0090E+00  2.7944E+00  2.6992E+00  3.4660E+00                      
   3.0762E+00  5.4890E+00  5.4000E+00  1.6349E+00                      
   3.1667E+00  1.5968E+00  1.5630E+00  2.1412E+00                      


 INTENSITY TO GROUND AND ISOMERIC STATE(S) OF DAUGHTER(S)=  1.007E+02
 TOTAL INTENSITY FROM PARENT=  1.000E+02
 PERCENT ERROR =  6.821E-01                      


 TOTAL INTENSITY FROM PARENT =  1.000E+02
 VALUE IS WITHIN   0.00E+00% OF 100                      


 TOTAL ENERGY AVAILABLE =  5.664E+00 MEV
 TOTAL ENERGY CONTENT OF ALL RADIATIONS =  5.628E+00 MEV
 PERCENT ERROR =  6.430E-01                      
%%%% 102 AG  47    EC B+        7.74000E+02 12.9 M     02-11-2005       BALAEND 
%%%% 102 AG  47    EC B+        7.74000E+02 12.9 M     02-11-2005       INPUSTAR
1                                      **INPUT DATA**
              102-SILVER-47
+                                    HALFLIFE = 12.9 MINUTES 
+                                                                  02-11-2005

            MODES OF DECAY: ELECTRON CAPTURE, BETA PLUS
 
                                MEAN
                                NUMBER/    TRANSITION
                TYPE OF    ID   TRANSFOR-  ENERGY
              TRANSITION   NO.  MATION     (MEV)       OTHER NUCLEAR PARAMETERS

           ELECT. CAPTURE   1   8.98E-03   2.497E+00   ALLOWED                                  
+                                                              ASSUMED                          
           ELECT. CAPTURE   2   2.89E-02   2.588E+00   ALLOWED                                  
           ELECT. CAPTURE   3   1.40E-02   2.655E+00   ALLOWED                                  
+                                                              ASSUMED                          
           ELECT. CAPTURE   4   2.10E-02   2.661E+00   ALLOWED                                  
           ELECT. CAPTURE   5   1.80E-02   2.687E+00   ALLOWED                                  
           ELECT. CAPTURE   6   1.50E-02   2.865E+00   ALLOWED                                  
           ELECT. CAPTURE   7   3.99E-02   3.131E+00   ALLOWED                                  
           ELECT. CAPTURE   8   5.39E-02   3.363E+00   ALLOWED                                  
           ELECT. CAPTURE   9   3.09E-02   3.526E+00   ALLOWED                                  
           ELECT. CAPTURE  10   1.30E-02   3.553E+00   ALLOWED                                  
           ELECT. CAPTURE  11   2.10E-02   4.388E+00   ALLOWED                                  
                BETA PLUS   1   6.99E-03   1.475E+00*  ALLOWED                                  
+                                                              ASSUMED                          
                BETA PLUS   2   2.59E-02   1.566E+00*  ALLOWED                                  
                BETA PLUS   3   1.40E-02   1.633E+00*  ALLOWED                                  
+                                                              ASSUMED                          
                BETA PLUS   4   2.10E-02   1.639E+00*  ALLOWED                                  
                BETA PLUS   5   2.00E-02   1.665E+00*  ALLOWED                                  
                BETA PLUS   6   2.30E-02   1.843E+00*  ALLOWED                                  
                BETA PLUS   7   9.08E-02   2.109E+00*  ALLOWED                                  
                BETA PLUS   8   1.68E-01   2.341E+00*  ALLOWED                                  
                BETA PLUS   9   1.16E-01   2.504E+00*  ALLOWED                                  
                BETA PLUS  10   5.09E-02   2.530E+00*  ALLOWED                                  
                BETA PLUS  11   2.00E-01   3.366E+00*  ALLOWED                                  
           I.C.E. + GAMMA   1   9.84E-01   5.567E-01   E2 MULTIPOLE                             
+                                                                    AK= 0.00384                
           I.C.E. + GAMMA   2   1.71E-02   6.036E-01   E2 MULTIPOLE                             
+                                                                    AK= 0.00307                
           I.C.E. + GAMMA   3   5.83E-01   7.194E-01   E2 MULTIPOLE                             
+                                                                    AK= 0.00194                
           I.C.E. + GAMMA   4   1.38E-01   8.354E-01   E2 MULTIPOLE                             
+                                                                    AK= 0.00134                
           I.C.E. + GAMMA   5   3.70E-02   8.657E-01   E2 MULTIPOLE                             
+                                                                    AK= 0.00123                
           I.C.E. + GAMMA   6   4.12E-02   8.915E-01   E2 MULTIPOLE                             
+                                                                    AK= 0.00115                
           I.C.E. + GAMMA   7   1.14E-02   9.374E-01   M1 MULTIPOLE                             
+                                                                    AK= 0.00116                
           I.C.E. + GAMMA   8   1.42E-02   9.644E-01   E2 MULTIPOLE                             
           I.C.E. + GAMMA   9   2.13E-02   9.777E-01   M1+E2 MULTIPOLE                          
                                                       MRS=7.84                                 
           I.C.E. + GAMMA  10   4.26E-02   1.025E+00   M1+E2 MULTIPOLE                          
                                                       MRS=0.000100                             
           I.C.E. + GAMMA  11   8.53E-03   1.056E+00   E2 MULTIPOLE ASSUMED                     
           I.C.E. + GAMMA  12   9.94E-03   1.067E+00   UNPLACED GAMMA                           
           I.C.E. + GAMMA  13   1.28E-01   1.257E+00   M1 MULTIPOLE                             
           I.C.E. + GAMMA  14   2.27E-02   1.306E+00   UNPLACED GAMMA                           
           I.C.E. + GAMMA  15   3.12E-02   1.331E+00   UNPLACED GAMMA                           
           I.C.E. + GAMMA  16   1.14E-02   1.394E+00   UNPLACED GAMMA                           
           I.C.E. + GAMMA  17   2.70E-02   1.474E+00   E2 MULTIPOLE ASSUMED                     
           I.C.E. + GAMMA  18   2.70E-02   1.523E+00   M1 MULTIPOLE                             
           I.C.E. + GAMMA  19   2.27E-02   1.535E+00   E2 MULTIPOLE                             
           I.C.E. + GAMMA  20   2.56E-02   1.556E+00   M1 MULTIPOLE                             
           I.C.E. + GAMMA  21   1.38E-01   1.582E+00   E2 MULTIPOLE                             
           I.C.E. + GAMMA  22   1.73E-01   1.745E+00   E2 MULTIPOLE                             
           I.C.E. + GAMMA  23   2.84E-02   1.801E+00   M1 MULTIPOLE                             
           I.C.E. + GAMMA  24   7.10E-03   1.890E+00   M1 MULTIPOLE ASSUMED                     
           I.C.E. + GAMMA  25   1.14E-02   1.925E+00   UNPLACED GAMMA                           
           I.C.E. + GAMMA  26   5.68E-03   2.111E+00   UNPLACED GAMMA                           
           I.C.E. + GAMMA  27   9.94E-03   2.243E+00   E2 MULTIPOLE                             
           I.C.E. + GAMMA  28   1.42E-02   2.310E+00   UNPLACED GAMMA                           
           I.C.E. + GAMMA  29   8.52E-03   2.494E+00   UNPLACED GAMMA                           
           I.C.E. + GAMMA  30   3.55E-02   2.613E+00   UNPLACED GAMMA                           
           I.C.E. + GAMMA  31   9.94E-03   2.691E+00   UNPLACED GAMMA                           
           I.C.E. + GAMMA  32   1.42E-02   2.727E+00   UNPLACED GAMMA                           
           I.C.E. + GAMMA  33   8.52E-03   2.805E+00   UNPLACED GAMMA                           
           I.C.E. + GAMMA  34   1.42E-02   3.398E+00   UNPLACED GAMMA                           
           I.C.E. + GAMMA  35   1.70E-02   3.407E+00   UNPLACED GAMMA                           
 
           * ENDPOINT ENERGY (MEV)
           - - - - - - - - - -
           Reference: Evaluated Nuclear Structure Data File (ENSDF)
                DATE DATA WERE ENTERED INTO ENSDF: Apr-1998
%%%% 102 AG  47    EC B+        7.74000E+02 12.9 M     02-11-2005       INPUEND 
%%%% 102 AG  47    EC B+        7.74000E+02 12.9 M     02-11-2005       OUTPSTAR
1                                      **OUTPUT DATA**
              102-SILVER-47
+                                    HALFLIFE = 12.9 MINUTES 
+                                                                  02-11-2005

            MODES OF DECAY: ELECTRON CAPTURE, BETA PLUS
 
                                              MEAN
                                              NUMBER/                  MEV/
                                         ID   TRANSFOR-   ENERGY       TRANSFOR-
                  TYPE OF RADIATION      NO.  MATION      (MEV)        MATION

           BETA PLUS                      1   6.99E-03    6.560E-01*   4.58E-03
           BETA PLUS                      2   2.59E-02    6.967E-01*   1.81E-02
           BETA PLUS                      3   1.40E-02    7.270E-01*   1.02E-02
           BETA PLUS                      4   2.10E-02    7.297E-01*   1.53E-02
           BETA PLUS                      5   2.00E-02    7.414E-01*   1.48E-02
           BETA PLUS                      6   2.30E-02    8.222E-01*   1.89E-02
           BETA PLUS                      7   9.08E-02    9.438E-01*   8.57E-02
           BETA PLUS                      8   1.68E-01    1.051E+00*   1.76E-01
           BETA PLUS                      9   1.16E-01    1.126E+00*   1.30E-01
           BETA PLUS                     10   5.09E-02    1.139E+00*   5.80E-02
           BETA PLUS                     11   2.00E-01    1.530E+00*   3.05E-01
           ANNIHILATION RADIATION             1.47E+00    5.110E-01    7.52E-01
           GAMMA-RAY                      1   9.80E-01    5.567E-01    5.45E-01
           K CONV. ELECTRON, GAMMA-RAY    1   3.76E-03    5.324E-01    2.00E-03
           GAMMA-RAY                      2   1.70E-02    6.036E-01    1.03E-02
           GAMMA-RAY                      3   5.82E-01    7.194E-01    4.19E-01
           GAMMA-RAY                      4   1.38E-01    8.354E-01    1.15E-01
           GAMMA-RAY                      5   3.69E-02    8.657E-01    3.20E-02
           GAMMA-RAY                      6   4.12E-02    8.915E-01    3.67E-02
           GAMMA-RAY                      7   1.14E-02    9.374E-01    1.06E-02
           GAMMA-RAY                      8   1.42E-02    9.644E-01    1.37E-02
           GAMMA-RAY                      9   2.13E-02    9.777E-01    2.08E-02
           GAMMA-RAY                     10   4.26E-02    1.025E+00    4.37E-02
           GAMMA-RAY                     11   8.52E-03    1.056E+00    8.99E-03
           GAMMA-RAY                     12   9.94E-03    1.067E+00    1.06E-02
           GAMMA-RAY                     13   1.28E-01    1.257E+00    1.61E-01
           GAMMA-RAY                     14   2.27E-02    1.306E+00    2.97E-02
           GAMMA-RAY                     15   3.12E-02    1.331E+00    4.16E-02
           GAMMA-RAY                     16   1.14E-02    1.394E+00    1.58E-02
           GAMMA-RAY                     17   2.70E-02    1.474E+00    3.98E-02
           GAMMA-RAY                     18   2.70E-02    1.523E+00    4.11E-02
           GAMMA-RAY                     19   2.27E-02    1.535E+00    3.49E-02
           GAMMA-RAY                     20   2.56E-02    1.556E+00    3.98E-02
           GAMMA-RAY                     21   1.38E-01    1.582E+00    2.18E-01
           GAMMA-RAY                     22   1.73E-01    1.745E+00    3.02E-01
           GAMMA-RAY                     23   2.84E-02    1.801E+00    5.11E-02
           GAMMA-RAY                     24   7.10E-03    1.890E+00    1.34E-02
           GAMMA-RAY                     25   1.14E-02    1.925E+00    2.19E-02
           GAMMA-RAY                     26   5.68E-03    2.111E+00    1.20E-02
           GAMMA-RAY                     27   9.94E-03    2.243E+00    2.23E-02
           GAMMA-RAY                     28   1.42E-02    2.310E+00    3.28E-02
           GAMMA-RAY                     29   8.52E-03    2.494E+00    2.12E-02
           GAMMA-RAY                     30   3.55E-02    2.613E+00    9.28E-02
           GAMMA-RAY                     31   9.94E-03    2.691E+00    2.67E-02
           GAMMA-RAY                     32   1.42E-02    2.727E+00    3.87E-02
           GAMMA-RAY                     33   8.52E-03    2.805E+00    2.39E-02
           GAMMA-RAY                     34   1.42E-02    3.398E+00    4.83E-02
           GAMMA-RAY                     35   1.70E-02    3.407E+00    5.80E-02
 
           ALL LISTED X-RAYS, GAMMA-RAYS AND ANNIHILATION RADIATION    3.40E+00
           ALL NEGLECTED X-RAYS, GAMMA-RAYS AND ANNIH. RADIATION**     4.20E-03
           ALL LISTED BETAS, INTERNAL CONVERSION AND AUGER ELECTRONS   8.39E-01
           ALL NEGLECTED BETAS, INT. CONVERSION AND AUGER ELECTRONS**  3.62E-03
           ALL LISTED RADIATIONS                                       4.24E+00
           ALL NEGLECTED RADIATIONS**                                  7.82E-03
 
           *  AVERAGE ENERGY (MEV)
           ** EACH NEGLECTED TRANSITION CONTRIBUTES LESS THAN  0.100%
              TO THE TOTAL MEV/TRANSFORMATION FOR THIS CATEGORY.
           TOTAL FEEDING OF GROUND STATE LEVEL IN 102-PALLADIUM
             DAUGHTER IS 1.0000E+00 PER TRANSFORMATION OF 102-SILVER.
             THIS DAUGHTER GROUND STATE IS STABLE.
           - - - - - - - - - -
           INPUT DATA SOURCE: EVALUATED NUCLEAR STRUCTURE DATA FILE (ENSDF)
             DATE INPUT DATA WERE ENTERED INTO ENSDF: Apr-1998
%%%% 102 AG  47    EC B+        7.74000E+02 12.9 M     02-11-2005       OUTPEND 
%%%% 102 AG  47    EC B+        7.74000E+02 12.9 M     02-11-2005       BETASTAR
1
              102-SILVER-47
+                                    HALFLIFE = 12.9 MINUTES 
+                                                                  02-11-2005

            BETA SPECTRUM DATA FOR ALL DECAY BRANCHES

                      BETAS PER                BETAS PER                BETAS PER
            ENERGY    MEV            ENERGY    MEV            ENERGY    MEV
            (MEV)     PER DECAY      (MEV)     PER DECAY      (MEV)     PER DECAY

            0.00000   0.000E+00      0.00320   2.584E-06      0.12000   7.930E-02
            0.00010   0.000E+00      0.00360   4.970E-06      0.13000   8.888E-02
            0.00011   0.000E+00      0.00400   8.512E-06      0.14000   9.849E-02
            0.00012   0.000E+00      0.00450   1.486E-05      0.15000   1.081E-01
            0.00013   0.000E+00      0.00500   2.367E-05      0.16000   1.177E-01
            0.00014   0.000E+00      0.00550   3.521E-05      0.18000   1.368E-01
            0.00015   0.000E+00      0.00600   4.977E-05      0.20000   1.557E-01
            0.00016   0.000E+00      0.00650   6.756E-05      0.22000   1.743E-01
            0.00018   0.000E+00      0.00700   8.881E-05      0.24000   1.925E-01
            0.00020   0.000E+00      0.00750   1.137E-04      0.26000   2.104E-01
            0.00022   0.000E+00      0.00800   1.424E-04      0.28000   2.278E-01
            0.00024   0.000E+00      0.00850   1.751E-04      0.30000   2.448E-01
            0.00026   0.000E+00      0.00900   2.119E-04      0.32000   2.613E-01
            0.00028   0.000E+00      0.01000   2.982E-04      0.36000   2.929E-01
            0.00030   5.329E-27      0.01100   4.024E-04      0.40000   3.225E-01
            0.00032   4.428E-26      0.01200   5.250E-04      0.45000   3.565E-01
            0.00036   2.036E-24      0.01300   6.666E-04      0.50000   3.871E-01
            0.00040   6.148E-23      0.01400   8.276E-04      0.55000   4.143E-01
            0.00045   2.736E-21      0.01500   1.008E-03      0.60000   4.378E-01
            0.00050   7.884E-20      0.01600   1.208E-03      0.65000   4.578E-01
            0.00055   1.550E-18      0.01800   1.668E-03      0.70000   4.742E-01
            0.00060   2.163E-17      0.02000   2.207E-03      0.75000   4.870E-01
            0.00065   2.222E-16      0.02200   2.822E-03      0.80000   4.963E-01
            0.00070   1.740E-15      0.02400   3.513E-03      0.85000   5.021E-01
            0.00075   1.074E-14      0.02600   4.275E-03      0.90000   5.045E-01
            0.00080   5.391E-14      0.02800   5.108E-03      1.00000   4.998E-01
            0.00085   2.260E-13      0.03000   6.006E-03      1.10000   4.834E-01
            0.00090   8.113E-13      0.03200   6.968E-03      1.20000   4.572E-01
            0.00100   7.109E-12      0.03600   9.069E-03      1.30000   4.232E-01
            0.00110   4.150E-11      0.04000   1.139E-02      1.40000   3.842E-01
            0.00120   1.779E-10      0.04500   1.455E-02      1.50000   3.433E-01
            0.00130   6.018E-10      0.05000   1.797E-02      1.60000   3.030E-01
            0.00140   1.691E-09      0.05500   2.162E-02      1.80000   2.249E-01
            0.00150   4.106E-09      0.06000   2.545E-02      2.00000   1.520E-01
            0.00160   8.862E-09      0.06500   2.945E-02      2.20000   9.600E-02
            0.00180   3.153E-08      0.07000   3.360E-02      2.40000   6.154E-02
            0.00200   8.621E-08      0.07500   3.786E-02      2.60000   4.238E-02
            0.00220   1.956E-07      0.08000   4.222E-02      2.80000   2.617E-02
            0.00240   3.868E-07      0.08500   4.667E-02      3.00000   1.229E-02
            0.00260   6.900E-07      0.09000   5.119E-02      3.20000   2.816E-03
            0.00280   1.137E-06      0.10000   6.040E-02      3.36580   0.000E+00
            0.00300   1.758E-06      0.11000   6.979E-02

            AVERAGE BETA ENERGY =   1.138E+00

            TOTAL BETAS PER DECAY FOR ALL BRANCHES =   7.355E-01
%%%% 102 AG  47    EC B+        7.74000E+02 12.9 M     02-11-2005       BETAEND 
%%%% 102 AG  47    EC B+        7.74000E+02 12.9 M     02-11-2005       SEEISTAR
102.  SILVER       47.  1.290E+01 MINUTES  223 EC B+                102.AG 47.   0
 4 1  6.98603E-01  6.55953E-01  1.47530E+00  0.00000E+00            102.AG 47.   1   1
 4 2  2.59481E+00  6.96686E-01  1.56580E+00  0.00000E+00            102.AG 47.   2   2
 4 3  1.39721E+00  7.27025E-01  1.63300E+00  0.00000E+00            102.AG 47.   3   3
 4 4  2.09581E+00  7.29738E-01  1.63900E+00  0.00000E+00            102.AG 47.   4   4
 4 5  1.99601E+00  7.41409E-01  1.66480E+00  0.00000E+00            102.AG 47.   5   5
 4 6  2.29541E+00  8.22222E-01  1.84280E+00  0.00000E+00            102.AG 47.   6   6
 4 7  9.08184E+00  9.43832E-01  2.10870E+00  0.00000E+00            102.AG 47.   7   7
 4 8  1.67665E+01  1.05072E+00  2.34070E+00  0.00000E+00            102.AG 47.   8   8
 4 9  1.15768E+01  1.12616E+00  2.50360E+00  0.00000E+00            102.AG 47.   9   9
 410  5.08982E+00  1.13865E+00  2.53050E+00  0.00000E+00            102.AG 47.  10  10
 411  1.99601E+01  1.52993E+00  3.36580E+00  0.00000E+00            102.AG 47.  11  11
 3 3  1.47106E+02  5.11000E-01  5.11000E-01  0.00000E+00            102.AG 47.  12   3
 1 1  9.79800E+01  5.56700E-01  5.56700E-01  0.00000E+00            102.AG 47.  13   1
 6 1  3.75867E-01  5.32379E-01  5.32379E-01  1.00000E+00            102.AG 47.  14   1
 6 5  4.08125E-02  5.53120E-01  5.53120E-01  1.00000E+00            102.AG 47.  15   5
 6 6  3.64169E-03  5.53367E-01  5.53367E-01  1.00000E+00            102.AG 47.  16   6
 6 7  2.91519E-03  5.53529E-01  5.53529E-01  1.00000E+00            102.AG 47.  17   7
 6 3  8.96231E-03  5.56173E-01  5.56173E-01  1.00000E+00            102.AG 47.  18   3
 6 4  1.65237E-03  5.56700E-01  5.56700E-01  1.00000E+00            102.AG 47.  19   4
 1 2  1.70400E+00  6.03600E-01  6.03600E-01  0.00000E+00            102.AG 47.  20   2
 6 1  5.23559E-03  5.79279E-01  5.79279E-01  2.00000E+00            102.AG 47.  21   1
 6 5  5.70370E-04  6.00020E-01  6.00020E-01  2.00000E+00            102.AG 47.  22   5
 6 6  4.61117E-05  6.00267E-01  6.00267E-01  2.00000E+00            102.AG 47.  23   6
 6 7  3.64231E-05  6.00429E-01  6.00429E-01  2.00000E+00            102.AG 47.  24   7
 6 3  1.23575E-04  6.03073E-01  6.03073E-01  2.00000E+00            102.AG 47.  25   3
 6 4  2.27912E-05  6.03600E-01  6.03600E-01  2.00000E+00            102.AG 47.  26   4
 1 3  5.82200E+01  7.19400E-01  7.19400E-01  0.00000E+00            102.AG 47.  27   3
 6 1  1.12915E-01  6.95079E-01  6.95079E-01  3.00000E+00            102.AG 47.  28   1
 6 5  1.23657E-02  7.15820E-01  7.15820E-01  3.00000E+00            102.AG 47.  29   5
 6 6  8.04342E-04  7.16067E-01  7.16067E-01  3.00000E+00            102.AG 47.  30   6
 6 7  6.22431E-04  7.16229E-01  7.16229E-01  3.00000E+00            102.AG 47.  31   7
 6 3  2.61257E-03  7.18873E-01  7.18873E-01  3.00000E+00            102.AG 47.  32   3
 6 4  4.82256E-04  7.19400E-01  7.19400E-01  3.00000E+00            102.AG 47.  33   4
 1 4  1.37740E+01  8.35400E-01  8.35400E-01  0.00000E+00            102.AG 47.  34   4
 6 1  1.84826E-02  8.11079E-01  8.11079E-01  4.00000E+00            102.AG 47.  35   1
 6 5  2.02896E-03  8.31820E-01  8.31820E-01  4.00000E+00            102.AG 47.  36   5
 6 6  1.09314E-04  8.32067E-01  8.32067E-01  4.00000E+00            102.AG 47.  37   6
 6 7  8.39256E-05  8.32229E-01  8.32229E-01  4.00000E+00            102.AG 47.  38   7
 6 3  4.20948E-04  8.34873E-01  8.34873E-01  4.00000E+00            102.AG 47.  39   3
 6 4  7.78297E-05  8.35400E-01  8.35400E-01  4.00000E+00            102.AG 47.  40   4
 1 5  3.69200E+00  8.65700E-01  8.65700E-01  0.00000E+00            102.AG 47.  41   5
 6 1  4.55103E-03  8.41379E-01  8.41379E-01  5.00000E+00            102.AG 47.  42   1
 6 5  4.99800E-04  8.62120E-01  8.62120E-01  5.00000E+00            102.AG 47.  43   5
 6 6  2.57405E-05  8.62367E-01  8.62367E-01  5.00000E+00            102.AG 47.  44   6
 6 7  1.97604E-05  8.62529E-01  8.62529E-01  5.00000E+00            102.AG 47.  45   7
 6 3  1.03288E-04  8.65173E-01  8.65173E-01  5.00000E+00            102.AG 47.  46   3
 6 4  1.91055E-05  8.65700E-01  8.65700E-01  5.00000E+00            102.AG 47.  47   4
 1 6  4.11800E+00  8.91500E-01  8.91500E-01  0.00000E+00            102.AG 47.  48   6
 6 1  4.73710E-03  8.67179E-01  8.67179E-01  6.00000E+00            102.AG 47.  49   1
 6 5  5.20389E-04  8.87920E-01  8.87920E-01  6.00000E+00            102.AG 47.  50   5
 6 6  2.58223E-05  8.88167E-01  8.88167E-01  6.00000E+00            102.AG 47.  51   6
 6 7  1.98310E-05  8.88329E-01  8.88329E-01  6.00000E+00            102.AG 47.  52   7
 6 3  1.07208E-04  8.90973E-01  8.90973E-01  6.00000E+00            102.AG 47.  53   3
 6 4  1.98381E-05  8.91500E-01  8.91500E-01  6.00000E+00            102.AG 47.  54   4
 1 7  1.13600E+00  9.37400E-01  9.37400E-01  0.00000E+00            102.AG 47.  55   7
 6 1  1.32269E-03  9.13079E-01  9.13079E-01  7.00000E+00            102.AG 47.  56   1
 6 5  1.48112E-04  9.33820E-01  9.33820E-01  7.00000E+00            102.AG 47.  57   5
 6 6  3.46650E-06  9.34067E-01  9.34067E-01  7.00000E+00            102.AG 47.  58   6
 6 7  1.44066E-06  9.34229E-01  9.34229E-01  7.00000E+00            102.AG 47.  59   7
 6 3  2.87918E-05  9.36873E-01  9.36873E-01  7.00000E+00            102.AG 47.  60   3
 6 4  5.37102E-06  9.37400E-01  9.37400E-01  7.00000E+00            102.AG 47.  61   4
 1 8  1.42000E+00  9.64400E-01  9.64400E-01  0.00000E+00            102.AG 47.  62   8
 6 1  1.36246E-03  9.40079E-01  9.40079E-01  8.00000E+00            102.AG 47.  63   1
 6 5  1.49771E-04  9.60820E-01  9.60820E-01  8.00000E+00            102.AG 47.  64   5
 6 6  6.72729E-06  9.61067E-01  9.61067E-01  8.00000E+00            102.AG 47.  65   6
 6 7  5.18227E-06  9.61229E-01  9.61229E-01  8.00000E+00            102.AG 47.  66   7
 6 3  3.06119E-05  9.63873E-01  9.63873E-01  8.00000E+00            102.AG 47.  67   3
 6 4  5.67048E-06  9.64400E-01  9.64400E-01  8.00000E+00            102.AG 47.  68   4
 1 9  2.13000E+00  9.77700E-01  9.77700E-01  0.00000E+00            102.AG 47.  69   9
 6 1  2.01274E-03  9.53379E-01  9.53379E-01  9.00000E+00            102.AG 47.  70   1
 6 5  2.21781E-04  9.74120E-01  9.74120E-01  9.00000E+00            102.AG 47.  71   5
 6 6  9.17952E-06  9.74367E-01  9.74367E-01  9.00000E+00            102.AG 47.  72   6
 6 7  6.85099E-06  9.74529E-01  9.74529E-01  9.00000E+00            102.AG 47.  73   7
 6 3  4.49869E-05  9.77173E-01  9.77173E-01  9.00000E+00            102.AG 47.  74   3
 6 4  8.34199E-06  9.77700E-01  9.77700E-01  9.00000E+00            102.AG 47.  75   4
 110  4.26000E+00  1.02500E+00  1.02500E+00  0.00000E+00            102.AG 47.  76  10
 6 1  4.07621E-03  1.00068E+00  1.00068E+00  1.00000E+01            102.AG 47.  77   1
 6 5  4.55909E-04  1.02142E+00  1.02142E+00  1.00000E+01            102.AG 47.  78   5
 6 6  1.00904E-05  1.02167E+00  1.02167E+00  1.00000E+01            102.AG 47.  79   6
 6 7  4.38667E-06  1.02183E+00  1.02183E+00  1.00000E+01            102.AG 47.  80   7
 6 3  8.84597E-05  1.02447E+00  1.02447E+00  1.00000E+01            102.AG 47.  81   3
 6 4  1.65040E-05  1.02500E+00  1.02500E+00  1.00000E+01            102.AG 47.  82   4
 111  8.52000E-01  1.05550E+00  1.05550E+00  0.00000E+00            102.AG 47.  83  11
 6 1  6.67930E-04  1.03118E+00  1.03118E+00  1.10000E+01            102.AG 47.  84   1
 6 5  7.34672E-05  1.05192E+00  1.05192E+00  1.10000E+01            102.AG 47.  85   5
 6 6  2.94359E-06  1.05217E+00  1.05217E+00  1.10000E+01            102.AG 47.  86   6
 6 7  2.28366E-06  1.05233E+00  1.05233E+00  1.10000E+01            102.AG 47.  87   7
 6 3  1.48906E-05  1.05497E+00  1.05497E+00  1.10000E+01            102.AG 47.  88   3
 6 4  2.76179E-06  1.05550E+00  1.05550E+00  1.10000E+01            102.AG 47.  89   4
 112  9.94000E-01  1.06730E+00  1.06730E+00  0.00000E+00            102.AG 47.  90  12
 113  1.27800E+01  1.25710E+00  1.25710E+00  0.00000E+00            102.AG 47.  91  13
 6 1  7.85029E-03  1.23278E+00  1.23278E+00  1.30000E+01            102.AG 47.  92   1
 6 5  8.78027E-04  1.25352E+00  1.25352E+00  1.30000E+01            102.AG 47.  93   5
 6 6  1.70412E-05  1.25377E+00  1.25377E+00  1.30000E+01            102.AG 47.  94   6
 6 7  8.33483E-06  1.25393E+00  1.25393E+00  1.30000E+01            102.AG 47.  95   7
 6 3  1.69861E-04  1.25657E+00  1.25657E+00  1.30000E+01            102.AG 47.  96   3
 6 4  3.16935E-05  1.25710E+00  1.25710E+00  1.30000E+01            102.AG 47.  97   4
 114  2.27200E+00  1.30570E+00  1.30570E+00  0.00000E+00            102.AG 47.  98  14
 115  3.12400E+00  1.33120E+00  1.33120E+00  0.00000E+00            102.AG 47.  99  15
 116  1.13600E+00  1.39440E+00  1.39440E+00  0.00000E+00            102.AG 47. 100  16
 117  2.69800E+00  1.47430E+00  1.47430E+00  0.00000E+00            102.AG 47. 101  17
 6 1  1.05787E-03  1.44998E+00  1.44998E+00  1.70000E+01            102.AG 47. 102   1
 6 5  1.16611E-04  1.47072E+00  1.47072E+00  1.70000E+01            102.AG 47. 103   5
 6 6  3.07743E-06  1.47097E+00  1.47097E+00  1.70000E+01            102.AG 47. 104   6
 6 7  2.52820E-06  1.47113E+00  1.47113E+00  1.70000E+01            102.AG 47. 105   7
 6 3  2.30125E-05  1.47377E+00  1.47377E+00  1.70000E+01            102.AG 47. 106   3
 6 4  4.28999E-06  1.47430E+00  1.47430E+00  1.70000E+01            102.AG 47. 107   4
 118  2.69800E+00  1.52270E+00  1.52270E+00  0.00000E+00            102.AG 47. 108  18
 6 1  1.10617E-03  1.49838E+00  1.49838E+00  1.80000E+01            102.AG 47. 109   1
 6 5  1.23386E-04  1.51912E+00  1.51912E+00  1.80000E+01            102.AG 47. 110   5
 6 6  2.10916E-06  1.51937E+00  1.51937E+00  1.80000E+01            102.AG 47. 111   6
 6 7  1.17160E-06  1.51953E+00  1.51953E+00  1.80000E+01            102.AG 47. 112   7
 6 3  2.38577E-05  1.52217E+00  1.52217E+00  1.80000E+01            102.AG 47. 113   3
 6 4  4.45077E-06  1.52270E+00  1.52270E+00  1.80000E+01            102.AG 47. 114   4
 119  2.27200E+00  1.53480E+00  1.53480E+00  0.00000E+00            102.AG 47. 115  19
 6 1  8.23335E-04  1.51048E+00  1.51048E+00  1.90000E+01            102.AG 47. 116   1
 6 5  9.08784E-05  1.53122E+00  1.53122E+00  1.90000E+01            102.AG 47. 117   5
 6 6  2.28315E-06  1.53147E+00  1.53147E+00  1.90000E+01            102.AG 47. 118   6
 6 7  1.89450E-06  1.53163E+00  1.53163E+00  1.90000E+01            102.AG 47. 119   7
 6 3  1.78817E-05  1.53427E+00  1.53427E+00  1.90000E+01            102.AG 47. 120   3
 6 4  3.33564E-06  1.53480E+00  1.53480E+00  1.90000E+01            102.AG 47. 121   4
 120  2.55600E+00  1.55580E+00  1.55580E+00  0.00000E+00            102.AG 47. 122  20
 6 1  1.00228E-03  1.53148E+00  1.53148E+00  2.00000E+01            102.AG 47. 123   1
 6 5  1.11733E-04  1.55222E+00  1.55222E+00  2.00000E+01            102.AG 47. 124   5
 6 6  1.88259E-06  1.55247E+00  1.55247E+00  2.00000E+01            102.AG 47. 125   6
 6 7  1.06167E-06  1.55263E+00  1.55263E+00  2.00000E+01            102.AG 47. 126   7
 6 3  2.16069E-05  1.55527E+00  1.55527E+00  2.00000E+01            102.AG 47. 127   3
 6 4  4.03076E-06  1.55580E+00  1.55580E+00  2.00000E+01            102.AG 47. 128   4
 121  1.37740E+01  1.58160E+00  1.58160E+00  0.00000E+00            102.AG 47. 129  21
 6 1  4.70877E-03  1.55728E+00  1.55728E+00  2.10000E+01            102.AG 47. 130   1
 6 5  5.20376E-04  1.57802E+00  1.57802E+00  2.10000E+01            102.AG 47. 131   5
 6 6  1.26041E-05  1.57827E+00  1.57827E+00  2.10000E+01            102.AG 47. 132   6
 6 7  1.05412E-05  1.57843E+00  1.57843E+00  2.10000E+01            102.AG 47. 133   7
 6 3  1.02169E-04  1.58107E+00  1.58107E+00  2.10000E+01            102.AG 47. 134   3
 6 4  1.90677E-05  1.58160E+00  1.58160E+00  2.10000E+01            102.AG 47. 135   4
 122  1.73240E+01  1.74460E+00  1.74460E+00  0.00000E+00            102.AG 47. 136  22
 6 1  4.91055E-03  1.72028E+00  1.72028E+00  2.20000E+01            102.AG 47. 137   1
 6 5  5.45630E-04  1.74102E+00  1.74102E+00  2.20000E+01            102.AG 47. 138   5
 6 6  1.17439E-05  1.74127E+00  1.74127E+00  2.20000E+01            102.AG 47. 139   6
 6 7  1.01016E-05  1.74143E+00  1.74143E+00  2.20000E+01            102.AG 47. 140   7
 6 3  1.06375E-04  1.74407E+00  1.74407E+00  2.20000E+01            102.AG 47. 141   3
 6 4  1.98835E-05  1.74460E+00  1.74460E+00  2.20000E+01            102.AG 47. 142   4
 123  2.84000E+00  1.80070E+00  1.80070E+00  0.00000E+00            102.AG 47. 143  23
 6 1  8.26429E-04  1.77638E+00  1.77638E+00  2.30000E+01            102.AG 47. 144   1
 6 5  9.15883E-05  1.79712E+00  1.79712E+00  2.30000E+01            102.AG 47. 145   5
 6 6  1.39759E-06  1.79737E+00  1.79737E+00  2.30000E+01            102.AG 47. 146   6
 6 7  8.76848E-07  1.79753E+00  1.79753E+00  2.30000E+01            102.AG 47. 147   7
 6 3  1.77428E-05  1.80017E+00  1.80017E+00  2.30000E+01            102.AG 47. 148   3
 6 4  3.30912E-06  1.80070E+00  1.80070E+00  2.30000E+01            102.AG 47. 149   4
 124  7.10000E-01  1.89010E+00  1.89010E+00  0.00000E+00            102.AG 47. 150  24
 6 1  1.87866E-04  1.86578E+00  1.86578E+00  2.40000E+01            102.AG 47. 151   1
 6 5  2.07216E-05  1.88652E+00  1.88652E+00  2.40000E+01            102.AG 47. 152   5
 6 6  3.05885E-07  1.88677E+00  1.88677E+00  2.40000E+01            102.AG 47. 153   6
 6 7  1.94011E-07  1.88693E+00  1.88693E+00  2.40000E+01            102.AG 47. 154   7
 6 3  4.01614E-06  1.88957E+00  1.88957E+00  2.40000E+01            102.AG 47. 155   3
 6 4  7.49012E-07  1.89010E+00  1.89010E+00  2.40000E+01            102.AG 47. 156   4
 125  1.13600E+00  1.92490E+00  1.92490E+00  0.00000E+00            102.AG 47. 157  25
 126  5.68000E-01  2.11070E+00  2.11070E+00  0.00000E+00            102.AG 47. 158  26
 127  9.94000E-01  2.24290E+00  2.24290E+00  0.00000E+00            102.AG 47. 159  27
 6 1  1.76958E-04  2.21858E+00  2.21858E+00  2.70000E+01            102.AG 47. 160   1
 6 5  2.02562E-05  2.23932E+00  2.23932E+00  2.70000E+01            102.AG 47. 161   5
 6 6  3.25869E-07  2.23957E+00  2.23957E+00  2.70000E+01            102.AG 47. 162   6
 6 7  2.59576E-07  2.23973E+00  2.23973E+00  2.70000E+01            102.AG 47. 163   7
 6 3  3.86650E-06  2.24237E+00  2.24237E+00  2.70000E+01            102.AG 47. 164   3
 6 4  7.26110E-07  2.24290E+00  2.24290E+00  2.70000E+01            102.AG 47. 165   4
 128  1.42000E+00  2.31020E+00  2.31020E+00  0.00000E+00            102.AG 47. 166  28
 129  8.52000E-01  2.49390E+00  2.49390E+00  0.00000E+00            102.AG 47. 167  29
 130  3.55000E+00  2.61300E+00  2.61300E+00  0.00000E+00            102.AG 47. 168  30
 131  9.94000E-01  2.69090E+00  2.69090E+00  0.00000E+00            102.AG 47. 169  31
 132  1.42000E+00  2.72690E+00  2.72690E+00  0.00000E+00            102.AG 47. 170  32
 133  8.52000E-01  2.80500E+00  2.80500E+00  0.00000E+00            102.AG 47. 171  33
 134  1.42000E+00  3.39800E+00  3.39800E+00  0.00000E+00            102.AG 47. 172  34
 135  1.70400E+00  3.40650E+00  3.40650E+00  0.00000E+00            102.AG 47. 173  35
 2 1  5.54514E+00  2.09884E-02  2.09884E-02  0.00000E+00            102.AG 47. 174   1
 2 2  1.04745E+01  2.11504E-02  2.11504E-02  0.00000E+00            102.AG 47. 175   2
 2 3  9.02252E-01  2.37657E-02  2.37657E-02  0.00000E+00            102.AG 47. 176   3
 2 4  1.75358E+00  2.37942E-02  2.37942E-02  0.00000E+00            102.AG 47. 177   4
 2 5  5.73627E-03  2.39728E-02  2.39728E-02  0.00000E+00            102.AG 47. 178   5
 2 6  8.02632E-03  2.39785E-02  2.39785E-02  0.00000E+00            102.AG 47. 179   6
 2 7  1.82326E-01  2.42613E-02  2.42613E-02  0.00000E+00            102.AG 47. 180   7
 2 8  3.53311E-01  2.42659E-02  2.42659E-02  0.00000E+00            102.AG 47. 181   8
 2 9  5.71378E-04  2.43129E-02  2.43129E-02  0.00000E+00            102.AG 47. 182   9
 210  7.85580E-04  2.43133E-02  2.43133E-02  0.00000E+00            102.AG 47. 183  10
 221  7.33125E-05  2.47400E-04  2.47400E-04  0.00000E+00            102.AG 47. 184  21
 222  5.72549E-04  4.09400E-04  4.09400E-04  0.00000E+00            102.AG 47. 185  22
 223  1.67824E-02  3.02474E-03  3.02474E-03  0.00000E+00            102.AG 47. 186  23
 224  2.81213E-02  3.05320E-03  3.05320E-03  0.00000E+00            102.AG 47. 187  24
 225  1.76952E-04  3.23176E-03  3.23176E-03  0.00000E+00            102.AG 47. 188  25
 226  2.63885E-04  3.23749E-03  3.23749E-03  0.00000E+00            102.AG 47. 189  26
 227  2.91233E-03  3.52032E-03  3.52032E-03  0.00000E+00            102.AG 47. 190  27
 228  4.92144E-03  3.52491E-03  3.52491E-03  0.00000E+00            102.AG 47. 191  28
 229  1.26491E-05  3.57186E-03  3.57186E-03  0.00000E+00            102.AG 47. 192  29
 230  1.87500E-05  3.57233E-03  3.57233E-03  0.00000E+00            102.AG 47. 193  30
 241  9.77872E-08  1.62000E-04  1.62000E-04  0.00000E+00            102.AG 47. 194  41
 242  2.63252E-02  2.67765E-03  2.67765E-03  0.00000E+00            102.AG 47. 195  42
 243  3.02793E-04  2.80581E-03  2.80581E-03  0.00000E+00            102.AG 47. 196  43
 244  3.40706E-01  2.98437E-03  2.98437E-03  0.00000E+00            102.AG 47. 197  44
 245  2.64294E-03  3.24160E-03  3.24160E-03  0.00000E+00            102.AG 47. 198  45
 246  1.81695E-05  3.27751E-03  3.27751E-03  0.00000E+00            102.AG 47. 199  46
 247  2.83239E-02  3.32445E-03  3.32445E-03  0.00000E+00            102.AG 47. 200  47
 261  1.03063E-01  2.51566E-03  2.51566E-03  0.00000E+00            102.AG 47. 201  61
 262  4.81335E-04  2.61534E-03  2.61534E-03  0.00000E+00            102.AG 47. 202  62
 263  4.53901E-04  2.64380E-03  2.64380E-03  0.00000E+00            102.AG 47. 203  63
 264  8.08546E-02  2.82236E-03  2.82236E-03  0.00000E+00            102.AG 47. 204  64
 265  7.17815E-01  2.82809E-03  2.82809E-03  0.00000E+00            102.AG 47. 205  65
 266  6.38332E-03  3.07958E-03  3.07958E-03  0.00000E+00            102.AG 47. 206  66
 267  2.18195E-05  3.11093E-03  3.11093E-03  0.00000E+00            102.AG 47. 207  67
 268  2.07554E-05  3.11551E-03  3.11551E-03  0.00000E+00            102.AG 47. 208  68
 269  6.62395E-03  3.16246E-03  3.16246E-03  0.00000E+00            102.AG 47. 209  69
 270  5.80629E-02  3.16293E-03  3.16293E-03  0.00000E+00            102.AG 47. 210  70
 291  4.25890E-02  3.36298E-04  3.36298E-04  0.00000E+00            102.AG 47. 211  91
 292  7.93698E-04  4.30802E-05  4.30802E-05  0.00000E+00            102.AG 47. 212  92
 294  2.17227E+02  7.85943E-06  7.85943E-06  0.00000E+00            102.AG 47. 213  94
 7 1  2.92484E+00  1.76856E-02  1.76856E-02  0.00000E+00            102.AG 47. 214   1
 7 2  1.16089E+00  2.05196E-02  2.05196E-02  0.00000E+00            102.AG 47. 215   2
 7 3  1.10933E-01  2.33566E-02  2.33566E-02  0.00000E+00            102.AG 47. 216   3
 7 4  4.94895E+00  1.21681E-04  1.21681E-04  0.00000E+00            102.AG 47. 217   4
 7 5  2.02228E+01  2.38225E-03  2.38225E-03  0.00000E+00            102.AG 47. 218   5
 7 6  4.10174E+00  2.75691E-03  2.75691E-03  0.00000E+00            102.AG 47. 219   6
 7 7  2.22595E-01  3.15032E-03  3.15032E-03  0.00000E+00            102.AG 47. 220   7
 7 8  2.15093E+01  1.26006E-04  1.26006E-04  0.00000E+00            102.AG 47. 221   8
 7 9  5.30937E+01  2.92896E-04  2.92896E-04  0.00000E+00            102.AG 47. 222   9
 712  8.18461E+01  3.81983E-05  3.81983E-05  0.00000E+00            102.AG 47. 223  12
%%%% 102 AG  47    EC B+        7.74000E+02 12.9 M     02-11-2005       SEEIEND 
 


   ***************************************************** 
   *                 Radiation Summary                 * 
   ***************************************************** 
 
  Energy released by
    Gamma-ray                       (MeV) =   2.17923E+00
    X-ray                           (MeV) =   4.18567E-03
    Free-bound X-ray                (MeV) =   1.70728E-05
    Annihilation photon             (MeV) =   7.51711E-01
    Beta+ particle                  (MeV) =   8.37375E-01
    Neutrino                        (MeV) =   1.84982E+00
    Beta- particle                  (MeV) =   0.00000E+00
    Neutrino-                       (MeV) =   0.00000E+00
    Internal conv. electron         (MeV) =   4.01652E-03
    Auger and CK electron           (MeV) =   1.60315E-03
    Alpha particle                  (MeV) =   0.00000E+00
    Recoil nucleus                  (MeV) =   0.00000E+00
  E-total (except unplaced radiat.) (MeV) =   5.62796E+00
  E-unplaced radiation              (MeV) =   4.74038E-01
  Q-value from ENSDF data           (MeV) =   5.66400E+00
  Ratio of E-total/Q-value          ( % ) =   9.93637E+01
  Ratio of E-unplaced radi./Q-value ( % ) =   8.36932E+00

 
  Total yield of
    Gamma-ray                             =   2.47932E+00
    X-ray                                 =   2.06956E-01
    Free-bound X-ray                      =   2.17227E+00
    Annihilation photon                   =   1.47106E+00
    Beta+ particle                        =   7.35529E-01
    Beta- particle                        =   0.00000E+00
    Internal conv. electron               =   6.38172E-03
    Auger and CK electron                 =   1.90142E+00
    Alpha particle                        =   0.00000E+00
  Yield of unplaced radiation             =   2.14420E-01


