%%%% 101 AG  47    EC B+        6.66000E+02 11.1 M     02-11-2005       BALASTAR
1 101   AG  47 11.1 M          EC B+      
1INTENSITY AND ENERGY BALANCE DATA

              101-SILVER-47
+                                    HALFLIFE = 11.1 MINUTES 
+                                                                  02-11-2005


    LEVEL       INTENSITY   INTENSITY
    ENERGY      ENTERING    LEAVING     PERCENT
    (MEV)       LEVEL       LEVEL       ERROR

   0.0000E+00  1.0173E+02
   8.0300E-02  9.7691E+00  9.7560E+00  1.3462E-01                      
   2.6100E-01  5.4029E+01  5.4421E+01  7.2176E-01                      
   2.7470E-01  1.2715E+00  1.7256E+00  3.0302E+01  ********************
   5.8800E-01  1.3908E+01  1.4020E+01  8.0277E-01                      
   6.2360E-01  3.1078E+00  3.1012E+00  2.1206E-01                      
   6.6730E-01  1.0471E+01  1.0500E+01  2.7761E-01                      
   7.3470E-01  5.2727E+00  5.2219E+00  9.6706E-01                      
   9.3890E-01  2.3389E+00  2.3731E+00  1.4518E+00                      
   1.0818E+00  4.0116E-01  3.6993E-01  8.0990E+00                      
   1.1739E+00  1.7288E+01  1.7542E+01  1.4575E+00                      
   1.1993E+00  2.7780E+00  2.7002E+00  2.8399E+00                      
   1.2053E+00  6.5188E+00  6.5998E+00  1.2357E+00                      
   1.2656E+00  1.9255E+00  1.9205E+00  2.6270E-01                      
   1.4038E+00  6.4826E-01  9.4879E-01  3.7636E+01  ********************
   1.5345E+00  1.1032E+00  1.0796E+00  2.1611E+00                      
   1.5605E+00  2.5072E+00  2.5511E+00  1.7337E+00                      
   1.6147E+00  3.0087E-01  2.8947E-01  3.8599E+00                      
   1.8239E+00  0.0000E+00  7.9583E-02  2.0000E+02  ********************
   1.9329E+00  1.4040E-01  1.3681E-01  2.5912E+00                      
   1.9817E+00  0.0000E+00  5.2811E-02  2.0000E+02  ********************
   2.0416E+00  1.8353E+00  1.7735E+00  3.4252E+00                      
   2.2205E+00  7.0202E-01  7.2115E-01  2.6884E+00                      
   2.2653E+00  9.0260E-01  8.4730E-01  6.3199E+00                      
   2.3002E+00  4.5130E-01  4.2097E-01  6.9542E+00                      
   2.3927E+00  3.3095E-01  3.1567E-01  4.7255E+00                      
   2.6410E+00  8.2237E-01  8.2077E-01  1.9459E-01                      
   2.8031E+00  0.0000E+00  1.0526E-01  2.0000E+02  ********************
   2.8913E+00  0.0000E+00  1.6840E-01  2.0000E+02  ********************
   2.8959E+00  9.0461E-01  9.2593E-01  2.3304E+00                      
   2.9601E+00  4.0116E-01  3.6826E-01  8.5520E+00                      
   3.3050E+00  2.4069E-01  2.4220E-01  6.2566E-01                      
   3.4043E+00  1.7049E-01  1.7360E-01  1.8069E+00                      


 INTENSITY TO GROUND AND ISOMERIC STATE(S) OF DAUGHTER(S)=  1.017E+02
 TOTAL INTENSITY FROM PARENT=  1.000E+02
 PERCENT ERROR =  1.702E+00                      


 TOTAL INTENSITY FROM PARENT =  1.000E+02
 VALUE IS WITHIN   0.00E+00% OF 100                      


 TOTAL ENERGY AVAILABLE =  4.200E+00 MEV
 TOTAL ENERGY CONTENT OF ALL RADIATIONS =  4.217E+00 MEV
 PERCENT ERROR =  3.996E-01                      
%%%% 101 AG  47    EC B+        6.66000E+02 11.1 M     02-11-2005       BALAEND 
%%%% 101 AG  47    EC B+        6.66000E+02 11.1 M     02-11-2005       INPUSTAR
1                                      **INPUT DATA**
              101-SILVER-47
+                                    HALFLIFE = 11.1 MINUTES 
+                                                                  02-11-2005

            MODES OF DECAY: ELECTRON CAPTURE, BETA PLUS
 
                                MEAN
                                NUMBER/    TRANSITION
                TYPE OF    ID   TRANSFOR-  ENERGY
              TRANSITION   NO.  MATION     (MEV)       OTHER NUCLEAR PARAMETERS

           ELECT. CAPTURE   1   1.70E-03   7.957E-01   ALLOWED                                  
           ELECT. CAPTURE   2   2.41E-03   8.950E-01   ALLOWED                                  
           ELECT. CAPTURE   3   4.01E-03   1.240E+00   ALLOWED                                  
           ELECT. CAPTURE   4   9.03E-03   1.304E+00   ALLOWED                                  
           ELECT. CAPTURE   5   8.02E-03   1.559E+00   ALLOWED                                  
           ELECT. CAPTURE   6   3.01E-03   1.807E+00   ALLOWED                                  
           ELECT. CAPTURE   7   4.01E-03   1.900E+00   ALLOWED                                  
+                                                              ASSUMED                          
           ELECT. CAPTURE   8   8.02E-03   1.935E+00   ALLOWED                                  
           ELECT. CAPTURE   9   6.02E-03   1.980E+00   FIRST FORBIDDEN                          
           ELECT. CAPTURE  10   1.40E-02   2.158E+00   ALLOWED                                  
           ELECT. CAPTURE  11   9.93E-04   2.267E+00   ALLOWED                                  
+                                                              ASSUMED                          
           ELECT. CAPTURE  12   2.01E-03   2.585E+00   ALLOWED                                  
+                                                              ASSUMED                          
           ELECT. CAPTURE  13   1.30E-02   2.640E+00   ALLOWED                                  
           ELECT. CAPTURE  14   5.42E-03   2.666E+00   ALLOWED                                  
           ELECT. CAPTURE  15   7.22E-03   2.934E+00   ALLOWED                                  
+                                                              ASSUMED                          
           ELECT. CAPTURE  16   2.31E-02   2.995E+00   ALLOWED                                  
           ELECT. CAPTURE  17   9.73E-03   3.001E+00   ALLOWED                                  
+                                                              ASSUMED                          
           ELECT. CAPTURE  18   5.82E-02   3.026E+00   ALLOWED                                  
           ELECT. CAPTURE  19   1.20E-03   3.118E+00   ALLOWED                                  
+                                                              ASSUMED                          
           ELECT. CAPTURE  20   4.51E-03   3.261E+00   ALLOWED                                  
           ELECT. CAPTURE  21   2.01E-03   3.465E+00   ALLOWED                                  
           ELECT. CAPTURE  22   9.93E-03   3.533E+00   ALLOWED                                  
           ELECT. CAPTURE  23   3.01E-03   3.576E+00   ALLOWED                                  
           ELECT. CAPTURE  24   1.60E-02   3.612E+00   ALLOWED                                  
           ELECT. CAPTURE  25   6.12E-02   3.939E+00   ALLOWED                                  
                BETA PLUS   1   2.01E-05   2.821E-01*  ALLOWED                                  
                BETA PLUS   2   2.01E-04   5.370E-01*  ALLOWED                                  
                BETA PLUS   3   3.01E-04   7.853E-01*  ALLOWED                                  
                BETA PLUS   4   5.01E-04   8.778E-01*  ALLOWED                                  
+                                                              ASSUMED                          
                BETA PLUS   5   1.00E-03   9.127E-01*  ALLOWED                                  
                BETA PLUS   6   1.00E-03   9.575E-01*  FIRST FORBIDDEN                          
                BETA PLUS   7   4.31E-03   1.136E+00*  ALLOWED                                  
                BETA PLUS   8   4.11E-04   1.245E+00*  ALLOWED                                  
+                                                              ASSUMED                          
                BETA PLUS   9   1.00E-03   1.563E+00*  ALLOWED                                  
+                                                              ASSUMED                          
                BETA PLUS  10   1.20E-02   1.618E+00*  ALLOWED                                  
                BETA PLUS  11   5.62E-03   1.644E+00*  ALLOWED                                  
                BETA PLUS  12   1.20E-02   1.912E+00*  ALLOWED                                  
+                                                              ASSUMED                          
                BETA PLUS  13   4.21E-02   1.973E+00*  ALLOWED                                  
                BETA PLUS  14   1.81E-02   1.979E+00*  ALLOWED                                  
+                                                              ASSUMED                          
                BETA PLUS  15   1.12E-01   2.004E+00*  ALLOWED                                  
                BETA PLUS  16   2.81E-03   2.096E+00*  ALLOWED                                  
+                                                              ASSUMED                          
                BETA PLUS  17   1.20E-02   2.239E+00*  ALLOWED                                  
                BETA PLUS  18   6.02E-03   2.443E+00*  ALLOWED                                  
                BETA PLUS  19   3.81E-02   2.511E+00*  ALLOWED                                  
                BETA PLUS  20   1.20E-02   2.554E+00*  ALLOWED                                  
                BETA PLUS  21   6.92E-02   2.590E+00*  ALLOWED                                  
                BETA PLUS  22   3.71E-01   2.917E+00*  ALLOWED                                  
           I.C.E. + GAMMA   1   9.76E-02   8.026E-02   M1+E2 MULTIPOLE                          
                                                       MRS=0.168     AK= 0.858                  
                                                       AL1=0.0900    AL2=0.0344                 
                                                       AL3=0.0409    AM= 0.0318                 
                                                       AN+=0.00565                              
           I.C.E. + GAMMA   2   3.08E-03   1.805E-01   E2 MULTIPOLE                             
+                                                                    AK= 0.142                  
                                                       AL1=0.0141    AL2=0.00469                
                                                       AL3=0.00504   AM= 0.00458                
           I.C.E. + GAMMA   3   5.41E-01   2.610E-01   M1 MULTIPOLE                             
+                                                                    AK= 0.0251                 
                                                       AL1=0.00285                              
           I.C.E. + GAMMA   4   1.73E-02   2.747E-01   M1 MULTIPOLE                             
+                                                                    AK= 0.0220                 
                                                       AL1=0.00250                              
           I.C.E. + GAMMA   5   1.92E-02   3.269E-01   M1 MULTIPOLE                             
+                                                                    AK= 0.0141                 
                                                       AL1=0.00160                              
           I.C.E. + GAMMA   6   2.39E-03   3.867E-01   M1 MULTIPOLE                             
+                                                                    AK= 0.00928                
                                                       AL1=0.00105                              
           I.C.E. + GAMMA   7   6.37E-03   4.063E-01   M1 MULTIPOLE                             
+                                                                    AK= 0.00821                
           I.C.E. + GAMMA   8   7.96E-04   4.201E-01   M1 MULTIPOLE ASSUMED                     
                                                       AK= 0.00756                              
           I.C.E. + GAMMA   9   2.87E-02   4.392E-01   M1 MULTIPOLE                             
+                                                                    AK= 0.00678                
           I.C.E. + GAMMA  10   3.71E-03   4.599E-01   M1 MULTIPOLE                             
+                                                                    AK= 0.00606                
           I.C.E. + GAMMA  11   3.18E-03   4.706E-01   M1 MULTIPOLE                             
+                                                                    AK= 0.00573                
           I.C.E. + GAMMA  12   2.65E-03   4.940E-01   M1 MULTIPOLE ASSUMED                     
                                                       AK= 0.00510                              
           I.C.E. + GAMMA  13   5.82E-03   5.066E-01   M1 MULTIPOLE                             
+                                                                    AK= 0.00480                
           I.C.E. + GAMMA  14   2.06E-02   5.076E-01   E2 MULTIPOLE                             
+                                                                    AK= 0.00498                
           I.C.E. + GAMMA  15   3.17E-03   5.322E-01   M1 MULTIPOLE ASSUMED                     
                                                       AK= 0.00427                              
           I.C.E. + GAMMA  16   1.39E-02   5.379E-01   M1 MULTIPOLE                             
+                                                                    AK= 0.00416                
           I.C.E. + GAMMA  17   2.33E-02   5.433E-01   E2 MULTIPOLE                             
+                                                                    AK= 0.00411                
           I.C.E. + GAMMA  18   3.91E-03   5.502E-01   M1 MULTIPOLE                             
+                                                                    AK= 0.00394                
           I.C.E. + GAMMA  19   3.54E-03   5.756E-01   M1 MULTIPOLE ASSUMED                     
                                                       AK= 0.00354                              
           I.C.E. + GAMMA  20   5.28E-04   5.779E-01   M1 MULTIPOLE ASSUMED                     
                                                       AK= 0.00351                              
           I.C.E. + GAMMA  21   2.11E-03   5.813E-01   M1 MULTIPOLE                             
+                                                                    AK= 0.00346                
           I.C.E. + GAMMA  22   1.06E-02   5.859E-01   M1 MULTIPOLE                             
+                                                                    AK= 0.00340                
           I.C.E. + GAMMA  23   1.00E-01   5.880E-01   M1 MULTIPOLE                             
+                                                                    AK= 0.00337                
           I.C.E. + GAMMA  24   6.02E-03   5.982E-01   M1 MULTIPOLE ASSUMED                     
                                                       AK= 0.00323                              
           I.C.E. + GAMMA  25   6.60E-03   6.113E-01   M1 MULTIPOLE ASSUMED                     
                                                       AK= 0.00307                              
           I.C.E. + GAMMA  26   1.58E-03   6.176E-01   M1 MULTIPOLE                             
+                                                                    AK= 0.00300                
           I.C.E. + GAMMA  27   7.76E-03   6.236E-01   M1 MULTIPOLE                             
+                                                                    AK= 0.00293                
           I.C.E. + GAMMA  28   1.58E-02   6.544E-01   E2 MULTIPOLE                             
+                                                                    AK= 0.00248                
           I.C.E. + GAMMA  29   9.86E-02   6.673E-01   E2 MULTIPOLE                             
+                                                                    AK= 0.00235                
           I.C.E. + GAMMA  30   1.32E-02   6.777E-01   M1 MULTIPOLE ASSUMED                     
                                                       AK= 0.00242                              
           I.C.E. + GAMMA  31   2.37E-02   6.779E-01   E2 MULTIPOLE                             
+                                                                    AK= 0.00226                
           I.C.E. + GAMMA  32   3.27E-02   7.347E-01   M1 MULTIPOLE                             
+                                                                    AK= 0.00201                
           I.C.E. + GAMMA  33   9.49E-03   7.365E-01   E2 MULTIPOLE                             
+                                                                    AK= 0.00183                
           I.C.E. + GAMMA  34   2.95E-03   7.999E-01   M1 MULTIPOLE                             
+                                                                    AK= 0.00166                
           I.C.E. + GAMMA  35   1.05E-03   8.069E-01   M1 MULTIPOLE ASSUMED                     
                                                       AK= 0.00163                              
           I.C.E. + GAMMA  36   2.48E-03   8.259E-01   M1 MULTIPOLE                             
+                                                                    AK= 0.00154                
           I.C.E. + GAMMA  37   2.79E-03   8.672E-01   M1 MULTIPOLE                             
+                                                                    AK= 0.00138                
           I.C.E. + GAMMA  38   1.13E-02   8.932E-01   M1 MULTIPOLE                             
+                                                                    AK= 0.00130                
           I.C.E. + GAMMA  39   4.79E-03   8.994E-01   M1 MULTIPOLE                             
+                                                                    AK= 0.00128                
           I.C.E. + GAMMA  40   6.32E-04   9.100E-01   M1 MULTIPOLE                             
+                                                                    AK= 0.00124                
           I.C.E. + GAMMA  41   5.79E-03   9.128E-01   M1 MULTIPOLE                             
+                                                                    AK= 0.00123                
           I.C.E. + GAMMA  42   3.16E-03   9.305E-01   M1 MULTIPOLE                             
+                                                                    AK= 0.00118                
           I.C.E. + GAMMA  43   1.37E-02   9.383E-01   M1 MULTIPOLE ASSUMED                     
                                                       AK= 0.00116                              
           I.C.E. + GAMMA  44   1.16E-02   9.443E-01   M1 MULTIPOLE                             
+                                                                    AK= 0.00115                
           I.C.E. + GAMMA  45   2.63E-02   1.094E+00   E2 MULTIPOLE                             
           I.C.E. + GAMMA  46   4.16E-03   1.125E+00   E2 MULTIPOLE                             
           I.C.E. + GAMMA  47   8.95E-02   1.174E+00   M1 MULTIPOLE                             
           I.C.E. + GAMMA  48   2.63E-02   1.205E+00   M1 MULTIPOLE                             
           I.C.E. + GAMMA  49   9.37E-03   1.299E+00   M1 MULTIPOLE                             
           I.C.E. + GAMMA  50   7.37E-03   1.307E+00   M1 MULTIPOLE                             
           I.C.E. + GAMMA  51   6.84E-03   1.326E+00   E2 MULTIPOLE                             
           I.C.E. + GAMMA  52   2.89E-03   1.354E+00   M1 MULTIPOLE ASSUMED                     
           I.C.E. + GAMMA  53   1.05E-03   1.399E+00   M1 MULTIPOLE ASSUMED                     
           I.C.E. + GAMMA  54   4.21E-03   1.418E+00   M1 MULTIPOLE                             
           I.C.E. + GAMMA  55   4.42E-03   1.454E+00   E2 MULTIPOLE                             
           I.C.E. + GAMMA  56   1.68E-03   1.488E+00   M1 MULTIPOLE ASSUMED                     
           I.C.E. + GAMMA  57   4.74E-03   1.633E+00   M2 MULTIPOLE                             
           I.C.E. + GAMMA  58   4.21E-03   1.633E+00   M1 MULTIPOLE ASSUMED                     
           I.C.E. + GAMMA  59   1.63E-03   1.642E+00   M1 MULTIPOLE                             
           I.C.E. + GAMMA  60   1.37E-03   1.672E+00   M1 MULTIPOLE ASSUMED                     
           I.C.E. + GAMMA  61   2.52E-03   1.816E+00   UNPLACED GAMMA                           
           I.C.E. + GAMMA  62   2.42E-03   1.901E+00   M3 MULTIPOLE                             
           I.C.E. + GAMMA  63   2.47E-03   1.959E+00   M2 MULTIPOLE                             
           I.C.E. + GAMMA  64   6.16E-03   2.042E+00   M1 MULTIPOLE                             
           I.C.E. + GAMMA  65   8.21E-03   2.053E+00   M1 MULTIPOLE                             
           I.C.E. + GAMMA  66   3.16E-03   2.132E+00   M1 MULTIPOLE                             
           I.C.E. + GAMMA  67   6.31E-03   2.308E+00   M1 MULTIPOLE                             
           I.C.E. + GAMMA  68   1.05E-03   2.444E+00   UNPLACED GAMMA                           
           I.C.E. + GAMMA  69   8.42E-04   2.519E+00   UNPLACED GAMMA                           
           I.C.E. + GAMMA  70   2.95E-03   2.635E+00   M1 MULTIPOLE                             
           I.C.E. + GAMMA  71   1.79E-03   2.664E+00   UNPLACED GAMMA                           
           I.C.E. + GAMMA  72   3.68E-03   2.699E+00   M1 MULTIPOLE                             
           I.C.E. + GAMMA  73   1.37E-03   2.854E+00   UNPLACED GAMMA                           
           I.C.E. + GAMMA  74   1.37E-03   2.888E+00   UNPLACED GAMMA                           
           I.C.E. + GAMMA  75   1.74E-03   3.143E+00   M1 MULTIPOLE                             
           I.C.E. + GAMMA  76   6.84E-04   3.197E+00   UNPLACED GAMMA                           
 
           * ENDPOINT ENERGY (MEV)
           - - - - - - - - - -
           Reference: Evaluated Nuclear Structure Data File (ENSDF)
                DATE DATA WERE ENTERED INTO ENSDF: Feb-1998
%%%% 101 AG  47    EC B+        6.66000E+02 11.1 M     02-11-2005       INPUEND 
%%%% 101 AG  47    EC B+        6.66000E+02 11.1 M     02-11-2005       OUTPSTAR
1                                      **OUTPUT DATA**
              101-SILVER-47
+                                    HALFLIFE = 11.1 MINUTES 
+                                                                  02-11-2005

            MODES OF DECAY: ELECTRON CAPTURE, BETA PLUS
 
                                              MEAN
                                              NUMBER/                  MEV/
                                         ID   TRANSFOR-   ENERGY       TRANSFOR-
                  TYPE OF RADIATION      NO.  MATION      (MEV)        MATION

           BETA PLUS                      7   4.31E-03    5.048E-01*   2.18E-03
           BETA PLUS                     10   1.20E-02    7.200E-01*   8.67E-03
           BETA PLUS                     11   5.62E-03    7.318E-01*   4.11E-03
           BETA PLUS                     12   1.20E-02    8.539E-01*   1.03E-02
           BETA PLUS                     13   4.21E-02    8.815E-01*   3.71E-02
           BETA PLUS                     14   1.81E-02    8.842E-01*   1.60E-02
           BETA PLUS                     15   1.12E-01    8.959E-01*   1.01E-01
           BETA PLUS                     16   2.81E-03    9.381E-01*   2.63E-03
           BETA PLUS                     17   1.20E-02    1.004E+00*   1.21E-02
           BETA PLUS                     18   6.02E-03    1.098E+00*   6.61E-03
           BETA PLUS                     19   3.81E-02    1.129E+00*   4.30E-02
           BETA PLUS                     20   1.20E-02    1.150E+00*   1.38E-02
           BETA PLUS                     21   6.92E-02    1.166E+00*   8.07E-02
           BETA PLUS                     22   3.71E-01    1.319E+00*   4.89E-01
           ANNIHILATION RADIATION             1.44E+00    5.110E-01    7.38E-01
           GAMMA-RAY                      1   4.73E-02    8.026E-02    3.80E-03
           K CONV. ELECTRON, GAMMA-RAY    1   4.06E-02    5.594E-02    2.27E-03
           GAMMA-RAY                      3   5.26E-01    2.610E-01    1.37E-01
           K CONV. ELECTRON, GAMMA-RAY    3   1.32E-02    2.367E-01    3.12E-03
           GAMMA-RAY                      4   1.68E-02    2.747E-01    4.62E-03
           GAMMA-RAY                      5   1.89E-02    3.269E-01    6.19E-03
           GAMMA-RAY                      7   6.31E-03    4.063E-01    2.56E-03
           GAMMA-RAY                      9   2.85E-02    4.392E-01    1.25E-02
           GAMMA-RAY                     10   3.68E-03    4.599E-01    1.69E-03
           GAMMA-RAY                     13   5.79E-03    5.066E-01    2.93E-03
           GAMMA-RAY                     14   2.05E-02    5.076E-01    1.04E-02
           GAMMA-RAY                     15   3.16E-03    5.322E-01    1.68E-03
           GAMMA-RAY                     16   1.38E-02    5.379E-01    7.44E-03
           GAMMA-RAY                     17   2.31E-02    5.433E-01    1.26E-02
           GAMMA-RAY                     18   3.89E-03    5.502E-01    2.14E-03
           GAMMA-RAY                     19   3.52E-03    5.756E-01    2.03E-03
           GAMMA-RAY                     22   1.05E-02    5.859E-01    6.16E-03
           GAMMA-RAY                     23   9.99E-02    5.880E-01    5.88E-02
           GAMMA-RAY                     24   6.00E-03    5.982E-01    3.59E-03
           GAMMA-RAY                     25   6.58E-03    6.113E-01    4.02E-03
           GAMMA-RAY                     27   7.73E-03    6.236E-01    4.82E-03
           GAMMA-RAY                     28   1.58E-02    6.544E-01    1.03E-02
           GAMMA-RAY                     29   9.84E-02    6.673E-01    6.56E-02
           GAMMA-RAY                     30   1.32E-02    6.777E-01    8.91E-03
           GAMMA-RAY                     31   2.37E-02    6.779E-01    1.60E-02
           GAMMA-RAY                     32   3.26E-02    7.347E-01    2.40E-02
           GAMMA-RAY                     33   9.47E-03    7.365E-01    6.97E-03
           GAMMA-RAY                     34   2.95E-03    7.999E-01    2.36E-03
           GAMMA-RAY                     36   2.47E-03    8.259E-01    2.04E-03
           GAMMA-RAY                     37   2.79E-03    8.672E-01    2.42E-03
           GAMMA-RAY                     38   1.13E-02    8.932E-01    1.01E-02
           GAMMA-RAY                     39   4.79E-03    8.994E-01    4.31E-03
           GAMMA-RAY                     41   5.79E-03    9.128E-01    5.28E-03
           GAMMA-RAY                     42   3.16E-03    9.305E-01    2.94E-03
           GAMMA-RAY                     43   1.37E-02    9.383E-01    1.28E-02
           GAMMA-RAY                     44   1.16E-02    9.443E-01    1.09E-02
           GAMMA-RAY                     45   2.63E-02    1.094E+00    2.88E-02
           GAMMA-RAY                     46   4.16E-03    1.125E+00    4.68E-03
           GAMMA-RAY                     47   8.94E-02    1.174E+00    1.05E-01
           GAMMA-RAY                     48   2.63E-02    1.205E+00    3.17E-02
           GAMMA-RAY                     49   9.36E-03    1.299E+00    1.22E-02
           GAMMA-RAY                     50   7.36E-03    1.307E+00    9.62E-03
           GAMMA-RAY                     51   6.84E-03    1.326E+00    9.07E-03
           GAMMA-RAY                     52   2.89E-03    1.354E+00    3.92E-03
           GAMMA-RAY                     54   4.21E-03    1.418E+00    5.97E-03
           GAMMA-RAY                     55   4.42E-03    1.454E+00    6.42E-03
           GAMMA-RAY                     56   1.68E-03    1.488E+00    2.50E-03
           GAMMA-RAY                     57   4.73E-03    1.633E+00    7.73E-03
           GAMMA-RAY                     58   4.21E-03    1.633E+00    6.87E-03
           GAMMA-RAY                     59   1.63E-03    1.642E+00    2.68E-03
           GAMMA-RAY                     60   1.37E-03    1.672E+00    2.29E-03
           GAMMA-RAY                     61   2.52E-03    1.816E+00    4.58E-03
           GAMMA-RAY                     62   2.42E-03    1.901E+00    4.60E-03
           GAMMA-RAY                     63   2.47E-03    1.959E+00    4.84E-03
           GAMMA-RAY                     64   6.15E-03    2.042E+00    1.26E-02
           GAMMA-RAY                     65   8.21E-03    2.053E+00    1.68E-02
           GAMMA-RAY                     66   3.16E-03    2.132E+00    6.73E-03
           GAMMA-RAY                     67   6.31E-03    2.308E+00    1.46E-02
           GAMMA-RAY                     68   1.05E-03    2.444E+00    2.57E-03
           GAMMA-RAY                     69   8.42E-04    2.519E+00    2.12E-03
           GAMMA-RAY                     70   2.95E-03    2.635E+00    7.76E-03
           GAMMA-RAY                     71   1.79E-03    2.664E+00    4.76E-03
           GAMMA-RAY                     72   3.68E-03    2.699E+00    9.94E-03
           GAMMA-RAY                     73   1.37E-03    2.854E+00    3.90E-03
           GAMMA-RAY                     74   1.37E-03    2.888E+00    3.95E-03
           GAMMA-RAY                     75   1.74E-03    3.143E+00    5.46E-03
           GAMMA-RAY                     76   6.84E-04    3.197E+00    2.19E-03
           K -L3 X-RAY                        1.33E-01    2.115E-02    2.81E-03
 
           ALL LISTED X-RAYS, GAMMA-RAYS AND ANNIHILATION RADIATION    1.56E+00
           ALL NEGLECTED X-RAYS, GAMMA-RAYS AND ANNIH. RADIATION**     1.24E-02
           ALL LISTED BETAS, INTERNAL CONVERSION AND AUGER ELECTRONS   8.33E-01
           ALL NEGLECTED BETAS, INT. CONVERSION AND AUGER ELECTRONS**  6.91E-03
           ALL LISTED RADIATIONS                                       2.39E+00
           ALL NEGLECTED RADIATIONS**                                  1.93E-02
 
           *  AVERAGE ENERGY (MEV)
           ** EACH NEGLECTED TRANSITION CONTRIBUTES LESS THAN  0.100%
              TO THE TOTAL MEV/TRANSFORMATION FOR THIS CATEGORY.
           TOTAL FEEDING OF GROUND STATE LEVEL IN 101-PALLADIUM
             DAUGHTER IS 1.0000E+00 PER TRANSFORMATION OF 101-SILVER.
             DECAY OF THIS 8.47 HOURS HALFLIFE LEVEL WILL CONTRIBUTE TO DOSE.
           - - - - - - - - - -
           INPUT DATA SOURCE: EVALUATED NUCLEAR STRUCTURE DATA FILE (ENSDF)
             DATE INPUT DATA WERE ENTERED INTO ENSDF: Feb-1998
%%%% 101 AG  47    EC B+        6.66000E+02 11.1 M     02-11-2005       OUTPEND 
%%%% 101 AG  47    EC B+        6.66000E+02 11.1 M     02-11-2005       BETASTAR
1
              101-SILVER-47
+                                    HALFLIFE = 11.1 MINUTES 
+                                                                  02-11-2005

            BETA SPECTRUM DATA FOR ALL DECAY BRANCHES

                      BETAS PER                BETAS PER                BETAS PER
            ENERGY    MEV            ENERGY    MEV            ENERGY    MEV
            (MEV)     PER DECAY      (MEV)     PER DECAY      (MEV)     PER DECAY

            0.00000   0.000E+00      0.00300   1.648E-06      0.10000   5.630E-02
            0.00010   0.000E+00      0.00320   2.423E-06      0.11000   6.502E-02
            0.00011   0.000E+00      0.00360   4.659E-06      0.12000   7.384E-02
            0.00012   0.000E+00      0.00400   7.980E-06      0.13000   8.271E-02
            0.00013   0.000E+00      0.00450   1.393E-05      0.14000   9.161E-02
            0.00014   0.000E+00      0.00500   2.219E-05      0.15000   1.005E-01
            0.00015   0.000E+00      0.00550   3.301E-05      0.16000   1.094E-01
            0.00016   0.000E+00      0.00600   4.665E-05      0.18000   1.271E-01
            0.00018   0.000E+00      0.00650   6.333E-05      0.20000   1.445E-01
            0.00020   0.000E+00      0.00700   8.325E-05      0.22000   1.616E-01
            0.00022   0.000E+00      0.00750   1.066E-04      0.24000   1.784E-01
            0.00024   0.000E+00      0.00800   1.335E-04      0.26000   1.948E-01
            0.00026   0.000E+00      0.00850   1.641E-04      0.28000   2.109E-01
            0.00028   0.000E+00      0.00900   1.986E-04      0.30000   2.266E-01
            0.00030   4.997E-27      0.01000   2.795E-04      0.32000   2.418E-01
            0.00032   4.153E-26      0.01100   3.771E-04      0.36000   2.709E-01
            0.00036   1.910E-24      0.01200   4.920E-04      0.40000   2.982E-01
            0.00040   5.765E-23      0.01300   6.246E-04      0.45000   3.298E-01
            0.00045   2.565E-21      0.01400   7.754E-04      0.50000   3.584E-01
            0.00050   7.393E-20      0.01500   9.445E-04      0.55000   3.840E-01
            0.00055   1.454E-18      0.01600   1.132E-03      0.60000   4.066E-01
            0.00060   2.029E-17      0.01800   1.563E-03      0.65000   4.262E-01
            0.00065   2.084E-16      0.02000   2.067E-03      0.70000   4.427E-01
            0.00070   1.632E-15      0.02200   2.643E-03      0.75000   4.563E-01
            0.00075   1.008E-14      0.02400   3.289E-03      0.80000   4.670E-01
            0.00080   5.056E-14      0.02600   4.003E-03      0.85000   4.749E-01
            0.00085   2.120E-13      0.02800   4.781E-03      0.90000   4.802E-01
            0.00090   7.608E-13      0.03000   5.622E-03      1.00000   4.827E-01
            0.00100   6.667E-12      0.03200   6.521E-03      1.10000   4.752E-01
            0.00110   3.891E-11      0.03600   8.485E-03      1.20000   4.585E-01
            0.00120   1.669E-10      0.04000   1.065E-02      1.30000   4.335E-01
            0.00130   5.643E-10      0.04500   1.360E-02      1.40000   4.015E-01
            0.00140   1.586E-09      0.05000   1.680E-02      1.50000   3.644E-01
            0.00150   3.850E-09      0.05500   2.020E-02      1.60000   3.244E-01
            0.00160   8.310E-09      0.06000   2.378E-02      1.80000   2.429E-01
            0.00180   2.957E-08      0.06500   2.751E-02      2.00000   1.731E-01
            0.00200   8.084E-08      0.07000   3.137E-02      2.20000   1.153E-01
            0.00220   1.834E-07      0.07500   3.533E-02      2.40000   6.353E-02
            0.00240   3.627E-07      0.08000   3.939E-02      2.60000   2.577E-02
            0.00260   6.470E-07      0.08500   4.353E-02      2.80000   3.973E-03
            0.00280   1.066E-06      0.09000   4.774E-02      2.91700   0.000E+00

            AVERAGE BETA ENERGY =   1.148E+00

            TOTAL BETAS PER DECAY FOR ALL BRANCHES =   7.222E-01
%%%% 101 AG  47    EC B+        6.66000E+02 11.1 M     02-11-2005       BETAEND 
%%%% 101 AG  47    EC B+        6.66000E+02 11.1 M     02-11-2005       SEEISTAR
101.  SILVER       47.  1.110E+01 MINUTES  563 EC B+                101.AG 47.   0
 4 1  2.00578E-03  1.32676E-01  2.82100E-01  0.00000E+00            101.AG 47.   1   1
 4 2  2.00578E-02  2.42929E-01  5.37000E-01  0.00000E+00            101.AG 47.   2   2
 4 3  3.00866E-02  3.50580E-01  7.85300E-01  0.00000E+00            101.AG 47.   3   3
 4 4  5.01444E-02  3.90959E-01  8.77800E-01  0.00000E+00            101.AG 47.   4   4
 4 5  1.00289E-01  4.06238E-01  9.12700E-01  0.00000E+00            101.AG 47.   5   5
 4 6  1.00289E-01  4.25889E-01  9.57500E-01  0.00000E+00            101.AG 47.   6   6
 4 7  4.31242E-01  5.04770E-01  1.13640E+00  0.00000E+00            101.AG 47.   7   7
 4 8  4.11184E-02  5.53017E-01  1.24510E+00  0.00000E+00            101.AG 47.   8   8
 4 9  1.00289E-01  6.95555E-01  1.56330E+00  0.00000E+00            101.AG 47.   9   9
 410  1.20347E+00  7.20016E-01  1.61750E+00  0.00000E+00            101.AG 47.  10  10
 411  5.61617E-01  7.31768E-01  1.64350E+00  0.00000E+00            101.AG 47.  11  11
 412  1.20347E+00  8.53948E-01  1.91240E+00  0.00000E+00            101.AG 47.  12  12
 413  4.21213E+00  8.81499E-01  1.97270E+00  0.00000E+00            101.AG 47.  13  13
 414  1.80520E+00  8.84243E-01  1.97870E+00  0.00000E+00            101.AG 47.  14  14
 415  1.12323E+01  8.95866E-01  2.00410E+00  0.00000E+00            101.AG 47.  15  15
 416  2.80809E-01  9.38085E-01  2.09620E+00  0.00000E+00            101.AG 47.  16  16
 417  1.20347E+00  1.00382E+00  2.23910E+00  0.00000E+00            101.AG 47.  17  17
 418  6.01733E-01  1.09819E+00  2.44330E+00  0.00000E+00            101.AG 47.  18  18
 419  3.81098E+00  1.12945E+00  2.51070E+00  0.00000E+00            101.AG 47.  19  19
 420  1.20347E+00  1.14974E+00  2.55440E+00  0.00000E+00            101.AG 47.  20  20
 421  6.91993E+00  1.16629E+00  2.59000E+00  0.00000E+00            101.AG 47.  21  21
 422  3.71069E+01  1.31889E+00  2.91700E+00  0.00000E+00            101.AG 47.  22  22
 3 3  1.44442E+02  5.11000E-01  5.11000E-01  0.00000E+00            101.AG 47.  23   3
 1 1  4.73400E+00  8.02600E-02  8.02600E-02  0.00000E+00            101.AG 47.  24   1
 6 1  4.06200E+00  5.59390E-02  5.59390E-02  1.00000E+00            101.AG 47.  25   1
 6 5  4.25823E-01  7.66800E-02  7.66800E-02  1.00000E+00            101.AG 47.  26   5
 6 6  1.62843E-01  7.69274E-02  7.69274E-02  1.00000E+00            101.AG 47.  27   6
 6 7  1.93845E-01  7.70894E-02  7.70894E-02  1.00000E+00            101.AG 47.  28   7
 6 3  1.50760E-01  7.97332E-02  7.97332E-02  1.00000E+00            101.AG 47.  29   3
 6 4  2.67239E-02  8.02600E-02  8.02600E-02  1.00000E+00            101.AG 47.  30   4
 1 2  2.63000E-01  1.80500E-01  1.80500E-01  0.00000E+00            101.AG 47.  31   2
 6 1  3.72892E-02  1.56179E-01  1.56179E-01  2.00000E+00            101.AG 47.  32   1
 6 5  3.70279E-03  1.76920E-01  1.76920E-01  2.00000E+00            101.AG 47.  33   5
 6 6  1.23259E-03  1.77167E-01  1.77167E-01  2.00000E+00            101.AG 47.  34   6
 6 7  1.32588E-03  1.77329E-01  1.77329E-01  2.00000E+00            101.AG 47.  35   7
 6 3  1.20526E-03  1.79973E-01  1.79973E-01  2.00000E+00            101.AG 47.  36   3
 6 4  2.13780E-04  1.80500E-01  1.80500E-01  2.00000E+00            101.AG 47.  37   4
 1 3  5.26000E+01  2.61010E-01  2.61010E-01  0.00000E+00            101.AG 47.  38   3
 6 1  1.31832E+00  2.36689E-01  2.36689E-01  3.00000E+00            101.AG 47.  39   1
 6 5  1.49784E-01  2.57430E-01  2.57430E-01  3.00000E+00            101.AG 47.  40   5
 6 6  6.81558E-03  2.57677E-01  2.57677E-01  3.00000E+00            101.AG 47.  41   6
 6 7  2.09234E-03  2.57839E-01  2.57839E-01  3.00000E+00            101.AG 47.  42   7
 6 3  3.00349E-02  2.60483E-01  2.60483E-01  3.00000E+00            101.AG 47.  43   3
 6 4  5.58290E-03  2.61010E-01  2.61010E-01  3.00000E+00            101.AG 47.  44   4
 1 4  1.68320E+00  2.74680E-01  2.74680E-01  0.00000E+00            101.AG 47.  45   4
 6 1  3.69952E-02  2.50359E-01  2.50359E-01  4.00000E+00            101.AG 47.  46   1
 6 5  4.20147E-03  2.71100E-01  2.71100E-01  4.00000E+00            101.AG 47.  47   5
 6 6  1.87048E-04  2.71347E-01  2.71347E-01  4.00000E+00            101.AG 47.  48   6
 6 7  5.77336E-05  2.71509E-01  2.71509E-01  4.00000E+00            101.AG 47.  49   7
 6 3  8.41086E-04  2.74153E-01  2.74153E-01  4.00000E+00            101.AG 47.  50   3
 6 4  1.56428E-04  2.74680E-01  2.74680E-01  4.00000E+00            101.AG 47.  51   4
 1 5  1.89360E+00  3.26910E-01  3.26910E-01  0.00000E+00            101.AG 47.  52   5
 6 1  2.67329E-02  3.02589E-01  3.02589E-01  5.00000E+00            101.AG 47.  53   1
 6 5  3.03128E-03  3.23330E-01  3.23330E-01  5.00000E+00            101.AG 47.  54   5
 6 6  1.24905E-04  3.23577E-01  3.23577E-01  5.00000E+00            101.AG 47.  55   6
 6 7  3.93689E-05  3.23739E-01  3.23739E-01  5.00000E+00            101.AG 47.  56   7
 6 3  6.03663E-04  3.26383E-01  3.26383E-01  5.00000E+00            101.AG 47.  57   3
 6 4  1.12425E-04  3.26910E-01  3.26910E-01  5.00000E+00            101.AG 47.  58   4
 1 6  2.36700E-01  3.86700E-01  3.86700E-01  0.00000E+00            101.AG 47.  59   6
 6 1  2.19577E-03  3.62379E-01  3.62379E-01  6.00000E+00            101.AG 47.  60   1
 6 5  2.48415E-04  3.83120E-01  3.83120E-01  6.00000E+00            101.AG 47.  61   5
 6 6  9.48038E-06  3.83367E-01  3.83367E-01  6.00000E+00            101.AG 47.  62   6
 6 7  3.05830E-06  3.83529E-01  3.83529E-01  6.00000E+00            101.AG 47.  63   7
 6 3  4.93293E-05  3.86173E-01  3.86173E-01  6.00000E+00            101.AG 47.  64   3
 6 4  9.17830E-06  3.86700E-01  3.86700E-01  6.00000E+00            101.AG 47.  65   4
 1 7  6.31200E-01  4.06290E-01  4.06290E-01  0.00000E+00            101.AG 47.  66   7
 6 1  5.18245E-03  3.81969E-01  3.81969E-01  7.00000E+00            101.AG 47.  67   1
 6 5  5.85910E-04  4.02710E-01  4.02710E-01  7.00000E+00            101.AG 47.  68   5
 6 6  2.18436E-05  4.02957E-01  4.02957E-01  7.00000E+00            101.AG 47.  69   6
 6 7  7.10231E-06  4.03119E-01  4.03119E-01  7.00000E+00            101.AG 47.  70   7
 6 3  1.16259E-04  4.05763E-01  4.05763E-01  7.00000E+00            101.AG 47.  71   3
 6 4  2.16239E-05  4.06290E-01  4.06290E-01  7.00000E+00            101.AG 47.  72   4
 1 8  7.89000E-02  4.20100E-01  4.20100E-01  0.00000E+00            101.AG 47.  73   8
 6 1  5.96692E-04  3.95779E-01  3.95779E-01  8.00000E+00            101.AG 47.  74   1
 6 5  6.74293E-05  4.16520E-01  4.16520E-01  8.00000E+00            101.AG 47.  75   5
 6 6  2.47384E-06  4.16767E-01  4.16767E-01  8.00000E+00            101.AG 47.  76   6
 6 7  8.08905E-07  4.16929E-01  4.16929E-01  8.00000E+00            101.AG 47.  77   7
 6 3  1.33726E-05  4.19573E-01  4.19573E-01  8.00000E+00            101.AG 47.  78   3
 6 4  2.48673E-06  4.20100E-01  4.20100E-01  8.00000E+00            101.AG 47.  79   4
 1 9  2.85092E+00  4.39200E-01  4.39200E-01  0.00000E+00            101.AG 47.  80   9
 6 1  1.93370E-02  4.14879E-01  4.14879E-01  9.00000E+00            101.AG 47.  81   1
 6 5  2.18389E-03  4.35620E-01  4.35620E-01  9.00000E+00            101.AG 47.  82   5
 6 6  7.84055E-05  4.35867E-01  4.35867E-01  9.00000E+00            101.AG 47.  83   6
 6 7  2.58415E-05  4.36029E-01  4.36029E-01  9.00000E+00            101.AG 47.  84   7
 6 3  4.32807E-04  4.38673E-01  4.38673E-01  9.00000E+00            101.AG 47.  85   3
 6 4  8.04611E-05  4.39200E-01  4.39200E-01  9.00000E+00            101.AG 47.  86   4
 110  3.68200E-01  4.59900E-01  4.59900E-01  0.00000E+00            101.AG 47.  87  10
 6 1  2.23247E-03  4.35579E-01  4.35579E-01  1.00000E+01            101.AG 47.  88   1
 6 5  2.51982E-04  4.56320E-01  4.56320E-01  1.00000E+01            101.AG 47.  89   5
 6 6  8.84245E-06  4.56567E-01  4.56567E-01  1.00000E+01            101.AG 47.  90   6
 6 7  2.93999E-06  4.56729E-01  4.56729E-01  1.00000E+01            101.AG 47.  91   7
 6 3  4.99002E-05  4.59373E-01  4.59373E-01  1.00000E+01            101.AG 47.  92   3
 6 4  9.27449E-06  4.59900E-01  4.59900E-01  1.00000E+01            101.AG 47.  93   4
 111  3.15600E-01  4.70600E-01  4.70600E-01  0.00000E+00            101.AG 47.  94  11
 6 1  1.80974E-03  4.46279E-01  4.46279E-01  1.10000E+01            101.AG 47.  95   1
 6 5  2.04225E-04  4.67020E-01  4.67020E-01  1.10000E+01            101.AG 47.  96   5
 6 6  7.08302E-06  4.67267E-01  4.67267E-01  1.10000E+01            101.AG 47.  97   6
 6 7  2.36609E-06  4.67429E-01  4.67429E-01  1.10000E+01            101.AG 47.  98   7
 6 3  4.04212E-05  4.70073E-01  4.70073E-01  1.10000E+01            101.AG 47.  99   3
 6 4  7.51326E-06  4.70600E-01  4.70600E-01  1.10000E+01            101.AG 47. 100   4
 112  2.63000E-01  4.94000E-01  4.94000E-01  0.00000E+00            101.AG 47. 101  12
 6 1  1.34135E-03  4.69679E-01  4.69679E-01  1.20000E+01            101.AG 47. 102   1
 6 5  1.51305E-04  4.90420E-01  4.90420E-01  1.20000E+01            101.AG 47. 103   5
 6 6  5.11763E-06  4.90667E-01  4.90667E-01  1.20000E+01            101.AG 47. 104   6
 6 7  1.72744E-06  4.90829E-01  4.90829E-01  1.20000E+01            101.AG 47. 105   7
 6 3  2.99121E-05  4.93473E-01  4.93473E-01  1.20000E+01            101.AG 47. 106   3
 6 4  5.56106E-06  4.94000E-01  4.94000E-01  1.20000E+01            101.AG 47. 107   4
 113  5.78600E-01  5.06600E-01  5.06600E-01  0.00000E+00            101.AG 47. 108  13
 6 1  2.77761E-03  4.82279E-01  4.82279E-01  1.30000E+01            101.AG 47. 109   1
 6 5  3.13249E-04  5.03020E-01  5.03020E-01  1.30000E+01            101.AG 47. 110   5
 6 6  1.04562E-05  5.03267E-01  5.03267E-01  1.30000E+01            101.AG 47. 111   6
 6 7  3.54955E-06  5.03429E-01  5.03429E-01  1.30000E+01            101.AG 47. 112   7
 6 3  6.18890E-05  5.06073E-01  5.06073E-01  1.30000E+01            101.AG 47. 113   3
 6 4  1.15075E-05  5.06600E-01  5.06600E-01  1.30000E+01            101.AG 47. 114   4
 114  2.05140E+00  5.07600E-01  5.07600E-01  0.00000E+00            101.AG 47. 115  14
 6 1  1.02132E-02  4.83279E-01  4.83279E-01  1.40000E+01            101.AG 47. 116   1
 6 5  1.10416E-03  5.04020E-01  5.04020E-01  1.40000E+01            101.AG 47. 117   5
 6 6  1.10149E-04  5.04267E-01  5.04267E-01  1.40000E+01            101.AG 47. 118   6
 6 7  8.97520E-05  5.04429E-01  5.04429E-01  1.40000E+01            101.AG 47. 119   7
 6 3  2.46695E-04  5.07073E-01  5.07073E-01  1.40000E+01            101.AG 47. 120   3
 6 4  4.54493E-05  5.07600E-01  5.07600E-01  1.40000E+01            101.AG 47. 121   4
 115  3.15600E-01  5.32200E-01  5.32200E-01  0.00000E+00            101.AG 47. 122  15
 6 1  1.34648E-03  5.07879E-01  5.07879E-01  1.50000E+01            101.AG 47. 123   1
 6 5  1.51791E-04  5.28620E-01  5.28620E-01  1.50000E+01            101.AG 47. 124   5
 6 6  4.93587E-06  5.28867E-01  5.28867E-01  1.50000E+01            101.AG 47. 125   6
 6 7  1.69521E-06  5.29029E-01  5.29029E-01  1.50000E+01            101.AG 47. 126   7
 6 3  2.99518E-05  5.31673E-01  5.31673E-01  1.50000E+01            101.AG 47. 127   3
 6 4  5.57089E-06  5.32200E-01  5.32200E-01  1.50000E+01            101.AG 47. 128   4
 116  1.38338E+00  5.37920E-01  5.37920E-01  0.00000E+00            101.AG 47. 129  16
 6 1  5.75359E-03  5.13599E-01  5.13599E-01  1.60000E+01            101.AG 47. 130   1
 6 5  6.48555E-04  5.34340E-01  5.34340E-01  1.60000E+01            101.AG 47. 131   5
 6 6  2.09688E-05  5.34587E-01  5.34587E-01  1.60000E+01            101.AG 47. 132   6
 6 7  7.22059E-06  5.34749E-01  5.34749E-01  1.60000E+01            101.AG 47. 133   7
 6 3  1.27939E-04  5.37393E-01  5.37393E-01  1.60000E+01            101.AG 47. 134   3
 6 4  2.37977E-05  5.37920E-01  5.37920E-01  1.60000E+01            101.AG 47. 135   4
 117  2.31440E+00  5.43320E-01  5.43320E-01  0.00000E+00            101.AG 47. 136  17
 6 1  9.50253E-03  5.18999E-01  5.18999E-01  1.70000E+01            101.AG 47. 137   1
 6 5  1.03069E-03  5.39740E-01  5.39740E-01  1.70000E+01            101.AG 47. 138   5
 6 6  9.47219E-05  5.39987E-01  5.39987E-01  1.70000E+01            101.AG 47. 139   6
 6 7  7.61617E-05  5.40149E-01  5.40149E-01  1.70000E+01            101.AG 47. 140   7
 6 3  2.27322E-04  5.42793E-01  5.42793E-01  1.70000E+01            101.AG 47. 141   3
 6 4  4.19046E-05  5.43320E-01  5.43320E-01  1.70000E+01            101.AG 47. 142   4
 118  3.89240E-01  5.50220E-01  5.50220E-01  0.00000E+00            101.AG 47. 143  18
 6 1  1.53412E-03  5.25899E-01  5.25899E-01  1.80000E+01            101.AG 47. 144   1
 6 5  1.72897E-04  5.46640E-01  5.46640E-01  1.80000E+01            101.AG 47. 145   5
 6 6  5.52228E-06  5.46887E-01  5.46887E-01  1.80000E+01            101.AG 47. 146   6
 6 7  1.91240E-06  5.47049E-01  5.47049E-01  1.80000E+01            101.AG 47. 147   7
 6 3  3.40868E-05  5.49693E-01  5.49693E-01  1.80000E+01            101.AG 47. 148   3
 6 4  6.34146E-06  5.50220E-01  5.50220E-01  1.80000E+01            101.AG 47. 149   4
 119  3.52420E-01  5.75550E-01  5.75550E-01  0.00000E+00            101.AG 47. 150  19
 6 1  1.24856E-03  5.51229E-01  5.51229E-01  1.90000E+01            101.AG 47. 151   1
 6 5  1.40664E-04  5.71970E-01  5.71970E-01  1.90000E+01            101.AG 47. 152   5
 6 6  4.38379E-06  5.72217E-01  5.72217E-01  1.90000E+01            101.AG 47. 153   6
 6 7  1.53610E-06  5.72379E-01  5.72379E-01  1.90000E+01            101.AG 47. 154   7
 6 3  2.76986E-05  5.75023E-01  5.75023E-01  1.90000E+01            101.AG 47. 155   3
 6 4  5.15477E-06  5.75550E-01  5.75550E-01  1.90000E+01            101.AG 47. 156   4
 120  5.26000E-02  5.77900E-01  5.77900E-01  0.00000E+00            101.AG 47. 157  20
 6 1  1.84568E-04  5.53579E-01  5.53579E-01  2.00000E+01            101.AG 47. 158   1
 6 5  2.07929E-05  5.74320E-01  5.74320E-01  2.00000E+01            101.AG 47. 159   5
 6 6  6.46561E-07  5.74567E-01  5.74567E-01  2.00000E+01            101.AG 47. 160   6
 6 7  2.26806E-07  5.74729E-01  5.74729E-01  2.00000E+01            101.AG 47. 161   7
 6 3  4.09397E-06  5.77373E-01  5.77373E-01  2.00000E+01            101.AG 47. 162   3
 6 4  7.61920E-07  5.77900E-01  5.77900E-01  2.00000E+01            101.AG 47. 163   4
 121  2.10400E-01  5.81300E-01  5.81300E-01  0.00000E+00            101.AG 47. 164  21
 6 1  7.28123E-04  5.56979E-01  5.56979E-01  2.10000E+01            101.AG 47. 165   1
 6 5  8.20246E-05  5.77720E-01  5.77720E-01  2.10000E+01            101.AG 47. 166   5
 6 6  2.54235E-06  5.77967E-01  5.77967E-01  2.10000E+01            101.AG 47. 167   6
 6 7  8.93245E-07  5.78129E-01  5.78129E-01  2.10000E+01            101.AG 47. 168   7
 6 3  1.61474E-05  5.80773E-01  5.80773E-01  2.10000E+01            101.AG 47. 169   3
 6 4  3.00531E-06  5.81300E-01  5.81300E-01  2.10000E+01            101.AG 47. 170   4
 122  1.05200E+00  5.85900E-01  5.85900E-01  0.00000E+00            101.AG 47. 171  22
 6 1  3.57360E-03  5.61579E-01  5.61579E-01  2.20000E+01            101.AG 47. 172   1
 6 5  4.02548E-04  5.82320E-01  5.82320E-01  2.20000E+01            101.AG 47. 173   5
 6 6  1.24228E-05  5.82567E-01  5.82567E-01  2.20000E+01            101.AG 47. 174   6
 6 7  4.37411E-06  5.82729E-01  5.82729E-01  2.20000E+01            101.AG 47. 175   7
 6 3  7.92291E-05  5.85373E-01  5.85373E-01  2.20000E+01            101.AG 47. 176   3
 6 4  1.47468E-05  5.85900E-01  5.85900E-01  2.20000E+01            101.AG 47. 177   4
 123  9.99400E+00  5.88000E-01  5.88000E-01  0.00000E+00            101.AG 47. 178  23
 6 1  3.36643E-02  5.63679E-01  5.63679E-01  2.30000E+01            101.AG 47. 179   1
 6 5  3.79200E-03  5.84420E-01  5.84420E-01  2.30000E+01            101.AG 47. 180   5
 6 6  1.16792E-04  5.84667E-01  5.84667E-01  2.30000E+01            101.AG 47. 181   6
 6 7  4.11632E-05  5.84829E-01  5.84829E-01  2.30000E+01            101.AG 47. 182   7
 6 3  7.46266E-04  5.87473E-01  5.87473E-01  2.30000E+01            101.AG 47. 183   3
 6 4  1.38905E-04  5.88000E-01  5.88000E-01  2.30000E+01            101.AG 47. 184   4
 124  5.99640E-01  5.98220E-01  5.98220E-01  0.00000E+00            101.AG 47. 185  24
 6 1  1.93963E-03  5.73899E-01  5.73899E-01  2.40000E+01            101.AG 47. 186   1
 6 5  2.18452E-04  5.94640E-01  5.94640E-01  2.40000E+01            101.AG 47. 187   5
 6 6  6.66423E-06  5.94887E-01  5.94887E-01  2.40000E+01            101.AG 47. 188   6
 6 7  2.36009E-06  5.95049E-01  5.95049E-01  2.40000E+01            101.AG 47. 189   7
 6 3  4.29713E-05  5.97693E-01  5.97693E-01  2.40000E+01            101.AG 47. 190   3
 6 4  7.99951E-06  5.98220E-01  5.98220E-01  2.40000E+01            101.AG 47. 191   4
 125  6.57500E-01  6.11300E-01  6.11300E-01  0.00000E+00            101.AG 47. 192  25
 6 1  2.02156E-03  5.86979E-01  5.86979E-01  2.50000E+01            101.AG 47. 193   1
 6 5  2.27639E-04  6.07720E-01  6.07720E-01  2.50000E+01            101.AG 47. 194   5
 6 6  6.86119E-06  6.07967E-01  6.07967E-01  2.50000E+01            101.AG 47. 195   6
 6 7  2.44485E-06  6.08129E-01  6.08129E-01  2.50000E+01            101.AG 47. 196   7
 6 3  4.47519E-05  6.10773E-01  6.10773E-01  2.50000E+01            101.AG 47. 197   3
 6 4  8.33246E-06  6.11300E-01  6.11300E-01  2.50000E+01            101.AG 47. 198   4
 126  1.57800E-01  6.17600E-01  6.17600E-01  0.00000E+00            101.AG 47. 199  26
 6 1  4.73666E-04  5.93279E-01  5.93279E-01  2.60000E+01            101.AG 47. 200   1
 6 5  5.33331E-05  6.14020E-01  6.14020E-01  2.60000E+01            101.AG 47. 201   5
 6 6  1.59828E-06  6.14267E-01  6.14267E-01  2.60000E+01            101.AG 47. 202   6
 6 7  5.71212E-07  6.14429E-01  6.14429E-01  2.60000E+01            101.AG 47. 203   7
 6 3  1.04819E-05  6.17073E-01  6.17073E-01  2.60000E+01            101.AG 47. 204   3
 6 4  1.95181E-06  6.17600E-01  6.17600E-01  2.60000E+01            101.AG 47. 205   4
 127  7.73220E-01  6.23580E-01  6.23580E-01  0.00000E+00            101.AG 47. 206  27
 6 1  2.26926E-03  5.99259E-01  5.99259E-01  2.70000E+01            101.AG 47. 207   1
 6 5  2.55489E-04  6.20000E-01  6.20000E-01  2.70000E+01            101.AG 47. 208   5
 6 6  7.61513E-06  6.20247E-01  6.20247E-01  2.70000E+01            101.AG 47. 209   6
 6 7  2.73135E-06  6.20409E-01  6.20409E-01  2.70000E+01            101.AG 47. 210   7
 6 3  5.01993E-05  6.23053E-01  6.23053E-01  2.70000E+01            101.AG 47. 211   3
 6 4  9.34829E-06  6.23580E-01  6.23580E-01  2.70000E+01            101.AG 47. 212   4
 128  1.57800E+00  6.54400E-01  6.54400E-01  0.00000E+00            101.AG 47. 213  28
 6 1  3.90767E-03  6.30079E-01  6.30079E-01  2.80000E+01            101.AG 47. 214   1
 6 5  4.26904E-04  6.50820E-01  6.50820E-01  2.80000E+01            101.AG 47. 215   5
 6 6  3.12461E-05  6.51067E-01  6.51067E-01  2.80000E+01            101.AG 47. 216   6
 6 7  2.44046E-05  6.51229E-01  6.51229E-01  2.80000E+01            101.AG 47. 217   7
 6 3  9.13757E-05  6.53873E-01  6.53873E-01  2.80000E+01            101.AG 47. 218   3
 6 4  1.68562E-05  6.54400E-01  6.54400E-01  2.80000E+01            101.AG 47. 219   4
 129  9.83620E+00  6.67320E-01  6.67320E-01  0.00000E+00            101.AG 47. 220  29
 6 1  2.31403E-02  6.42999E-01  6.42999E-01  2.90000E+01            101.AG 47. 221   1
 6 5  2.52956E-03  6.63740E-01  6.63740E-01  2.90000E+01            101.AG 47. 222   5
 6 6  1.80720E-04  6.63987E-01  6.63987E-01  2.90000E+01            101.AG 47. 223   6
 6 7  1.40839E-04  6.64149E-01  6.64149E-01  2.90000E+01            101.AG 47. 224   7
 6 3  5.39949E-04  6.66793E-01  6.66793E-01  2.90000E+01            101.AG 47. 225   3
 6 4  9.96092E-05  6.67320E-01  6.67320E-01  2.90000E+01            101.AG 47. 226   4
 130  1.31500E+00  6.77700E-01  6.77700E-01  0.00000E+00            101.AG 47. 227  30
 6 1  3.18079E-03  6.53379E-01  6.53379E-01  3.00000E+01            101.AG 47. 228   1
 6 5  3.57850E-04  6.74120E-01  6.74120E-01  3.00000E+01            101.AG 47. 229   5
 6 6  1.01722E-05  6.74367E-01  6.74367E-01  3.00000E+01            101.AG 47. 230   6
 6 7  3.74086E-06  6.74529E-01  6.74529E-01  3.00000E+01            101.AG 47. 231   7
 6 3  7.01507E-05  6.77173E-01  6.77173E-01  3.00000E+01            101.AG 47. 232   3
 6 4  1.30725E-05  6.77700E-01  6.77700E-01  3.00000E+01            101.AG 47. 233   4
 131  2.36700E+00  6.77900E-01  6.77900E-01  0.00000E+00            101.AG 47. 234  31
 6 1  5.34484E-03  6.53579E-01  6.53579E-01  3.10000E+01            101.AG 47. 235   1
 6 5  5.84540E-04  6.74320E-01  6.74320E-01  3.10000E+01            101.AG 47. 236   5
 6 6  4.09553E-05  6.74567E-01  6.74567E-01  3.10000E+01            101.AG 47. 237   6
 6 7  3.18642E-05  6.74729E-01  6.74729E-01  3.10000E+01            101.AG 47. 238   7
 6 3  1.24504E-04  6.77373E-01  6.77373E-01  3.10000E+01            101.AG 47. 239   3
 6 4  2.29692E-05  6.77900E-01  6.77900E-01  3.10000E+01            101.AG 47. 240   4
 132  3.26120E+00  7.34710E-01  7.34710E-01  0.00000E+00            101.AG 47. 241  32
 6 1  6.55614E-03  7.10389E-01  7.10389E-01  3.20000E+01            101.AG 47. 242   1
 6 5  7.36763E-04  7.31130E-01  7.31130E-01  3.20000E+01            101.AG 47. 243   5
 6 6  1.99816E-05  7.31377E-01  7.31377E-01  3.20000E+01            101.AG 47. 244   6
 6 7  7.54435E-06  7.31539E-01  7.31539E-01  3.20000E+01            101.AG 47. 245   7
 6 3  1.44107E-04  7.34183E-01  7.34183E-01  3.20000E+01            101.AG 47. 246   3
 6 4  2.68640E-05  7.34710E-01  7.34710E-01  3.20000E+01            101.AG 47. 247   4
 133  9.46800E-01  7.36500E-01  7.36500E-01  0.00000E+00            101.AG 47. 248  33
 6 1  1.73068E-03  7.12179E-01  7.12179E-01  3.30000E+01            101.AG 47. 249   1
 6 5  1.89621E-04  7.32920E-01  7.32920E-01  3.30000E+01            101.AG 47. 250   5
 6 6  1.19757E-05  7.33167E-01  7.33167E-01  3.30000E+01            101.AG 47. 251   6
 6 7  9.25123E-06  7.33329E-01  7.33329E-01  3.30000E+01            101.AG 47. 252   7
 6 3  3.99398E-05  7.35973E-01  7.35973E-01  3.30000E+01            101.AG 47. 253   3
 6 4  7.37434E-06  7.36500E-01  7.36500E-01  3.30000E+01            101.AG 47. 254   4
 134  2.94560E-01  7.99900E-01  7.99900E-01  0.00000E+00            101.AG 47. 255  34
 6 1  4.88475E-04  7.75579E-01  7.75579E-01  3.40000E+01            101.AG 47. 256   1
 6 5  5.48248E-05  7.96320E-01  7.96320E-01  3.40000E+01            101.AG 47. 257   5
 6 6  1.41368E-06  7.96567E-01  7.96567E-01  3.40000E+01            101.AG 47. 258   6
 6 7  5.50325E-07  7.96729E-01  7.96729E-01  3.40000E+01            101.AG 47. 259   7
 6 3  1.06989E-05  7.99373E-01  7.99373E-01  3.40000E+01            101.AG 47. 260   3
 6 4  1.99508E-06  7.99900E-01  7.99900E-01  3.40000E+01            101.AG 47. 261   4
 135  1.05200E-01  8.06900E-01  8.06900E-01  0.00000E+00            101.AG 47. 262  35
 6 1  1.71068E-04  7.82579E-01  7.82579E-01  3.50000E+01            101.AG 47. 263   1
 6 5  1.91976E-05  8.03320E-01  8.03320E-01  3.50000E+01            101.AG 47. 264   5
 6 6  4.92433E-07  8.03567E-01  8.03567E-01  3.50000E+01            101.AG 47. 265   6
 6 7  1.92334E-07  8.03729E-01  8.03729E-01  3.50000E+01            101.AG 47. 266   7
 6 3  3.74551E-06  8.06373E-01  8.06373E-01  3.50000E+01            101.AG 47. 267   3
 6 4  6.98461E-07  8.06900E-01  8.06900E-01  3.50000E+01            101.AG 47. 268   4
 136  2.47220E-01  8.25900E-01  8.25900E-01  0.00000E+00            101.AG 47. 269  36
 6 1  3.81535E-04  8.01579E-01  8.01579E-01  3.60000E+01            101.AG 47. 270   1
 6 5  4.28019E-05  8.22320E-01  8.22320E-01  3.60000E+01            101.AG 47. 271   5
 6 6  1.08260E-06  8.22567E-01  8.22567E-01  3.60000E+01            101.AG 47. 272   6
 6 7  4.26682E-07  8.22729E-01  8.22729E-01  3.60000E+01            101.AG 47. 273   7
 6 3  8.34576E-06  8.25373E-01  8.25373E-01  3.60000E+01            101.AG 47. 274   3
 6 4  1.55642E-06  8.25900E-01  8.25900E-01  3.60000E+01            101.AG 47. 275   4
 137  2.78780E-01  8.67200E-01  8.67200E-01  0.00000E+00            101.AG 47. 276  37
 6 1  3.85775E-04  8.42879E-01  8.42879E-01  3.70000E+01            101.AG 47. 277   1
 6 5  4.32464E-05  8.63620E-01  8.63620E-01  3.70000E+01            101.AG 47. 278   5
 6 6  1.06188E-06  8.63867E-01  8.63867E-01  3.70000E+01            101.AG 47. 279   6
 6 7  4.25957E-07  8.64029E-01  8.64029E-01  3.70000E+01            101.AG 47. 280   7
 6 3  8.42224E-06  8.66673E-01  8.66673E-01  3.70000E+01            101.AG 47. 281   3
 6 4  1.57088E-06  8.67200E-01  8.67200E-01  3.70000E+01            101.AG 47. 282   4
 138  1.12564E+00  8.93200E-01  8.93200E-01  0.00000E+00            101.AG 47. 283  38
 6 1  1.45857E-03  8.68879E-01  8.68879E-01  3.80000E+01            101.AG 47. 284   1
 6 5  1.63440E-04  8.89620E-01  8.89620E-01  3.80000E+01            101.AG 47. 285   5
 6 6  3.94113E-06  8.89867E-01  8.89867E-01  3.80000E+01            101.AG 47. 286   6
 6 7  1.60163E-06  8.90029E-01  8.90029E-01  3.80000E+01            101.AG 47. 287   7
 6 3  3.18071E-05  8.92673E-01  8.92673E-01  3.80000E+01            101.AG 47. 288   3
 6 4  5.93293E-06  8.93200E-01  8.93200E-01  3.80000E+01            101.AG 47. 289   4
 139  4.78660E-01  8.99390E-01  8.99390E-01  0.00000E+00            101.AG 47. 290  39
 6 1  6.10798E-04  8.75069E-01  8.75069E-01  3.90000E+01            101.AG 47. 291   1
 6 5  6.84359E-05  8.95810E-01  8.95810E-01  3.90000E+01            101.AG 47. 292   5
 6 6  1.64324E-06  8.96057E-01  8.96057E-01  3.90000E+01            101.AG 47. 293   6
 6 7  6.69882E-07  8.96219E-01  8.96219E-01  3.90000E+01            101.AG 47. 294   7
 6 3  1.33161E-05  8.98863E-01  8.98863E-01  3.90000E+01            101.AG 47. 295   3
 6 4  2.48388E-06  8.99390E-01  8.99390E-01  3.90000E+01            101.AG 47. 296   4
 140  6.31200E-02  9.10000E-01  9.10000E-01  0.00000E+00            101.AG 47. 297  40
 6 1  7.84771E-05  8.85679E-01  8.85679E-01  4.00000E+01            101.AG 47. 298   1
 6 5  8.79138E-06  9.06420E-01  9.06420E-01  4.00000E+01            101.AG 47. 299   5
 6 6  2.09573E-07  9.06667E-01  9.06667E-01  4.00000E+01            101.AG 47. 300   6
 6 7  8.58933E-08  9.06829E-01  9.06829E-01  4.00000E+01            101.AG 47. 301   7
 6 3  1.71014E-06  9.09473E-01  9.09473E-01  4.00000E+01            101.AG 47. 302   3
 6 4  3.19003E-07  9.10000E-01  9.10000E-01  4.00000E+01            101.AG 47. 303   4
 141  5.78600E-01  9.12840E-01  9.12840E-01  0.00000E+00            101.AG 47. 304  41
 6 1  7.14425E-04  8.88519E-01  8.88519E-01  4.10000E+01            101.AG 47. 305   1
 6 5  8.00297E-05  9.09260E-01  9.09260E-01  4.10000E+01            101.AG 47. 306   5
 6 6  1.90411E-06  9.09507E-01  9.09507E-01  4.10000E+01            101.AG 47. 307   6
 6 7  7.81524E-07  9.09669E-01  9.09669E-01  4.10000E+01            101.AG 47. 308   7
 6 3  1.55666E-05  9.12313E-01  9.12313E-01  4.10000E+01            101.AG 47. 309   3
 6 4  2.90375E-06  9.12840E-01  9.12840E-01  4.10000E+01            101.AG 47. 310   4
 142  3.15600E-01  9.30500E-01  9.30500E-01  0.00000E+00            101.AG 47. 311  42
 6 1  3.73511E-04  9.06179E-01  9.06179E-01  4.20000E+01            101.AG 47. 312   1
 6 5  4.18294E-05  9.26920E-01  9.26920E-01  4.20000E+01            101.AG 47. 313   5
 6 6  9.83497E-07  9.27167E-01  9.27167E-01  4.20000E+01            101.AG 47. 314   6
 6 7  4.07302E-07  9.27329E-01  9.27329E-01  4.20000E+01            101.AG 47. 315   7
 6 3  8.13266E-06  9.29973E-01  9.29973E-01  4.20000E+01            101.AG 47. 316   3
 6 4  1.51710E-06  9.30500E-01  9.30500E-01  4.20000E+01            101.AG 47. 317   4
 143  1.36760E+00  9.38320E-01  9.38320E-01  0.00000E+00            101.AG 47. 318  43
 6 1  1.58890E-03  9.13999E-01  9.13999E-01  4.30000E+01            101.AG 47. 319   1
 6 5  1.77920E-04  9.34740E-01  9.34740E-01  4.30000E+01            101.AG 47. 320   5
 6 6  4.16160E-06  9.34987E-01  9.34987E-01  4.30000E+01            101.AG 47. 321   6
 6 7  1.73035E-06  9.35149E-01  9.35149E-01  4.30000E+01            101.AG 47. 322   7
 6 3  3.45855E-05  9.37793E-01  9.37793E-01  4.30000E+01            101.AG 47. 323   3
 6 4  6.45182E-06  9.38320E-01  9.38320E-01  4.30000E+01            101.AG 47. 324   4
 144  1.15720E+00  9.44330E-01  9.44330E-01  0.00000E+00            101.AG 47. 325  44
 6 1  1.32564E-03  9.20009E-01  9.20009E-01  4.40000E+01            101.AG 47. 326   1
 6 5  1.48428E-04  9.40750E-01  9.40750E-01  4.40000E+01            101.AG 47. 327   5
 6 6  3.45803E-06  9.40997E-01  9.40997E-01  4.40000E+01            101.AG 47. 328   6
 6 7  1.44223E-06  9.41159E-01  9.41159E-01  4.40000E+01            101.AG 47. 329   7
 6 3  2.88485E-05  9.43803E-01  9.43803E-01  4.40000E+01            101.AG 47. 330   3
 6 4  5.38167E-06  9.44330E-01  9.44330E-01  4.40000E+01            101.AG 47. 331   4
 145  2.63000E+00  1.09359E+00  1.09359E+00  0.00000E+00            101.AG 47. 332  45
 6 1  1.90954E-03  1.06927E+00  1.06927E+00  4.50000E+01            101.AG 47. 333   1
 6 5  2.09902E-04  1.09001E+00  1.09001E+00  4.50000E+01            101.AG 47. 334   5
 6 6  8.04171E-06  1.09026E+00  1.09026E+00  4.50000E+01            101.AG 47. 335   6
 6 7  6.26255E-06  1.09042E+00  1.09042E+00  4.50000E+01            101.AG 47. 336   7
 6 3  4.24112E-05  1.09306E+00  1.09306E+00  4.50000E+01            101.AG 47. 337   3
 6 4  7.87017E-06  1.09359E+00  1.09359E+00  4.50000E+01            101.AG 47. 338   4
 146  4.15540E-01  1.12527E+00  1.12527E+00  0.00000E+00            101.AG 47. 339  46
 6 1  2.83703E-04  1.10095E+00  1.10095E+00  4.60000E+01            101.AG 47. 340   1
 6 5  3.11836E-05  1.12169E+00  1.12169E+00  4.60000E+01            101.AG 47. 341   5
 6 6  1.15242E-06  1.12194E+00  1.12194E+00  4.60000E+01            101.AG 47. 342   6
 6 7  9.00571E-07  1.12210E+00  1.12210E+00  4.60000E+01            101.AG 47. 343   7
 6 3  6.28530E-06  1.12474E+00  1.12474E+00  4.60000E+01            101.AG 47. 344   3
 6 4  1.16684E-06  1.12527E+00  1.12527E+00  4.60000E+01            101.AG 47. 345   4
 147  8.94200E+00  1.17394E+00  1.17394E+00  0.00000E+00            101.AG 47. 346  47
 6 1  6.36385E-03  1.14962E+00  1.14962E+00  4.70000E+01            101.AG 47. 347   1
 6 5  7.11948E-04  1.17036E+00  1.17036E+00  4.70000E+01            101.AG 47. 348   5
 6 6  1.44467E-05  1.17061E+00  1.17061E+00  4.70000E+01            101.AG 47. 349   6
 6 7  6.77687E-06  1.17077E+00  1.17077E+00  4.70000E+01            101.AG 47. 350   7
 6 3  1.37835E-04  1.17341E+00  1.17341E+00  4.70000E+01            101.AG 47. 351   3
 6 4  2.57181E-05  1.17394E+00  1.17394E+00  4.70000E+01            101.AG 47. 352   4
 148  2.63000E+00  1.20526E+00  1.20526E+00  0.00000E+00            101.AG 47. 353  48
 6 1  1.76838E-03  1.18094E+00  1.18094E+00  4.80000E+01            101.AG 47. 354   1
 6 5  1.97822E-04  1.20168E+00  1.20168E+00  4.80000E+01            101.AG 47. 355   5
 6 6  3.94625E-06  1.20193E+00  1.20193E+00  4.80000E+01            101.AG 47. 356   6
 6 7  1.88067E-06  1.20209E+00  1.20209E+00  4.80000E+01            101.AG 47. 357   7
 6 3  3.82866E-05  1.20473E+00  1.20473E+00  4.80000E+01            101.AG 47. 358   3
 6 4  7.14377E-06  1.20526E+00  1.20526E+00  4.80000E+01            101.AG 47. 359   4
 149  9.36280E-01  1.29946E+00  1.29946E+00  0.00000E+00            101.AG 47. 360  49
 6 1  5.35831E-04  1.27514E+00  1.27514E+00  4.90000E+01            101.AG 47. 361   1
 6 5  5.99175E-05  1.29588E+00  1.29588E+00  4.90000E+01            101.AG 47. 362   5
 6 6  1.13793E-06  1.29613E+00  1.29613E+00  4.90000E+01            101.AG 47. 363   6
 6 7  5.68348E-07  1.29629E+00  1.29629E+00  4.90000E+01            101.AG 47. 364   7
 6 3  1.15884E-05  1.29893E+00  1.29893E+00  4.90000E+01            101.AG 47. 365   3
 6 4  2.16219E-06  1.29946E+00  1.29946E+00  4.90000E+01            101.AG 47. 366   4
 150  7.36400E-01  1.30670E+00  1.30670E+00  0.00000E+00            101.AG 47. 367  50
 6 1  4.16484E-04  1.28238E+00  1.28238E+00  5.00000E+01            101.AG 47. 368   1
 6 5  4.65698E-05  1.30312E+00  1.30312E+00  5.00000E+01            101.AG 47. 369   5
 6 6  8.81211E-07  1.30337E+00  1.30337E+00  5.00000E+01            101.AG 47. 370   6
 6 7  4.41698E-07  1.30353E+00  1.30353E+00  5.00000E+01            101.AG 47. 371   7
 6 3  9.00653E-06  1.30617E+00  1.30617E+00  5.00000E+01            101.AG 47. 372   3
 6 4  1.68046E-06  1.30670E+00  1.30670E+00  5.00000E+01            101.AG 47. 373   4
 151  6.83800E-01  1.32610E+00  1.32610E+00  0.00000E+00            101.AG 47. 374  51
 6 1  3.31413E-04  1.30178E+00  1.30178E+00  5.10000E+01            101.AG 47. 375   1
 6 5  3.64532E-05  1.32252E+00  1.32252E+00  5.10000E+01            101.AG 47. 376   5
 6 6  1.09661E-06  1.32277E+00  1.32277E+00  5.10000E+01            101.AG 47. 377   6
 6 7  8.80210E-07  1.32293E+00  1.32293E+00  5.10000E+01            101.AG 47. 378   7
 6 3  7.25112E-06  1.32557E+00  1.32557E+00  5.10000E+01            101.AG 47. 379   3
 6 4  1.34951E-06  1.32610E+00  1.32610E+00  5.10000E+01            101.AG 47. 380   4
 152  2.89300E-01  1.35358E+00  1.35358E+00  0.00000E+00            101.AG 47. 381  52
 6 1  1.51824E-04  1.32926E+00  1.32926E+00  5.20000E+01            101.AG 47. 382   1
 6 5  1.69705E-05  1.35000E+00  1.35000E+00  5.20000E+01            101.AG 47. 383   5
 6 6  3.13749E-07  1.35025E+00  1.35025E+00  5.20000E+01            101.AG 47. 384   6
 6 7  1.60902E-07  1.35041E+00  1.35041E+00  5.20000E+01            101.AG 47. 385   7
 6 3  3.28144E-06  1.35305E+00  1.35305E+00  5.20000E+01            101.AG 47. 386   3
 6 4  6.12245E-07  1.35358E+00  1.35358E+00  5.20000E+01            101.AG 47. 387   4
 153  1.05200E-01  1.39930E+00  1.39930E+00  0.00000E+00            101.AG 47. 388  53
 6 1  5.14692E-05  1.37498E+00  1.37498E+00  5.30000E+01            101.AG 47. 389   1
 6 5  5.75063E-06  1.39572E+00  1.39572E+00  5.30000E+01            101.AG 47. 390   5
 6 6  1.04004E-07  1.39597E+00  1.39597E+00  5.30000E+01            101.AG 47. 391   6
 6 7  5.45241E-08  1.39613E+00  1.39613E+00  5.30000E+01            101.AG 47. 392   7
 6 3  1.11183E-06  1.39877E+00  1.39877E+00  5.30000E+01            101.AG 47. 393   3
 6 4  2.07438E-07  1.39930E+00  1.39930E+00  5.30000E+01            101.AG 47. 394   4
 154  4.20800E-01  1.41801E+00  1.41801E+00  0.00000E+00            101.AG 47. 395  54
 6 1  2.00204E-04  1.39369E+00  1.39369E+00  5.40000E+01            101.AG 47. 396   1
 6 5  2.23641E-05  1.41443E+00  1.41443E+00  5.40000E+01            101.AG 47. 397   5
 6 6  4.00917E-07  1.41468E+00  1.41468E+00  5.40000E+01            101.AG 47. 398   6
 6 7  2.12064E-07  1.41484E+00  1.41484E+00  5.40000E+01            101.AG 47. 399   7
 6 3  4.32381E-06  1.41748E+00  1.41748E+00  5.40000E+01            101.AG 47. 400   3
 6 4  8.06695E-07  1.41801E+00  1.41801E+00  5.40000E+01            101.AG 47. 401   4
 155  4.41840E-01  1.45402E+00  1.45402E+00  0.00000E+00            101.AG 47. 402  55
 6 1  1.78046E-04  1.42970E+00  1.42970E+00  5.50000E+01            101.AG 47. 403   1
 6 5  1.96186E-05  1.45044E+00  1.45044E+00  5.50000E+01            101.AG 47. 404   5
 6 6  5.26633E-07  1.45069E+00  1.45069E+00  5.50000E+01            101.AG 47. 405   6
 6 7  4.31223E-07  1.45085E+00  1.45085E+00  5.50000E+01            101.AG 47. 406   7
 6 3  3.87558E-06  1.45349E+00  1.45349E+00  5.50000E+01            101.AG 47. 407   3
 6 4  7.22328E-07  1.45402E+00  1.45402E+00  5.50000E+01            101.AG 47. 408   4
 156  1.68320E-01  1.48750E+00  1.48750E+00  0.00000E+00            101.AG 47. 409  56
 6 1  7.24514E-05  1.46318E+00  1.46318E+00  5.60000E+01            101.AG 47. 410   1
 6 5  8.08593E-06  1.48392E+00  1.48392E+00  5.60000E+01            101.AG 47. 411   5
 6 6  1.40403E-07  1.48417E+00  1.48417E+00  5.60000E+01            101.AG 47. 412   6
 6 7  7.67325E-08  1.48433E+00  1.48433E+00  5.60000E+01            101.AG 47. 413   7
 6 3  1.56336E-06  1.48697E+00  1.48697E+00  5.60000E+01            101.AG 47. 414   3
 6 4  2.91661E-07  1.48750E+00  1.48750E+00  5.60000E+01            101.AG 47. 415   4
 157  4.73400E-01  1.63280E+00  1.63280E+00  0.00000E+00            101.AG 47. 416  57
 6 1  3.46323E-04  1.60848E+00  1.60848E+00  5.70000E+01            101.AG 47. 417   1
 6 5  3.91731E-05  1.62922E+00  1.62922E+00  5.70000E+01            101.AG 47. 418   5
 6 6  9.92057E-07  1.62947E+00  1.62947E+00  5.70000E+01            101.AG 47. 419   6
 6 7  2.87148E-07  1.62963E+00  1.62963E+00  5.70000E+01            101.AG 47. 420   7
 6 3  7.66617E-06  1.63227E+00  1.63227E+00  5.70000E+01            101.AG 47. 421   3
 6 4  1.42772E-06  1.63280E+00  1.63280E+00  5.70000E+01            101.AG 47. 422   4
 158  4.20800E-01  1.63290E+00  1.63290E+00  0.00000E+00            101.AG 47. 423  58
 6 1  1.49364E-04  1.60858E+00  1.60858E+00  5.80000E+01            101.AG 47. 424   1
 6 5  1.66253E-05  1.62932E+00  1.62932E+00  5.80000E+01            101.AG 47. 425   5
 6 6  2.71131E-07  1.62957E+00  1.62957E+00  5.80000E+01            101.AG 47. 426   6
 6 7  1.58280E-07  1.62973E+00  1.62973E+00  5.80000E+01            101.AG 47. 427   7
 6 3  3.21623E-06  1.63237E+00  1.63237E+00  5.80000E+01            101.AG 47. 428   3
 6 4  5.99943E-07  1.63290E+00  1.63290E+00  5.80000E+01            101.AG 47. 429   4
 159  1.63060E-01  1.64180E+00  1.64180E+00  0.00000E+00            101.AG 47. 430  59
 6 1  5.72374E-05  1.61748E+00  1.61748E+00  5.90000E+01            101.AG 47. 431   1
 6 5  6.36970E-06  1.63822E+00  1.63822E+00  5.90000E+01            101.AG 47. 432   5
 6 6  1.03498E-07  1.63847E+00  1.63847E+00  5.90000E+01            101.AG 47. 433   6
 6 7  6.06578E-08  1.63863E+00  1.63863E+00  5.90000E+01            101.AG 47. 434   7
 6 3  1.23231E-06  1.64127E+00  1.64127E+00  5.90000E+01            101.AG 47. 435   3
 6 4  2.29868E-07  1.64180E+00  1.64180E+00  5.90000E+01            101.AG 47. 436   4
 160  1.36760E-01  1.67190E+00  1.67190E+00  0.00000E+00            101.AG 47. 437  60
 6 1  4.62551E-05  1.64758E+00  1.64758E+00  6.00000E+01            101.AG 47. 438   1
 6 5  5.14395E-06  1.66832E+00  1.66832E+00  6.00000E+01            101.AG 47. 439   5
 6 6  8.25593E-08  1.66857E+00  1.66857E+00  6.00000E+01            101.AG 47. 440   6
 6 7  4.90294E-08  1.66873E+00  1.66873E+00  6.00000E+01            101.AG 47. 441   7
 6 3  9.95375E-07  1.67137E+00  1.67137E+00  6.00000E+01            101.AG 47. 442   3
 6 4  1.85666E-07  1.67190E+00  1.67190E+00  6.00000E+01            101.AG 47. 443   4
 161  2.52480E-01  1.81550E+00  1.81550E+00  0.00000E+00            101.AG 47. 444  61
 162  2.41960E-01  1.90120E+00  1.90120E+00  0.00000E+00            101.AG 47. 445  62
 6 1  2.12472E-04  1.87688E+00  1.87688E+00  6.20000E+01            101.AG 47. 446   1
 6 5  2.47234E-05  1.89762E+00  1.89762E+00  6.20000E+01            101.AG 47. 447   5
 6 6  7.66622E-07  1.89787E+00  1.89787E+00  6.20000E+01            101.AG 47. 448   6
 6 7  1.78314E-07  1.89803E+00  1.89803E+00  6.20000E+01            101.AG 47. 449   7
 6 3  4.78945E-06  1.90067E+00  1.90067E+00  6.20000E+01            101.AG 47. 450   3
 6 4  9.01073E-07  1.90120E+00  1.90120E+00  6.20000E+01            101.AG 47. 451   4
 163  2.47220E-01  1.95900E+00  1.95900E+00  0.00000E+00            101.AG 47. 452  63
 6 1  1.19300E-04  1.93468E+00  1.93468E+00  6.30000E+01            101.AG 47. 453   1
 6 5  1.35065E-05  1.95542E+00  1.95542E+00  6.30000E+01            101.AG 47. 454   5
 6 6  2.97023E-07  1.95567E+00  1.95567E+00  6.30000E+01            101.AG 47. 455   6
 6 7  8.50440E-08  1.95583E+00  1.95583E+00  6.30000E+01            101.AG 47. 456   7
 6 3  2.62798E-06  1.95847E+00  1.95847E+00  6.30000E+01            101.AG 47. 457   3
 6 4  4.90096E-07  1.95900E+00  1.95900E+00  6.30000E+01            101.AG 47. 458   4
 164  6.15420E-01  2.04181E+00  2.04181E+00  0.00000E+00            101.AG 47. 459  64
 6 1  1.39835E-04  2.01749E+00  2.01749E+00  6.40000E+01            101.AG 47. 460   1
 6 5  1.53345E-05  2.03823E+00  2.03823E+00  6.40000E+01            101.AG 47. 461   5
 6 6  2.14650E-07  2.03848E+00  2.03848E+00  6.40000E+01            101.AG 47. 462   6
 6 7  1.42570E-07  2.03864E+00  2.03864E+00  6.40000E+01            101.AG 47. 463   7
 6 3  2.97732E-06  2.04128E+00  2.04128E+00  6.40000E+01            101.AG 47. 464   3
 6 4  5.55212E-07  2.04181E+00  2.04181E+00  6.40000E+01            101.AG 47. 465   4
 165  8.20560E-01  2.05310E+00  2.05310E+00  0.00000E+00            101.AG 47. 466  65
 6 1  1.84445E-04  2.02878E+00  2.02878E+00  6.50000E+01            101.AG 47. 467   1
 6 5  2.02173E-05  2.04952E+00  2.04952E+00  6.50000E+01            101.AG 47. 468   5
 6 6  2.81924E-07  2.04977E+00  2.04977E+00  6.50000E+01            101.AG 47. 469   6
 6 7  1.87865E-07  2.04993E+00  2.04993E+00  6.50000E+01            101.AG 47. 470   7
 6 3  3.92593E-06  2.05257E+00  2.05257E+00  6.50000E+01            101.AG 47. 471   3
 6 4  7.32106E-07  2.05310E+00  2.05310E+00  6.50000E+01            101.AG 47. 472   4
 166  3.15600E-01  2.13170E+00  2.13170E+00  0.00000E+00            101.AG 47. 473  66
 6 1  6.59300E-05  2.10738E+00  2.10738E+00  6.60000E+01            101.AG 47. 474   1
 6 5  7.20336E-06  2.12812E+00  2.12812E+00  6.60000E+01            101.AG 47. 475   5
 6 6  9.78725E-08  2.12837E+00  2.12837E+00  6.60000E+01            101.AG 47. 476   6
 6 7  6.66773E-08  2.12853E+00  2.12853E+00  6.60000E+01            101.AG 47. 477   7
 6 3  1.40031E-06  2.13117E+00  2.13117E+00  6.60000E+01            101.AG 47. 478   3
 6 4  2.61115E-07  2.13170E+00  2.13170E+00  6.60000E+01            101.AG 47. 479   4
 167  6.31200E-01  2.30780E+00  2.30780E+00  0.00000E+00            101.AG 47. 480  67
 6 1  1.13149E-04  2.28348E+00  2.28348E+00  6.70000E+01            101.AG 47. 481   1
 6 5  1.17830E-05  2.30422E+00  2.30422E+00  6.70000E+01            101.AG 47. 482   5
 6 6  1.53733E-07  2.30447E+00  2.30447E+00  6.70000E+01            101.AG 47. 483   6
 6 7  1.12534E-07  2.30463E+00  2.30463E+00  6.70000E+01            101.AG 47. 484   7
 6 3  2.27233E-06  2.30727E+00  2.30727E+00  6.70000E+01            101.AG 47. 485   3
 6 4  4.23840E-07  2.30780E+00  2.30780E+00  6.70000E+01            101.AG 47. 486   4
 168  1.05200E-01  2.44440E+00  2.44440E+00  0.00000E+00            101.AG 47. 487  68
 169  8.41600E-02  2.51940E+00  2.51940E+00  0.00000E+00            101.AG 47. 488  69
 170  2.94560E-01  2.63510E+00  2.63510E+00  0.00000E+00            101.AG 47. 489  70
 6 1  4.11014E-05  2.61078E+00  2.61078E+00  7.00000E+01            101.AG 47. 490   1
 6 5  4.13283E-06  2.63152E+00  2.63152E+00  7.00000E+01            101.AG 47. 491   5
 6 6  4.94644E-08  2.63177E+00  2.63177E+00  7.00000E+01            101.AG 47. 492   6
 6 7  3.95462E-08  2.63193E+00  2.63193E+00  7.00000E+01            101.AG 47. 493   7
 6 3  7.96557E-07  2.63457E+00  2.63457E+00  7.00000E+01            101.AG 47. 494   3
 6 4  1.48564E-07  2.63510E+00  2.63510E+00  7.00000E+01            101.AG 47. 495   4
 171  1.78840E-01  2.66430E+00  2.66430E+00  0.00000E+00            101.AG 47. 496  71
 172  3.68200E-01  2.69910E+00  2.69910E+00  0.00000E+00            101.AG 47. 497  72
 6 1  4.91339E-05  2.67478E+00  2.67478E+00  7.20000E+01            101.AG 47. 498   1
 6 5  4.90589E-06  2.69552E+00  2.69552E+00  7.20000E+01            101.AG 47. 499   5
 6 6  5.78076E-08  2.69577E+00  2.69577E+00  7.20000E+01            101.AG 47. 500   6
 6 7  4.69598E-08  2.69593E+00  2.69593E+00  7.20000E+01            101.AG 47. 501   7
 6 3  9.45469E-07  2.69857E+00  2.69857E+00  7.20000E+01            101.AG 47. 502   3
 6 4  1.76335E-07  2.69910E+00  2.69910E+00  7.20000E+01            101.AG 47. 503   4
 173  1.36760E-01  2.85400E+00  2.85400E+00  0.00000E+00            101.AG 47. 504  73
 174  1.36760E-01  2.88810E+00  2.88810E+00  0.00000E+00            101.AG 47. 505  74
 175  1.73580E-01  3.14330E+00  3.14330E+00  0.00000E+00            101.AG 47. 506  75
 6 1  1.75339E-05  3.11898E+00  3.11898E+00  7.50000E+01            101.AG 47. 507   1
 6 5  1.66599E-06  3.13972E+00  3.13972E+00  7.50000E+01            101.AG 47. 508   5
 6 6  1.77787E-08  3.13997E+00  3.13997E+00  7.50000E+01            101.AG 47. 509   6
 6 7  1.59821E-08  3.14013E+00  3.14013E+00  7.50000E+01            101.AG 47. 510   7
 6 3  3.20905E-07  3.14277E+00  3.14277E+00  7.50000E+01            101.AG 47. 511   3
 6 4  5.98441E-08  3.14330E+00  3.14330E+00  7.50000E+01            101.AG 47. 512   4
 176  6.83800E-02  3.19740E+00  3.19740E+00  0.00000E+00            101.AG 47. 513  76
 2 1  7.02398E+00  2.09884E-02  2.09884E-02  0.00000E+00            101.AG 47. 514   1
 2 2  1.32680E+01  2.11504E-02  2.11504E-02  0.00000E+00            101.AG 47. 515   2
 2 3  1.14288E+00  2.37657E-02  2.37657E-02  0.00000E+00            101.AG 47. 516   3
 2 4  2.22125E+00  2.37942E-02  2.37942E-02  0.00000E+00            101.AG 47. 517   4
 2 5  7.26608E-03  2.39728E-02  2.39728E-02  0.00000E+00            101.AG 47. 518   5
 2 6  1.01669E-02  2.39785E-02  2.39785E-02  0.00000E+00            101.AG 47. 519   6
 2 7  2.30951E-01  2.42613E-02  2.42613E-02  0.00000E+00            101.AG 47. 520   7
 2 8  4.47536E-01  2.42659E-02  2.42659E-02  0.00000E+00            101.AG 47. 521   8
 2 9  7.23760E-04  2.43129E-02  2.43129E-02  0.00000E+00            101.AG 47. 522   9
 210  9.95088E-04  2.43133E-02  2.43133E-02  0.00000E+00            101.AG 47. 523  10
 221  9.16954E-05  2.47400E-04  2.47400E-04  0.00000E+00            101.AG 47. 524  21
 222  7.16114E-04  4.09400E-04  4.09400E-04  0.00000E+00            101.AG 47. 525  22
 223  2.09905E-02  3.02474E-03  3.02474E-03  0.00000E+00            101.AG 47. 526  23
 224  3.51726E-02  3.05320E-03  3.05320E-03  0.00000E+00            101.AG 47. 527  24
 225  2.21323E-04  3.23176E-03  3.23176E-03  0.00000E+00            101.AG 47. 528  25
 226  3.30053E-04  3.23749E-03  3.23749E-03  0.00000E+00            101.AG 47. 529  26
 227  3.64259E-03  3.52032E-03  3.52032E-03  0.00000E+00            101.AG 47. 530  27
 228  6.15547E-03  3.52491E-03  3.52491E-03  0.00000E+00            101.AG 47. 531  28
 229  1.58209E-05  3.57186E-03  3.57186E-03  0.00000E+00            101.AG 47. 532  29
 230  2.34515E-05  3.57233E-03  3.57233E-03  0.00000E+00            101.AG 47. 533  30
 241  1.25723E-07  1.62000E-04  1.62000E-04  0.00000E+00            101.AG 47. 534  41
 242  3.38459E-02  2.67765E-03  2.67765E-03  0.00000E+00            101.AG 47. 535  42
 243  3.89296E-04  2.80581E-03  2.80581E-03  0.00000E+00            101.AG 47. 536  43
 244  4.38039E-01  2.98437E-03  2.98437E-03  0.00000E+00            101.AG 47. 537  44
 245  3.39797E-03  3.24160E-03  3.24160E-03  0.00000E+00            101.AG 47. 538  45
 246  2.33602E-05  3.27751E-03  3.27751E-03  0.00000E+00            101.AG 47. 539  46
 247  3.64155E-02  3.32446E-03  3.32446E-03  0.00000E+00            101.AG 47. 540  47
 261  1.31458E-01  2.51566E-03  2.51566E-03  0.00000E+00            101.AG 47. 541  61
 262  6.13950E-04  2.61534E-03  2.61534E-03  0.00000E+00            101.AG 47. 542  62
 263  5.78958E-04  2.64380E-03  2.64380E-03  0.00000E+00            101.AG 47. 543  63
 264  1.03131E-01  2.82236E-03  2.82236E-03  0.00000E+00            101.AG 47. 544  64
 265  9.15585E-01  2.82809E-03  2.82809E-03  0.00000E+00            101.AG 47. 545  65
 266  8.14203E-03  3.07958E-03  3.07958E-03  0.00000E+00            101.AG 47. 546  66
 267  2.78312E-05  3.11093E-03  3.11093E-03  0.00000E+00            101.AG 47. 547  67
 268  2.64738E-05  3.11551E-03  3.11551E-03  0.00000E+00            101.AG 47. 548  68
 269  8.44896E-03  3.16246E-03  3.16246E-03  0.00000E+00            101.AG 47. 549  69
 270  7.40602E-02  3.16293E-03  3.16293E-03  0.00000E+00            101.AG 47. 550  70
 291  5.43618E-02  3.36289E-04  3.36289E-04  0.00000E+00            101.AG 47. 551  91
 292  1.01221E-03  4.30844E-05  4.30844E-05  0.00000E+00            101.AG 47. 552  92
 294  2.77100E+02  7.85947E-06  7.85947E-06  0.00000E+00            101.AG 47. 553  94
 7 1  3.70487E+00  1.76856E-02  1.76856E-02  0.00000E+00            101.AG 47. 554   1
 7 2  1.47049E+00  2.05196E-02  2.05196E-02  0.00000E+00            101.AG 47. 555   2
 7 3  1.40518E-01  2.33566E-02  2.33566E-02  0.00000E+00            101.AG 47. 556   3
 7 4  6.23258E+00  1.21690E-04  1.21690E-04  0.00000E+00            101.AG 47. 557   4
 7 5  2.58286E+01  2.38227E-03  2.38227E-03  0.00000E+00            101.AG 47. 558   5
 7 6  5.23864E+00  2.75690E-03  2.75690E-03  0.00000E+00            101.AG 47. 559   6
 7 7  2.84298E-01  3.15029E-03  3.15029E-03  0.00000E+00            101.AG 47. 560   7
 7 8  2.74422E+01  1.26063E-04  1.26063E-04  0.00000E+00            101.AG 47. 561   8
 7 9  6.77355E+01  2.92884E-04  2.92884E-04  0.00000E+00            101.AG 47. 562   9
 712  1.04390E+02  3.82005E-05  3.82005E-05  0.00000E+00            101.AG 47. 563  12
%%%% 101 AG  47    EC B+        6.66000E+02 11.1 M     02-11-2005       SEEIEND 
 


   ***************************************************** 
   *                 Radiation Summary                 * 
   ***************************************************** 
 
  Energy released by
    Gamma-ray                       (MeV) =   8.02811E-01
    X-ray                           (MeV) =   5.30239E-03
    Free-bound X-ray                (MeV) =   2.17786E-05
    Annihilation photon             (MeV) =   7.38099E-01
    Beta+ particle                  (MeV) =   8.29366E-01
    Neutrino                        (MeV) =   1.83075E+00
    Beta- particle                  (MeV) =   0.00000E+00
    Neutrino-                       (MeV) =   0.00000E+00
    Internal conv. electron         (MeV) =   8.15185E-03
    Auger and CK electron           (MeV) =   2.03892E-03
    Alpha particle                  (MeV) =   0.00000E+00
    Recoil nucleus                  (MeV) =   0.00000E+00
  E-total (except unplaced radiat.) (MeV) =   4.21654E+00
  E-unplaced radiation              (MeV) =   2.40797E-02
  Q-value from ENSDF data           (MeV) =   4.20000E+00
  Ratio of E-total/Q-value          ( % ) =   1.00394E+02
  Ratio of E-unplaced radi./Q-value ( % ) =   5.73327E-01

 
  Total yield of
    Gamma-ray                             =   1.35419E+00
    X-ray                                 =   2.62306E-01
    Free-bound X-ray                      =   2.77100E+00
    Annihilation photon                   =   1.44442E+00
    Beta+ particle                        =   7.22210E-01
    Beta- particle                        =   0.00000E+00
    Internal conv. electron               =   6.85347E-02
    Auger and CK electron                 =   2.42468E+00
    Alpha particle                        =   0.00000E+00
  Yield of unplaced radiation             =   9.62580E-03


