%%%% 245 AM  95    B-           7.38000E+03 2.05 H     02-11-2005       BALASTAR
1 245   AM  95 2.05 H          B-         
1INTENSITY AND ENERGY BALANCE DATA

              245-AMERICIUM-95
+                                    HALFLIFE = 2.05 HOURS   
+                                                                  02-11-2005


    LEVEL       INTENSITY   INTENSITY
    ENERGY      ENTERING    LEAVING     PERCENT
    (MEV)       LEVEL       LEVEL       ERROR

   0.0000E+00  9.9536E+01
   5.4810E-02  2.0688E+00  2.0000E+00  3.3819E+00                      
   2.5280E-01  2.1316E+01  2.0968E+01  1.6461E+00                      
   2.9572E-01  7.1071E+00  7.0600E+00  6.6502E-01                      


 INTENSITY TO GROUND AND ISOMERIC STATE(S) OF DAUGHTER(S)=  9.954E+01
 TOTAL INTENSITY FROM PARENT=  1.000E+02
 PERCENT ERROR =  4.661E-01                      


 TOTAL INTENSITY FROM PARENT =  1.000E+02
 VALUE IS WITHIN   7.63E-06% OF 100                      


 TOTAL ENERGY AVAILABLE =  8.947E-01 MEV
 TOTAL ENERGY CONTENT OF ALL RADIATIONS =  8.937E-01 MEV
 PERCENT ERROR =  1.089E-01                      
%%%% 245 AM  95    B-           7.38000E+03 2.05 H     02-11-2005       BALAEND 
%%%% 245 AM  95    B-           7.38000E+03 2.05 H     02-11-2005       INPUSTAR
1                                      **INPUT DATA**
              245-AMERICIUM-95
+                                    HALFLIFE = 2.05 HOURS   
+                                                                  02-11-2005

            MODE OF DECAY: BETA MINUS
 
                                MEAN
                                NUMBER/    TRANSITION
                TYPE OF    ID   TRANSFOR-  ENERGY
              TRANSITION   NO.  MATION     (MEV)       OTHER NUCLEAR PARAMETERS

               BETA MINUS   1   7.11E-02   5.990E-01*  ALLOWED                                  
               BETA MINUS   2   1.60E-01   6.419E-01*  ALLOWED                                  
               BETA MINUS   3   8.01E-03   8.399E-01*  UNIQUE FIRST FORBIDDEN                   
               BETA MINUS   4   7.61E-01   8.947E-01*  ALLOWED                                  
           I.C.E. + GAMMA   1   5.30E-02   4.288E-02   M1 MULTIPOLE                             
+                                                                    AK= 0.0                    
                                                       AL1=60.2      AL2=6.68                   
                                                       AL3=0.294     AM= 16.3                   
                                                       AN+=6.21                                 
           I.C.E. + GAMMA   2   2.00E-02   6.000E-02   M1+E2 MULTIPOLE                          
                                                       AK= 0.0       AL1=151.                   
                                                       AL2=16.7      AL3=0.710                  
                                                       AM= 40.8      AN+=15.5                   
           I.C.E. + GAMMA   6   6.80E-04   1.980E-01   E2 MULTIPOLE                             
+                                                                    AK= 0.148                  
                                                       AL1=0.0553    AL2=0.406                  
                                                       AL3=0.184     AM= 0.180                  
                                                       AN+=0.0678                               
           I.C.E. + GAMMA   7   1.20E-02   2.408E-01   M1+E2 MULTIPOLE                          
                                                       MRS=0.490     AK= 1.79                   
                                                       AL1=0.325     AL2=0.103                  
                                                       AL3=0.0283    AM= 0.114                  
                                                       AN+=0.0434                               
           I.C.E. + GAMMA   8   2.09E-01   2.527E-01   M1+E2 MULTIPOLE                          
                                                       MRS=0.0256    AK= 1.94                   
                                                       AL1=0.349     AL2=0.0438                 
                                                       AL3=0.00283   AM= 0.0960                 
                                                       AN+=0.0366                               
           I.C.E. + GAMMA   9   5.60E-03   2.956E-01   M1+E2 MULTIPOLE                          
                                                       MRS=0.0484    AK= 1.23                   
                                                       AL1=0.221     AL2=0.0289                 
                                                       AL3=0.00213   AM= 0.0612                 
                                                       AN+=0.0233                               
 
           * ENDPOINT ENERGY (MEV)
           - - - - - - - - - -
           Reference: Evaluated Nuclear Structure Data File (ENSDF)
                DATE DATA WERE ENTERED INTO ENSDF: Oct-1993
%%%% 245 AM  95    B-           7.38000E+03 2.05 H     02-11-2005       INPUEND 
%%%% 245 AM  95    B-           7.38000E+03 2.05 H     02-11-2005       OUTPSTAR
1                                      **OUTPUT DATA**
              245-AMERICIUM-95
+                                    HALFLIFE = 2.05 HOURS   
+                                                                  02-11-2005

            MODE OF DECAY: BETA MINUS
 
                                              MEAN
                                              NUMBER/                  MEV/
                                         ID   TRANSFOR-   ENERGY       TRANSFOR-
                  TYPE OF RADIATION      NO.  MATION      (MEV)        MATION

           BETA MINUS                     1   7.11E-02    1.780E-01*   1.27E-02
           BETA MINUS                     2   1.60E-01    1.925E-01*   3.08E-02
           BETA MINUS                     3   8.01E-03    2.540E-01*   2.03E-03
           BETA MINUS                     4   7.61E-01    2.804E-01*   2.13E-01
           L1 CONV. ELECTRON, GAMMA-RAY   1   3.52E-02    1.833E-02    6.45E-04
           M CONV. ELECTRON, GAMMA-RAY    1   9.52E-03    3.805E-02*   3.62E-04
           L1 CONV. ELECTRON, GAMMA-RAY   2   1.34E-02    3.545E-02    4.75E-04
           GAMMA-RAY                      6   3.33E-04    1.980E-01    6.60E-05
           GAMMA-RAY                      7   3.53E-03    2.408E-01    8.50E-04
           K CONV. ELECTRON, GAMMA-RAY    7   6.30E-03    1.120E-01    7.06E-04
           GAMMA-RAY                      8   6.02E-02    2.527E-01    1.52E-02
           K CONV. ELECTRON, GAMMA-RAY    8   1.17E-01    1.239E-01    1.45E-02
           L1 CONV. ELECTRON, GAMMA-RAY   8   2.10E-02    2.282E-01    4.79E-03
           L2 CONV. ELECTRON, GAMMA-RAY   8   2.64E-03    2.289E-01    6.03E-04
           M CONV. ELECTRON, GAMMA-RAY    8   5.78E-03    2.479E-01*   1.43E-03
           N+ CONV. ELECTRON, GAMMA-RAY   8   2.20E-03    2.527E-01*   5.56E-04
           GAMMA-RAY                      9   2.18E-03    2.956E-01    6.45E-04
           K CONV. ELECTRON, GAMMA-RAY    9   2.68E-03    1.667E-01    4.47E-04
           K -L2 X-RAY                        3.69E-02    1.051E-01    3.88E-03
           K -L3 X-RAY                        5.78E-02    1.099E-01    6.35E-03
           K -M2 X-RAY                        6.74E-03    1.229E-01    8.28E-04
           K -M3 X-RAY                        1.33E-02    1.240E-01    1.64E-03
           K -M5 X-RAY                        2.87E-04    1.248E-01    3.58E-05
           K -N2 X-RAY                        1.71E-03    1.274E-01    2.18E-04
           K -N3 X-RAY                        3.51E-03    1.277E-01    4.48E-04
           K -O2 X-RAY                        4.29E-04    1.285E-01    5.52E-05
           K -O3 X-RAY                        8.73E-04    1.286E-01    1.12E-04
           L1-M2 X-RAY                        4.91E-03    1.861E-02    9.14E-05
           L1-M3 X-RAY                        3.80E-03    1.972E-02    7.49E-05
           L2-M4 X-RAY                        1.97E-02    1.954E-02    3.85E-04
           L2-N4 X-RAY                        4.62E-03    2.286E-02    1.06E-04
           L3-M1 X-RAY                        2.84E-03    1.268E-02    3.61E-05
           L3-M4 X-RAY                        4.38E-03    1.476E-02    6.46E-05
           L3-M5 X-RAY                        3.85E-02    1.498E-02    5.76E-04
           L3-N5 X-RAY                        8.30E-03    1.813E-02    1.50E-04
           M X-RAY                            1.82E-02    3.648E-03*   6.65E-05
           Free-Bound X-RAY                   2.62E+00    7.757E-05*   2.03E-04
           AUGER LMM                          5.29E-02    1.114E-02*   5.89E-04
           AUGER LMX                          2.79E-02    1.491E-02*   4.17E-04
           AUGER MNN                          2.21E-01    2.664E-03*   5.89E-04
 
           ALL LISTED X-RAYS, GAMMA-RAYS AND ANNIHILATION RADIATION    3.21E-02
           ALL NEGLECTED X-RAYS, GAMMA-RAYS AND ANNIH. RADIATION**     3.26E-04
           ALL LISTED BETAS, INTERNAL CONVERSION AND AUGER ELECTRONS   2.85E-01
           ALL NEGLECTED BETAS, INT. CONVERSION AND AUGER ELECTRONS**  2.48E-03
           ALL LISTED RADIATIONS                                       3.17E-01
           ALL NEGLECTED RADIATIONS**                                  2.80E-03
 
           *  AVERAGE ENERGY (MEV)
           ** EACH NEGLECTED TRANSITION CONTRIBUTES LESS THAN  0.100%
              TO THE TOTAL MEV/TRANSFORMATION FOR THIS CATEGORY.
           TOTAL FEEDING OF GROUND STATE LEVEL IN 245-CURIUM
             DAUGHTER IS 1.0000E+00 PER TRANSFORMATION OF 245-AMERICIUM.
             DECAY OF THIS 8500 YEARS HALFLIFE LEVEL WILL CONTRIBUTE TO DOSE.
           - - - - - - - - - -
           INPUT DATA SOURCE: EVALUATED NUCLEAR STRUCTURE DATA FILE (ENSDF)
             DATE INPUT DATA WERE ENTERED INTO ENSDF: Oct-1993
%%%% 245 AM  95    B-           7.38000E+03 2.05 H     02-11-2005       OUTPEND 
%%%% 245 AM  95    B-           7.38000E+03 2.05 H     02-11-2005       BETASTAR
1
              245-AMERICIUM-95
+                                    HALFLIFE = 2.05 HOURS   
+                                                                  02-11-2005

            BETA SPECTRUM DATA FOR ALL DECAY BRANCHES

                      BETAS PER                BETAS PER                BETAS PER
            ENERGY    MEV            ENERGY    MEV            ENERGY    MEV
            (MEV)     PER DECAY      (MEV)     PER DECAY      (MEV)     PER DECAY

            0.00000   2.336E+00      0.00220   2.333E+00      0.05500   2.296E+00
            0.00010   2.336E+00      0.00240   2.333E+00      0.06000   2.292E+00
            0.00011   2.336E+00      0.00260   2.333E+00      0.06500   2.288E+00
            0.00012   2.336E+00      0.00280   2.332E+00      0.07000   2.283E+00
            0.00013   2.336E+00      0.00300   2.332E+00      0.07500   2.278E+00
            0.00014   2.336E+00      0.00320   2.332E+00      0.08000   2.273E+00
            0.00015   2.336E+00      0.00360   2.331E+00      0.08500   2.267E+00
            0.00016   2.336E+00      0.00400   2.331E+00      0.09000   2.260E+00
            0.00018   2.336E+00      0.00450   2.330E+00      0.10000   2.246E+00
            0.00020   2.336E+00      0.00500   2.329E+00      0.11000   2.230E+00
            0.00022   2.336E+00      0.00550   2.329E+00      0.12000   2.213E+00
            0.00024   2.336E+00      0.00600   2.328E+00      0.13000   2.194E+00
            0.00026   2.336E+00      0.00650   2.327E+00      0.14000   2.173E+00
            0.00028   2.336E+00      0.00700   2.327E+00      0.15000   2.151E+00
            0.00030   2.336E+00      0.00750   2.326E+00      0.16000   2.127E+00
            0.00032   2.336E+00      0.00800   2.325E+00      0.18000   2.076E+00
            0.00036   2.336E+00      0.00850   2.324E+00      0.20000   2.020E+00
            0.00040   2.336E+00      0.00900   2.324E+00      0.22000   1.959E+00
            0.00045   2.335E+00      0.01000   2.322E+00      0.24000   1.893E+00
            0.00050   2.335E+00      0.01100   2.321E+00      0.26000   1.824E+00
            0.00055   2.335E+00      0.01200   2.319E+00      0.28000   1.751E+00
            0.00060   2.335E+00      0.01300   2.318E+00      0.30000   1.675E+00
            0.00065   2.335E+00      0.01400   2.316E+00      0.32000   1.596E+00
            0.00070   2.335E+00      0.01500   2.315E+00      0.36000   1.432E+00
            0.00075   2.335E+00      0.01600   2.313E+00      0.40000   1.263E+00
            0.00080   2.335E+00      0.01800   2.310E+00      0.45000   1.051E+00
            0.00085   2.335E+00      0.02000   2.307E+00      0.50000   8.454E-01
            0.00090   2.335E+00      0.02200   2.309E+00      0.55000   6.557E-01
            0.00100   2.335E+00      0.02400   2.309E+00      0.60000   4.908E-01
            0.00110   2.335E+00      0.02600   2.309E+00      0.65000   3.545E-01
            0.00120   2.334E+00      0.02800   2.308E+00      0.70000   2.374E-01
            0.00130   2.334E+00      0.03000   2.308E+00      0.75000   1.383E-01
            0.00140   2.334E+00      0.03200   2.308E+00      0.80000   6.218E-02
            0.00150   2.334E+00      0.03600   2.306E+00      0.85000   1.451E-02
            0.00160   2.334E+00      0.04000   2.305E+00      0.89470   0.000E+00
            0.00180   2.334E+00      0.04500   2.302E+00
            0.00200   2.333E+00      0.05000   2.299E+00

            AVERAGE BETA ENERGY =   2.588E-01

            TOTAL BETAS PER DECAY FOR ALL BRANCHES =   1.000E+00
%%%% 245 AM  95    B-           7.38000E+03 2.05 H     02-11-2005       BETAEND 
%%%% 245 AM  95    B-           7.38000E+03 2.05 H     02-11-2005       SEEISTAR
245.  AMERICIUM    95.  2.050E+00 HOURS    133 B-                   245.AM 95.   0
 5 1  7.10711E+00  1.78047E-01  5.98980E-01  0.00000E+00            245.AM 95.   1   1
 5 2  1.60160E+01  1.92463E-01  6.41900E-01  0.00000E+00            245.AM 95.   2   2
 5 3  8.00801E-01  2.53971E-01  8.39890E-01  1.00000E+00            245.AM 95.   3   3
 5 4  7.60761E+01  2.80409E-01  8.94700E-01  0.00000E+00            245.AM 95.   4   4
 1 1  5.84459E-02  4.28800E-02  4.28800E-02  0.00000E+00            245.AM 95.   5   1
 6 5  3.51968E+00  1.83260E-02  1.83260E-02  1.00000E+00            245.AM 95.   6   5
 6 6  3.90168E-01  1.91040E-02  1.91040E-02  1.00000E+00            245.AM 95.   7   6
 6 7  1.71920E-02  2.38860E-02  2.38860E-02  1.00000E+00            245.AM 95.   8   7
 6 3  9.51828E-01  3.80510E-02  3.80510E-02  1.00000E+00            245.AM 95.   9   3
 6 4  3.62686E-01  4.28800E-02  4.28800E-02  1.00000E+00            245.AM 95.  10   4
 1 2  8.84956E-03  6.00000E-02  6.00000E-02  0.00000E+00            245.AM 95.  11   2
 6 5  1.33920E+00  3.54460E-02  3.54460E-02  2.00000E+00            245.AM 95.  12   5
 6 6  1.47474E-01  3.62240E-02  3.62240E-02  2.00000E+00            245.AM 95.  13   6
 6 7  6.28140E-03  4.10060E-02  4.10060E-02  2.00000E+00            245.AM 95.  14   7
 6 3  3.60714E-01  5.51710E-02  5.51710E-02  2.00000E+00            245.AM 95.  15   3
 6 4  1.37479E-01  6.00000E-02  6.00000E-02  2.00000E+00            245.AM 95.  16   4
 1 6  3.33280E-02  1.98000E-01  1.98000E-01  0.00000E+00            245.AM 95.  17   6
 6 1  4.93181E-03  6.91400E-02  6.91400E-02  6.00000E+00            245.AM 95.  18   1
 6 5  1.84336E-03  1.73446E-01  1.73446E-01  6.00000E+00            245.AM 95.  19   5
 6 6  1.35175E-02  1.74224E-01  1.74224E-01  6.00000E+00            245.AM 95.  20   6
 6 7  6.13747E-03  1.79006E-01  1.79006E-01  6.00000E+00            245.AM 95.  21   7
 6 3  5.98254E-03  1.93171E-01  1.93171E-01  6.00000E+00            245.AM 95.  22   3
 6 4  2.25934E-03  1.98000E-01  1.98000E-01  6.00000E+00            245.AM 95.  23   4
 1 7  3.52941E-01  2.40840E-01  2.40840E-01  0.00000E+00            245.AM 95.  24   7
 6 1  6.30326E-01  1.11980E-01  1.11980E-01  7.00000E+00            245.AM 95.  25   1
 6 5  1.14794E-01  2.16286E-01  2.16286E-01  7.00000E+00            245.AM 95.  26   5
 6 6  3.62953E-02  2.17064E-01  2.17064E-01  7.00000E+00            245.AM 95.  27   6
 6 7  9.98168E-03  2.21846E-01  2.21846E-01  7.00000E+00            245.AM 95.  28   7
 6 3  4.03293E-02  2.36011E-01  2.36011E-01  7.00000E+00            245.AM 95.  29   3
 6 4  1.53327E-02  2.40840E-01  2.40840E-01  7.00000E+00            245.AM 95.  30   4
 1 8  6.01807E+00  2.52720E-01  2.52720E-01  0.00000E+00            245.AM 95.  31   8
 6 1  1.17046E+01  1.23860E-01  1.23860E-01  8.00000E+00            245.AM 95.  32   1
 6 5  2.09908E+00  2.28166E-01  2.28166E-01  8.00000E+00            245.AM 95.  33   5
 6 6  2.63565E-01  2.28944E-01  2.28944E-01  8.00000E+00            245.AM 95.  34   6
 6 7  1.70457E-02  2.33726E-01  2.33726E-01  8.00000E+00            245.AM 95.  35   7
 6 3  5.77632E-01  2.47891E-01  2.47891E-01  8.00000E+00            245.AM 95.  36   3
 6 4  2.20002E-01  2.52720E-01  2.52720E-01  8.00000E+00            245.AM 95.  37   4
 1 9  2.18318E-01  2.95600E-01  2.95600E-01  0.00000E+00            245.AM 95.  38   9
 6 1  2.68259E-01  1.66740E-01  1.66740E-01  9.00000E+00            245.AM 95.  39   1
 6 5  4.82177E-02  2.71046E-01  2.71046E-01  9.00000E+00            245.AM 95.  40   5
 6 6  6.30906E-03  2.71824E-01  2.71824E-01  9.00000E+00            245.AM 95.  41   6
 6 7  4.65273E-04  2.76606E-01  2.76606E-01  9.00000E+00            245.AM 95.  42   7
 6 3  1.33535E-02  2.90771E-01  2.90771E-01  9.00000E+00            245.AM 95.  43   3
 6 4  5.07786E-03  2.95600E-01  2.95600E-01  9.00000E+00            245.AM 95.  44   4
 2 1  3.69295E+00  1.05084E-01  1.05084E-01  0.00000E+00            245.AM 95.  45   1
 2 2  5.77986E+00  1.09866E-01  1.09866E-01  0.00000E+00            245.AM 95.  46   2
 2 3  6.73708E-01  1.22914E-01  1.22914E-01  0.00000E+00            245.AM 95.  47   3
 2 4  1.32626E+00  1.24031E-01  1.24031E-01  0.00000E+00            245.AM 95.  48   4
 2 5  2.58153E-02  1.24623E-01  1.24623E-01  0.00000E+00            245.AM 95.  49   5
 2 6  2.86711E-02  1.24845E-01  1.24845E-01  0.00000E+00            245.AM 95.  50   6
 2 7  1.70816E-01  1.27367E-01  1.27367E-01  0.00000E+00            245.AM 95.  51   7
 2 8  3.51164E-01  1.27666E-01  1.27666E-01  0.00000E+00            245.AM 95.  52   8
 2 9  7.85214E-03  1.27940E-01  1.27940E-01  0.00000E+00            245.AM 95.  53   9
 210  8.76990E-03  1.27995E-01  1.27995E-01  0.00000E+00            245.AM 95.  54  10
 211  4.29423E-02  1.28545E-01  1.28545E-01  0.00000E+00            245.AM 95.  55  11
 212  8.72829E-02  1.28620E-01  1.28620E-01  0.00000E+00            245.AM 95.  56  12
 213  1.72417E-03  1.28724E-01  1.28724E-01  0.00000E+00            245.AM 95.  57  13
 214  1.90787E-03  1.28735E-01  1.28735E-01  0.00000E+00            245.AM 95.  58  14
 215  7.38312E-03  1.28820E-01  1.28820E-01  0.00000E+00            245.AM 95.  59  15
 216  1.34530E-02  1.28833E-01  1.28833E-01  0.00000E+00            245.AM 95.  60  16
 221  9.85621E-05  7.77997E-04  7.77997E-04  0.00000E+00            245.AM 95.  61  21
 222  9.60687E-02  5.56000E-03  5.56000E-03  0.00000E+00            245.AM 95.  62  22
 223  4.90917E-01  1.86084E-02  1.86084E-02  0.00000E+00            245.AM 95.  63  23
 224  3.79769E-01  1.97249E-02  1.97249E-02  0.00000E+00            245.AM 95.  64  24
 225  2.48658E-02  2.03168E-02  2.03168E-02  0.00000E+00            245.AM 95.  65  25
 226  3.69662E-02  2.05384E-02  2.05384E-02  0.00000E+00            245.AM 95.  66  26
 227  1.34610E-01  2.30608E-02  2.30608E-02  0.00000E+00            245.AM 95.  67  27
 228  1.22306E-01  2.33596E-02  2.33596E-02  0.00000E+00            245.AM 95.  68  28
 229  4.40389E-03  2.36344E-02  2.36344E-02  0.00000E+00            245.AM 95.  69  29
 230  7.08426E-03  2.36886E-02  2.36886E-02  0.00000E+00            245.AM 95.  70  30
 231  3.42026E-02  2.42392E-02  2.42392E-02  0.00000E+00            245.AM 95.  71  31
 232  3.16478E-02  2.43144E-02  2.43144E-02  0.00000E+00            245.AM 95.  72  32
 233  8.48962E-04  2.44176E-02  2.44176E-02  0.00000E+00            245.AM 95.  73  33
 234  1.38117E-03  2.44288E-02  2.44288E-02  0.00000E+00            245.AM 95.  74  34
 235  5.90626E-03  2.45143E-02  2.45143E-02  0.00000E+00            245.AM 95.  75  35
 236  4.91213E-03  2.45269E-02  2.45269E-02  0.00000E+00            245.AM 95.  76  36
 241  3.03327E-04  4.78199E-03  4.78199E-03  0.00000E+00            245.AM 95.  77  41
 242  5.64919E-02  1.74629E-02  1.74629E-02  0.00000E+00            245.AM 95.  78  42
 243  3.14220E-03  1.89470E-02  1.89470E-02  0.00000E+00            245.AM 95.  79  43
 244  1.96869E+00  1.95388E-02  1.95388E-02  0.00000E+00            245.AM 95.  80  44
 245  1.55907E-02  2.21119E-02  2.21119E-02  0.00000E+00            245.AM 95.  81  45
 246  9.79492E-04  2.25816E-02  2.25816E-02  0.00000E+00            245.AM 95.  82  46
 247  4.62413E-01  2.28564E-02  2.28564E-02  0.00000E+00            245.AM 95.  83  47
 248  3.22692E-03  2.32738E-02  2.32738E-02  0.00000E+00            245.AM 95.  84  48
 249  4.17159E-03  2.33917E-02  2.33917E-02  0.00000E+00            245.AM 95.  85  49
 250  2.51839E-04  2.35364E-02  2.35364E-02  0.00000E+00            245.AM 95.  86  50
 251  9.59777E-02  2.36395E-02  2.36395E-02  0.00000E+00            245.AM 95.  87  51
 252  2.21185E-04  2.37624E-02  2.37624E-02  0.00000E+00            245.AM 95.  88  52
 253  8.64992E-04  2.37154E-02  2.37154E-02  0.00000E+00            245.AM 95.  89  53
 254  3.84467E-05  2.37490E-02  2.37490E-02  0.00000E+00            245.AM 95.  90  54
 255  7.35426E-05  2.37698E-02  2.37698E-02  0.00000E+00            245.AM 95.  91  55
 261  2.84301E-01  1.26809E-02  1.26809E-02  0.00000E+00            245.AM 95.  92  61
 262  3.71611E-03  1.30484E-02  1.30484E-02  0.00000E+00            245.AM 95.  93  62
 263  3.40654E-03  1.41650E-02  1.41650E-02  0.00000E+00            245.AM 95.  94  63
 264  4.38056E-01  1.47568E-02  1.47568E-02  0.00000E+00            245.AM 95.  95  64
 265  3.84566E+00  1.49784E-02  1.49784E-02  0.00000E+00            245.AM 95.  96  65
 266  7.31029E-02  1.73299E-02  1.73299E-02  0.00000E+00            245.AM 95.  97  66
 267  8.11510E-04  1.75008E-02  1.75008E-02  0.00000E+00            245.AM 95.  98  67
 268  9.44447E-04  1.77996E-02  1.77996E-02  0.00000E+00            245.AM 95.  99  68
 269  9.00968E-02  1.80743E-02  1.80743E-02  0.00000E+00            245.AM 95. 100  69
 270  8.29512E-01  1.81285E-02  1.81285E-02  0.00000E+00            245.AM 95. 101  70
 271  1.35050E-03  1.84918E-02  1.84918E-02  0.00000E+00            245.AM 95. 102  71
 272  7.40475E-03  1.85065E-02  1.85065E-02  0.00000E+00            245.AM 95. 103  72
 273  1.92975E-02  1.86097E-02  1.86097E-02  0.00000E+00            245.AM 95. 104  73
 274  1.95674E-04  1.86792E-02  1.86792E-02  0.00000E+00            245.AM 95. 105  74
 275  2.36455E-04  1.87544E-02  1.87544E-02  0.00000E+00            245.AM 95. 106  75
 276  1.81756E-02  1.88576E-02  1.88576E-02  0.00000E+00            245.AM 95. 107  76
 277  1.67498E-01  1.88687E-02  1.88687E-02  0.00000E+00            245.AM 95. 108  77
 278  9.23417E-05  1.89805E-02  1.89805E-02  0.00000E+00            245.AM 95. 109  78
 279  4.92590E-04  1.89821E-02  1.89821E-02  0.00000E+00            245.AM 95. 110  79
 280  3.93228E-03  1.89333E-02  1.89333E-02  0.00000E+00            245.AM 95. 111  80
 281  3.37367E-05  1.89543E-02  1.89543E-02  0.00000E+00            245.AM 95. 112  81
 282  3.65521E-05  1.89670E-02  1.89670E-02  0.00000E+00            245.AM 95. 113  82
 283  3.46533E-04  1.89878E-02  1.89878E-02  0.00000E+00            245.AM 95. 114  83
 291  1.82351E+00  3.64791E-03  3.64791E-03  0.00000E+00            245.AM 95. 115  91
 292  4.70928E-02  5.80525E-04  5.80525E-04  0.00000E+00            245.AM 95. 116  92
 293  2.69703E-03  1.69030E-04  1.69030E-04  0.00000E+00            245.AM 95. 117  93
 294  2.62258E+02  7.75668E-05  7.75668E-05  0.00000E+00            245.AM 95. 118  94
 7 1  2.33083E-01  8.29001E-02  8.29001E-02  0.00000E+00            245.AM 95. 119   1
 7 2  1.35329E-01  1.01252E-01  1.01252E-01  0.00000E+00            245.AM 95. 120   2
 7 3  1.91615E-02  1.19627E-01  1.19627E-01  0.00000E+00            245.AM 95. 121   3
 7 4  5.98148E+00  2.07272E-03  2.07272E-03  0.00000E+00            245.AM 95. 122   4
 7 5  5.28971E+00  1.11361E-02  1.11361E-02  0.00000E+00            245.AM 95. 123   5
 7 6  2.79471E+00  1.49060E-02  1.49060E-02  0.00000E+00            245.AM 95. 124   6
 7 7  3.46474E-01  1.87230E-02  1.87230E-02  0.00000E+00            245.AM 95. 125   7
 7 8  1.17848E+01  6.11330E-04  6.11330E-04  0.00000E+00            245.AM 95. 126   8
 7 9  2.21187E+01  2.66361E-03  2.66361E-03  0.00000E+00            245.AM 95. 127   9
 710  4.88872E+00  3.25664E-03  3.25664E-03  0.00000E+00            245.AM 95. 128  10
 711  3.07225E-01  3.96347E-03  3.96347E-03  0.00000E+00            245.AM 95. 129  11
 712  3.88580E+01  1.92406E-04  1.92406E-04  0.00000E+00            245.AM 95. 130  12
 713  6.88971E+01  2.79071E-04  2.79071E-04  0.00000E+00            245.AM 95. 131  13
 714  7.45572E+01  9.70012E-05  9.70012E-05  0.00000E+00            245.AM 95. 132  14
 715  4.08896E-01  1.92851E-04  1.92851E-04  0.00000E+00            245.AM 95. 133  15
%%%% 245 AM  95    B-           7.38000E+03 2.05 H     02-11-2005       SEEIEND 
 


   ***************************************************** 
   *                 Radiation Summary                 * 
   ***************************************************** 
 
  Energy released by
    Gamma-ray                       (MeV) =   1.68006E-02
    X-ray                           (MeV) =   1.54183E-02
    Free-bound X-ray                (MeV) =   2.03425E-04
    Annihilation photon             (MeV) =   0.00000E+00
    Beta+ particle                  (MeV) =   0.00000E+00
    Neutrino                        (MeV) =   0.00000E+00
    Beta- particle                  (MeV) =   2.58837E-01
    Neutrino-                       (MeV) =   5.73918E-01
    Internal conv. electron         (MeV) =   2.58660E-02
    Auger and CK electron           (MeV) =   2.72040E-03
    Alpha particle                  (MeV) =   0.00000E+00
    Recoil nucleus                  (MeV) =   0.00000E+00
  E-total (except unplaced radiat.) (MeV) =   8.93764E-01
  E-unplaced radiation              (MeV) =   0.00000E+00
  Q-value from ENSDF data           (MeV) =   8.94700E-01
  Ratio of E-total/Q-value          ( % ) =   9.98954E+01
  Ratio of E-unplaced radi./Q-value ( % ) =   0.00000E+00

 
  Total yield of
    Gamma-ray                             =   6.68996E-02
    X-ray                                 =   2.38710E-01
    Free-bound X-ray                      =   2.62258E+00
    Annihilation photon                   =   0.00000E+00
    Beta+ particle                        =   0.00000E+00
    Beta- particle                        =   1.00000E+00
    Internal conv. electron               =   2.33380E-01
    Auger and CK electron                 =   2.36621E+00
    Alpha particle                        =   0.00000E+00
  Yield of unplaced radiation             =   0.00000E+00


