%%%%  68 AS  33    EC B+        1.51600E+02 151.6 S    18-07-2007       BALASTAR
1  68   AS  33 151.6 S         EC B+      
1INTENSITY AND ENERGY BALANCE DATA

              68-ARSENIC-33
+                                    HALFLIFE = 151.6 SECONDS 
+                                                                  18-07-2007


    LEVEL       INTENSITY   INTENSITY
    ENERGY      ENTERING    LEAVING     PERCENT
    (MEV)       LEVEL       LEVEL       ERROR

   0.0000E+00  1.0008E+02
   1.0162E+00  7.7539E+01  7.7527E+01  1.6512E-02                      
   1.7548E+00  2.8684E+00  3.0248E+00  5.3072E+00                      
   1.7781E+00  5.3747E+01  5.3573E+01  3.2271E-01                      
   2.2684E+00  4.5215E+00  4.4960E+00  5.6558E-01                      
   2.4294E+00  4.7095E+01  4.7147E+01  1.1078E-01                      
   2.4578E+00  2.4035E+00  2.4268E+00  9.6293E-01                      
   2.6496E+00  1.0874E+00  1.0851E+00  2.1714E-01                      
   2.8313E+00  3.3433E+00  3.3489E+00  1.6884E-01                      
   2.9478E+00  9.3481E-01  9.3021E-01  4.9329E-01                      
   3.0236E+00  4.0231E+00  4.0304E+00  1.8177E-01                      
   3.0415E+00  1.5289E+01  1.5355E+01  4.2644E-01                      
   3.0878E+00  3.0190E+00  3.0229E+00  1.2844E-01                      
   3.2880E+00  1.0793E+00  1.0851E+00  5.3225E-01                      
   3.4008E+00  6.3611E+00  6.3557E+00  8.4930E-02                      
   3.4178E+00  2.7081E+00  2.7130E+00  1.8255E-01                      
   3.4751E+00  5.0571E+00  5.0378E+00  3.8290E-01                      
   3.5225E+00  1.3866E+00  1.3951E+00  6.0670E-01                      
   3.8097E+00  1.2418E+00  1.2401E+00  1.3665E-01                      
   4.2389E+00  1.5481E-01  1.5501E-01  1.2645E-01                      
   4.5679E+00  3.8802E-01  3.8751E-01  1.3017E-01                      
   4.8787E+00  1.6176E-01  1.5501E-01  4.2591E+00                      


 INTENSITY TO GROUND AND ISOMERIC STATE(S) OF DAUGHTER(S)=  1.001E+02
 TOTAL INTENSITY FROM PARENT=  1.000E+02
 PERCENT ERROR =  8.122E-02                      


 TOTAL INTENSITY FROM PARENT =  1.000E+02
 VALUE IS WITHIN   1.53E-05% OF 100                      


 TOTAL ENERGY AVAILABLE =  8.080E+00 MEV
 TOTAL ENERGY CONTENT OF ALL RADIATIONS =  8.082E+00 MEV
 PERCENT ERROR =  2.860E-02                      
%%%%  68 AS  33    EC B+        1.51600E+02 151.6 S    18-07-2007       BALAEND 
%%%%  68 AS  33    EC B+        1.51600E+02 151.6 S    18-07-2007       INPUSTAR
1                                      **INPUT DATA**
              68-ARSENIC-33
+                                    HALFLIFE = 151.6 SECONDS 
+                                                                  18-07-2007

            MODES OF DECAY: ELECTRON CAPTURE, BETA PLUS
 
                                MEAN
                                NUMBER/    TRANSITION
                TYPE OF    ID   TRANSFOR-  ENERGY
              TRANSITION   NO.  MATION     (MEV)       OTHER NUCLEAR PARAMETERS

           ELECT. CAPTURE   1   1.29E-04   3.201E+00   ALLOWED                                  
+                                                              ASSUMED                          
           ELECT. CAPTURE   2   2.08E-04   3.512E+00   ALLOWED                                  
           ELECT. CAPTURE   3   5.95E-05   3.841E+00   ALLOWED                                  
           ELECT. CAPTURE   4   3.11E-04   4.270E+00   ALLOWED                                  
           ELECT. CAPTURE   5   2.71E-04   4.557E+00   ALLOWED                                  
           ELECT. CAPTURE   6   9.53E-04   4.605E+00   UNIQUE SECOND FORBIDDEN                  
           ELECT. CAPTURE   7   4.85E-04   4.662E+00   ALLOWED                                  
+                                                              ASSUMED                          
           ELECT. CAPTURE   8   1.09E-03   4.679E+00   SECOND FORBIDDEN                         
           ELECT. CAPTURE   9   1.75E-04   4.792E+00   SECOND FORBIDDEN                         
           ELECT. CAPTURE  10   4.19E-04   4.992E+00   SECOND FORBIDDEN                         
           ELECT. CAPTURE  11   2.05E-03   5.038E+00   ALLOWED                                  
+                                                              ASSUMED                          
           ELECT. CAPTURE  12   5.36E-04   5.056E+00   ALLOWED                                  
           ELECT. CAPTURE  13   1.19E-04   5.132E+00   ALLOWED                                  
           ELECT. CAPTURE  14   3.87E-04   5.249E+00   ALLOWED                                  
           ELECT. CAPTURE  15   9.53E-05   5.430E+00   FIRST FORBIDDEN                          
           ELECT. CAPTURE  16   2.18E-04   5.622E+00   ALLOWED                                  
           ELECT. CAPTURE  17   3.22E-03   5.651E+00   ALLOWED                                  
           ELECT. CAPTURE  18   3.08E-04   5.812E+00   ALLOWED                                  
           ELECT. CAPTURE  19   3.97E-04   6.302E+00   ALLOWED                                  
           ELECT. CAPTURE  20   1.69E-04   7.064E+00   ALLOWED                                  
                BETA PLUS   1   1.49E-03   2.179E+00*  ALLOWED                                  
+                                                              ASSUMED                          
                BETA PLUS   2   3.67E-03   2.490E+00*  ALLOWED                                  
                BETA PLUS   3   1.49E-03   2.819E+00*  ALLOWED                                  
                BETA PLUS   4   1.21E-02   3.248E+00*  ALLOWED                                  
                BETA PLUS   5   1.36E-02   3.536E+00*  ALLOWED                                  
                BETA PLUS   6   4.96E-02   3.583E+00*  UNIQUE SECOND FORBIDDEN                  
                BETA PLUS   7   2.66E-02   3.640E+00*  ALLOWED                                  
+                                                              ASSUMED                          
                BETA PLUS   8   6.25E-02   3.657E+00*  SECOND FORBIDDEN                         
                BETA PLUS   9   1.06E-02   3.770E+00*  SECOND FORBIDDEN                         
                BETA PLUS  10   2.98E-02   3.970E+00*  SECOND FORBIDDEN                         
                BETA PLUS  11   1.51E-01   4.016E+00*  ALLOWED                                  
+                                                              ASSUMED                          
                BETA PLUS  12   3.97E-02   4.034E+00*  ALLOWED                                  
                BETA PLUS  13   9.23E-03   4.110E+00*  ALLOWED                                  
                BETA PLUS  14   3.30E-02   4.227E+00*  ALLOWED                                  
                BETA PLUS  15   9.23E-03   4.408E+00*  FIRST FORBIDDEN                          
                BETA PLUS  16   2.38E-02   4.600E+00*  ALLOWED                                  
                BETA PLUS  17   3.60E-01   4.629E+00*  ALLOWED                                  
                BETA PLUS  18   3.87E-02   4.790E+00*  ALLOWED                                  
                BETA PLUS  19   6.95E-02   5.280E+00*  ALLOWED                                  
                BETA PLUS  20   4.27E-02   6.042E+00*  ALLOWED                                  
           I.C.E. + GAMMA   1   4.96E-03   1.903E-01   E2 MULTIPOLE                             
+                                                                    AK= 0.0595                 
                                                       AL1=0.00563   AM= 0.00104                
           I.C.E. + GAMMA   2   4.66E-04   4.038E-01   M1 MULTIPOLE                             
+                                                                    AK= 0.00206                
           I.C.E. + GAMMA   3   1.24E-03   5.640E-01   M1 MULTIPOLE                             
           I.C.E. + GAMMA   4   9.70E-02   6.120E-01   M1 MULTIPOLE ASSUMED                     
           I.C.E. + GAMMA   5   3.20E-01   6.512E-01   M1+E2 MULTIPOLE                          
                                                       MRS=0.00360                              
           I.C.E. + GAMMA   6   6.98E-03   7.029E-01   E2 MULTIPOLE                             
           I.C.E. + GAMMA   7   3.02E-02   7.384E-01   E2 MULTIPOLE                             
           I.C.E. + GAMMA   8   3.36E-01   7.618E-01   M1+E2 MULTIPOLE                          
                                                       MRS=0.0225                               
           I.C.E. + GAMMA   9   7.75E-04   8.715E-01   E1 MULTIPOLE                             
           I.C.E. + GAMMA  10   1.01E-02   9.883E-01   M1 MULTIPOLE ASSUMED                     
           I.C.E. + GAMMA  11   7.75E-01   1.016E+00   E2 MULTIPOLE                             
           I.C.E. + GAMMA  12   1.78E-02   1.053E+00   E2 MULTIPOLE                             
           I.C.E. + GAMMA  13   9.30E-03   1.170E+00   M1 MULTIPOLE                             
           I.C.E. + GAMMA  14   4.65E-03   1.245E+00   M1 MULTIPOLE                             
           I.C.E. + GAMMA  15   4.50E-02   1.252E+00   E2+M3 MULTIPOLE                          
           I.C.E. + GAMMA  16   5.12E-02   1.263E+00   E2 MULTIPOLE ASSUMED                     
           I.C.E. + GAMMA  17   5.43E-03   1.310E+00   M1 MULTIPOLE                             
           I.C.E. + GAMMA  18   1.16E-02   1.333E+00   M1 MULTIPOLE                             
           I.C.E. + GAMMA  19   1.52E-01   1.413E+00   M1+E2 MULTIPOLE                          
                                                       MRS=0.0256                               
           I.C.E. + GAMMA  20   2.25E-03   1.441E+00   M1 MULTIPOLE                             
           I.C.E. + GAMMA  21   4.19E-02   1.623E+00   M1 MULTIPOLE                             
           I.C.E. + GAMMA  22   1.01E-02   1.633E+00   E1+M2 MULTIPOLE                          
                                                       MRS=0.00810                              
           I.C.E. + GAMMA  23   1.71E-02   1.640E+00   M1 MULTIPOLE ASSUMED                     
           I.C.E. + GAMMA  24   1.01E-02   1.646E+00   M1 MULTIPOLE                             
           I.C.E. + GAMMA  25   2.00E-01   1.778E+00   E2 MULTIPOLE                             
           I.C.E. + GAMMA  26   1.40E-02   1.815E+00   E2 MULTIPOLE                             
           I.C.E. + GAMMA  27   3.57E-02   2.007E+00   M1 MULTIPOLE                             
           I.C.E. + GAMMA  28   5.43E-03   2.025E+00   E2 MULTIPOLE ASSUMED                     
           I.C.E. + GAMMA  29   3.10E-03   2.072E+00   M1 MULTIPOLE                             
           I.C.E. + GAMMA  30   1.55E-03   2.229E+00   M1 MULTIPOLE ASSUMED                     
           I.C.E. + GAMMA  31   7.75E-03   2.271E+00   M1 MULTIPOLE                             
           I.C.E. + GAMMA  32   9.30E-03   2.385E+00   M1 MULTIPOLE                             
           I.C.E. + GAMMA  33   1.01E-02   2.458E+00   E2 MULTIPOLE                             
           I.C.E. + GAMMA  34   5.04E-02   2.459E+00   E2 MULTIPOLE                             
           I.C.E. + GAMMA  35   1.40E-02   2.506E+00   M1 MULTIPOLE                             
           I.C.E. + GAMMA  36   1.24E-02   2.793E+00   M1 MULTIPOLE                             
           I.C.E. + GAMMA  37   8.52E-03   3.058E+00   UNPLACED GAMMA                           
           I.C.E. + GAMMA  38   1.01E-02   3.088E+00   M1 MULTIPOLE                             
           I.C.E. + GAMMA  39   1.55E-03   3.223E+00   M1 MULTIPOLE                             
           I.C.E. + GAMMA  40   3.10E-03   3.288E+00   M1 MULTIPOLE                             
           I.C.E. + GAMMA  41   2.33E-03   3.401E+00   M1 MULTIPOLE                             
           I.C.E. + GAMMA  42   3.88E-03   3.552E+00   M1 MULTIPOLE                             
 
           * ENDPOINT ENERGY (MEV)
           - - - - - - - - - -
           Reference: Evaluated Nuclear Structure Data File (ENSDF)
                DATE DATA WERE ENTERED INTO ENSDF: Nov-2002
%%%%  68 AS  33    EC B+        1.51600E+02 151.6 S    18-07-2007       INPUEND 
%%%%  68 AS  33    EC B+        1.51600E+02 151.6 S    18-07-2007       OUTPSTAR
1                                      **OUTPUT DATA**
              68-ARSENIC-33
+                                    HALFLIFE = 151.6 SECONDS 
+                                                                  18-07-2007

            MODES OF DECAY: ELECTRON CAPTURE, BETA PLUS
 
                                              MEAN
                                              NUMBER/                  MEV/
                                         ID   TRANSFOR-   ENERGY       TRANSFOR-
                  TYPE OF RADIATION      NO.  MATION      (MEV)        MATION

           BETA PLUS                      1   1.49E-03    9.671E-01*   1.44E-03
           BETA PLUS                      2   3.67E-03    1.112E+00*   4.08E-03
           BETA PLUS                      3   1.49E-03    1.267E+00*   1.89E-03
           BETA PLUS                      4   1.21E-02    1.470E+00*   1.78E-02
           BETA PLUS                      5   1.36E-02    1.608E+00*   2.19E-02
           BETA PLUS                      6   4.96E-02    1.665E+00*   8.26E-02
           BETA PLUS                      7   2.66E-02    1.658E+00*   4.41E-02
           BETA PLUS                      8   6.25E-02    1.680E+00*   1.05E-01
           BETA PLUS                      9   1.06E-02    1.734E+00*   1.84E-02
           BETA PLUS                     10   2.98E-02    1.828E+00*   5.44E-02
           BETA PLUS                     11   1.51E-01    1.838E+00*   2.77E-01
           BETA PLUS                     12   3.97E-02    1.846E+00*   7.33E-02
           BETA PLUS                     13   9.23E-03    1.883E+00*   1.74E-02
           BETA PLUS                     14   3.30E-02    1.939E+00*   6.41E-02
           BETA PLUS                     15   9.23E-03    2.027E+00*   1.87E-02
           BETA PLUS                     16   2.38E-02    2.120E+00*   5.05E-02
           BETA PLUS                     17   3.60E-01    2.134E+00*   7.69E-01
           BETA PLUS                     18   3.87E-02    2.212E+00*   8.56E-02
           BETA PLUS                     19   6.95E-02    2.450E+00*   1.70E-01
           BETA PLUS                     20   4.27E-02    2.822E+00*   1.20E-01
           ANNIHILATION RADIATION             1.98E+00    5.110E-01    1.01E+00
           GAMMA-RAY                      1   4.65E-03    1.903E-01    8.85E-04
           GAMMA-RAY                      3   1.24E-03    5.640E-01    6.99E-04
           GAMMA-RAY                      4   9.69E-02    6.120E-01    5.93E-02
           GAMMA-RAY                      5   3.19E-01    6.512E-01    2.08E-01
           GAMMA-RAY                      6   6.97E-03    7.029E-01    4.90E-03
           GAMMA-RAY                      7   3.02E-02    7.384E-01    2.23E-02
           GAMMA-RAY                      8   3.36E-01    7.618E-01    2.56E-01
           GAMMA-RAY                      9   7.75E-04    8.715E-01    6.75E-04
           GAMMA-RAY                     10   1.01E-02    9.883E-01    9.96E-03
           GAMMA-RAY                     11   7.75E-01    1.016E+00    7.87E-01
           K CONV. ELECTRON, GAMMA-RAY   11   2.37E-04    1.005E+00    2.38E-04
           GAMMA-RAY                     12   1.78E-02    1.053E+00    1.88E-02
           GAMMA-RAY                     13   9.30E-03    1.170E+00    1.09E-02
           GAMMA-RAY                     14   4.65E-03    1.245E+00    5.79E-03
           GAMMA-RAY                     15   4.49E-02    1.252E+00    5.63E-02
           GAMMA-RAY                     16   5.11E-02    1.263E+00    6.46E-02
           GAMMA-RAY                     17   5.42E-03    1.310E+00    7.10E-03
           GAMMA-RAY                     18   1.16E-02    1.333E+00    1.55E-02
           GAMMA-RAY                     19   1.52E-01    1.413E+00    2.15E-01
           GAMMA-RAY                     20   2.25E-03    1.441E+00    3.24E-03
           GAMMA-RAY                     21   4.18E-02    1.623E+00    6.79E-02
           GAMMA-RAY                     22   1.01E-02    1.633E+00    1.65E-02
           GAMMA-RAY                     23   1.70E-02    1.640E+00    2.80E-02
           GAMMA-RAY                     24   1.01E-02    1.646E+00    1.66E-02
           GAMMA-RAY                     25   2.00E-01    1.778E+00    3.56E-01
           GAMMA-RAY                     26   1.39E-02    1.815E+00    2.53E-02
           GAMMA-RAY                     27   3.56E-02    2.007E+00    7.16E-02
           GAMMA-RAY                     28   5.42E-03    2.025E+00    1.10E-02
           GAMMA-RAY                     29   3.10E-03    2.072E+00    6.42E-03
           GAMMA-RAY                     30   1.55E-03    2.229E+00    3.45E-03
           GAMMA-RAY                     31   7.75E-03    2.271E+00    1.76E-02
           GAMMA-RAY                     32   9.30E-03    2.385E+00    2.22E-02
           GAMMA-RAY                     33   1.01E-02    2.458E+00    2.48E-02
           GAMMA-RAY                     34   5.04E-02    2.459E+00    1.24E-01
           GAMMA-RAY                     35   1.39E-02    2.506E+00    3.50E-02
           GAMMA-RAY                     36   1.24E-02    2.793E+00    3.46E-02
           GAMMA-RAY                     37   8.52E-03    3.058E+00    2.61E-02
           GAMMA-RAY                     38   1.01E-02    3.088E+00    3.11E-02
           GAMMA-RAY                     39   1.55E-03    3.223E+00    5.00E-03
           GAMMA-RAY                     40   3.10E-03    3.288E+00    1.02E-02
           GAMMA-RAY                     41   2.33E-03    3.401E+00    7.91E-03
           GAMMA-RAY                     42   3.87E-03    3.552E+00    1.38E-02
 
           ALL LISTED X-RAYS, GAMMA-RAYS AND ANNIHILATION RADIATION    3.71E+00
           ALL NEGLECTED X-RAYS, GAMMA-RAYS AND ANNIH. RADIATION**     2.49E-04
           ALL LISTED BETAS, INTERNAL CONVERSION AND AUGER ELECTRONS   2.00E+00
           ALL NEGLECTED BETAS, INT. CONVERSION AND AUGER ELECTRONS**  6.82E-04
           ALL LISTED RADIATIONS                                       5.71E+00
           ALL NEGLECTED RADIATIONS**                                  9.31E-04
 
           *  AVERAGE ENERGY (MEV)
           ** EACH NEGLECTED TRANSITION CONTRIBUTES LESS THAN  0.010%
              TO THE TOTAL MEV/TRANSFORMATION FOR THIS CATEGORY.
           TOTAL FEEDING OF GROUND STATE LEVEL IN 68-GERMANIUM
             DAUGHTER IS 1.0000E+00 PER TRANSFORMATION OF  68-ARSENIC.
             DECAY OF THIS 270.95 DAYS HALFLIFE LEVEL WILL CONTRIBUTE TO DOSE.
           - - - - - - - - - -
           INPUT DATA SOURCE: EVALUATED NUCLEAR STRUCTURE DATA FILE (ENSDF)
             DATE INPUT DATA WERE ENTERED INTO ENSDF: Nov-2002
%%%%  68 AS  33    EC B+        1.51600E+02 151.6 S    18-07-2007       OUTPEND 
%%%%  68 AS  33    EC B+        1.51600E+02 151.6 S    18-07-2007       BETASTAR
1
              68-ARSENIC-33
+                                    HALFLIFE = 151.6 SECONDS 
+                                                                  18-07-2007

            BETA SPECTRUM DATA FOR ALL DECAY BRANCHES

                      BETAS PER                BETAS PER                BETAS PER
            ENERGY    MEV            ENERGY    MEV            ENERGY    MEV
            (MEV)     PER DECAY      (MEV)     PER DECAY      (MEV)     PER DECAY

            0.00000   0.000E+00      0.00400   2.331E-05      0.16000   4.698E-02
            0.00010   0.000E+00      0.00450   3.666E-05      0.18000   5.363E-02
            0.00011   0.000E+00      0.00500   5.345E-05      0.20000   6.025E-02
            0.00012   0.000E+00      0.00550   7.375E-05      0.22000   6.682E-02
            0.00013   0.000E+00      0.00600   9.755E-05      0.24000   7.334E-02
            0.00014   1.572E-28      0.00650   1.249E-04      0.26000   7.983E-02
            0.00015   1.316E-27      0.00700   1.556E-04      0.28000   8.627E-02
            0.00016   9.000E-27      0.00750   1.899E-04      0.30000   9.267E-02
            0.00018   2.572E-25      0.00800   2.275E-04      0.32000   9.904E-02
            0.00020   4.386E-24      0.00850   2.686E-04      0.36000   1.116E-01
            0.00022   5.037E-23      0.00900   3.129E-04      0.40000   1.241E-01
            0.00024   4.242E-22      0.01000   4.113E-04      0.45000   1.394E-01
            0.00026   2.788E-21      0.01100   5.222E-04      0.50000   1.544E-01
            0.00028   1.499E-20      0.01200   6.452E-04      0.55000   1.691E-01
            0.00030   6.833E-20      0.01300   7.797E-04      0.60000   1.835E-01
            0.00032   2.718E-19      0.01400   9.252E-04      0.65000   1.976E-01
            0.00036   3.111E-18      0.01500   1.081E-03      0.70000   2.112E-01
            0.00040   2.566E-17      0.01600   1.247E-03      0.75000   2.245E-01
            0.00045   2.569E-16      0.01800   1.606E-03      0.80000   2.373E-01
            0.00050   1.951E-15      0.02000   2.000E-03      0.85000   2.497E-01
            0.00055   1.194E-14      0.02200   2.423E-03      0.90000   2.617E-01
            0.00060   6.114E-14      0.02400   2.874E-03      1.00000   2.841E-01
            0.00065   2.681E-13      0.02600   3.348E-03      1.10000   3.045E-01
            0.00070   1.024E-12      0.02800   3.844E-03      1.20000   3.227E-01
            0.00075   3.458E-12      0.03000   4.360E-03      1.30000   3.387E-01
            0.00080   1.043E-11      0.03200   4.892E-03      1.40000   3.522E-01
            0.00085   2.846E-11      0.03600   6.002E-03      1.50000   3.633E-01
            0.00090   7.089E-11      0.04000   7.160E-03      1.60000   3.719E-01
            0.00100   3.474E-10      0.04500   8.664E-03      1.80000   3.815E-01
            0.00110   1.310E-09      0.05000   1.021E-02      2.00000   3.810E-01
            0.00120   4.006E-09      0.05500   1.180E-02      2.20000   3.706E-01
            0.00130   1.036E-08      0.06000   1.342E-02      2.40000   3.508E-01
            0.00140   2.341E-08      0.06500   1.505E-02      2.60000   3.223E-01
            0.00150   4.741E-08      0.07000   1.670E-02      2.80000   2.859E-01
            0.00160   8.780E-08      0.07500   1.837E-02      3.00000   2.433E-01
            0.00180   2.444E-07      0.08000   2.004E-02      3.20000   1.971E-01
            0.00200   5.525E-07      0.08500   2.172E-02      3.60000   1.102E-01
            0.00220   1.076E-06      0.09000   2.340E-02      4.00000   5.181E-02
            0.00240   1.876E-06      0.10000   2.678E-02      4.50000   1.353E-02
            0.00260   3.008E-06      0.11000   3.016E-02      5.00000   4.370E-03
            0.00280   4.519E-06      0.12000   3.354E-02      5.50000   1.152E-03
            0.00300   6.449E-06      0.13000   3.691E-02      6.00000   8.038E-06
            0.00320   8.829E-06      0.14000   4.028E-02      6.04178   0.000E+00
            0.00360   1.504E-05      0.15000   4.363E-02

            AVERAGE BETA ENERGY =   2.021E+00

            TOTAL BETAS PER DECAY FOR ALL BRANCHES =   9.884E-01
%%%%  68 AS  33    EC B+        1.51600E+02 151.6 S    18-07-2007       BETAEND 
%%%%  68 AS  33    EC B+        1.51600E+02 151.6 S    18-07-2007       SEEISTAR
 68.  ARSENIC      33.  1.516E+02 SECONDS  350 EC B+                 68.AS 33.   0
 4 1  1.48855E-01  9.67064E-01  2.17930E+00  0.00000E+00             68.AS 33.   1   1
 4 2  3.67177E-01  1.11211E+00  2.49010E+00  0.00000E+00             68.AS 33.   2   2
 4 3  1.48855E-01  1.26692E+00  2.81910E+00  0.00000E+00             68.AS 33.   3   3
 4 4  1.21069E+00  1.47049E+00  3.24830E+00  0.00000E+00             68.AS 33.   4   4
 4 5  1.35955E+00  1.60756E+00  3.53550E+00  0.00000E+00             68.AS 33.   5   5
 4 6  4.96185E+00  1.66474E+00  3.58290E+00  2.00000E+00             68.AS 33.   6   6
 4 7  2.65955E+00  1.65767E+00  3.64020E+00  0.00000E+00             68.AS 33.   7   7
 4 8  6.25193E+00  1.68021E+00  3.65720E+00  1.00000E+00             68.AS 33.   8   8
 4 9  1.06184E+00  1.73356E+00  3.77000E+00  1.00000E+00             68.AS 33.   9   9
 410  2.97711E+00  1.82845E+00  3.97020E+00  1.00000E+00             68.AS 33.  10  10
 411  1.50840E+01  1.83783E+00  4.01650E+00  0.00000E+00             68.AS 33.  11  11
 412  3.96948E+00  1.84645E+00  4.03440E+00  0.00000E+00             68.AS 33.  12  12
 413  9.22904E-01  1.88297E+00  4.11020E+00  0.00000E+00             68.AS 33.  13  13
 414  3.30459E+00  1.93916E+00  4.22670E+00  0.00000E+00             68.AS 33.  14  14
 415  9.22904E-01  2.02693E+00  4.40840E+00  0.00000E+00             68.AS 33.  15  15
 416  2.38169E+00  2.11975E+00  4.60020E+00  0.00000E+00             68.AS 33.  16  16
 417  3.60230E+01  2.13350E+00  4.62860E+00  0.00000E+00             68.AS 33.  17  17
 418  3.87024E+00  2.21156E+00  4.78960E+00  0.00000E+00             68.AS 33.  18  18
 419  6.94659E+00  2.44989E+00  5.27986E+00  0.00000E+00             68.AS 33.  19  19
 420  4.26719E+00  2.82188E+00  6.04178E+00  0.00000E+00             68.AS 33.  20  20
 3 3  1.97680E+02  5.11000E-01  5.11000E-01  0.00000E+00             68.AS 33.  21   3
 1 1  4.65000E-01  1.90300E-01  1.90300E-01  0.00000E+00             68.AS 33.  22   1
 6 1  2.76520E-02  1.79233E-01  1.79233E-01  1.00000E+00             68.AS 33.  23   1
 6 5  2.61975E-03  1.88898E-01  1.88898E-01  1.00000E+00             68.AS 33.  24   5
 6 6  2.35531E-04  1.89045E-01  1.89045E-01  1.00000E+00             68.AS 33.  25   6
 6 7  2.93616E-04  1.89077E-01  1.89077E-01  1.00000E+00             68.AS 33.  26   7
 6 3  4.84006E-04  1.90175E-01  1.90175E-01  1.00000E+00             68.AS 33.  27   3
 6 4  3.73817E-05  1.90300E-01  1.90300E-01  1.00000E+00             68.AS 33.  28   4
 1 2  4.65000E-02  4.03800E-01  4.03800E-01  0.00000E+00             68.AS 33.  29   2
 6 1  9.57781E-05  3.92733E-01  3.92733E-01  2.00000E+00             68.AS 33.  30   1
 6 5  9.64649E-06  4.02398E-01  4.02398E-01  2.00000E+00             68.AS 33.  31   5
 6 6  1.87192E-07  4.02545E-01  4.02545E-01  2.00000E+00             68.AS 33.  32   6
 6 7  9.11777E-08  4.02577E-01  4.02577E-01  2.00000E+00             68.AS 33.  33   7
 6 3  1.53646E-06  4.03675E-01  4.03675E-01  2.00000E+00             68.AS 33.  34   3
 6 4  1.33789E-07  4.03800E-01  4.03800E-01  2.00000E+00             68.AS 33.  35   4
 1 3  1.24000E-01  5.64000E-01  5.64000E-01  0.00000E+00             68.AS 33.  36   3
 6 1  1.18722E-04  5.52933E-01  5.52933E-01  3.00000E+00             68.AS 33.  37   1
 6 5  1.19384E-05  5.62598E-01  5.62598E-01  3.00000E+00             68.AS 33.  38   5
 6 6  1.83640E-07  5.62745E-01  5.62745E-01  3.00000E+00             68.AS 33.  39   6
 6 7  9.83571E-08  5.62777E-01  5.62777E-01  3.00000E+00             68.AS 33.  40   7
 6 3  1.89031E-06  5.63875E-01  5.63875E-01  3.00000E+00             68.AS 33.  41   3
 6 4  1.64932E-07  5.64000E-01  5.64000E-01  3.00000E+00             68.AS 33.  42   4
 1 4  9.68750E+00  6.12000E-01  6.12000E-01  0.00000E+00             68.AS 33.  43   4
 6 1  7.73673E-03  6.00933E-01  6.00933E-01  4.00000E+00             68.AS 33.  44   1
 6 5  7.77687E-04  6.10598E-01  6.10598E-01  4.00000E+00             68.AS 33.  45   5
 6 6  1.12705E-05  6.10745E-01  6.10745E-01  4.00000E+00             68.AS 33.  46   6
 6 7  6.20719E-06  6.10777E-01  6.10777E-01  4.00000E+00             68.AS 33.  47   7
 6 3  1.22923E-04  6.11875E-01  6.11875E-01  4.00000E+00             68.AS 33.  48   3
 6 4  1.07294E-05  6.12000E-01  6.12000E-01  4.00000E+00             68.AS 33.  49   4
 1 5  3.19300E+01  6.51200E-01  6.51200E-01  0.00000E+00             68.AS 33.  50   5
 6 1  2.22788E-02  6.40133E-01  6.40133E-01  5.00000E+00             68.AS 33.  51   1
 6 5  2.23867E-03  6.49798E-01  6.49798E-01  5.00000E+00             68.AS 33.  52   5
 6 6  3.11263E-05  6.49945E-01  6.49945E-01  5.00000E+00             68.AS 33.  53   6
 6 7  1.76643E-05  6.49977E-01  6.49977E-01  5.00000E+00             68.AS 33.  54   7
 6 3  3.53446E-04  6.51075E-01  6.51075E-01  5.00000E+00             68.AS 33.  55   3
 6 4  3.08573E-05  6.51200E-01  6.51200E-01  5.00000E+00             68.AS 33.  56   4
 1 6  6.97500E-01  7.02900E-01  7.02900E-01  0.00000E+00             68.AS 33.  57   6
 6 1  5.45731E-04  6.91833E-01  6.91833E-01  6.00000E+00             68.AS 33.  58   1
 6 5  5.41542E-05  7.01498E-01  7.01498E-01  6.00000E+00             68.AS 33.  59   5
 6 6  1.29502E-06  7.01645E-01  7.01645E-01  6.00000E+00             68.AS 33.  60   6
 6 7  1.30760E-06  7.01677E-01  7.01677E-01  6.00000E+00             68.AS 33.  61   7
 6 3  8.74849E-06  7.02775E-01  7.02775E-01  6.00000E+00             68.AS 33.  62   3
 6 4  7.49116E-07  7.02900E-01  7.02900E-01  6.00000E+00             68.AS 33.  63   4
 1 7  3.02250E+00  7.38400E-01  7.38400E-01  0.00000E+00             68.AS 33.  64   7
 6 1  2.06958E-03  7.27333E-01  7.27333E-01  7.00000E+00             68.AS 33.  65   1
 6 5  2.05517E-04  7.36998E-01  7.36998E-01  7.00000E+00             68.AS 33.  66   5
 6 6  4.64724E-06  7.37145E-01  7.37145E-01  7.00000E+00             68.AS 33.  67   6
 6 7  4.69790E-06  7.37177E-01  7.37177E-01  7.00000E+00             68.AS 33.  68   7
 6 3  3.31226E-05  7.38275E-01  7.38275E-01  7.00000E+00             68.AS 33.  69   3
 6 4  2.84188E-06  7.38400E-01  7.38400E-01  7.00000E+00             68.AS 33.  70   4
 1 8  3.35575E+01  7.61800E-01  7.61800E-01  0.00000E+00             68.AS 33.  71   8
 6 1  1.67366E-02  7.50733E-01  7.50733E-01  8.00000E+00             68.AS 33.  72   1
 6 5  1.68059E-03  7.60398E-01  7.60398E-01  8.00000E+00             68.AS 33.  73   5
 6 6  2.11601E-05  7.60545E-01  7.60545E-01  8.00000E+00             68.AS 33.  74   6
 6 7  1.30888E-05  7.60577E-01  7.60577E-01  8.00000E+00             68.AS 33.  75   7
 6 3  2.64859E-04  7.61675E-01  7.61675E-01  8.00000E+00             68.AS 33.  76   3
 6 4  2.31624E-05  7.61800E-01  7.61800E-01  8.00000E+00             68.AS 33.  77   4
 1 9  7.75000E-02  8.71500E-01  8.71500E-01  0.00000E+00             68.AS 33.  78   9
 6 1  1.40390E-05  8.60433E-01  8.60433E-01  9.00000E+00             68.AS 33.  79   1
 6 5  1.39108E-06  8.70098E-01  8.70098E-01  9.00000E+00             68.AS 33.  80   5
 6 6  1.10320E-08  8.70245E-01  8.70245E-01  9.00000E+00             68.AS 33.  81   6
 6 7  2.32217E-08  8.70277E-01  8.70277E-01  9.00000E+00             68.AS 33.  82   7
 6 3  2.19717E-07  8.71375E-01  8.71375E-01  9.00000E+00             68.AS 33.  83   3
 6 4  1.90971E-08  8.71500E-01  8.71500E-01  9.00000E+00             68.AS 33.  84   4
 110  1.00750E+00  9.88300E-01  9.88300E-01  0.00000E+00             68.AS 33.  85  10
 6 1  2.89000E-04  9.77233E-01  9.77233E-01  1.00000E+01             68.AS 33.  86   1
 6 5  2.90047E-05  9.86898E-01  9.86898E-01  1.00000E+01             68.AS 33.  87   5
 6 6  2.93738E-07  9.87045E-01  9.87045E-01  1.00000E+01             68.AS 33.  88   6
 6 7  1.98719E-07  9.87077E-01  9.87077E-01  1.00000E+01             68.AS 33.  89   7
 6 3  4.55580E-06  9.88175E-01  9.88175E-01  1.00000E+01             68.AS 33.  90   3
 6 4  3.99692E-07  9.88300E-01  9.88300E-01  1.00000E+01             68.AS 33.  91   4
 111  7.75000E+01  1.01610E+00  1.01610E+00  0.00000E+00             68.AS 33.  92  11
 6 1  2.37290E-02  1.00503E+00  1.00503E+00  1.10000E+01             68.AS 33.  93   1
 6 5  2.36584E-03  1.01470E+00  1.01470E+00  1.10000E+01             68.AS 33.  94   5
 6 6  3.69136E-05  1.01484E+00  1.01484E+00  1.10000E+01             68.AS 33.  95   6
 6 7  3.85579E-05  1.01488E+00  1.01488E+00  1.10000E+01             68.AS 33.  96   7
 6 3  3.76599E-04  1.01598E+00  1.01598E+00  1.10000E+01             68.AS 33.  97   3
 6 4  3.25967E-05  1.01610E+00  1.01610E+00  1.10000E+01             68.AS 33.  98   4
 112  1.78250E+00  1.05270E+00  1.05270E+00  0.00000E+00             68.AS 33.  99  12
 6 1  5.02278E-04  1.04163E+00  1.04163E+00  1.20000E+01             68.AS 33. 100   1
 6 5  5.00967E-05  1.05130E+00  1.05130E+00  1.20000E+01             68.AS 33. 101   5
 6 6  7.49691E-07  1.05144E+00  1.05144E+00  1.20000E+01             68.AS 33. 102   6
 6 7  7.88199E-07  1.05148E+00  1.05148E+00  1.20000E+01             68.AS 33. 103   7
 6 3  7.96553E-06  1.05258E+00  1.05258E+00  1.20000E+01             68.AS 33. 104   3
 6 4  6.89757E-07  1.05270E+00  1.05270E+00  1.20000E+01             68.AS 33. 105   4
 113  9.30000E-01  1.16970E+00  1.16970E+00  0.00000E+00             68.AS 33. 106  13
 6 1  1.89879E-04  1.15863E+00  1.15863E+00  1.30000E+01             68.AS 33. 107   1
 6 5  1.90209E-05  1.16830E+00  1.16830E+00  1.30000E+01             68.AS 33. 108   5
 6 6  1.68786E-07  1.16844E+00  1.16844E+00  1.30000E+01             68.AS 33. 109   6
 6 7  1.25845E-07  1.16848E+00  1.16848E+00  1.30000E+01             68.AS 33. 110   7
 6 3  2.98162E-06  1.16958E+00  1.16958E+00  1.30000E+01             68.AS 33. 111   3
 6 4  2.61254E-07  1.16970E+00  1.16970E+00  1.30000E+01             68.AS 33. 112   4
 114  4.65000E-01  1.24510E+00  1.24510E+00  0.00000E+00             68.AS 33. 113  14
 6 1  8.39235E-05  1.23403E+00  1.23403E+00  1.40000E+01             68.AS 33. 114   1
 6 5  8.40141E-06  1.24370E+00  1.24370E+00  1.40000E+01             68.AS 33. 115   5
 6 6  7.09074E-08  1.24384E+00  1.24384E+00  1.40000E+01             68.AS 33. 116   6
 6 7  5.49714E-08  1.24388E+00  1.24388E+00  1.40000E+01             68.AS 33. 117   7
 6 3  1.31577E-06  1.24498E+00  1.24498E+00  1.40000E+01             68.AS 33. 118   3
 6 4  1.15128E-07  1.24510E+00  1.24510E+00  1.40000E+01             68.AS 33. 119   4
 115  4.49500E+00  1.25240E+00  1.25240E+00  0.00000E+00             68.AS 33. 120  15
 6 1  8.58605E-04  1.24133E+00  1.24133E+00  1.50000E+01             68.AS 33. 121   1
 6 5  8.56382E-05  1.25100E+00  1.25100E+00  1.50000E+01             68.AS 33. 122   5
 6 6  1.04350E-06  1.25114E+00  1.25114E+00  1.50000E+01             68.AS 33. 123   6
 6 7  1.14154E-06  1.25118E+00  1.25118E+00  1.50000E+01             68.AS 33. 124   7
 6 3  1.35485E-05  1.25228E+00  1.25228E+00  1.50000E+01             68.AS 33. 125   3
 6 4  1.17339E-06  1.25240E+00  1.25240E+00  1.50000E+01             68.AS 33. 126   4
 116  5.11500E+00  1.26340E+00  1.26340E+00  0.00000E+00             68.AS 33. 127  16
 6 1  9.58744E-04  1.25233E+00  1.25233E+00  1.60000E+01             68.AS 33. 128   1
 6 5  9.56320E-05  1.26200E+00  1.26200E+00  1.60000E+01             68.AS 33. 129   5
 6 6  1.15328E-06  1.26214E+00  1.26214E+00  1.60000E+01             68.AS 33. 130   6
 6 7  1.26457E-06  1.26218E+00  1.26218E+00  1.60000E+01             68.AS 33. 131   7
 6 3  1.51260E-05  1.26328E+00  1.26328E+00  1.60000E+01             68.AS 33. 132   3
 6 4  1.30990E-06  1.26340E+00  1.26340E+00  1.60000E+01             68.AS 33. 133   4
 117  5.42500E-01  1.30960E+00  1.30960E+00  0.00000E+00             68.AS 33. 134  17
 6 1  8.87108E-05  1.29853E+00  1.29853E+00  1.70000E+01             68.AS 33. 135   1
 6 5  8.87666E-06  1.30820E+00  1.30820E+00  1.70000E+01             68.AS 33. 136   5
 6 6  7.19078E-08  1.30834E+00  1.30834E+00  1.70000E+01             68.AS 33. 137   6
 6 7  5.75960E-08  1.30838E+00  1.30838E+00  1.70000E+01             68.AS 33. 138   7
 6 3  1.38906E-06  1.30948E+00  1.30948E+00  1.70000E+01             68.AS 33. 139   3
 6 4  1.21349E-07  1.30960E+00  1.30960E+00  1.70000E+01             68.AS 33. 140   4
 118  1.16250E+00  1.33280E+00  1.33280E+00  0.00000E+00             68.AS 33. 141  18
 6 1  1.83723E-04  1.32173E+00  1.32173E+00  1.80000E+01             68.AS 33. 142   1
 6 5  1.83814E-05  1.33140E+00  1.33140E+00  1.80000E+01             68.AS 33. 143   5
 6 6  1.46779E-07  1.33154E+00  1.33154E+00  1.80000E+01             68.AS 33. 144   6
 6 7  1.18933E-07  1.33158E+00  1.33158E+00  1.80000E+01             68.AS 33. 145   7
 6 3  2.87553E-06  1.33268E+00  1.33268E+00  1.80000E+01             68.AS 33. 146   3
 6 4  2.51045E-07  1.33280E+00  1.33280E+00  1.80000E+01             68.AS 33. 147   4
 119  1.51900E+01  1.41330E+00  1.41330E+00  0.00000E+00             68.AS 33. 148  19
 6 1  2.14660E-03  1.40223E+00  1.40223E+00  1.90000E+01             68.AS 33. 149   1
 6 5  2.14685E-04  1.41190E+00  1.41190E+00  1.90000E+01             68.AS 33. 150   5
 6 6  1.64985E-06  1.41204E+00  1.41204E+00  1.90000E+01             68.AS 33. 151   6
 6 7  1.40775E-06  1.41208E+00  1.41208E+00  1.90000E+01             68.AS 33. 152   7
 6 3  3.35556E-05  1.41318E+00  1.41318E+00  1.90000E+01             68.AS 33. 153   3
 6 4  2.92143E-06  1.41330E+00  1.41330E+00  1.90000E+01             68.AS 33. 154   4
 120  2.24750E-01  1.44100E+00  1.44100E+00  0.00000E+00             68.AS 33. 155  20
 6 1  3.05661E-05  1.42993E+00  1.42993E+00  2.00000E+01             68.AS 33. 156   1
 6 5  3.05685E-06  1.43960E+00  1.43960E+00  2.00000E+01             68.AS 33. 157   5
 6 6  2.28832E-08  1.43974E+00  1.43974E+00  2.00000E+01             68.AS 33. 158   6
 6 7  1.95453E-08  1.43978E+00  1.43978E+00  2.00000E+01             68.AS 33. 159   7
 6 3  4.77483E-07  1.44088E+00  1.44088E+00  2.00000E+01             68.AS 33. 160   3
 6 4  4.15377E-08  1.44100E+00  1.44100E+00  2.00000E+01             68.AS 33. 161   4
 121  4.18500E+00  1.62250E+00  1.62250E+00  0.00000E+00             68.AS 33. 162  21
 6 1  4.54868E-04  1.61143E+00  1.61143E+00  2.10000E+01             68.AS 33. 163   1
 6 5  4.54950E-05  1.62110E+00  1.62110E+00  2.10000E+01             68.AS 33. 164   5
 6 6  3.08015E-07  1.62124E+00  1.62124E+00  2.10000E+01             68.AS 33. 165   6
 6 7  2.86107E-07  1.62128E+00  1.62128E+00  2.10000E+01             68.AS 33. 166   7
 6 3  7.08631E-06  1.62238E+00  1.62238E+00  2.10000E+01             68.AS 33. 167   3
 6 4  6.11686E-07  1.62250E+00  1.62250E+00  2.10000E+01             68.AS 33. 168   4
 122  1.00750E+00  1.63320E+00  1.63320E+00  0.00000E+00             68.AS 33. 169  22
 6 1  5.99588E-05  1.62213E+00  1.62213E+00  2.20000E+01             68.AS 33. 170   1
 6 5  5.94955E-06  1.63180E+00  1.63180E+00  2.20000E+01             68.AS 33. 171   5
 6 6  2.79404E-08  1.63194E+00  1.63194E+00  2.20000E+01             68.AS 33. 172   6
 6 7  7.12793E-08  1.63198E+00  1.63198E+00  2.20000E+01             68.AS 33. 173   7
 6 3  9.40157E-07  1.63308E+00  1.63308E+00  2.20000E+01             68.AS 33. 174   3
 6 4  7.96318E-08  1.63320E+00  1.63320E+00  2.20000E+01             68.AS 33. 175   4
 123  1.70500E+00  1.63990E+00  1.63990E+00  0.00000E+00             68.AS 33. 176  23
 6 1  1.81663E-04  1.62883E+00  1.62883E+00  2.30000E+01             68.AS 33. 177   1
 6 5  1.81706E-05  1.63850E+00  1.63850E+00  2.30000E+01             68.AS 33. 178   5
 6 6  1.21897E-07  1.63864E+00  1.63864E+00  2.30000E+01             68.AS 33. 179   6
 6 7  1.14107E-07  1.63868E+00  1.63868E+00  2.30000E+01             68.AS 33. 180   7
 6 3  2.82944E-06  1.63978E+00  1.63978E+00  2.30000E+01             68.AS 33. 181   3
 6 4  2.44028E-07  1.63990E+00  1.63990E+00  2.30000E+01             68.AS 33. 182   4
 124  1.00750E+00  1.64590E+00  1.64590E+00  0.00000E+00             68.AS 33. 183  24
 6 1  1.06618E-04  1.63483E+00  1.63483E+00  2.40000E+01             68.AS 33. 184   1
 6 5  1.06646E-05  1.64450E+00  1.64450E+00  2.40000E+01             68.AS 33. 185   5
 6 6  7.13179E-08  1.64464E+00  1.64464E+00  2.40000E+01             68.AS 33. 186   6
 6 7  6.69385E-08  1.64468E+00  1.64468E+00  2.40000E+01             68.AS 33. 187   7
 6 3  1.66047E-06  1.64578E+00  1.64578E+00  2.40000E+01             68.AS 33. 188   3
 6 4  1.43166E-07  1.64590E+00  1.64590E+00  2.40000E+01             68.AS 33. 189   4
 125  1.99950E+01  1.77810E+00  1.77810E+00  0.00000E+00             68.AS 33. 190  25
 6 1  1.87739E-03  1.76703E+00  1.76703E+00  2.50000E+01             68.AS 33. 191   1
 6 5  1.88910E-04  1.77670E+00  1.77670E+00  2.50000E+01             68.AS 33. 192   5
 6 6  1.52526E-06  1.77684E+00  1.77684E+00  2.50000E+01             68.AS 33. 193   6
 6 7  1.87593E-06  1.77688E+00  1.77688E+00  2.50000E+01             68.AS 33. 194   7
 6 3  2.96246E-05  1.77798E+00  1.77798E+00  2.50000E+01             68.AS 33. 195   3
 6 4  2.53607E-06  1.77810E+00  1.77810E+00  2.50000E+01             68.AS 33. 196   4
 126  1.39500E+00  1.81470E+00  1.81470E+00  0.00000E+00             68.AS 33. 197  26
 6 1  1.26026E-04  1.80363E+00  1.80363E+00  2.60000E+01             68.AS 33. 198   1
 6 5  1.26949E-05  1.81330E+00  1.81330E+00  2.60000E+01             68.AS 33. 199   5
 6 6  1.00112E-07  1.81344E+00  1.81344E+00  2.60000E+01             68.AS 33. 200   6
 6 7  1.24149E-07  1.81348E+00  1.81348E+00  2.60000E+01             68.AS 33. 201   7
 6 3  1.98980E-06  1.81458E+00  1.81458E+00  2.60000E+01             68.AS 33. 202   3
 6 4  1.70127E-07  1.81470E+00  1.81470E+00  2.60000E+01             68.AS 33. 203   4
 127  3.56500E+00  2.00740E+00  2.00740E+00  0.00000E+00             68.AS 33. 204  27
 6 1  2.62091E-04  1.99633E+00  1.99633E+00  2.70000E+01             68.AS 33. 205   1
 6 5  2.63267E-05  2.00600E+00  2.00600E+00  2.70000E+01             68.AS 33. 206   5
 6 6  1.47674E-07  2.00614E+00  2.00614E+00  2.70000E+01             68.AS 33. 207   6
 6 7  1.54834E-07  2.00618E+00  2.00618E+00  2.70000E+01             68.AS 33. 208   7
 6 3  4.07038E-06  2.00728E+00  2.00728E+00  2.70000E+01             68.AS 33. 209   3
 6 4  3.43657E-07  2.00740E+00  2.00740E+00  2.70000E+01             68.AS 33. 210   4
 128  5.42500E-01  2.02530E+00  2.02530E+00  0.00000E+00             68.AS 33. 211  28
 6 1  3.99796E-05  2.01423E+00  2.01423E+00  2.80000E+01             68.AS 33. 212   1
 6 5  4.05823E-06  2.02390E+00  2.02390E+00  2.80000E+01             68.AS 33. 213   5
 6 6  2.82203E-08  2.02404E+00  2.02404E+00  2.80000E+01             68.AS 33. 214   6
 6 7  3.29940E-08  2.02408E+00  2.02408E+00  2.80000E+01             68.AS 33. 215   7
 6 3  6.33722E-07  2.02518E+00  2.02518E+00  2.80000E+01             68.AS 33. 216   3
 6 4  5.38049E-08  2.02530E+00  2.02530E+00  2.80000E+01             68.AS 33. 217   4
 129  3.10000E-01  2.07180E+00  2.07180E+00  0.00000E+00             68.AS 33. 218  29
 6 1  2.15372E-05  2.06073E+00  2.06073E+00  2.90000E+01             68.AS 33. 219   1
 6 5  2.16544E-06  2.07040E+00  2.07040E+00  2.90000E+01             68.AS 33. 220   5
 6 6  1.18012E-08  2.07054E+00  2.07054E+00  2.90000E+01             68.AS 33. 221   6
 6 7  1.25997E-08  2.07058E+00  2.07058E+00  2.90000E+01             68.AS 33. 222   7
 6 3  3.34340E-07  2.07168E+00  2.07168E+00  2.90000E+01             68.AS 33. 223   3
 6 4  2.81058E-08  2.07180E+00  2.07180E+00  2.90000E+01             68.AS 33. 224   4
 130  1.55000E-01  2.22900E+00  2.22900E+00  0.00000E+00             68.AS 33. 225  30
 6 1  9.45966E-06  2.21793E+00  2.21793E+00  3.00000E+01             68.AS 33. 226   1
 6 5  9.53579E-07  2.22760E+00  2.22760E+00  3.00000E+01             68.AS 33. 227   5
 6 6  4.85619E-09  2.22774E+00  2.22774E+00  3.00000E+01             68.AS 33. 228   6
 6 7  5.40265E-09  2.22778E+00  2.22778E+00  3.00000E+01             68.AS 33. 229   7
 6 3  1.46716E-07  2.22888E+00  2.22888E+00  3.00000E+01             68.AS 33. 230   3
 6 4  1.21962E-08  2.22900E+00  2.22900E+00  3.00000E+01             68.AS 33. 231   4
 131  7.75000E-01  2.27130E+00  2.27130E+00  0.00000E+00             68.AS 33. 232  31
 6 1  4.57632E-05  2.26023E+00  2.26023E+00  3.10000E+01             68.AS 33. 233   1
 6 5  4.29776E-06  2.26990E+00  2.26990E+00  3.10000E+01             68.AS 33. 234   5
 6 6  2.22664E-08  2.27004E+00  2.27004E+00  3.10000E+01             68.AS 33. 235   6
 6 7  2.59672E-08  2.27008E+00  2.27008E+00  3.10000E+01             68.AS 33. 236   7
 6 3  6.67037E-07  2.27118E+00  2.27118E+00  3.10000E+01             68.AS 33. 237   3
 6 4  5.72369E-08  2.27130E+00  2.27130E+00  3.10000E+01             68.AS 33. 238   4
 132  9.30000E-01  2.38460E+00  2.38460E+00  0.00000E+00             68.AS 33. 239  32
 6 1  5.04493E-05  2.37353E+00  2.37353E+00  3.20000E+01             68.AS 33. 240   1
 6 5  4.68385E-06  2.38320E+00  2.38320E+00  3.20000E+01             68.AS 33. 241   5
 6 6  2.33331E-08  2.38334E+00  2.38334E+00  3.20000E+01             68.AS 33. 242   6
 6 7  2.81317E-08  2.38338E+00  2.38338E+00  3.20000E+01             68.AS 33. 243   7
 6 3  7.26520E-07  2.38448E+00  2.38448E+00  3.20000E+01             68.AS 33. 244   3
 6 4  6.22566E-08  2.38460E+00  2.38460E+00  3.20000E+01             68.AS 33. 245   4
 133  1.00750E+00  2.45760E+00  2.45760E+00  0.00000E+00             68.AS 33. 246  33
 6 1  5.27996E-05  2.44653E+00  2.44653E+00  3.30000E+01             68.AS 33. 247   1
 6 5  4.49979E-06  2.45620E+00  2.45620E+00  3.30000E+01             68.AS 33. 248   5
 6 6  2.47270E-08  2.45634E+00  2.45634E+00  3.30000E+01             68.AS 33. 249   6
 6 7  3.43978E-08  2.45638E+00  2.45638E+00  3.30000E+01             68.AS 33. 250   7
 6 3  7.02690E-07  2.45748E+00  2.45748E+00  3.30000E+01             68.AS 33. 251   3
 6 4  6.01870E-08  2.45760E+00  2.45760E+00  3.30000E+01             68.AS 33. 252   4
 134  5.03750E+00  2.45880E+00  2.45880E+00  0.00000E+00             68.AS 33. 253  34
 6 1  2.63778E-04  2.44773E+00  2.44773E+00  3.40000E+01             68.AS 33. 254   1
 6 5  2.24750E-05  2.45740E+00  2.45740E+00  3.40000E+01             68.AS 33. 255   5
 6 6  1.23432E-07  2.45754E+00  2.45754E+00  3.40000E+01             68.AS 33. 256   6
 6 7  1.71739E-07  2.45758E+00  2.45758E+00  3.40000E+01             68.AS 33. 257   7
 6 3  3.50969E-06  2.45868E+00  2.45868E+00  3.40000E+01             68.AS 33. 258   3
 6 4  3.00611E-07  2.45880E+00  2.45880E+00  3.40000E+01             68.AS 33. 259   4
 135  1.39500E+00  2.50620E+00  2.50620E+00  0.00000E+00             68.AS 33. 260  35
 6 1  6.94543E-05  2.49513E+00  2.49513E+00  3.50000E+01             68.AS 33. 261   1
 6 5  6.36746E-06  2.50480E+00  2.50480E+00  3.50000E+01             68.AS 33. 262   5
 6 6  3.04738E-08  2.50494E+00  2.50494E+00  3.50000E+01             68.AS 33. 263   6
 6 7  3.80112E-08  2.50498E+00  2.50498E+00  3.50000E+01             68.AS 33. 264   7
 6 3  9.87064E-07  2.50608E+00  2.50608E+00  3.50000E+01             68.AS 33. 265   3
 6 4  8.44657E-08  2.50620E+00  2.50620E+00  3.50000E+01             68.AS 33. 266   4
 136  1.24000E+00  2.79340E+00  2.79340E+00  0.00000E+00             68.AS 33. 267  36
 6 1  5.13686E-05  2.78233E+00  2.78233E+00  3.60000E+01             68.AS 33. 268   1
 6 5  4.56676E-06  2.79200E+00  2.79200E+00  3.60000E+01             68.AS 33. 269   5
 6 6  2.00261E-08  2.79214E+00  2.79214E+00  3.60000E+01             68.AS 33. 270   6
 6 7  2.69018E-08  2.79218E+00  2.79218E+00  3.60000E+01             68.AS 33. 271   7
 6 3  7.07000E-07  2.79328E+00  2.79328E+00  3.60000E+01             68.AS 33. 272   3
 6 4  6.03166E-08  2.79340E+00  2.79340E+00  3.60000E+01             68.AS 33. 273   4
 137  8.52500E-01  3.05800E+00  3.05800E+00  0.00000E+00             68.AS 33. 274  37
 138  1.00750E+00  3.08830E+00  3.08830E+00  0.00000E+00             68.AS 33. 275  38
 6 1  3.53496E-05  3.07723E+00  3.07723E+00  3.80000E+01             68.AS 33. 276   1
 6 5  3.04236E-06  3.08690E+00  3.08690E+00  3.80000E+01             68.AS 33. 277   5
 6 6  1.23047E-08  3.08704E+00  3.08704E+00  3.80000E+01             68.AS 33. 278   6
 6 7  1.77028E-08  3.08708E+00  3.08708E+00  3.80000E+01             68.AS 33. 279   7
 6 3  4.70446E-07  3.08818E+00  3.08818E+00  3.80000E+01             68.AS 33. 280   3
 6 4  4.00223E-08  3.08830E+00  3.08830E+00  3.80000E+01             68.AS 33. 281   4
 139  1.55000E-01  3.22260E+00  3.22260E+00  0.00000E+00             68.AS 33. 282  39
 6 1  5.07439E-06  3.21153E+00  3.21153E+00  3.90000E+01             68.AS 33. 283   1
 6 5  4.30257E-07  3.22120E+00  3.22120E+00  3.90000E+01             68.AS 33. 284   5
 6 6  1.68147E-09  3.22134E+00  3.22134E+00  3.90000E+01             68.AS 33. 285   6
 6 7  2.49054E-09  3.22138E+00  3.22138E+00  3.90000E+01             68.AS 33. 286   7
 6 3  6.64987E-08  3.22248E+00  3.22248E+00  3.90000E+01             68.AS 33. 287   3
 6 4  5.65048E-09  3.22260E+00  3.22260E+00  3.90000E+01             68.AS 33. 288   4
 140  3.10000E-01  3.28840E+00  3.28840E+00  0.00000E+00             68.AS 33. 289  40
 6 1  9.82277E-06  3.27733E+00  3.27733E+00  4.00000E+01             68.AS 33. 290   1
 6 5  8.26786E-07  3.28700E+00  3.28700E+00  4.00000E+01             68.AS 33. 291   5
 6 6  3.17892E-09  3.28714E+00  3.28714E+00  4.00000E+01             68.AS 33. 292   6
 6 7  4.77402E-09  3.28718E+00  3.28718E+00  4.00000E+01             68.AS 33. 293   7
 6 3  1.27755E-07  3.28828E+00  3.28828E+00  4.00000E+01             68.AS 33. 294   3
 6 4  1.08493E-08  3.28840E+00  3.28840E+00  4.00000E+01             68.AS 33. 295   4
 141  2.32500E-01  3.40130E+00  3.40130E+00  0.00000E+00             68.AS 33. 296  41
 6 1  6.97859E-06  3.39023E+00  3.39023E+00  4.10000E+01             68.AS 33. 297   1
 6 5  5.80034E-07  3.39990E+00  3.39990E+00  4.10000E+01             68.AS 33. 298   5
 6 6  2.17032E-09  3.40004E+00  3.40004E+00  4.10000E+01             68.AS 33. 299   6
 6 7  3.33540E-09  3.40008E+00  3.40008E+00  4.10000E+01             68.AS 33. 300   7
 6 3  8.95923E-08  3.40118E+00  3.40118E+00  4.10000E+01             68.AS 33. 301   3
 6 4  7.60120E-09  3.40130E+00  3.40130E+00  4.10000E+01             68.AS 33. 302   4
 142  3.87500E-01  3.55160E+00  3.55160E+00  0.00000E+00             68.AS 33. 303  42
 6 1  1.08583E-05  3.54053E+00  3.54053E+00  4.20000E+01             68.AS 33. 304   1
 6 5  8.87471E-07  3.55020E+00  3.55020E+00  4.20000E+01             68.AS 33. 305   5
 6 6  3.20693E-09  3.55034E+00  3.55034E+00  4.20000E+01             68.AS 33. 306   6
 6 7  5.07631E-09  3.55038E+00  3.55038E+00  4.20000E+01             68.AS 33. 307   7
 6 3  1.37012E-07  3.55148E+00  3.55148E+00  4.20000E+01             68.AS 33. 308   3
 6 4  1.16102E-08  3.55160E+00  3.55160E+00  4.20000E+01             68.AS 33. 309   4
 2 1  1.79536E-01  9.81159E-03  9.81159E-03  0.00000E+00             68.AS 33. 310   1
 2 2  3.48450E-01  9.84420E-03  9.84420E-03  0.00000E+00             68.AS 33. 311   2
 2 3  2.32070E-02  1.09376E-02  1.09376E-02  0.00000E+00             68.AS 33. 312   3
 2 4  4.53404E-02  1.09420E-02  1.09420E-02  0.00000E+00             68.AS 33. 313   4
 2 5  4.26123E-05  1.10282E-02  1.10282E-02  0.00000E+00             68.AS 33. 314   5
 2 6  6.14663E-05  1.10288E-02  1.10288E-02  0.00000E+00             68.AS 33. 315   6
 2 7  3.78494E-04  1.10605E-02  1.10605E-02  0.00000E+00             68.AS 33. 316   7
 2 8  7.25777E-04  1.10607E-02  1.10607E-02  0.00000E+00             68.AS 33. 317   8
 221  5.13735E-06  1.46900E-04  1.46900E-04  0.00000E+00             68.AS 33. 318  21
 222  2.70218E-05  1.79500E-04  1.79500E-04  0.00000E+00             68.AS 33. 319  22
 223  2.86968E-04  1.27292E-03  1.27292E-03  0.00000E+00             68.AS 33. 320  23
 224  4.82694E-04  1.27732E-03  1.27732E-03  0.00000E+00             68.AS 33. 321  24
 225  1.24989E-06  1.36348E-03  1.36348E-03  0.00000E+00             68.AS 33. 322  25
 226  1.79959E-06  1.36411E-03  1.36411E-03  0.00000E+00             68.AS 33. 323  26
 227  5.03016E-06  1.39580E-03  1.39580E-03  0.00000E+00             68.AS 33. 324  27
 228  8.99813E-06  1.39601E-03  1.39601E-03  0.00000E+00             68.AS 33. 325  28
 241  4.87865E-10  3.26000E-05  3.26000E-05  0.00000E+00             68.AS 33. 326  41
 242  2.17979E-03  1.07615E-03  1.07615E-03  0.00000E+00             68.AS 33. 327  42
 243  1.07166E-05  1.13043E-03  1.13043E-03  0.00000E+00             68.AS 33. 328  43
 244  4.82678E-03  1.21658E-03  1.21658E-03  0.00000E+00             68.AS 33. 329  44
 245  7.47059E-05  1.24062E-03  1.24062E-03  0.00000E+00             68.AS 33. 330  45
 246  2.37178E-08  1.24911E-03  1.24911E-03  0.00000E+00             68.AS 33. 331  46
 261  4.37049E-03  1.04355E-03  1.04355E-03  0.00000E+00             68.AS 33. 332  61
 262  1.12943E-05  1.09342E-03  1.09342E-03  0.00000E+00             68.AS 33. 333  62
 263  1.08739E-05  1.09782E-03  1.09782E-03  0.00000E+00             68.AS 33. 334  63
 264  8.34369E-04  1.18398E-03  1.18398E-03  0.00000E+00             68.AS 33. 335  64
 265  8.61503E-03  1.18461E-03  1.18461E-03  0.00000E+00             68.AS 33. 336  65
 266  1.29306E-04  1.20803E-03  1.20803E-03  0.00000E+00             68.AS 33. 337  66
 267  2.18213E-08  1.21630E-03  1.21630E-03  0.00000E+00             68.AS 33. 338  67
 268  2.06479E-08  1.21651E-03  1.21651E-03  0.00000E+00             68.AS 33. 339  68
 291  1.15369E-04  8.82691E-05  8.82691E-05  0.00000E+00             68.AS 33. 340  91
 294  1.07290E+01  1.21072E-05  1.21072E-05  0.00000E+00             68.AS 33. 341  94
 7 1  4.13328E-01  8.52330E-03  8.52330E-03  0.00000E+00             68.AS 33. 342   1
 7 2  1.13140E-01  9.66388E-03  9.66388E-03  0.00000E+00             68.AS 33. 343   2
 7 3  8.22868E-03  1.08081E-02  1.08081E-02  0.00000E+00             68.AS 33. 344   3
 7 4  2.96904E-01  9.16766E-05  9.16766E-05  0.00000E+00             68.AS 33. 345   4
 7 5  1.53481E+00  1.07870E-03  1.07870E-03  0.00000E+00             68.AS 33. 346   5
 7 6  3.81525E-02  1.13592E-03  1.13592E-03  0.00000E+00             68.AS 33. 347   6
 7 7  3.22235E-04  1.24140E-03  1.24140E-03  0.00000E+00             68.AS 33. 348   7
 7 8  1.89126E+00  5.27750E-05  5.27750E-05  0.00000E+00             68.AS 33. 349   8
 7 9  5.15128E+00  1.41918E-05  1.41918E-05  0.00000E+00             68.AS 33. 350   9
%%%%  68 AS  33    EC B+        1.51600E+02 151.6 S    18-07-2007       SEEIEND 
 


   ***************************************************** 
   *                 Radiation Summary                 * 
   ***************************************************** 
 
  Energy released by
    Gamma-ray                       (MeV) =   2.67498E+00
    X-ray                           (MeV) =   5.98033E-05
    Free-bound X-ray                (MeV) =   1.29898E-06
    Annihilation photon             (MeV) =   1.01015E+00
    Beta+ particle                  (MeV) =   1.99755E+00
    Neutrino                        (MeV) =   2.39865E+00
    Beta- particle                  (MeV) =   0.00000E+00
    Neutrino-                       (MeV) =   0.00000E+00
    Internal conv. electron         (MeV) =   8.54286E-04
    Auger and CK electron           (MeV) =   6.60470E-05
    Alpha particle                  (MeV) =   0.00000E+00
    Recoil nucleus                  (MeV) =   0.00000E+00
  E-total (except unplaced radiat.) (MeV) =   8.08231E+00
  E-unplaced radiation              (MeV) =   2.60694E-02
  Q-value from ENSDF data           (MeV) =   8.08000E+00
  Ratio of E-total/Q-value          ( % ) =   1.00029E+02
  Ratio of E-unplaced radi./Q-value ( % ) =   3.22642E-01

 
  Total yield of
    Gamma-ray                             =   2.34368E+00
    X-ray                                 =   6.19739E-03
    Free-bound X-ray                      =   1.07290E-01
    Annihilation photon                   =   1.97680E+00
    Beta+ particle                        =   9.88400E-01
    Beta- particle                        =   0.00000E+00
    Internal conv. electron               =   1.23590E-03
    Auger and CK electron                 =   9.44742E-02
    Alpha particle                        =   0.00000E+00
  Yield of unplaced radiation             =   8.52500E-03


