%%%% 196 AU  79    EC B-        5.34211E+05 6.183 D    02-11-2005       BALASTAR
1 196   AU  79 6.183 D         EC B-      
1INTENSITY AND ENERGY BALANCE DATA

              196-GOLD-79
+                                    HALFLIFE = 6.183 DAYS    
+                                                                  02-11-2005


    LEVEL       INTENSITY   INTENSITY
    ENERGY      ENTERING    LEAVING     PERCENT
    (MEV)       LEVEL       LEVEL       ERROR

   0.0000E+00  9.2805E+01
   3.5573E-01  9.2351E+01  9.2348E+01  2.9163E-03                      
   6.8876E-01  2.4705E+01  2.4715E+01  3.8008E-02                      
   8.7700E-01  3.9760E-01  3.9790E-01  7.4837E-02                      
   1.0152E+00  6.7229E-02  6.6094E-02  1.7020E+00                      
   1.2704E+00  9.9983E-03  1.0240E-02  2.3858E+00                      
   1.3615E+00  5.8990E-03  5.9377E-03  6.5439E-01                      
   1.4473E+00  2.0996E-01  2.0913E-01  3.9904E-01                      
   0.0000E+00  7.2010E+00
   4.2610E-01  6.9000E+00  6.9010E+00  1.4263E-02                      


 INTENSITY TO GROUND AND ISOMERIC STATE(S) OF DAUGHTER(S)=  1.000E+02
 TOTAL INTENSITY FROM PARENT=  1.000E+02
 PERCENT ERROR =  6.286E-03                      


 TOTAL INTENSITY FROM PARENT =  1.000E+02
 VALUE IS WITHIN   0.00E+00% OF 100                      


 TOTAL ENERGY AVAILABLE =  1.447E+00 MEV
 TOTAL ENERGY CONTENT OF ALL RADIATIONS =  1.447E+00 MEV
 PERCENT ERROR =  2.933E-03                      
%%%% 196 AU  79    EC B-        5.34211E+05 6.183 D    02-11-2005       BALAEND 
%%%% 196 AU  79    EC B-        5.34211E+05 6.183 D    02-11-2005       INPUSTAR
1                                      **INPUT DATA**
              196-GOLD-79
+                                    HALFLIFE = 6.183 DAYS    
+                                                                  02-11-2005

            MODES OF DECAY: ELECTRON CAPTURE, BETA MINUS
 
                                MEAN
                                NUMBER/    TRANSITION
                TYPE OF    ID   TRANSFOR-  ENERGY
              TRANSITION   NO.  MATION     (MEV)       OTHER NUCLEAR PARAMETERS

           ELECT. CAPTURE   1   2.10E-03   5.840E-02   ALLOWED                                  
           ELECT. CAPTURE   2   5.90E-05   1.442E-01   FIRST FORBIDDEN                          
           ELECT. CAPTURE   3   1.00E-04   2.353E-01   UNIQUE SECOND FORBIDDEN                  
           ELECT. CAPTURE   4   6.00E-04   4.905E-01   FIRST FORBIDDEN                          
           ELECT. CAPTURE   5   3.80E-03   6.287E-01   UNIQUE FIRST FORBIDDEN                   
           ELECT. CAPTURE   6   2.46E-01   8.169E-01   FIRST FORBIDDEN                          
           ELECT. CAPTURE   7   6.71E-01   1.150E+00   FIRST FORBIDDEN                          
           ELECT. CAPTURE   8   4.50E-03   1.506E+00   UNIQUE FIRST FORBIDDEN                   
           I.C.E. + GAMMA   1   6.23E-04   3.262E-01   M1 MULTIPOLE                             
+                                                                    AK= 0.211                  
                                                       AL1=0.0313    AL2=0.00275                
                                                       AM= 0.00793   AN+=0.00244                
           I.C.E. + GAMMA   2   2.47E-01   3.330E-01   M1+E2 MULTIPOLE                          
                                                       MRS=27.0      AK= 0.0528                 
                                                       AL1=0.00719   AL2=0.00853                
                                                       AL3=0.00429   AM= 0.00499                
                                                       AN+=0.00148                              
           I.C.E. + GAMMA   3   9.23E-01   3.557E-01   E2 MULTIPOLE                             
+                                                                    AK= 0.0405                 
                                                       AL1=0.00546   AL2=0.00669                
                                                       AL3=0.00328   AM= 0.00385                
                                                       AN+=0.00114                              
           I.C.E. + GAMMA   4   1.02E-04   3.934E-01   E1 MULTIPOLE                             
+                                                                    AK= 0.0117                 
                                                       AL1=0.00148                              
           I.C.E. + GAMMA   5   7.24E-05   4.320E-01   E1 MULTIPOLE                             
+                                                                    AK= 0.0665                 
                                                       AL1=0.00845   AL2=0.00109                
                                                       AM= 0.00239                              
           I.C.E. + GAMMA   6   3.98E-03   5.214E-01   E2 MULTIPOLE                             
+                                                                    AK= 0.0168                 
                                                       AL1=0.00233   AL2=0.00149                
                                                       AM= 0.00108                              
           I.C.E. + GAMMA   7   7.43E-05   5.708E-01   E1+M2 MULTIPOLE                          
                                                       AK= 0.0667    AL1=0.00860                
                                                       AM= 0.00234                              
           I.C.E. + GAMMA   8   3.80E-05   6.595E-01   M1 MULTIPOLE                             
+                                                                    AK= 0.0331                 
                                                       AL1=0.00485   AM= 0.00121                
           I.C.E. + GAMMA   9   2.77E-05   6.735E-01   M1+E2 MULTIPOLE                          
                                                       AK= 0.0207    AL1=0.00303                
           I.C.E. + GAMMA  10   6.17E-05   6.888E-01   E2 MULTIPOLE                             
+                                                                    AK= 0.00931                
                                                       AL1=0.00131                              
           I.C.E. + GAMMA  11   4.46E-04   7.591E-01   E1 MULTIPOLE                             
+                                                                    AK= 0.00300                
           I.C.E. + GAMMA  12   2.74E-05   1.006E+00   M1 MULTIPOLE                             
+                                                                    AK= 0.0113                 
                                                       AL1=0.00165                              
           I.C.E. + GAMMA  13   1.49E-03   1.091E+00   E1 MULTIPOLE                             
+                                                                    AK= 0.00154                
           I.C.E. + GAMMA  14   4.37E-06   1.361E+00   E2 MULTIPOLE                             
+                                                                    AK= 0.00252                
           I.C.E. + GAMMA  15   7.88E-06   1.446E+00   E3 MULTIPOLE                             
+                                                                    AK= 0.00446                
               BETA MINUS   1   6.90E-02   2.599E-01*  FIRST FORBIDDEN                          
               BETA MINUS   2   3.00E-03   6.860E-01*  UNIQUE FIRST FORBIDDEN                   
           I.C.E. + GAMMA   1   6.90E-02   4.261E-01   E2 MULTIPOLE                             
+                                                                    AK= 0.0280                 
                                                       AL1=0.00396   AL2=0.00394                
                                                       AL3=0.00168   AM= 0.00239                
 
           * ENDPOINT ENERGY (MEV)
           - - - - - - - - - -
           Reference: Evaluated Nuclear Structure Data File (ENSDF)
                DATE DATA WERE ENTERED INTO ENSDF: Feb-1998
%%%% 196 AU  79    EC B-        5.34211E+05 6.183 D    02-11-2005       INPUEND 
%%%% 196 AU  79    EC B-        5.34211E+05 6.183 D    02-11-2005       OUTPSTAR
1                                      **OUTPUT DATA**
              196-GOLD-79
+                                    HALFLIFE = 6.183 DAYS    
+                                                                  02-11-2005

            MODES OF DECAY: ELECTRON CAPTURE, BETA MINUS
 
                                              MEAN
                                              NUMBER/                  MEV/
                                         ID   TRANSFOR-   ENERGY       TRANSFOR-
                  TYPE OF RADIATION      NO.  MATION      (MEV)        MATION

           GAMMA-RAY                      2   2.29E-01    3.330E-01    7.62E-02
           K CONV. ELECTRON, GAMMA-RAY    2   1.21E-02    2.544E-01    3.08E-03
           L1 CONV. ELECTRON, GAMMA-RAY   2   1.65E-03    3.192E-01    5.25E-04
           L2 CONV. ELECTRON, GAMMA-RAY   2   1.95E-03    3.197E-01    6.24E-04
           L3 CONV. ELECTRON, GAMMA-RAY   2   9.81E-04    3.215E-01    3.15E-04
           M CONV. ELECTRON, GAMMA-RAY    2   1.14E-03    3.304E-01*   3.77E-04
           N+ CONV. ELECTRON, GAMMA-RAY   2   3.40E-04    3.330E-01*   1.13E-04
           GAMMA-RAY                      3   8.70E-01    3.557E-01    3.10E-01
           K CONV. ELECTRON, GAMMA-RAY    3   3.52E-02    2.771E-01    9.76E-03
           L1 CONV. ELECTRON, GAMMA-RAY   3   4.76E-03    3.419E-01    1.63E-03
           L2 CONV. ELECTRON, GAMMA-RAY   3   5.82E-03    3.424E-01    1.99E-03
           L3 CONV. ELECTRON, GAMMA-RAY   3   2.86E-03    3.442E-01    9.83E-04
           M CONV. ELECTRON, GAMMA-RAY    3   3.35E-03    3.531E-01*   1.18E-03
           N+ CONV. ELECTRON, GAMMA-RAY   3   9.97E-04    3.557E-01*   3.55E-04
           GAMMA-RAY                      6   3.89E-03    5.214E-01    2.03E-03
           GAMMA-RAY                     13   1.49E-03    1.091E+00    1.62E-03
           K -L2 X-RAY                        2.20E-01    6.530E-02    1.44E-02
           K -L3 X-RAY                        3.76E-01    6.705E-02    2.52E-02
           K -M2 X-RAY                        4.12E-02    7.559E-02    3.11E-03
           K -M3 X-RAY                        7.96E-02    7.598E-02    6.05E-03
           K -N2 X-RAY                        9.59E-03    7.801E-02    7.48E-04
           K -N3 X-RAY                        1.87E-02    7.810E-02    1.46E-03
           L2-M4 X-RAY                        7.34E-02    1.110E-02    8.15E-04
           L3-M5 X-RAY                        1.18E-01    9.438E-03    1.11E-03
           AUGER KLL                          2.05E-02    5.278E-02*   1.08E-03
           AUGER KLX                          1.10E-02    6.329E-02*   6.96E-04
           AUGER KXY                          1.42E-03    7.381E-02*   1.05E-04
           CK LLX                             1.57E-01    7.100E-04*   1.12E-04
           AUGER LMM                          3.69E-01    7.254E-03*   2.68E-03
           AUGER LMX                          1.52E-01    9.304E-03*   1.42E-03
           AUGER LXY                          1.53E-02    1.138E-02*   1.74E-04
           CK MMX                             4.44E-01    4.060E-04*   1.80E-04
           AUGER MNN                          1.21E+00    1.696E-03*   2.06E-03
           AUGER MNX                          1.16E-01    1.907E-03*   2.21E-04
           CK NNX                             2.46E+00    1.712E-04*   4.22E-04
           AUGER NXY                          4.68E+00    5.594E-05*   2.62E-04
           CK OOX                             2.90E+00    3.747E-05*   1.09E-04
           BETA MINUS                     1   6.90E-02    7.187E-02*   4.96E-03
           BETA MINUS                     2   3.00E-03    2.193E-01*   6.58E-04
           GAMMA-RAY                      1   6.63E-02    4.261E-01    2.83E-02
           K CONV. ELECTRON, GAMMA-RAY    1   1.86E-03    3.427E-01    6.36E-04
           L1 CONV. ELECTRON, GAMMA-RAY   1   2.63E-04    4.113E-01    1.08E-04
           L2 CONV. ELECTRON, GAMMA-RAY   1   2.61E-04    4.118E-01    1.08E-04
           L3 CONV. ELECTRON, GAMMA-RAY   1   1.12E-04    4.138E-01    4.62E-05
           M CONV. ELECTRON, GAMMA-RAY    1   1.58E-04    4.233E-01*   6.70E-05
 
           ALL LISTED X-RAYS, GAMMA-RAYS AND ANNIHILATION RADIATION    4.71E-01
           ALL NEGLECTED X-RAYS, GAMMA-RAYS AND ANNIH. RADIATION**     2.71E-03
           ALL LISTED BETAS, INTERNAL CONVERSION AND AUGER ELECTRONS   3.70E-02
           ALL NEGLECTED BETAS, INT. CONVERSION AND AUGER ELECTRONS**  1.43E-04
           ALL LISTED RADIATIONS                                       5.08E-01
           ALL NEGLECTED RADIATIONS**                                  2.85E-03
 
           *  AVERAGE ENERGY (MEV)
           ** EACH NEGLECTED TRANSITION CONTRIBUTES LESS THAN  0.100%
              TO THE TOTAL MEV/TRANSFORMATION FOR THIS CATEGORY.
           TOTAL FEEDING OF GROUND STATE LEVEL IN 196-PLATINUM
             DAUGHTER IS 9.2800E-01 PER TRANSFORMATION OF 196-GOLD.
             THIS DAUGHTER GROUND STATE IS STABLE.
           TOTAL FEEDING OF GROUND STATE LEVEL IN 196-MERCURY
             DAUGHTER IS 7.2000E-02 PER TRANSFORMATION OF 196-GOLD.
             THIS DAUGHTER GROUND STATE IS STABLE.
           - - - - - - - - - -
           INPUT DATA SOURCE: EVALUATED NUCLEAR STRUCTURE DATA FILE (ENSDF)
             DATE INPUT DATA WERE ENTERED INTO ENSDF: Feb-1998
%%%% 196 AU  79    EC B-        5.34211E+05 6.183 D    02-11-2005       OUTPEND 
%%%% 196 AU  79    EC B-        5.34211E+05 6.183 D    02-11-2005       BETASTAR
1
              196-GOLD-79
+                                    HALFLIFE = 6.183 DAYS    
+                                                                  02-11-2005

            BETA SPECTRUM DATA FOR ALL DECAY BRANCHES

                      BETAS PER                BETAS PER                BETAS PER
            ENERGY    MEV            ENERGY    MEV            ENERGY    MEV
            (MEV)     PER DECAY      (MEV)     PER DECAY      (MEV)     PER DECAY

            0.00000   6.779E-01      0.00180   6.710E-01      0.03600   5.520E-01
            0.00010   6.776E-01      0.00200   6.703E-01      0.04000   5.386E-01
            0.00011   6.775E-01      0.00220   6.695E-01      0.04500   5.219E-01
            0.00012   6.775E-01      0.00240   6.687E-01      0.05000   5.050E-01
            0.00013   6.774E-01      0.00260   6.680E-01      0.05500   4.881E-01
            0.00014   6.774E-01      0.00280   6.672E-01      0.06000   4.712E-01
            0.00015   6.774E-01      0.00300   6.664E-01      0.06500   4.542E-01
            0.00016   6.773E-01      0.00320   6.657E-01      0.07000   4.373E-01
            0.00018   6.772E-01      0.00360   6.641E-01      0.07500   4.203E-01
            0.00020   6.772E-01      0.00400   6.626E-01      0.08000   4.035E-01
            0.00022   6.771E-01      0.00450   6.607E-01      0.08500   3.866E-01
            0.00024   6.770E-01      0.00500   6.587E-01      0.09000   3.699E-01
            0.00026   6.769E-01      0.00550   6.568E-01      0.10000   3.367E-01
            0.00028   6.769E-01      0.00600   6.549E-01      0.11000   3.041E-01
            0.00030   6.768E-01      0.00650   6.530E-01      0.12000   2.722E-01
            0.00032   6.767E-01      0.00700   6.511E-01      0.13000   2.412E-01
            0.00036   6.766E-01      0.00750   6.492E-01      0.14000   2.113E-01
            0.00040   6.764E-01      0.00800   6.472E-01      0.15000   1.827E-01
            0.00045   6.762E-01      0.00850   6.453E-01      0.16000   1.555E-01
            0.00050   6.760E-01      0.00900   6.434E-01      0.18000   1.061E-01
            0.00055   6.758E-01      0.01000   6.396E-01      0.20000   6.481E-02
            0.00060   6.756E-01      0.01100   6.357E-01      0.22000   3.316E-02
            0.00065   6.754E-01      0.01200   6.319E-01      0.24000   1.283E-02
            0.00070   6.753E-01      0.01300   6.280E-01      0.26000   5.536E-03
            0.00075   6.751E-01      0.01400   6.242E-01      0.28000   5.285E-03
            0.00080   6.749E-01      0.01500   6.204E-01      0.30000   5.033E-03
            0.00085   6.747E-01      0.01600   6.174E-01      0.32000   4.779E-03
            0.00090   6.745E-01      0.01800   6.110E-01      0.36000   4.257E-03
            0.00100   6.741E-01      0.02000   6.045E-01      0.40000   3.708E-03
            0.00110   6.737E-01      0.02200   5.980E-01      0.45000   2.973E-03
            0.00120   6.733E-01      0.02400   5.915E-01      0.50000   2.190E-03
            0.00130   6.730E-01      0.02600   5.850E-01      0.55000   1.394E-03
            0.00140   6.726E-01      0.02800   5.784E-01      0.60000   6.650E-04
            0.00150   6.722E-01      0.03000   5.718E-01      0.65000   1.390E-04
            0.00160   6.718E-01      0.03200   5.652E-01      0.68600   0.000E+00

            AVERAGE BETA ENERGY =   7.802E-02

            TOTAL BETAS PER DECAY FOR ALL BRANCHES =   7.200E-02
%%%% 196 AU  79    EC B-        5.34211E+05 6.183 D    02-11-2005       BETAEND 
%%%% 196 AU  79    EC B-        5.34211E+05 6.183 D    02-11-2005       SEEISTAR
196.  GOLD         79.  6.183E+00 DAYS     267 EC B-                196.AU 79.   0
 1 1  4.96164E-02  3.26200E-01  3.26200E-01  0.00000E+00            196.AU 79.   1   1
 6 1  1.04581E-02  2.47585E-01  2.47585E-01  1.00000E+00            196.AU 79.   2   1
 6 5  1.55388E-03  3.12338E-01  3.12338E-01  1.00000E+00            196.AU 79.   3   5
 6 6  1.36280E-04  3.12887E-01  3.12887E-01  1.00000E+00            196.AU 79.   4   6
 6 7  1.25820E-05  3.14633E-01  3.14633E-01  1.00000E+00            196.AU 79.   5   7
 6 3  3.93640E-04  3.23563E-01  3.23563E-01  1.00000E+00            196.AU 79.   6   3
 6 4  1.21094E-04  3.26200E-01  3.26200E-01  1.00000E+00            196.AU 79.   7   4
 1 2  2.28932E+01  3.33030E-01  3.33030E-01  0.00000E+00            196.AU 79.   8   2
 6 1  1.20936E+00  2.54415E-01  2.54415E-01  2.00000E+00            196.AU 79.   9   1
 6 5  1.64624E-01  3.19168E-01  3.19168E-01  2.00000E+00            196.AU 79.  10   5
 6 6  1.95194E-01  3.19717E-01  3.19717E-01  2.00000E+00            196.AU 79.  11   6
 6 7  9.81371E-02  3.21463E-01  3.21463E-01  2.00000E+00            196.AU 79.  12   7
 6 3  1.14146E-01  3.30393E-01  3.30393E-01  2.00000E+00            196.AU 79.  13   3
 6 4  3.39611E-02  3.33030E-01  3.33030E-01  2.00000E+00            196.AU 79.  14   4
 1 3  8.70464E+01  3.55730E-01  3.55730E-01  0.00000E+00            196.AU 79.  15   3
 6 1  3.52334E+00  2.77115E-01  2.77115E-01  3.00000E+00            196.AU 79.  16   1
 6 5  4.75636E-01  3.41868E-01  3.41868E-01  3.00000E+00            196.AU 79.  17   5
 6 6  5.82223E-01  3.42417E-01  3.42417E-01  3.00000E+00            196.AU 79.  18   6
 6 7  2.85717E-01  3.44163E-01  3.44163E-01  3.00000E+00            196.AU 79.  19   7
 6 3  3.35023E-01  3.53093E-01  3.53093E-01  3.00000E+00            196.AU 79.  20   3
 6 4  9.96578E-02  3.55730E-01  3.55730E-01  3.00000E+00            196.AU 79.  21   4
 1 4  1.00974E-02  3.93400E-01  3.93400E-01  0.00000E+00            196.AU 79.  22   4
 6 1  1.18087E-04  3.14785E-01  3.14785E-01  4.00000E+00            196.AU 79.  23   1
 6 5  1.49113E-05  3.79538E-01  3.79538E-01  4.00000E+00            196.AU 79.  24   5
 6 6  2.06097E-06  3.80087E-01  3.80087E-01  4.00000E+00            196.AU 79.  25   6
 6 7  1.67877E-06  3.81833E-01  3.81833E-01  4.00000E+00            196.AU 79.  26   7
 6 3  4.28948E-06  3.90763E-01  3.90763E-01  4.00000E+00            196.AU 79.  27   3
 6 4  1.30014E-06  3.93400E-01  3.93400E-01  4.00000E+00            196.AU 79.  28   4
 1 5  6.70257E-03  4.32000E-01  4.32000E-01  0.00000E+00            196.AU 79.  29   5
 6 1  4.45454E-04  3.53385E-01  3.53385E-01  5.00000E+00            196.AU 79.  30   1
 6 5  5.66468E-05  4.18138E-01  4.18138E-01  5.00000E+00            196.AU 79.  31   5
 6 6  7.32366E-06  4.18687E-01  4.18687E-01  5.00000E+00            196.AU 79.  32   6
 6 7  5.87138E-06  4.20433E-01  4.20433E-01  5.00000E+00            196.AU 79.  33   7
 6 3  1.60449E-05  4.29363E-01  4.29363E-01  5.00000E+00            196.AU 79.  34   3
 6 4  4.86491E-06  4.32000E-01  4.32000E-01  5.00000E+00            196.AU 79.  35   4
 1 6  3.89097E-01  5.21400E-01  5.21400E-01  0.00000E+00            196.AU 79.  36   6
 6 1  6.53664E-03  4.42785E-01  4.42785E-01  6.00000E+00            196.AU 79.  37   1
 6 5  9.07959E-04  5.07538E-01  5.07538E-01  6.00000E+00            196.AU 79.  38   5
 6 6  5.78042E-04  5.08087E-01  5.08087E-01  6.00000E+00            196.AU 79.  39   6
 6 7  2.34960E-04  5.09833E-01  5.09833E-01  6.00000E+00            196.AU 79.  40   7
 6 3  4.18385E-04  5.18763E-01  5.18763E-01  6.00000E+00            196.AU 79.  41   3
 6 4  1.25722E-04  5.21400E-01  5.21400E-01  6.00000E+00            196.AU 79.  42   4
 1 7  6.87667E-03  5.70800E-01  5.70800E-01  0.00000E+00            196.AU 79.  43   7
 6 1  4.58856E-04  4.92185E-01  4.92185E-01  7.00000E+00            196.AU 79.  44   1
 6 5  5.91644E-05  5.56938E-01  5.56938E-01  7.00000E+00            196.AU 79.  45   5
 6 6  6.24998E-06  5.57487E-01  5.57487E-01  7.00000E+00            196.AU 79.  46   6
 6 7  4.84958E-06  5.59233E-01  5.59233E-01  7.00000E+00            196.AU 79.  47   7
 6 3  1.61139E-05  5.68163E-01  5.68163E-01  7.00000E+00            196.AU 79.  48   3
 6 4  4.89985E-06  5.70800E-01  5.70800E-01  7.00000E+00            196.AU 79.  49   4
 1 8  3.65595E-03  6.59500E-01  6.59500E-01  0.00000E+00            196.AU 79.  50   8
 6 1  1.21016E-04  5.80885E-01  5.80885E-01  8.00000E+00            196.AU 79.  51   1
 6 5  1.77219E-05  6.45638E-01  6.45638E-01  8.00000E+00            196.AU 79.  52   5
 6 6  1.37136E-06  6.46187E-01  6.46187E-01  8.00000E+00            196.AU 79.  53   6
 6 7  1.29390E-07  6.47933E-01  6.47933E-01  8.00000E+00            196.AU 79.  54   7
 6 3  4.42176E-06  6.56863E-01  6.56863E-01  8.00000E+00            196.AU 79.  55   3
 6 4  1.36409E-06  6.59500E-01  6.59500E-01  8.00000E+00            196.AU 79.  56   4
 1 9  2.69844E-03  6.73500E-01  6.73500E-01  0.00000E+00            196.AU 79.  57   9
 6 1  5.59137E-05  5.94885E-01  5.94885E-01  9.00000E+00            196.AU 79.  58   1
 6 5  8.18675E-06  6.59638E-01  6.59638E-01  9.00000E+00            196.AU 79.  59   5
 6 6  6.30159E-07  6.60187E-01  6.60187E-01  9.00000E+00            196.AU 79.  60   6
 6 7  5.96339E-08  6.61933E-01  6.61933E-01  9.00000E+00            196.AU 79.  61   7
 6 3  2.04102E-06  6.70863E-01  6.70863E-01  9.00000E+00            196.AU 79.  62   3
 6 4  6.29717E-07  6.73500E-01  6.73500E-01  9.00000E+00            196.AU 79.  63   4
 110  6.09325E-03  6.88760E-01  6.88760E-01  0.00000E+00            196.AU 79.  64  10
 6 1  5.67407E-05  6.10145E-01  6.10145E-01  1.00000E+01            196.AU 79.  65   1
 6 5  7.95448E-06  6.74898E-01  6.74898E-01  1.00000E+01            196.AU 79.  66   5
 6 6  3.19817E-06  6.75447E-01  6.75447E-01  1.00000E+01            196.AU 79.  67   6
 6 7  1.15122E-06  6.77193E-01  6.77193E-01  1.00000E+01            196.AU 79.  68   7
 6 3  2.93906E-06  6.86123E-01  6.86123E-01  1.00000E+01            196.AU 79.  69   3
 6 4  8.88091E-07  6.88760E-01  6.88760E-01  1.00000E+01            196.AU 79.  70   4
 111  4.43937E-02  7.59100E-01  7.59100E-01  0.00000E+00            196.AU 79.  71  11
 6 1  1.33159E-04  6.80485E-01  6.80485E-01  1.10000E+01            196.AU 79.  72   1
 6 5  1.73262E-05  7.45238E-01  7.45238E-01  1.10000E+01            196.AU 79.  73   5
 6 6  1.47548E-06  7.45787E-01  7.45787E-01  1.10000E+01            196.AU 79.  74   6
 6 7  1.12371E-06  7.47533E-01  7.47533E-01  1.10000E+01            196.AU 79.  75   7
 6 3  4.55868E-06  7.56463E-01  7.56463E-01  1.10000E+01            196.AU 79.  76   3
 6 4  1.39103E-06  7.59100E-01  7.59100E-01  1.10000E+01            196.AU 79.  77   4
 112  2.69844E-03  1.00570E+00  1.00570E+00  0.00000E+00            196.AU 79.  78  12
 6 1  3.05917E-05  9.27085E-01  9.27085E-01  1.20000E+01            196.AU 79.  79   1
 6 5  4.44201E-06  9.91838E-01  9.91838E-01  1.20000E+01            196.AU 79.  80   5
 6 6  3.08032E-07  9.92387E-01  9.92387E-01  1.20000E+01            196.AU 79.  81   6
 6 7  3.19270E-08  9.94133E-01  9.94133E-01  1.20000E+01            196.AU 79.  82   7
 6 3  1.10352E-06  1.00306E+00  1.00306E+00  1.20000E+01            196.AU 79.  83   3
 6 4  3.39101E-07  1.00570E+00  1.00570E+00  1.20000E+01            196.AU 79.  84   4
 113  1.48849E-01  1.09140E+00  1.09140E+00  0.00000E+00            196.AU 79.  85  13
 6 1  2.28980E-04  1.01279E+00  1.01279E+00  1.30000E+01            196.AU 79.  86   1
 6 5  3.00985E-05  1.07754E+00  1.07754E+00  1.30000E+01            196.AU 79.  87   5
 6 6  1.93006E-06  1.07809E+00  1.07809E+00  1.30000E+01            196.AU 79.  88   6
 6 7  1.47242E-06  1.07983E+00  1.07983E+00  1.30000E+01            196.AU 79.  89   7
 6 3  7.62650E-06  1.08876E+00  1.08876E+00  1.30000E+01            196.AU 79.  90   3
 6 4  2.33437E-06  1.09140E+00  1.09140E+00  1.30000E+01            196.AU 79.  91   4
 114  4.35232E-04  1.36100E+00  1.36100E+00  0.00000E+00            196.AU 79.  92  14
 6 1  1.09700E-06  1.28239E+00  1.28239E+00  1.40000E+01            196.AU 79.  93   1
 6 5  1.51785E-07  1.34714E+00  1.34714E+00  1.40000E+01            196.AU 79.  94   5
 6 6  2.22698E-08  1.34769E+00  1.34769E+00  1.40000E+01            196.AU 79.  95   6
 6 7  6.67177E-09  1.34943E+00  1.34943E+00  1.40000E+01            196.AU 79.  96   7
 6 3  4.20267E-08  1.35836E+00  1.35836E+00  1.40000E+01            196.AU 79.  97   3
 6 4  1.28197E-08  1.36100E+00  1.36100E+00  1.40000E+01            196.AU 79.  98   4
 115  7.83418E-04  1.44630E+00  1.44630E+00  0.00000E+00            196.AU 79.  99  15
 6 1  3.49793E-06  1.36769E+00  1.36769E+00  1.50000E+01            196.AU 79. 100   1
 6 5  5.16784E-07  1.43244E+00  1.43244E+00  1.50000E+01            196.AU 79. 101   5
 6 6  1.36649E-07  1.43299E+00  1.43299E+00  1.50000E+01            196.AU 79. 102   6
 6 7  2.27011E-08  1.43473E+00  1.43473E+00  1.50000E+01            196.AU 79. 103   7
 6 3  1.59828E-07  1.44366E+00  1.44366E+00  1.50000E+01            196.AU 79. 104   3
 6 4  4.87867E-08  1.44630E+00  1.44630E+00  1.50000E+01            196.AU 79. 105   4
 2 1  2.19929E+01  6.53020E-02  6.53020E-02  0.00000E+00            196.AU 79. 106   1
 2 2  3.75765E+01  6.70480E-02  6.70480E-02  0.00000E+00            196.AU 79. 107   2
 2 3  4.11629E+00  7.55931E-02  7.55931E-02  0.00000E+00            196.AU 79. 108   3
 2 4  7.95988E+00  7.59780E-02  7.59780E-02  0.00000E+00            196.AU 79. 109   4
 2 5  1.00325E-01  7.64026E-02  7.64026E-02  0.00000E+00            196.AU 79. 110   5
 2 6  1.24003E-01  7.64857E-02  7.64857E-02  0.00000E+00            196.AU 79. 111   6
 2 7  9.59169E-01  7.80108E-02  7.80108E-02  0.00000E+00            196.AU 79. 112   7
 2 8  1.87126E+00  7.81028E-02  7.81028E-02  0.00000E+00            196.AU 79. 113   8
 2 9  2.54635E-02  7.82819E-02  7.82819E-02  0.00000E+00            196.AU 79. 114   9
 210  3.13704E-02  7.82990E-02  7.82990E-02  0.00000E+00            196.AU 79. 115  10
 211  2.20291E-01  7.85418E-02  7.85418E-02  0.00000E+00            196.AU 79. 116  11
 212  4.38589E-01  7.85572E-02  7.85572E-02  0.00000E+00            196.AU 79. 117  12
 213  2.04051E-03  7.86040E-02  7.86040E-02  0.00000E+00            196.AU 79. 118  13
 214  2.42442E-03  7.86055E-02  7.86055E-02  0.00000E+00            196.AU 79. 119  14
 221  1.75480E-04  5.49001E-04  5.49001E-04  0.00000E+00            196.AU 79. 120  21
 222  3.08719E-02  2.29500E-03  2.29500E-03  0.00000E+00            196.AU 79. 121  22
 223  4.19429E-01  1.08400E-02  1.08400E-02  0.00000E+00            196.AU 79. 122  23
 224  4.92443E-01  1.12251E-02  1.12251E-02  0.00000E+00            196.AU 79. 123  24
 225  1.36088E-02  1.16496E-02  1.16496E-02  0.00000E+00            196.AU 79. 124  25
 226  2.03774E-02  1.17330E-02  1.17330E-02  0.00000E+00            196.AU 79. 125  26
 227  1.05493E-01  1.32578E-02  1.32578E-02  0.00000E+00            196.AU 79. 126  27
 228  1.32909E-01  1.33500E-02  1.33500E-02  0.00000E+00            196.AU 79. 127  28
 229  2.00597E-03  1.35289E-02  1.35289E-02  0.00000E+00            196.AU 79. 128  29
 230  3.15280E-03  1.35461E-02  1.35461E-02  0.00000E+00            196.AU 79. 129  30
 231  1.83964E-02  1.37887E-02  1.37887E-02  0.00000E+00            196.AU 79. 130  31
 232  2.24776E-02  1.38043E-02  1.38043E-02  0.00000E+00            196.AU 79. 131  32
 233  1.46999E-04  1.38510E-02  1.38510E-02  0.00000E+00            196.AU 79. 132  33
 234  2.25506E-04  1.38525E-02  1.38525E-02  0.00000E+00            196.AU 79. 133  34
 241  1.57244E-04  1.74600E-03  1.74600E-03  0.00000E+00            196.AU 79. 134  41
 242  1.99448E-01  1.00398E-02  1.00398E-02  0.00000E+00            196.AU 79. 135  42
 243  7.32512E-03  1.06761E-02  1.06761E-02  0.00000E+00            196.AU 79. 136  43
 244  7.34456E+00  1.11006E-02  1.11006E-02  0.00000E+00            196.AU 79. 137  44
 245  5.01102E-02  1.26008E-02  1.26008E-02  0.00000E+00            196.AU 79. 138  45
 246  1.96379E-03  1.28010E-02  1.28010E-02  0.00000E+00            196.AU 79. 139  46
 247  1.43313E+00  1.29799E-02  1.29799E-02  0.00000E+00            196.AU 79. 140  47
 248  4.89971E-03  1.32275E-02  1.32275E-02  0.00000E+00            196.AU 79. 141  48
 249  9.99313E-03  1.32046E-02  1.32046E-02  0.00000E+00            196.AU 79. 142  49
 250  3.92592E-04  1.32552E-02  1.32552E-02  0.00000E+00            196.AU 79. 143  50
 251  1.11846E-01  1.33020E-02  1.33020E-02  0.00000E+00            196.AU 79. 144  51
 253  4.26539E-04  1.33049E-02  1.33049E-02  0.00000E+00            196.AU 79. 145  53
 261  7.70424E-01  8.29380E-03  8.29380E-03  0.00000E+00            196.AU 79. 146  61
 262  7.30494E-03  8.54500E-03  8.54500E-03  0.00000E+00            196.AU 79. 147  62
 263  6.61024E-03  8.93011E-03  8.93011E-03  0.00000E+00            196.AU 79. 148  63
 264  1.33631E+00  9.35457E-03  9.35457E-03  0.00000E+00            196.AU 79. 149  64
 265  1.17772E+01  9.43805E-03  9.43805E-03  0.00000E+00            196.AU 79. 150  65
 266  1.58078E-01  1.08548E-02  1.08548E-02  0.00000E+00            196.AU 79. 151  66
 267  1.61462E-03  1.09628E-02  1.09628E-02  0.00000E+00            196.AU 79. 152  67
 268  1.61865E-03  1.10550E-02  1.10550E-02  0.00000E+00            196.AU 79. 153  68
 269  2.41861E-01  1.12339E-02  1.12339E-02  0.00000E+00            196.AU 79. 154  69
 270  2.17811E+00  1.12510E-02  1.12510E-02  0.00000E+00            196.AU 79. 155  70
 271  1.50560E-03  1.14815E-02  1.14815E-02  0.00000E+00            196.AU 79. 156  71
 272  8.43920E-03  1.14851E-02  1.14851E-02  0.00000E+00            196.AU 79. 157  72
 273  3.30828E-02  1.14586E-02  1.14586E-02  0.00000E+00            196.AU 79. 158  73
 274  3.38678E-04  1.14936E-02  1.14936E-02  0.00000E+00            196.AU 79. 159  74
 275  3.34947E-04  1.15092E-02  1.15092E-02  0.00000E+00            196.AU 79. 160  75
 276  1.85910E-02  1.15560E-02  1.15560E-02  0.00000E+00            196.AU 79. 161  76
 277  1.60543E-01  1.15575E-02  1.15575E-02  0.00000E+00            196.AU 79. 162  77
 280  1.33695E-03  1.15589E-02  1.15589E-02  0.00000E+00            196.AU 79. 163  80
 291  3.85338E+00  2.06867E-03  2.06867E-03  0.00000E+00            196.AU 79. 164  91
 292  8.28124E-02  2.87065E-04  2.87065E-04  0.00000E+00            196.AU 79. 165  92
 293  2.77841E-04  5.09471E-05  5.09471E-05  0.00000E+00            196.AU 79. 166  93
 294  1.36082E+03  1.01422E-05  1.01422E-05  0.00000E+00            196.AU 79. 167  94
 7 1  2.05446E+00  5.27836E-02  5.27836E-02  0.00000E+00            196.AU 79. 168   1
 7 2  1.10040E+00  6.32891E-02  6.32891E-02  0.00000E+00            196.AU 79. 169   2
 7 3  1.41849E-01  7.38054E-02  7.38054E-02  0.00000E+00            196.AU 79. 170   3
 7 4  1.57201E+01  7.09982E-04  7.09982E-04  0.00000E+00            196.AU 79. 171   4
 7 5  3.69293E+01  7.25436E-03  7.25436E-03  0.00000E+00            196.AU 79. 172   5
 7 6  1.52315E+01  9.30379E-03  9.30379E-03  0.00000E+00            196.AU 79. 173   6
 7 7  1.53166E+00  1.13816E-02  1.13816E-02  0.00000E+00            196.AU 79. 174   7
 7 8  4.43666E+01  4.06024E-04  4.06024E-04  0.00000E+00            196.AU 79. 175   8
 7 9  1.21497E+02  1.69608E-03  1.69608E-03  0.00000E+00            196.AU 79. 176   9
 710  1.15673E+01  1.90663E-03  1.90663E-03  0.00000E+00            196.AU 79. 177  10
 711  5.71614E-01  2.22859E-03  2.22859E-03  0.00000E+00            196.AU 79. 178  11
 712  2.46420E+02  1.71213E-04  1.71213E-04  0.00000E+00            196.AU 79. 179  12
 713  4.67954E+02  5.59391E-05  5.59391E-05  0.00000E+00            196.AU 79. 180  13
 714  2.89697E+02  3.74691E-05  3.74691E-05  0.00000E+00            196.AU 79. 181  14
 5 1  6.90000E+00  7.18720E-02  2.59900E-01  0.00000E+00            196.AU 79. 182   1
 5 2  3.00000E-01  2.19325E-01  6.86000E-01  1.00000E+00            196.AU 79. 183   2
 1 1  6.63120E+00  4.26100E-01  4.26100E-01  0.00000E+00            196.AU 79. 184   1
 6 1  1.85550E-01  3.42747E-01  3.42747E-01  1.00000E+00            196.AU 79. 185   1
 6 5  2.62561E-02  4.11274E-01  4.11274E-01  1.00000E+00            196.AU 79. 186   5
 6 6  2.61490E-02  4.11846E-01  4.11846E-01  1.00000E+00            196.AU 79. 187   6
 6 7  1.11620E-02  4.13813E-01  4.13813E-01  1.00000E+00            196.AU 79. 188   7
 6 3  1.58277E-02  4.23263E-01  4.23263E-01  1.00000E+00            196.AU 79. 189   3
 6 4  4.83982E-03  4.26100E-01  4.26100E-01  1.00000E+00            196.AU 79. 190   4
 2 1  5.20896E-02  6.90989E-02  6.90989E-02  0.00000E+00            196.AU 79. 191   1
 2 2  8.82830E-02  7.10661E-02  7.10661E-02  0.00000E+00            196.AU 79. 192   2
 2 3  9.75234E-03  8.00792E-02  8.00792E-02  0.00000E+00            196.AU 79. 193   3
 2 4  1.88741E-02  8.05161E-02  8.05161E-02  0.00000E+00            196.AU 79. 194   4
 2 5  2.51624E-04  8.09579E-02  8.09579E-02  0.00000E+00            196.AU 79. 195   5
 2 6  3.07790E-04  8.10520E-02  8.10520E-02  0.00000E+00            196.AU 79. 196   6
 2 7  2.29896E-03  8.26796E-02  8.26796E-02  0.00000E+00            196.AU 79. 197   7
 2 8  4.50239E-03  8.27860E-02  8.27860E-02  0.00000E+00            196.AU 79. 198   8
 2 9  6.53861E-05  8.29749E-02  8.29749E-02  0.00000E+00            196.AU 79. 199   9
 210  7.98126E-05  8.29947E-02  8.29947E-02  0.00000E+00            196.AU 79. 200  10
 211  5.31194E-04  8.32657E-02  8.32657E-02  0.00000E+00            196.AU 79. 201  11
 212  1.04314E-03  8.32847E-02  8.32847E-02  0.00000E+00            196.AU 79. 202  12
 213  6.97521E-06  8.33369E-02  8.33369E-02  0.00000E+00            196.AU 79. 203  13
 214  8.23806E-06  8.33391E-02  8.33391E-02  0.00000E+00            196.AU 79. 204  14
 221  3.43067E-07  5.72001E-04  5.72001E-04  0.00000E+00            196.AU 79. 205  21
 222  7.28509E-05  2.53900E-03  2.53900E-03  0.00000E+00            196.AU 79. 206  22
 223  8.90579E-04  1.15521E-02  1.15521E-02  0.00000E+00            196.AU 79. 207  23
 224  1.00956E-03  1.19891E-02  1.19891E-02  0.00000E+00            196.AU 79. 208  24
 225  3.04979E-05  1.24312E-02  1.24312E-02  0.00000E+00            196.AU 79. 209  25
 226  4.56629E-05  1.25252E-02  1.25252E-02  0.00000E+00            196.AU 79. 210  26
 227  2.26610E-04  1.41528E-02  1.41528E-02  0.00000E+00            196.AU 79. 211  27
 228  2.77807E-04  1.42589E-02  1.42589E-02  0.00000E+00            196.AU 79. 212  28
 229  4.59122E-06  1.44478E-02  1.44478E-02  0.00000E+00            196.AU 79. 213  29
 230  7.23954E-06  1.44676E-02  1.44676E-02  0.00000E+00            196.AU 79. 214  30
 231  4.18528E-05  1.47387E-02  1.47387E-02  0.00000E+00            196.AU 79. 215  31
 232  4.99716E-05  1.47577E-02  1.47577E-02  0.00000E+00            196.AU 79. 216  32
 233  4.56260E-07  1.48100E-02  1.48100E-02  0.00000E+00            196.AU 79. 217  33
 234  7.05704E-07  1.48121E-02  1.48121E-02  0.00000E+00            196.AU 79. 218  34
 241  6.75170E-07  1.96700E-03  1.96700E-03  0.00000E+00            196.AU 79. 219  41
 242  6.78729E-04  1.07172E-02  1.07172E-02  0.00000E+00            196.AU 79. 220  42
 243  2.64569E-05  1.14171E-02  1.14171E-02  0.00000E+00            196.AU 79. 221  43
 244  2.50484E-02  1.18592E-02  1.18592E-02  0.00000E+00            196.AU 79. 222  44
 245  1.73273E-04  1.34666E-02  1.34666E-02  0.00000E+00            196.AU 79. 223  45
 246  7.21845E-06  1.36869E-02  1.36869E-02  0.00000E+00            196.AU 79. 224  46
 247  5.00315E-03  1.38758E-02  1.38758E-02  0.00000E+00            196.AU 79. 225  47
 248  1.90915E-05  1.41405E-02  1.41405E-02  0.00000E+00            196.AU 79. 226  48
 249  3.56527E-05  1.41282E-02  1.41282E-02  0.00000E+00            196.AU 79. 227  49
 250  1.43974E-06  1.41857E-02  1.41857E-02  0.00000E+00            196.AU 79. 228  50
 251  5.19131E-04  1.42380E-02  1.42380E-02  0.00000E+00            196.AU 79. 229  51
 253  3.44670E-06  1.42444E-02  1.42444E-02  0.00000E+00            196.AU 79. 230  53
 261  2.03378E-03  8.75019E-03  8.75019E-03  0.00000E+00            196.AU 79. 231  61
 262  2.02606E-05  9.01310E-03  9.01310E-03  0.00000E+00            196.AU 79. 232  62
 263  1.83265E-05  9.45009E-03  9.45009E-03  0.00000E+00            196.AU 79. 233  63
 264  3.54799E-03  9.89221E-03  9.89221E-03  0.00000E+00            196.AU 79. 234  64
 265  3.12514E-02  9.98619E-03  9.98619E-03  0.00000E+00            196.AU 79. 235  65
 266  4.35955E-04  1.14996E-02  1.14996E-02  0.00000E+00            196.AU 79. 236  66
 267  4.55160E-06  1.16138E-02  1.16138E-02  0.00000E+00            196.AU 79. 237  67
 268  4.61105E-06  1.17199E-02  1.17199E-02  0.00000E+00            196.AU 79. 238  68
 269  6.53540E-04  1.19088E-02  1.19088E-02  0.00000E+00            196.AU 79. 239  69
 270  5.89857E-03  1.19285E-02  1.19285E-02  0.00000E+00            196.AU 79. 240  70
 271  4.61105E-06  1.21735E-02  1.21735E-02  0.00000E+00            196.AU 79. 241  71
 272  2.57931E-05  1.21779E-02  1.21779E-02  0.00000E+00            196.AU 79. 242  72
 273  9.29039E-05  1.21613E-02  1.21613E-02  0.00000E+00            196.AU 79. 243  73
 274  9.51549E-07  1.21997E-02  1.21997E-02  0.00000E+00            196.AU 79. 244  74
 275  9.63074E-07  1.22187E-02  1.22187E-02  0.00000E+00            196.AU 79. 245  75
 276  6.63604E-05  1.22710E-02  1.22710E-02  0.00000E+00            196.AU 79. 246  76
 277  5.80335E-04  1.22730E-02  1.22730E-02  0.00000E+00            196.AU 79. 247  77
 280  8.60059E-06  1.22774E-02  1.22774E-02  0.00000E+00            196.AU 79. 248  80
 291  1.12050E-02  2.22411E-03  2.22411E-03  0.00000E+00            196.AU 79. 249  91
 292  2.39021E-04  3.13544E-04  3.13544E-04  0.00000E+00            196.AU 79. 250  92
 293  1.46773E-06  6.21376E-05  6.21376E-05  0.00000E+00            196.AU 79. 251  93
 294  3.42946E+00  1.47061E-05  1.47061E-05  0.00000E+00            196.AU 79. 252  94
 7 1  4.62496E-03  5.57212E-02  5.57212E-02  0.00000E+00            196.AU 79. 253   1
 7 2  2.50387E-03  6.69357E-02  6.69357E-02  0.00000E+00            196.AU 79. 254   2
 7 3  3.26507E-04  7.81624E-02  7.81624E-02  0.00000E+00            196.AU 79. 255   3
 7 4  3.41839E-02  9.04249E-04  9.04249E-04  0.00000E+00            196.AU 79. 256   4
 7 5  9.30209E-02  7.70729E-03  7.70729E-03  0.00000E+00            196.AU 79. 257   5
 7 6  3.98084E-02  9.91869E-03  9.91869E-03  0.00000E+00            196.AU 79. 258   6
 7 7  4.11308E-03  1.21585E-02  1.21585E-02  0.00000E+00            196.AU 79. 259   7
 7 8  1.25888E-01  4.18154E-04  4.18154E-04  0.00000E+00            196.AU 79. 260   8
 7 9  3.07514E-01  1.81008E-03  1.81008E-03  0.00000E+00            196.AU 79. 261   9
 710  3.40410E-02  2.04364E-03  2.04364E-03  0.00000E+00            196.AU 79. 262  10
 711  1.68321E-03  2.39846E-03  2.39846E-03  0.00000E+00            196.AU 79. 263  11
 712  5.98787E-01  1.74843E-04  1.74843E-04  0.00000E+00            196.AU 79. 264  12
 713  1.13608E+00  6.99271E-05  6.99271E-05  0.00000E+00            196.AU 79. 265  13
 714  7.76384E-01  4.20515E-05  4.20515E-05  0.00000E+00            196.AU 79. 266  14
 715  5.14532E-04  9.27120E-05  9.27120E-05  0.00000E+00            196.AU 79. 267  15
%%%% 196 AU  79    EC B-        5.34211E+05 6.183 D    02-11-2005       SEEIEND 
 


   ***************************************************** 
   *                 Radiation Summary                 * 
   ***************************************************** 
 
  Energy released by
    Gamma-ray                       (MeV) =   4.18536E-01
    X-ray                           (MeV) =   5.46870E-02
    Free-bound X-ray                (MeV) =   1.38522E-04
    Annihilation photon             (MeV) =   0.00000E+00
    Beta+ particle                  (MeV) =   0.00000E+00
    Neutrino                        (MeV) =   9.20182E-01
    Beta- particle                  (MeV) =   5.61714E-03
    Neutrino-                       (MeV) =   1.43740E-02
    Internal conv. electron         (MeV) =   2.20062E-02
    Auger and CK electron           (MeV) =   9.55933E-03
    Alpha particle                  (MeV) =   0.00000E+00
    Recoil nucleus                  (MeV) =   0.00000E+00
  E-total (except unplaced radiat.) (MeV) =   1.44510E+00
  E-unplaced radiation              (MeV) =   0.00000E+00
  Q-value from ENSDF data           (MeV) =   1.44668E+00
  Ratio of E-total/Q-value          ( % ) =   9.98907E+01
  Ratio of E-unplaced radi./Q-value ( % ) =   0.00000E+00

 
  Total yield of
    Gamma-ray                             =   1.17243E+00
    X-ray                                 =   1.06755E+00
    Free-bound X-ray                      =   1.36425E+01
    Annihilation photon                   =   0.00000E+00
    Beta+ particle                        =   0.00000E+00
    Beta- particle                        =   7.20000E-02
    Internal conv. electron               =   7.41026E-02
    Auger and CK electron                 =   1.25794E+01
    Alpha particle                        =   0.00000E+00
  Yield of unplaced radiation             =   0.00000E+00


%%%% 196 AU  79 M  IT           3.45600E+04 9.6 H      02-11-2005       BALASTAR
1 196M  AU  79 9.6 H           IT         
1INTENSITY AND ENERGY BALANCE DATA

              196M-GOLD-79
+                                    HALFLIFE = 9.6 HOURS   
+                                                                  02-11-2005


    LEVEL       INTENSITY   INTENSITY
    ENERGY      ENTERING    LEAVING     PERCENT
    (MEV)       LEVEL       LEVEL       ERROR

   0.0000E+00  9.8175E+01
   8.4660E-02  9.8287E+01  9.8175E+01  1.1428E-01                      
   2.3247E-01  1.1039E+02  9.0224E+01  2.0104E+01  ********************
   3.7015E-01  1.0576E+01  1.0035E+01  5.2420E+00                      
   4.0084E-01  2.0521E+01  3.3539E+01  4.8162E+01  ********************
   4.2075E-01  9.7580E+01  1.0597E+02  8.2481E+00                      
   5.9566E-01  9.7580E+01  9.7580E+01  0.0000E+00                      


 INTENSITY TO GROUND AND ISOMERIC STATE(S) OF DAUGHTER(S)=  9.818E+01
 TOTAL INTENSITY FROM PARENT=  9.758E+01
 PERCENT ERROR =  6.061E-01                      


 TOTAL INTENSITY FROM PARENT =  9.758E+01
 VALUE IS WITHIN   2.42E+00% OF 100                      


 TOTAL ENERGY AVAILABLE =  5.812E-01 MEV
 TOTAL ENERGY CONTENT OF ALL RADIATIONS =  6.198E-01 MEV
 PERCENT ERROR =  6.216E+00  ********************
%%%% 196 AU  79 M  IT           3.45600E+04 9.6 H      02-11-2005       BALAEND 
%%%% 196 AU  79 M  IT           3.45600E+04 9.6 H      02-11-2005       INPUSTAR
1                                      **INPUT DATA**
              196M-GOLD-79
+                                    HALFLIFE = 9.6 HOURS   
+                                                                  02-11-2005

            MODE OF DECAY: ISOMERIC LEVEL
 
                                MEAN
                                NUMBER/    TRANSITION
                TYPE OF    ID   TRANSFOR-  ENERGY
              TRANSITION   NO.  MATION     (MEV)       OTHER NUCLEAR PARAMETERS

           I.C.E. + GAMMA   1   2.05E-01   1.992E-02   E2 MULTIPOLE                             
+                                                                    AK= 0.0                    
                                                       AL1=102.      AL2=4.11E+03               
                                                       AL3=4.92E+03  AM= 2.33E+03               
                                                       AN+=679.                                 
           I.C.E. + GAMMA   2   9.44E-02   3.071E-02   M1 MULTIPOLE                             
+                                                                    AK= 0.0                    
                                                       AL1=30.4      AL2=2.96                   
                                                       AL3=0.316     AM= 7.83                   
                                                       AN+=2.42                                 
           I.C.E. + GAMMA   3   1.14E-02   5.057E-02   E2 MULTIPOLE                             
+                                                                    AK= 0.0                    
                                                       AL1=0.799     AL2=44.8                   
                                                       AL3=45.5      AM= 23.7                   
                                                       AN+=6.94                                 
           I.C.E. + GAMMA   4   9.82E-01   8.466E-02   E3 MULTIPOLE                             
+                                                                    AK= 0.281                  
                                                       AL1=3.71      AL2=135.                   
                                                       AL3=106.      AM= 69.8                   
                                                       AN+=20.9                                 
           I.C.E. + GAMMA   5   5.18E-02   1.377E-01   M1 MULTIPOLE                             
+                                                                    AK= 2.51                   
                                                       AL1=0.380     AL2=0.0360                 
                                                       AL3=0.00339   AM= 0.0978                 
                                                       AN+=0.0304                               
           I.C.E. + GAMMA   6   9.02E-01   1.478E-01   E2 MULTIPOLE                             
+                                                                    AK= 0.345                  
                                                       AL1=0.0434    AL2=0.313                  
                                                       AL3=0.226     AM= 0.151                  
                                                       AN+=0.0448                               
           I.C.E. + GAMMA   7   2.09E-01   1.684E-01   M1 MULTIPOLE                             
+                                                                    AK= 1.42                   
                                                       AL1=0.215     AL2=0.0202                 
                                                       AL3=0.00187   AM= 0.0550                 
                                                       AN+=0.0172                               
           I.C.E. + GAMMA   8   9.76E-01   1.749E-01   M4 MULTIPOLE                             
+                                                                    AK= 61.9                   
                                                       AL1=44.6      AL2=10.7                   
                                                       AL3=69.5      AM= 37.8                   
                                                       AN+=11.7                                 
           I.C.E. + GAMMA   9   8.43E-01   1.883E-01   M1+E2 MULTIPOLE                          
                                                       MRS=0.0144    AK= 1.03                   
                                                       AL1=0.155     AL2=0.0159                 
                                                       AL3=0.00232   AM= 0.0403                 
                                                       AN+=0.0125                               
           I.C.E. + GAMMA  10   1.27E-02   2.640E-01   UNPLACED GAMMA                           
           I.C.E. + GAMMA  11   4.86E-02   2.855E-01   E2 MULTIPOLE                             
+                                                                    AK= 0.0703                 
                                                       AL1=0.00945   AL2=0.0183                 
                                                       AL3=0.00973   AM= 0.00948                
                                                       AN+=0.00283                              
           I.C.E. + GAMMA  12   3.21E-02   3.162E-01   M1+E2 MULTIPOLE                          
                                                       MRS=9.00      AK= 0.0742                 
                                                       AL1=0.0104    AL2=0.0111                 
                                                       AL3=0.00548   AM= 0.00673                
                                                       AN+=0.00203                              
 
           - - - - - - - - - -
           Reference: Evaluated Nuclear Structure Data File (ENSDF)
                DATE DATA WERE ENTERED INTO ENSDF: Feb-1998
%%%% 196 AU  79 M  IT           3.45600E+04 9.6 H      02-11-2005       INPUEND 
%%%% 196 AU  79 M  IT           3.45600E+04 9.6 H      02-11-2005       OUTPSTAR
1                                      **OUTPUT DATA**
              196M-GOLD-79
+                                    HALFLIFE = 9.6 HOURS   
+                                                                  02-11-2005

            MODE OF DECAY: ISOMERIC LEVEL
 
                                              MEAN
                                              NUMBER/                  MEV/
                                         ID   TRANSFOR-   ENERGY       TRANSFOR-
                  TYPE OF RADIATION      NO.  MATION      (MEV)        MATION

           L2 CONV. ELECTRON, GAMMA-RAY   1   6.95E-02    6.144E-03    4.27E-04
           L3 CONV. ELECTRON, GAMMA-RAY   1   8.32E-02    7.998E-03    6.65E-04
           M CONV. ELECTRON, GAMMA-RAY    1   3.94E-02    1.719E-02*   6.76E-04
           L1 CONV. ELECTRON, GAMMA-RAY   2   6.38E-02    1.637E-02    1.04E-03
           M CONV. ELECTRON, GAMMA-RAY    2   1.65E-02    2.798E-02*   4.60E-04
           L1 CONV. ELECTRON, GAMMA-RAY   4   1.08E-02    7.032E-02    7.60E-04
           L2 CONV. ELECTRON, GAMMA-RAY   4   3.94E-01    7.088E-02    2.79E-02
           L3 CONV. ELECTRON, GAMMA-RAY   4   3.08E-01    7.274E-02    2.24E-02
           M CONV. ELECTRON, GAMMA-RAY    4   2.04E-01    8.193E-02*   1.67E-02
           N+ CONV. ELECTRON, GAMMA-RAY   4   6.11E-02    8.466E-02*   5.17E-03
           GAMMA-RAY                      5   1.27E-02    1.377E-01    1.76E-03
           K CONV. ELECTRON, GAMMA-RAY    5   3.21E-02    5.673E-02    1.82E-03
           L1 CONV. ELECTRON, GAMMA-RAY   5   4.85E-03    1.234E-01    5.98E-04
           GAMMA-RAY                      6   4.25E-01    1.478E-01    6.28E-02
           K CONV. ELECTRON, GAMMA-RAY    6   1.47E-01    6.685E-02    9.80E-03
           L1 CONV. ELECTRON, GAMMA-RAY   6   1.85E-02    1.335E-01    2.46E-03
           L2 CONV. ELECTRON, GAMMA-RAY   6   1.33E-01    1.340E-01    1.78E-02
           L3 CONV. ELECTRON, GAMMA-RAY   6   9.59E-02    1.359E-01    1.30E-02
           M CONV. ELECTRON, GAMMA-RAY    6   6.43E-02    1.451E-01*   9.32E-03
           N+ CONV. ELECTRON, GAMMA-RAY   6   1.90E-02    1.478E-01*   2.81E-03
           GAMMA-RAY                      7   7.65E-02    1.684E-01    1.29E-02
           K CONV. ELECTRON, GAMMA-RAY    7   1.09E-01    8.741E-02    9.51E-03
           L1 CONV. ELECTRON, GAMMA-RAY   7   1.64E-02    1.540E-01    2.53E-03
           M CONV. ELECTRON, GAMMA-RAY    7   4.21E-03    1.656E-01*   6.97E-04
           GAMMA-RAY                      8   4.11E-03    1.749E-01    7.19E-04
           K CONV. ELECTRON, GAMMA-RAY    8   2.55E-01    9.395E-02    2.39E-02
           L1 CONV. ELECTRON, GAMMA-RAY   8   1.83E-01    1.606E-01    2.95E-02
           L2 CONV. ELECTRON, GAMMA-RAY   8   4.41E-02    1.611E-01    7.11E-03
           L3 CONV. ELECTRON, GAMMA-RAY   8   2.86E-01    1.630E-01    4.66E-02
           M CONV. ELECTRON, GAMMA-RAY    8   1.55E-01    1.722E-01*   2.68E-02
           N+ CONV. ELECTRON, GAMMA-RAY   8   4.83E-02    1.749E-01*   8.45E-03
           GAMMA-RAY                      9   3.74E-01    1.883E-01    7.04E-02
           K CONV. ELECTRON, GAMMA-RAY    9   3.85E-01    1.073E-01    4.13E-02
           L1 CONV. ELECTRON, GAMMA-RAY   9   5.78E-02    1.739E-01    1.01E-02
           L2 CONV. ELECTRON, GAMMA-RAY   9   5.96E-03    1.745E-01    1.04E-03
           M CONV. ELECTRON, GAMMA-RAY    9   1.51E-02    1.855E-01*   2.80E-03
           N+ CONV. ELECTRON, GAMMA-RAY   9   4.69E-03    1.883E-01*   8.82E-04
           GAMMA-RAY                     10   1.27E-02    2.640E-01    3.37E-03
           GAMMA-RAY                     11   4.33E-02    2.855E-01    1.24E-02
           K CONV. ELECTRON, GAMMA-RAY   11   3.05E-03    2.045E-01    6.23E-04
           GAMMA-RAY                     12   2.89E-02    3.162E-01    9.14E-03
           K CONV. ELECTRON, GAMMA-RAY   12   2.14E-03    2.352E-01    5.04E-04
           K -L2 X-RAY                        2.61E-01    6.718E-02    1.76E-02
           K -L3 X-RAY                        4.45E-01    6.904E-02    3.07E-02
           K -M2 X-RAY                        4.89E-02    7.782E-02    3.81E-03
           K -M3 X-RAY                        9.46E-02    7.823E-02    7.40E-03
           K -N2 X-RAY                        1.15E-02    8.032E-02    9.21E-04
           K -N3 X-RAY                        2.24E-02    8.042E-02    1.80E-03
           K -O3 X-RAY                        5.22E-03    8.090E-02    4.22E-04
           L2-M4 X-RAY                        2.79E-01    1.148E-02    3.21E-03
           L2-N4 X-RAY                        5.52E-02    1.342E-02    7.40E-04
           L3-M4 X-RAY                        4.15E-02    9.621E-03    4.00E-04
           L3-M5 X-RAY                        3.66E-01    9.710E-03    3.55E-03
           L3-N5 X-RAY                        6.84E-02    1.159E-02    7.92E-04
           M X-RAY                            1.30E-01    2.147E-03*   2.79E-04
           Free-Bound X-RAY                   4.30E+01    1.110E-05*   4.77E-04
           AUGER KLL                          2.38E-02    5.424E-02*   1.29E-03
           AUGER KLX                          1.28E-02    6.510E-02*   8.34E-04
           AUGER LMM                          1.14E+00    7.496E-03*   8.52E-03
           AUGER LMX                          4.78E-01    9.626E-03*   4.60E-03
           AUGER LXY                          4.87E-02    1.178E-02*   5.74E-04
           CK MMX                             1.50E+00    4.159E-04*   6.22E-04
           AUGER MNN                          3.81E+00    1.757E-03*   6.70E-03
           AUGER MNX                          3.96E-01    1.979E-03*   7.83E-04
           CK NNX                             7.68E+00    1.746E-04*   1.34E-03
           AUGER NXY                          1.45E+01    6.414E-05*   9.29E-04
           CK OOX                             9.45E+00    4.015E-05*   3.79E-04
 
           ALL LISTED X-RAYS, GAMMA-RAYS AND ANNIHILATION RADIATION    2.46E-01
           ALL NEGLECTED X-RAYS, GAMMA-RAYS AND ANNIH. RADIATION**     1.81E-03
           ALL LISTED BETAS, INTERNAL CONVERSION AND AUGER ELECTRONS   3.73E-01
           ALL NEGLECTED BETAS, INT. CONVERSION AND AUGER ELECTRONS**  3.32E-03
           ALL LISTED RADIATIONS                                       6.18E-01
           ALL NEGLECTED RADIATIONS**                                  5.13E-03
 
           *  AVERAGE ENERGY (MEV)
           ** EACH NEGLECTED TRANSITION CONTRIBUTES LESS THAN  0.100%
              TO THE TOTAL MEV/TRANSFORMATION FOR THIS CATEGORY.
           TOTAL FEEDING OF GROUND STATE LEVEL IN 196-GOLD
             DAUGHTER IS 1.0000E+00  PER TRANSFORMATION OF 196M-GOLD.
             DECAY OF THIS 6.183 DAYS HALFLIFE LEVEL WILL CONTRIBUTE TO DOSE.
           - - - - - - - - - -
           INPUT DATA SOURCE: EVALUATED NUCLEAR STRUCTURE DATA FILE (ENSDF)
             DATE INPUT DATA WERE ENTERED INTO ENSDF: Feb-1998
%%%% 196 AU  79 M  IT           3.45600E+04 9.6 H      02-11-2005       OUTPEND 
%%%% 196 AU  79 M  IT           3.45600E+04 9.6 H      02-11-2005       SEEISTAR
196.M GOLD         79.  9.600E+00 HOURS    151 IT                   196.AU 79.   0
 1 1  1.68964E-03  1.99200E-02  1.99200E-02  0.00000E+00            196.AU 79.   1   1
 6 5  1.71898E-01  5.58400E-03  5.58400E-03  1.00000E+00            196.AU 79.   2   5
 6 6  6.94504E+00  6.14400E-03  6.14400E-03  1.00000E+00            196.AU 79.   3   6
 6 7  8.31857E+00  7.99800E-03  7.99800E-03  1.00000E+00            196.AU 79.   4   7
 6 3  3.93591E+00  1.71860E-02  1.71860E-02  1.00000E+00            196.AU 79.   5   3
 6 4  1.14759E+00  1.99200E-02  1.99200E-02  1.00000E+00            196.AU 79.   6   4
 1 2  2.10085E-01  3.07100E-02  3.07100E-02  0.00000E+00            196.AU 79.   7   2
 6 5  6.38107E+00  1.63740E-02  1.63740E-02  2.00000E+00            196.AU 79.   8   5
 6 6  6.22261E-01  1.69340E-02  1.69340E-02  2.00000E+00            196.AU 79.   9   6
 6 7  6.64622E-02  1.87880E-02  1.87880E-02  2.00000E+00            196.AU 79.  10   7
 6 3  1.64574E+00  2.79760E-02  2.79760E-02  2.00000E+00            196.AU 79.  11   3
 6 4  5.09384E-01  3.07100E-02  3.07100E-02  2.00000E+00            196.AU 79.  12   4
 1 3  9.29923E-03  5.05700E-02  5.05700E-02  0.00000E+00            196.AU 79.  13   3
 6 5  7.42557E-03  3.62340E-02  3.62340E-02  3.00000E+00            196.AU 79.  14   5
 6 6  4.16298E-01  3.67940E-02  3.67940E-02  3.00000E+00            196.AU 79.  15   6
 6 7  4.23114E-01  3.86480E-02  3.86480E-02  3.00000E+00            196.AU 79.  16   7
 6 3  2.20018E-01  4.78360E-02  4.78360E-02  3.00000E+00            196.AU 79.  17   3
 6 4  6.45444E-02  5.05700E-02  5.05700E-02  3.00000E+00            196.AU 79.  18   4
 1 4  2.91574E-01  8.46600E-02  8.46600E-02  0.00000E+00            196.AU 79.  19   4
 6 1  8.19609E-02  3.70001E-03  3.70001E-03  4.00000E+00            196.AU 79.  20   1
 6 5  1.08060E+00  7.03240E-02  7.03240E-02  4.00000E+00            196.AU 79.  21   5
 6 6  3.94258E+01  7.08840E-02  7.08840E-02  4.00000E+00            196.AU 79.  22   6
 6 7  3.08238E+01  7.27380E-02  7.27380E-02  4.00000E+00            196.AU 79.  23   7
 6 3  2.03638E+01  8.19260E-02  8.19260E-02  4.00000E+00            196.AU 79.  24   3
 6 4  6.10742E+00  8.46600E-02  8.46600E-02  4.00000E+00            196.AU 79.  25   4
 1 5  1.27500E+00  1.37690E-01  1.37690E-01  0.00000E+00            196.AU 79.  26   5
 6 1  3.20625E+00  5.67300E-02  5.67300E-02  5.00000E+00            196.AU 79.  27   1
 6 5  4.85109E-01  1.23354E-01  1.23354E-01  5.00000E+00            196.AU 79.  28   5
 6 6  4.58738E-02  1.23914E-01  1.23914E-01  5.00000E+00            196.AU 79.  29   6
 6 7  4.32724E-03  1.25768E-01  1.25768E-01  5.00000E+00            196.AU 79.  30   7
 6 3  1.24637E-01  1.34956E-01  1.34956E-01  5.00000E+00            196.AU 79.  31   3
 6 4  3.87234E-02  1.37690E-01  1.37690E-01  5.00000E+00            196.AU 79.  32   4
 1 6  4.25000E+01  1.47810E-01  1.47810E-01  0.00000E+00            196.AU 79.  33   6
 6 1  1.46641E+01  6.68500E-02  6.68500E-02  6.00000E+00            196.AU 79.  34   1
 6 5  1.84505E+00  1.33474E-01  1.33474E-01  6.00000E+00            196.AU 79.  35   5
 6 6  1.32961E+01  1.34034E-01  1.34034E-01  6.00000E+00            196.AU 79.  36   6
 6 7  9.58678E+00  1.35888E-01  1.35888E-01  6.00000E+00            196.AU 79.  37   7
 6 3  6.42759E+00  1.45076E-01  1.45076E-01  6.00000E+00            196.AU 79.  38   3
 6 4  1.90425E+00  1.47810E-01  1.47810E-01  6.00000E+00            196.AU 79.  39   4
 1 7  7.65000E+00  1.68370E-01  1.68370E-01  0.00000E+00            196.AU 79.  40   7
 6 1  1.08839E+01  8.74100E-02  8.74100E-02  7.00000E+00            196.AU 79.  41   1
 6 5  1.64149E+00  1.54034E-01  1.54034E-01  7.00000E+00            196.AU 79.  42   5
 6 6  1.54172E-01  1.54594E-01  1.54594E-01  7.00000E+00            196.AU 79.  43   6
 6 7  1.42752E-02  1.56448E-01  1.56448E-01  7.00000E+00            196.AU 79.  44   7
 6 3  4.20838E-01  1.65636E-01  1.65636E-01  7.00000E+00            196.AU 79.  45   3
 6 4  1.31236E-01  1.68370E-01  1.68370E-01  7.00000E+00            196.AU 79.  46   4
 1 8  4.11322E-01  1.74910E-01  1.74910E-01  0.00000E+00            196.AU 79.  47   8
 6 1  2.54588E+01  9.39500E-02  9.39500E-02  8.00000E+00            196.AU 79.  48   1
 6 5  1.83454E+01  1.60574E-01  1.60574E-01  8.00000E+00            196.AU 79.  49   5
 6 6  4.41254E+00  1.61134E-01  1.61134E-01  8.00000E+00            196.AU 79.  50   6
 6 7  2.85732E+01  1.62988E-01  1.62988E-01  8.00000E+00            196.AU 79.  51   7
 6 3  1.55489E+01  1.72176E-01  1.72176E-01  8.00000E+00            196.AU 79.  52   3
 6 4  4.82998E+00  1.74910E-01  1.74910E-01  8.00000E+00            196.AU 79.  53   4
 1 9  3.74000E+01  1.88270E-01  1.88270E-01  0.00000E+00            196.AU 79.  54   9
 6 1  3.84748E+01  1.07310E-01  1.07310E-01  9.00000E+00            196.AU 79.  55   1
 6 5  5.77921E+00  1.73934E-01  1.73934E-01  9.00000E+00            196.AU 79.  56   5
 6 6  5.96433E-01  1.74494E-01  1.74494E-01  9.00000E+00            196.AU 79.  57   6
 6 7  8.66236E-02  1.76348E-01  1.76348E-01  9.00000E+00            196.AU 79.  58   7
 6 3  1.50766E+00  1.85536E-01  1.85536E-01  9.00000E+00            196.AU 79.  59   3
 6 4  4.68599E-01  1.88270E-01  1.88270E-01  9.00000E+00            196.AU 79.  60   4
 110  1.27500E+00  2.64000E-01  2.64000E-01  0.00000E+00            196.AU 79.  61  10
 111  4.33500E+00  2.85490E-01  2.85490E-01  0.00000E+00            196.AU 79.  62  11
 6 1  3.04829E-01  2.04530E-01  2.04530E-01  1.10000E+01            196.AU 79.  63   1
 6 5  4.09776E-02  2.71154E-01  2.71154E-01  1.10000E+01            196.AU 79.  64   5
 6 6  7.91870E-02  2.71714E-01  2.71714E-01  1.10000E+01            196.AU 79.  65   6
 6 7  4.21797E-02  2.73568E-01  2.73568E-01  1.10000E+01            196.AU 79.  66   7
 6 3  4.11028E-02  2.82756E-01  2.82756E-01  1.10000E+01            196.AU 79.  67   3
 6 4  1.22880E-02  2.85490E-01  2.85490E-01  1.10000E+01            196.AU 79.  68   4
 112  2.89000E+00  3.16190E-01  3.16190E-01  0.00000E+00            196.AU 79.  69  12
 6 1  2.14398E-01  2.35230E-01  2.35230E-01  1.20000E+01            196.AU 79.  70   1
 6 5  3.01652E-02  3.01854E-01  3.01854E-01  1.20000E+01            196.AU 79.  71   5
 6 6  3.21119E-02  3.02414E-01  3.02414E-01  1.20000E+01            196.AU 79.  72   6
 6 7  1.58355E-02  3.04268E-01  3.04268E-01  1.20000E+01            196.AU 79.  73   7
 6 3  1.94453E-02  3.13456E-01  3.13456E-01  1.20000E+01            196.AU 79.  74   3
 6 4  5.85309E-03  3.16190E-01  3.16190E-01  1.20000E+01            196.AU 79.  75   4
 2 1  2.61294E+01  6.71839E-02  6.71839E-02  0.00000E+00            196.AU 79.  76   1
 2 2  4.44588E+01  6.90380E-02  6.90380E-02  0.00000E+00            196.AU 79.  77   2
 2 3  4.89023E+00  7.78158E-02  7.78158E-02  0.00000E+00            196.AU 79.  78   3
 2 4  9.46231E+00  7.82261E-02  7.82261E-02  0.00000E+00            196.AU 79.  79   4
 2 5  1.22684E-01  7.86594E-02  7.86594E-02  0.00000E+00            196.AU 79.  80   5
 2 6  1.50839E-01  7.87476E-02  7.87476E-02  0.00000E+00            196.AU 79.  81   6
 2 7  1.14662E+00  8.03237E-02  8.03237E-02  0.00000E+00            196.AU 79.  82   7
 2 8  2.24044E+00  8.04227E-02  8.04227E-02  0.00000E+00            196.AU 79.  83   8
 2 9  3.15085E-02  8.06064E-02  8.06064E-02  0.00000E+00            196.AU 79.  84   9
 210  3.86376E-02  8.06249E-02  8.06249E-02  0.00000E+00            196.AU 79.  85  10
 211  2.64065E-01  8.08815E-02  8.08815E-02  0.00000E+00            196.AU 79.  86  11
 212  5.22113E-01  8.08986E-02  8.08986E-02  0.00000E+00            196.AU 79.  87  12
 213  2.95363E-03  8.09479E-02  8.09479E-02  0.00000E+00            196.AU 79.  88  13
 214  3.52195E-03  8.09496E-02  8.09496E-02  0.00000E+00            196.AU 79.  89  14
 221  4.19776E-04  5.59999E-04  5.59999E-04  0.00000E+00            196.AU 79.  90  21
 222  8.11505E-02  2.41400E-03  2.41400E-03  0.00000E+00            196.AU 79.  91  22
 223  1.04587E+00  1.11917E-02  1.11917E-02  0.00000E+00            196.AU 79.  92  23
 224  1.20693E+00  1.16020E-02  1.16020E-02  0.00000E+00            196.AU 79.  93  24
 225  3.48694E-02  1.20353E-02  1.20353E-02  0.00000E+00            196.AU 79.  94  25
 226  5.21928E-02  1.21238E-02  1.21238E-02  0.00000E+00            196.AU 79.  95  26
 227  2.64656E-01  1.36997E-02  1.36997E-02  0.00000E+00            196.AU 79.  96  27
 228  3.28919E-01  1.37986E-02  1.37986E-02  0.00000E+00            196.AU 79.  97  28
 229  5.19337E-03  1.39825E-02  1.39825E-02  0.00000E+00            196.AU 79.  98  29
 230  8.17792E-03  1.40010E-02  1.40010E-02  0.00000E+00            196.AU 79.  99  30
 231  4.73729E-02  1.42574E-02  1.42574E-02  0.00000E+00            196.AU 79. 100  31
 232  5.71232E-02  1.42747E-02  1.42747E-02  0.00000E+00            196.AU 79. 101  32
 233  4.50982E-04  1.43238E-02  1.43238E-02  0.00000E+00            196.AU 79. 102  33
 234  6.94607E-04  1.43255E-02  1.43255E-02  0.00000E+00            196.AU 79. 103  34
 241  6.71457E-04  1.85399E-03  1.85399E-03  0.00000E+00            196.AU 79. 104  41
 242  7.57782E-01  1.03746E-02  1.03746E-02  0.00000E+00            196.AU 79. 105  42
 243  2.86833E-02  1.10420E-02  1.10420E-02  0.00000E+00            196.AU 79. 106  43
 244  2.79419E+01  1.14753E-02  1.14753E-02  0.00000E+00            196.AU 79. 107  44
 245  1.91926E-01  1.30286E-02  1.30286E-02  0.00000E+00            196.AU 79. 108  45
 246  7.75649E-03  1.32386E-02  1.32386E-02  0.00000E+00            196.AU 79. 109  46
 247  5.51580E+00  1.34225E-02  1.34225E-02  0.00000E+00            196.AU 79. 110  47
 248  1.99532E-02  1.36786E-02  1.36786E-02  0.00000E+00            196.AU 79. 111  48
 249  3.87993E-02  1.36608E-02  1.36608E-02  0.00000E+00            196.AU 79. 112  49
 250  1.54135E-03  1.37146E-02  1.37146E-02  0.00000E+00            196.AU 79. 113  50
 251  5.04087E-01  1.37638E-02  1.37638E-02  0.00000E+00            196.AU 79. 114  51
 253  2.82846E-03  1.37677E-02  1.37677E-02  0.00000E+00            196.AU 79. 115  53
 261  2.38734E+00  8.52062E-03  8.52062E-03  0.00000E+00            196.AU 79. 116  61
 262  2.32057E-02  8.77770E-03  8.77770E-03  0.00000E+00            196.AU 79. 117  62
 263  2.09948E-02  9.18800E-03  9.18800E-03  0.00000E+00            196.AU 79. 118  63
 264  4.15428E+00  9.62130E-03  9.62130E-03  0.00000E+00            196.AU 79. 119  64
 265  3.65972E+01  9.70979E-03  9.70979E-03  0.00000E+00            196.AU 79. 120  65
 266  5.00789E-01  1.11746E-02  1.11746E-02  0.00000E+00            196.AU 79. 121  66
 267  5.17466E-03  1.12857E-02  1.12857E-02  0.00000E+00            196.AU 79. 122  67
 268  5.21442E-03  1.13846E-02  1.13846E-02  0.00000E+00            196.AU 79. 123  68
 269  7.58540E-01  1.15685E-02  1.15685E-02  0.00000E+00            196.AU 79. 124  69
 270  6.83685E+00  1.15870E-02  1.15870E-02  0.00000E+00            196.AU 79. 125  70
 271  5.03178E-03  1.18246E-02  1.18246E-02  0.00000E+00            196.AU 79. 126  71
 272  2.81775E-02  1.18286E-02  1.18286E-02  0.00000E+00            196.AU 79. 127  72
 273  1.05753E-01  1.18068E-02  1.18068E-02  0.00000E+00            196.AU 79. 128  73
 274  1.08290E-03  1.18435E-02  1.18435E-02  0.00000E+00            196.AU 79. 129  74
 275  1.08348E-03  1.18606E-02  1.18606E-02  0.00000E+00            196.AU 79. 130  75
 276  6.80069E-02  1.19098E-02  1.19098E-02  0.00000E+00            196.AU 79. 131  76
 277  5.90698E-01  1.19115E-02  1.19115E-02  0.00000E+00            196.AU 79. 132  77
 280  7.98045E-03  1.19137E-02  1.19137E-02  0.00000E+00            196.AU 79. 133  80
 291  1.29791E+01  2.14695E-03  2.14695E-03  0.00000E+00            196.AU 79. 134  91
 292  2.83159E-01  3.00529E-04  3.00529E-04  0.00000E+00            196.AU 79. 135  92
 293  1.28078E-03  5.61727E-05  5.61727E-05  0.00000E+00            196.AU 79. 136  93
 294  4.29605E+03  1.11015E-05  1.11015E-05  0.00000E+00            196.AU 79. 137  94
 7 1  2.37812E+00  5.42437E-02  5.42437E-02  0.00000E+00            196.AU 79. 138   1
 7 2  1.28062E+00  6.50992E-02  6.50992E-02  0.00000E+00            196.AU 79. 139   2
 7 3  1.66068E-01  7.59661E-02  7.59661E-02  0.00000E+00            196.AU 79. 140   3
 7 4  4.17858E+01  8.32399E-04  8.32399E-04  0.00000E+00            196.AU 79. 141   4
 7 5  1.13601E+02  7.49600E-03  7.49600E-03  0.00000E+00            196.AU 79. 142   5
 7 6  4.77810E+01  9.62614E-03  9.62614E-03  0.00000E+00            196.AU 79. 143   6
 7 7  4.87133E+00  1.17847E-02  1.17847E-02  0.00000E+00            196.AU 79. 144   7
 7 8  1.49625E+02  4.15939E-04  4.15939E-04  0.00000E+00            196.AU 79. 145   8
 7 9  3.81494E+02  1.75705E-03  1.75705E-03  0.00000E+00            196.AU 79. 146   9
 710  3.95854E+01  1.97925E-03  1.97925E-03  0.00000E+00            196.AU 79. 147  10
 711  1.95245E+00  2.31819E-03  2.31819E-03  0.00000E+00            196.AU 79. 148  11
 712  7.67565E+02  1.74593E-04  1.74593E-04  0.00000E+00            196.AU 79. 149  12
 713  1.44809E+03  6.41370E-05  6.41370E-05  0.00000E+00            196.AU 79. 150  13
 714  9.44960E+02  4.01454E-05  4.01454E-05  0.00000E+00            196.AU 79. 151  14
%%%% 196 AU  79 M  IT           3.45600E+04 9.6 H      02-11-2005       SEEIEND 
 


   ***************************************************** 
   *                 Radiation Summary                 * 
   ***************************************************** 
 
  Energy released by
    Gamma-ray                       (MeV) =   1.70418E-01
    X-ray                           (MeV) =   7.30655E-02
    Free-bound X-ray                (MeV) =   4.76924E-04
    Annihilation photon             (MeV) =   0.00000E+00
    Beta+ particle                  (MeV) =   0.00000E+00
    Neutrino                        (MeV) =   0.00000E+00
    Beta- particle                  (MeV) =   0.00000E+00
    Neutrino-                       (MeV) =   0.00000E+00
    Internal conv. electron         (MeV) =   3.48929E-01
    Auger and CK electron           (MeV) =   2.70891E-02
    Alpha particle                  (MeV) =   0.00000E+00
    Recoil nucleus                  (MeV) =   0.00000E+00
  E-total (except unplaced radiat.) (MeV) =   6.19978E-01
  E-unplaced radiation              (MeV) =   3.36600E-03
  Q-value from ENSDF data           (MeV) =   5.95660E-01
  Ratio of E-total/Q-value          ( % ) =   1.04083E+02
  Ratio of E-unplaced radi./Q-value ( % ) =   5.65087E-01

 
  Total yield of
    Gamma-ray                             =   9.69740E-01
    X-ray                                 =   1.92971E+00
    Free-bound X-ray                      =   4.29605E+01
    Annihilation photon                   =   0.00000E+00
    Beta+ particle                        =   0.00000E+00
    Beta- particle                        =   0.00000E+00
    Internal conv. electron               =   3.38554E+00
    Auger and CK electron                 =   3.94514E+01
    Alpha particle                        =   0.00000E+00
  Yield of unplaced radiation             =   1.27500E-02


