%%%% 202 AU  79    B-           2.88000E+01 28.8 S     02-11-2005       BALASTAR
1 202   AU  79 28.8 S          B-         
1INTENSITY AND ENERGY BALANCE DATA

              202-GOLD-79
+                                    HALFLIFE = 28.8 SECONDS 
+                                                                  02-11-2005


    LEVEL       INTENSITY   INTENSITY
    ENERGY      ENTERING    LEAVING     PERCENT
    (MEV)       LEVEL       LEVEL       ERROR

   0.0000E+00  9.8909E+01
   4.3955E-01  1.2020E+01  1.0376E+01  1.4682E+01  ********************
   9.5990E-01  2.2038E+00  2.0419E+00  7.6291E+00                      
   1.3479E+00  2.8362E+00  3.0778E+00  8.1724E+00                      
   1.4114E+00  7.3350E-01  7.5484E-01  2.8686E+00                      
   1.5648E+00  2.2494E+00  2.3112E+00  2.7090E+00                      
   1.6433E+00  1.9560E+00  2.0186E+00  3.1492E+00                      
   1.7459E+00  2.7384E+00  2.8651E+00  4.5222E+00                      
   1.8517E+00  0.0000E+00  1.0019E-01  2.0000E+02  ********************
   1.9590E+00  0.0000E+00  1.0030E-01  2.0000E+02  ********************


 INTENSITY TO GROUND AND ISOMERIC STATE(S) OF DAUGHTER(S)=  9.891E+01
 TOTAL INTENSITY FROM PARENT=  1.000E+02
 PERCENT ERROR =  1.103E+00                      


 TOTAL INTENSITY FROM PARENT =  1.000E+02
 VALUE IS WITHIN   2.29E-05% OF 100                      


 TOTAL ENERGY AVAILABLE =  2.950E+00 MEV
 TOTAL ENERGY CONTENT OF ALL RADIATIONS =  2.953E+00 MEV
 PERCENT ERROR =  9.489E-02                      
%%%% 202 AU  79    B-           2.88000E+01 28.8 S     02-11-2005       BALAEND 
%%%% 202 AU  79    B-           2.88000E+01 28.8 S     02-11-2005       INPUSTAR
1                                      **INPUT DATA**
              202-GOLD-79
+                                    HALFLIFE = 28.8 SECONDS 
+                                                                  02-11-2005

            MODE OF DECAY: BETA MINUS
 
                                MEAN
                                NUMBER/    TRANSITION
                TYPE OF    ID   TRANSFOR-  ENERGY
              TRANSITION   NO.  MATION     (MEV)       OTHER NUCLEAR PARAMETERS

               BETA MINUS   1   2.74E-02   1.204E+00*  FIRST FORBIDDEN                          
               BETA MINUS   2   1.96E-02   1.307E+00*  FIRST FORBIDDEN                          
               BETA MINUS   3   2.25E-02   1.385E+00*  FIRST FORBIDDEN                          
               BETA MINUS   4   7.33E-03   1.539E+00*  FIRST FORBIDDEN                          
               BETA MINUS   5   2.84E-02   1.602E+00*  FIRST FORBIDDEN                          
               BETA MINUS   6   4.89E-03   1.990E+00*  FIRST FORBIDDEN                          
               BETA MINUS   7   9.78E-03   2.510E+00*  FIRST FORBIDDEN                          
               BETA MINUS   8   8.80E-01   2.950E+00*  FIRST FORBIDDEN                          
           I.C.E. + GAMMA   1   1.19E-02   3.881E-01   M1 MULTIPOLE                             
+                                                                    AK= 0.156                  
                                                       AL1=0.0235    AL2=0.00209                
                                                       AM= 0.00600   AN+=0.00189                
           I.C.E. + GAMMA   2   1.04E-01   4.395E-01   E2 MULTIPOLE                             
+                                                                    AK= 0.0261                 
                                                       AL1=0.00370   AL2=0.00349                
                                                       AL3=0.00147   AM= 0.00215                
           I.C.E. + GAMMA   3   1.80E-02   5.203E-01   M1+E2 MULTIPOLE                          
                                                       AK= 0.0486    AL1=0.00728                
                                                       AM= 0.00185                              
           I.C.E. + GAMMA   4   5.25E-03   7.860E-01   M1 MULTIPOLE                             
+                                                                    AK= 0.0247                 
                                                       AL1=0.00368                              
           I.C.E. + GAMMA   5   1.89E-02   9.084E-01   M1 MULTIPOLE                             
+                                                                    AK= 0.0171                 
                                                       AL1=0.00254                              
           I.C.E. + GAMMA   6   2.42E-03   9.597E-01   E2 MULTIPOLE                             
+                                                                    AK= 0.00530                
           I.C.E. + GAMMA   7   7.55E-03   9.719E-01   E2 MULTIPOLE                             
+                                                                    AK= 0.00517                
           I.C.E. + GAMMA   8   2.31E-02   1.125E+00   E2 MULTIPOLE                             
+                                                                    AK= 0.00393                
           I.C.E. + GAMMA   9   2.02E-02   1.204E+00   E2 MULTIPOLE                             
+                                                                    AK= 0.00347                
           I.C.E. + GAMMA  10   2.27E-02   1.306E+00   M1 MULTIPOLE                             
+                                                                    AK= 0.00683                
                                                       AL1=0.00101                              
           I.C.E. + GAMMA  11   7.13E-04   1.746E+00   M1 MULTIPOLE                             
+                                                                    AK= 0.00330                
           I.C.E. + GAMMA  12   1.00E-03   1.852E+00   E2 MULTIPOLE                             
+                                                                    AK= 0.00158                
           I.C.E. + GAMMA  13   1.00E-03   1.959E+00   M1 MULTIPOLE ASSUMED                     
                                                       AK= 0.00248                              
 
           * ENDPOINT ENERGY (MEV)
           - - - - - - - - - -
           Reference: Evaluated Nuclear Structure Data File (ENSDF)
                DATE DATA WERE ENTERED INTO ENSDF: Apr-1997
%%%% 202 AU  79    B-           2.88000E+01 28.8 S     02-11-2005       INPUEND 
%%%% 202 AU  79    B-           2.88000E+01 28.8 S     02-11-2005       OUTPSTAR
1                                      **OUTPUT DATA**
              202-GOLD-79
+                                    HALFLIFE = 28.8 SECONDS 
+                                                                  02-11-2005

            MODE OF DECAY: BETA MINUS
 
                                              MEAN
                                              NUMBER/                  MEV/
                                         ID   TRANSFOR-   ENERGY       TRANSFOR-
                  TYPE OF RADIATION      NO.  MATION      (MEV)        MATION

           BETA MINUS                     1   2.74E-02    4.090E-01*   1.12E-02
           BETA MINUS                     2   1.96E-02    4.498E-01*   8.80E-03
           BETA MINUS                     3   2.25E-02    4.814E-01*   1.08E-02
           BETA MINUS                     4   7.33E-03    5.438E-01*   3.99E-03
           BETA MINUS                     5   2.84E-02    5.699E-01*   1.62E-02
           BETA MINUS                     6   4.89E-03    7.320E-01*   3.58E-03
           BETA MINUS                     7   9.78E-03    9.542E-01*   9.33E-03
           BETA MINUS                     8   8.80E-01    1.145E+00*   1.01E+00
           GAMMA-RAY                      1   1.00E-02    3.881E-01    3.88E-03
           GAMMA-RAY                      2   1.00E-01    4.395E-01    4.40E-02
           GAMMA-RAY                      3   1.70E-02    5.203E-01    8.85E-03
           GAMMA-RAY                      4   5.10E-03    7.860E-01    4.01E-03
           GAMMA-RAY                      5   1.85E-02    9.084E-01    1.68E-02
           GAMMA-RAY                      6   2.40E-03    9.597E-01    2.30E-03
           GAMMA-RAY                      7   7.50E-03    9.719E-01    7.29E-03
           GAMMA-RAY                      8   2.30E-02    1.125E+00    2.59E-02
           GAMMA-RAY                      9   2.01E-02    1.204E+00    2.42E-02
           GAMMA-RAY                     10   2.25E-02    1.306E+00    2.94E-02
           GAMMA-RAY                     11   7.10E-04    1.746E+00    1.24E-03
           GAMMA-RAY                     12   1.00E-03    1.852E+00    1.85E-03
           GAMMA-RAY                     13   1.00E-03    1.959E+00    1.96E-03
           K -L3 X-RAY                        2.76E-03    7.107E-02    1.96E-04
 
           ALL LISTED X-RAYS, GAMMA-RAYS AND ANNIHILATION RADIATION    1.72E-01
           ALL NEGLECTED X-RAYS, GAMMA-RAYS AND ANNIH. RADIATION**     2.35E-04
           ALL LISTED BETAS, INTERNAL CONVERSION AND AUGER ELECTRONS   1.07E+00
           ALL NEGLECTED BETAS, INT. CONVERSION AND AUGER ELECTRONS**  3.49E-03
           ALL LISTED RADIATIONS                                       1.24E+00
           ALL NEGLECTED RADIATIONS**                                  3.73E-03
 
           *  AVERAGE ENERGY (MEV)
           ** EACH NEGLECTED TRANSITION CONTRIBUTES LESS THAN  0.100%
              TO THE TOTAL MEV/TRANSFORMATION FOR THIS CATEGORY.
           TOTAL FEEDING OF GROUND STATE LEVEL IN 202-MERCURY
             DAUGHTER IS 1.0000E+00 PER TRANSFORMATION OF 202-GOLD.
             THIS DAUGHTER GROUND STATE IS STABLE.
           - - - - - - - - - -
           INPUT DATA SOURCE: EVALUATED NUCLEAR STRUCTURE DATA FILE (ENSDF)
             DATE INPUT DATA WERE ENTERED INTO ENSDF: Apr-1997
%%%% 202 AU  79    B-           2.88000E+01 28.8 S     02-11-2005       OUTPEND 
%%%% 202 AU  79    B-           2.88000E+01 28.8 S     02-11-2005       BETASTAR
1
              202-GOLD-79
+                                    HALFLIFE = 28.8 SECONDS 
+                                                                  02-11-2005

            BETA SPECTRUM DATA FOR ALL DECAY BRANCHES

                      BETAS PER                BETAS PER                BETAS PER
            ENERGY    MEV            ENERGY    MEV            ENERGY    MEV
            (MEV)     PER DECAY      (MEV)     PER DECAY      (MEV)     PER DECAY

            0.00000   3.112E-01      0.00300   3.122E-01      0.10000   3.676E-01
            0.00010   3.113E-01      0.00320   3.123E-01      0.11000   3.734E-01
            0.00011   3.113E-01      0.00360   3.124E-01      0.12000   3.790E-01
            0.00012   3.113E-01      0.00400   3.126E-01      0.13000   3.846E-01
            0.00013   3.113E-01      0.00450   3.127E-01      0.14000   3.901E-01
            0.00014   3.113E-01      0.00500   3.129E-01      0.15000   3.955E-01
            0.00015   3.113E-01      0.00550   3.131E-01      0.16000   4.009E-01
            0.00016   3.113E-01      0.00600   3.132E-01      0.18000   4.114E-01
            0.00018   3.113E-01      0.00650   3.134E-01      0.20000   4.217E-01
            0.00020   3.113E-01      0.00700   3.135E-01      0.22000   4.315E-01
            0.00022   3.113E-01      0.00750   3.137E-01      0.24000   4.411E-01
            0.00024   3.113E-01      0.00800   3.139E-01      0.26000   4.503E-01
            0.00026   3.113E-01      0.00850   3.140E-01      0.28000   4.592E-01
            0.00028   3.113E-01      0.00900   3.142E-01      0.30000   4.677E-01
            0.00030   3.113E-01      0.01000   3.145E-01      0.32000   4.758E-01
            0.00032   3.113E-01      0.01100   3.148E-01      0.36000   4.910E-01
            0.00036   3.114E-01      0.01200   3.152E-01      0.40000   5.046E-01
            0.00040   3.114E-01      0.01300   3.155E-01      0.45000   5.194E-01
            0.00045   3.114E-01      0.01400   3.158E-01      0.50000   5.317E-01
            0.00050   3.114E-01      0.01500   3.161E-01      0.55000   5.416E-01
            0.00055   3.114E-01      0.01600   3.169E-01      0.60000   5.491E-01
            0.00060   3.114E-01      0.01800   3.181E-01      0.65000   5.542E-01
            0.00065   3.115E-01      0.02000   3.194E-01      0.70000   5.571E-01
            0.00070   3.115E-01      0.02200   3.207E-01      0.75000   5.579E-01
            0.00075   3.115E-01      0.02400   3.219E-01      0.80000   5.567E-01
            0.00080   3.115E-01      0.02600   3.232E-01      0.85000   5.536E-01
            0.00085   3.115E-01      0.02800   3.244E-01      0.90000   5.489E-01
            0.00090   3.115E-01      0.03000   3.257E-01      1.00000   5.352E-01
            0.00100   3.116E-01      0.03200   3.269E-01      1.10000   5.174E-01
            0.00110   3.116E-01      0.03600   3.294E-01      1.20000   4.973E-01
            0.00120   3.116E-01      0.04000   3.319E-01      1.30000   4.758E-01
            0.00130   3.117E-01      0.04500   3.350E-01      1.40000   4.520E-01
            0.00140   3.117E-01      0.05000   3.380E-01      1.50000   4.253E-01
            0.00150   3.117E-01      0.05500   3.411E-01      1.60000   3.959E-01
            0.00160   3.118E-01      0.06000   3.441E-01      1.80000   3.290E-01
            0.00180   3.118E-01      0.06500   3.471E-01      2.00000   2.540E-01
            0.00200   3.119E-01      0.07000   3.501E-01      2.20000   1.772E-01
            0.00220   3.120E-01      0.07500   3.531E-01      2.40000   1.057E-01
            0.00240   3.120E-01      0.08000   3.560E-01      2.60000   4.723E-02
            0.00260   3.121E-01      0.08500   3.589E-01      2.80000   9.510E-03
            0.00280   3.122E-01      0.09000   3.619E-01      2.95000   0.000E+00

            AVERAGE BETA ENERGY =   1.071E+00

            TOTAL BETAS PER DECAY FOR ALL BRANCHES =   1.000E+00
%%%% 202 AU  79    B-           2.88000E+01 28.8 S     02-11-2005       BETAEND 
%%%% 202 AU  79    B-           2.88000E+01 28.8 S     02-11-2005       SEEISTAR
202.  GOLD         79.  2.880E+01 SECONDS  176 B-                   202.AU 79.   0
 5 1  2.73839E+00  4.08998E-01  1.20407E+00  0.00000E+00            202.AU 79.   1   1
 5 2  1.95599E+00  4.49832E-01  1.30670E+00  0.00000E+00            202.AU 79.   2   2
 5 3  2.24939E+00  4.81421E-01  1.38525E+00  0.00000E+00            202.AU 79.   3   3
 5 4  7.33496E-01  5.43829E-01  1.53860E+00  0.00000E+00            202.AU 79.   4   4
 5 5  2.83619E+00  5.69910E-01  1.60206E+00  0.00000E+00            202.AU 79.   5   5
 5 6  4.88998E-01  7.31969E-01  1.99010E+00  0.00000E+00            202.AU 79.   6   6
 5 7  9.77995E-01  9.54216E-01  2.51045E+00  0.00000E+00            202.AU 79.   7   7
 5 8  8.80196E+01  1.14463E+00  2.95000E+00  0.00000E+00            202.AU 79.   8   8
 1 1  1.00000E+00  3.88100E-01  3.88100E-01  0.00000E+00            202.AU 79.   9   1
 6 1  1.55964E-01  3.04747E-01  3.04747E-01  1.00000E+00            202.AU 79.  10   1
 6 5  2.34857E-02  3.73274E-01  3.73274E-01  1.00000E+00            202.AU 79.  11   5
 6 6  2.08543E-03  3.73846E-01  3.73846E-01  1.00000E+00            202.AU 79.  12   6
 6 7  1.73316E-04  3.75813E-01  3.75813E-01  1.00000E+00            202.AU 79.  13   7
 6 3  6.00436E-03  3.85263E-01  3.85263E-01  1.00000E+00            202.AU 79.  14   3
 6 4  1.88515E-03  3.88100E-01  3.88100E-01  1.00000E+00            202.AU 79.  15   4
 1 2  1.00000E+01  4.39540E-01  4.39540E-01  0.00000E+00            202.AU 79.  16   2
 6 1  2.61044E-01  3.56187E-01  3.56187E-01  2.00000E+00            202.AU 79.  17   1
 6 5  3.69899E-02  4.24714E-01  4.24714E-01  2.00000E+00            202.AU 79.  18   5
 6 6  3.48935E-02  4.25286E-01  4.25286E-01  2.00000E+00            202.AU 79.  19   6
 6 7  1.46665E-02  4.27253E-01  4.27253E-01  2.00000E+00            202.AU 79.  20   7
 6 3  2.15095E-02  4.36703E-01  4.36703E-01  2.00000E+00            202.AU 79.  21   3
 6 4  6.58282E-03  4.39540E-01  4.39540E-01  2.00000E+00            202.AU 79.  22   4
 1 3  1.70000E+00  5.20300E-01  5.20300E-01  0.00000E+00            202.AU 79.  23   3
 6 1  8.26485E-02  4.36947E-01  4.36947E-01  3.00000E+00            202.AU 79.  24   1
 6 5  1.23759E-02  5.05474E-01  5.05474E-01  3.00000E+00            202.AU 79.  25   5
 6 6  1.04917E-03  5.06046E-01  5.06046E-01  3.00000E+00            202.AU 79.  26   6
 6 7  8.73284E-05  5.08013E-01  5.08013E-01  3.00000E+00            202.AU 79.  27   7
 6 3  3.15027E-03  5.17463E-01  5.17463E-01  3.00000E+00            202.AU 79.  28   3
 6 4  9.88815E-04  5.20300E-01  5.20300E-01  3.00000E+00            202.AU 79.  29   4
 1 4  5.10000E-01  7.86000E-01  7.86000E-01  0.00000E+00            202.AU 79.  30   4
 6 1  1.25954E-02  7.02647E-01  7.02647E-01  4.00000E+00            202.AU 79.  31   1
 6 5  1.87547E-03  7.71174E-01  7.71174E-01  4.00000E+00            202.AU 79.  32   5
 6 6  1.45659E-04  7.71746E-01  7.71746E-01  4.00000E+00            202.AU 79.  33   6
 6 7  1.27304E-05  7.73713E-01  7.73713E-01  4.00000E+00            202.AU 79.  34   7
 6 3  4.72145E-04  7.83163E-01  7.83163E-01  4.00000E+00            202.AU 79.  35   3
 6 4  1.48262E-04  7.86000E-01  7.86000E-01  4.00000E+00            202.AU 79.  36   4
 1 5  1.85000E+00  9.08390E-01  9.08390E-01  0.00000E+00            202.AU 79.  37   5
 6 1  3.16166E-02  8.25037E-01  8.25037E-01  5.00000E+00            202.AU 79.  38   1
 6 5  4.70018E-03  8.93564E-01  8.93564E-01  5.00000E+00            202.AU 79.  39   5
 6 6  3.51711E-04  8.94136E-01  8.94136E-01  5.00000E+00            202.AU 79.  40   6
 6 7  3.18075E-05  8.96103E-01  8.96103E-01  5.00000E+00            202.AU 79.  41   7
 6 3  1.17746E-03  9.05553E-01  9.05553E-01  5.00000E+00            202.AU 79.  42   3
 6 4  3.69698E-04  9.08390E-01  9.08390E-01  5.00000E+00            202.AU 79.  43   4
 1 6  2.40000E-01  9.59700E-01  9.59700E-01  0.00000E+00            202.AU 79.  44   6
 6 1  1.27149E-03  8.76347E-01  8.76347E-01  6.00000E+00            202.AU 79.  45   1
 6 5  1.80667E-04  9.44874E-01  9.44874E-01  6.00000E+00            202.AU 79.  46   5
 6 6  4.74881E-05  9.45446E-01  9.45446E-01  6.00000E+00            202.AU 79.  47   6
 6 7  1.42773E-05  9.47413E-01  9.47413E-01  6.00000E+00            202.AU 79.  48   7
 6 3  5.74627E-05  9.56863E-01  9.56863E-01  6.00000E+00            202.AU 79.  49   3
 6 4  1.78827E-05  9.59700E-01  9.59700E-01  6.00000E+00            202.AU 79.  50   4
 1 7  7.50000E-01  9.71850E-01  9.71850E-01  0.00000E+00            202.AU 79.  51   7
 6 1  3.87946E-03  8.88497E-01  8.88497E-01  7.00000E+00            202.AU 79.  52   1
 6 5  5.51179E-04  9.57024E-01  9.57024E-01  7.00000E+00            202.AU 79.  53   5
 6 6  1.42158E-04  9.57596E-01  9.57596E-01  7.00000E+00            202.AU 79.  54   6
 6 7  4.25814E-05  9.59563E-01  9.59563E-01  7.00000E+00            202.AU 79.  55   7
 6 3  1.74317E-04  9.69013E-01  9.69013E-01  7.00000E+00            202.AU 79.  56   3
 6 4  5.42607E-05  9.71850E-01  9.71850E-01  7.00000E+00            202.AU 79.  57   4
 1 8  2.30000E+00  1.12520E+00  1.12520E+00  0.00000E+00            202.AU 79.  58   8
 6 1  9.03536E-03  1.04185E+00  1.04185E+00  8.00000E+00            202.AU 79.  59   1
 6 5  1.28141E-03  1.11037E+00  1.11037E+00  8.00000E+00            202.AU 79.  60   5
 6 6  2.66446E-04  1.11095E+00  1.11095E+00  8.00000E+00            202.AU 79.  61   6
 6 7  7.68156E-05  1.11291E+00  1.11291E+00  8.00000E+00            202.AU 79.  62   7
 6 3  3.82132E-04  1.12236E+00  1.12236E+00  8.00000E+00            202.AU 79.  63   3
 6 4  1.19224E-04  1.12520E+00  1.12520E+00  8.00000E+00            202.AU 79.  64   4
 1 9  2.01000E+00  1.20370E+00  1.20370E+00  0.00000E+00            202.AU 79.  65   9
 6 1  6.96912E-03  1.12035E+00  1.12035E+00  9.00000E+00            202.AU 79.  66   1
 6 5  9.87491E-04  1.18887E+00  1.18887E+00  9.00000E+00            202.AU 79.  67   5
 6 6  1.86581E-04  1.18945E+00  1.18945E+00  9.00000E+00            202.AU 79.  68   6
 6 7  5.30252E-05  1.19141E+00  1.19141E+00  9.00000E+00            202.AU 79.  69   7
 6 3  2.87816E-04  1.20086E+00  1.20086E+00  9.00000E+00            202.AU 79.  70   3
 6 4  8.98658E-05  1.20370E+00  1.20370E+00  9.00000E+00            202.AU 79.  71   4
 110  2.25000E+00  1.30637E+00  1.30637E+00  0.00000E+00            202.AU 79.  72  10
 6 1  1.53660E-02  1.22302E+00  1.22302E+00  1.00000E+01            202.AU 79.  73   1
 6 5  2.27711E-03  1.29154E+00  1.29154E+00  1.00000E+01            202.AU 79.  74   5
 6 6  1.52820E-04  1.29212E+00  1.29212E+00  1.00000E+01            202.AU 79.  75   6
 6 7  1.59175E-05  1.29408E+00  1.29408E+00  1.00000E+01            202.AU 79.  76   7
 6 3  5.65423E-04  1.30353E+00  1.30353E+00  1.00000E+01            202.AU 79.  77   3
 6 4  1.77559E-04  1.30637E+00  1.30637E+00  1.00000E+01            202.AU 79.  78   4
 111  7.10000E-02  1.74640E+00  1.74640E+00  0.00000E+00            202.AU 79.  79  11
 6 1  2.34648E-04  1.66305E+00  1.66305E+00  1.10000E+01            202.AU 79.  80   1
 6 5  3.45241E-05  1.73157E+00  1.73157E+00  1.10000E+01            202.AU 79.  81   5
 6 6  2.08925E-06  1.73215E+00  1.73215E+00  1.10000E+01            202.AU 79.  82   6
 6 7  2.61575E-07  1.73411E+00  1.73411E+00  1.10000E+01            202.AU 79.  83   7
 6 3  8.58371E-06  1.74356E+00  1.74356E+00  1.10000E+01            202.AU 79.  84   3
 6 4  2.69952E-06  1.74640E+00  1.74640E+00  1.10000E+01            202.AU 79.  85   4
 112  1.00000E-01  1.85170E+00  1.85170E+00  0.00000E+00            202.AU 79.  86  12
 6 1  1.58484E-04  1.76835E+00  1.76835E+00  1.20000E+01            202.AU 79.  87   1
 6 5  2.24474E-05  1.83687E+00  1.83687E+00  1.20000E+01            202.AU 79.  88   5
 6 6  2.44077E-06  1.83745E+00  1.83745E+00  1.20000E+01            202.AU 79.  89   6
 6 7  6.68919E-07  1.83941E+00  1.83941E+00  1.20000E+01            202.AU 79.  90   7
 6 3  5.94141E-06  1.84886E+00  1.84886E+00  1.20000E+01            202.AU 79.  91   3
 6 4  1.85273E-06  1.85170E+00  1.85170E+00  1.20000E+01            202.AU 79.  92   4
 113  1.00000E-01  1.95900E+00  1.95900E+00  0.00000E+00            202.AU 79.  93  13
 6 1  2.48411E-04  1.87565E+00  1.87565E+00  1.30000E+01            202.AU 79.  94   1
 6 5  3.63548E-05  1.94417E+00  1.94417E+00  1.30000E+01            202.AU 79.  95   5
 6 6  2.10298E-06  1.94475E+00  1.94475E+00  1.30000E+01            202.AU 79.  96   6
 6 7  2.89125E-07  1.94671E+00  1.94671E+00  1.30000E+01            202.AU 79.  97   7
 6 3  9.07235E-06  1.95616E+00  1.95616E+00  1.30000E+01            202.AU 79.  98   3
 6 4  2.85656E-06  1.95900E+00  1.95900E+00  1.30000E+01            202.AU 79.  99   4
 2 1  1.63114E-01  6.90989E-02  6.90989E-02  0.00000E+00            202.AU 79. 100   1
 2 2  2.76450E-01  7.10661E-02  7.10661E-02  0.00000E+00            202.AU 79. 101   2
 2 3  3.05385E-02  8.00792E-02  8.00792E-02  0.00000E+00            202.AU 79. 102   3
 2 4  5.91025E-02  8.05161E-02  8.05161E-02  0.00000E+00            202.AU 79. 103   4
 2 5  7.87937E-04  8.09579E-02  8.09579E-02  0.00000E+00            202.AU 79. 104   5
 2 6  9.63815E-04  8.10520E-02  8.10520E-02  0.00000E+00            202.AU 79. 105   6
 2 7  7.19898E-03  8.26796E-02  8.26796E-02  0.00000E+00            202.AU 79. 106   7
 2 8  1.40988E-02  8.27860E-02  8.27860E-02  0.00000E+00            202.AU 79. 107   8
 2 9  2.04750E-04  8.29749E-02  8.29749E-02  0.00000E+00            202.AU 79. 108   9
 210  2.49926E-04  8.29947E-02  8.29947E-02  0.00000E+00            202.AU 79. 109  10
 211  1.66338E-03  8.32657E-02  8.32657E-02  0.00000E+00            202.AU 79. 110  11
 212  3.26651E-03  8.32847E-02  8.32847E-02  0.00000E+00            202.AU 79. 111  12
 213  2.18422E-05  8.33369E-02  8.33369E-02  0.00000E+00            202.AU 79. 112  13
 214  2.57967E-05  8.33392E-02  8.33392E-02  0.00000E+00            202.AU 79. 113  14
 221  1.10304E-06  5.72001E-04  5.72001E-04  0.00000E+00            202.AU 79. 114  21
 222  2.34232E-04  2.53900E-03  2.53900E-03  0.00000E+00            202.AU 79. 115  22
 223  2.86341E-03  1.15521E-02  1.15521E-02  0.00000E+00            202.AU 79. 116  23
 224  3.24596E-03  1.19891E-02  1.19891E-02  0.00000E+00            202.AU 79. 117  24
 225  9.80577E-05  1.24312E-02  1.24312E-02  0.00000E+00            202.AU 79. 118  25
 226  1.46816E-04  1.25252E-02  1.25252E-02  0.00000E+00            202.AU 79. 119  26
 227  7.28602E-04  1.41528E-02  1.41528E-02  0.00000E+00            202.AU 79. 120  27
 228  8.93211E-04  1.42589E-02  1.42589E-02  0.00000E+00            202.AU 79. 121  28
 229  1.47618E-05  1.44478E-02  1.44478E-02  0.00000E+00            202.AU 79. 122  29
 230  2.32768E-05  1.44676E-02  1.44676E-02  0.00000E+00            202.AU 79. 123  30
 231  1.34566E-04  1.47387E-02  1.47387E-02  0.00000E+00            202.AU 79. 124  31
 232  1.60670E-04  1.47577E-02  1.47577E-02  0.00000E+00            202.AU 79. 125  32
 233  1.46698E-06  1.48100E-02  1.48100E-02  0.00000E+00            202.AU 79. 126  33
 234  2.26900E-06  1.48121E-02  1.48121E-02  0.00000E+00            202.AU 79. 127  34
 241  1.77255E-06  1.96700E-03  1.96700E-03  0.00000E+00            202.AU 79. 128  41
 242  1.78190E-03  1.07172E-02  1.07172E-02  0.00000E+00            202.AU 79. 129  42
 243  6.94584E-05  1.14171E-02  1.14171E-02  0.00000E+00            202.AU 79. 130  43
 244  6.57609E-02  1.18592E-02  1.18592E-02  0.00000E+00            202.AU 79. 131  44
 245  4.54901E-04  1.34666E-02  1.34666E-02  0.00000E+00            202.AU 79. 132  45
 246  1.89509E-05  1.36869E-02  1.36869E-02  0.00000E+00            202.AU 79. 133  46
 247  1.31350E-02  1.38758E-02  1.38758E-02  0.00000E+00            202.AU 79. 134  47
 248  5.01219E-05  1.41405E-02  1.41405E-02  0.00000E+00            202.AU 79. 135  48
 249  9.36007E-05  1.41282E-02  1.41282E-02  0.00000E+00            202.AU 79. 136  49
 250  3.77981E-06  1.41857E-02  1.41857E-02  0.00000E+00            202.AU 79. 137  50
 251  1.36290E-03  1.42380E-02  1.42380E-02  0.00000E+00            202.AU 79. 138  51
 253  9.04878E-06  1.42444E-02  1.42444E-02  0.00000E+00            202.AU 79. 139  53
 261  6.01841E-03  8.75019E-03  8.75019E-03  0.00000E+00            202.AU 79. 140  61
 262  5.99556E-05  9.01310E-03  9.01310E-03  0.00000E+00            202.AU 79. 141  62
 263  5.42322E-05  9.45010E-03  9.45010E-03  0.00000E+00            202.AU 79. 142  63
 264  1.04993E-02  9.89221E-03  9.89221E-03  0.00000E+00            202.AU 79. 143  64
 265  9.24800E-02  9.98619E-03  9.98619E-03  0.00000E+00            202.AU 79. 144  65
 266  1.29009E-03  1.14996E-02  1.14996E-02  0.00000E+00            202.AU 79. 145  66
 267  1.34692E-05  1.16138E-02  1.16138E-02  0.00000E+00            202.AU 79. 146  67
 268  1.36452E-05  1.17199E-02  1.17199E-02  0.00000E+00            202.AU 79. 147  68
 269  1.93397E-03  1.19088E-02  1.19088E-02  0.00000E+00            202.AU 79. 148  69
 270  1.74552E-02  1.19285E-02  1.19285E-02  0.00000E+00            202.AU 79. 149  70
 271  1.36452E-05  1.21735E-02  1.21735E-02  0.00000E+00            202.AU 79. 150  71
 272  7.63277E-05  1.21779E-02  1.21779E-02  0.00000E+00            202.AU 79. 151  72
 273  2.74924E-04  1.21613E-02  1.21613E-02  0.00000E+00            202.AU 79. 152  73
 274  2.81585E-06  1.21997E-02  1.21997E-02  0.00000E+00            202.AU 79. 153  74
 275  2.84996E-06  1.22187E-02  1.22187E-02  0.00000E+00            202.AU 79. 154  75
 276  1.96376E-04  1.22710E-02  1.22710E-02  0.00000E+00            202.AU 79. 155  76
 277  1.71734E-03  1.22730E-02  1.22730E-02  0.00000E+00            202.AU 79. 156  77
 280  2.54511E-05  1.22774E-02  1.22774E-02  0.00000E+00            202.AU 79. 157  80
 291  3.21198E-02  2.22307E-03  2.22307E-03  0.00000E+00            202.AU 79. 158  91
 292  6.79550E-04  3.13332E-04  3.13332E-04  0.00000E+00            202.AU 79. 159  92
 293  4.19792E-06  6.21194E-05  6.21194E-05  0.00000E+00            202.AU 79. 160  93
 294  9.81094E+00  1.47045E-05  1.47045E-05  0.00000E+00            202.AU 79. 161  94
 7 1  1.44826E-02  5.57212E-02  5.57212E-02  0.00000E+00            202.AU 79. 162   1
 7 2  7.84062E-03  6.69357E-02  6.69357E-02  0.00000E+00            202.AU 79. 163   2
 7 3  1.02242E-03  7.81624E-02  7.81624E-02  0.00000E+00            202.AU 79. 164   3
 7 4  1.03677E-01  8.67761E-04  8.67761E-04  0.00000E+00            202.AU 79. 165   4
 7 5  2.66668E-01  7.67279E-03  7.67279E-03  0.00000E+00            202.AU 79. 166   5
 7 6  1.14045E-01  9.88229E-03  9.88229E-03  0.00000E+00            202.AU 79. 167   6
 7 7  1.17756E-02  1.21195E-02  1.21195E-02  0.00000E+00            202.AU 79. 168   7
 7 8  3.58823E-01  4.16241E-04  4.16241E-04  0.00000E+00            202.AU 79. 169   8
 7 9  8.81949E-01  1.80859E-03  1.80859E-03  0.00000E+00            202.AU 79. 170   9
 710  9.75423E-02  2.04146E-03  2.04146E-03  0.00000E+00            202.AU 79. 171  10
 711  4.82134E-03  2.39594E-03  2.39594E-03  0.00000E+00            202.AU 79. 172  11
 712  1.71056E+00  1.74710E-04  1.74710E-04  0.00000E+00            202.AU 79. 173  12
 713  3.25038E+00  6.98759E-05  6.98759E-05  0.00000E+00            202.AU 79. 174  13
 714  2.22075E+00  4.20469E-05  4.20469E-05  0.00000E+00            202.AU 79. 175  14
 715  1.47463E-03  9.27268E-05  9.27268E-05  0.00000E+00            202.AU 79. 176  15
%%%% 202 AU  79    B-           2.88000E+01 28.8 S     02-11-2005       SEEIEND 
 


   ***************************************************** 
   *                 Radiation Summary                 * 
   ***************************************************** 
 
  Energy released by
    Gamma-ray                       (MeV) =   1.71604E-01
    X-ray                           (MeV) =   4.30190E-04
    Free-bound X-ray                (MeV) =   1.44265E-06
    Annihilation photon             (MeV) =   0.00000E+00
    Beta+ particle                  (MeV) =   0.00000E+00
    Neutrino                        (MeV) =   0.00000E+00
    Beta- particle                  (MeV) =   1.07139E+00
    Neutrino-                       (MeV) =   1.70589E+00
    Internal conv. electron         (MeV) =   3.41884E-03
    Auger and CK electron           (MeV) =   7.39213E-05
    Alpha particle                  (MeV) =   0.00000E+00
    Recoil nucleus                  (MeV) =   0.00000E+00
  E-total (except unplaced radiat.) (MeV) =   2.95280E+00
  E-unplaced radiation              (MeV) =   0.00000E+00
  Q-value from ENSDF data           (MeV) =   2.95000E+00
  Ratio of E-total/Q-value          ( % ) =   1.00095E+02
  Ratio of E-unplaced radi./Q-value ( % ) =   0.00000E+00

 
  Total yield of
    Gamma-ray                             =   2.28810E-01
    X-ray                                 =   8.13908E-03
    Free-bound X-ray                      =   9.81094E-02
    Annihilation photon                   =   0.00000E+00
    Beta+ particle                        =   0.00000E+00
    Beta- particle                        =   1.00000E+00
    Internal conv. electron               =   7.64578E-03
    Auger and CK electron                 =   9.04581E-02
    Alpha particle                        =   0.00000E+00
  Yield of unplaced radiation             =   0.00000E+00


