%%%% 246 BK  97    EC           1.55520E+05  1.80 D    02-11-2005       BALASTAR
1 246   BK  97  1.80 D         EC         
1INTENSITY AND ENERGY BALANCE DATA

              246-BERKELIUM-97
+                                    HALFLIFE = 1.8 DAYS    
+                                                                  02-11-2005


    LEVEL       INTENSITY   INTENSITY
    ENERGY      ENTERING    LEAVING     PERCENT
    (MEV)       LEVEL       LEVEL       ERROR

   0.0000E+00  1.0016E+02
   4.2900E-02  9.1186E+01  9.1000E+01  2.0453E-01                      
   1.4200E-01  4.5556E+00  4.5000E+00  1.2270E+00                      
   8.4200E-01  6.1417E+01  6.1402E+01  2.4475E-02                      
   8.7600E-01  2.0680E+01  2.0854E+01  8.3932E-01                      
   1.0790E+00  5.3689E+00  5.4719E+00  1.9002E+00                      
   1.1050E+00  2.8833E+00  2.9117E+00  9.8021E-01                      
   1.1240E+00  1.0439E+01  1.0543E+01  9.8938E-01                      
   1.1280E+00  6.3631E-01  6.4266E-01  9.9362E-01                      
   1.1650E+00  5.3689E-01  5.3632E-01  1.0559E-01                      


 INTENSITY TO GROUND AND ISOMERIC STATE(S) OF DAUGHTER(S)=  1.002E+02
 TOTAL INTENSITY FROM PARENT=  1.000E+02
 PERCENT ERROR =  1.582E-01                      


 TOTAL INTENSITY FROM PARENT =  1.000E+02
 VALUE IS WITHIN   0.00E+00% OF 100                      


 TOTAL ENERGY AVAILABLE =  1.350E+00 MEV
 TOTAL ENERGY CONTENT OF ALL RADIATIONS =  1.354E+00 MEV
 PERCENT ERROR =  2.748E-01                      
%%%% 246 BK  97    EC           1.55520E+05  1.80 D    02-11-2005       BALAEND 
%%%% 246 BK  97    EC           1.55520E+05  1.80 D    02-11-2005       INPUSTAR
1                                      **INPUT DATA**
              246-BERKELIUM-97
+                                    HALFLIFE = 1.8 DAYS    
+                                                                  02-11-2005

            MODE OF DECAY: ELECTRON CAPTURE
 
                                MEAN
                                NUMBER/    TRANSITION
                TYPE OF    ID   TRANSFOR-  ENERGY
              TRANSITION   NO.  MATION     (MEV)       OTHER NUCLEAR PARAMETERS

           ELECT. CAPTURE   1   5.37E-03   1.850E-01   FIRST FORBIDDEN                          
           ELECT. CAPTURE   2   6.36E-03   2.220E-01   ALLOWED                                  
           ELECT. CAPTURE   3   1.04E-01   2.260E-01   FIRST FORBIDDEN                          
           ELECT. CAPTURE   4   2.88E-02   2.450E-01   ALLOWED                                  
           ELECT. CAPTURE   5   5.37E-02   2.710E-01   ALLOWED                                  
           ELECT. CAPTURE   6   2.07E-01   4.740E-01   ALLOWED                                  
           ELECT. CAPTURE   7   4.87E-01   5.080E-01   ALLOWED                                  
           ELECT. CAPTURE   8   7.95E-03   1.208E+00   UNIQUE FIRST FORBIDDEN                   
           ELECT. CAPTURE   9   8.95E-02   1.307E+00   FIRST FORBIDDEN                          
           ELECT. CAPTURE  10   9.94E-03   1.350E+00   UNIQUE FIRST FORBIDDEN                   
           I.C.E. + GAMMA   1   1.27E-01   3.480E-02   M1 MULTIPOLE                             
+                                                                    AK= 0.0                    
                                                       AL1=1.07E+03  AL2=118.                   
                                                       AL3=5.32      AM= 296.                   
                                                       AN+=112.                                 
           I.C.E. + GAMMA   2   9.10E-01   4.280E-02   E2 MULTIPOLE                             
+                                                                    AK= 0.0                    
                                                       AL1=16.0      AL2=420.                   
                                                       AL3=358.      AM= 221.                   
                                                       AN+=82.6                                 
           I.C.E. + GAMMA   3   4.50E-02   9.920E-02   E2 MULTIPOLE                             
+                                                                    AK= 0.0                    
                                                       AL1=0.465     AL2=8.42                   
                                                       AL3=5.37      AM= 4.01                   
                                                       AN+=1.50                                 
           I.C.E. + GAMMA   4   3.12E-02   7.343E-01   E1 MULTIPOLE                             
+                                                                    AK= 0.00618                
           I.C.E. + GAMMA   5   6.14E-01   7.987E-01   E1 MULTIPOLE                             
+                                                                    AK= 0.00533                
           I.C.E. + GAMMA   6   5.03E-02   8.335E-01   E1 MULTIPOLE                             
+                                                                    AK= 0.00495                
           I.C.E. + GAMMA   7   2.23E-03   9.822E-01   E2 MULTIPOLE                             
+                                                                    AK= 0.0106                 
                                                       AL1=0.00186                              
           I.C.E. + GAMMA   8   2.61E-03   9.860E-01   E1 MULTIPOLE                             
+                                                                    AK= 0.00371                
           I.C.E. + GAMMA   9   1.52E-03   1.023E+00   E2 MULTIPOLE                             
+                                                                    AK= 0.00990                
                                                       AL1=0.00172                              
           I.C.E. + GAMMA  10   1.76E-02   1.036E+00   E1 MULTIPOLE                             
+                                                                    AK= 0.00341                
           I.C.E. + GAMMA  11   2.91E-02   1.062E+00   E1 MULTIPOLE                             
+                                                                    AK= 0.00327                
           I.C.E. + GAMMA  12   3.71E-02   1.079E+00   E1 MULTIPOLE                             
+                                                                    AK= 0.00318                
           I.C.E. + GAMMA  13   5.87E-02   1.081E+00   E2 MULTIPOLE                             
+                                                                    AK= 0.00902                
                                                       AL1=0.00156                              
           I.C.E. + GAMMA  14   3.81E-03   1.085E+00   E1 MULTIPOLE                             
+                                                                    AK= 0.00315                
           I.C.E. + GAMMA  15   3.84E-03   1.123E+00   E2 MULTIPOLE                             
+                                                                    AK= 0.00846                
                                                       AL1=0.00145                              
           I.C.E. + GAMMA  16   4.45E-02   1.124E+00   E2 MULTIPOLE                             
+                                                                    AK= 0.00844                
                                                       AL1=0.00145                              
 
           - - - - - - - - - -
           Reference: Evaluated Nuclear Structure Data File (ENSDF)
                DATE DATA WERE ENTERED INTO ENSDF: Sep-1998
%%%% 246 BK  97    EC           1.55520E+05  1.80 D    02-11-2005       INPUEND 
%%%% 246 BK  97    EC           1.55520E+05  1.80 D    02-11-2005       OUTPSTAR
1                                      **OUTPUT DATA**
              246-BERKELIUM-97
+                                    HALFLIFE = 1.8 DAYS    
+                                                                  02-11-2005

            MODE OF DECAY: ELECTRON CAPTURE
 
                                              MEAN
                                              NUMBER/                  MEV/
                                         ID   TRANSFOR-   ENERGY       TRANSFOR-
                  TYPE OF RADIATION      NO.  MATION      (MEV)        MATION

           L1 CONV. ELECTRON, GAMMA-RAY   1   8.48E-02    1.025E-02    8.69E-04
           L2 CONV. ELECTRON, GAMMA-RAY   1   9.33E-03    1.102E-02    1.03E-04
           M CONV. ELECTRON, GAMMA-RAY    1   2.35E-02    2.997E-02*   7.03E-04
           N+ CONV. ELECTRON, GAMMA-RAY   1   8.90E-03    3.480E-02*   3.10E-04
           L1 CONV. ELECTRON, GAMMA-RAY   2   1.32E-02    1.825E-02    2.41E-04
           L2 CONV. ELECTRON, GAMMA-RAY   2   3.48E-01    1.902E-02    6.62E-03
           L3 CONV. ELECTRON, GAMMA-RAY   2   2.96E-01    2.381E-02    7.06E-03
           M CONV. ELECTRON, GAMMA-RAY    2   1.83E-01    3.797E-02*   6.96E-03
           N+ CONV. ELECTRON, GAMMA-RAY   2   6.83E-02    4.280E-02*   2.92E-03
           L1 CONV. ELECTRON, GAMMA-RAY   3   1.01E-03    7.465E-02    7.52E-05
           L2 CONV. ELECTRON, GAMMA-RAY   3   1.82E-02    7.542E-02    1.38E-03
           L3 CONV. ELECTRON, GAMMA-RAY   3   1.16E-02    8.021E-02    9.33E-04
           M CONV. ELECTRON, GAMMA-RAY    3   8.68E-03    9.437E-02*   8.19E-04
           N+ CONV. ELECTRON, GAMMA-RAY   3   3.26E-03    9.920E-02*   3.24E-04
           GAMMA-RAY                      4   3.10E-02    7.343E-01    2.28E-02
           K CONV. ELECTRON, GAMMA-RAY    4   1.92E-04    6.054E-01    1.16E-04
           GAMMA-RAY                      5   6.10E-01    7.987E-01    4.87E-01
           K CONV. ELECTRON, GAMMA-RAY    5   3.25E-03    6.698E-01    2.18E-03
           L1 CONV. ELECTRON, GAMMA-RAY   5   4.76E-04    7.741E-01    3.68E-04
           L2 CONV. ELECTRON, GAMMA-RAY   5   7.45E-05    7.749E-01    5.77E-05
           M CONV. ELECTRON, GAMMA-RAY    5   1.39E-04    7.939E-01*   1.10E-04
           GAMMA-RAY                      6   5.00E-02    8.335E-01    4.17E-02
           K CONV. ELECTRON, GAMMA-RAY    6   2.47E-04    7.046E-01    1.74E-04
           GAMMA-RAY                      7   2.20E-03    9.822E-01    2.16E-03
           GAMMA-RAY                      8   2.60E-03    9.860E-01    2.56E-03
           GAMMA-RAY                      9   1.50E-03    1.023E+00    1.54E-03
           GAMMA-RAY                     10   1.75E-02    1.036E+00    1.81E-02
           GAMMA-RAY                     11   2.90E-02    1.062E+00    3.08E-02
           K CONV. ELECTRON, GAMMA-RAY   11   9.48E-05    9.331E-01    8.85E-05
           GAMMA-RAY                     12   3.70E-02    1.079E+00    3.99E-02
           K CONV. ELECTRON, GAMMA-RAY   12   1.18E-04    9.499E-01    1.12E-04
           GAMMA-RAY                     13   5.80E-02    1.081E+00    6.27E-02
           K CONV. ELECTRON, GAMMA-RAY   13   5.23E-04    9.525E-01    4.98E-04
           L1 CONV. ELECTRON, GAMMA-RAY  13   9.03E-05    1.057E+00    9.55E-05
           GAMMA-RAY                     14   3.80E-03    1.085E+00    4.12E-03
           GAMMA-RAY                     15   3.80E-03    1.123E+00    4.27E-03
           GAMMA-RAY                     16   4.40E-02    1.124E+00    4.95E-02
           K CONV. ELECTRON, GAMMA-RAY   16   3.71E-04    9.954E-01    3.70E-04
           L1 CONV. ELECTRON, GAMMA-RAY  16   6.38E-05    1.100E+00    7.02E-05
           K -L2 X-RAY                        1.89E-01    1.051E-01    1.98E-02
           K -L3 X-RAY                        2.95E-01    1.099E-01    3.24E-02
           K -M2 X-RAY                        3.44E-02    1.229E-01    4.23E-03
           K -M3 X-RAY                        6.77E-02    1.240E-01    8.40E-03
           K -N2 X-RAY                        8.72E-03    1.274E-01    1.11E-03
           K -N3 X-RAY                        1.79E-02    1.277E-01    2.29E-03
           L2-M4 X-RAY                        2.40E-01    1.954E-02    4.70E-03
           L2-N4 X-RAY                        5.65E-02    2.286E-02    1.29E-03
           L3-M5 X-RAY                        3.14E-01    1.498E-02    4.70E-03
           L3-N5 X-RAY                        6.77E-02    1.813E-02    1.23E-03
           Free-Bound X-RAY                   2.18E+01    7.760E-05*   1.69E-03
           AUGER KLL                          1.19E-02    8.290E-02*   9.87E-04
           AUGER KLX                          6.91E-03    1.013E-01*   7.00E-04
           AUGER KXY                          9.79E-04    1.196E-01*   1.17E-04
           CK LLX                             3.57E-01    2.003E-03*   7.15E-04
           AUGER LMM                          4.44E-01    1.119E-02*   4.97E-03
           AUGER LMX                          2.35E-01    1.496E-02*   3.51E-03
           AUGER LXY                          2.91E-02    1.878E-02*   5.47E-04
           CK MMX                             9.71E-01    6.077E-04*   5.90E-04
           AUGER MNN                          1.84E+00    2.670E-03*   4.92E-03
           AUGER MNX                          4.08E-01    3.264E-03*   1.33E-03
           AUGER MXY                          2.57E-02    3.972E-03*   1.02E-04
           CK NNX                             3.27E+00    1.917E-04*   6.26E-04
           AUGER NXY                          5.73E+00    2.795E-04*   1.60E-03
           CK OOX                             6.19E+00    9.705E-05*   6.01E-04
 
           ALL LISTED X-RAYS, GAMMA-RAYS AND ANNIHILATION RADIATION    8.49E-01
           ALL NEGLECTED X-RAYS, GAMMA-RAYS AND ANNIH. RADIATION**     5.41E-03
           ALL LISTED BETAS, INTERNAL CONVERSION AND AUGER ELECTRONS   5.49E-02
           ALL NEGLECTED BETAS, INT. CONVERSION AND AUGER ELECTRONS**  5.62E-04
           ALL LISTED RADIATIONS                                       9.04E-01
           ALL NEGLECTED RADIATIONS**                                  5.97E-03
 
           *  AVERAGE ENERGY (MEV)
           ** EACH NEGLECTED TRANSITION CONTRIBUTES LESS THAN  0.100%
              TO THE TOTAL MEV/TRANSFORMATION FOR THIS CATEGORY.
           TOTAL FEEDING OF GROUND STATE LEVEL IN 246-CURIUM
             DAUGHTER IS 1.0000E+00 PER TRANSFORMATION OF 246-BERKELIUM.
             DECAY OF THIS 4760 YEARS HALFLIFE LEVEL WILL CONTRIBUTE TO DOSE.
           - - - - - - - - - -
           INPUT DATA SOURCE: EVALUATED NUCLEAR STRUCTURE DATA FILE (ENSDF)
             DATE INPUT DATA WERE ENTERED INTO ENSDF: Sep-1998
%%%% 246 BK  97    EC           1.55520E+05  1.80 D    02-11-2005       OUTPEND 
%%%% 246 BK  97    EC           1.55520E+05  1.80 D    02-11-2005       SEEISTAR
246.  BERKELIUM    97.  1.800E+00 DAYS     198 EC                   246.BK 97.   0
 1 1  7.93254E-03  3.48000E-02  3.48000E-02  0.00000E+00            246.BK 97.   1   1
 6 5  8.48079E+00  1.02460E-02  1.02460E-02  1.00000E+00            246.BK 97.   2   5
 6 6  9.32679E-01  1.10240E-02  1.10240E-02  1.00000E+00            246.BK 97.   3   6
 6 7  4.21743E-02  1.58060E-02  1.58060E-02  1.00000E+00            246.BK 97.   4   7
 6 3  2.34632E+00  2.99710E-02  2.99710E-02  1.00000E+00            246.BK 97.   5   3
 6 4  8.90109E-01  3.48000E-02  3.48000E-02  1.00000E+00            246.BK 97.   6   4
 1 2  8.27630E-02  4.28000E-02  4.28000E-02  0.00000E+00            246.BK 97.   7   2
 6 5  1.32256E+00  1.82460E-02  1.82460E-02  2.00000E+00            246.BK 97.   8   5
 6 6  3.47972E+01  1.90240E-02  1.90240E-02  2.00000E+00            246.BK 97.   9   6
 6 7  2.96479E+01  2.38060E-02  2.38060E-02  2.00000E+00            246.BK 97.  10   7
 6 3  1.83172E+01  3.79710E-02  3.79710E-02  2.00000E+00            246.BK 97.  11   3
 6 4  6.83234E+00  4.28000E-02  4.28000E-02  2.00000E+00            246.BK 97.  12   4
 1 3  2.16711E-01  9.92000E-02  9.92000E-02  0.00000E+00            246.BK 97.  13   3
 6 5  1.00708E-01  7.46460E-02  7.46460E-02  3.00000E+00            246.BK 97.  14   5
 6 6  1.82452E+00  7.54240E-02  7.54240E-02  3.00000E+00            246.BK 97.  15   6
 6 7  1.16379E+00  8.02060E-02  8.02060E-02  3.00000E+00            246.BK 97.  16   7
 6 3  8.68131E-01  9.43710E-02  9.43710E-02  3.00000E+00            246.BK 97.  17   3
 6 4  3.26141E-01  9.92000E-02  9.92000E-02  3.00000E+00            246.BK 97.  18   4
 1 4  3.10000E+00  7.34300E-01  7.34300E-01  0.00000E+00            246.BK 97.  19   4
 6 1  1.91617E-02  6.05440E-01  6.05440E-01  4.00000E+00            246.BK 97.  20   1
 6 5  2.79395E-03  7.09746E-01  7.09746E-01  4.00000E+00            246.BK 97.  21   5
 6 6  4.64640E-04  7.10524E-01  7.10524E-01  4.00000E+00            246.BK 97.  22   6
 6 7  2.06163E-04  7.15306E-01  7.15306E-01  4.00000E+00            246.BK 97.  23   7
 6 3  8.24017E-04  7.29471E-01  7.29471E-01  4.00000E+00            246.BK 97.  24   3
 6 4  3.10571E-04  7.34300E-01  7.34300E-01  4.00000E+00            246.BK 97.  25   4
 1 5  6.10000E+01  7.98700E-01  7.98700E-01  0.00000E+00            246.BK 97.  26   5
 6 1  3.25060E-01  6.69840E-01  6.69840E-01  5.00000E+00            246.BK 97.  27   1
 6 5  4.75799E-02  7.74146E-01  7.74146E-01  5.00000E+00            246.BK 97.  28   5
 6 6  7.45104E-03  7.74924E-01  7.74924E-01  5.00000E+00            246.BK 97.  29   6
 6 7  3.23569E-03  7.79706E-01  7.79706E-01  5.00000E+00            246.BK 97.  30   7
 6 3  1.38590E-02  7.93871E-01  7.93871E-01  5.00000E+00            246.BK 97.  31   3
 6 4  5.22186E-03  7.98700E-01  7.98700E-01  5.00000E+00            246.BK 97.  32   4
 1 6  5.00000E+00  8.33500E-01  8.33500E-01  0.00000E+00            246.BK 97.  33   6
 6 1  2.47385E-02  7.04640E-01  7.04640E-01  6.00000E+00            246.BK 97.  34   1
 6 5  3.62649E-03  8.08946E-01  8.08946E-01  6.00000E+00            246.BK 97.  35   5
 6 6  5.50905E-04  8.09724E-01  8.09724E-01  6.00000E+00            246.BK 97.  36   6
 6 7  2.36785E-04  8.14506E-01  8.14506E-01  6.00000E+00            246.BK 97.  37   7
 6 3  1.05008E-03  8.28671E-01  8.28671E-01  6.00000E+00            246.BK 97.  38   3
 6 4  3.95582E-04  8.33500E-01  8.33500E-01  6.00000E+00            246.BK 97.  39   4
 1 7  2.20000E-01  9.82200E-01  9.82200E-01  0.00000E+00            246.BK 97.  40   7
 6 1  2.33650E-03  8.53340E-01  8.53340E-01  7.00000E+00            246.BK 97.  41   1
 6 5  4.09419E-04  9.57646E-01  9.57646E-01  7.00000E+00            246.BK 97.  42   5
 6 6  1.99653E-04  9.58424E-01  9.58424E-01  7.00000E+00            246.BK 97.  43   6
 6 7  3.25440E-05  9.63206E-01  9.63206E-01  7.00000E+00            246.BK 97.  44   7
 6 3  1.61243E-04  9.77371E-01  9.77371E-01  7.00000E+00            246.BK 97.  45   3
 6 4  6.11262E-05  9.82200E-01  9.82200E-01  7.00000E+00            246.BK 97.  46   4
 1 8  2.60000E-01  9.86000E-01  9.86000E-01  0.00000E+00            246.BK 97.  47   8
 6 1  9.64018E-04  8.57140E-01  8.57140E-01  8.00000E+00            246.BK 97.  48   1
 6 5  1.42137E-04  9.61446E-01  9.61446E-01  8.00000E+00            246.BK 97.  49   5
 6 6  1.91678E-05  9.62224E-01  9.62224E-01  8.00000E+00            246.BK 97.  50   6
 6 7  7.95088E-06  9.67006E-01  9.67006E-01  8.00000E+00            246.BK 97.  51   7
 6 3  4.02906E-05  9.81171E-01  9.81171E-01  8.00000E+00            246.BK 97.  52   3
 6 4  1.51683E-05  9.86000E-01  9.86000E-01  8.00000E+00            246.BK 97.  53   4
 1 9  1.50000E-01  1.02340E+00  1.02340E+00  0.00000E+00            246.BK 97.  54   9
 6 1  1.48522E-03  8.94540E-01  8.94540E-01  9.00000E+00            246.BK 97.  55   1
 6 5  2.58677E-04  9.98846E-01  9.98846E-01  9.00000E+00            246.BK 97.  56   5
 6 6  1.18807E-04  9.99624E-01  9.99624E-01  9.00000E+00            246.BK 97.  57   6
 6 7  1.89371E-05  1.00441E+00  1.00441E+00  9.00000E+00            246.BK 97.  58   7
 6 3  9.93522E-05  1.01857E+00  1.01857E+00  9.00000E+00            246.BK 97.  59   3
 6 4  3.76532E-05  1.02340E+00  1.02340E+00  9.00000E+00            246.BK 97.  60   4
 110  1.75000E+00  1.03600E+00  1.03600E+00  0.00000E+00            246.BK 97.  61  10
 6 1  5.96649E-03  9.07140E-01  9.07140E-01  1.00000E+01            246.BK 97.  62   1
 6 5  8.81227E-04  1.01145E+00  1.01145E+00  1.00000E+01            246.BK 97.  63   5
 6 6  1.14768E-04  1.01222E+00  1.01222E+00  1.00000E+01            246.BK 97.  64   6
 6 7  4.71965E-05  1.01701E+00  1.01701E+00  1.00000E+01            246.BK 97.  65   7
 6 3  2.48355E-04  1.03117E+00  1.03117E+00  1.00000E+01            246.BK 97.  66   3
 6 4  9.34903E-05  1.03600E+00  1.03600E+00  1.00000E+01            246.BK 97.  67   4
 111  2.90000E+00  1.06200E+00  1.06200E+00  0.00000E+00            246.BK 97.  68  11
 6 1  9.48184E-03  9.33140E-01  9.33140E-01  1.10000E+01            246.BK 97.  69   1
 6 5  1.40166E-03  1.03745E+00  1.03745E+00  1.10000E+01            246.BK 97.  70   5
 6 6  1.79396E-04  1.03822E+00  1.03822E+00  1.10000E+01            246.BK 97.  71   6
 6 7  7.34804E-05  1.04301E+00  1.04301E+00  1.10000E+01            246.BK 97.  72   7
 6 3  3.93907E-04  1.05717E+00  1.05717E+00  1.10000E+01            246.BK 97.  73   3
 6 4  1.48279E-04  1.06200E+00  1.06200E+00  1.10000E+01            246.BK 97.  74   4
 112  3.70000E+00  1.07880E+00  1.07880E+00  0.00000E+00            246.BK 97.  75  12
 6 1  1.17787E-02  9.49940E-01  9.49940E-01  1.20000E+01            246.BK 97.  76   1
 6 5  1.74260E-03  1.05425E+00  1.05425E+00  1.20000E+01            246.BK 97.  77   5
 6 6  2.20589E-04  1.05502E+00  1.05502E+00  1.20000E+01            246.BK 97.  78   6
 6 7  9.01372E-05  1.05981E+00  1.05981E+00  1.20000E+01            246.BK 97.  79   7
 6 3  4.88849E-04  1.07397E+00  1.07397E+00  1.20000E+01            246.BK 97.  80   3
 6 4  1.84019E-04  1.07880E+00  1.07880E+00  1.20000E+01            246.BK 97.  81   4
 113  5.80000E+00  1.08140E+00  1.08140E+00  0.00000E+00            246.BK 97.  82  13
 6 1  5.22906E-02  9.52540E-01  9.52540E-01  1.30000E+01            246.BK 97.  83   1
 6 5  9.03448E-03  1.05685E+00  1.05685E+00  1.30000E+01            246.BK 97.  84   5
 6 6  3.83324E-03  1.05762E+00  1.05762E+00  1.30000E+01            246.BK 97.  85   6
 6 7  5.93493E-04  1.06241E+00  1.06241E+00  1.30000E+01            246.BK 97.  86   7
 6 3  3.36188E-03  1.07657E+00  1.07657E+00  1.30000E+01            246.BK 97.  87   3
 6 4  1.27356E-03  1.08140E+00  1.08140E+00  1.30000E+01            246.BK 97.  88   4
 114  3.80000E-01  1.08520E+00  1.08520E+00  0.00000E+00            246.BK 97.  89  14
 6 1  1.19769E-03  9.56340E-01  9.56340E-01  1.40000E+01            246.BK 97.  90   1
 6 5  1.77233E-04  1.06065E+00  1.06065E+00  1.40000E+01            246.BK 97.  91   5
 6 6  2.23424E-05  1.06142E+00  1.06142E+00  1.40000E+01            246.BK 97.  92   6
 6 7  9.12157E-06  1.06621E+00  1.06621E+00  1.40000E+01            246.BK 97.  93   7
 6 3  4.96857E-05  1.08037E+00  1.08037E+00  1.40000E+01            246.BK 97.  94   3
 6 4  1.87034E-05  1.08520E+00  1.08520E+00  1.40000E+01            246.BK 97.  95   4
 115  3.80000E-01  1.12264E+00  1.12264E+00  0.00000E+00            246.BK 97.  96  15
 6 1  3.21438E-03  9.93780E-01  9.93780E-01  1.50000E+01            246.BK 97.  97   1
 6 5  5.52550E-04  1.09809E+00  1.09809E+00  1.50000E+01            246.BK 97.  98   5
 6 6  2.22327E-04  1.09886E+00  1.09886E+00  1.50000E+01            246.BK 97.  99   6
 6 7  3.37722E-05  1.10365E+00  1.10365E+00  1.50000E+01            246.BK 97. 100   7
 6 3  2.01497E-04  1.11781E+00  1.11781E+00  1.50000E+01            246.BK 97. 101   3
 6 4  7.63068E-05  1.12264E+00  1.12264E+00  1.50000E+01            246.BK 97. 102   4
 116  4.40000E+00  1.12430E+00  1.12430E+00  0.00000E+00            246.BK 97. 103  16
 6 1  3.71256E-02  9.95440E-01  9.95440E-01  1.60000E+01            246.BK 97. 104   1
 6 5  6.38062E-03  1.09975E+00  1.09975E+00  1.60000E+01            246.BK 97. 105   5
 6 6  2.56200E-03  1.10052E+00  1.10052E+00  1.60000E+01            246.BK 97. 106   6
 6 7  3.88887E-04  1.10531E+00  1.10531E+00  1.60000E+01            246.BK 97. 107   7
 6 3  2.32499E-03  1.11947E+00  1.11947E+00  1.60000E+01            246.BK 97. 108   3
 6 4  8.80461E-04  1.12430E+00  1.12430E+00  1.60000E+01            246.BK 97. 109   4
 2 1  1.88612E+01  1.05084E-01  1.05084E-01  0.00000E+00            246.BK 97. 110   1
 2 2  2.95198E+01  1.09866E-01  1.09866E-01  0.00000E+00            246.BK 97. 111   2
 2 3  3.44087E+00  1.22914E-01  1.22914E-01  0.00000E+00            246.BK 97. 112   3
 2 4  6.77371E+00  1.24031E-01  1.24031E-01  0.00000E+00            246.BK 97. 113   4
 2 5  1.31848E-01  1.24623E-01  1.24623E-01  0.00000E+00            246.BK 97. 114   5
 2 6  1.46434E-01  1.24845E-01  1.24845E-01  0.00000E+00            246.BK 97. 115   6
 2 7  8.72421E-01  1.27367E-01  1.27367E-01  0.00000E+00            246.BK 97. 116   7
 2 8  1.79352E+00  1.27666E-01  1.27666E-01  0.00000E+00            246.BK 97. 117   8
 2 9  4.01038E-02  1.27940E-01  1.27940E-01  0.00000E+00            246.BK 97. 118   9
 210  4.47911E-02  1.27995E-01  1.27995E-01  0.00000E+00            246.BK 97. 119  10
 211  2.19322E-01  1.28545E-01  1.28545E-01  0.00000E+00            246.BK 97. 120  11
 212  4.45786E-01  1.28620E-01  1.28620E-01  0.00000E+00            246.BK 97. 121  12
 213  8.80599E-03  1.28724E-01  1.28724E-01  0.00000E+00            246.BK 97. 122  13
 214  9.74422E-03  1.28735E-01  1.28735E-01  0.00000E+00            246.BK 97. 123  14
 215  3.77083E-02  1.28820E-01  1.28820E-01  0.00000E+00            246.BK 97. 124  15
 216  6.87094E-02  1.28833E-01  1.28833E-01  0.00000E+00            246.BK 97. 125  16
 221  4.60908E-04  7.77997E-04  7.77997E-04  0.00000E+00            246.BK 97. 126  21
 222  4.49248E-01  5.56000E-03  5.56000E-03  0.00000E+00            246.BK 97. 127  22
 223  2.29569E+00  1.86084E-02  1.86084E-02  0.00000E+00            246.BK 97. 128  23
 224  1.77592E+00  1.97249E-02  1.97249E-02  0.00000E+00            246.BK 97. 129  24
 225  1.16281E-01  2.03168E-02  2.03168E-02  0.00000E+00            246.BK 97. 130  25
 226  1.72866E-01  2.05384E-02  2.05384E-02  0.00000E+00            246.BK 97. 131  26
 227  6.29480E-01  2.30608E-02  2.30608E-02  0.00000E+00            246.BK 97. 132  27
 228  5.71940E-01  2.33596E-02  2.33596E-02  0.00000E+00            246.BK 97. 133  28
 229  2.05940E-02  2.36344E-02  2.36344E-02  0.00000E+00            246.BK 97. 134  29
 230  3.31283E-02  2.36886E-02  2.36886E-02  0.00000E+00            246.BK 97. 135  30
 231  1.59943E-01  2.42392E-02  2.42392E-02  0.00000E+00            246.BK 97. 136  31
 232  1.47995E-01  2.43144E-02  2.43144E-02  0.00000E+00            246.BK 97. 137  32
 233  3.97002E-03  2.44176E-02  2.44176E-02  0.00000E+00            246.BK 97. 138  33
 234  6.45880E-03  2.44288E-02  2.44288E-02  0.00000E+00            246.BK 97. 139  34
 235  2.76196E-02  2.45143E-02  2.45143E-02  0.00000E+00            246.BK 97. 140  35
 236  2.29707E-02  2.45269E-02  2.45269E-02  0.00000E+00            246.BK 97. 141  36
 241  3.70387E-03  4.78199E-03  4.78199E-03  0.00000E+00            246.BK 97. 142  41
 242  6.89814E-01  1.74629E-02  1.74629E-02  0.00000E+00            246.BK 97. 143  42
 243  3.83689E-02  1.89470E-02  1.89470E-02  0.00000E+00            246.BK 97. 144  43
 244  2.40394E+01  1.95388E-02  1.95388E-02  0.00000E+00            246.BK 97. 145  44
 245  1.90376E-01  2.21119E-02  2.21119E-02  0.00000E+00            246.BK 97. 146  45
 246  1.19604E-02  2.25816E-02  2.25816E-02  0.00000E+00            246.BK 97. 147  46
 247  5.64645E+00  2.28564E-02  2.28564E-02  0.00000E+00            246.BK 97. 148  47
 248  3.94035E-02  2.32738E-02  2.32738E-02  0.00000E+00            246.BK 97. 149  48
 249  5.09386E-02  2.33917E-02  2.33917E-02  0.00000E+00            246.BK 97. 150  49
 250  3.07517E-03  2.35364E-02  2.35364E-02  0.00000E+00            246.BK 97. 151  50
 251  1.17197E+00  2.36395E-02  2.36395E-02  0.00000E+00            246.BK 97. 152  51
 252  2.70085E-03  2.37625E-02  2.37625E-02  0.00000E+00            246.BK 97. 153  52
 253  1.05623E-02  2.37153E-02  2.37153E-02  0.00000E+00            246.BK 97. 154  53
 254  4.69467E-04  2.37490E-02  2.37490E-02  0.00000E+00            246.BK 97. 155  54
 255  8.98017E-04  2.37698E-02  2.37698E-02  0.00000E+00            246.BK 97. 156  55
 261  2.31950E+00  1.26809E-02  1.26809E-02  0.00000E+00            246.BK 97. 157  61
 262  3.03184E-02  1.30484E-02  1.30484E-02  0.00000E+00            246.BK 97. 158  62
 263  2.77927E-02  1.41650E-02  1.41650E-02  0.00000E+00            246.BK 97. 159  63
 264  3.57394E+00  1.47568E-02  1.47568E-02  0.00000E+00            246.BK 97. 160  64
 265  3.13754E+01  1.49784E-02  1.49784E-02  0.00000E+00            246.BK 97. 161  65
 266  5.96419E-01  1.73299E-02  1.73299E-02  0.00000E+00            246.BK 97. 162  66
 267  6.62081E-03  1.75008E-02  1.75008E-02  0.00000E+00            246.BK 97. 163  67
 268  7.70539E-03  1.77996E-02  1.77996E-02  0.00000E+00            246.BK 97. 164  68
 269  7.35066E-01  1.80743E-02  1.80743E-02  0.00000E+00            246.BK 97. 165  69
 270  6.76768E+00  1.81285E-02  1.81285E-02  0.00000E+00            246.BK 97. 166  70
 271  1.10182E-02  1.84918E-02  1.84918E-02  0.00000E+00            246.BK 97. 167  71
 272  6.04126E-02  1.85065E-02  1.85065E-02  0.00000E+00            246.BK 97. 168  72
 273  1.57441E-01  1.86097E-02  1.86097E-02  0.00000E+00            246.BK 97. 169  73
 274  1.59643E-03  1.86792E-02  1.86792E-02  0.00000E+00            246.BK 97. 170  74
 275  1.92915E-03  1.87544E-02  1.87544E-02  0.00000E+00            246.BK 97. 171  75
 276  1.48288E-01  1.88576E-02  1.88576E-02  0.00000E+00            246.BK 97. 172  76
 277  1.36655E+00  1.88687E-02  1.88687E-02  0.00000E+00            246.BK 97. 173  77
 278  7.53382E-04  1.89805E-02  1.89805E-02  0.00000E+00            246.BK 97. 174  78
 279  4.01886E-03  1.89821E-02  1.89821E-02  0.00000E+00            246.BK 97. 175  79
 280  3.20820E-02  1.89333E-02  1.89333E-02  0.00000E+00            246.BK 97. 176  80
 281  2.75245E-04  1.89543E-02  1.89543E-02  0.00000E+00            246.BK 97. 177  81
 282  2.98215E-04  1.89670E-02  1.89670E-02  0.00000E+00            246.BK 97. 178  82
 283  2.82723E-03  1.89878E-02  1.89878E-02  0.00000E+00            246.BK 97. 179  83
 291  1.52585E+01  3.65383E-03  3.65383E-03  0.00000E+00            246.BK 97. 180  91
 292  3.95088E-01  5.79662E-04  5.79662E-04  0.00000E+00            246.BK 97. 181  92
 293  2.25204E-02  1.69198E-04  1.69198E-04  0.00000E+00            246.BK 97. 182  93
 294  2.18218E+03  7.76031E-05  7.76031E-05  0.00000E+00            246.BK 97. 183  94
 7 1  1.19044E+00  8.29002E-02  8.29002E-02  0.00000E+00            246.BK 97. 184   1
 7 2  6.91177E-01  1.01252E-01  1.01252E-01  0.00000E+00            246.BK 97. 185   2
 7 3  9.78646E-02  1.19627E-01  1.19627E-01  0.00000E+00            246.BK 97. 186   3
 7 4  3.56854E+01  2.00346E-03  2.00346E-03  0.00000E+00            246.BK 97. 187   4
 7 5  4.44227E+01  1.11942E-02  1.11942E-02  0.00000E+00            246.BK 97. 188   5
 7 6  2.34870E+01  1.49647E-02  1.49647E-02  0.00000E+00            246.BK 97. 189   6
 7 7  2.91480E+00  1.87804E-02  1.87804E-02  0.00000E+00            246.BK 97. 190   7
 7 8  9.70975E+01  6.07730E-04  6.07730E-04  0.00000E+00            246.BK 97. 191   8
 7 9  1.84312E+02  2.67027E-03  2.67027E-03  0.00000E+00            246.BK 97. 192   9
 710  4.07873E+01  3.26414E-03  3.26414E-03  0.00000E+00            246.BK 97. 193  10
 711  2.56591E+00  3.97232E-03  3.97232E-03  0.00000E+00            246.BK 97. 194  11
 712  3.26551E+02  1.91705E-04  1.91705E-04  0.00000E+00            246.BK 97. 195  12
 713  5.72947E+02  2.79470E-04  2.79470E-04  0.00000E+00            246.BK 97. 196  13
 714  6.19216E+02  9.70471E-05  9.70471E-05  0.00000E+00            246.BK 97. 197  14
 715  3.39839E+00  1.92960E-04  1.92960E-04  0.00000E+00            246.BK 97. 198  15
%%%% 246 BK  97    EC           1.55520E+05  1.80 D    02-11-2005       SEEIEND 
 


   ***************************************************** 
   *                 Radiation Summary                 * 
   ***************************************************** 
 
  Energy released by
    Gamma-ray                       (MeV) =   7.67582E-01
    X-ray                           (MeV) =   8.53526E-02
    Free-bound X-ray                (MeV) =   1.69344E-03
    Annihilation photon             (MeV) =   0.00000E+00
    Beta+ particle                  (MeV) =   0.00000E+00
    Neutrino                        (MeV) =   4.41464E-01
    Beta- particle                  (MeV) =   0.00000E+00
    Neutrino-                       (MeV) =   0.00000E+00
    Internal conv. electron         (MeV) =   3.41035E-02
    Auger and CK electron           (MeV) =   2.13334E-02
    Alpha particle                  (MeV) =   0.00000E+00
    Recoil nucleus                  (MeV) =   0.00000E+00
  E-total (except unplaced radiat.) (MeV) =   1.35153E+00
  E-unplaced radiation              (MeV) =   0.00000E+00
  Q-value from ENSDF data           (MeV) =   1.35000E+00
  Ratio of E-total/Q-value          ( % ) =   1.00113E+02
  Ratio of E-unplaced radi./Q-value ( % ) =   0.00000E+00

 
  Total yield of
    Gamma-ray                             =   8.93474E-01
    X-ray                                 =   1.63653E+00
    Free-bound X-ray                      =   2.18218E+01
    Annihilation photon                   =   0.00000E+00
    Beta+ particle                        =   0.00000E+00
    Beta- particle                        =   0.00000E+00
    Internal conv. electron               =   1.08515E+00
    Auger and CK electron                 =   1.95536E+01
    Alpha particle                        =   0.00000E+00
  Yield of unplaced radiation             =   0.00000E+00


