%%%%  78 BR  35    EC B+ B-     3.87600E+02 6.46 M     18-07-2007       BALASTAR
1  78   BR  35 6.46 M          EC B+ B-   
1INTENSITY AND ENERGY BALANCE DATA

              78-BROMINE-35
+                                    HALFLIFE = 6.46 MINUTES 
+                                                                  18-07-2007


    LEVEL       INTENSITY   INTENSITY
    ENERGY      ENTERING    LEAVING     PERCENT
    (MEV)       LEVEL       LEVEL       ERROR

   0.0000E+00  1.0003E+02
   6.1371E-01  1.3579E+01  1.3619E+01  2.9703E-01                      
   1.3085E+00  1.0227E-01  1.0205E-01  2.2042E-01                      
   1.4984E+00  6.7978E-02  6.8032E-02  7.9880E-02                      
   1.7583E+00  1.7694E-02  1.7684E-02  5.9157E-02                      
   1.9961E+00  7.8074E-03  7.7523E-03  7.0891E-01                      
   2.3294E+00  1.6043E-03  1.6321E-03  1.7168E+00                      
   2.3344E+00  4.6115E-02  4.6242E-02  2.7441E-01                      
   2.5372E+00  6.2979E-02  6.4344E-02  2.1437E+00                      
   2.6474E+00  1.1696E-02  1.1697E-02  1.0072E-02                      
   2.8981E+00  4.8984E-03  5.2359E-03  6.6603E+00                      
   3.0057E+00  3.9987E-03  3.9847E-03  3.5093E-01                      
   3.0902E+00  1.7694E-02  1.7679E-02  8.3408E-02                      
   3.2551E+00  2.6991E-03  2.7199E-03  7.6693E-01                      
   3.3836E+00  6.0980E-04  6.1197E-04  3.5575E-01                      
   0.0000E+00  7.5124E-03
   4.5500E-01  1.0000E-02  7.5124E-03  2.8410E+01  ********************


 INTENSITY TO GROUND AND ISOMERIC STATE(S) OF DAUGHTER(S)=  1.000E+02
 TOTAL INTENSITY FROM PARENT=  1.000E+02
 PERCENT ERROR =  3.952E-02                      


 TOTAL INTENSITY FROM PARENT =  1.000E+02
 VALUE IS WITHIN   7.63E-06% OF 100                      


 TOTAL ENERGY AVAILABLE =  3.574E+00 MEV
 TOTAL ENERGY CONTENT OF ALL RADIATIONS =  3.574E+00 MEV
 PERCENT ERROR =  7.738E-03                      
%%%%  78 BR  35    EC B+ B-     3.87600E+02 6.46 M     18-07-2007       BALAEND 
%%%%  78 BR  35    EC B+ B-     3.87600E+02 6.46 M     18-07-2007       INPUSTAR
1                                      **INPUT DATA**
              78-BROMINE-35
+                                    HALFLIFE = 6.46 MINUTES 
+                                                                  18-07-2007

            MODES OF DECAY: ELECTRON CAPTURE, BETA PLUS, BETA MINUS
 
                                MEAN
                                NUMBER/    TRANSITION
                TYPE OF    ID   TRANSFOR-  ENERGY
              TRANSITION   NO.  MATION     (MEV)       OTHER NUCLEAR PARAMETERS

           ELECT. CAPTURE   1   6.10E-06   1.904E-01   ALLOWED                                  
+                                                              ASSUMED                          
           ELECT. CAPTURE   2   2.70E-05   3.189E-01   ALLOWED                                  
           ELECT. CAPTURE   3   1.77E-04   4.838E-01   ALLOWED                                  
           ELECT. CAPTURE   4   4.00E-05   5.683E-01   ALLOWED                                  
           ELECT. CAPTURE   5   4.90E-05   6.759E-01   ALLOWED                                  
           ELECT. CAPTURE   6   1.17E-04   9.266E-01   ALLOWED                                  
           ELECT. CAPTURE   7   6.30E-04   1.037E+00   ALLOWED                                  
           ELECT. CAPTURE   8   4.60E-04   1.240E+00   ALLOWED                                  
           ELECT. CAPTURE   9   1.60E-05   1.245E+00   ALLOWED                                  
           ELECT. CAPTURE  10   7.10E-05   1.578E+00   ALLOWED                                  
           ELECT. CAPTURE  11   1.31E-04   1.816E+00   ALLOWED                                  
           ELECT. CAPTURE  12   3.60E-04   2.076E+00   ALLOWED                                  
           ELECT. CAPTURE  13   3.00E-04   2.266E+00   ALLOWED                                  
           ELECT. CAPTURE  14   1.81E-02   2.960E+00   ALLOWED                                  
           ELECT. CAPTURE  15   5.49E-02   3.574E+00   ALLOWED                                  
                BETA PLUS   1   1.30E-06   2.176E-01*  ALLOWED                                  
                BETA PLUS   2   4.80E-08   2.226E-01*  ALLOWED                                  
                BETA PLUS   3   7.10E-06   5.559E-01*  ALLOWED                                  
                BETA PLUS   4   4.60E-05   7.937E-01*  ALLOWED                                  
                BETA PLUS   5   3.20E-04   1.054E+00*  ALLOWED                                  
                BETA PLUS   6   4.70E-04   1.244E+00*  ALLOWED                                  
                BETA PLUS   7   1.15E-01   1.938E+00*  ALLOWED                                  
                BETA PLUS   8   8.09E-01   2.552E+00*  ALLOWED                                  
           I.C.E. + GAMMA   1   1.36E-01   6.137E-01   E2 MULTIPOLE                             
+                                                                    AK= 0.00135                
           I.C.E. + GAMMA   2   5.85E-04   6.948E-01   M1 MULTIPOLE                             
           I.C.E. + GAMMA   3   6.80E-04   8.847E-01   E2 MULTIPOLE                             
           I.C.E. + GAMMA   4   1.77E-04   1.145E+00   E2 MULTIPOLE                             
           I.C.E. + GAMMA   5   1.36E-04   1.229E+00   M1 MULTIPOLE                             
           I.C.E. + GAMMA   6   4.35E-04   1.308E+00   E2 MULTIPOLE                             
           I.C.E. + GAMMA   7   1.17E-04   1.339E+00   M1 MULTIPOLE                             
           I.C.E. + GAMMA   8   2.72E-05   1.382E+00   M1 MULTIPOLE                             
           I.C.E. + GAMMA   9   1.63E-05   1.714E+00   M1 MULTIPOLE                             
           I.C.E. + GAMMA  10   4.62E-04   1.721E+00   E2 MULTIPOLE                             
           I.C.E. + GAMMA  11   4.90E-04   1.923E+00   M1 MULTIPOLE                             
           I.C.E. + GAMMA  12   5.03E-05   1.996E+00   E2 MULTIPOLE                             
           I.C.E. + GAMMA  13   4.90E-05   2.284E+00   M1 MULTIPOLE                             
           I.C.E. + GAMMA  14   3.54E-05   2.392E+00   M1 MULTIPOLE                             
           I.C.E. + GAMMA  15   1.77E-04   2.477E+00   E2 MULTIPOLE                             
           I.C.E. + GAMMA  16   1.78E-05   2.537E+00   E2 MULTIPOLE                             
           I.C.E. + GAMMA  17   2.72E-05   2.641E+00   E2 MULTIPOLE                             
           I.C.E. + GAMMA  18   6.12E-06   2.770E+00   M1 MULTIPOLE ASSUMED                     
           I.C.E. + GAMMA  19   3.40E-06   2.900E+00   E2 MULTIPOLE                             
           I.C.E. + GAMMA  20   4.49E-06   3.006E+00   M1 MULTIPOLE                             
               BETA MINUS   1   1.00E-04   2.720E-01*  ALLOWED                                  
           I.C.E. + GAMMA   1   7.51E-05   4.540E-01   E2 MULTIPOLE                             
+                                                                    AK= 0.00382                
 
           * ENDPOINT ENERGY (MEV)
           - - - - - - - - - -
           Reference: Evaluated Nuclear Structure Data File (ENSDF)
                DATE DATA WERE ENTERED INTO ENSDF: Aug-1991
%%%%  78 BR  35    EC B+ B-     3.87600E+02 6.46 M     18-07-2007       INPUEND 
%%%%  78 BR  35    EC B+ B-     3.87600E+02 6.46 M     18-07-2007       OUTPSTAR
1                                      **OUTPUT DATA**
              78-BROMINE-35
+                                    HALFLIFE = 6.46 MINUTES 
+                                                                  18-07-2007

            MODES OF DECAY: ELECTRON CAPTURE, BETA PLUS, BETA MINUS
 
                                              MEAN
                                              NUMBER/                  MEV/
                                         ID   TRANSFOR-   ENERGY       TRANSFOR-
                  TYPE OF RADIATION      NO.  MATION      (MEV)        MATION

           BETA PLUS                      5   3.20E-04    4.578E-01*   1.46E-04
           BETA PLUS                      6   4.70E-04    5.420E-01*   2.55E-04
           BETA PLUS                      7   1.15E-01    8.572E-01*   9.85E-02
           BETA PLUS                      8   8.09E-01    1.142E+00*   9.24E-01
           ANNIHILATION RADIATION             1.85E+00    5.110E-01    9.45E-01
           GAMMA-RAY                      1   1.36E-01    6.137E-01    8.35E-02
           K CONV. ELECTRON, GAMMA-RAY    1   1.83E-04    6.011E-01    1.10E-04
           GAMMA-RAY                      2   5.85E-04    6.948E-01    4.06E-04
           GAMMA-RAY                      3   6.80E-04    8.847E-01    6.02E-04
           GAMMA-RAY                      4   1.77E-04    1.145E+00    2.02E-04
           GAMMA-RAY                      5   1.36E-04    1.229E+00    1.67E-04
           GAMMA-RAY                      6   4.35E-04    1.308E+00    5.69E-04
           GAMMA-RAY                      7   1.17E-04    1.339E+00    1.57E-04
           GAMMA-RAY                     10   4.62E-04    1.721E+00    7.96E-04
           GAMMA-RAY                     11   4.90E-04    1.923E+00    9.42E-04
           GAMMA-RAY                     13   4.90E-05    2.284E+00    1.12E-04
           GAMMA-RAY                     15   1.77E-04    2.477E+00    4.38E-04
           K -L2 X-RAY                        1.16E-02    1.114E-02    1.29E-04
           K -L3 X-RAY                        2.24E-02    1.118E-02    2.51E-04
           AUGER KLL                          2.09E-02    9.627E-03*   2.01E-04
           AUGER LMM                          8.40E-02    1.237E-03*   1.04E-04
 
           ALL LISTED X-RAYS, GAMMA-RAYS AND ANNIHILATION RADIATION    1.03E+00
           ALL NEGLECTED X-RAYS, GAMMA-RAYS AND ANNIH. RADIATION**     5.14E-04
           ALL LISTED BETAS, INTERNAL CONVERSION AND AUGER ELECTRONS   1.02E+00
           ALL NEGLECTED BETAS, INT. CONVERSION AND AUGER ELECTRONS**  1.35E-04
           ALL LISTED RADIATIONS                                       2.06E+00
           ALL NEGLECTED RADIATIONS**                                  6.49E-04
 
           *  AVERAGE ENERGY (MEV)
           ** EACH NEGLECTED TRANSITION CONTRIBUTES LESS THAN  0.010%
              TO THE TOTAL MEV/TRANSFORMATION FOR THIS CATEGORY.
           TOTAL FEEDING OF GROUND STATE LEVEL IN 78-SELENIUM
             DAUGHTER IS 9.9990E-01 PER TRANSFORMATION OF  78-BROMINE.
             THIS DAUGHTER GROUND STATE IS STABLE.
           TOTAL FEEDING OF GROUND STATE LEVEL IN 78-KRYPTON
             DAUGHTER IS 1.0000E-04 PER TRANSFORMATION OF  78-BROMINE.
             THIS DAUGHTER GROUND STATE IS STABLE.
           - - - - - - - - - -
           INPUT DATA SOURCE: EVALUATED NUCLEAR STRUCTURE DATA FILE (ENSDF)
             DATE INPUT DATA WERE ENTERED INTO ENSDF: Aug-1991
%%%%  78 BR  35    EC B+ B-     3.87600E+02 6.46 M     18-07-2007       OUTPEND 
%%%%  78 BR  35    EC B+ B-     3.87600E+02 6.46 M     18-07-2007       BETASTAR
1
              78-BROMINE-35
+                                    HALFLIFE = 6.46 MINUTES 
+                                                                  18-07-2007

            BETA SPECTRUM DATA FOR ALL DECAY BRANCHES

                      BETAS PER                BETAS PER                BETAS PER
            ENERGY    MEV            ENERGY    MEV            ENERGY    MEV
            (MEV)     PER DECAY      (MEV)     PER DECAY      (MEV)     PER DECAY

            0.00000   8.531E-04      0.00300   8.543E-04      0.10000   8.606E-02
            0.00010   8.527E-04      0.00320   8.592E-04      0.11000   9.702E-02
            0.00011   8.526E-04      0.00360   8.727E-04      0.12000   1.080E-01
            0.00012   8.526E-04      0.00400   8.916E-04      0.13000   1.188E-01
            0.00013   8.525E-04      0.00450   9.235E-04      0.14000   1.297E-01
            0.00014   8.525E-04      0.00500   9.649E-04      0.15000   1.404E-01
            0.00015   8.524E-04      0.00550   1.017E-03      0.16000   1.511E-01
            0.00016   8.524E-04      0.00600   1.078E-03      0.18000   1.722E-01
            0.00018   8.523E-04      0.00650   1.150E-03      0.20000   1.930E-01
            0.00020   8.522E-04      0.00700   1.232E-03      0.22000   2.134E-01
            0.00022   8.521E-04      0.00750   1.324E-03      0.24000   2.335E-01
            0.00024   8.520E-04      0.00800   1.427E-03      0.26000   2.532E-01
            0.00026   8.519E-04      0.00850   1.539E-03      0.28000   2.726E-01
            0.00028   8.519E-04      0.00900   1.661E-03      0.30000   2.915E-01
            0.00030   8.518E-04      0.01000   1.935E-03      0.32000   3.101E-01
            0.00032   8.517E-04      0.01100   2.248E-03      0.36000   3.459E-01
            0.00036   8.515E-04      0.01200   2.598E-03      0.40000   3.800E-01
            0.00040   8.513E-04      0.01300   2.985E-03      0.45000   4.201E-01
            0.00045   8.511E-04      0.01400   3.406E-03      0.50000   4.573E-01
            0.00050   8.508E-04      0.01500   3.862E-03      0.55000   4.914E-01
            0.00055   8.506E-04      0.01600   4.349E-03      0.60000   5.223E-01
            0.00060   8.504E-04      0.01800   5.416E-03      0.65000   5.499E-01
            0.00065   8.502E-04      0.02000   6.595E-03      0.70000   5.741E-01
            0.00070   8.499E-04      0.02200   7.876E-03      0.75000   5.949E-01
            0.00075   8.497E-04      0.02400   9.250E-03      0.80000   6.121E-01
            0.00080   8.495E-04      0.02600   1.071E-02      0.85000   6.257E-01
            0.00085   8.492E-04      0.02800   1.224E-02      0.90000   6.358E-01
            0.00090   8.490E-04      0.03000   1.384E-02      1.00000   6.453E-01
            0.00100   8.485E-04      0.03200   1.550E-02      1.10000   6.410E-01
            0.00110   8.481E-04      0.03600   1.899E-02      1.20000   6.233E-01
            0.00120   8.476E-04      0.04000   2.265E-02      1.30000   5.935E-01
            0.00130   8.472E-04      0.04500   2.744E-02      1.40000   5.527E-01
            0.00140   8.468E-04      0.05000   3.240E-02      1.50000   5.028E-01
            0.00150   8.463E-04      0.05500   3.750E-02      1.60000   4.459E-01
            0.00160   8.460E-04      0.06000   4.271E-02      1.80000   3.213E-01
            0.00180   8.454E-04      0.06500   4.800E-02      2.00000   2.019E-01
            0.00200   8.451E-04      0.07000   5.335E-02      2.20000   9.593E-02
            0.00220   8.454E-04      0.07500   5.874E-02      2.40000   2.066E-02
            0.00240   8.463E-04      0.08000   6.417E-02      2.55200   0.000E+00
            0.00260   8.480E-04      0.08500   6.963E-02
            0.00280   8.506E-04      0.09000   7.510E-02

            AVERAGE BETA ENERGY =   1.106E+00

            TOTAL BETAS PER DECAY FOR ALL BRANCHES =   9.246E-01
%%%%  78 BR  35    EC B+ B-     3.87600E+02 6.46 M     18-07-2007       BETAEND 
%%%%  78 BR  35    EC B+ B-     3.87600E+02 6.46 M     18-07-2007       SEEISTAR
 78.  BROMINE      35.  6.460E+00 MINUTES  239 EC B+ B-              78.BR 35.   0
 4 1  1.29957E-04  9.88636E-02  2.17570E-01  0.00000E+00             78.BR 35.   1   1
 4 2  4.79842E-06  1.00996E-01  2.22600E-01  0.00000E+00             78.BR 35.   2   2
 4 3  7.09767E-04  2.41971E-01  5.55920E-01  0.00000E+00             78.BR 35.   3   3
 4 4  4.59849E-03  3.44101E-01  7.93690E-01  0.00000E+00             78.BR 35.   4   4
 4 5  3.19895E-02  4.57774E-01  1.05359E+00  0.00000E+00             78.BR 35.   5   5
 4 6  4.69846E-02  5.42047E-01  1.24352E+00  0.00000E+00             78.BR 35.   6   6
 4 7  1.14962E+01  8.57197E-01  1.93829E+00  0.00000E+00             78.BR 35.   7   7
 4 8  8.08734E+01  1.14247E+00  2.55200E+00  0.00000E+00             78.BR 35.   8   8
 3 3  1.84908E+02  5.11000E-01  5.11000E-01  0.00000E+00             78.BR 35.   9   3
 1 1  1.35986E+01  6.13680E-01  6.13680E-01  0.00000E+00             78.BR 35.  10   1
 6 1  1.83068E-02  6.01061E-01  6.01061E-01  1.00000E+00             78.BR 35.  11   1
 6 5  1.84410E-03  6.12038E-01  6.12038E-01  1.00000E+00             78.BR 35.  12   5
 6 6  6.03791E-05  6.12199E-01  6.12199E-01  1.00000E+00             78.BR 35.  13   6
 6 7  5.90986E-05  6.12241E-01  6.12241E-01  1.00000E+00             78.BR 35.  14   7
 6 3  3.12605E-04  6.13516E-01  6.13516E-01  1.00000E+00             78.BR 35.  15   3
 6 4  3.32262E-05  6.13680E-01  6.13680E-01  1.00000E+00             78.BR 35.  16   4
 1 2  5.84742E-02  6.94800E-01  6.94800E-01  0.00000E+00             78.BR 35.  17   2
 6 1  4.36712E-05  6.82181E-01  6.82181E-01  2.00000E+00             78.BR 35.  18   1
 6 5  4.46173E-06  6.93159E-01  6.93159E-01  2.00000E+00             78.BR 35.  19   5
 6 6  6.70028E-08  6.93319E-01  6.93319E-01  2.00000E+00             78.BR 35.  20   6
 6 7  3.64954E-08  6.93361E-01  6.93361E-01  2.00000E+00             78.BR 35.  21   7
 6 3  7.30661E-07  6.94636E-01  6.94636E-01  2.00000E+00             78.BR 35.  22   3
 6 4  7.87204E-08  6.94800E-01  6.94800E-01  2.00000E+00             78.BR 35.  23   4
 1 3  6.79932E-02  8.84700E-01  8.84700E-01  0.00000E+00             78.BR 35.  24   3
 6 1  3.45085E-05  8.72081E-01  8.72081E-01  3.00000E+00             78.BR 35.  25   1
 6 5  3.48844E-06  8.83059E-01  8.83059E-01  3.00000E+00             78.BR 35.  26   5
 6 6  7.54292E-08  8.83219E-01  8.83219E-01  3.00000E+00             78.BR 35.  27   6
 6 7  7.41704E-08  8.83261E-01  8.83261E-01  3.00000E+00             78.BR 35.  28   7
 6 3  5.80509E-07  8.84536E-01  8.84536E-01  3.00000E+00             78.BR 35.  29   3
 6 4  6.20436E-08  8.84700E-01  8.84700E-01  3.00000E+00             78.BR 35.  30   4
 1 4  1.76782E-02  1.14460E+00  1.14460E+00  0.00000E+00             78.BR 35.  31   4
 6 1  4.89018E-06  1.13198E+00  1.13198E+00  4.00000E+00             78.BR 35.  32   1
 6 5  4.93387E-07  1.14296E+00  1.14296E+00  4.00000E+00             78.BR 35.  33   5
 6 6  7.88463E-09  1.14312E+00  1.14312E+00  4.00000E+00             78.BR 35.  34   6
 6 7  8.07233E-09  1.14316E+00  1.14316E+00  4.00000E+00             78.BR 35.  35   7
 6 3  8.16142E-08  1.14444E+00  1.14444E+00  4.00000E+00             78.BR 35.  36   3
 6 4  8.71821E-09  1.14460E+00  1.14460E+00  4.00000E+00             78.BR 35.  37   4
 1 5  1.35986E-02  1.22870E+00  1.22870E+00  0.00000E+00             78.BR 35.  38   5
 6 1  3.07752E-06  1.21608E+00  1.21608E+00  5.00000E+00             78.BR 35.  39   1
 6 5  3.13907E-07  1.22706E+00  1.22706E+00  5.00000E+00             78.BR 35.  40   5
 6 6  3.07226E-09  1.22722E+00  1.22722E+00  5.00000E+00             78.BR 35.  41   6
 6 7  2.22128E-09  1.22726E+00  1.22726E+00  5.00000E+00             78.BR 35.  42   7
 6 3  5.09376E-08  1.22854E+00  1.22854E+00  5.00000E+00             78.BR 35.  43   3
 6 4  5.46513E-09  1.22870E+00  1.22870E+00  5.00000E+00             78.BR 35.  44   4
 1 6  4.35156E-02  1.30840E+00  1.30840E+00  0.00000E+00             78.BR 35.  45   6
 6 1  9.00087E-06  1.29578E+00  1.29578E+00  6.00000E+00             78.BR 35.  46   1
 6 5  9.08247E-07  1.30676E+00  1.30676E+00  6.00000E+00             78.BR 35.  47   5
 6 6  1.23820E-08  1.30692E+00  1.30692E+00  6.00000E+00             78.BR 35.  48   6
 6 7  1.31017E-08  1.30696E+00  1.30696E+00  6.00000E+00             78.BR 35.  49   7
 6 3  1.49729E-07  1.30824E+00  1.30824E+00  6.00000E+00             78.BR 35.  50   3
 6 4  1.59811E-08  1.30840E+00  1.30840E+00  6.00000E+00             78.BR 35.  51   4
 1 7  1.16948E-02  1.33890E+00  1.33890E+00  0.00000E+00             78.BR 35.  52   7
 6 1  2.23231E-06  1.32628E+00  1.32628E+00  7.00000E+00             78.BR 35.  53   1
 6 5  2.27662E-07  1.33726E+00  1.33726E+00  7.00000E+00             78.BR 35.  54   5
 6 6  2.08074E-09  1.33742E+00  1.33742E+00  7.00000E+00             78.BR 35.  55   6
 6 7  1.58784E-09  1.33746E+00  1.33746E+00  7.00000E+00             78.BR 35.  56   7
 6 3  3.68697E-08  1.33874E+00  1.33874E+00  7.00000E+00             78.BR 35.  57   3
 6 4  3.95236E-09  1.33890E+00  1.33890E+00  7.00000E+00             78.BR 35.  58   4
 1 8  2.71973E-03  1.38180E+00  1.38180E+00  0.00000E+00             78.BR 35.  59   8
 6 1  4.87997E-07  1.36918E+00  1.36918E+00  8.00000E+00             78.BR 35.  60   1
 6 5  4.97655E-08  1.38016E+00  1.38016E+00  8.00000E+00             78.BR 35.  61   5
 6 6  4.43417E-10  1.38032E+00  1.38032E+00  8.00000E+00             78.BR 35.  62   6
 6 7  3.45392E-10  1.38036E+00  1.38036E+00  8.00000E+00             78.BR 35.  63   7
 6 3  8.05305E-09  1.38164E+00  1.38164E+00  8.00000E+00             78.BR 35.  64   3
 6 4  8.63012E-10  1.38180E+00  1.38180E+00  8.00000E+00             78.BR 35.  65   4
 1 9  1.63184E-03  1.71380E+00  1.71380E+00  0.00000E+00             78.BR 35.  66   9
 6 1  1.93764E-07  1.70118E+00  1.70118E+00  9.00000E+00             78.BR 35.  67   1
 6 5  1.97485E-08  1.71216E+00  1.71216E+00  9.00000E+00             78.BR 35.  68   5
 6 6  1.47273E-10  1.71232E+00  1.71232E+00  9.00000E+00             78.BR 35.  69   6
 6 7  1.33255E-10  1.71236E+00  1.71236E+00  9.00000E+00             78.BR 35.  70   7
 6 3  3.17421E-09  1.71364E+00  1.71364E+00  9.00000E+00             78.BR 35.  71   3
 6 4  3.39651E-10  1.71380E+00  1.71380E+00  9.00000E+00             78.BR 35.  72   4
 110  4.62354E-02  1.72070E+00  1.72070E+00  0.00000E+00             78.BR 35.  73  10
 6 1  5.50808E-06  1.70808E+00  1.70808E+00  1.00000E+01             78.BR 35.  74   1
 6 5  5.63005E-07  1.71906E+00  1.71906E+00  1.00000E+01             78.BR 35.  75   5
 6 6  5.53519E-09  1.71922E+00  1.71922E+00  1.00000E+01             78.BR 35.  76   6
 6 7  6.43173E-09  1.71926E+00  1.71926E+00  1.00000E+01             78.BR 35.  77   7
 6 3  9.17354E-08  1.72054E+00  1.72054E+00  1.00000E+01             78.BR 35.  78   3
 6 4  9.77579E-09  1.72070E+00  1.72070E+00  1.00000E+01             78.BR 35.  79   4
 111  4.89551E-02  1.92330E+00  1.92330E+00  0.00000E+00             78.BR 35.  80  11
 6 1  4.69314E-06  1.91068E+00  1.91068E+00  1.10000E+01             78.BR 35.  81   1
 6 5  4.78007E-07  1.92166E+00  1.92166E+00  1.10000E+01             78.BR 35.  82   5
 6 6  3.22986E-09  1.92182E+00  1.92182E+00  1.10000E+01             78.BR 35.  83   6
 6 7  3.08703E-09  1.92186E+00  1.92186E+00  1.10000E+01             78.BR 35.  84   7
 6 3  7.64429E-08  1.92314E+00  1.92314E+00  1.10000E+01             78.BR 35.  85   3
 6 4  8.17778E-09  1.92330E+00  1.92330E+00  1.10000E+01             78.BR 35.  86   4
 112  5.03150E-03  1.99630E+00  1.99630E+00  0.00000E+00             78.BR 35.  87  12
 6 1  4.53593E-07  1.98368E+00  1.98368E+00  1.20000E+01             78.BR 35.  88   1
 6 5  4.72462E-08  1.99466E+00  1.99466E+00  1.20000E+01             78.BR 35.  89   5
 6 6  3.89177E-10  1.99482E+00  1.99482E+00  1.20000E+01             78.BR 35.  90   6
 6 7  4.33320E-10  1.99486E+00  1.99486E+00  1.20000E+01             78.BR 35.  91   7
 6 3  7.60843E-09  1.99614E+00  1.99614E+00  1.20000E+01             78.BR 35.  92   3
 6 4  8.10801E-10  1.99630E+00  1.99630E+00  1.20000E+01             78.BR 35.  93   4
 113  4.89551E-03  2.28440E+00  2.28440E+00  0.00000E+00             78.BR 35.  94  13
 6 1  3.44104E-07  2.27178E+00  2.27178E+00  1.30000E+01             78.BR 35.  95   1
 6 5  3.29277E-08  2.28276E+00  2.28276E+00  1.30000E+01             78.BR 35.  96   5
 6 6  1.96785E-10  2.28292E+00  2.28292E+00  1.30000E+01             78.BR 35.  97   6
 6 7  2.14085E-10  2.28296E+00  2.28296E+00  1.30000E+01             78.BR 35.  98   7
 6 3  5.27311E-09  2.28424E+00  2.28424E+00  1.30000E+01             78.BR 35.  99   3
 6 4  5.62264E-10  2.28440E+00  2.28440E+00  1.30000E+01             78.BR 35. 100   4
 114  3.53565E-03  2.39190E+00  2.39190E+00  0.00000E+00             78.BR 35. 101  14
 6 1  2.29164E-07  2.37928E+00  2.37928E+00  1.40000E+01             78.BR 35. 102   1
 6 5  2.16915E-08  2.39026E+00  2.39026E+00  1.40000E+01             78.BR 35. 103   5
 6 6  1.25008E-10  2.39042E+00  2.39042E+00  1.40000E+01             78.BR 35. 104   6
 6 7  1.40209E-10  2.39046E+00  2.39046E+00  1.40000E+01             78.BR 35. 105   7
 6 3  3.47079E-09  2.39174E+00  2.39174E+00  1.40000E+01             78.BR 35. 106   3
 6 4  3.69907E-10  2.39190E+00  2.39190E+00  1.40000E+01             78.BR 35. 107   4
 115  1.76782E-02  2.47650E+00  2.47650E+00  0.00000E+00             78.BR 35. 108  15
 6 1  1.08874E-06  2.46388E+00  2.46388E+00  1.50000E+01             78.BR 35. 109   1
 6 5  9.40587E-08  2.47486E+00  2.47486E+00  1.50000E+01             78.BR 35. 110   5
 6 6  6.00868E-10  2.47502E+00  2.47502E+00  1.50000E+01             78.BR 35. 111   6
 6 7  8.00469E-10  2.47506E+00  2.47506E+00  1.50000E+01             78.BR 35. 112   7
 6 3  1.53208E-08  2.47634E+00  2.47634E+00  1.50000E+01             78.BR 35. 113   3
 6 4  1.62582E-09  2.47650E+00  2.47650E+00  1.50000E+01             78.BR 35. 114   4
 116  1.78142E-03  2.53730E+00  2.53730E+00  0.00000E+00             78.BR 35. 115  16
 6 1  1.05265E-07  2.52468E+00  2.52468E+00  1.60000E+01             78.BR 35. 116   1
 6 5  8.99208E-09  2.53566E+00  2.53566E+00  1.60000E+01             78.BR 35. 117   5
 6 6  5.58135E-11  2.53582E+00  2.53582E+00  1.60000E+01             78.BR 35. 118   6
 6 7  7.50335E-11  2.53586E+00  2.53586E+00  1.60000E+01             78.BR 35. 119   7
 6 3  1.46433E-09  2.53714E+00  2.53714E+00  1.60000E+01             78.BR 35. 120   3
 6 4  1.55350E-10  2.53730E+00  2.53730E+00  1.60000E+01             78.BR 35. 121   4
 117  2.71973E-03  2.64130E+00  2.64130E+00  0.00000E+00             78.BR 35. 122  17
 6 1  1.50159E-07  2.62868E+00  2.62868E+00  1.70000E+01             78.BR 35. 123   1
 6 5  1.25819E-08  2.63966E+00  2.63966E+00  1.70000E+01             78.BR 35. 124   5
 6 6  7.44597E-11  2.63982E+00  2.63982E+00  1.70000E+01             78.BR 35. 125   6
 6 7  1.01620E-10  2.63986E+00  2.63986E+00  1.70000E+01             78.BR 35. 126   7
 6 3  2.04814E-09  2.64114E+00  2.64114E+00  1.70000E+01             78.BR 35. 127   3
 6 4  2.17187E-10  2.64130E+00  2.64130E+00  1.70000E+01             78.BR 35. 128   4
 118  6.11939E-04  2.76980E+00  2.76980E+00  0.00000E+00             78.BR 35. 129  18
 6 1  3.07857E-08  2.75718E+00  2.75718E+00  1.80000E+01             78.BR 35. 130   1
 6 5  2.79975E-09  2.76816E+00  2.76816E+00  1.80000E+01             78.BR 35. 131   5
 6 6  1.43686E-11  2.76832E+00  2.76832E+00  1.80000E+01             78.BR 35. 132   6
 6 7  1.77624E-11  2.76836E+00  2.76836E+00  1.80000E+01             78.BR 35. 133   7
 6 3  4.46791E-10  2.76964E+00  2.76964E+00  1.80000E+01             78.BR 35. 134   3
 6 4  4.75442E-11  2.76980E+00  2.76980E+00  1.80000E+01             78.BR 35. 135   4
 119  3.39966E-04  2.89950E+00  2.89950E+00  0.00000E+00             78.BR 35. 136  19
 6 1  1.60768E-08  2.88688E+00  2.88688E+00  1.90000E+01             78.BR 35. 137   1
 6 5  1.28447E-09  2.89786E+00  2.89786E+00  1.90000E+01             78.BR 35. 138   5
 6 6  6.80502E-12  2.89802E+00  2.89802E+00  1.90000E+01             78.BR 35. 139   6
 6 7  9.61789E-12  2.89806E+00  2.89806E+00  1.90000E+01             78.BR 35. 140   7
 6 3  2.08925E-10  2.89934E+00  2.89934E+00  1.90000E+01             78.BR 35. 141   3
 6 4  2.21305E-11  2.89950E+00  2.89950E+00  1.90000E+01             78.BR 35. 142   4
 120  4.48755E-04  3.00590E+00  3.00590E+00  0.00000E+00             78.BR 35. 143  20
 6 1  1.96703E-08  2.99328E+00  2.99328E+00  2.00000E+01             78.BR 35. 144   1
 6 5  1.74328E-09  3.00426E+00  3.00426E+00  2.00000E+01             78.BR 35. 145   5
 6 6  8.38656E-12  3.00442E+00  3.00442E+00  2.00000E+01             78.BR 35. 146   6
 6 7  1.09454E-11  3.00446E+00  3.00446E+00  2.00000E+01             78.BR 35. 147   7
 6 3  2.77795E-10  3.00574E+00  3.00574E+00  2.00000E+01             78.BR 35. 148   3
 6 4  2.95352E-11  3.00590E+00  3.00590E+00  2.00000E+01             78.BR 35. 149   4
 2 1  1.16047E+00  1.11378E-02  1.11378E-02  0.00000E+00             78.BR 35. 150   1
 2 2  2.24481E+00  1.11804E-02  1.11804E-02  0.00000E+00             78.BR 35. 151   2
 2 3  1.56766E-01  1.24492E-02  1.24492E-02  0.00000E+00             78.BR 35. 152   3
 2 4  3.05926E-01  1.24553E-02  1.24553E-02  0.00000E+00             78.BR 35. 153   4
 2 5  3.69310E-04  1.25541E-02  1.25541E-02  0.00000E+00             78.BR 35. 154   5
 2 6  5.31197E-04  1.25550E-02  1.25550E-02  0.00000E+00             78.BR 35. 155   6
 2 7  7.43312E-03  1.26092E-02  1.26092E-02  0.00000E+00             78.BR 35. 156   7
 2 8  1.43089E-02  1.26096E-02  1.26096E-02  0.00000E+00             78.BR 35. 157   8
 221  2.67792E-05  1.60300E-04  1.60300E-04  0.00000E+00             78.BR 35. 158  21
 222  1.47596E-04  2.02900E-04  2.02900E-04  0.00000E+00             78.BR 35. 159  22
 223  1.77301E-03  1.47173E-03  1.47173E-03  0.00000E+00             78.BR 35. 160  23
 224  3.13922E-03  1.47779E-03  1.47779E-03  0.00000E+00             78.BR 35. 161  24
 225  8.90238E-06  1.57659E-03  1.57659E-03  0.00000E+00             78.BR 35. 162  25
 226  1.32373E-05  1.57752E-03  1.57752E-03  0.00000E+00             78.BR 35. 163  26
 227  8.94091E-05  1.63168E-03  1.63168E-03  0.00000E+00             78.BR 35. 164  27
 228  1.59411E-04  1.63210E-03  1.63210E-03  0.00000E+00             78.BR 35. 165  28
 241  3.60013E-09  4.26000E-05  4.26000E-05  0.00000E+00             78.BR 35. 166  41
 242  1.03088E-02  1.25510E-03  1.25510E-03  0.00000E+00             78.BR 35. 167  42
 243  6.13227E-05  1.31749E-03  1.31749E-03  0.00000E+00             78.BR 35. 168  43
 244  3.64333E-02  1.41629E-03  1.41629E-03  0.00000E+00             78.BR 35. 169  44
 245  4.26894E-04  1.46021E-03  1.46021E-03  0.00000E+00             78.BR 35. 170  45
 246  4.45685E-07  1.47180E-03  1.47180E-03  0.00000E+00             78.BR 35. 171  46
 261  2.47932E-02  1.21250E-03  1.21250E-03  0.00000E+00             78.BR 35. 172  61
 262  7.41960E-05  1.26882E-03  1.26882E-03  0.00000E+00             78.BR 35. 173  62
 263  7.11339E-05  1.27489E-03  1.27489E-03  0.00000E+00             78.BR 35. 174  63
 264  7.17463E-03  1.37369E-03  1.37369E-03  0.00000E+00             78.BR 35. 175  64
 265  7.18312E-02  1.37463E-03  1.37463E-03  0.00000E+00             78.BR 35. 176  65
 266  8.25995E-04  1.41761E-03  1.41761E-03  0.00000E+00             78.BR 35. 177  66
 267  4.61145E-07  1.42878E-03  1.42878E-03  0.00000E+00             78.BR 35. 178  67
 268  4.37911E-07  1.42920E-03  1.42920E-03  0.00000E+00             78.BR 35. 179  68
 291  1.11694E-03  1.06219E-04  1.06219E-04  0.00000E+00             78.BR 35. 180  91
 294  5.70868E+01  1.58643E-05  1.58643E-05  0.00000E+00             78.BR 35. 181  94
 7 1  2.08968E+00  9.62662E-03  9.62662E-03  0.00000E+00             78.BR 35. 182   1
 7 2  6.15993E-01  1.09573E-02  1.09573E-02  0.00000E+00             78.BR 35. 183   2
 7 3  4.63098E-02  1.22909E-02  1.22909E-02  0.00000E+00             78.BR 35. 184   3
 7 4  1.70996E+00  9.46528E-05  9.46528E-05  0.00000E+00             78.BR 35. 185   4
 7 5  8.40422E+00  1.23736E-03  1.23736E-03  0.00000E+00             78.BR 35. 186   5
 7 6  3.95331E-01  1.31564E-03  1.31564E-03  0.00000E+00             78.BR 35. 187   6
 7 7  6.95595E-03  1.44273E-03  1.44273E-03  0.00000E+00             78.BR 35. 188   7
 7 8  9.75112E+00  5.45930E-05  5.45930E-05  0.00000E+00             78.BR 35. 189   8
 7 9  2.63603E+01  3.25137E-05  3.25137E-05  0.00000E+00             78.BR 35. 190   9
 5 1  1.00000E-02  7.86282E-02  2.72000E-01  0.00000E+00             78.BR 35. 191   1
 1 1  7.48000E-03  4.54000E-01  4.54000E-01  0.00000E+00             78.BR 35. 192   1
 6 1  2.85997E-05  4.39720E-01  4.39720E-01  1.00000E+00             78.BR 35. 193   1
 6 5  2.89775E-06  4.52098E-01  4.52098E-01  1.00000E+00             78.BR 35. 194   5
 6 6  1.55595E-07  4.52272E-01  4.52272E-01  1.00000E+00             78.BR 35. 195   6
 6 7  1.52768E-07  4.52327E-01  4.52327E-01  1.00000E+00             78.BR 35. 196   7
 6 3  5.29863E-07  4.53793E-01  4.53793E-01  1.00000E+00             78.BR 35. 197   3
 6 4  6.37060E-08  4.54000E-01  4.54000E-01  1.00000E+00             78.BR 35. 198   4
 2 1  5.40160E-06  1.25517E-02  1.25517E-02  0.00000E+00             78.BR 35. 199   1
 2 2  1.04160E-05  1.26066E-02  1.26066E-02  0.00000E+00             78.BR 35. 200   2
 2 3  7.59977E-07  1.40649E-02  1.40649E-02  0.00000E+00             78.BR 35. 201   3
 2 4  1.48212E-06  1.40730E-02  1.40730E-02  0.00000E+00             78.BR 35. 202   4
 2 5  2.21569E-09  1.41846E-02  1.41846E-02  0.00000E+00             78.BR 35. 203   5
 2 6  3.17457E-09  1.41860E-02  1.41860E-02  0.00000E+00             78.BR 35. 204   6
 2 7  6.67800E-08  1.42666E-02  1.42666E-02  0.00000E+00             78.BR 35. 205   7
 2 8  1.28466E-07  1.42673E-02  1.42673E-02  0.00000E+00             78.BR 35. 206   8
 221  1.00700E-10  1.74000E-04  1.74000E-04  0.00000E+00             78.BR 35. 207  21
 222  5.80054E-10  2.28901E-04  2.28901E-04  0.00000E+00             78.BR 35. 208  22
 223  7.87618E-09  1.68718E-03  1.68718E-03  0.00000E+00             78.BR 35. 209  23
 224  1.40095E-08  1.69534E-03  1.69534E-03  0.00000E+00             78.BR 35. 210  24
 225  4.63369E-11  1.80695E-03  1.80695E-03  0.00000E+00             78.BR 35. 211  25
 226  6.89512E-11  1.80832E-03  1.80832E-03  0.00000E+00             78.BR 35. 212  26
 227  7.38568E-10  1.88887E-03  1.88887E-03  0.00000E+00             78.BR 35. 213  27
 228  1.30546E-09  1.88958E-03  1.88958E-03  0.00000E+00             78.BR 35. 214  28
 241  2.08255E-14  5.49000E-05  5.49000E-05  0.00000E+00             78.BR 35. 215  41
 242  3.92001E-08  1.45012E-03  1.45012E-03  0.00000E+00             78.BR 35. 216  42
 243  2.72283E-10  1.52134E-03  1.52134E-03  0.00000E+00             78.BR 35. 217  43
 244  2.02602E-07  1.63295E-03  1.63295E-03  0.00000E+00             78.BR 35. 218  44
 245  1.94020E-09  1.70086E-03  1.70086E-03  0.00000E+00             78.BR 35. 219  45
 246  4.24154E-12  1.71558E-03  1.71558E-03  0.00000E+00             78.BR 35. 220  46
 261  1.01505E-07  1.39523E-03  1.39523E-03  0.00000E+00             78.BR 35. 221  61
 262  3.41963E-10  1.45829E-03  1.45829E-03  0.00000E+00             78.BR 35. 222  62
 263  3.26459E-10  1.46644E-03  1.46644E-03  0.00000E+00             78.BR 35. 223  63
 264  4.06757E-08  1.57805E-03  1.57805E-03  0.00000E+00             78.BR 35. 224  64
 265  3.95896E-07  1.57942E-03  1.57942E-03  0.00000E+00             78.BR 35. 225  65
 266  3.78187E-09  1.64596E-03  1.64596E-03  0.00000E+00             78.BR 35. 226  66
 267  4.45390E-12  1.65997E-03  1.65997E-03  0.00000E+00             78.BR 35. 227  67
 268  4.22388E-12  1.66068E-03  1.66068E-03  0.00000E+00             78.BR 35. 228  68
 291  7.49243E-09  1.24976E-04  1.24976E-04  0.00000E+00             78.BR 35. 229  91
 294  2.18976E-04  1.93801E-05  1.93801E-05  0.00000E+00             78.BR 35. 230  94
 7 1  7.70299E-06  1.07980E-02  1.07980E-02  0.00000E+00             78.BR 35. 231   1
 7 2  2.44483E-06  1.23371E-02  1.23371E-02  0.00000E+00             78.BR 35. 232   2
 7 3  1.91580E-07  1.38786E-02  1.38786E-02  0.00000E+00             78.BR 35. 233   3
 7 4  6.86047E-06  9.93349E-05  9.93349E-05  0.00000E+00             78.BR 35. 234   4
 7 5  3.35695E-05  1.40713E-03  1.40713E-03  0.00000E+00             78.BR 35. 235   5
 7 6  2.42501E-06  1.51182E-03  1.51182E-03  0.00000E+00             78.BR 35. 236   6
 7 7  6.95088E-08  1.67065E-03  1.67065E-03  0.00000E+00             78.BR 35. 237   7
 7 8  3.75889E-05  6.55053E-05  6.55053E-05  0.00000E+00             78.BR 35. 238   8
 7 9  9.57873E-05  5.62708E-05  5.62708E-05  0.00000E+00             78.BR 35. 239   9
%%%%  78 BR  35    EC B+ B-     3.87600E+02 6.46 M     18-07-2007       SEEIEND 
 


   ***************************************************** 
   *                 Radiation Summary                 * 
   ***************************************************** 
 
  Energy released by
    Gamma-ray                       (MeV) =   8.82839E-02
    X-ray                           (MeV) =   4.42836E-04
    Free-bound X-ray                (MeV) =   9.05644E-06
    Annihilation photon             (MeV) =   9.44881E-01
    Beta+ particle                  (MeV) =   1.02292E+00
    Neutrino                        (MeV) =   1.51693E+00
    Beta- particle                  (MeV) =   7.86282E-06
    Neutrino-                       (MeV) =   1.93372E-05
    Internal conv. electron         (MeV) =   1.25541E-04
    Auger and CK electron           (MeV) =   3.99159E-04
    Alpha particle                  (MeV) =   0.00000E+00
    Recoil nucleus                  (MeV) =   0.00000E+00
  E-total (except unplaced radiat.) (MeV) =   3.57402E+00
  E-unplaced radiation              (MeV) =   0.00000E+00
  Q-value from ENSDF data           (MeV) =   3.57372E+00
  Ratio of E-total/Q-value          ( % ) =   1.00008E+02
  Ratio of E-unplaced radi./Q-value ( % ) =   0.00000E+00

 
  Total yield of
    Gamma-ray                             =   1.39557E-01
    X-ray                                 =   4.04911E-02
    Free-bound X-ray                      =   5.70870E-01
    Annihilation photon                   =   1.84908E+00
    Beta+ particle                        =   9.24541E-01
    Beta- particle                        =   1.00000E-04
    Internal conv. electron               =   2.07729E-04
    Auger and CK electron                 =   4.93801E-01
    Alpha particle                        =   0.00000E+00
  Yield of unplaced radiation             =   0.00000E+00


