%%%% 102 CD  48    EC B+        3.30000E+02 5.5 M      18-07-2007       BALASTAR
1 102   CD  48 5.5 M           EC B+      
1INTENSITY AND ENERGY BALANCE DATA

              102-CADMIUM-48
+                                    HALFLIFE = 5.5 MINUTES 
+                                                                  18-07-2007


    LEVEL       INTENSITY   INTENSITY
    ENERGY      ENTERING    LEAVING     PERCENT
    (MEV)       LEVEL       LEVEL       ERROR

   0.0000E+00  5.4759E+00
   9.4000E-03  9.4624E+01  0.0000E+00  2.0000E+02  ********************
   9.7450E-02  6.9761E+00  5.1646E+00  2.9842E+01  ********************
   1.2553E-01  7.9645E+00  1.1132E+01  3.3170E+01  ********************
   1.5649E-01  4.8930E+00  5.1895E+00  5.8813E+00                      
   3.6998E-01  8.1106E+00  8.3080E+00  2.4056E+00                      
   4.9044E-01  6.7281E+01  6.3868E+01  5.2055E+00                      
   5.4059E-01  8.9382E+00  8.9326E+00  6.2192E-02                      
   1.0456E+00  2.6363E+01  2.7986E+01  5.9727E+00                      
   1.3686E+00  6.4096E+00  6.4755E+00  1.0224E+00                      
   1.4490E+00  5.7973E-01  5.7040E-01  1.6225E+00                      
   1.7272E+00  1.4239E-01  1.3805E-01  3.0913E+00                      
   1.9654E+00  3.6614E-01  3.6011E-01  1.6617E+00                      


 INTENSITY TO GROUND AND ISOMERIC STATE(S) OF DAUGHTER(S)=  1.001E+02
 TOTAL INTENSITY FROM PARENT=  1.000E+02
 PERCENT ERROR =  9.965E-02                      


 TOTAL INTENSITY FROM PARENT =  1.000E+02
 VALUE IS WITHIN   7.63E-06% OF 100                      


 TOTAL ENERGY AVAILABLE =  2.587E+00 MEV
 TOTAL ENERGY CONTENT OF ALL RADIATIONS =  2.591E+00 MEV
 PERCENT ERROR =  1.596E-01                      
%%%% 102 CD  48    EC B+        3.30000E+02 5.5 M      18-07-2007       BALAEND 
%%%% 102 CD  48    EC B+        3.30000E+02 5.5 M      18-07-2007       INPUSTAR
1                                      **INPUT DATA**
              102-CADMIUM-48
+                                    HALFLIFE = 5.5 MINUTES 
+                                                                  18-07-2007

            MODES OF DECAY: ELECTRON CAPTURE, BETA PLUS
 
                                MEAN
                                NUMBER/    TRANSITION
                TYPE OF    ID   TRANSFOR-  ENERGY
              TRANSITION   NO.  MATION     (MEV)       OTHER NUCLEAR PARAMETERS

           ELECT. CAPTURE   1   3.66E-03   6.216E-01   ALLOWED                                  
           ELECT. CAPTURE   2   1.42E-03   8.598E-01   ALLOWED                                  
           ELECT. CAPTURE   3   5.80E-03   1.138E+00   ALLOWED                                  
           ELECT. CAPTURE   4   6.41E-02   1.218E+00   ALLOWED                                  
           ELECT. CAPTURE   5   2.57E-01   1.541E+00   ALLOWED                                  
           ELECT. CAPTURE   6   1.12E-02   2.046E+00   ALLOWED                                  
           ELECT. CAPTURE   7   5.27E-01   2.097E+00   ALLOWED                                  
                BETA PLUS   1   2.14E-05   1.964E-01*  ALLOWED                                  
                BETA PLUS   2   4.48E-03   5.194E-01*  ALLOWED                                  
                BETA PLUS   3   2.14E-03   1.024E+00*  ALLOWED                                  
                BETA PLUS   4   1.23E-01   1.075E+00*  ALLOWED                                  
           I.C.E. + GAMMA   2   2.76E-02   2.800E-02   E2 MULTIPOLE                             
+                                                                    AK= 24.3                   
                                                       AL1=2.76      AL2=40.1                   
                                                       AL3=60.7      AM= 20.7                   
                                                       AN+=3.54                                 
           I.C.E. + GAMMA   3   4.22E-02   5.905E-02   M1 MULTIPOLE                             
+                                                                    AK= 1.67                   
                                                       AL1=0.193     AL2=0.0136                 
                                                       AL3=0.00384   AM= 0.0403                 
                                                       AN+=0.00811                              
           I.C.E. + GAMMA   4   5.16E-02   9.746E-02   M1 MULTIPOLE                             
+                                                                    AK= 0.398                  
                                                       AL1=0.0459    AL2=0.00292                
                                                       AM= 0.00953   AN+=0.00192                
           I.C.E. + GAMMA   5   8.38E-02   1.161E-01   M1 MULTIPOLE                             
+                                                                    AK= 0.243                  
                                                       AL1=0.0280    AL2=0.00171                
                                                       AM= 0.00581   AN+=0.00117                
           I.C.E. + GAMMA   6   3.46E-02   1.205E-01   M1 MULTIPOLE                             
+                                                                    AK= 0.220                  
                                                       AL1=0.0253    AL2=0.00153                
                                                       AM= 0.00524   AN+=0.00105                
           I.C.E. + GAMMA   7   6.58E-03   1.471E-01   M1+E2 MULTIPOLE                          
                                                       AK= 0.227     AL1=0.0261                 
                                                       AL2=0.00149   AM= 0.00538                
                                                       AN+=0.00108                              
           I.C.E. + GAMMA   8   3.11E-03   1.561E-01   E2 MULTIPOLE                             
+                                                                    AK= 0.242                  
                                                       AL1=0.0236    AL2=0.0103                 
                                                       AL3=0.0114    AM= 0.00884                
                                                       AN+=0.00165                              
           I.C.E. + GAMMA   9   4.74E-02   2.135E-01   M1 MULTIPOLE                             
+                                                                    AK= 0.0465                 
                                                       AL1=0.00534   AM= 0.00109                
           I.C.E. + GAMMA  10   1.49E-03   2.444E-01   M1 MULTIPOLE                             
+                                                                    AK= 0.0326                 
                                                       AL1=0.00374                              
           I.C.E. + GAMMA  11   1.83E-03   3.225E-01   M1 MULTIPOLE                             
+                                                                    AK= 0.0160                 
                                                       AL1=0.00183                              
           I.C.E. + GAMMA  12   3.42E-02   3.606E-01   E2 MULTIPOLE                             
+                                                                    AK= 0.0147                 
                                                       AL1=0.00156                              
           I.C.E. + GAMMA  13   1.52E-03   3.840E-01   E2 MULTIPOLE                             
+                                                                    AK= 0.0121                 
                                                       AL1=0.00129                              
           I.C.E. + GAMMA  14   7.76E-02   4.150E-01   M1 MULTIPOLE                             
+                                                                    AK= 0.00851                
           I.C.E. + GAMMA  15   6.04E-01   4.810E-01   M1 MULTIPOLE                             
+                                                                    AK= 0.00594                
           I.C.E. + GAMMA  16   7.61E-02   5.050E-01   M1 MULTIPOLE                             
+                                                                    AK= 0.00529                
           I.C.E. + GAMMA  17   1.03E-02   5.312E-01   M1 MULTIPOLE                             
+                                                                    AK= 0.00468                
           I.C.E. + GAMMA  18   2.29E-02   5.550E-01   M1 MULTIPOLE                             
+                                                                    AK= 0.00422                
           I.C.E. + GAMMA  19   4.21E-02   6.757E-01   M1 MULTIPOLE                             
+                                                                    AK= 0.00266                
           I.C.E. + GAMMA  20   6.01E-04   9.200E-01   M1 MULTIPOLE                             
+                                                                    AK= 0.00131                
           I.C.E. + GAMMA  21   2.88E-03   9.986E-01   M1 MULTIPOLE                             
+                                                                    AK= 0.00109                
           I.C.E. + GAMMA  22   1.38E-01   1.036E+00   M1 MULTIPOLE                             
+                                                                    AK= 0.00101                
           I.C.E. + GAMMA  23   1.50E-03   1.079E+00   M1 MULTIPOLE                             
           I.C.E. + GAMMA  24   6.00E-02   1.359E+00   M1 MULTIPOLE                             
           I.C.E. + GAMMA  25   4.20E-03   1.440E+00   M1 MULTIPOLE                             
           I.C.E. + GAMMA  26   1.38E-03   1.718E+00   M1 MULTIPOLE                             
           I.C.E. + GAMMA  27   3.60E-03   1.956E+00   M1 MULTIPOLE                             
 
           * ENDPOINT ENERGY (MEV)
           - - - - - - - - - -
           Reference: Evaluated Nuclear Structure Data File (ENSDF)
                DATE DATA WERE ENTERED INTO ENSDF: Apr-1998
%%%% 102 CD  48    EC B+        3.30000E+02 5.5 M      18-07-2007       INPUEND 
%%%% 102 CD  48    EC B+        3.30000E+02 5.5 M      18-07-2007       OUTPSTAR
1                                      **OUTPUT DATA**
              102-CADMIUM-48
+                                    HALFLIFE = 5.5 MINUTES 
+                                                                  18-07-2007

            MODES OF DECAY: ELECTRON CAPTURE, BETA PLUS
 
                                              MEAN
                                              NUMBER/                  MEV/
                                         ID   TRANSFOR-   ENERGY       TRANSFOR-
                  TYPE OF RADIATION      NO.  MATION      (MEV)        MATION

           BETA PLUS                      2   4.48E-03    2.360E-01*   1.06E-03
           BETA PLUS                      3   2.14E-03    4.561E-01*   9.74E-04
           BETA PLUS                      4   1.23E-01    4.782E-01*   5.89E-02
           ANNIHILATION RADIATION             2.59E-01    5.110E-01    1.33E-01
           K CONV. ELECTRON, GAMMA-RAY    2   4.37E-03    2.511E-03    1.10E-05
           L1 CONV. ELECTRON, GAMMA-RAY   2   4.97E-04    2.422E-02    1.20E-05
           L2 CONV. ELECTRON, GAMMA-RAY   2   7.22E-03    2.447E-02    1.77E-04
           L3 CONV. ELECTRON, GAMMA-RAY   2   1.09E-02    2.465E-02    2.70E-04
           M CONV. ELECTRON, GAMMA-RAY    2   3.73E-03    2.743E-02*   1.02E-04
           N+ CONV. ELECTRON, GAMMA-RAY   2   6.37E-04    2.800E-02*   1.78E-05
           GAMMA-RAY                      3   1.44E-02    5.905E-02    8.50E-04
           K CONV. ELECTRON, GAMMA-RAY    3   2.41E-02    3.356E-02    8.08E-04
           L1 CONV. ELECTRON, GAMMA-RAY   3   2.78E-03    5.527E-02    1.54E-04
           L2 CONV. ELECTRON, GAMMA-RAY   3   1.95E-04    5.552E-02    1.08E-05
           M CONV. ELECTRON, GAMMA-RAY    3   5.81E-04    5.848E-02*   3.40E-05
           GAMMA-RAY                      4   3.54E-02    9.746E-02    3.45E-03
           K CONV. ELECTRON, GAMMA-RAY    4   1.41E-02    7.197E-02    1.01E-03
           L1 CONV. ELECTRON, GAMMA-RAY   4   1.63E-03    9.368E-02    1.52E-04
           L2 CONV. ELECTRON, GAMMA-RAY   4   1.03E-04    9.393E-02    9.71E-06
           M CONV. ELECTRON, GAMMA-RAY    4   3.37E-04    9.689E-02*   3.27E-05
           GAMMA-RAY                      5   6.54E-02    1.161E-01    7.59E-03
           K CONV. ELECTRON, GAMMA-RAY    5   1.59E-02    9.064E-02    1.44E-03
           L1 CONV. ELECTRON, GAMMA-RAY   5   1.83E-03    1.123E-01    2.06E-04
           L2 CONV. ELECTRON, GAMMA-RAY   5   1.12E-04    1.126E-01    1.26E-05
           M CONV. ELECTRON, GAMMA-RAY    5   3.80E-04    1.156E-01*   4.39E-05
           N+ CONV. ELECTRON, GAMMA-RAY   5   7.65E-05    1.161E-01*   8.88E-06
           GAMMA-RAY                      6   2.76E-02    1.205E-01    3.32E-03
           K CONV. ELECTRON, GAMMA-RAY    6   6.07E-03    9.498E-02    5.76E-04
           L1 CONV. ELECTRON, GAMMA-RAY   6   6.98E-04    1.167E-01    8.15E-05
           M CONV. ELECTRON, GAMMA-RAY    6   1.45E-04    1.199E-01*   1.73E-05
           GAMMA-RAY                      7   5.22E-03    1.471E-01    7.68E-04
           K CONV. ELECTRON, GAMMA-RAY    7   1.18E-03    1.216E-01    1.44E-04
           L1 CONV. ELECTRON, GAMMA-RAY   7   1.36E-04    1.433E-01    1.95E-05
           GAMMA-RAY                      8   2.40E-03    1.561E-01    3.75E-04
           K CONV. ELECTRON, GAMMA-RAY    8   5.80E-04    1.306E-01    7.57E-05
           L1 CONV. ELECTRON, GAMMA-RAY   8   5.66E-05    1.523E-01    8.62E-06
           GAMMA-RAY                      9   4.50E-02    2.135E-01    9.61E-03
           K CONV. ELECTRON, GAMMA-RAY    9   2.09E-03    1.880E-01    3.94E-04
           L1 CONV. ELECTRON, GAMMA-RAY   9   2.40E-04    2.097E-01    5.04E-05
           M CONV. ELECTRON, GAMMA-RAY    9   4.90E-05    2.129E-01*   1.04E-05
           GAMMA-RAY                     10   1.44E-03    2.444E-01    3.52E-04
           K CONV. ELECTRON, GAMMA-RAY   10   4.70E-05    2.189E-01    1.03E-05
           GAMMA-RAY                     11   1.80E-03    3.225E-01    5.81E-04
           K CONV. ELECTRON, GAMMA-RAY   11   2.88E-05    2.970E-01    8.54E-06
           GAMMA-RAY                     12   3.36E-02    3.606E-01    1.21E-02
           K CONV. ELECTRON, GAMMA-RAY   12   4.94E-04    3.351E-01    1.65E-04
           L1 CONV. ELECTRON, GAMMA-RAY  12   5.24E-05    3.568E-01    1.87E-05
           GAMMA-RAY                     13   1.50E-03    3.840E-01    5.76E-04
           GAMMA-RAY                     14   7.68E-02    4.150E-01    3.19E-02
           K CONV. ELECTRON, GAMMA-RAY   14   6.54E-04    3.896E-01    2.55E-04
           L1 CONV. ELECTRON, GAMMA-RAY  14   7.46E-05    4.113E-01    3.07E-05
           GAMMA-RAY                     15   6.00E-01    4.810E-01    2.89E-01
           K CONV. ELECTRON, GAMMA-RAY   15   3.57E-03    4.555E-01    1.62E-03
           L1 CONV. ELECTRON, GAMMA-RAY  15   4.06E-04    4.772E-01    1.94E-04
           M CONV. ELECTRON, GAMMA-RAY   15   8.09E-05    4.804E-01*   3.89E-05
           N+ CONV. ELECTRON, GAMMA-RAY  15   1.64E-05    4.810E-01*   7.90E-06
           GAMMA-RAY                     16   7.56E-02    5.050E-01    3.82E-02
           K CONV. ELECTRON, GAMMA-RAY   16   4.00E-04    4.795E-01    1.92E-04
           L1 CONV. ELECTRON, GAMMA-RAY  16   4.54E-05    5.012E-01    2.28E-05
           GAMMA-RAY                     17   1.02E-02    5.312E-01    5.42E-03
           K CONV. ELECTRON, GAMMA-RAY   17   4.78E-05    5.057E-01    2.42E-05
           GAMMA-RAY                     18   2.28E-02    5.550E-01    1.27E-02
           K CONV. ELECTRON, GAMMA-RAY   18   9.62E-05    5.295E-01    5.09E-05
           GAMMA-RAY                     19   4.20E-02    6.757E-01    2.84E-02
           K CONV. ELECTRON, GAMMA-RAY   19   1.12E-04    6.502E-01    7.26E-05
           L1 CONV. ELECTRON, GAMMA-RAY  19   1.26E-05    6.719E-01    8.48E-06
           GAMMA-RAY                     20   6.00E-04    9.200E-01    5.52E-04
           GAMMA-RAY                     21   2.88E-03    9.986E-01    2.88E-03
           GAMMA-RAY                     22   1.38E-01    1.036E+00    1.43E-01
           K CONV. ELECTRON, GAMMA-RAY   22   1.39E-04    1.011E+00    1.41E-04
           L1 CONV. ELECTRON, GAMMA-RAY  22   1.57E-05    1.032E+00    1.62E-05
           GAMMA-RAY                     23   1.50E-03    1.079E+00    1.62E-03
           GAMMA-RAY                     24   6.00E-02    1.359E+00    8.16E-02
           K CONV. ELECTRON, GAMMA-RAY   24   3.37E-05    1.334E+00    4.50E-05
           GAMMA-RAY                     25   4.20E-03    1.440E+00    6.05E-03
           GAMMA-RAY                     26   1.38E-03    1.718E+00    2.37E-03
           GAMMA-RAY                     27   3.60E-03    1.956E+00    7.04E-03
           K -L2 X-RAY                        1.98E-01    2.196E-02    4.34E-03
           K -L3 X-RAY                        3.73E-01    2.214E-02    8.25E-03
           K -M2 X-RAY                        3.25E-02    2.489E-02    8.09E-04
           K -M3 X-RAY                        6.32E-02    2.492E-02    1.57E-03
           K -N2 X-RAY                        6.61E-03    2.542E-02    1.68E-04
           K -N3 X-RAY                        1.28E-02    2.543E-02    3.25E-04
           Free-Bound X-RAY                   7.51E+00    1.208E-05*   9.07E-05
           AUGER KLL                          9.56E-02    1.847E-02*   1.77E-03
           AUGER KLX                          3.86E-02    2.146E-02*   8.29E-04
           AUGER KXY                          3.76E-03    2.445E-02*   9.19E-05
           CK LLX                             1.68E-01    1.349E-04*   2.27E-05
           AUGER LMM                          7.07E-01    2.494E-03*   1.76E-03
           AUGER LMX                          1.53E-01    2.902E-03*   4.45E-04
           AUGER LXY                          8.81E-03    3.328E-03*   2.93E-05
           CK MMX                             7.60E-01    1.270E-04*   9.64E-05
           AUGER MNN                          1.85E+00    3.190E-04*   5.90E-04
           CK NNX                             2.74E+00    3.782E-05*   1.03E-04
 
           ALL LISTED X-RAYS, GAMMA-RAYS AND ANNIHILATION RADIATION    8.38E-01
           ALL NEGLECTED X-RAYS, GAMMA-RAYS AND ANNIH. RADIATION**     1.87E-04
           ALL LISTED BETAS, INTERNAL CONVERSION AND AUGER ELECTRONS   7.54E-02
           ALL NEGLECTED BETAS, INT. CONVERSION AND AUGER ELECTRONS**  1.46E-04
           ALL LISTED RADIATIONS                                       9.13E-01
           ALL NEGLECTED RADIATIONS**                                  3.33E-04
 
           *  AVERAGE ENERGY (MEV)
           ** EACH NEGLECTED TRANSITION CONTRIBUTES LESS THAN  0.010%
              TO THE TOTAL MEV/TRANSFORMATION FOR THIS CATEGORY.
           TOTAL FEEDING OF 0.009400 MEV ISOMERIC LEVEL IN 102-SILVER      
             DAUGHTER IS 9.4624E-01 PER TRANSFORMATION OF 102-CADMIUM.
             DECAY OF THIS 7.7 MINUTES HALFLIFE LEVEL WILL CONTRIBUTE TO DOSE.
           TOTAL FEEDING OF GROUND STATE LEVEL IN 102-SILVER
             DAUGHTER IS 5.3762E-02 PER TRANSFORMATION OF 102-CADMIUM.
             DECAY OF THIS 12.9 MINUTES HALFLIFE LEVEL WILL CONTRIBUTE TO DOSE.
           - - - - - - - - - -
           INPUT DATA SOURCE: EVALUATED NUCLEAR STRUCTURE DATA FILE (ENSDF)
             DATE INPUT DATA WERE ENTERED INTO ENSDF: Apr-1998
%%%% 102 CD  48    EC B+        3.30000E+02 5.5 M      18-07-2007       OUTPEND 
%%%% 102 CD  48    EC B+        3.30000E+02 5.5 M      18-07-2007       BETASTAR
1
              102-CADMIUM-48
+                                    HALFLIFE = 5.5 MINUTES 
+                                                                  18-07-2007

            BETA SPECTRUM DATA FOR ALL DECAY BRANCHES

                      BETAS PER                BETAS PER                BETAS PER
            ENERGY    MEV            ENERGY    MEV            ENERGY    MEV
            (MEV)     PER DECAY      (MEV)     PER DECAY      (MEV)     PER DECAY

            0.00000   0.000E+00      0.00220   2.162E-07      0.05500   2.547E-02
            0.00010   0.000E+00      0.00240   4.300E-07      0.06000   2.985E-02
            0.00011   0.000E+00      0.00260   7.705E-07      0.06500   3.438E-02
            0.00012   0.000E+00      0.00280   1.274E-06      0.07000   3.901E-02
            0.00013   0.000E+00      0.00300   1.978E-06      0.07500   4.372E-02
            0.00014   0.000E+00      0.00320   2.917E-06      0.08000   4.848E-02
            0.00015   0.000E+00      0.00360   5.642E-06      0.08500   5.328E-02
            0.00016   0.000E+00      0.00400   9.709E-06      0.09000   5.809E-02
            0.00018   0.000E+00      0.00450   1.704E-05      0.10000   6.771E-02
            0.00020   0.000E+00      0.00500   2.725E-05      0.11000   7.723E-02
            0.00022   0.000E+00      0.00550   4.069E-05      0.12000   8.658E-02
            0.00024   0.000E+00      0.00600   5.770E-05      0.13000   9.571E-02
            0.00026   0.000E+00      0.00650   7.856E-05      0.14000   1.046E-01
            0.00028   0.000E+00      0.00700   1.035E-04      0.15000   1.131E-01
            0.00030   2.105E-27      0.00750   1.328E-04      0.16000   1.214E-01
            0.00032   1.870E-26      0.00800   1.667E-04      0.18000   1.369E-01
            0.00036   9.775E-25      0.00850   2.053E-04      0.20000   1.510E-01
            0.00040   3.325E-23      0.00900   2.489E-04      0.22000   1.636E-01
            0.00045   1.690E-21      0.01000   3.514E-04      0.24000   1.748E-01
            0.00050   5.442E-20      0.01100   4.753E-04      0.26000   1.844E-01
            0.00055   1.171E-18      0.01200   6.215E-04      0.28000   1.926E-01
            0.00060   1.755E-17      0.01300   7.906E-04      0.30000   1.995E-01
            0.00065   1.907E-16      0.01400   9.830E-04      0.32000   2.049E-01
            0.00070   1.560E-15      0.01500   1.199E-03      0.36000   2.121E-01
            0.00075   9.969E-15      0.01600   1.439E-03      0.40000   2.146E-01
            0.00080   5.139E-14      0.01800   1.990E-03      0.45000   2.123E-01
            0.00085   2.201E-13      0.02000   2.636E-03      0.50000   2.053E-01
            0.00090   8.038E-13      0.02200   3.374E-03      0.55000   1.947E-01
            0.00100   7.227E-12      0.02400   4.201E-03      0.60000   1.796E-01
            0.00110   4.294E-11      0.02600   5.114E-03      0.65000   1.605E-01
            0.00120   1.866E-10      0.02800   6.109E-03      0.70000   1.385E-01
            0.00130   6.374E-10      0.03000   7.182E-03      0.75000   1.145E-01
            0.00140   1.806E-09      0.03200   8.328E-03      0.80000   8.967E-02
            0.00150   4.414E-09      0.03600   1.082E-02      0.85000   6.531E-02
            0.00160   9.580E-09      0.04000   1.356E-02      0.90000   4.275E-02
            0.00180   3.440E-08      0.04500   1.727E-02      1.00000   9.009E-03
            0.00200   9.476E-08      0.05000   2.126E-02      1.07456   0.000E+00

            AVERAGE BETA ENERGY =   4.694E-01

            TOTAL BETAS PER DECAY FOR ALL BRANCHES =   1.297E-01
%%%% 102 CD  48    EC B+        3.30000E+02 5.5 M      18-07-2007       BETAEND 
%%%% 102 CD  48    EC B+        3.30000E+02 5.5 M      18-07-2007       SEEISTAR
102.  CADMIUM      48.  5.500E+00 MINUTES  240 EC B+                102.CD 48.   0
 4 1  2.13584E-03  9.53965E-02  1.96400E-01  0.00000E+00            102.CD 48.   1   1
 4 2  4.47509E-01  2.36021E-01  5.19410E-01  0.00000E+00            102.CD 48.   2   2
 4 3  2.13584E-01  4.56119E-01  1.02441E+00  0.00000E+00            102.CD 48.   3   3
 4 4  1.23065E+01  4.78233E-01  1.07456E+00  0.00000E+00            102.CD 48.   4   4
 3 3  2.59394E+01  5.11000E-01  5.11000E-01  0.00000E+00            102.CD 48.   5   3
 1 2  1.80000E-02  2.80000E-02  2.80000E-02  0.00000E+00            102.CD 48.   6   2
 6 1  4.37400E-01  2.51100E-03  2.51100E-03  2.00000E+00            102.CD 48.   7   1
 6 5  4.96800E-02  2.42166E-02  2.42166E-02  2.00000E+00            102.CD 48.   8   5
 6 6  7.21591E-01  2.44719E-02  2.44719E-02  2.00000E+00            102.CD 48.   9   6
 6 7  1.09337E+00  2.46500E-02  2.46500E-02  2.00000E+00            102.CD 48.  10   7
 6 3  3.72587E-01  2.74315E-02  2.74315E-02  2.00000E+00            102.CD 48.  11   3
 6 4  6.36689E-02  2.80000E-02  2.80000E-02  2.00000E+00            102.CD 48.  12   4
 1 3  1.44000E+00  5.90500E-02  5.90500E-02  0.00000E+00            102.CD 48.  13   3
 6 1  2.40707E+00  3.35610E-02  3.35610E-02  3.00000E+00            102.CD 48.  14   1
 6 5  2.77946E-01  5.52666E-02  5.52666E-02  3.00000E+00            102.CD 48.  15   5
 6 6  1.95198E-02  5.55219E-02  5.55219E-02  3.00000E+00            102.CD 48.  16   6
 6 7  5.52410E-03  5.57000E-02  5.57000E-02  3.00000E+00            102.CD 48.  17   7
 6 3  5.80821E-02  5.84815E-02  5.84815E-02  3.00000E+00            102.CD 48.  18   3
 6 4  1.16774E-02  5.90500E-02  5.90500E-02  3.00000E+00            102.CD 48.  19   4
 1 4  3.54000E+00  9.74600E-02  9.74600E-02  0.00000E+00            102.CD 48.  20   4
 6 1  1.40821E+00  7.19710E-02  7.19710E-02  4.00000E+00            102.CD 48.  21   1
 6 5  1.62564E-01  9.36766E-02  9.36766E-02  4.00000E+00            102.CD 48.  22   5
 6 6  1.03391E-02  9.39319E-02  9.39319E-02  4.00000E+00            102.CD 48.  23   6
 6 7  2.95089E-03  9.41100E-02  9.41100E-02  4.00000E+00            102.CD 48.  24   7
 6 3  3.37395E-02  9.68915E-02  9.68915E-02  4.00000E+00            102.CD 48.  25   3
 6 4  6.79119E-03  9.74600E-02  9.74600E-02  4.00000E+00            102.CD 48.  26   4
 1 5  6.54000E+00  1.16130E-01  1.16130E-01  0.00000E+00            102.CD 48.  27   5
 6 1  1.59195E+00  9.06410E-02  9.06410E-02  5.00000E+00            102.CD 48.  28   1
 6 5  1.83366E-01  1.12347E-01  1.12347E-01  5.00000E+00            102.CD 48.  29   5
 6 6  1.11915E-02  1.12602E-01  1.12602E-01  5.00000E+00            102.CD 48.  30   6
 6 7  3.20663E-03  1.12780E-01  1.12780E-01  5.00000E+00            102.CD 48.  31   7
 6 3  3.79779E-02  1.15561E-01  1.15561E-01  5.00000E+00            102.CD 48.  32   3
 6 4  7.64611E-03  1.16130E-01  1.16130E-01  5.00000E+00            102.CD 48.  33   4
 1 6  2.76000E+00  1.20470E-01  1.20470E-01  0.00000E+00            102.CD 48.  34   6
 6 1  6.06612E-01  9.49810E-02  9.49810E-02  6.00000E+00            102.CD 48.  35   1
 6 5  6.98403E-02  1.16687E-01  1.16687E-01  6.00000E+00            102.CD 48.  36   5
 6 6  4.22369E-03  1.16942E-01  1.16942E-01  6.00000E+00            102.CD 48.  37   6
 6 7  1.21134E-03  1.17120E-01  1.17120E-01  6.00000E+00            102.CD 48.  38   7
 6 3  1.44590E-02  1.19901E-01  1.19901E-01  6.00000E+00            102.CD 48.  39   3
 6 4  2.91115E-03  1.20470E-01  1.20470E-01  6.00000E+00            102.CD 48.  40   4
 1 7  5.22000E-01  1.47090E-01  1.47090E-01  0.00000E+00            102.CD 48.  41   7
 6 1  1.18353E-01  1.21601E-01  1.21601E-01  7.00000E+00            102.CD 48.  42   1
 6 5  1.36130E-02  1.43307E-01  1.43307E-01  7.00000E+00            102.CD 48.  43   5
 6 6  7.79771E-04  1.43562E-01  1.43562E-01  7.00000E+00            102.CD 48.  44   6
 6 7  2.25052E-04  1.43740E-01  1.43740E-01  7.00000E+00            102.CD 48.  45   7
 6 3  2.80937E-03  1.46521E-01  1.46521E-01  7.00000E+00            102.CD 48.  46   3
 6 4  5.65827E-04  1.47090E-01  1.47090E-01  7.00000E+00            102.CD 48.  47   4
 1 8  2.40000E-01  1.56100E-01  1.56100E-01  0.00000E+00            102.CD 48.  48   8
 6 1  5.79602E-02  1.30611E-01  1.30611E-01  8.00000E+00            102.CD 48.  49   1
 6 5  5.65913E-03  1.52317E-01  1.52317E-01  8.00000E+00            102.CD 48.  50   5
 6 6  2.47488E-03  1.52572E-01  1.52572E-01  8.00000E+00            102.CD 48.  51   6
 6 7  2.72632E-03  1.52750E-01  1.52750E-01  8.00000E+00            102.CD 48.  52   7
 6 3  2.12115E-03  1.55531E-01  1.55531E-01  8.00000E+00            102.CD 48.  53   3
 6 4  3.96855E-04  1.56100E-01  1.56100E-01  8.00000E+00            102.CD 48.  54   4
 1 9  4.50000E+00  2.13500E-01  2.13500E-01  0.00000E+00            102.CD 48.  55   9
 6 1  2.09424E-01  1.88011E-01  1.88011E-01  9.00000E+00            102.CD 48.  56   1
 6 5  2.40142E-02  2.09717E-01  2.09717E-01  9.00000E+00            102.CD 48.  57   5
 6 6  1.21658E-03  2.09972E-01  2.09972E-01  9.00000E+00            102.CD 48.  58   6
 6 7  3.57359E-04  2.10150E-01  2.10150E-01  9.00000E+00            102.CD 48.  59   7
 6 3  4.90197E-03  2.12931E-01  2.12931E-01  9.00000E+00            102.CD 48.  60   3
 6 4  9.89247E-04  2.13500E-01  2.13500E-01  9.00000E+00            102.CD 48.  61   4
 110  1.44000E-01  2.44400E-01  2.44400E-01  0.00000E+00            102.CD 48.  62  10
 6 1  4.69864E-03  2.18911E-01  2.18911E-01  1.00000E+01            102.CD 48.  63   1
 6 5  5.38885E-04  2.40617E-01  2.40617E-01  1.00000E+01            102.CD 48.  64   5
 6 6  2.59180E-05  2.40872E-01  2.40872E-01  1.00000E+01            102.CD 48.  65   6
 6 7  7.69046E-06  2.41050E-01  2.41050E-01  1.00000E+01            102.CD 48.  66   7
 6 3  1.09485E-04  2.43831E-01  2.43831E-01  1.00000E+01            102.CD 48.  67   3
 6 4  2.21064E-05  2.44400E-01  2.44400E-01  1.00000E+01            102.CD 48.  68   4
 111  1.80000E-01  3.22500E-01  3.22500E-01  0.00000E+00            102.CD 48.  69  11
 6 1  2.87670E-03  2.97011E-01  2.97011E-01  1.10000E+01            102.CD 48.  70   1
 6 5  3.29993E-04  3.18717E-01  3.18717E-01  1.10000E+01            102.CD 48.  71   5
 6 6  1.41224E-05  3.18972E-01  3.18972E-01  1.10000E+01            102.CD 48.  72   6
 6 7  4.31293E-06  3.19150E-01  3.19150E-01  1.10000E+01            102.CD 48.  73   7
 6 3  6.64161E-05  3.21931E-01  3.21931E-01  1.10000E+01            102.CD 48.  74   3
 6 4  1.34305E-05  3.22500E-01  3.22500E-01  1.10000E+01            102.CD 48.  75   4
 112  3.36000E+00  3.60580E-01  3.60580E-01  0.00000E+00            102.CD 48.  76  12
 6 1  4.93595E-02  3.35091E-01  3.35091E-01  1.20000E+01            102.CD 48.  77   1
 6 5  5.23988E-03  3.56797E-01  3.56797E-01  1.20000E+01            102.CD 48.  78   5
 6 6  8.39890E-04  3.57052E-01  3.57052E-01  1.20000E+01            102.CD 48.  79   6
 6 7  7.30131E-04  3.57230E-01  3.57230E-01  1.20000E+01            102.CD 48.  80   7
 6 3  1.31163E-03  3.60011E-01  3.60011E-01  1.20000E+01            102.CD 48.  81   3
 6 4  2.56595E-04  3.60580E-01  3.60580E-01  1.20000E+01            102.CD 48.  82   4
 113  1.50000E-01  3.84000E-01  3.84000E-01  0.00000E+00            102.CD 48.  83  13
 6 1  1.80990E-03  3.58511E-01  3.58511E-01  1.30000E+01            102.CD 48.  84   1
 6 5  1.93079E-04  3.80217E-01  3.80217E-01  1.30000E+01            102.CD 48.  85   5
 6 6  2.87619E-05  3.80472E-01  3.80472E-01  1.30000E+01            102.CD 48.  86   6
 6 7  2.45823E-05  3.80650E-01  3.80650E-01  1.30000E+01            102.CD 48.  87   7
 6 3  4.74471E-05  3.83431E-01  3.83431E-01  1.30000E+01            102.CD 48.  88   3
 6 4  9.30379E-06  3.84000E-01  3.84000E-01  1.30000E+01            102.CD 48.  89   4
 114  7.68000E+00  4.15050E-01  4.15050E-01  0.00000E+00            102.CD 48.  90  14
 6 1  6.53739E-02  3.89561E-01  3.89561E-01  1.40000E+01            102.CD 48.  91   1
 6 5  7.46387E-03  4.11267E-01  4.11267E-01  1.40000E+01            102.CD 48.  92   5
 6 6  2.84943E-04  4.11522E-01  4.11522E-01  1.40000E+01            102.CD 48.  93   6
 6 7  9.02957E-05  4.11700E-01  4.11700E-01  1.40000E+01            102.CD 48.  94   7
 6 3  1.49219E-03  4.14481E-01  4.14481E-01  1.40000E+01            102.CD 48.  95   3
 6 4  3.02865E-04  4.15050E-01  4.15050E-01  1.40000E+01            102.CD 48.  96   4
 115  6.00000E+01  4.81000E-01  4.81000E-01  0.00000E+00            102.CD 48.  97  15
 6 1  3.56529E-01  4.55511E-01  4.55511E-01  1.50000E+01            102.CD 48.  98   1
 6 5  4.05653E-02  4.77217E-01  4.77217E-01  1.50000E+01            102.CD 48.  99   5
 6 6  1.44196E-03  4.77472E-01  4.77472E-01  1.50000E+01            102.CD 48. 100   6
 6 7  4.70001E-04  4.77650E-01  4.77650E-01  1.50000E+01            102.CD 48. 101   7
 6 3  8.08845E-03  4.80431E-01  4.80431E-01  1.50000E+01            102.CD 48. 102   3
 6 4  1.64337E-03  4.81000E-01  4.81000E-01  1.50000E+01            102.CD 48. 103   4
 116  7.56000E+00  5.05000E-01  5.05000E-01  0.00000E+00            102.CD 48. 104  16
 6 1  3.99559E-02  4.79511E-01  4.79511E-01  1.60000E+01            102.CD 48. 105   1
 6 5  4.54099E-03  5.01217E-01  5.01217E-01  1.60000E+01            102.CD 48. 106   5
 6 6  1.57520E-04  5.01472E-01  5.01472E-01  1.60000E+01            102.CD 48. 107   6
 6 7  5.18873E-05  5.01650E-01  5.01650E-01  1.60000E+01            102.CD 48. 108   7
 6 3  9.04974E-04  5.04431E-01  5.04431E-01  1.60000E+01            102.CD 48. 109   3
 6 4  1.83828E-04  5.05000E-01  5.05000E-01  1.60000E+01            102.CD 48. 110   4
 117  1.02000E+00  5.31200E-01  5.31200E-01  0.00000E+00            102.CD 48. 111  17
 6 1  4.77653E-03  5.05711E-01  5.05711E-01  1.70000E+01            102.CD 48. 112   1
 6 5  5.42228E-04  5.27417E-01  5.27417E-01  1.70000E+01            102.CD 48. 113   5
 6 6  1.83300E-05  5.27672E-01  5.27672E-01  1.70000E+01            102.CD 48. 114   6
 6 7  6.10877E-06  5.27850E-01  5.27850E-01  1.70000E+01            102.CD 48. 115   7
 6 3  1.08009E-04  5.30632E-01  5.30632E-01  1.70000E+01            102.CD 48. 116   3
 6 4  2.19330E-05  5.31200E-01  5.31200E-01  1.70000E+01            102.CD 48. 117   4
 118  2.28000E+00  5.55000E-01  5.55000E-01  0.00000E+00            102.CD 48. 118  18
 6 1  9.61980E-03  5.29511E-01  5.29511E-01  1.80000E+01            102.CD 48. 119   1
 6 5  1.09097E-03  5.51217E-01  5.51217E-01  1.80000E+01            102.CD 48. 120   5
 6 6  3.60529E-05  5.51472E-01  5.51472E-01  1.80000E+01            102.CD 48. 121   6
 6 7  1.21447E-05  5.51650E-01  5.51650E-01  1.80000E+01            102.CD 48. 122   7
 6 3  2.17235E-04  5.54431E-01  5.54431E-01  1.80000E+01            102.CD 48. 123   3
 6 4  4.40983E-05  5.55000E-01  5.55000E-01  1.80000E+01            102.CD 48. 124   4
 119  4.20000E+00  6.75650E-01  6.75650E-01  0.00000E+00            102.CD 48. 125  19
 6 1  1.11691E-02  6.50161E-01  6.50161E-01  1.90000E+01            102.CD 48. 126   1
 6 5  1.26197E-03  6.71867E-01  6.71867E-01  1.90000E+01            102.CD 48. 127   5
 6 6  3.75232E-05  6.72122E-01  6.72122E-01  1.90000E+01            102.CD 48. 128   6
 6 7  1.33649E-05  6.72300E-01  6.72300E-01  1.90000E+01            102.CD 48. 129   7
 6 3  2.50850E-04  6.75082E-01  6.75082E-01  1.90000E+01            102.CD 48. 130   3
 6 4  5.08363E-05  6.75650E-01  6.75650E-01  1.90000E+01            102.CD 48. 131   4
 120  6.00000E-02  9.20000E-01  9.20000E-01  0.00000E+00            102.CD 48. 132  20
 6 1  7.87590E-05  8.94511E-01  8.94511E-01  2.00000E+01            102.CD 48. 133   1
 6 5  8.88927E-06  9.16217E-01  9.16217E-01  2.00000E+01            102.CD 48. 134   5
 6 6  2.21220E-07  9.16472E-01  9.16472E-01  2.00000E+01            102.CD 48. 135   6
 6 7  8.84725E-08  9.16650E-01  9.16650E-01  2.00000E+01            102.CD 48. 136   7
 6 3  1.75549E-06  9.19432E-01  9.19432E-01  2.00000E+01            102.CD 48. 137   3
 6 4  3.55929E-07  9.20000E-01  9.20000E-01  2.00000E+01            102.CD 48. 138   4
 121  2.88000E-01  9.98600E-01  9.98600E-01  0.00000E+00            102.CD 48. 139  21
 6 1  3.14896E-04  9.73111E-01  9.73111E-01  2.10000E+01            102.CD 48. 140   1
 6 5  3.55343E-05  9.94817E-01  9.94817E-01  2.10000E+01            102.CD 48. 141   5
 6 6  8.41412E-07  9.95072E-01  9.95072E-01  2.10000E+01            102.CD 48. 142   6
 6 7  3.49626E-07  9.95250E-01  9.95250E-01  2.10000E+01            102.CD 48. 143   7
 6 3  7.00456E-06  9.98031E-01  9.98031E-01  2.10000E+01            102.CD 48. 144   3
 6 4  1.42066E-06  9.98600E-01  9.98600E-01  2.10000E+01            102.CD 48. 145   4
 122  1.38000E+01  1.03610E+00  1.03610E+00  0.00000E+00            102.CD 48. 146  22
 6 1  1.39082E-02  1.01061E+00  1.01061E+00  2.20000E+01            102.CD 48. 147   1
 6 5  1.56925E-03  1.03232E+00  1.03232E+00  2.20000E+01            102.CD 48. 148   5
 6 6  3.63243E-05  1.03257E+00  1.03257E+00  2.20000E+01            102.CD 48. 149   6
 6 7  1.53723E-05  1.03275E+00  1.03275E+00  2.20000E+01            102.CD 48. 150   7
 6 3  3.09083E-04  1.03553E+00  1.03553E+00  2.20000E+01            102.CD 48. 151   3
 6 4  6.26985E-05  1.03610E+00  1.03610E+00  2.20000E+01            102.CD 48. 152   4
 123  1.50000E-01  1.07910E+00  1.07910E+00  0.00000E+00            102.CD 48. 153  23
 6 1  1.38310E-04  1.05361E+00  1.05361E+00  2.30000E+01            102.CD 48. 154   1
 6 5  1.55962E-05  1.07532E+00  1.07532E+00  2.30000E+01            102.CD 48. 155   5
 6 6  3.52005E-07  1.07557E+00  1.07557E+00  2.30000E+01            102.CD 48. 156   6
 6 7  1.52126E-07  1.07575E+00  1.07575E+00  2.30000E+01            102.CD 48. 157   7
 6 3  3.06920E-06  1.07853E+00  1.07853E+00  2.30000E+01            102.CD 48. 158   3
 6 4  6.22715E-07  1.07910E+00  1.07910E+00  2.30000E+01            102.CD 48. 159   4
 124  6.00000E+00  1.35920E+00  1.35920E+00  0.00000E+00            102.CD 48. 160  24
 6 1  3.37045E-03  1.33371E+00  1.33371E+00  2.40000E+01            102.CD 48. 161   1
 6 5  3.78939E-04  1.35542E+00  1.35542E+00  2.40000E+01            102.CD 48. 162   5
 6 6  7.37528E-06  1.35567E+00  1.35567E+00  2.40000E+01            102.CD 48. 163   6
 6 7  3.65106E-06  1.35585E+00  1.35585E+00  2.40000E+01            102.CD 48. 164   7
 6 3  7.42680E-05  1.35863E+00  1.35863E+00  2.40000E+01            102.CD 48. 165   3
 6 4  1.50841E-05  1.35920E+00  1.35920E+00  2.40000E+01            102.CD 48. 166   4
 125  4.20000E-01  1.43960E+00  1.43960E+00  0.00000E+00            102.CD 48. 167  25
 6 1  2.09106E-04  1.41411E+00  1.41411E+00  2.50000E+01            102.CD 48. 168   1
 6 5  2.34887E-05  1.43582E+00  1.43582E+00  2.50000E+01            102.CD 48. 169   5
 6 6  4.40067E-07  1.43607E+00  1.43607E+00  2.50000E+01            102.CD 48. 170   6
 6 7  2.26390E-07  1.43625E+00  1.43625E+00  2.50000E+01            102.CD 48. 171   7
 6 3  4.60035E-06  1.43903E+00  1.43903E+00  2.50000E+01            102.CD 48. 172   3
 6 4  9.34554E-07  1.43960E+00  1.43960E+00  2.50000E+01            102.CD 48. 173   4
 126  1.38000E-01  1.71780E+00  1.71780E+00  0.00000E+00            102.CD 48. 174  26
 6 1  4.77282E-05  1.69231E+00  1.69231E+00  2.60000E+01            102.CD 48. 175   1
 6 5  5.34492E-06  1.71402E+00  1.71402E+00  2.60000E+01            102.CD 48. 176   5
 6 6  8.87994E-08  1.71427E+00  1.71427E+00  2.60000E+01            102.CD 48. 177   6
 6 7  5.20489E-08  1.71445E+00  1.71445E+00  2.60000E+01            102.CD 48. 178   7
 6 3  1.04582E-06  1.71723E+00  1.71723E+00  2.60000E+01            102.CD 48. 179   3
 6 4  2.11842E-07  1.71780E+00  1.71780E+00  2.60000E+01            102.CD 48. 180   4
 127  3.60000E-01  1.95600E+00  1.95600E+00  0.00000E+00            102.CD 48. 181  27
 6 1  9.58133E-05  1.93051E+00  1.93051E+00  2.70000E+01            102.CD 48. 182   1
 6 5  1.07106E-05  1.95222E+00  1.95222E+00  2.70000E+01            102.CD 48. 183   5
 6 6  1.62434E-07  1.95247E+00  1.95247E+00  2.70000E+01            102.CD 48. 184   6
 6 7  1.00972E-07  1.95265E+00  1.95265E+00  2.70000E+01            102.CD 48. 185   7
 6 3  2.09618E-06  1.95543E+00  1.95543E+00  2.70000E+01            102.CD 48. 186   3
 6 4  4.24100E-07  1.95600E+00  1.95600E+00  2.70000E+01            102.CD 48. 187   4
 2 1  1.97843E+01  2.19609E-02  2.19609E-02  0.00000E+00            102.CD 48. 188   1
 2 2  3.72812E+01  2.21389E-02  2.21389E-02  0.00000E+00            102.CD 48. 189   2
 2 3  3.25067E+00  2.48888E-02  2.48888E-02  0.00000E+00            102.CD 48. 190   3
 2 4  6.31646E+00  2.49204E-02  2.49204E-02  0.00000E+00            102.CD 48. 191   4
 2 5  2.19712E-02  2.51060E-02  2.51060E-02  0.00000E+00            102.CD 48. 192   5
 2 6  3.06578E-02  2.51124E-02  2.51124E-02  0.00000E+00            102.CD 48. 193   6
 2 7  6.60777E-01  2.54206E-02  2.54206E-02  0.00000E+00            102.CD 48. 194   7
 2 8  1.27776E+00  2.54258E-02  2.54258E-02  0.00000E+00            102.CD 48. 195   8
 2 9  2.47574E-03  2.54765E-02  2.54765E-02  0.00000E+00            102.CD 48. 196   9
 210  3.41232E-03  2.54771E-02  2.54771E-02  0.00000E+00            102.CD 48. 197  10
 221  2.72141E-04  2.55300E-04  2.55300E-04  0.00000E+00            102.CD 48. 198  21
 222  2.32702E-03  4.33400E-04  4.33400E-04  0.00000E+00            102.CD 48. 199  22
 223  7.51313E-02  3.18321E-03  3.18321E-03  0.00000E+00            102.CD 48. 200  23
 224  1.25021E-01  3.21487E-03  3.21487E-03  0.00000E+00            102.CD 48. 201  24
 225  8.30370E-04  3.40041E-03  3.40041E-03  0.00000E+00            102.CD 48. 202  25
 226  1.23862E-03  3.40685E-03  3.40685E-03  0.00000E+00            102.CD 48. 203  26
 227  1.34346E-02  3.71499E-03  3.71499E-03  0.00000E+00            102.CD 48. 204  27
 228  2.25754E-02  3.72026E-03  3.72026E-03  0.00000E+00            102.CD 48. 205  28
 229  6.62650E-05  3.77093E-03  3.77093E-03  0.00000E+00            102.CD 48. 206  29
 230  9.88503E-05  3.77154E-03  3.77154E-03  0.00000E+00            102.CD 48. 207  30
 241  4.38060E-07  1.78100E-04  1.78100E-04  0.00000E+00            102.CD 48. 208  41
 242  9.77233E-02  2.82430E-03  2.82430E-03  0.00000E+00            102.CD 48. 209  42
 243  1.15805E-03  2.95957E-03  2.95957E-03  0.00000E+00            102.CD 48. 210  43
 244  1.32234E+00  3.14510E-03  3.14510E-03  0.00000E+00            102.CD 48. 211  44
 245  1.02978E-02  3.42650E-03  3.42650E-03  0.00000E+00            102.CD 48. 212  45
 246  7.63036E-05  3.46496E-03  3.46496E-03  0.00000E+00            102.CD 48. 213  46
 247  1.23601E-01  3.51563E-03  3.51563E-03  0.00000E+00            102.CD 48. 214  47
 249  2.44217E-04  3.52121E-03  3.52121E-03  0.00000E+00            102.CD 48. 215  49
 261  3.74628E-01  2.64620E-03  2.64620E-03  0.00000E+00            102.CD 48. 216  61
 262  1.78934E-03  2.74981E-03  2.74981E-03  0.00000E+00            102.CD 48. 217  62
 263  1.68451E-03  2.78148E-03  2.78148E-03  0.00000E+00            102.CD 48. 218  63
 264  3.04390E-01  2.96701E-03  2.96701E-03  0.00000E+00            102.CD 48. 219  64
 265  2.70006E+00  2.97345E-03  2.97345E-03  0.00000E+00            102.CD 48. 220  65
 266  2.43221E-02  3.24839E-03  3.24839E-03  0.00000E+00            102.CD 48. 221  66
 267  8.86501E-05  3.28159E-03  3.28159E-03  0.00000E+00            102.CD 48. 222  67
 268  8.43487E-05  3.28686E-03  3.28686E-03  0.00000E+00            102.CD 48. 223  68
 269  2.79964E-02  3.33753E-03  3.33753E-03  0.00000E+00            102.CD 48. 224  69
 270  2.46709E-01  3.33814E-03  3.33814E-03  0.00000E+00            102.CD 48. 225  70
 273  6.92031E-04  3.34311E-03  3.34311E-03  0.00000E+00            102.CD 48. 226  73
 291  1.79437E-01  3.66990E-04  3.66990E-04  0.00000E+00            102.CD 48. 227  91
 292  3.49444E-03  4.72808E-05  4.72808E-05  0.00000E+00            102.CD 48. 228  92
 294  7.50834E+02  1.20775E-05  1.20775E-05  0.00000E+00            102.CD 48. 229  94
 7 1  9.56217E+00  1.84717E-02  1.84717E-02  0.00000E+00            102.CD 48. 230   1
 7 2  3.86358E+00  2.14605E-02  2.14605E-02  0.00000E+00            102.CD 48. 231   2
 7 3  3.75705E-01  2.44523E-02  2.44523E-02  0.00000E+00            102.CD 48. 232   3
 7 4  1.68136E+01  1.34887E-04  1.34887E-04  0.00000E+00            102.CD 48. 233   4
 7 5  7.07165E+01  2.49408E-03  2.49408E-03  0.00000E+00            102.CD 48. 234   5
 7 6  1.53258E+01  2.90208E-03  2.90208E-03  0.00000E+00            102.CD 48. 235   6
 7 7  8.81262E-01  3.32800E-03  3.32800E-03  0.00000E+00            102.CD 48. 236   7
 7 8  7.59550E+01  1.26970E-04  1.26970E-04  0.00000E+00            102.CD 48. 237   8
 7 9  1.85055E+02  3.19028E-04  3.19028E-04  0.00000E+00            102.CD 48. 238   9
 710  9.63833E-01  3.72112E-04  3.72112E-04  0.00000E+00            102.CD 48. 239  10
 712  2.73520E+02  3.78175E-05  3.78175E-05  0.00000E+00            102.CD 48. 240  12
%%%% 102 CD  48    EC B+        3.30000E+02 5.5 M      18-07-2007       SEEIEND 
 


   ***************************************************** 
   *                 Radiation Summary                 * 
   ***************************************************** 
 
  Energy released by
    Gamma-ray                       (MeV) =   6.89741E-01
    X-ray                           (MeV) =   1.56561E-02
    Free-bound X-ray                (MeV) =   9.06817E-05
    Annihilation photon             (MeV) =   1.32551E-01
    Beta+ particle                  (MeV) =   6.08861E-02
    Neutrino                        (MeV) =   1.66769E+00
    Beta- particle                  (MeV) =   0.00000E+00
    Neutrino-                       (MeV) =   0.00000E+00
    Internal conv. electron         (MeV) =   8.96036E-03
    Auger and CK electron           (MeV) =   5.74165E-03
    Alpha particle                  (MeV) =   0.00000E+00
    Recoil nucleus                  (MeV) =   0.00000E+00
  E-total (except unplaced radiat.) (MeV) =   2.58132E+00
  E-unplaced radiation              (MeV) =   0.00000E+00
  Q-value from ENSDF data           (MeV) =   2.58700E+00
  Ratio of E-total/Q-value          ( % ) =   9.97803E+01
  Ratio of E-unplaced radi./Q-value ( % ) =   0.00000E+00

 
  Total yield of
    Gamma-ray                             =   1.27350E+00
    X-ray                                 =   7.42915E-01
    Free-bound X-ray                      =   7.50834E+00
    Annihilation photon                   =   2.59394E-01
    Beta+ particle                        =   1.29697E-01
    Beta- particle                        =   0.00000E+00
    Internal conv. electron               =   1.07740E-01
    Auger and CK electron                 =   6.53032E+00
    Alpha particle                        =   0.00000E+00
  Yield of unplaced radiation             =   0.00000E+00


