%%%% 104 CD  48    EC           3.46200E+03 57.7 M     02-11-2005       BALASTAR
1 104   CD  48 57.7 M          EC         
           WARNING:                                                                             
 104 AG 47  GAMMA-RAY ENERGY =   0.02660 MEV                                                    
           HALF-LIFE OF INITIAL LEVEL ASSOCIATED WITH GAMMA-RAY TOO SHORT TO BE                 
           CONSIDERED ISOMERIC, AND INTENSITY = 0.0                                             
           TRANSITION IGNORED                                                                   
1INTENSITY AND ENERGY BALANCE DATA

              104-CADMIUM-48
+                                    HALFLIFE = 57.7 MINUTES 
+                                                                  02-11-2005


    LEVEL       INTENSITY   INTENSITY
    ENERGY      ENTERING    LEAVING     PERCENT
    (MEV)       LEVEL       LEVEL       ERROR

   0.0000E+00  0.0000E+00
   6.9000E-03  1.0055E+02  0.0000E+00  2.0000E+02  ********************
   9.0600E-02  7.8693E+01  8.0437E+01  2.1916E+00                      
   1.3070E-01  0.0000E+00  4.3543E-01  2.0000E+02  ********************
   1.5740E-01  7.3628E+00  5.7855E+00  2.3992E+01  ********************
   7.1650E-01  2.8148E+01  2.8097E+01  1.8248E-01                      


 INTENSITY TO GROUND AND ISOMERIC STATE(S) OF DAUGHTER(S)=  1.006E+02
 TOTAL INTENSITY FROM PARENT=  1.000E+02
 PERCENT ERROR =  5.476E-01                      


 TOTAL INTENSITY FROM PARENT =  1.000E+02
 VALUE IS WITHIN   7.63E-06% OF 100                      


 TOTAL ENERGY AVAILABLE =  1.136E+00 MEV
 TOTAL ENERGY CONTENT OF ALL RADIATIONS =  1.135E+00 MEV
 PERCENT ERROR =  8.313E-02                      
%%%% 104 CD  48    EC           3.46200E+03 57.7 M     02-11-2005       BALAEND 
%%%% 104 CD  48    EC           3.46200E+03 57.7 M     02-11-2005       INPUSTAR
1                                      **INPUT DATA**
              104-CADMIUM-48
+                                    HALFLIFE = 57.7 MINUTES 
+                                                                  02-11-2005

            MODE OF DECAY: ELECTRON CAPTURE
 
                                MEAN
                                NUMBER/    TRANSITION
                TYPE OF    ID   TRANSFOR-  ENERGY
              TRANSITION   NO.  MATION     (MEV)       OTHER NUCLEAR PARAMETERS

           ELECT. CAPTURE   1   2.81E-01   4.195E-01   ALLOWED                                  
           ELECT. CAPTURE   2   9.88E-03   9.786E-01   SECOND FORBIDDEN                         
           ELECT. CAPTURE   3   7.09E-01   1.045E+00   ALLOWED                                  
           I.C.E. + GAMMA   3   5.66E-02   6.660E-02   M1 MULTIPOLE                             
+                                                                    AK= 1.18                   
                                                       AL1=0.136     AL2=0.00937                
                                                       AL3=0.00266   AM= 0.0285                 
                                                       AN+=0.00572                              
           I.C.E. + GAMMA   4   8.04E-01   8.350E-02   M1 MULTIPOLE                             
+                                                                    AK= 0.616                  
                                                       AL1=0.0712    AL2=0.00469                
                                                       AL3=0.00133   AM= 0.0148                 
                                                       AN+=0.00299                              
           I.C.E. + GAMMA   5   4.35E-03   1.237E-01   M1 MULTIPOLE                             
+                                                                    AK= 0.204                  
                                                       AL1=0.0235    AL2=0.00141                
                                                       AM= 0.00486                              
           I.C.E. + GAMMA   6   1.26E-03   1.502E-01   M1 MULTIPOLE                             
+                                                                    AK= 0.104                  
                                                       AL1=0.0120    AM= 0.00247                
           I.C.E. + GAMMA   7   6.38E-02   5.590E-01   M1 MULTIPOLE                             
+                                                                    AK= 0.00415                
           I.C.E. + GAMMA   8   2.17E-02   6.257E-01   M1 MULTIPOLE                             
+                                                                    AK= 0.00318                
           I.C.E. + GAMMA   9   1.96E-01   7.093E-01   M1 MULTIPOLE                             
+                                                                    AK= 0.00210                
 
           - - - - - - - - - -
           Reference: Evaluated Nuclear Structure Data File (ENSDF)
                DATE DATA WERE ENTERED INTO ENSDF: Feb-2000
%%%% 104 CD  48    EC           3.46200E+03 57.7 M     02-11-2005       INPUEND 
%%%% 104 CD  48    EC           3.46200E+03 57.7 M     02-11-2005       OUTPSTAR
1                                      **OUTPUT DATA**
              104-CADMIUM-48
+                                    HALFLIFE = 57.7 MINUTES 
+                                                                  02-11-2005

            MODE OF DECAY: ELECTRON CAPTURE
 
                                              MEAN
                                              NUMBER/                  MEV/
                                         ID   TRANSFOR-   ENERGY       TRANSFOR-
                  TYPE OF RADIATION      NO.  MATION      (MEV)        MATION

           GAMMA-RAY                      3   2.40E-02    6.660E-02    1.60E-03
           K CONV. ELECTRON, GAMMA-RAY    3   2.83E-02    4.111E-02    1.16E-03
           L1 CONV. ELECTRON, GAMMA-RAY   3   3.26E-03    6.282E-02    2.05E-04
           M CONV. ELECTRON, GAMMA-RAY    3   6.82E-04    6.603E-02*   4.50E-05
           GAMMA-RAY                      4   4.70E-01    8.350E-02    3.92E-02
           K CONV. ELECTRON, GAMMA-RAY    4   2.90E-01    5.801E-02    1.68E-02
           L1 CONV. ELECTRON, GAMMA-RAY   4   3.35E-02    7.972E-02    2.67E-03
           L2 CONV. ELECTRON, GAMMA-RAY   4   2.20E-03    7.997E-02    1.76E-04
           L3 CONV. ELECTRON, GAMMA-RAY   4   6.27E-04    8.015E-02    5.02E-05
           M CONV. ELECTRON, GAMMA-RAY    4   6.97E-03    8.293E-02*   5.78E-04
           N+ CONV. ELECTRON, GAMMA-RAY   4   1.40E-03    8.350E-02*   1.17E-04
           GAMMA-RAY                      5   3.52E-03    1.237E-01    4.36E-04
           K CONV. ELECTRON, GAMMA-RAY    5   7.19E-04    9.821E-02    7.07E-05
           GAMMA-RAY                      7   6.34E-02    5.590E-01    3.55E-02
           K CONV. ELECTRON, GAMMA-RAY    7   2.63E-04    5.335E-01    1.40E-04
           GAMMA-RAY                      8   2.16E-02    6.257E-01    1.35E-02
           K CONV. ELECTRON, GAMMA-RAY    8   6.88E-05    6.002E-01    4.13E-05
           GAMMA-RAY                      9   1.95E-01    7.093E-01    1.38E-01
           K CONV. ELECTRON, GAMMA-RAY    9   4.09E-04    6.838E-01    2.80E-04
           L1 CONV. ELECTRON, GAMMA-RAY   9   4.62E-05    7.055E-01    3.26E-05
           K -L2 X-RAY                        2.82E-01    2.196E-02    6.20E-03
           K -L3 X-RAY                        5.32E-01    2.214E-02    1.18E-02
           K -M2 X-RAY                        4.64E-02    2.489E-02    1.16E-03
           K -M3 X-RAY                        9.02E-02    2.492E-02    2.25E-03
           K -N3 X-RAY                        1.82E-02    2.543E-02    4.64E-04
           AUGER KLL                          1.37E-01    1.847E-02*   2.52E-03
           AUGER KLX                          5.52E-02    2.146E-02*   1.18E-03
           AUGER KXY                          5.36E-03    2.445E-02*   1.31E-04
           CK LLX                             2.40E-01    1.349E-04*   3.24E-05
           AUGER LMM                          9.93E-01    2.494E-03*   2.48E-03
           AUGER LMX                          2.15E-01    2.902E-03*   6.24E-04
           AUGER LXY                          1.24E-02    3.328E-03*   4.12E-05
           CK MMX                             1.07E+00    1.269E-04*   1.35E-04
           AUGER MNN                          2.60E+00    3.190E-04*   8.29E-04
           CK NNX                             3.84E+00    3.782E-05*   1.45E-04
 
           ALL LISTED X-RAYS, GAMMA-RAYS AND ANNIHILATION RADIATION    2.50E-01
           ALL NEGLECTED X-RAYS, GAMMA-RAYS AND ANNIH. RADIATION**     7.92E-04
           ALL LISTED BETAS, INTERNAL CONVERSION AND AUGER ELECTRONS   3.05E-02
           ALL NEGLECTED BETAS, INT. CONVERSION AND AUGER ELECTRONS**  9.95E-05
           ALL LISTED RADIATIONS                                       2.81E-01
           ALL NEGLECTED RADIATIONS**                                  8.91E-04
 
           *  AVERAGE ENERGY (MEV)
           ** EACH NEGLECTED TRANSITION CONTRIBUTES LESS THAN  0.100%
              TO THE TOTAL MEV/TRANSFORMATION FOR THIS CATEGORY.
           TOTAL FEEDING OF 0.006900 MEV ISOMERIC LEVEL IN 104-SILVER      
             DAUGHTER IS 1.0055E+00 PER TRANSFORMATION OF 104-CADMIUM.
             DECAY OF THIS 33.5 MINUTES HALFLIFE LEVEL WILL CONTRIBUTE TO DOSE.
           - - - - - - - - - -
           INPUT DATA SOURCE: EVALUATED NUCLEAR STRUCTURE DATA FILE (ENSDF)
             DATE INPUT DATA WERE ENTERED INTO ENSDF: Feb-2000
%%%% 104 CD  48    EC           3.46200E+03 57.7 M     02-11-2005       OUTPEND 
%%%% 104 CD  48    EC           3.46200E+03 57.7 M     02-11-2005       SEEISTAR
104.  CADMIUM      48.  5.770E+01 MINUTES  102 EC                   104.CD 48.   0
 1 3  2.39700E+00  6.66000E-02  6.66000E-02  0.00000E+00            104.CD 48.   1   3
 6 1  2.82559E+00  4.11110E-02  4.11110E-02  3.00000E+00            104.CD 48.   2   1
 6 5  3.25861E-01  6.28166E-02  6.28166E-02  3.00000E+00            104.CD 48.   3   5
 6 6  2.24598E-02  6.30719E-02  6.30719E-02  3.00000E+00            104.CD 48.   4   6
 6 7  6.36650E-03  6.32500E-02  6.32500E-02  3.00000E+00            104.CD 48.   5   7
 6 3  6.82181E-02  6.60315E-02  6.60315E-02  3.00000E+00            104.CD 48.   6   3
 6 4  1.37141E-02  6.66000E-02  6.66000E-02  3.00000E+00            104.CD 48.   7   4
 1 4  4.70000E+01  8.35000E-02  8.35000E-02  0.00000E+00            104.CD 48.   8   4
 6 1  2.89682E+01  5.80110E-02  5.80110E-02  4.00000E+00            104.CD 48.   9   1
 6 5  3.34807E+00  7.97166E-02  7.97166E-02  4.00000E+00            104.CD 48.  10   5
 6 6  2.20202E-01  7.99719E-02  7.99719E-02  4.00000E+00            104.CD 48.  11   6
 6 7  6.26773E-02  8.01500E-02  8.01500E-02  4.00000E+00            104.CD 48.  12   7
 6 3  6.97499E-01  8.29315E-02  8.29315E-02  4.00000E+00            104.CD 48.  13   3
 6 4  1.40360E-01  8.35000E-02  8.35000E-02  4.00000E+00            104.CD 48.  14   4
 1 5  3.52500E-01  1.23700E-01  1.23700E-01  0.00000E+00            104.CD 48.  15   5
 6 1  7.19430E-02  9.82110E-02  9.82110E-02  5.00000E+00            104.CD 48.  16   1
 6 5  8.28777E-03  1.19917E-01  1.19917E-01  5.00000E+00            104.CD 48.  17   5
 6 6  4.97685E-04  1.20172E-01  1.20172E-01  5.00000E+00            104.CD 48.  18   6
 6 7  1.42900E-04  1.20350E-01  1.20350E-01  5.00000E+00            104.CD 48.  19   7
 6 3  1.71481E-03  1.23131E-01  1.23131E-01  5.00000E+00            104.CD 48.  20   3
 6 4  3.45252E-04  1.23700E-01  1.23700E-01  5.00000E+00            104.CD 48.  21   4
 1 6  1.12800E-01  1.50200E-01  1.50200E-01  0.00000E+00            104.CD 48.  22   6
 6 1  1.17506E-02  1.24711E-01  1.24711E-01  6.00000E+00            104.CD 48.  23   1
 6 5  1.35131E-03  1.46417E-01  1.46417E-01  6.00000E+00            104.CD 48.  24   5
 6 6  7.69357E-05  1.46672E-01  1.46672E-01  6.00000E+00            104.CD 48.  25   6
 6 7  2.22204E-05  1.46850E-01  1.46850E-01  6.00000E+00            104.CD 48.  26   7
 6 3  2.78768E-04  1.49631E-01  1.49631E-01  6.00000E+00            104.CD 48.  27   3
 6 4  5.61494E-05  1.50200E-01  1.50200E-01  6.00000E+00            104.CD 48.  28   4
 1 7  6.34500E+00  5.59000E-01  5.59000E-01  0.00000E+00            104.CD 48.  29   7
 6 1  2.63188E-02  5.33511E-01  5.33511E-01  7.00000E+00            104.CD 48.  30   1
 6 5  2.98432E-03  5.55217E-01  5.55217E-01  7.00000E+00            104.CD 48.  31   5
 6 6  9.82528E-05  5.55472E-01  5.55472E-01  7.00000E+00            104.CD 48.  32   6
 6 7  3.31574E-05  5.55650E-01  5.55650E-01  7.00000E+00            104.CD 48.  33   7
 6 3  5.94205E-04  5.58432E-01  5.58432E-01  7.00000E+00            104.CD 48.  34   3
 6 4  1.20615E-04  5.59000E-01  5.59000E-01  7.00000E+00            104.CD 48.  35   4
 1 8  2.16200E+00  6.25700E-01  6.25700E-01  0.00000E+00            104.CD 48.  36   8
 6 1  6.87654E-03  6.00211E-01  6.00211E-01  8.00000E+00            104.CD 48.  37   1
 6 5  7.77977E-04  6.21917E-01  6.21917E-01  8.00000E+00            104.CD 48.  38   5
 6 6  2.41239E-05  6.22172E-01  6.22172E-01  8.00000E+00            104.CD 48.  39   6
 6 7  8.39637E-06  6.22350E-01  6.22350E-01  8.00000E+00            104.CD 48.  40   7
 6 3  1.54757E-04  6.25132E-01  6.25132E-01  8.00000E+00            104.CD 48.  41   3
 6 4  3.13824E-05  6.25700E-01  6.25700E-01  8.00000E+00            104.CD 48.  42   4
 1 9  1.95050E+01  7.09300E-01  7.09300E-01  0.00000E+00            104.CD 48.  43   9
 6 1  4.09062E-02  6.83811E-01  6.83811E-01  9.00000E+00            104.CD 48.  44   1
 6 5  4.62020E-03  7.05517E-01  7.05517E-01  9.00000E+00            104.CD 48.  45   5
 6 6  1.33711E-04  7.05772E-01  7.05772E-01  9.00000E+00            104.CD 48.  46   6
 6 7  4.83784E-05  7.05950E-01  7.05950E-01  9.00000E+00            104.CD 48.  47   7
 6 3  9.17594E-04  7.08732E-01  7.08732E-01  9.00000E+00            104.CD 48.  48   3
 6 4  1.85942E-04  7.09300E-01  7.09300E-01  9.00000E+00            104.CD 48.  49   4
 2 1  2.82456E+01  2.19609E-02  2.19609E-02  0.00000E+00            104.CD 48.  50   1
 2 2  5.32255E+01  2.21389E-02  2.21389E-02  0.00000E+00            104.CD 48.  51   2
 2 3  4.64091E+00  2.48888E-02  2.48888E-02  0.00000E+00            104.CD 48.  52   3
 2 4  9.01786E+00  2.49204E-02  2.49204E-02  0.00000E+00            104.CD 48.  53   4
 2 5  3.13677E-02  2.51060E-02  2.51060E-02  0.00000E+00            104.CD 48.  54   5
 2 6  4.37694E-02  2.51124E-02  2.51124E-02  0.00000E+00            104.CD 48.  55   6
 2 7  9.43376E-01  2.54206E-02  2.54206E-02  0.00000E+00            104.CD 48.  56   7
 2 8  1.82423E+00  2.54258E-02  2.54258E-02  0.00000E+00            104.CD 48.  57   8
 2 9  3.53455E-03  2.54765E-02  2.54765E-02  0.00000E+00            104.CD 48.  58   9
 210  4.87169E-03  2.54771E-02  2.54771E-02  0.00000E+00            104.CD 48.  59  10
 221  3.92121E-04  2.55300E-04  2.55300E-04  0.00000E+00            104.CD 48.  60  21
 222  3.35294E-03  4.33400E-04  4.33400E-04  0.00000E+00            104.CD 48.  61  22
 223  1.08255E-01  3.18321E-03  3.18321E-03  0.00000E+00            104.CD 48.  62  23
 224  1.80140E-01  3.21487E-03  3.21487E-03  0.00000E+00            104.CD 48.  63  24
 225  1.19646E-03  3.40041E-03  3.40041E-03  0.00000E+00            104.CD 48.  64  25
 226  1.78469E-03  3.40685E-03  3.40685E-03  0.00000E+00            104.CD 48.  65  26
 227  1.93576E-02  3.71499E-03  3.71499E-03  0.00000E+00            104.CD 48.  66  27
 228  3.25282E-02  3.72026E-03  3.72026E-03  0.00000E+00            104.CD 48.  67  28
 229  9.54795E-05  3.77093E-03  3.77093E-03  0.00000E+00            104.CD 48.  68  29
 230  1.42431E-04  3.77154E-03  3.77154E-03  0.00000E+00            104.CD 48.  69  30
 241  6.11729E-07  1.78100E-04  1.78100E-04  0.00000E+00            104.CD 48.  70  41
 242  1.36466E-01  2.82430E-03  2.82430E-03  0.00000E+00            104.CD 48.  71  42
 243  1.61716E-03  2.95957E-03  2.95957E-03  0.00000E+00            104.CD 48.  72  43
 244  1.84659E+00  3.14510E-03  3.14510E-03  0.00000E+00            104.CD 48.  73  44
 245  1.43804E-02  3.42650E-03  3.42650E-03  0.00000E+00            104.CD 48.  74  45
 246  1.06554E-04  3.46496E-03  3.46496E-03  0.00000E+00            104.CD 48.  75  46
 247  1.72604E-01  3.51563E-03  3.51563E-03  0.00000E+00            104.CD 48.  76  47
 249  3.41037E-04  3.52121E-03  3.52121E-03  0.00000E+00            104.CD 48.  77  49
 261  5.26056E-01  2.64620E-03  2.64620E-03  0.00000E+00            104.CD 48.  78  61
 262  2.51261E-03  2.74981E-03  2.74981E-03  0.00000E+00            104.CD 48.  79  62
 263  2.36541E-03  2.78148E-03  2.78148E-03  0.00000E+00            104.CD 48.  80  63
 264  4.27428E-01  2.96701E-03  2.96701E-03  0.00000E+00            104.CD 48.  81  64
 265  3.79145E+00  2.97344E-03  2.97344E-03  0.00000E+00            104.CD 48.  82  65
 266  3.41534E-02  3.24839E-03  3.24839E-03  0.00000E+00            104.CD 48.  83  66
 267  1.24483E-04  3.28159E-03  3.28159E-03  0.00000E+00            104.CD 48.  84  67
 268  1.18443E-04  3.28686E-03  3.28686E-03  0.00000E+00            104.CD 48.  85  68
 269  3.93129E-02  3.33753E-03  3.33753E-03  0.00000E+00            104.CD 48.  86  69
 270  3.46431E-01  3.33814E-03  3.33814E-03  0.00000E+00            104.CD 48.  87  70
 273  9.71756E-04  3.34311E-03  3.34311E-03  0.00000E+00            104.CD 48.  88  73
 291  2.51938E-01  3.66977E-04  3.66977E-04  0.00000E+00            104.CD 48.  89  91
 292  4.91099E-03  4.72764E-05  4.72764E-05  0.00000E+00            104.CD 48.  90  92
 294  1.05499E+03  1.20774E-05  1.20774E-05  0.00000E+00            104.CD 48.  91  94
 7 1  1.36517E+01  1.84717E-02  1.84717E-02  0.00000E+00            104.CD 48.  92   1
 7 2  5.51594E+00  2.14605E-02  2.14605E-02  0.00000E+00            104.CD 48.  93   2
 7 3  5.36386E-01  2.44523E-02  2.44523E-02  0.00000E+00            104.CD 48.  94   3
 7 4  2.40237E+01  1.34897E-04  1.34897E-04  0.00000E+00            104.CD 48.  95   4
 7 5  9.92692E+01  2.49422E-03  2.49422E-03  0.00000E+00            104.CD 48.  96   5
 7 6  2.15150E+01  2.90228E-03  2.90228E-03  0.00000E+00            104.CD 48.  97   6
 7 7  1.23721E+00  3.32826E-03  3.32826E-03  0.00000E+00            104.CD 48.  98   7
 7 8  1.06661E+02  1.26919E-04  1.26919E-04  0.00000E+00            104.CD 48.  99   8
 7 9  2.59999E+02  3.19034E-04  3.19034E-04  0.00000E+00            104.CD 48. 100   9
 710  1.35464E+00  3.72219E-04  3.72219E-04  0.00000E+00            104.CD 48. 101  10
 712  3.84358E+02  3.78152E-05  3.78152E-05  0.00000E+00            104.CD 48. 102  12
%%%% 104 CD  48    EC           3.46200E+03 57.7 M     02-11-2005       SEEIEND 
 


   ***************************************************** 
   *                 Radiation Summary                 * 
   ***************************************************** 
 
  Energy released by
    Gamma-ray                       (MeV) =   2.28792E-01
    X-ray                           (MeV) =   2.23478E-02
    Free-bound X-ray                (MeV) =   1.27416E-04
    Annihilation photon             (MeV) =   0.00000E+00
    Beta+ particle                  (MeV) =   0.00000E+00
    Neutrino                        (MeV) =   8.45099E-01
    Beta- particle                  (MeV) =   0.00000E+00
    Neutrino-                       (MeV) =   0.00000E+00
    Internal conv. electron         (MeV) =   2.24662E-02
    Auger and CK electron           (MeV) =   8.12586E-03
    Alpha particle                  (MeV) =   0.00000E+00
    Recoil nucleus                  (MeV) =   0.00000E+00
  E-total (except unplaced radiat.) (MeV) =   1.12696E+00
  E-unplaced radiation              (MeV) =   0.00000E+00
  Q-value from ENSDF data           (MeV) =   1.13600E+00
  Ratio of E-total/Q-value          ( % ) =   9.92041E+01
  Ratio of E-unplaced radi./Q-value ( % ) =   0.00000E+00

 
  Total yield of
    Gamma-ray                             =   7.78743E-01
    X-ray                                 =   1.05928E+00
    Free-bound X-ray                      =   1.05499E+01
    Annihilation photon                   =   0.00000E+00
    Beta+ particle                        =   0.00000E+00
    Beta- particle                        =   0.00000E+00
    Internal conv. electron               =   3.68806E-01
    Auger and CK electron                 =   9.18122E+00
    Alpha particle                        =   0.00000E+00
  Yield of unplaced radiation             =   0.00000E+00


