%%%% 113 CD  48    B-           2.42994E+23 7.7E+15 Y  02-11-2005       BALASTAR
1 113   CD  48 7.7E+15 Y       B-         
1INTENSITY AND ENERGY BALANCE DATA

              113-CADMIUM-48
+                                    HALFLIFE = 0.77E+16 YEARS   
+                                                                  02-11-2005


    LEVEL       INTENSITY   INTENSITY
    ENERGY      ENTERING    LEAVING     PERCENT
    (MEV)       LEVEL       LEVEL       ERROR

   0.0000E+00  1.0000E+02


 INTENSITY TO GROUND AND ISOMERIC STATE(S) OF DAUGHTER(S)=  1.000E+02
 TOTAL INTENSITY FROM PARENT=  1.000E+02
 PERCENT ERROR =  0.000E+00                      


 TOTAL INTENSITY FROM PARENT =  1.000E+02
 VALUE IS WITHIN   0.00E+00% OF 100                      


 TOTAL ENERGY AVAILABLE =  3.200E-01 MEV
 TOTAL ENERGY CONTENT OF ALL RADIATIONS =  3.200E-01 MEV
 PERCENT ERROR =  0.000E+00                      
%%%% 113 CD  48    B-           2.42994E+23 7.7E+15 Y  02-11-2005       BALAEND 
%%%% 113 CD  48    B-           2.42994E+23 7.7E+15 Y  02-11-2005       INPUSTAR
1                                      **INPUT DATA**
              113-CADMIUM-48
+                                    HALFLIFE = 0.77E+16 YEARS   
+                                                                  02-11-2005

            MODE OF DECAY: BETA MINUS
 
                                MEAN
                                NUMBER/    TRANSITION
                TYPE OF    ID   TRANSFOR-  ENERGY
              TRANSITION   NO.  MATION     (MEV)       OTHER NUCLEAR PARAMETERS

               BETA MINUS   1   1.00E+00   3.200E-01*  ALLOWED                                  
 
           * ENDPOINT ENERGY (MEV)
           - - - - - - - - - -
           Reference: Evaluated Nuclear Structure Data File (ENSDF)
                DATE DATA WERE ENTERED INTO ENSDF: Apr-1998
%%%% 113 CD  48    B-           2.42994E+23 7.7E+15 Y  02-11-2005       INPUEND 
%%%% 113 CD  48    B-           2.42994E+23 7.7E+15 Y  02-11-2005       OUTPSTAR
1                                      **OUTPUT DATA**
              113-CADMIUM-48
+                                    HALFLIFE = 0.77E+16 YEARS   
+                                                                  02-11-2005

            MODE OF DECAY: BETA MINUS
 
                                              MEAN
                                              NUMBER/                  MEV/
                                         ID   TRANSFOR-   ENERGY       TRANSFOR-
                  TYPE OF RADIATION      NO.  MATION      (MEV)        MATION

           BETA MINUS                     1   1.00E+00    9.260E-02*   9.26E-02
 
           ALL LISTED BETAS, INTERNAL CONVERSION AND AUGER ELECTRONS   9.26E-02
           ALL LISTED RADIATIONS                                       9.26E-02
 
           *  AVERAGE ENERGY (MEV)
           TOTAL FEEDING OF GROUND STATE LEVEL IN 113-INDIUM
             DAUGHTER IS 1.0000E+00 PER TRANSFORMATION OF 113-CADMIUM.
             THIS DAUGHTER GROUND STATE IS STABLE.
           - - - - - - - - - -
           INPUT DATA SOURCE: EVALUATED NUCLEAR STRUCTURE DATA FILE (ENSDF)
             DATE INPUT DATA WERE ENTERED INTO ENSDF: Apr-1998
%%%% 113 CD  48    B-           2.42994E+23 7.7E+15 Y  02-11-2005       OUTPEND 
%%%% 113 CD  48    B-           2.42994E+23 7.7E+15 Y  02-11-2005       BETASTAR
1
              113-CADMIUM-48
+                                    HALFLIFE = 0.77E+16 YEARS   
+                                                                  02-11-2005

            BETA SPECTRUM DATA FOR ALL DECAY BRANCHES

                      BETAS PER                BETAS PER                BETAS PER
            ENERGY    MEV            ENERGY    MEV            ENERGY    MEV
            (MEV)     PER DECAY      (MEV)     PER DECAY      (MEV)     PER DECAY

            0.00000   7.196E+00      0.00150   7.150E+00      0.02600   6.553E+00
            0.00010   7.193E+00      0.00160   7.147E+00      0.02800   6.506E+00
            0.00011   7.193E+00      0.00180   7.141E+00      0.03000   6.459E+00
            0.00012   7.192E+00      0.00200   7.134E+00      0.03200   6.412E+00
            0.00013   7.192E+00      0.00220   7.128E+00      0.03600   6.317E+00
            0.00014   7.192E+00      0.00240   7.122E+00      0.04000   6.220E+00
            0.00015   7.191E+00      0.00260   7.116E+00      0.04500   6.098E+00
            0.00016   7.191E+00      0.00280   7.110E+00      0.05000   5.975E+00
            0.00018   7.190E+00      0.00300   7.104E+00      0.05500   5.850E+00
            0.00020   7.190E+00      0.00320   7.098E+00      0.06000   5.723E+00
            0.00022   7.189E+00      0.00360   7.085E+00      0.06500   5.595E+00
            0.00024   7.189E+00      0.00400   7.073E+00      0.07000   5.465E+00
            0.00026   7.188E+00      0.00450   7.057E+00      0.07500   5.334E+00
            0.00028   7.187E+00      0.00500   7.042E+00      0.08000   5.201E+00
            0.00030   7.187E+00      0.00550   7.027E+00      0.08500   5.066E+00
            0.00032   7.186E+00      0.00600   7.011E+00      0.09000   4.931E+00
            0.00036   7.185E+00      0.00650   6.996E+00      0.10000   4.656E+00
            0.00040   7.184E+00      0.00700   6.980E+00      0.11000   4.376E+00
            0.00045   7.182E+00      0.00750   6.965E+00      0.12000   4.093E+00
            0.00050   7.181E+00      0.00800   6.954E+00      0.13000   3.808E+00
            0.00055   7.179E+00      0.00850   6.943E+00      0.14000   3.522E+00
            0.00060   7.177E+00      0.00900   6.933E+00      0.15000   3.235E+00
            0.00065   7.176E+00      0.01000   6.911E+00      0.16000   2.951E+00
            0.00070   7.174E+00      0.01100   6.890E+00      0.18000   2.392E+00
            0.00075   7.173E+00      0.01200   6.868E+00      0.20000   1.857E+00
            0.00080   7.171E+00      0.01300   6.846E+00      0.22000   1.361E+00
            0.00085   7.170E+00      0.01400   6.824E+00      0.24000   9.181E-01
            0.00090   7.168E+00      0.01500   6.802E+00      0.26000   5.434E-01
            0.00100   7.165E+00      0.01600   6.780E+00      0.28000   2.538E-01
            0.00110   7.162E+00      0.01800   6.736E+00      0.30000   6.659E-02
            0.00120   7.159E+00      0.02000   6.690E+00      0.32000   3.879E-13
            0.00130   7.156E+00      0.02200   6.645E+00      0.32000   0.000E+00
            0.00140   7.153E+00      0.02400   6.599E+00

            AVERAGE BETA ENERGY =   9.260E-02

            TOTAL BETAS PER DECAY FOR ALL BRANCHES =   1.000E+00
%%%% 113 CD  48    B-           2.42994E+23 7.7E+15 Y  02-11-2005       BETAEND 
%%%% 113 CD  48    B-           2.42994E+23 7.7E+15 Y  02-11-2005       SEEISTAR
113.  CADMIUM      48.  7.700E+15 YEARS      1 B-                   113.CD 48.   0
 5 1  1.00000E+02  9.26017E-02  3.20000E-01  0.00000E+00            113.CD 48.   1   1
%%%% 113 CD  48    B-           2.42994E+23 7.7E+15 Y  02-11-2005       SEEIEND 
 


   ***************************************************** 
   *                 Radiation Summary                 * 
   ***************************************************** 
 
  Energy released by
    Gamma-ray                       (MeV) =   0.00000E+00
    X-ray                           (MeV) =   0.00000E+00
    Free-bound X-ray                (MeV) =   0.00000E+00
    Annihilation photon             (MeV) =   0.00000E+00
    Beta+ particle                  (MeV) =   0.00000E+00
    Neutrino                        (MeV) =   0.00000E+00
    Beta- particle                  (MeV) =   9.26017E-02
    Neutrino-                       (MeV) =   2.27398E-01
    Internal conv. electron         (MeV) =   0.00000E+00
    Auger and CK electron           (MeV) =   0.00000E+00
    Alpha particle                  (MeV) =   0.00000E+00
    Recoil nucleus                  (MeV) =   0.00000E+00
  E-total (except unplaced radiat.) (MeV) =   3.20000E-01
  E-unplaced radiation              (MeV) =   0.00000E+00
  Q-value from ENSDF data           (MeV) =   3.20000E-01
  Ratio of E-total/Q-value          ( % ) =   1.00000E+02
  Ratio of E-unplaced radi./Q-value ( % ) =   0.00000E+00

 
  Total yield of
    Gamma-ray                             =   0.00000E+00
    X-ray                                 =   0.00000E+00
    Free-bound X-ray                      =   0.00000E+00
    Annihilation photon                   =   0.00000E+00
    Beta+ particle                        =   0.00000E+00
    Beta- particle                        =   1.00000E+00
    Internal conv. electron               =   0.00000E+00
    Auger and CK electron                 =   0.00000E+00
    Alpha particle                        =   0.00000E+00
  Yield of unplaced radiation             =   0.00000E+00


%%%% 113 CD  48 M  B- IT        4.44962E+08 14.1 Y     02-11-2005       BALASTAR
1 113M  CD  48 14.1 Y          B- IT      
1INTENSITY AND ENERGY BALANCE DATA

              113M-CADMIUM-48
+                                    HALFLIFE = 14.1 YEARS   
+                                                                  02-11-2005


    LEVEL       INTENSITY   INTENSITY
    ENERGY      ENTERING    LEAVING     PERCENT
    (MEV)       LEVEL       LEVEL       ERROR

   0.0000E+00  9.9860E+01
   0.0000E+00  1.4000E-01
   2.6370E-01  1.4000E-01  1.4000E-01  0.0000E+00                      


 INTENSITY TO GROUND AND ISOMERIC STATE(S) OF DAUGHTER(S)=  1.000E+02
 TOTAL INTENSITY FROM PARENT=  1.000E+02
 PERCENT ERROR =  0.000E+00                      


 TOTAL INTENSITY FROM PARENT =  1.000E+02
 VALUE IS WITHIN   7.63E-06% OF 100                      


 TOTAL ENERGY AVAILABLE =  5.833E-01 MEV
 TOTAL ENERGY CONTENT OF ALL RADIATIONS =  5.833E-01 MEV
 PERCENT ERROR =  0.000E+00                      
%%%% 113 CD  48 M  B- IT        4.44962E+08 14.1 Y     02-11-2005       BALAEND 
%%%% 113 CD  48 M  B- IT        4.44962E+08 14.1 Y     02-11-2005       INPUSTAR
1                                      **INPUT DATA**
              113M-CADMIUM-48
+                                    HALFLIFE = 14.1 YEARS   
+                                                                  02-11-2005

            MODES OF DECAY: BETA MINUS, ISOMERIC LEVEL
 
                                MEAN
                                NUMBER/    TRANSITION
                TYPE OF    ID   TRANSFOR-  ENERGY
              TRANSITION   NO.  MATION     (MEV)       OTHER NUCLEAR PARAMETERS

               BETA MINUS   1   9.99E-01   5.837E-01*  FIRST FORBIDDEN                          
           I.C.E. + GAMMA   1   1.40E-03   2.637E-01   E5 MULTIPOLE                             
+                                                                    AK= 2.64                   
                                                       AL1=0.268     AL2=1.09                   
                                                       AL3=0.695     AM= 0.409                  
 
           * ENDPOINT ENERGY (MEV)
           - - - - - - - - - -
           Reference: Evaluated Nuclear Structure Data File (ENSDF)
                DATE DATA WERE ENTERED INTO ENSDF: Apr-1998
%%%% 113 CD  48 M  B- IT        4.44962E+08 14.1 Y     02-11-2005       INPUEND 
%%%% 113 CD  48 M  B- IT        4.44962E+08 14.1 Y     02-11-2005       OUTPSTAR
1                                      **OUTPUT DATA**
              113M-CADMIUM-48
+                                    HALFLIFE = 14.1 YEARS   
+                                                                  02-11-2005

            MODES OF DECAY: BETA MINUS, ISOMERIC LEVEL
 
                                              MEAN
                                              NUMBER/                  MEV/
                                         ID   TRANSFOR-   ENERGY       TRANSFOR-
                  TYPE OF RADIATION      NO.  MATION      (MEV)        MATION

           BETA MINUS                     1   9.99E-01    1.847E-01*   1.84E-01
           GAMMA-RAY                      1   2.30E-04    2.637E-01    6.05E-05
           K -L2 X-RAY                        1.47E-04    2.296E-02    3.38E-06
           K -L3 X-RAY                        2.76E-04    2.315E-02    6.40E-06
           K -M2 X-RAY                        2.44E-05    2.604E-02    6.35E-07
           K -M3 X-RAY                        4.74E-05    2.608E-02    1.24E-06
           K -N2 X-RAY                        4.96E-06    2.661E-02    1.32E-07
           K -N3 X-RAY                        9.63E-06    2.662E-02    2.56E-07
           L2-M4 X-RAY                        2.26E-05    3.311E-03    7.49E-08
           L3-M5 X-RAY                        2.87E-05    3.123E-03    8.96E-08
           Free-Bound X-RAY                   8.18E-03    1.715E-05    1.40E-07
 
           ALL LISTED X-RAYS, GAMMA-RAYS AND ANNIHILATION RADIATION    7.29E-05
           ALL NEGLECTED X-RAYS, GAMMA-RAYS AND ANNIH. RADIATION**     6.79E-08
           ALL LISTED BETAS, INTERNAL CONVERSION AND AUGER ELECTRONS   1.84E-01
           ALL NEGLECTED BETAS, INT. CONVERSION AND AUGER ELECTRONS**  2.96E-04
           ALL LISTED RADIATIONS                                       1.84E-01
           ALL NEGLECTED RADIATIONS**                                  2.96E-04
 
           *  AVERAGE ENERGY (MEV)
           ** EACH NEGLECTED TRANSITION CONTRIBUTES LESS THAN  0.100%
              TO THE TOTAL MEV/TRANSFORMATION FOR THIS CATEGORY.
           TOTAL FEEDING OF GROUND STATE LEVEL IN 113-INDIUM
             DAUGHTER IS 9.9860E-01  PER TRANSFORMATION OF 113M-CADMIUM.
             THIS DAUGHTER GROUND STATE IS STABLE.
           TOTAL FEEDING OF GROUND STATE LEVEL IN 113-CADMIUM
             DAUGHTER IS 1.4000E-03  PER TRANSFORMATION OF 113M-CADMIUM.
             DECAY OF THIS 0.77E+16 YEARS HALFLIFE LEVEL WILL CONTRIBUTE TO DOSE.
           - - - - - - - - - -
           INPUT DATA SOURCE: EVALUATED NUCLEAR STRUCTURE DATA FILE (ENSDF)
             DATE INPUT DATA WERE ENTERED INTO ENSDF: Apr-1998
%%%% 113 CD  48 M  B- IT        4.44962E+08 14.1 Y     02-11-2005       OUTPEND 
%%%% 113 CD  48 M  B- IT        4.44962E+08 14.1 Y     02-11-2005       BETASTAR
1
              113M-CADMIUM-48
+                                    HALFLIFE = 14.1 YEARS   
+                                                                  02-11-2005

            BETA SPECTRUM DATA FOR ALL DECAY BRANCHES

                      BETAS PER                BETAS PER                BETAS PER
            ENERGY    MEV            ENERGY    MEV            ENERGY    MEV
            (MEV)     PER DECAY      (MEV)     PER DECAY      (MEV)     PER DECAY

            0.00000   3.166E+00      0.00180   3.158E+00      0.03600   3.107E+00
            0.00010   3.166E+00      0.00200   3.157E+00      0.04000   3.102E+00
            0.00011   3.166E+00      0.00220   3.156E+00      0.04500   3.095E+00
            0.00012   3.166E+00      0.00240   3.155E+00      0.05000   3.087E+00
            0.00013   3.165E+00      0.00260   3.154E+00      0.05500   3.079E+00
            0.00014   3.165E+00      0.00280   3.153E+00      0.06000   3.071E+00
            0.00015   3.165E+00      0.00300   3.152E+00      0.06500   3.061E+00
            0.00016   3.165E+00      0.00320   3.151E+00      0.07000   3.051E+00
            0.00018   3.165E+00      0.00360   3.149E+00      0.07500   3.041E+00
            0.00020   3.165E+00      0.00400   3.148E+00      0.08000   3.029E+00
            0.00022   3.165E+00      0.00450   3.145E+00      0.08500   3.017E+00
            0.00024   3.165E+00      0.00500   3.143E+00      0.09000   3.004E+00
            0.00026   3.165E+00      0.00550   3.141E+00      0.10000   2.976E+00
            0.00028   3.165E+00      0.00600   3.138E+00      0.11000   2.945E+00
            0.00030   3.165E+00      0.00650   3.136E+00      0.12000   2.910E+00
            0.00032   3.165E+00      0.00700   3.134E+00      0.13000   2.871E+00
            0.00036   3.164E+00      0.00750   3.131E+00      0.14000   2.830E+00
            0.00040   3.164E+00      0.00800   3.131E+00      0.15000   2.785E+00
            0.00045   3.164E+00      0.00850   3.131E+00      0.16000   2.736E+00
            0.00050   3.164E+00      0.00900   3.130E+00      0.18000   2.630E+00
            0.00055   3.164E+00      0.01000   3.130E+00      0.20000   2.511E+00
            0.00060   3.163E+00      0.01100   3.130E+00      0.22000   2.381E+00
            0.00065   3.163E+00      0.01200   3.129E+00      0.24000   2.241E+00
            0.00070   3.163E+00      0.01300   3.129E+00      0.26000   2.092E+00
            0.00075   3.163E+00      0.01400   3.128E+00      0.28000   1.935E+00
            0.00080   3.162E+00      0.01500   3.127E+00      0.30000   1.772E+00
            0.00085   3.162E+00      0.01600   3.127E+00      0.32000   1.605E+00
            0.00090   3.162E+00      0.01800   3.125E+00      0.36000   1.264E+00
            0.00100   3.161E+00      0.02000   3.124E+00      0.40000   9.294E-01
            0.00110   3.161E+00      0.02200   3.122E+00      0.45000   5.454E-01
            0.00120   3.161E+00      0.02400   3.120E+00      0.50000   2.355E-01
            0.00130   3.160E+00      0.02600   3.118E+00      0.55000   4.185E-02
            0.00140   3.160E+00      0.02800   3.116E+00      0.58370   0.000E+00
            0.00150   3.159E+00      0.03000   3.114E+00
            0.00160   3.159E+00      0.03200   3.112E+00

            AVERAGE BETA ENERGY =   1.847E-01

            TOTAL BETAS PER DECAY FOR ALL BRANCHES =   9.986E-01
%%%% 113 CD  48 M  B- IT        4.44962E+08 14.1 Y     02-11-2005       BETAEND 
%%%% 113 CD  48 M  B- IT        4.44962E+08 14.1 Y     02-11-2005       SEEISTAR
113.M CADMIUM      48.  1.410E+01 YEARS     62 B- IT                113.CD 48.   0
 5 1  9.98600E+01  1.84652E-01  5.83700E-01  0.00000E+00            113.CD 48.   1   1
 1 1  2.29508E-02  2.63700E-01  2.63700E-01  0.00000E+00            113.CD 48.   2   1
 6 1  6.04983E-02  2.37012E-01  2.37012E-01  1.00000E+00            113.CD 48.   3   1
 6 5  6.16034E-03  2.59706E-01  2.59706E-01  1.00000E+00            113.CD 48.   4   5
 6 6  2.50396E-02  2.59969E-01  2.59969E-01  1.00000E+00            113.CD 48.   5   6
 6 7  1.59580E-02  2.60165E-01  2.60165E-01  1.00000E+00            113.CD 48.   6   7
 6 3  9.39290E-03  2.63087E-01  2.63087E-01  1.00000E+00            113.CD 48.   7   3
 2 1  1.47034E-02  2.29571E-02  2.29571E-02  0.00000E+00            113.CD 48.   8   1
 2 2  2.76379E-02  2.31527E-02  2.31527E-02  0.00000E+00            113.CD 48.   9   2
 2 3  2.43849E-03  2.60401E-02  2.60401E-02  0.00000E+00            113.CD 48.  10   3
 2 4  4.73686E-03  2.60753E-02  2.60753E-02  0.00000E+00            113.CD 48.  11   4
 2 5  1.74833E-05  2.62679E-02  2.62679E-02  0.00000E+00            113.CD 48.  12   5
 2 6  2.43346E-05  2.62751E-02  2.62751E-02  0.00000E+00            113.CD 48.  13   6
 2 7  4.96403E-04  2.66098E-02  2.66098E-02  0.00000E+00            113.CD 48.  14   7
 2 8  9.63127E-04  2.66158E-02  2.66158E-02  0.00000E+00            113.CD 48.  15   8
 2 9  2.18191E-06  2.66703E-02  2.66703E-02  0.00000E+00            113.CD 48.  16   9
 210  3.00644E-06  2.66711E-02  2.66711E-02  0.00000E+00            113.CD 48.  17  10
 221  1.92445E-07  2.63200E-04  2.63200E-04  0.00000E+00            113.CD 48.  18  21
 222  1.68949E-06  4.58700E-04  4.58700E-04  0.00000E+00            113.CD 48.  19  22
 223  6.62574E-05  3.34631E-03  3.34631E-03  0.00000E+00            113.CD 48.  20  23
 224  1.09442E-04  3.38147E-03  3.38147E-03  0.00000E+00            113.CD 48.  21  24
 225  7.66609E-07  3.57404E-03  3.57404E-03  0.00000E+00            113.CD 48.  22  25
 226  1.14346E-06  3.58124E-03  3.58124E-03  0.00000E+00            113.CD 48.  23  26
 227  1.22103E-05  3.91588E-03  3.91588E-03  0.00000E+00            113.CD 48.  24  27
 228  2.04151E-05  3.92191E-03  3.92191E-03  0.00000E+00            113.CD 48.  25  28
 229  6.68647E-08  3.97640E-03  3.97640E-03  0.00000E+00            113.CD 48.  26  29
 230  1.00107E-07  3.97713E-03  3.97713E-03  0.00000E+00            113.CD 48.  27  30
 241  8.58426E-10  1.95500E-04  1.95500E-04  0.00000E+00            113.CD 48.  28  41
 242  1.59159E-04  2.97553E-03  2.97553E-03  0.00000E+00            113.CD 48.  29  42
 243  1.94202E-06  3.11826E-03  3.11826E-03  0.00000E+00            113.CD 48.  30  43
 244  2.26114E-03  3.31084E-03  3.31084E-03  0.00000E+00            113.CD 48.  31  44
 245  1.75862E-05  3.61753E-03  3.61753E-03  0.00000E+00            113.CD 48.  32  45
 246  1.41154E-07  3.65871E-03  3.65871E-03  0.00000E+00            113.CD 48.  33  46
 247  2.32702E-04  3.71319E-03  3.71319E-03  0.00000E+00            113.CD 48.  34  47
 249  1.02857E-06  3.72268E-03  3.72268E-03  0.00000E+00            113.CD 48.  35  49
 261  3.84850E-04  2.78003E-03  2.78003E-03  0.00000E+00            113.CD 48.  36  61
 262  1.87901E-06  2.88761E-03  2.88761E-03  0.00000E+00            113.CD 48.  37  62
 263  1.76590E-06  2.92277E-03  2.92277E-03  0.00000E+00            113.CD 48.  38  63
 264  3.23443E-04  3.11534E-03  3.11534E-03  0.00000E+00            113.CD 48.  39  64
 265  2.86984E-03  3.12254E-03  3.12254E-03  0.00000E+00            113.CD 48.  40  65
 266  2.61651E-05  3.42204E-03  3.42204E-03  0.00000E+00            113.CD 48.  41  66
 267  1.01680E-07  3.45717E-03  3.45717E-03  0.00000E+00            113.CD 48.  42  67
 268  9.68151E-08  3.46322E-03  3.46322E-03  0.00000E+00            113.CD 48.  43  68
 269  3.27000E-05  3.51770E-03  3.51770E-03  0.00000E+00            113.CD 48.  44  69
 270  2.89125E-04  3.51843E-03  3.51843E-03  0.00000E+00            113.CD 48.  45  70
 273  1.82806E-06  3.52719E-03  3.52719E-03  0.00000E+00            113.CD 48.  46  73
 291  2.39835E-04  3.98612E-04  3.98612E-04  0.00000E+00            113.CD 48.  47  91
 292  4.79265E-06  5.18601E-05  5.18601E-05  0.00000E+00            113.CD 48.  48  92
 294  8.17851E-01  1.71545E-05  1.71545E-05  0.00000E+00            113.CD 48.  49  94
 7 1  6.52498E-03  1.92752E-02  1.92752E-02  0.00000E+00            113.CD 48.  50   1
 7 2  2.68459E-03  2.24238E-02  2.24238E-02  0.00000E+00            113.CD 48.  51   2
 7 3  2.65577E-04  2.55755E-02  2.55755E-02  0.00000E+00            113.CD 48.  52   3
 7 4  1.43620E-02  1.59321E-04  1.59321E-04  0.00000E+00            113.CD 48.  53   4
 7 5  7.91032E-02  2.61864E-03  2.61864E-03  0.00000E+00            113.CD 48.  54   5
 7 6  1.82113E-02  3.06097E-03  3.06097E-03  0.00000E+00            113.CD 48.  55   6
 7 7  1.10343E-03  3.52116E-03  3.52116E-03  0.00000E+00            113.CD 48.  56   7
 7 8  8.51171E-02  1.29784E-04  1.29784E-04  0.00000E+00            113.CD 48.  57   8
 7 9  2.03072E-01  3.45173E-04  3.45173E-04  0.00000E+00            113.CD 48.  58   9
 710  2.29554E-03  4.00801E-04  4.00801E-04  0.00000E+00            113.CD 48.  59  10
 711  5.71384E-07  6.99865E-04  6.99865E-04  0.00000E+00            113.CD 48.  60  11
 712  2.87003E-01  3.68568E-05  3.68568E-05  0.00000E+00            113.CD 48.  61  12
 713  6.84309E-04  9.68833E-05  9.68833E-05  0.00000E+00            113.CD 48.  62  13
%%%% 113 CD  48 M  B- IT        4.44962E+08 14.1 Y     02-11-2005       SEEIEND 
 


   ***************************************************** 
   *                 Radiation Summary                 * 
   ***************************************************** 
 
  Energy released by
    Gamma-ray                       (MeV) =   6.05213E-05
    X-ray                           (MeV) =   1.22653E-05
    Free-bound X-ray                (MeV) =   1.40299E-07
    Annihilation photon             (MeV) =   0.00000E+00
    Beta+ particle                  (MeV) =   0.00000E+00
    Neutrino                        (MeV) =   0.00000E+00
    Beta- particle                  (MeV) =   1.84394E-01
    Neutrino-                       (MeV) =   3.98489E-01
    Internal conv. electron         (MeV) =   2.90711E-04
    Auger and CK electron           (MeV) =   5.54528E-06
    Alpha particle                  (MeV) =   0.00000E+00
    Recoil nucleus                  (MeV) =   0.00000E+00
  E-total (except unplaced radiat.) (MeV) =   5.83252E-01
  E-unplaced radiation              (MeV) =   0.00000E+00
  Q-value from ENSDF data           (MeV) =   5.83252E-01
  Ratio of E-total/Q-value          ( % ) =   1.00000E+02
  Ratio of E-unplaced radi./Q-value ( % ) =   0.00000E+00

 
  Total yield of
    Gamma-ray                             =   2.29508E-04
    X-ray                                 =   5.80855E-04
    Free-bound X-ray                      =   8.17851E-03
    Annihilation photon                   =   0.00000E+00
    Beta+ particle                        =   0.00000E+00
    Beta- particle                        =   9.98600E-01
    Internal conv. electron               =   1.17049E-03
    Auger and CK electron                 =   7.00427E-03
    Alpha particle                        =   0.00000E+00
  Yield of unplaced radiation             =   0.00000E+00


