%%%% 144 CE  58    B-           2.46162E+07 284.91 D   02-11-2005       BALASTAR
1 144   CE  58 284.91 D        B-         
1INTENSITY AND ENERGY BALANCE DATA

              144-CERIUM-58
+                                    HALFLIFE = 284.91 DAYS    
+                                                                  02-11-2005


    LEVEL       INTENSITY   INTENSITY
    ENERGY      ENTERING    LEAVING     PERCENT
    (MEV)       LEVEL       LEVEL       ERROR

   0.0000E+00  9.8993E+01
   5.9030E-02  9.7699E-01  0.0000E+00  2.0000E+02  ********************
   8.0120E-02  4.8162E+00  4.7960E+00  4.1978E-01                      
   9.9952E-02  1.1684E+00  1.1025E+00  5.8011E+00                      
   1.3352E-01  1.9600E+01  1.9656E+01  2.8434E-01                      


 INTENSITY TO GROUND AND ISOMERIC STATE(S) OF DAUGHTER(S)=  9.997E+01
 TOTAL INTENSITY FROM PARENT=  1.000E+02
 PERCENT ERROR =  3.025E-02                      


 TOTAL INTENSITY FROM PARENT =  1.000E+02
 VALUE IS WITHIN   1.53E-05% OF 100                      


 TOTAL ENERGY AVAILABLE =  3.187E-01 MEV
 TOTAL ENERGY CONTENT OF ALL RADIATIONS =  3.187E-01 MEV
 PERCENT ERROR =  2.160E-03                      
%%%% 144 CE  58    B-           2.46162E+07 284.91 D   02-11-2005       BALAEND 
%%%% 144 CE  58    B-           2.46162E+07 284.91 D   02-11-2005       INPUSTAR
1                                      **INPUT DATA**
              144-CERIUM-58
+                                    HALFLIFE = 284.91 DAYS    
+                                                                  02-11-2005

            MODE OF DECAY: BETA MINUS
 
                                MEAN
                                NUMBER/    TRANSITION
                TYPE OF    ID   TRANSFOR-  ENERGY
              TRANSITION   NO.  MATION     (MEV)       OTHER NUCLEAR PARAMETERS

               BETA MINUS   1   1.96E-01   1.852E-01*  FIRST FORBIDDEN                          
               BETA MINUS   2   3.90E-02   2.386E-01*  FIRST FORBIDDEN                          
               BETA MINUS   3   7.65E-01   3.187E-01*  FIRST FORBIDDEN                          
           I.C.E. + GAMMA   1   1.17E-02   3.357E-02   M1 MULTIPOLE                             
+                                                                    AK= 0.0                    
                                                       AL1=3.46      AL2=0.296                  
                                                       AL3=0.0619    AM= 0.807                  
                                                       AN+=0.225                                
           I.C.E. + GAMMA   2   9.77E-03   4.098E-02   M1+E2 MULTIPOLE                          
                                                       MRS=0.00176   AK= 0.0                    
                                                       AL1=1.92      AL2=0.198                  
                                                       AL3=0.0816    AM= 0.466                  
                                                       AN+=0.130                                
           I.C.E. + GAMMA   3   9.16E-03   5.340E-02   M1 MULTIPOLE                             
+                                                                    AK= 6.95                   
                                                       AL1=0.883     AL2=0.0727                 
                                                       AL3=0.0150    AM= 0.205                  
                                                       AN+=0.0574                               
           I.C.E. + GAMMA   5   4.80E-02   8.012E-02   M1 MULTIPOLE                             
+                                                                    AK= 2.14                   
                                                       AL1=0.271     AL2=0.0214                 
                                                       AL3=0.00438   AM= 0.0628                 
                                                       AN+=0.0176                               
           I.C.E. + GAMMA   6   1.26E-03   9.996E-02   E2 MULTIPOLE                             
+                                                                    AK= 1.21                   
                                                       AL1=0.109     AL2=0.296                  
                                                       AL3=0.321     AM= 0.164                  
                                                       AN+=0.0429                               
           I.C.E. + GAMMA   7   1.76E-01   1.335E-01   M1 MULTIPOLE                             
+                                                                    AK= 0.497                  
                                                       AL1=0.0631    AL2=0.00463                
                                                       AM= 0.0145    AN+=0.00406                
 
           * ENDPOINT ENERGY (MEV)
           - - - - - - - - - -
           Reference: Evaluated Nuclear Structure Data File (ENSDF)
                DATE DATA WERE ENTERED INTO ENSDF: Aug-2001
%%%% 144 CE  58    B-           2.46162E+07 284.91 D   02-11-2005       INPUEND 
%%%% 144 CE  58    B-           2.46162E+07 284.91 D   02-11-2005       OUTPSTAR
1                                      **OUTPUT DATA**
              144-CERIUM-58
+                                    HALFLIFE = 284.91 DAYS    
+                                                                  02-11-2005

            MODE OF DECAY: BETA MINUS
 
                                              MEAN
                                              NUMBER/                  MEV/
                                         ID   TRANSFOR-   ENERGY       TRANSFOR-
                  TYPE OF RADIATION      NO.  MATION      (MEV)        MATION

           BETA MINUS                     1   1.96E-01    5.032E-02*   9.86E-03
           BETA MINUS                     2   3.90E-02    6.627E-02*   2.58E-03
           BETA MINUS                     3   7.65E-01    9.128E-02*   6.98E-02
           GAMMA-RAY                      1   2.00E-03    3.357E-02    6.70E-05
           L1 CONV. ELECTRON, GAMMA-RAY   1   6.91E-03    2.677E-02    1.85E-04
           GAMMA-RAY                      2   2.57E-03    4.098E-02    1.05E-04
           L1 CONV. ELECTRON, GAMMA-RAY   2   4.94E-03    3.418E-02    1.69E-04
           GAMMA-RAY                      3   9.98E-04    5.340E-02    5.33E-05
           GAMMA-RAY                      5   1.36E-02    8.012E-02    1.09E-03
           K CONV. ELECTRON, GAMMA-RAY    5   2.92E-02    3.811E-02    1.11E-03
           L1 CONV. ELECTRON, GAMMA-RAY   5   3.69E-03    7.332E-02    2.71E-04
           GAMMA-RAY                      6   3.99E-04    9.996E-02    3.99E-05
           GAMMA-RAY                      7   1.11E-01    1.335E-01    1.48E-02
           K CONV. ELECTRON, GAMMA-RAY    7   5.51E-02    9.150E-02    5.05E-03
           L1 CONV. ELECTRON, GAMMA-RAY   7   6.99E-03    1.267E-01    8.86E-04
           M CONV. ELECTRON, GAMMA-RAY    7   1.61E-03    1.323E-01*   2.13E-04
           K -L2 X-RAY                        2.41E-02    3.557E-02    8.58E-04
           K -L3 X-RAY                        4.41E-02    3.606E-02    1.59E-03
           K -M2 X-RAY                        4.32E-03    4.068E-02    1.76E-04
           K -M3 X-RAY                        8.36E-03    4.078E-02    3.41E-04
           K -N2 X-RAY                        9.23E-04    4.177E-02    3.86E-05
           K -N3 X-RAY                        1.79E-03    4.179E-02    7.50E-05
           L2-M4 X-RAY                        3.66E-03    5.487E-03    2.01E-05
           L3-M5 X-RAY                        5.79E-03    5.020E-03    2.91E-05
           Free-Bound X-RAY                   1.40E+00    1.563E-05*   2.18E-05
           AUGER KLL                          4.92E-03    2.934E-02*   1.44E-04
           AUGER LMM                          6.78E-02    4.019E-03*   2.73E-04
           AUGER LMX                          2.26E-02    4.925E-03*   1.11E-04
           AUGER MNN                          1.77E-01    6.685E-04*   1.18E-04
 
           ALL LISTED X-RAYS, GAMMA-RAYS AND ANNIHILATION RADIATION    1.93E-02
           ALL NEGLECTED X-RAYS, GAMMA-RAYS AND ANNIH. RADIATION**     5.42E-05
           ALL LISTED BETAS, INTERNAL CONVERSION AND AUGER ELECTRONS   9.08E-02
           ALL NEGLECTED BETAS, INT. CONVERSION AND AUGER ELECTRONS**  8.16E-04
           ALL LISTED RADIATIONS                                       1.10E-01
           ALL NEGLECTED RADIATIONS**                                  8.70E-04
 
           *  AVERAGE ENERGY (MEV)
           ** EACH NEGLECTED TRANSITION CONTRIBUTES LESS THAN  0.100%
              TO THE TOTAL MEV/TRANSFORMATION FOR THIS CATEGORY.
           TOTAL FEEDING OF 0.059030 MEV ISOMERIC LEVEL IN 144-PRASEODYMIUM
             DAUGHTER IS 9.7699E-03 PER TRANSFORMATION OF 144-CERIUM.
             DECAY OF THIS 7.2 MINUTES HALFLIFE LEVEL WILL CONTRIBUTE TO DOSE.
           TOTAL FEEDING OF GROUND STATE LEVEL IN 144-PRASEODYMIUM
             DAUGHTER IS 9.9023E-01 PER TRANSFORMATION OF 144-CERIUM.
             DECAY OF THIS 17.28 MINUTES HALFLIFE LEVEL WILL CONTRIBUTE TO DOSE.
           - - - - - - - - - -
           INPUT DATA SOURCE: EVALUATED NUCLEAR STRUCTURE DATA FILE (ENSDF)
             DATE INPUT DATA WERE ENTERED INTO ENSDF: Aug-2001
%%%% 144 CE  58    B-           2.46162E+07 284.91 D   02-11-2005       OUTPEND 
%%%% 144 CE  58    B-           2.46162E+07 284.91 D   02-11-2005       BETASTAR
1
              144-CERIUM-58
+                                    HALFLIFE = 284.91 DAYS    
+                                                                  02-11-2005

            BETA SPECTRUM DATA FOR ALL DECAY BRANCHES

                      BETAS PER                BETAS PER                BETAS PER
            ENERGY    MEV            ENERGY    MEV            ENERGY    MEV
            (MEV)     PER DECAY      (MEV)     PER DECAY      (MEV)     PER DECAY

            0.00000   8.806E+00      0.00150   8.729E+00      0.02600   7.645E+00
            0.00010   8.800E+00      0.00160   8.724E+00      0.02800   7.562E+00
            0.00011   8.800E+00      0.00180   8.714E+00      0.03000   7.478E+00
            0.00012   8.799E+00      0.00200   8.703E+00      0.03200   7.395E+00
            0.00013   8.799E+00      0.00220   8.693E+00      0.03600   7.226E+00
            0.00014   8.798E+00      0.00240   8.683E+00      0.04000   7.057E+00
            0.00015   8.798E+00      0.00260   8.673E+00      0.04500   6.845E+00
            0.00016   8.797E+00      0.00280   8.663E+00      0.05000   6.632E+00
            0.00018   8.796E+00      0.00300   8.652E+00      0.05500   6.419E+00
            0.00020   8.795E+00      0.00320   8.642E+00      0.06000   6.206E+00
            0.00022   8.794E+00      0.00360   8.622E+00      0.06500   5.993E+00
            0.00024   8.793E+00      0.00400   8.601E+00      0.07000   5.781E+00
            0.00026   8.792E+00      0.00450   8.576E+00      0.07500   5.569E+00
            0.00028   8.791E+00      0.00500   8.550E+00      0.08000   5.359E+00
            0.00030   8.790E+00      0.00550   8.525E+00      0.08500   5.149E+00
            0.00032   8.789E+00      0.00600   8.499E+00      0.09000   4.941E+00
            0.00036   8.787E+00      0.00650   8.474E+00      0.10000   4.531E+00
            0.00040   8.785E+00      0.00700   8.448E+00      0.11000   4.131E+00
            0.00045   8.783E+00      0.00750   8.423E+00      0.12000   3.743E+00
            0.00050   8.780E+00      0.00800   8.398E+00      0.13000   3.370E+00
            0.00055   8.777E+00      0.00850   8.372E+00      0.14000   3.015E+00
            0.00060   8.775E+00      0.00900   8.347E+00      0.15000   2.680E+00
            0.00065   8.772E+00      0.01000   8.296E+00      0.16000   2.369E+00
            0.00070   8.770E+00      0.01100   8.259E+00      0.18000   1.831E+00
            0.00075   8.767E+00      0.01200   8.219E+00      0.20000   1.396E+00
            0.00080   8.765E+00      0.01300   8.178E+00      0.22000   1.006E+00
            0.00085   8.762E+00      0.01400   8.138E+00      0.24000   6.687E-01
            0.00090   8.760E+00      0.01500   8.097E+00      0.26000   3.902E-01
            0.00100   8.754E+00      0.01600   8.057E+00      0.28000   1.777E-01
            0.00110   8.749E+00      0.01800   7.975E+00      0.30000   4.342E-02
            0.00120   8.744E+00      0.02000   7.893E+00      0.31870   0.000E+00
            0.00130   8.739E+00      0.02200   7.811E+00
            0.00140   8.734E+00      0.02400   7.728E+00

            AVERAGE BETA ENERGY =   8.228E-02

            TOTAL BETAS PER DECAY FOR ALL BRANCHES =   1.000E+00
%%%% 144 CE  58    B-           2.46162E+07 284.91 D   02-11-2005       BETAEND 
%%%% 144 CE  58    B-           2.46162E+07 284.91 D   02-11-2005       SEEISTAR
144.  CERIUM       58.  2.849E+02 DAYS     111 B-                   144.CE 58.   0
 5 1  1.96000E+01  5.03217E-02  1.85185E-01  0.00000E+00            144.CE 58.   1   1
 5 2  3.90000E+00  6.62660E-02  2.38580E-01  0.00000E+00            144.CE 58.   2   2
 5 3  7.65000E+01  9.12827E-02  3.18700E-01  0.00000E+00            144.CE 58.   3   3
 1 1  1.99620E-01  3.35680E-02  3.35680E-02  0.00000E+00            144.CE 58.   4   1
 6 5  6.91377E-01  2.67682E-02  2.67682E-02  1.00000E+00            144.CE 58.   5   5
 6 6  5.90348E-02  2.71251E-02  2.71251E-02  1.00000E+00            144.CE 58.   6   6
 6 7  1.23577E-02  2.76136E-02  2.76136E-02  1.00000E+00            144.CE 58.   7   7
 6 3  1.61011E-01  3.23396E-02  3.23396E-02  1.00000E+00            144.CE 58.   8   3
 6 4  4.49616E-02  3.35680E-02  3.35680E-02  1.00000E+00            144.CE 58.   9   4
 1 2  2.57288E-01  4.09800E-02  4.09800E-02  0.00000E+00            144.CE 58.  10   2
 6 5  4.94417E-01  3.41802E-02  3.41802E-02  2.00000E+00            144.CE 58.  11   5
 6 6  5.09534E-02  3.45371E-02  3.45371E-02  2.00000E+00            144.CE 58.  12   6
 6 7  2.10003E-02  3.50256E-02  3.50256E-02  2.00000E+00            144.CE 58.  13   7
 6 3  1.19919E-01  3.97516E-02  3.97516E-02  2.00000E+00            144.CE 58.  14   3
 6 4  3.34156E-02  4.09800E-02  4.09800E-02  2.00000E+00            144.CE 58.  15   4
 1 3  9.98100E-02  5.33950E-02  5.33950E-02  0.00000E+00            144.CE 58.  16   3
 6 1  6.93310E-01  1.13850E-02  1.13850E-02  3.00000E+00            144.CE 58.  17   1
 6 5  8.81176E-02  4.65952E-02  4.65952E-02  3.00000E+00            144.CE 58.  18   5
 6 6  7.25558E-03  4.69521E-02  4.69521E-02  3.00000E+00            144.CE 58.  19   6
 6 7  1.49599E-03  4.74406E-02  4.74406E-02  3.00000E+00            144.CE 58.  20   7
 6 3  2.04722E-02  5.21666E-02  5.21666E-02  3.00000E+00            144.CE 58.  21   3
 6 4  5.72645E-03  5.33950E-02  5.33950E-02  3.00000E+00            144.CE 58.  22   4
 1 5  1.36407E+00  8.01200E-02  8.01200E-02  0.00000E+00            144.CE 58.  23   5
 6 1  2.91804E+00  3.81100E-02  3.81100E-02  5.00000E+00            144.CE 58.  24   1
 6 5  3.69133E-01  7.33202E-02  7.33202E-02  5.00000E+00            144.CE 58.  25   5
 6 6  2.91784E-02  7.36771E-02  7.36771E-02  5.00000E+00            144.CE 58.  26   6
 6 7  5.97206E-03  7.41656E-02  7.41656E-02  5.00000E+00            144.CE 58.  27   7
 6 3  8.56408E-02  7.88916E-02  7.88916E-02  5.00000E+00            144.CE 58.  28   3
 6 4  2.39820E-02  8.01200E-02  8.01200E-02  5.00000E+00            144.CE 58.  29   4
 1 6  3.99240E-02  9.99610E-02  9.99610E-02  0.00000E+00            144.CE 58.  30   6
 6 1  4.83623E-02  5.79510E-02  5.79510E-02  6.00000E+00            144.CE 58.  31   1
 6 5  4.35634E-03  9.31612E-02  9.31612E-02  6.00000E+00            144.CE 58.  32   5
 6 6  1.17991E-02  9.35181E-02  9.35181E-02  6.00000E+00            144.CE 58.  33   6
 6 7  1.28004E-02  9.40066E-02  9.40066E-02  6.00000E+00            144.CE 58.  34   7
 6 3  6.54498E-03  9.87326E-02  9.87326E-02  6.00000E+00            144.CE 58.  35   3
 6 4  1.71452E-03  9.99610E-02  9.99610E-02  6.00000E+00            144.CE 58.  36   4
 1 7  1.10900E+01  1.33515E-01  1.33515E-01  0.00000E+00            144.CE 58.  37   7
 6 1  5.51384E+00  9.15050E-02  9.15050E-02  7.00000E+00            144.CE 58.  38   1
 6 5  6.99424E-01  1.26715E-01  1.26715E-01  7.00000E+00            144.CE 58.  39   5
 6 6  5.13769E-02  1.27072E-01  1.27072E-01  7.00000E+00            144.CE 58.  40   6
 6 7  1.04186E-02  1.27561E-01  1.27561E-01  7.00000E+00            144.CE 58.  41   7
 6 3  1.61150E-01  1.32287E-01  1.32287E-01  7.00000E+00            144.CE 58.  42   3
 6 4  4.50560E-02  1.33515E-01  1.33515E-01  7.00000E+00            144.CE 58.  43   4
 2 1  2.41237E+00  3.55671E-02  3.55671E-02  0.00000E+00            144.CE 58.  44   1
 2 2  4.40559E+00  3.60557E-02  3.60557E-02  0.00000E+00            144.CE 58.  45   2
 2 3  4.31743E-01  4.06843E-02  4.06843E-02  0.00000E+00            144.CE 58.  46   3
 2 4  8.35882E-01  4.07816E-02  4.07816E-02  0.00000E+00            144.CE 58.  47   4
 2 5  5.36321E-03  4.10541E-02  4.10541E-02  0.00000E+00            144.CE 58.  48   5
 2 6  7.20177E-03  4.10751E-02  4.10751E-02  0.00000E+00            144.CE 58.  49   6
 2 7  9.23042E-02  4.17693E-02  4.17693E-02  0.00000E+00            144.CE 58.  50   7
 2 8  1.79471E-01  4.17904E-02  4.17904E-02  0.00000E+00            144.CE 58.  51   8
 2 9  1.14229E-03  4.18877E-02  4.18877E-02  0.00000E+00            144.CE 58.  52   9
 210  1.53198E-03  4.18914E-02  4.18914E-02  0.00000E+00            144.CE 58.  53  10
 211  1.65803E-02  4.19827E-02  4.19827E-02  0.00000E+00            144.CE 58.  54  11
 212  3.24201E-02  4.19856E-02  4.19856E-02  0.00000E+00            144.CE 58.  55  12
 221  5.32220E-05  3.56900E-04  3.56900E-04  0.00000E+00            144.CE 58.  56  21
 222  1.56846E-03  8.45401E-04  8.45401E-04  0.00000E+00            144.CE 58.  57  22
 223  5.01937E-02  5.47410E-03  5.47410E-03  0.00000E+00            144.CE 58.  58  23
 224  7.54789E-02  5.57140E-03  5.57140E-03  0.00000E+00            144.CE 58.  59  24
 225  9.01516E-04  5.84382E-03  5.84382E-03  0.00000E+00            144.CE 58.  60  25
 226  1.34796E-03  5.86494E-03  5.86494E-03  0.00000E+00            144.CE 58.  61  26
 227  1.15645E-02  6.55916E-03  6.55916E-03  0.00000E+00            144.CE 58.  62  27
 228  1.80103E-02  6.58024E-03  6.58024E-03  0.00000E+00            144.CE 58.  63  28
 229  1.20042E-04  6.67752E-03  6.67752E-03  0.00000E+00            144.CE 58.  64  29
 230  1.83884E-04  6.68121E-03  6.68121E-03  0.00000E+00            144.CE 58.  65  30
 231  1.68499E-03  6.77254E-03  6.77254E-03  0.00000E+00            144.CE 58.  66  31
 232  2.57410E-03  6.77554E-03  6.77554E-03  0.00000E+00            144.CE 58.  67  32
 241  7.08819E-07  4.88499E-04  4.88499E-04  0.00000E+00            144.CE 58.  68  41
 242  1.60516E-02  4.96281E-03  4.96281E-03  0.00000E+00            144.CE 58.  69  42
 243  2.69690E-04  5.21452E-03  5.21452E-03  0.00000E+00            144.CE 58.  70  43
 244  3.66352E-01  5.48692E-03  5.48692E-03  0.00000E+00            144.CE 58.  71  44
 245  2.70773E-03  6.14367E-03  6.14367E-03  0.00000E+00            144.CE 58.  72  45
 246  4.63400E-05  6.22335E-03  6.22335E-03  0.00000E+00            144.CE 58.  73  46
 247  6.14514E-02  6.32061E-03  6.32061E-03  0.00000E+00            144.CE 58.  74  47
 248  1.06578E-05  6.43525E-03  6.43525E-03  0.00000E+00            144.CE 58.  75  48
 249  4.09512E-04  6.39960E-03  6.39960E-03  0.00000E+00            144.CE 58.  76  49
 250  8.70590E-06  6.41864E-03  6.41864E-03  0.00000E+00            144.CE 58.  77  50
 261  5.46164E-02  4.47429E-03  4.47429E-03  0.00000E+00            144.CE 58.  78  61
 262  3.30722E-04  4.62870E-03  4.62870E-03  0.00000E+00            144.CE 58.  79  62
 263  3.05732E-04  4.72601E-03  4.72601E-03  0.00000E+00            144.CE 58.  80  63
 264  6.53828E-02  4.99842E-03  4.99842E-03  0.00000E+00            144.CE 58.  81  64
 265  5.78928E-01  5.01953E-03  5.01953E-03  0.00000E+00            144.CE 58.  82  65
 266  5.97896E-03  5.65515E-03  5.65515E-03  0.00000E+00            144.CE 58.  83  66
 267  4.03506E-05  5.71376E-03  5.71376E-03  0.00000E+00            144.CE 58.  84  67
 268  3.89146E-05  5.73485E-03  5.73485E-03  0.00000E+00            144.CE 58.  85  68
 269  1.05970E-02  5.83212E-03  5.83212E-03  0.00000E+00            144.CE 58.  86  69
 270  9.47218E-02  5.83581E-03  5.83581E-03  0.00000E+00            144.CE 58.  87  70
 271  2.97653E-06  5.94676E-03  5.94676E-03  0.00000E+00            144.CE 58.  88  71
 272  1.70624E-05  5.94716E-03  5.94716E-03  0.00000E+00            144.CE 58.  89  72
 273  1.03347E-03  5.91110E-03  5.91110E-03  0.00000E+00            144.CE 58.  90  73
 274  7.60260E-06  5.92715E-03  5.92715E-03  0.00000E+00            144.CE 58.  91  74
 275  6.75310E-06  5.93014E-03  5.93014E-03  0.00000E+00            144.CE 58.  92  75
 291  1.04675E-01  8.18264E-04  8.18264E-04  0.00000E+00            144.CE 58.  93  91
 292  2.85760E-03  1.27837E-04  1.27837E-04  0.00000E+00            144.CE 58.  94  92
 293  1.86585E-07  1.83559E-05  1.83559E-05  0.00000E+00            144.CE 58.  95  93
 294  1.39566E+02  1.56279E-05  1.56279E-05  0.00000E+00            144.CE 58.  96  94
 7 1  4.91544E-01  2.93378E-02  2.93378E-02  0.00000E+00            144.CE 58.  97   1
 7 2  2.33779E-01  3.45832E-02  3.45832E-02  0.00000E+00            144.CE 58.  98   2
 7 3  2.66309E-02  3.98311E-02  3.98311E-02  0.00000E+00            144.CE 58.  99   3
 7 4  2.07892E+00  4.29992E-04  4.29992E-04  0.00000E+00            144.CE 58. 100   4
 7 5  6.78489E+00  4.01908E-03  4.01908E-03  0.00000E+00            144.CE 58. 101   5
 7 6  2.26293E+00  4.92504E-03  4.92504E-03  0.00000E+00            144.CE 58. 102   6
 7 7  1.86092E-01  5.86621E-03  5.86621E-03  0.00000E+00            144.CE 58. 103   7
 7 8  7.94273E+00  1.42831E-04  1.42831E-04  0.00000E+00            144.CE 58. 104   8
 7 9  1.77254E+01  6.68489E-04  6.68489E-04  0.00000E+00            144.CE 58. 105   9
 710  1.25766E+00  8.27919E-04  8.27919E-04  0.00000E+00            144.CE 58. 106  10
 711  2.37179E-02  1.01012E-03  1.01012E-03  0.00000E+00            144.CE 58. 107  11
 712  4.90750E+01  8.71369E-05  8.71369E-05  0.00000E+00            144.CE 58. 108  12
 713  1.74357E+01  7.07089E-05  7.07089E-05  0.00000E+00            144.CE 58. 109  13
 714  1.63645E+01  1.29601E-05  1.29601E-05  0.00000E+00            144.CE 58. 110  14
 715  1.32884E-01  3.35201E-05  3.35201E-05  0.00000E+00            144.CE 58. 111  15
%%%% 144 CE  58    B-           2.46162E+07 284.91 D   02-11-2005       SEEIEND 
 


   ***************************************************** 
   *                 Radiation Summary                 * 
   ***************************************************** 
 
  Energy released by
    Gamma-ray                       (MeV) =   1.61654E-02
    X-ray                           (MeV) =   3.17998E-03
    Free-bound X-ray                (MeV) =   2.18112E-05
    Annihilation photon             (MeV) =   0.00000E+00
    Beta+ particle                  (MeV) =   0.00000E+00
    Neutrino                        (MeV) =   0.00000E+00
    Beta- particle                  (MeV) =   8.22787E-02
    Neutrino-                       (MeV) =   2.07128E-01
    Internal conv. electron         (MeV) =   8.50718E-03
    Auger and CK electron           (MeV) =   8.37405E-04
    Alpha particle                  (MeV) =   0.00000E+00
    Recoil nucleus                  (MeV) =   0.00000E+00
  E-total (except unplaced radiat.) (MeV) =   3.18118E-01
  E-unplaced radiation              (MeV) =   0.00000E+00
  Q-value from ENSDF data           (MeV) =   3.18700E-01
  Ratio of E-total/Q-value          ( % ) =   9.98174E+01
  Ratio of E-unplaced radi./Q-value ( % ) =   0.00000E+00

 
  Total yield of
    Gamma-ray                             =   1.30507E-01
    X-ray                                 =   9.95212E-02
    Free-bound X-ray                      =   1.39566E+00
    Annihilation photon                   =   0.00000E+00
    Beta+ particle                        =   0.00000E+00
    Beta- particle                        =   1.00000E+00
    Internal conv. electron               =   1.25036E-01
    Auger and CK electron                 =   1.22022E+00
    Alpha particle                        =   0.00000E+00
  Yield of unplaced radiation             =   0.00000E+00


