%%%% 143 CE  58    B-           1.18940E+05 33.039 H   02-11-2005       BALASTAR
1 143   CE  58 33.039 H        B-         
1INTENSITY AND ENERGY BALANCE DATA

              143-CERIUM-58
+                                    HALFLIFE = 33.039 HOURS   
+                                                                  02-11-2005


    LEVEL       INTENSITY   INTENSITY
    ENERGY      ENTERING    LEAVING     PERCENT
    (MEV)       LEVEL       LEVEL       ERROR

   0.0000E+00  1.0100E+02
   5.7356E-02  8.8289E+01  8.9749E+01  1.6399E+00                      
   3.5062E-01  4.9313E+01  4.8833E+01  9.7857E-01                      
   4.9036E-01  2.6650E+00  2.4907E+00  6.7612E+00                      
   6.1422E-01  4.4670E-02  4.4126E-02  1.2258E+00                      
   7.2192E-01  1.3317E+01  1.3514E+01  1.4687E+00                      
   7.4026E-01  4.8428E-02  4.6167E-02  4.7817E+00                      
   7.8733E-01  1.1302E-02  5.5864E-03  6.7685E+01  ********************
   8.4842E-01  5.8488E-02  5.8957E-02  7.9842E-01                      
   9.3782E-01  1.3889E+00  1.3958E+00  4.9511E-01                      
   1.0143E+00  2.6219E-03  4.3029E-03  4.8552E+01  ********************
   1.0602E+00  1.7647E-01  1.6865E-01  4.5342E+00                      
   1.1569E+00  3.6303E-02  3.5866E-02  1.2116E+00                      
   1.1606E+00  4.6387E-01  4.6260E-01  2.7478E-01                      
   1.3818E+00  3.3278E-02  3.5657E-02  6.9028E+00                      
   1.3974E+00  1.7143E-02  1.7256E-02  6.5655E-01                      


 INTENSITY TO GROUND AND ISOMERIC STATE(S) OF DAUGHTER(S)=  1.010E+02
 TOTAL INTENSITY FROM PARENT=  1.000E+02
 PERCENT ERROR =  9.860E-01                      


 TOTAL INTENSITY FROM PARENT =  1.000E+02
 VALUE IS WITHIN   7.63E-06% OF 100                      


 TOTAL ENERGY AVAILABLE =  1.461E+00 MEV
 TOTAL ENERGY CONTENT OF ALL RADIATIONS =  1.461E+00 MEV
 PERCENT ERROR =  2.235E-02                      
%%%% 143 CE  58    B-           1.18940E+05 33.039 H   02-11-2005       BALAEND 
%%%% 143 CE  58    B-           1.18940E+05 33.039 H   02-11-2005       INPUSTAR
1                                      **INPUT DATA**
              143-CERIUM-58
+                                    HALFLIFE = 33.039 HOURS   
+                                                                  02-11-2005

            MODE OF DECAY: BETA MINUS
 
                                MEAN
                                NUMBER/    TRANSITION
                TYPE OF    ID   TRANSFOR-  ENERGY
              TRANSITION   NO.  MATION     (MEV)       OTHER NUCLEAR PARAMETERS

               BETA MINUS   1   1.71E-04   6.400E-02*  FIRST FORBIDDEN                          
               BETA MINUS   2   3.33E-04   7.956E-02*  FIRST FORBIDDEN                          
               BETA MINUS   3   4.64E-03   3.008E-01*  FIRST FORBIDDEN                          
               BETA MINUS   4   3.63E-04   3.045E-01*  FIRST FORBIDDEN                          
               BETA MINUS   5   1.76E-03   4.012E-01*  FIRST FORBIDDEN                          
               BETA MINUS   6   2.62E-05   4.471E-01*  UNIQUE FIRST FORBIDDEN                   
               BETA MINUS   7   1.37E-02   5.236E-01*  FIRST FORBIDDEN                          
               BETA MINUS   8   5.85E-04   6.130E-01*  UNIQUE FIRST FORBIDDEN                   
                                                         FROM LOG(FT) VALUE                     
               BETA MINUS   9   3.83E-04   7.211E-01*  FIRST FORBIDDEN                          
               BETA MINUS  10   1.33E-01   7.395E-01*  FIRST FORBIDDEN                          
               BETA MINUS  11   2.62E-04   8.472E-01*  FIRST FORBIDDEN                          
               BETA MINUS  12   2.62E-03   9.710E-01*  UNIQUE FIRST FORBIDDEN                   
               BETA MINUS  13   4.87E-01   1.111E+00*  FIRST FORBIDDEN                          
               BETA MINUS  14   3.53E-01   1.404E+00*  FIRST FORBIDDEN                          
               BETA MINUS  15   2.02E-03   1.461E+00*  UNIQUE FIRST FORBIDDEN                   
           I.C.E. + GAMMA   1   8.97E-01   5.736E-02   M1+E2 MULTIPOLE                          
                                                       MRS=0.00152   AK= 5.64                   
                                                       AL1=0.715     AL2=0.0647                 
                                                       AL3=0.0197    AM= 0.169                  
                                                       AN+=0.0473                               
           I.C.E. + GAMMA   2   1.75E-04   1.224E-01   E2 MULTIPOLE                             
+                                                                    AK= 0.661                  
                                                       AL1=0.0624    AL2=0.115                  
                                                       AL3=0.118     AM= 0.0664                 
                                                       AN+=0.0175                               
           I.C.E. + GAMMA   3   1.27E-03   1.397E-01   E2 MULTIPOLE                             
+                                                                    AK= 0.440                  
                                                       AL1=0.0426    AL2=0.0626                 
                                                       AL3=0.0616    AM= 0.0374                 
                                                       AN+=0.00987                              
           I.C.E. + GAMMA   4   3.07E-05   1.976E-01   M1 MULTIPOLE                             
+                                                                    AK= 0.167                  
                                                       AL1=0.0212    AL2=0.00145                
                                                       AM= 0.00485   AN+=0.00136                
           I.C.E. + GAMMA   5   2.32E-02   2.316E-01   M1+E2 MULTIPOLE                          
                                                       AK= 0.109     AL1=0.0138                 
                                                       AM= 0.00314                              
           I.C.E. + GAMMA   6   9.15E-05   2.729E-01   E2 MULTIPOLE ASSUMED                     
                                                       AK= 0.0537    AL1=0.00588                
                                                       AL2=0.00318   AL3=0.00249                
                                                       AM= 0.00252                              
           I.C.E. + GAMMA   7   4.55E-01   2.933E-01   M1+E2 MULTIPOLE                          
                                                       MRS=0.593     AK= 0.0526                 
                                                       AL1=0.00637   AL2=0.00115                
                                                       AM= 0.00176                              
           I.C.E. + GAMMA   8   8.96E-06   3.383E-01   M1 MULTIPOLE                             
+                                                                    AK= 0.0400                 
                                                       AL1=0.00503   AM= 0.00114                
           I.C.E. + GAMMA   9   3.33E-02   3.506E-01   E2 MULTIPOLE                             
+                                                                    AK= 0.0254                 
                                                       AL1=0.00286   AL2=0.00110                
                                                       AM= 0.00103                              
           I.C.E. + GAMMA  10   6.17E-06   3.578E-01   E2 MULTIPOLE ASSUMED                     
                                                       AK= 0.0239    AL1=0.00270                
                                                       AL2=0.00101                              
           I.C.E. + GAMMA  11   2.57E-04   3.713E-01   M1 MULTIPOLE                             
+                                                                    AK= 0.0315                 
                                                       AL1=0.00395                              
           I.C.E. + GAMMA  12   3.76E-04   3.896E-01   M1 MULTIPOLE                             
+                                                                    AK= 0.0278                 
                                                       AL1=0.00349                              
           I.C.E. + GAMMA  13   7.04E-05   4.166E-01   M1 MULTIPOLE                             
+                                                                    AK= 0.0234                 
                                                       AL1=0.00294                              
           I.C.E. + GAMMA  14   1.63E-03   4.330E-01   M1 MULTIPOLE                             
+                                                                    AK= 0.0212                 
                                                       AL1=0.00266                              
           I.C.E. + GAMMA  15   4.38E-05   4.384E-01   M1 MULTIPOLE                             
+                                                                    AK= 0.0206                 
                                                       AL1=0.00258                              
           I.C.E. + GAMMA  16   1.53E-04   4.460E-01   M1 MULTIPOLE                             
+                                                                    AK= 0.0162                 
                                                       AL1=0.00204                              
           I.C.E. + GAMMA  17   6.08E-04   4.475E-01   E2 MULTIPOLE                             
+                                                                    AK= 0.0127                 
                                                       AL1=0.00146                              
           I.C.E. + GAMMA  18   2.20E-02   4.904E-01   M1 MULTIPOLE                             
+                                                                    AK= 0.0155                 
                                                       AL1=0.00194                              
           I.C.E. + GAMMA  19   4.50E-04   4.978E-01   E2 MULTIPOLE ASSUMED                     
                                                       AK= 0.00955   AL1=0.00111                
           I.C.E. + GAMMA  20   1.73E-05   5.230E-01   E2 MULTIPOLE ASSUMED                     
                                                       AK= 0.00839                              
           I.C.E. + GAMMA  21   3.20E-04   5.569E-01   M1+E2 MULTIPOLE                          
                                                       AK= 0.00933   AL1=0.00116                
           I.C.E. + GAMMA  22   5.20E-05   5.699E-01   M1 MULTIPOLE                             
+                                                                    AK= 0.0107                 
                                                       AL1=0.00133                              
           I.C.E. + GAMMA  23   2.70E-03   5.872E-01   M1 MULTIPOLE                             
+                                                                    AK= 0.00992                
                                                       AL1=0.00124                              
           I.C.E. + GAMMA  24   2.16E-05   5.945E-01   E2 MULTIPOLE ASSUMED                     
                                                       AK= 0.00604                              
           I.C.E. + GAMMA  25   1.21E-04   6.142E-01   M1 MULTIPOLE                             
+                                                                    AK= 0.00889                
                                                       AL1=0.00111                              
           I.C.E. + GAMMA  26   5.74E-02   6.646E-01   M1+E2 MULTIPOLE                          
                                                       AK= 0.00734                              
           I.C.E. + GAMMA  27   8.18E-05   6.701E-01   E2 MULTIPOLE                             
+                                                                    AK= 0.00450                
           I.C.E. + GAMMA  28   8.63E-06   6.755E-01   M1 MULTIPOLE                             
+                                                                    AK= 0.00705                
           I.C.E. + GAMMA  29   8.60E-05   6.828E-01   E2 MULTIPOLE                             
+                                                                    AK= 0.00430                
           I.C.E. + GAMMA  30   8.62E-05   7.096E-01   M1 MULTIPOLE                             
+                                                                    AK= 0.00626                
           I.C.E. + GAMMA  31   5.43E-02   7.219E-01   M1 MULTIPOLE                             
+                                                                    AK= 0.00601                
           I.C.E. + GAMMA  32   3.01E-05   7.299E-01   E2 MULTIPOLE ASSUMED                     
                                                       AK= 0.00367                              
           I.C.E. + GAMMA  33   3.19E-05   7.677E-01   M1 MULTIPOLE                             
+                                                                    AK= 0.00519                
           I.C.E. + GAMMA  34   2.58E-05   7.874E-01   E2 MULTIPOLE ASSUMED                     
                                                       AK= 0.00308                              
           I.C.E. + GAMMA  35   1.33E-04   7.911E-01   E2 MULTIPOLE ASSUMED                     
                                                       AK= 0.00305                              
           I.C.E. + GAMMA  36   2.88E-04   8.063E-01   M1+E2 MULTIPOLE                          
                                                       AK= 0.00461                              
           I.C.E. + GAMMA  37   3.14E-04   8.100E-01   M1 MULTIPOLE                             
+                                                                    AK= 0.00456                
           I.C.E. + GAMMA  38   1.04E-02   8.805E-01   M1 MULTIPOLE                             
+                                                                    AK= 0.00375                
           I.C.E. + GAMMA  39   8.17E-05   8.915E-01   M1 MULTIPOLE                             
+                                                                    AK= 0.00364                
           I.C.E. + GAMMA  40   1.29E-05   9.071E-01   E2 MULTIPOLE                             
+                                                                    AK= 0.00224                
           I.C.E. + GAMMA  41   2.62E-04   9.378E-01   E2 MULTIPOLE                             
+                                                                    AK= 0.00209                
           I.C.E. + GAMMA  42   1.29E-05   9.569E-01   E2 MULTIPOLE ASSUMED                     
                                                       AK= 0.00200                              
           I.C.E. + GAMMA  43   7.56E-04   1.003E+00   M1 MULTIPOLE                             
+                                                                    AK= 0.00276                
           I.C.E. + GAMMA  44   1.29E-05   1.014E+00   E2 MULTIPOLE ASSUMED                     
                                                       AK= 0.00177                              
           I.C.E. + GAMMA  45   2.02E-04   1.031E+00   M1 MULTIPOLE                             
+                                                                    AK= 0.00259                
           I.C.E. + GAMMA  46   1.20E-04   1.047E+00   M1 MULTIPOLE                             
+                                                                    AK= 0.00250                
           I.C.E. + GAMMA  47   3.65E-04   1.060E+00   M1+E2 MULTIPOLE                          
                                                       AK= 0.00243                              
           I.C.E. + GAMMA  48   4.16E-03   1.103E+00   M1 MULTIPOLE                             
+                                                                    AK= 0.00221                
           I.C.E. + GAMMA  49   2.40E-05   1.161E+00   E2 MULTIPOLE                             
+                                                                    AK= 0.00134                
           I.C.E. + GAMMA  50   1.59E-05   1.324E+00   M1 MULTIPOLE                             
+                                                                    AK= 0.00146                
           I.C.E. + GAMMA  51   3.09E-05   1.340E+00   M1 MULTIPOLE                             
+                                                                    AK= 0.00142                
           I.C.E. + GAMMA  52   3.86E-06   1.382E+00   M1 MULTIPOLE                             
+                                                                    AK= 0.00132                
 
           * ENDPOINT ENERGY (MEV)
           - - - - - - - - - -
           Reference: Evaluated Nuclear Structure Data File (ENSDF)
                DATE DATA WERE ENTERED INTO ENSDF: Jan-2002
%%%% 143 CE  58    B-           1.18940E+05 33.039 H   02-11-2005       INPUEND 
%%%% 143 CE  58    B-           1.18940E+05 33.039 H   02-11-2005       OUTPSTAR
1                                      **OUTPUT DATA**
              143-CERIUM-58
+                                    HALFLIFE = 33.039 HOURS   
+                                                                  02-11-2005

            MODE OF DECAY: BETA MINUS
 
                                              MEAN
                                              NUMBER/                  MEV/
                                         ID   TRANSFOR-   ENERGY       TRANSFOR-
                  TYPE OF RADIATION      NO.  MATION      (MEV)        MATION

           BETA MINUS                     7   1.37E-02    1.604E-01*   2.20E-03
           BETA MINUS                    10   1.33E-01    2.398E-01*   3.19E-02
           BETA MINUS                    12   2.62E-03    3.416E-01*   8.96E-04
           BETA MINUS                    13   4.87E-01    3.871E-01*   1.89E-01
           BETA MINUS                    14   3.53E-01    5.102E-01*   1.80E-01
           BETA MINUS                    15   2.02E-03    5.380E-01*   1.09E-03
           GAMMA-RAY                      1   1.17E-01    5.736E-02    6.73E-03
           K CONV. ELECTRON, GAMMA-RAY    1   6.61E-01    1.535E-02    1.01E-02
           L1 CONV. ELECTRON, GAMMA-RAY   1   8.39E-02    5.056E-02    4.24E-03
           M CONV. ELECTRON, GAMMA-RAY    1   1.99E-02    5.613E-02*   1.11E-03
           GAMMA-RAY                      5   2.05E-02    2.316E-01    4.76E-03
           GAMMA-RAY                      7   4.28E-01    2.933E-01    1.26E-01
           K CONV. ELECTRON, GAMMA-RAY    7   2.25E-02    2.513E-01    5.65E-03
           L1 CONV. ELECTRON, GAMMA-RAY   7   2.73E-03    2.865E-01    7.81E-04
           GAMMA-RAY                      9   3.23E-02    3.506E-01    1.13E-02
           GAMMA-RAY                     14   1.59E-03    4.330E-01    6.88E-04
           GAMMA-RAY                     18   2.16E-02    4.904E-01    1.06E-02
           GAMMA-RAY                     23   2.67E-03    5.872E-01    1.57E-03
           GAMMA-RAY                     26   5.69E-02    6.646E-01    3.78E-02
           GAMMA-RAY                     31   5.39E-02    7.219E-01    3.89E-02
           GAMMA-RAY                     38   1.03E-02    8.805E-01    9.08E-03
           GAMMA-RAY                     43   7.53E-04    1.003E+00    7.55E-04
           GAMMA-RAY                     47   3.64E-04    1.060E+00    3.86E-04
           GAMMA-RAY                     48   4.15E-03    1.103E+00    4.58E-03
           K -L2 X-RAY                        1.81E-01    3.557E-02    6.44E-03
           K -L3 X-RAY                        3.31E-01    3.606E-02    1.19E-02
           K -M2 X-RAY                        3.24E-02    4.068E-02    1.32E-03
           K -M3 X-RAY                        6.27E-02    4.078E-02    2.56E-03
           K -N2 X-RAY                        6.92E-03    4.177E-02    2.89E-04
           K -N3 X-RAY                        1.35E-02    4.179E-02    5.63E-04
           AUGER KLL                          3.69E-02    2.934E-02*   1.08E-03
           AUGER KLX                          1.75E-02    3.458E-02*   6.07E-04
           AUGER LMM                          4.47E-01    3.996E-03*   1.78E-03
           AUGER LMX                          1.49E-01    4.899E-03*   7.28E-04
           AUGER MNN                          1.17E+00    6.675E-04*   7.78E-04
 
           ALL LISTED X-RAYS, GAMMA-RAYS AND ANNIHILATION RADIATION    2.76E-01
           ALL NEGLECTED X-RAYS, GAMMA-RAYS AND ANNIH. RADIATION**     3.75E-03
           ALL LISTED BETAS, INTERNAL CONVERSION AND AUGER ELECTRONS   4.32E-01
           ALL NEGLECTED BETAS, INT. CONVERSION AND AUGER ELECTRONS**  4.72E-03
           ALL LISTED RADIATIONS                                       7.07E-01
           ALL NEGLECTED RADIATIONS**                                  8.48E-03
 
           *  AVERAGE ENERGY (MEV)
           ** EACH NEGLECTED TRANSITION CONTRIBUTES LESS THAN  0.100%
              TO THE TOTAL MEV/TRANSFORMATION FOR THIS CATEGORY.
           TOTAL FEEDING OF GROUND STATE LEVEL IN 143-PRASEODYMIUM
             DAUGHTER IS 1.0000E+00 PER TRANSFORMATION OF 143-CERIUM.
             DECAY OF THIS 13.57 DAYS HALFLIFE LEVEL WILL CONTRIBUTE TO DOSE.
           - - - - - - - - - -
           INPUT DATA SOURCE: EVALUATED NUCLEAR STRUCTURE DATA FILE (ENSDF)
             DATE INPUT DATA WERE ENTERED INTO ENSDF: Jan-2002
%%%% 143 CE  58    B-           1.18940E+05 33.039 H   02-11-2005       OUTPEND 
%%%% 143 CE  58    B-           1.18940E+05 33.039 H   02-11-2005       BETASTAR
1
              143-CERIUM-58
+                                    HALFLIFE = 33.039 HOURS   
+                                                                  02-11-2005

            BETA SPECTRUM DATA FOR ALL DECAY BRANCHES

                      BETAS PER                BETAS PER                BETAS PER
            ENERGY    MEV            ENERGY    MEV            ENERGY    MEV
            (MEV)     PER DECAY      (MEV)     PER DECAY      (MEV)     PER DECAY

            0.00000   1.305E+00      0.00260   1.303E+00      0.07500   1.353E+00
            0.00010   1.305E+00      0.00280   1.303E+00      0.08000   1.357E+00
            0.00011   1.305E+00      0.00300   1.303E+00      0.08500   1.361E+00
            0.00012   1.305E+00      0.00320   1.303E+00      0.09000   1.365E+00
            0.00013   1.305E+00      0.00360   1.303E+00      0.10000   1.372E+00
            0.00014   1.305E+00      0.00400   1.302E+00      0.11000   1.378E+00
            0.00015   1.305E+00      0.00450   1.302E+00      0.12000   1.384E+00
            0.00016   1.305E+00      0.00500   1.301E+00      0.13000   1.389E+00
            0.00018   1.305E+00      0.00550   1.301E+00      0.14000   1.394E+00
            0.00020   1.305E+00      0.00600   1.301E+00      0.15000   1.397E+00
            0.00022   1.305E+00      0.00650   1.300E+00      0.16000   1.400E+00
            0.00024   1.305E+00      0.00700   1.300E+00      0.18000   1.403E+00
            0.00026   1.305E+00      0.00750   1.300E+00      0.20000   1.403E+00
            0.00028   1.305E+00      0.00800   1.299E+00      0.22000   1.400E+00
            0.00030   1.305E+00      0.00850   1.299E+00      0.24000   1.395E+00
            0.00032   1.305E+00      0.00900   1.298E+00      0.26000   1.386E+00
            0.00036   1.305E+00      0.01000   1.298E+00      0.28000   1.375E+00
            0.00040   1.305E+00      0.01100   1.299E+00      0.30000   1.362E+00
            0.00045   1.305E+00      0.01200   1.300E+00      0.32000   1.346E+00
            0.00050   1.305E+00      0.01300   1.301E+00      0.36000   1.306E+00
            0.00055   1.305E+00      0.01400   1.302E+00      0.40000   1.255E+00
            0.00060   1.305E+00      0.01500   1.303E+00      0.45000   1.180E+00
            0.00065   1.305E+00      0.01600   1.303E+00      0.50000   1.095E+00
            0.00070   1.305E+00      0.01800   1.305E+00      0.55000   1.002E+00
            0.00075   1.305E+00      0.02000   1.307E+00      0.60000   9.040E-01
            0.00080   1.305E+00      0.02200   1.309E+00      0.65000   8.037E-01
            0.00085   1.305E+00      0.02400   1.310E+00      0.70000   7.056E-01
            0.00090   1.305E+00      0.02600   1.312E+00      0.75000   6.144E-01
            0.00100   1.305E+00      0.02800   1.314E+00      0.80000   5.252E-01
            0.00110   1.305E+00      0.03000   1.315E+00      0.85000   4.364E-01
            0.00120   1.304E+00      0.03200   1.317E+00      0.90000   3.509E-01
            0.00130   1.304E+00      0.03600   1.320E+00      1.00000   2.016E-01
            0.00140   1.304E+00      0.04000   1.324E+00      1.10000   1.031E-01
            0.00150   1.304E+00      0.04500   1.328E+00      1.20000   5.161E-02
            0.00160   1.304E+00      0.05000   1.332E+00      1.30000   1.495E-02
            0.00180   1.304E+00      0.05500   1.336E+00      1.40000   7.058E-05
            0.00200   1.304E+00      0.06000   1.340E+00      1.46140   0.000E+00
            0.00220   1.304E+00      0.06500   1.344E+00
            0.00240   1.304E+00      0.07000   1.348E+00

            AVERAGE BETA ENERGY =   4.057E-01

            TOTAL BETAS PER DECAY FOR ALL BRANCHES =   1.000E+00
%%%% 143 CE  58    B-           1.18940E+05 33.039 H   02-11-2005       BETAEND 
%%%% 143 CE  58    B-           1.18940E+05 33.039 H   02-11-2005       SEEISTAR
143.  CERIUM       58.  3.304E+01 HOURS    447 B-                   143.CE 58.   0
 5 1  1.71430E-02  1.64672E-02  6.40000E-02  0.00000E+00            143.CE 58.   1   1
 5 2  3.32777E-02  2.06206E-02  7.95602E-02  0.00000E+00            143.CE 58.   2   2
 5 3  4.63871E-01  8.55915E-02  3.00820E-01  0.00000E+00            143.CE 58.   3   3
 5 4  3.63029E-02  8.67453E-02  3.04460E-01  0.00000E+00            143.CE 58.   4   4
 5 5  1.76472E-01  1.18294E-01  4.01190E-01  0.00000E+00            143.CE 58.   5   5
 5 6  2.62188E-03  1.49493E-01  4.47100E-01  1.00000E+00            143.CE 58.   6   6
 5 7  1.37144E+00  1.60441E-01  5.23580E-01  0.00000E+00            143.CE 58.   7   7
 5 8  5.84880E-02  2.08022E-01  6.12980E-01  1.00000E+00            143.CE 58.   8   8
 5 9  3.83197E-02  2.32832E-01  7.21140E-01  0.00000E+00            143.CE 58.   9   9
 510  1.33111E+01  2.39785E-01  7.39477E-01  0.00000E+00            143.CE 58.  10  10
 511  2.62188E-02  2.81311E-01  8.47180E-01  0.00000E+00            143.CE 58.  11  11
 512  2.62188E-01  3.41589E-01  9.71038E-01  1.00000E+00            143.CE 58.  12  12
 513  4.87064E+01  3.87142E-01  1.11078E+00  0.00000E+00            143.CE 58.  13  13
 514  3.52945E+01  5.10165E-01  1.40404E+00  0.00000E+00            143.CE 58.  14  14
 515  2.01683E-01  5.37994E-01  1.46140E+00  1.00000E+00            143.CE 58.  15  15
 1 1  1.17272E+01  5.73560E-02  5.73560E-02  0.00000E+00            143.CE 58.  16   1
 6 1  6.61000E+01  1.53460E-02  1.53460E-02  1.00000E+00            143.CE 58.  17   1
 6 5  8.39054E+00  5.05562E-02  5.05562E-02  1.00000E+00            143.CE 58.  18   5
 6 6  7.59074E-01  5.09131E-02  5.09131E-02  1.00000E+00            143.CE 58.  19   6
 6 7  2.31493E-01  5.14016E-02  5.14016E-02  1.00000E+00            143.CE 58.  20   7
 6 3  1.98547E+00  5.61276E-02  5.61276E-02  1.00000E+00            143.CE 58.  21   3
 6 4  5.54815E-01  5.73560E-02  5.73560E-02  1.00000E+00            143.CE 58.  22   4
 1 2  8.56000E-03  1.22400E-01  1.22400E-01  0.00000E+00            143.CE 58.  23   2
 6 1  5.65592E-03  8.03900E-02  8.03900E-02  2.00000E+00            143.CE 58.  24   1
 6 5  5.34286E-04  1.15600E-01  1.15600E-01  2.00000E+00            143.CE 58.  25   5
 6 6  9.86623E-04  1.15957E-01  1.15957E-01  2.00000E+00            143.CE 58.  26   6
 6 7  1.01042E-03  1.16446E-01  1.16446E-01  2.00000E+00            143.CE 58.  27   7
 6 3  5.68728E-04  1.21172E-01  1.21172E-01  2.00000E+00            143.CE 58.  28   3
 6 4  1.49774E-04  1.22400E-01  1.22400E-01  2.00000E+00            143.CE 58.  29   4
 1 3  7.70400E-02  1.39742E-01  1.39742E-01  0.00000E+00            143.CE 58.  30   3
 6 1  3.38984E-02  9.77320E-02  9.77320E-02  3.00000E+00            143.CE 58.  31   1
 6 5  3.28110E-03  1.32942E-01  1.32942E-01  3.00000E+00            143.CE 58.  32   5
 6 6  4.82468E-03  1.33299E-01  1.33299E-01  3.00000E+00            143.CE 58.  33   6
 6 7  4.74733E-03  1.33788E-01  1.33788E-01  3.00000E+00            143.CE 58.  34   7
 6 3  2.87801E-03  1.38514E-01  1.38514E-01  3.00000E+00            143.CE 58.  35   3
 6 4  7.60415E-04  1.39742E-01  1.39742E-01  3.00000E+00            143.CE 58.  36   4
 1 4  2.56800E-03  1.97600E-01  1.97600E-01  0.00000E+00            143.CE 58.  37   4
 6 1  4.30032E-04  1.55590E-01  1.55590E-01  4.00000E+00            143.CE 58.  38   1
 6 5  5.44125E-05  1.90800E-01  1.90800E-01  4.00000E+00            143.CE 58.  39   5
 6 6  3.73433E-06  1.91157E-01  1.91157E-01  4.00000E+00            143.CE 58.  40   6
 6 7  7.50454E-07  1.91646E-01  1.91646E-01  4.00000E+00            143.CE 58.  41   7
 6 3  1.24549E-05  1.96372E-01  1.96372E-01  4.00000E+00            143.CE 58.  42   3
 6 4  3.49048E-06  1.97600E-01  1.97600E-01  4.00000E+00            143.CE 58.  43   4
 1 5  2.05440E+00  2.31550E-01  2.31550E-01  0.00000E+00            143.CE 58.  44   5
 6 1  2.23644E-01  1.89540E-01  1.89540E-01  5.00000E+00            143.CE 58.  45   1
 6 5  2.82523E-02  2.24750E-01  2.24750E-01  5.00000E+00            143.CE 58.  46   5
 6 6  1.87198E-03  2.25107E-01  2.25107E-01  5.00000E+00            143.CE 58.  47   6
 6 7  3.76661E-04  2.25596E-01  2.25596E-01  5.00000E+00            143.CE 58.  48   7
 6 3  6.45440E-03  2.30322E-01  2.30322E-01  5.00000E+00            143.CE 58.  49   3
 6 4  1.80883E-03  2.31550E-01  2.31550E-01  5.00000E+00            143.CE 58.  50   4
 1 6  8.56000E-03  2.72900E-01  2.72900E-01  0.00000E+00            143.CE 58.  51   6
 6 1  4.60090E-04  2.30890E-01  2.30890E-01  6.00000E+00            143.CE 58.  52   1
 6 5  5.03463E-05  2.66100E-01  2.66100E-01  6.00000E+00            143.CE 58.  53   5
 6 6  2.71825E-05  2.66457E-01  2.66457E-01  6.00000E+00            143.CE 58.  54   6
 6 7  2.12943E-05  2.66946E-01  2.66946E-01  6.00000E+00            143.CE 58.  55   7
 6 3  2.15734E-05  2.71672E-01  2.71672E-01  6.00000E+00            143.CE 58.  56   3
 6 4  5.82615E-06  2.72900E-01  2.72900E-01  6.00000E+00            143.CE 58.  57   4
 1 7  4.28000E+01  2.93266E-01  2.93266E-01  0.00000E+00            143.CE 58.  58   7
 6 1  2.25061E+00  2.51256E-01  2.51256E-01  7.00000E+00            143.CE 58.  59   1
 6 5  2.72724E-01  2.86466E-01  2.86466E-01  7.00000E+00            143.CE 58.  60   5
 6 6  4.93444E-02  2.86823E-01  2.86823E-01  7.00000E+00            143.CE 58.  61   6
 6 7  3.08299E-02  2.87312E-01  2.87312E-01  7.00000E+00            143.CE 58.  62   7
 6 3  7.54486E-02  2.92038E-01  2.92038E-01  7.00000E+00            143.CE 58.  63   3
 6 4  2.08440E-02  2.93266E-01  2.93266E-01  7.00000E+00            143.CE 58.  64   4
 1 8  8.56000E-04  3.38300E-01  3.38300E-01  0.00000E+00            143.CE 58.  65   8
 6 1  3.42792E-05  2.96290E-01  2.96290E-01  8.00000E+00            143.CE 58.  66   1
 6 5  4.30685E-06  3.31500E-01  3.31500E-01  8.00000E+00            143.CE 58.  67   5
 6 6  2.55310E-07  3.31857E-01  3.31857E-01  8.00000E+00            143.CE 58.  68   6
 6 7  5.25133E-08  3.32346E-01  3.32346E-01  8.00000E+00            143.CE 58.  69   7
 6 3  9.73471E-07  3.37072E-01  3.37072E-01  8.00000E+00            143.CE 58.  70   3
 6 4  2.72667E-07  3.38300E-01  3.38300E-01  8.00000E+00            143.CE 58.  71   4
 1 9  3.23140E+00  3.50619E-01  3.50619E-01  0.00000E+00            143.CE 58.  72   9
 6 1  8.19932E-02  3.08609E-01  3.08609E-01  9.00000E+00            143.CE 58.  73   1
 6 5  9.24688E-03  3.43819E-01  3.43819E-01  9.00000E+00            143.CE 58.  74   5
 6 6  3.54272E-03  3.44176E-01  3.44176E-01  9.00000E+00            143.CE 58.  75   6
 6 7  2.53399E-03  3.44665E-01  3.44665E-01  9.00000E+00            143.CE 58.  76   7
 6 3  3.31831E-03  3.49391E-01  3.49391E-01  9.00000E+00            143.CE 58.  77   3
 6 4  9.03532E-04  3.50619E-01  3.50619E-01  9.00000E+00            143.CE 58.  78   4
 110  5.99200E-04  3.57800E-01  3.57800E-01  0.00000E+00            143.CE 58.  79  10
 6 1  1.43340E-05  3.15790E-01  3.15790E-01  1.00000E+01            143.CE 58.  80   1
 6 5  1.61956E-06  3.51000E-01  3.51000E-01  1.00000E+01            143.CE 58.  81   5
 6 6  6.03615E-07  3.51357E-01  3.51357E-01  1.00000E+01            143.CE 58.  82   6
 6 7  4.28656E-07  3.51846E-01  3.51846E-01  1.00000E+01            143.CE 58.  83   7
 6 3  5.73996E-07  3.56572E-01  3.56572E-01  1.00000E+01            143.CE 58.  84   3
 6 4  1.56386E-07  3.57800E-01  3.57800E-01  1.00000E+01            143.CE 58.  85   4
 111  2.48240E-02  3.71290E-01  3.71290E-01  0.00000E+00            143.CE 58.  86  11
 6 1  7.81001E-04  3.29280E-01  3.29280E-01  1.10000E+01            143.CE 58.  87   1
 6 5  9.80483E-05  3.64490E-01  3.64490E-01  1.10000E+01            143.CE 58.  88   5
 6 6  5.64229E-06  3.64847E-01  3.64847E-01  1.10000E+01            143.CE 58.  89   6
 6 7  1.16969E-06  3.65336E-01  3.65336E-01  1.10000E+01            143.CE 58.  90   7
 6 3  2.21072E-05  3.70062E-01  3.70062E-01  1.10000E+01            143.CE 58.  91   3
 6 4  6.19406E-06  3.71290E-01  3.71290E-01  1.10000E+01            143.CE 58.  92   4
 112  3.63800E-02  3.89640E-01  3.89640E-01  0.00000E+00            143.CE 58.  93  12
 6 1  1.01082E-03  3.47630E-01  3.47630E-01  1.20000E+01            143.CE 58.  94   1
 6 5  1.26847E-04  3.82840E-01  3.82840E-01  1.20000E+01            143.CE 58.  95   5
 6 6  7.18490E-06  3.83197E-01  3.83197E-01  1.20000E+01            143.CE 58.  96   6
 6 7  1.49638E-06  3.83686E-01  3.83686E-01  1.20000E+01            143.CE 58.  97   7
 6 3  2.85641E-05  3.88412E-01  3.88412E-01  1.20000E+01            143.CE 58.  98   3
 6 4  8.00472E-06  3.89640E-01  3.89640E-01  1.20000E+01            143.CE 58.  99   4
 113  6.84800E-03  4.16570E-01  4.16570E-01  0.00000E+00            143.CE 58. 100  13
 6 1  1.60333E-04  3.74560E-01  3.74560E-01  1.30000E+01            143.CE 58. 101   1
 6 5  2.01077E-05  4.09770E-01  4.09770E-01  1.30000E+01            143.CE 58. 102   5
 6 6  1.11365E-06  4.10127E-01  4.10127E-01  1.30000E+01            143.CE 58. 103   6
 6 7  2.33585E-07  4.10616E-01  4.10616E-01  1.30000E+01            143.CE 58. 104   7
 6 3  4.51994E-06  4.15342E-01  4.15342E-01  1.30000E+01            143.CE 58. 105   3
 6 4  1.26703E-06  4.16570E-01  4.16570E-01  1.30000E+01            143.CE 58. 106   4
 114  1.58788E-01  4.32999E-01  4.32999E-01  0.00000E+00            143.CE 58. 107  14
 6 1  3.36880E-03  3.90989E-01  3.90989E-01  1.40000E+01            143.CE 58. 108   1
 6 5  4.22319E-04  4.26199E-01  4.26199E-01  1.40000E+01            143.CE 58. 109   5
 6 6  2.30815E-05  4.26556E-01  4.26556E-01  1.40000E+01            143.CE 58. 110   6
 6 7  4.86298E-06  4.27045E-01  4.27045E-01  1.40000E+01            143.CE 58. 111   7
 6 3  9.48343E-05  4.31771E-01  4.31771E-01  1.40000E+01            143.CE 58. 112   3
 6 4  2.65888E-05  4.32999E-01  4.32999E-01  1.40000E+01            143.CE 58. 113   4
 115  4.28000E-03  4.38430E-01  4.38430E-01  0.00000E+00            143.CE 58. 114  15
 6 1  8.79720E-05  3.96420E-01  3.96420E-01  1.50000E+01            143.CE 58. 115   1
 6 5  1.10268E-05  4.31630E-01  4.31630E-01  1.50000E+01            143.CE 58. 116   5
 6 6  6.00064E-07  4.31987E-01  4.31987E-01  1.50000E+01            143.CE 58. 117   6
 6 7  1.26616E-07  4.32476E-01  4.32476E-01  1.50000E+01            143.CE 58. 118   7
 6 3  2.47533E-06  4.37202E-01  4.37202E-01  1.50000E+01            143.CE 58. 119   3
 6 4  6.94053E-07  4.38430E-01  4.38430E-01  1.50000E+01            143.CE 58. 120   4
 116  1.49800E-02  4.46020E-01  4.46020E-01  0.00000E+00            143.CE 58. 121  16
 6 1  2.43361E-04  4.04010E-01  4.04010E-01  1.60000E+01            143.CE 58. 122   1
 6 5  3.04982E-05  4.39220E-01  4.39220E-01  1.60000E+01            143.CE 58. 123   5
 6 6  1.64976E-06  4.39577E-01  4.39577E-01  1.60000E+01            143.CE 58. 124   6
 6 7  3.48847E-07  4.40066E-01  4.40066E-01  1.60000E+01            143.CE 58. 125   7
 6 3  6.84318E-06  4.44792E-01  4.44792E-01  1.60000E+01            143.CE 58. 126   3
 6 4  1.91891E-06  4.46020E-01  4.46020E-01  1.60000E+01            143.CE 58. 127   4
 117  5.99200E-02  4.47450E-01  4.47450E-01  0.00000E+00            143.CE 58. 128  17
 6 1  7.62548E-04  4.05440E-01  4.05440E-01  1.70000E+01            143.CE 58. 129   1
 6 5  8.77130E-05  4.40650E-01  4.40650E-01  1.70000E+01            143.CE 58. 130   5
 6 6  2.41131E-05  4.41007E-01  4.41007E-01  1.70000E+01            143.CE 58. 131   6
 6 7  1.58787E-05  4.41496E-01  4.41496E-01  1.70000E+01            143.CE 58. 132   7
 6 3  2.75169E-05  4.46222E-01  4.46222E-01  1.70000E+01            143.CE 58. 133   3
 6 4  7.54405E-06  4.47450E-01  4.47450E-01  1.70000E+01            143.CE 58. 134   4
 118  2.16140E+00  4.90368E-01  4.90368E-01  0.00000E+00            143.CE 58. 135  18
 6 1  3.35049E-02  4.48358E-01  4.48358E-01  1.80000E+01            143.CE 58. 136   1
 6 5  4.19249E-03  4.83568E-01  4.83568E-01  1.80000E+01            143.CE 58. 137   5
 6 6  2.19225E-04  4.83925E-01  4.83925E-01  1.80000E+01            143.CE 58. 138   6
 6 7  4.69394E-05  4.84414E-01  4.84414E-01  1.80000E+01            143.CE 58. 139   7
 6 3  9.38256E-04  4.89140E-01  4.89140E-01  1.80000E+01            143.CE 58. 140   3
 6 4  2.63217E-04  4.90368E-01  4.90368E-01  1.80000E+01            143.CE 58. 141   4
 119  4.45120E-02  4.97810E-01  4.97810E-01  0.00000E+00            143.CE 58. 142  19
 6 1  4.25016E-04  4.55800E-01  4.55800E-01  1.90000E+01            143.CE 58. 143   1
 6 5  4.93153E-05  4.91010E-01  4.91010E-01  1.90000E+01            143.CE 58. 144   5
 6 6  1.16944E-05  4.91367E-01  4.91367E-01  1.90000E+01            143.CE 58. 145   6
 6 7  7.45333E-06  4.91856E-01  4.91856E-01  1.90000E+01            143.CE 58. 146   7
 6 3  1.47016E-05  4.96582E-01  4.96582E-01  1.90000E+01            143.CE 58. 147   3
 6 4  4.04340E-06  4.97810E-01  4.97810E-01  1.90000E+01            143.CE 58. 148   4
 120  1.71200E-03  5.23000E-01  5.23000E-01  0.00000E+00            143.CE 58. 149  20
 6 1  1.43561E-05  4.80990E-01  4.80990E-01  2.00000E+01            143.CE 58. 150   1
 6 5  1.67254E-06  5.16200E-01  5.16200E-01  2.00000E+01            143.CE 58. 151   5
 6 6  3.70184E-07  5.16557E-01  5.16557E-01  2.00000E+01            143.CE 58. 152   6
 6 7  2.32605E-07  5.17046E-01  5.17046E-01  2.00000E+01            143.CE 58. 153   7
 6 3  4.87700E-07  5.21772E-01  5.21772E-01  2.00000E+01            143.CE 58. 154   3
 6 4  1.34333E-07  5.23000E-01  5.23000E-01  2.00000E+01            143.CE 58. 155   4
 121  3.16720E-02  5.56870E-01  5.56870E-01  0.00000E+00            143.CE 58. 156  21
 6 1  2.95562E-04  5.14860E-01  5.14860E-01  2.10000E+01            143.CE 58. 157   1
 6 5  3.68865E-05  5.50070E-01  5.50070E-01  2.10000E+01            143.CE 58. 158   5
 6 6  1.83918E-06  5.50427E-01  5.50427E-01  2.10000E+01            143.CE 58. 159   6
 6 7  4.01757E-07  5.50916E-01  5.50916E-01  2.10000E+01            143.CE 58. 160   7
 6 3  8.22607E-06  5.55642E-01  5.55642E-01  2.10000E+01            143.CE 58. 161   3
 6 4  2.30908E-06  5.56870E-01  5.56870E-01  2.10000E+01            143.CE 58. 162   4
 122  5.13600E-03  5.69910E-01  5.69910E-01  0.00000E+00            143.CE 58. 163  22
 6 1  5.48308E-05  5.27900E-01  5.27900E-01  2.20000E+01            143.CE 58. 164   1
 6 5  6.83940E-06  5.63110E-01  5.63110E-01  2.20000E+01            143.CE 58. 165   5
 6 6  3.37991E-07  5.63467E-01  5.63467E-01  2.20000E+01            143.CE 58. 166   6
 6 7  7.41380E-08  5.63956E-01  5.63956E-01  2.20000E+01            143.CE 58. 167   7
 6 3  1.52430E-06  5.68682E-01  5.68682E-01  2.20000E+01            143.CE 58. 168   3
 6 4  4.27919E-07  5.69910E-01  5.69910E-01  2.20000E+01            143.CE 58. 169   4
 123  2.66644E-01  5.87200E-01  5.87200E-01  0.00000E+00            143.CE 58. 170  23
 6 1  2.64508E-03  5.45190E-01  5.45190E-01  2.30000E+01            143.CE 58. 171   1
 6 5  3.29711E-04  5.80400E-01  5.80400E-01  2.30000E+01            143.CE 58. 172   5
 6 6  1.61056E-05  5.80757E-01  5.80757E-01  2.30000E+01            143.CE 58. 173   6
 6 7  3.55252E-06  5.81246E-01  5.81246E-01  2.30000E+01            143.CE 58. 174   7
 6 3  7.34244E-05  5.85972E-01  5.85972E-01  2.30000E+01            143.CE 58. 175   3
 6 4  2.06152E-05  5.87200E-01  5.87200E-01  2.30000E+01            143.CE 58. 176   4
 124  2.14000E-03  5.94500E-01  5.94500E-01  0.00000E+00            143.CE 58. 177  24
 6 1  1.29239E-05  5.52490E-01  5.52490E-01  2.40000E+01            143.CE 58. 178   1
 6 5  1.52049E-06  5.87700E-01  5.87700E-01  2.40000E+01            143.CE 58. 179   5
 6 6  2.81225E-07  5.88057E-01  5.88057E-01  2.40000E+01            143.CE 58. 180   6
 6 7  1.70823E-07  5.88546E-01  5.88546E-01  2.40000E+01            143.CE 58. 181   7
 6 3  4.20783E-07  5.93272E-01  5.93272E-01  2.40000E+01            143.CE 58. 182   3
 6 4  1.16320E-07  5.94500E-01  5.94500E-01  2.40000E+01            143.CE 58. 183   4
 125  1.19840E-02  6.14220E-01  6.14220E-01  0.00000E+00            143.CE 58. 184  25
 6 1  1.06485E-04  5.72210E-01  5.72210E-01  2.50000E+01            143.CE 58. 185   1
 6 5  1.32594E-05  6.07420E-01  6.07420E-01  2.50000E+01            143.CE 58. 186   5
 6 6  6.36312E-07  6.07777E-01  6.07777E-01  2.50000E+01            143.CE 58. 187   6
 6 7  1.41618E-07  6.08266E-01  6.08266E-01  2.50000E+01            143.CE 58. 188   7
 6 3  2.94930E-06  6.12992E-01  6.12992E-01  2.50000E+01            143.CE 58. 189   3
 6 4  8.28219E-07  6.14220E-01  6.14220E-01  2.50000E+01            143.CE 58. 190   4
 126  5.69240E+00  6.64571E-01  6.64571E-01  0.00000E+00            143.CE 58. 191  26
 6 1  4.17609E-02  6.22561E-01  6.22561E-01  2.60000E+01            143.CE 58. 192   1
 6 5  5.18999E-03  6.57771E-01  6.57771E-01  2.60000E+01            143.CE 58. 193   5
 6 6  2.41288E-04  6.58128E-01  6.58128E-01  2.60000E+01            143.CE 58. 194   6
 6 7  5.46422E-05  6.58617E-01  6.58617E-01  2.60000E+01            143.CE 58. 195   7
 6 3  1.15214E-03  6.63343E-01  6.63343E-01  2.60000E+01            143.CE 58. 196   3
 6 4  3.23636E-04  6.64571E-01  6.64571E-01  2.60000E+01            143.CE 58. 197   4
 127  8.13200E-03  6.70120E-01  6.70120E-01  0.00000E+00            143.CE 58. 198  27
 6 1  3.65610E-05  6.28110E-01  6.28110E-01  2.70000E+01            143.CE 58. 199   1
 6 5  4.33484E-06  6.63320E-01  6.63320E-01  2.70000E+01            143.CE 58. 200   5
 6 6  6.77864E-07  6.63677E-01  6.63677E-01  2.70000E+01            143.CE 58. 201   6
 6 7  4.00713E-07  6.64166E-01  6.64166E-01  2.70000E+01            143.CE 58. 202   7
 6 3  1.15002E-06  6.68892E-01  6.68892E-01  2.70000E+01            143.CE 58. 203   3
 6 4  3.18811E-07  6.70120E-01  6.70120E-01  2.70000E+01            143.CE 58. 204   4
 128  8.56000E-04  6.75500E-01  6.75500E-01  0.00000E+00            143.CE 58. 205  28
 6 1  6.03676E-06  6.33490E-01  6.33490E-01  2.80000E+01            143.CE 58. 206   1
 6 5  7.49935E-07  6.68700E-01  6.68700E-01  2.80000E+01            143.CE 58. 207   5
 6 6  3.46332E-08  6.69057E-01  6.69057E-01  2.80000E+01            143.CE 58. 208   6
 6 7  7.87356E-09  6.69546E-01  6.69546E-01  2.80000E+01            143.CE 58. 209   7
 6 3  1.66415E-07  6.74272E-01  6.74272E-01  2.80000E+01            143.CE 58. 210   3
 6 4  4.67484E-08  6.75500E-01  6.75500E-01  2.80000E+01            143.CE 58. 211   4
 129  8.56000E-03  6.82820E-01  6.82820E-01  0.00000E+00            143.CE 58. 212  29
 6 1  3.67826E-05  6.40810E-01  6.40810E-01  2.90000E+01            143.CE 58. 213   1
 6 5  4.36576E-06  6.76020E-01  6.76020E-01  2.90000E+01            143.CE 58. 214   5
 6 6  6.64987E-07  6.76377E-01  6.76377E-01  2.90000E+01            143.CE 58. 215   6
 6 7  3.91583E-07  6.76866E-01  6.76866E-01  2.90000E+01            143.CE 58. 216   7
 6 3  1.15128E-06  6.81592E-01  6.81592E-01  2.90000E+01            143.CE 58. 217   3
 6 4  3.19274E-07  6.82820E-01  6.82820E-01  2.90000E+01            143.CE 58. 218   4
 130  8.56000E-03  7.09590E-01  7.09590E-01  0.00000E+00            143.CE 58. 219  30
 6 1  5.36057E-05  6.67580E-01  6.67580E-01  3.00000E+01            143.CE 58. 220   1
 6 5  6.65057E-06  7.02790E-01  7.02790E-01  3.00000E+01            143.CE 58. 221   5
 6 6  3.00992E-07  7.03147E-01  7.03147E-01  3.00000E+01            143.CE 58. 222   6
 6 7  6.92732E-08  7.03636E-01  7.03636E-01  3.00000E+01            143.CE 58. 223   7
 6 3  1.47439E-06  7.08362E-01  7.08362E-01  3.00000E+01            143.CE 58. 224   3
 6 4  4.14242E-07  7.09590E-01  7.09590E-01  3.00000E+01            143.CE 58. 225   4
 131  5.39280E+00  7.21929E-01  7.21929E-01  0.00000E+00            143.CE 58. 226  31
 6 1  3.24001E-02  6.79919E-01  6.79919E-01  3.10000E+01            143.CE 58. 227   1
 6 5  4.01781E-03  7.15129E-01  7.15129E-01  3.10000E+01            143.CE 58. 228   5
 6 6  1.80544E-04  7.15486E-01  7.15486E-01  3.10000E+01            143.CE 58. 229   6
 6 7  4.17406E-05  7.15975E-01  7.15975E-01  3.10000E+01            143.CE 58. 230   7
 6 3  8.90446E-04  7.20701E-01  7.20701E-01  3.10000E+01            143.CE 58. 231   3
 6 4  2.50190E-04  7.21929E-01  7.21929E-01  3.10000E+01            143.CE 58. 232   4
 132  2.99600E-03  7.29870E-01  7.29870E-01  0.00000E+00            143.CE 58. 233  32
 6 1  1.09950E-05  6.87860E-01  6.87860E-01  3.20000E+01            143.CE 58. 234   1
 6 5  1.30843E-06  7.23070E-01  7.23070E-01  3.20000E+01            143.CE 58. 235   5
 6 6  1.81593E-07  7.23427E-01  7.23427E-01  3.20000E+01            143.CE 58. 236   6
 6 7  1.05587E-07  7.23916E-01  7.23916E-01  3.20000E+01            143.CE 58. 237   7
 6 3  3.38370E-07  7.28642E-01  7.28642E-01  3.20000E+01            143.CE 58. 238   3
 6 4  9.38836E-08  7.29870E-01  7.29870E-01  3.20000E+01            143.CE 58. 239   4
 133  3.16720E-03  7.67700E-01  7.67700E-01  0.00000E+00            143.CE 58. 240  33
 6 1  1.64229E-05  7.25690E-01  7.25690E-01  3.30000E+01            143.CE 58. 241   1
 6 5  2.03317E-06  7.60900E-01  7.60900E-01  3.30000E+01            143.CE 58. 242   5
 6 6  8.90305E-08  7.61257E-01  7.61257E-01  3.30000E+01            143.CE 58. 243   6
 6 7  2.09400E-08  7.61746E-01  7.61746E-01  3.30000E+01            143.CE 58. 244   7
 6 3  4.50111E-07  7.66472E-01  7.66472E-01  3.30000E+01            143.CE 58. 245   3
 6 4  1.26487E-07  7.67700E-01  7.67700E-01  3.30000E+01            143.CE 58. 246   4
 134  2.56800E-03  7.87400E-01  7.87400E-01  0.00000E+00            143.CE 58. 247  34
 6 1  7.90696E-06  7.45390E-01  7.45390E-01  3.40000E+01            143.CE 58. 248   1
 6 5  9.43225E-07  7.80600E-01  7.80600E-01  3.40000E+01            143.CE 58. 249   5
 6 6  1.17791E-07  7.80957E-01  7.80957E-01  3.40000E+01            143.CE 58. 250   6
 6 7  6.76467E-08  7.81446E-01  7.81446E-01  3.40000E+01            143.CE 58. 251   7
 6 3  2.39060E-07  7.86172E-01  7.86172E-01  3.40000E+01            143.CE 58. 252   3
 6 4  6.63542E-08  7.87400E-01  7.87400E-01  3.40000E+01            143.CE 58. 253   4
 135  1.32680E-02  7.91070E-01  7.91070E-01  0.00000E+00            143.CE 58. 254  35
 6 1  4.04211E-05  7.49060E-01  7.49060E-01  3.50000E+01            143.CE 58. 255   1
 6 5  4.82247E-06  7.84270E-01  7.84270E-01  3.50000E+01            143.CE 58. 256   5
 6 6  5.98363E-07  7.84627E-01  7.84627E-01  3.50000E+01            143.CE 58. 257   6
 6 7  3.43400E-07  7.85116E-01  7.85116E-01  3.50000E+01            143.CE 58. 258   7
 6 3  1.22083E-06  7.89842E-01  7.89842E-01  3.50000E+01            143.CE 58. 259   3
 6 4  3.38863E-07  7.91070E-01  7.91070E-01  3.50000E+01            143.CE 58. 260   4
 136  2.86760E-02  8.06340E-01  8.06340E-01  0.00000E+00            143.CE 58. 261  36
 6 1  1.32276E-04  7.64330E-01  7.64330E-01  3.60000E+01            143.CE 58. 262   1
 6 5  1.63545E-05  7.99540E-01  7.99540E-01  3.60000E+01            143.CE 58. 263   5
 6 6  7.01203E-07  7.99897E-01  7.99897E-01  3.60000E+01            143.CE 58. 264   6
 6 7  1.67408E-07  8.00386E-01  8.00386E-01  3.60000E+01            143.CE 58. 265   7
 6 3  3.61757E-06  8.05112E-01  8.05112E-01  3.60000E+01            143.CE 58. 266   3
 6 4  1.01666E-06  8.06340E-01  8.06340E-01  3.60000E+01            143.CE 58. 267   4
 137  3.12440E-02  8.09980E-01  8.09980E-01  0.00000E+00            143.CE 58. 268  37
 6 1  1.42587E-04  7.67970E-01  7.67970E-01  3.70000E+01            143.CE 58. 269   1
 6 5  1.76273E-05  8.03180E-01  8.03180E-01  3.70000E+01            143.CE 58. 270   5
 6 6  7.54298E-07  8.03537E-01  8.03537E-01  3.70000E+01            143.CE 58. 271   6
 6 7  1.80341E-07  8.04026E-01  8.04026E-01  3.70000E+01            143.CE 58. 272   7
 6 3  3.89880E-06  8.08752E-01  8.08752E-01  3.70000E+01            143.CE 58. 273   3
 6 4  1.09571E-06  8.09980E-01  8.09980E-01  3.70000E+01            143.CE 58. 274   4
 138  1.03148E+00  8.80460E-01  8.80460E-01  0.00000E+00            143.CE 58. 275  38
 6 1  3.86395E-03  8.38450E-01  8.38450E-01  3.80000E+01            143.CE 58. 276   1
 6 5  4.76677E-04  8.73660E-01  8.73660E-01  3.80000E+01            143.CE 58. 277   5
 6 6  1.96595E-05  8.74017E-01  8.74017E-01  3.80000E+01            143.CE 58. 278   6
 6 7  4.83339E-06  8.74506E-01  8.74506E-01  3.80000E+01            143.CE 58. 279   7
 6 3  1.05279E-04  8.79232E-01  8.79232E-01  3.80000E+01            143.CE 58. 280   3
 6 4  2.95894E-05  8.80460E-01  8.80460E-01  3.80000E+01            143.CE 58. 281   4
 139  8.13200E-03  8.91470E-01  8.91470E-01  0.00000E+00            143.CE 58. 282  39
 6 1  2.95839E-05  8.49460E-01  8.49460E-01  3.90000E+01            143.CE 58. 283   1
 6 5  3.64854E-06  8.84670E-01  8.84670E-01  3.90000E+01            143.CE 58. 284   5
 6 6  1.49636E-07  8.85027E-01  8.85027E-01  3.90000E+01            143.CE 58. 285   6
 6 7  3.69567E-08  8.85516E-01  8.85516E-01  3.90000E+01            143.CE 58. 286   7
 6 3  8.05639E-07  8.90242E-01  8.90242E-01  3.90000E+01            143.CE 58. 287   3
 6 4  2.26429E-07  8.91470E-01  8.91470E-01  3.90000E+01            143.CE 58. 288   4
 140  1.28400E-03  9.07100E-01  9.07100E-01  0.00000E+00            143.CE 58. 289  40
 6 1  2.88192E-06  8.65090E-01  8.65090E-01  4.00000E+01            143.CE 58. 290   1
 6 5  3.44812E-07  9.00300E-01  9.00300E-01  4.00000E+01            143.CE 58. 291   5
 6 6  3.54165E-08  9.00657E-01  9.00657E-01  4.00000E+01            143.CE 58. 292   6
 6 7  1.99845E-08  9.01146E-01  9.01146E-01  4.00000E+01            143.CE 58. 293   7
 6 3  8.46266E-08  9.05872E-01  9.05872E-01  4.00000E+01            143.CE 58. 294   3
 6 4  2.34968E-08  9.07100E-01  9.07100E-01  4.00000E+01            143.CE 58. 295   4
 141  2.61080E-02  9.37820E-01  9.37820E-01  0.00000E+00            143.CE 58. 296  41
 6 1  5.45097E-05  8.95810E-01  8.95810E-01  4.10000E+01            143.CE 58. 297   1
 6 5  6.52487E-06  9.31020E-01  9.31020E-01  4.10000E+01            143.CE 58. 298   5
 6 6  6.40287E-07  9.31377E-01  9.31377E-01  4.10000E+01            143.CE 58. 299   6
 6 7  3.60448E-07  9.31866E-01  9.31866E-01  4.10000E+01            143.CE 58. 300   7
 6 3  1.59067E-06  9.36592E-01  9.36592E-01  4.10000E+01            143.CE 58. 301   3
 6 4  4.41708E-07  9.37820E-01  9.37820E-01  4.10000E+01            143.CE 58. 302   4
 142  1.28400E-03  9.56900E-01  9.56900E-01  0.00000E+00            143.CE 58. 303  42
 6 1  2.56701E-06  9.14890E-01  9.14890E-01  4.20000E+01            143.CE 58. 304   1
 6 5  3.07346E-07  9.50100E-01  9.50100E-01  4.20000E+01            143.CE 58. 305   5
 6 6  2.93413E-08  9.50457E-01  9.50457E-01  4.20000E+01            143.CE 58. 306   6
 6 7  1.64983E-08  9.50946E-01  9.50946E-01  4.20000E+01            143.CE 58. 307   7
 6 3  7.46347E-08  9.55672E-01  9.55672E-01  4.20000E+01            143.CE 58. 308   3
 6 4  2.07267E-08  9.56900E-01  9.56900E-01  4.20000E+01            143.CE 58. 309   4
 143  7.53280E-02  1.00285E+00  1.00285E+00  0.00000E+00            143.CE 58. 310  43
 6 1  2.08029E-04  9.60840E-01  9.60840E-01  4.30000E+01            143.CE 58. 311   1
 6 5  2.55906E-05  9.96050E-01  9.96050E-01  4.30000E+01            143.CE 58. 312   5
 6 6  9.93847E-07  9.96407E-01  9.96407E-01  4.30000E+01            143.CE 58. 313   6
 6 7  2.57374E-07  9.96896E-01  9.96896E-01  4.30000E+01            143.CE 58. 314   7
 6 3  5.63826E-06  1.00162E+00  1.00162E+00  4.30000E+01            143.CE 58. 315   3
 6 4  1.58433E-06  1.00285E+00  1.00285E+00  4.30000E+01            143.CE 58. 316   4
 144  1.28400E-03  1.01430E+00  1.01430E+00  0.00000E+00            143.CE 58. 317  44
 6 1  2.26783E-06  9.72290E-01  9.72290E-01  4.40000E+01            143.CE 58. 318   1
 6 5  2.71671E-07  1.00750E+00  1.00750E+00  4.40000E+01            143.CE 58. 319   5
 6 6  2.39594E-08  1.00786E+00  1.00786E+00  4.40000E+01            143.CE 58. 320   6
 6 7  1.34409E-08  1.00835E+00  1.00835E+00  4.40000E+01            143.CE 58. 321   7
 6 3  6.52702E-08  1.01307E+00  1.01307E+00  4.40000E+01            143.CE 58. 322   3
 6 4  1.81311E-08  1.01430E+00  1.01430E+00  4.40000E+01            143.CE 58. 323   4
 145  2.01160E-02  1.03122E+00  1.03122E+00  0.00000E+00            143.CE 58. 324  45
 6 1  5.20643E-05  9.89210E-01  9.89210E-01  4.50000E+01            143.CE 58. 325   1
 6 5  6.40137E-06  1.02442E+00  1.02442E+00  4.50000E+01            143.CE 58. 326   5
 6 6  2.45314E-07  1.02478E+00  1.02478E+00  4.50000E+01            143.CE 58. 327   6
 6 7  6.43207E-08  1.02527E+00  1.02527E+00  4.50000E+01            143.CE 58. 328   7
 6 3  1.40958E-06  1.02999E+00  1.02999E+00  4.50000E+01            143.CE 58. 329   3
 6 4  3.96051E-07  1.03122E+00  1.03122E+00  4.50000E+01            143.CE 58. 330   4
 146  1.19840E-02  1.04678E+00  1.04678E+00  0.00000E+00            143.CE 58. 331  46
 6 1  2.99577E-05  1.00477E+00  1.00477E+00  4.60000E+01            143.CE 58. 332   1
 6 5  3.68238E-06  1.03998E+00  1.03998E+00  4.60000E+01            143.CE 58. 333   5
 6 6  1.40100E-07  1.04034E+00  1.04034E+00  4.60000E+01            143.CE 58. 334   6
 6 7  3.69862E-08  1.04083E+00  1.04083E+00  4.60000E+01            143.CE 58. 335   7
 6 3  8.10603E-07  1.04555E+00  1.04555E+00  4.60000E+01            143.CE 58. 336   3
 6 4  2.27743E-07  1.04678E+00  1.04678E+00  4.60000E+01            143.CE 58. 337   4
 147  3.63800E-02  1.06022E+00  1.06022E+00  0.00000E+00            143.CE 58. 338  47
 6 1  8.82935E-05  1.01821E+00  1.01821E+00  4.70000E+01            143.CE 58. 339   1
 6 5  1.08507E-05  1.05342E+00  1.05342E+00  4.70000E+01            143.CE 58. 340   5
 6 6  4.10278E-07  1.05378E+00  1.05378E+00  4.70000E+01            143.CE 58. 341   6
 6 7  1.08957E-07  1.05427E+00  1.05427E+00  4.70000E+01            143.CE 58. 342   7
 6 3  2.38791E-06  1.05899E+00  1.05899E+00  4.70000E+01            143.CE 58. 343   3
 6 4  6.70860E-07  1.06022E+00  1.06022E+00  4.70000E+01            143.CE 58. 344   4
 148  4.15160E-01  1.10325E+00  1.10325E+00  0.00000E+00            143.CE 58. 345  48
 6 1  9.18697E-04  1.06124E+00  1.06124E+00  4.80000E+01            143.CE 58. 346   1
 6 5  1.12876E-04  1.09645E+00  1.09645E+00  4.80000E+01            143.CE 58. 347   5
 6 6  4.18540E-06  1.09681E+00  1.09681E+00  4.80000E+01            143.CE 58. 348   6
 6 7  1.13299E-06  1.09730E+00  1.09730E+00  4.80000E+01            143.CE 58. 349   7
 6 3  2.48185E-05  1.10202E+00  1.10202E+00  4.80000E+01            143.CE 58. 350   3
 6 4  6.97125E-06  1.10325E+00  1.10325E+00  4.80000E+01            143.CE 58. 351   4
 149  2.39680E-03  1.16058E+00  1.16058E+00  0.00000E+00            143.CE 58. 352  49
 6 1  3.21075E-06  1.11857E+00  1.11857E+00  4.90000E+01            143.CE 58. 353   1
 6 5  3.84225E-07  1.15378E+00  1.15378E+00  4.90000E+01            143.CE 58. 354   5
 6 6  2.82759E-08  1.15414E+00  1.15414E+00  4.90000E+01            143.CE 58. 355   6
 6 7  1.58685E-08  1.15463E+00  1.15463E+00  4.90000E+01            143.CE 58. 356   7
 6 3  9.03427E-08  1.15935E+00  1.15935E+00  4.90000E+01            143.CE 58. 357   3
 6 4  2.51229E-08  1.16058E+00  1.16058E+00  4.90000E+01            143.CE 58. 358   4
 150  1.58360E-03  1.32448E+00  1.32448E+00  0.00000E+00            143.CE 58. 359  50
 6 1  2.30586E-06  1.28247E+00  1.28247E+00  5.00000E+01            143.CE 58. 360   1
 6 5  2.82977E-07  1.31768E+00  1.31768E+00  5.00000E+01            143.CE 58. 361   5
 6 6  9.54658E-09  1.31804E+00  1.31804E+00  5.00000E+01            143.CE 58. 362   6
 6 7  2.85797E-09  1.31853E+00  1.31853E+00  5.00000E+01            143.CE 58. 363   7
 6 3  6.19073E-08  1.32325E+00  1.32325E+00  5.00000E+01            143.CE 58. 364   3
 6 4  1.73665E-08  1.32448E+00  1.32448E+00  5.00000E+01            143.CE 58. 365   4
 151  3.08160E-03  1.34010E+00  1.34010E+00  0.00000E+00            143.CE 58. 366  51
 6 1  4.36936E-06  1.29809E+00  1.29809E+00  5.10000E+01            143.CE 58. 367   1
 6 5  5.36201E-07  1.33330E+00  1.33330E+00  5.10000E+01            143.CE 58. 368   5
 6 6  1.79750E-08  1.33366E+00  1.33366E+00  5.10000E+01            143.CE 58. 369   6
 6 7  5.42008E-09  1.33415E+00  1.33415E+00  5.10000E+01            143.CE 58. 370   7
 6 3  1.17260E-07  1.33887E+00  1.33887E+00  5.10000E+01            143.CE 58. 371   3
 6 4  3.28907E-08  1.34010E+00  1.34010E+00  5.10000E+01            143.CE 58. 372   4
 152  3.85200E-04  1.38200E+00  1.38200E+00  0.00000E+00            143.CE 58. 373  52
 6 1  5.09426E-07  1.33999E+00  1.33999E+00  5.20000E+01            143.CE 58. 374   1
 6 5  6.25138E-08  1.37520E+00  1.37520E+00  5.20000E+01            143.CE 58. 375   5
 6 6  2.06068E-09  1.37556E+00  1.37556E+00  5.20000E+01            143.CE 58. 376   6
 6 7  6.33507E-10  1.37605E+00  1.37605E+00  5.20000E+01            143.CE 58. 377   7
 6 3  1.36565E-08  1.38077E+00  1.38077E+00  5.20000E+01            143.CE 58. 378   3
 6 4  3.82939E-09  1.38200E+00  1.38200E+00  5.20000E+01            143.CE 58. 379   4
 2 1  1.80976E+01  3.55671E-02  3.55671E-02  0.00000E+00            143.CE 58. 380   1
 2 2  3.30508E+01  3.60557E-02  3.60557E-02  0.00000E+00            143.CE 58. 381   2
 2 3  3.23894E+00  4.06843E-02  4.06843E-02  0.00000E+00            143.CE 58. 382   3
 2 4  6.27081E+00  4.07816E-02  4.07816E-02  0.00000E+00            143.CE 58. 383   4
 2 5  4.02349E-02  4.10541E-02  4.10541E-02  0.00000E+00            143.CE 58. 384   5
 2 6  5.40279E-02  4.10751E-02  4.10751E-02  0.00000E+00            143.CE 58. 385   6
 2 7  6.92468E-01  4.17693E-02  4.17693E-02  0.00000E+00            143.CE 58. 386   7
 2 8  1.34640E+00  4.17904E-02  4.17904E-02  0.00000E+00            143.CE 58. 387   8
 2 9  8.56948E-03  4.18877E-02  4.18877E-02  0.00000E+00            143.CE 58. 388   9
 210  1.14930E-02  4.18914E-02  4.18914E-02  0.00000E+00            143.CE 58. 389  10
 211  1.24386E-01  4.19827E-02  4.19827E-02  0.00000E+00            143.CE 58. 390  11
 212  2.43217E-01  4.19856E-02  4.19856E-02  0.00000E+00            143.CE 58. 391  12
 221  2.24674E-04  3.56900E-04  3.56900E-04  0.00000E+00            143.CE 58. 392  21
 222  6.62120E-03  8.45401E-04  8.45401E-04  0.00000E+00            143.CE 58. 393  22
 223  2.11890E-01  5.47410E-03  5.47410E-03  0.00000E+00            143.CE 58. 394  23
 224  3.18631E-01  5.57140E-03  5.57140E-03  0.00000E+00            143.CE 58. 395  24
 225  3.80571E-03  5.84382E-03  5.84382E-03  0.00000E+00            143.CE 58. 396  25
 226  5.69034E-03  5.86494E-03  5.86494E-03  0.00000E+00            143.CE 58. 397  26
 227  4.88192E-02  6.55916E-03  6.55916E-03  0.00000E+00            143.CE 58. 398  27
 228  7.60296E-02  6.58024E-03  6.58024E-03  0.00000E+00            143.CE 58. 399  28
 229  5.06750E-04  6.67752E-03  6.67752E-03  0.00000E+00            143.CE 58. 400  29
 230  7.76259E-04  6.68121E-03  6.68121E-03  0.00000E+00            143.CE 58. 401  30
 231  7.11311E-03  6.77254E-03  6.77254E-03  0.00000E+00            143.CE 58. 402  31
 232  1.08665E-02  6.77554E-03  6.77554E-03  0.00000E+00            143.CE 58. 403  32
 241  4.79246E-06  4.88499E-04  4.88499E-04  0.00000E+00            143.CE 58. 404  41
 242  1.08528E-01  4.96281E-03  4.96281E-03  0.00000E+00            143.CE 58. 405  42
 243  1.82342E-03  5.21452E-03  5.21452E-03  0.00000E+00            143.CE 58. 406  43
 244  2.47697E+00  5.48692E-03  5.48692E-03  0.00000E+00            143.CE 58. 407  44
 245  1.83075E-02  6.14367E-03  6.14367E-03  0.00000E+00            143.CE 58. 408  45
 246  3.13314E-04  6.22335E-03  6.22335E-03  0.00000E+00            143.CE 58. 409  46
 247  4.15484E-01  6.32061E-03  6.32061E-03  0.00000E+00            143.CE 58. 410  47
 248  7.20593E-05  6.43525E-03  6.43525E-03  0.00000E+00            143.CE 58. 411  48
 249  2.76879E-03  6.39960E-03  6.39960E-03  0.00000E+00            143.CE 58. 412  49
 250  5.88622E-05  6.41864E-03  6.41864E-03  0.00000E+00            143.CE 58. 413  50
 261  3.79367E-01  4.47429E-03  4.47429E-03  0.00000E+00            143.CE 58. 414  61
 262  2.29720E-03  4.62870E-03  4.62870E-03  0.00000E+00            143.CE 58. 415  62
 263  2.12362E-03  4.72601E-03  4.72601E-03  0.00000E+00            143.CE 58. 416  63
 264  4.54151E-01  4.99842E-03  4.99842E-03  0.00000E+00            143.CE 58. 417  64
 265  4.02125E+00  5.01953E-03  5.01953E-03  0.00000E+00            143.CE 58. 418  65
 266  4.15300E-02  5.65515E-03  5.65515E-03  0.00000E+00            143.CE 58. 419  66
 267  2.80276E-04  5.71376E-03  5.71376E-03  0.00000E+00            143.CE 58. 420  67
 268  2.70302E-04  5.73485E-03  5.73485E-03  0.00000E+00            143.CE 58. 421  68
 269  7.36073E-02  5.83212E-03  5.83212E-03  0.00000E+00            143.CE 58. 422  69
 270  6.57940E-01  5.83581E-03  5.83581E-03  0.00000E+00            143.CE 58. 423  70
 271  2.06751E-05  5.94676E-03  5.94676E-03  0.00000E+00            143.CE 58. 424  71
 272  1.18516E-04  5.94716E-03  5.94716E-03  0.00000E+00            143.CE 58. 425  72
 273  7.17851E-03  5.91110E-03  5.91110E-03  0.00000E+00            143.CE 58. 426  73
 274  5.28079E-05  5.92715E-03  5.92715E-03  0.00000E+00            143.CE 58. 427  74
 275  4.69072E-05  5.93014E-03  5.93014E-03  0.00000E+00            143.CE 58. 428  75
 291  6.86497E-01  8.16745E-04  8.16745E-04  0.00000E+00            143.CE 58. 429  91
 292  1.81905E-02  1.27633E-04  1.27633E-04  0.00000E+00            143.CE 58. 430  92
 293  1.19851E-06  1.83559E-05  1.83559E-05  0.00000E+00            143.CE 58. 431  93
 294  8.99188E+02  1.56197E-05  1.56197E-05  0.00000E+00            143.CE 58. 432  94
 7 1  3.68758E+00  2.93378E-02  2.93378E-02  0.00000E+00            143.CE 58. 433   1
 7 2  1.75381E+00  3.45832E-02  3.45832E-02  0.00000E+00            143.CE 58. 434   2
 7 3  1.99786E-01  3.98311E-02  3.98311E-02  0.00000E+00            143.CE 58. 435   3
 7 4  1.03374E+01  4.13241E-04  4.13241E-04  0.00000E+00            143.CE 58. 436   4
 7 5  4.46536E+01  3.99585E-03  3.99585E-03  0.00000E+00            143.CE 58. 437   5
 7 6  1.48686E+01  4.89896E-03  4.89896E-03  0.00000E+00            143.CE 58. 438   6
 7 7  1.21823E+00  5.83520E-03  5.83520E-03  0.00000E+00            143.CE 58. 439   7
 7 8  4.97673E+01  1.42971E-04  1.42971E-04  0.00000E+00            143.CE 58. 440   8
 7 9  1.16513E+02  6.67515E-04  6.67515E-04  0.00000E+00            143.CE 58. 441   9
 710  8.23951E+00  8.25511E-04  8.25511E-04  0.00000E+00            143.CE 58. 442  10
 711  1.54787E-01  1.00601E-03  1.00601E-03  0.00000E+00            143.CE 58. 443  11
 712  3.15805E+02  8.72062E-05  8.72062E-05  0.00000E+00            143.CE 58. 444  12
 713  1.12366E+02  7.04257E-05  7.04257E-05  0.00000E+00            143.CE 58. 445  13
 714  1.05116E+02  1.29601E-05  1.29601E-05  0.00000E+00            143.CE 58. 446  14
 715  8.53568E-01  3.35200E-05  3.35200E-05  0.00000E+00            143.CE 58. 447  15
%%%% 143 CE  58    B-           1.18940E+05 33.039 H   02-11-2005       SEEIEND 
 


   ***************************************************** 
   *                 Radiation Summary                 * 
   ***************************************************** 
 
  Energy released by
    Gamma-ray                       (MeV) =   2.55656E-01
    X-ray                           (MeV) =   2.37832E-02
    Free-bound X-ray                (MeV) =   1.40451E-04
    Annihilation photon             (MeV) =   0.00000E+00
    Beta+ particle                  (MeV) =   0.00000E+00
    Neutrino                        (MeV) =   0.00000E+00
    Beta- particle                  (MeV) =   4.05658E-01
    Neutrino-                       (MeV) =   7.45139E-01
    Internal conv. electron         (MeV) =   2.50221E-02
    Auger and CK electron           (MeV) =   5.68137E-03
    Alpha particle                  (MeV) =   0.00000E+00
    Recoil nucleus                  (MeV) =   0.00000E+00
  E-total (except unplaced radiat.) (MeV) =   1.46108E+00
  E-unplaced radiation              (MeV) =   0.00000E+00
  Q-value from ENSDF data           (MeV) =   1.46140E+00
  Ratio of E-total/Q-value          ( % ) =   9.99781E+01
  Ratio of E-unplaced radi./Q-value ( % ) =   0.00000E+00

 
  Total yield of
    Gamma-ray                             =   7.55716E-01
    X-ray                                 =   7.32392E-01
    Free-bound X-ray                      =   8.99188E+00
    Annihilation photon                   =   0.00000E+00
    Beta+ particle                        =   0.00000E+00
    Beta- particle                        =   1.00000E+00
    Internal conv. electron               =   8.12896E-01
    Auger and CK electron                 =   7.85535E+00
    Alpha particle                        =   0.00000E+00
  Yield of unplaced radiation             =   0.00000E+00


