%%%% 249 CM  96    B-           3.84900E+03 64.15 M    02-11-2005       BALASTAR
1 249   CM  96 64.15 M         B-         
           WARNING:                                                                             
 249 BK 97  GAMMA-RAY ENERGY =   0.03070 MEV                                                    
           HALF-LIFE OF INITIAL LEVEL ASSOCIATED WITH GAMMA-RAY TOO SHORT TO BE                 
           CONSIDERED ISOMERIC, AND INTENSITY = 0.0                                             
           TRANSITION IGNORED                                                                   
           WARNING:                                                                             
 249 BK 97  GAMMA-RAY ENERGY =   0.04300 MEV                                                    
           HALF-LIFE OF INITIAL LEVEL ASSOCIATED WITH GAMMA-RAY TOO SHORT TO BE                 
           CONSIDERED ISOMERIC, AND INTENSITY = 0.0                                             
           TRANSITION IGNORED                                                                   
           WARNING:                                                                             
 249 BK 97  GAMMA-RAY ENERGY =   0.07380 MEV                                                    
           HALF-LIFE OF INITIAL LEVEL ASSOCIATED WITH GAMMA-RAY TOO SHORT TO BE                 
           CONSIDERED ISOMERIC, AND INTENSITY = 0.0                                             
           TRANSITION IGNORED                                                                   
1INTENSITY AND ENERGY BALANCE DATA

              249-CURIUM-96
+                                    HALFLIFE = 64.15 MINUTES 
+                                                                  02-11-2005


    LEVEL       INTENSITY   INTENSITY
    ENERGY      ENTERING    LEAVING     PERCENT
    (MEV)       LEVEL       LEVEL       ERROR

   0.0000E+00  1.0002E+02
   8.8000E-03  9.9595E+01  1.0000E+02  4.0564E-01                      
   3.9600E-02  3.2889E-01  0.0000E+00  2.0000E+02  ********************
   8.2600E-02  7.7167E-03  0.0000E+00  2.0000E+02  ********************
   3.7760E-01  5.2207E-01  5.2752E-01  1.0388E+00                      
   3.8920E-01  2.5560E-03  1.1598E-02  1.2777E+02  ********************
   4.1060E-01  3.4425E-03  0.0000E+00  2.0000E+02  ********************
   4.2120E-01  4.9215E-02  4.2880E-02  1.3757E+01  ********************
   5.5810E-01  3.1137E-01  2.2533E-01  3.2064E+01  ********************
   5.6920E-01  1.0357E+00  1.0446E+00  8.6059E-01                      
   6.4310E-01  1.8921E+00  1.9214E+00  1.5367E+00                      
   6.6160E-01  3.6845E-01  3.6780E-01  1.7757E-01                      


 INTENSITY TO GROUND AND ISOMERIC STATE(S) OF DAUGHTER(S)=  1.000E+02
 TOTAL INTENSITY FROM PARENT=  1.000E+02
 PERCENT ERROR =  2.446E-02                      


 TOTAL INTENSITY FROM PARENT =  1.000E+02
 VALUE IS WITHIN   7.63E-06% OF 100                      


 TOTAL ENERGY AVAILABLE =  9.010E-01 MEV
 TOTAL ENERGY CONTENT OF ALL RADIATIONS =  9.007E-01 MEV
 PERCENT ERROR =  3.670E-02                      
%%%% 249 CM  96    B-           3.84900E+03 64.15 M    02-11-2005       BALAEND 
%%%% 249 CM  96    B-           3.84900E+03 64.15 M    02-11-2005       INPUSTAR
1                                      **INPUT DATA**
              249-CURIUM-96
+                                    HALFLIFE = 64.15 MINUTES 
+                                                                  02-11-2005

            MODE OF DECAY: BETA MINUS
 
                                MEAN
                                NUMBER/    TRANSITION
                TYPE OF    ID   TRANSFOR-  ENERGY
              TRANSITION   NO.  MATION     (MEV)       OTHER NUCLEAR PARAMETERS

               BETA MINUS   1   3.68E-03   2.394E-01*  FIRST FORBIDDEN                          
               BETA MINUS   2   1.89E-02   2.579E-01*  FIRST FORBIDDEN                          
               BETA MINUS   3   1.04E-02   3.318E-01*  FIRST FORBIDDEN                          
               BETA MINUS   4   1.49E-03   3.429E-01*  FIRST FORBIDDEN                          
               BETA MINUS   5   4.58E-03   5.234E-01*  ALLOWED                                  
               BETA MINUS   6   9.61E-01   8.922E-01*  FIRST FORBIDDEN                          
           I.C.E. + GAMMA   1   1.00E+00   8.800E-03   M2 MULTIPOLE                             
+                                                                    AK= 0.0                    
                                                       AL1=0.0       AL2=0.0                    
                                                       AL3=0.0       AM= 2.41E+06               
                                                       AN+=9.33E+05                             
           I.C.E. + GAMMA   4   3.00E-04   4.370E-02   E2 MULTIPOLE                             
+                                                                    AK= 0.0                    
                                                       AL1=16.0      AL2=416.                   
                                                       AL3=344.      AM= 220.                   
                                                       AN+=80.7                                 
           I.C.E. + GAMMA   6   1.62E-03   8.519E-02   M1 MULTIPOLE                             
+                                                                    AK= 0.0                    
                                                       AL1=19.4      AL2=2.19                   
                                                       AL3=0.0839    AM= 5.34                   
                                                       AN+=1.98                                 
           I.C.E. + GAMMA   7   4.92E-04   1.369E-01   E1 MULTIPOLE                             
+                                                                    AK= 0.196                  
                                                       AL1=0.0248    AL2=0.0140                 
                                                       AL3=0.0103    AM= 0.0122                 
                                                       AN+=0.00441                              
           I.C.E. + GAMMA   8   3.44E-05   1.586E-01   E1 MULTIPOLE                             
+                                                                    AK= 0.142                  
                                                       AL1=0.0181    AL2=0.00923                
                                                       AL3=0.00649   AM= 0.00840                
                                                       AN+=0.00305                              
           I.C.E. + GAMMA   9   2.56E-05   1.688E-01   E1 MULTIPOLE                             
+                                                                    AK= 0.123                  
                                                       AL1=0.0159    AL2=0.00775                
                                                       AL3=0.00534   AM= 0.00718                
                                                       AN+=0.00261                              
           I.C.E. + GAMMA  10   2.28E-04   1.805E-01   E1 MULTIPOLE                             
+                                                                    AK= 0.106                  
                                                       AL1=0.0138    AL2=0.00643                
                                                       AL3=0.00434   AM= 0.00608                
                                                       AN+=0.00222                              
           I.C.E. + GAMMA  11   1.12E-04   1.916E-01   E1 MULTIPOLE                             
+                                                                    AK= 0.0926                 
                                                       AL1=0.0122    AL2=0.00545                
                                                       AL3=0.00360   AM= 0.00525                
                                                       AN+=0.00192                              
           I.C.E. + GAMMA  12   5.28E-03   3.688E-01   E1+M2 MULTIPOLE                          
                                                       MRS=0.221     AK= 0.358                  
                                                       AL1=0.0895    AL2=0.0145                 
                                                       AL3=0.00589   AM= 0.0287                 
                                                       AN+=0.0108                               
           I.C.E. + GAMMA  13   1.16E-04   3.890E-01   M1 MULTIPOLE                             
+                                                                    AK= 0.662                  
                                                       AL1=0.119     AL2=0.0139                 
                                                       AM= 0.0327    AN+=0.0122                 
           I.C.E. + GAMMA  14   1.29E-04   4.213E-01   M1+E2 MULTIPOLE                          
                                                       AK= 0.315     AL1=0.0567                 
                                                       AL2=0.00656   AM= 0.0155                 
                                                       AN+=0.00579                              
           I.C.E. + GAMMA  15   7.72E-05   4.754E-01   E2 MULTIPOLE                             
+                                                                    AK= 0.0381                 
                                                       AL1=0.00808   AL2=0.0132                 
                                                       AL3=0.00331   AM= 0.00665                
                                                       AN+=0.00246                              
           I.C.E. + GAMMA  16   1.07E-03   5.185E-01   M1 MULTIPOLE                             
+                                                                    AK= 0.174                  
                                                       AL1=0.0311    AL2=0.00355                
                                                       AM= 0.00850   AN+=0.00316                
           I.C.E. + GAMMA  17   7.39E-05   5.295E-01   E2 MULTIPOLE                             
+                                                                    AK= 0.0317                 
                                                       AL1=0.00650   AL2=0.00879                
                                                       AL3=0.00205   AM= 0.00466                
                                                       AN+=0.00172                              
           I.C.E. + GAMMA  18   3.57E-04   5.494E-01   M1 MULTIPOLE                             
+                                                                    AK= 0.150                  
                                                       AL1=0.0268    AL2=0.00305                
                                                       AM= 0.00732   AN+=0.00273                
           I.C.E. + GAMMA  19   1.02E-02   5.605E-01   M1+E2 MULTIPOLE                          
                                                       MRS=0.562     AK= 0.168                  
                                                       AL1=0.0303    AL2=0.00577                
                                                       AM= 0.00910   AN+=0.00338                
           I.C.E. + GAMMA  20   6.66E-05   6.033E-01   E2 MULTIPOLE                             
+                                                                    AK= 0.0255                 
                                                       AL1=0.00502   AL2=0.00545                
                                                       AL3=0.00116   AM= 0.00309                
                                                       AN+=0.00114                              
           I.C.E. + GAMMA  21   2.07E-03   6.219E-01   M1+E2 MULTIPOLE                          
                                                       AK= 0.111     AL1=0.0197                 
                                                       AL2=0.00222   AM= 0.00537                
                                                       AN+=0.00200                              
           I.C.E. + GAMMA  22   1.75E-02   6.343E-01   M1+E2 MULTIPOLE                          
                                                       MRS=0.422     AK= 0.131                  
                                                       AL1=0.0235    AL2=0.00384                
                                                       AM= 0.00683   AN+=0.00254                
           I.C.E. + GAMMA  23   1.60E-03   6.528E-01   M1+E2 MULTIPOLE                          
                                                       MRS=1.00      AK= 0.0931                 
                                                       AL1=0.0167    AL2=0.00368                
                                                       AM= 0.00519   AN+=0.00193                
 
           * ENDPOINT ENERGY (MEV)
           - - - - - - - - - -
           Reference: Evaluated Nuclear Structure Data File (ENSDF)
                DATE DATA WERE ENTERED INTO ENSDF: Nov-1999
%%%% 249 CM  96    B-           3.84900E+03 64.15 M    02-11-2005       INPUEND 
%%%% 249 CM  96    B-           3.84900E+03 64.15 M    02-11-2005       OUTPSTAR
1                                      **OUTPUT DATA**
              249-CURIUM-96
+                                    HALFLIFE = 64.15 MINUTES 
+                                                                  02-11-2005

            MODE OF DECAY: BETA MINUS
 
                                              MEAN
                                              NUMBER/                  MEV/
                                         ID   TRANSFOR-   ENERGY       TRANSFOR-
                  TYPE OF RADIATION      NO.  MATION      (MEV)        MATION

           BETA MINUS                     2   1.89E-02    7.039E-02*   1.33E-03
           BETA MINUS                     3   1.04E-02    9.248E-02*   9.58E-04
           BETA MINUS                     5   4.58E-03    1.528E-01*   7.00E-04
           BETA MINUS                     6   9.61E-01    2.789E-01*   2.68E-01
           M CONV. ELECTRON, GAMMA-RAY    1   7.21E-01    3.831E-03*   2.76E-03
           N+ CONV. ELECTRON, GAMMA-RAY   1   2.79E-01    8.800E-03*   2.45E-03
           GAMMA-RAY                      7   3.90E-04    1.369E-01    5.34E-05
           GAMMA-RAY                     10   2.00E-04    1.805E-01    3.61E-05
           GAMMA-RAY                     12   3.50E-03    3.688E-01    1.29E-03
           K CONV. ELECTRON, GAMMA-RAY   12   1.25E-03    2.366E-01    2.96E-04
           GAMMA-RAY                     13   6.30E-05    3.890E-01    2.45E-05
           GAMMA-RAY                     14   9.20E-05    4.213E-01    3.88E-05
           GAMMA-RAY                     15   7.20E-05    4.754E-01    3.42E-05
           GAMMA-RAY                     16   8.80E-04    5.185E-01    4.56E-04
           GAMMA-RAY                     17   7.00E-05    5.295E-01    3.71E-05
           GAMMA-RAY                     18   3.00E-04    5.494E-01    1.65E-04
           GAMMA-RAY                     19   8.40E-03    5.605E-01    4.71E-03
           K CONV. ELECTRON, GAMMA-RAY   19   1.41E-03    4.283E-01    6.05E-04
           GAMMA-RAY                     20   6.40E-05    6.033E-01    3.86E-05
           GAMMA-RAY                     21   1.82E-03    6.219E-01    1.13E-03
           GAMMA-RAY                     22   1.50E-02    6.343E-01    9.51E-03
           K CONV. ELECTRON, GAMMA-RAY   22   1.97E-03    5.021E-01    9.90E-04
           GAMMA-RAY                     23   1.43E-03    6.528E-01    9.34E-04
           K -L2 X-RAY                        1.58E-03    1.077E-01    1.70E-04
           K -L3 X-RAY                        2.45E-03    1.127E-01    2.77E-04
           K -M2 X-RAY                        2.87E-04    1.261E-01    3.61E-05
           K -M3 X-RAY                        5.65E-04    1.272E-01    7.19E-05
           L3-M5 X-RAY                        1.50E-03    1.533E-02    2.29E-05
           M X-RAY                            4.66E-02    3.805E-03*   1.77E-04
           Free-Bound X-RAY                   8.51E+00    7.822E-05*   6.66E-04
           CK MMX                             8.21E-01    6.526E-04*   5.36E-04
           AUGER MNN                          5.46E-01    2.800E-03*   1.53E-03
           AUGER MNX                          1.32E-01    3.481E-03*   4.58E-04
           AUGER NXY                          2.18E+00    3.187E-04*   6.96E-04
 
           ALL LISTED X-RAYS, GAMMA-RAYS AND ANNIHILATION RADIATION    1.99E-02
           ALL NEGLECTED X-RAYS, GAMMA-RAYS AND ANNIH. RADIATION**     1.20E-04
           ALL LISTED BETAS, INTERNAL CONVERSION AND AUGER ELECTRONS   2.81E-01
           ALL NEGLECTED BETAS, INT. CONVERSION AND AUGER ELECTRONS**  2.23E-03
           ALL LISTED RADIATIONS                                       3.01E-01
           ALL NEGLECTED RADIATIONS**                                  2.35E-03
 
           *  AVERAGE ENERGY (MEV)
           ** EACH NEGLECTED TRANSITION CONTRIBUTES LESS THAN  0.100%
              TO THE TOTAL MEV/TRANSFORMATION FOR THIS CATEGORY.
           TOTAL FEEDING OF GROUND STATE LEVEL IN 249-BERKELIUM
             DAUGHTER IS 1.0000E+00 PER TRANSFORMATION OF 249-CURIUM.
             DECAY OF THIS 330 DAYS HALFLIFE LEVEL WILL CONTRIBUTE TO DOSE.
           - - - - - - - - - -
           INPUT DATA SOURCE: EVALUATED NUCLEAR STRUCTURE DATA FILE (ENSDF)
             DATE INPUT DATA WERE ENTERED INTO ENSDF: Nov-1999
%%%% 249 CM  96    B-           3.84900E+03 64.15 M    02-11-2005       OUTPEND 
%%%% 249 CM  96    B-           3.84900E+03 64.15 M    02-11-2005       BETASTAR
1
              249-CURIUM-96
+                                    HALFLIFE = 64.15 MINUTES 
+                                                                  02-11-2005

            BETA SPECTRUM DATA FOR ALL DECAY BRANCHES

                      BETAS PER                BETAS PER                BETAS PER
            ENERGY    MEV            ENERGY    MEV            ENERGY    MEV
            (MEV)     PER DECAY      (MEV)     PER DECAY      (MEV)     PER DECAY

            0.00000   2.308E+00      0.00220   2.303E+00      0.05500   2.220E+00
            0.00010   2.308E+00      0.00240   2.303E+00      0.06000   2.213E+00
            0.00011   2.308E+00      0.00260   2.302E+00      0.06500   2.204E+00
            0.00012   2.308E+00      0.00280   2.302E+00      0.07000   2.196E+00
            0.00013   2.308E+00      0.00300   2.302E+00      0.07500   2.187E+00
            0.00014   2.308E+00      0.00320   2.301E+00      0.08000   2.178E+00
            0.00015   2.308E+00      0.00360   2.300E+00      0.08500   2.168E+00
            0.00016   2.308E+00      0.00400   2.299E+00      0.09000   2.158E+00
            0.00018   2.308E+00      0.00450   2.298E+00      0.10000   2.138E+00
            0.00020   2.308E+00      0.00500   2.297E+00      0.11000   2.116E+00
            0.00022   2.308E+00      0.00550   2.296E+00      0.12000   2.094E+00
            0.00024   2.308E+00      0.00600   2.295E+00      0.13000   2.070E+00
            0.00026   2.308E+00      0.00650   2.294E+00      0.14000   2.046E+00
            0.00028   2.307E+00      0.00700   2.293E+00      0.15000   2.021E+00
            0.00030   2.307E+00      0.00750   2.291E+00      0.16000   1.996E+00
            0.00032   2.307E+00      0.00800   2.290E+00      0.18000   1.943E+00
            0.00036   2.307E+00      0.00850   2.289E+00      0.20000   1.889E+00
            0.00040   2.307E+00      0.00900   2.288E+00      0.22000   1.835E+00
            0.00045   2.307E+00      0.01000   2.286E+00      0.24000   1.781E+00
            0.00050   2.307E+00      0.01100   2.283E+00      0.26000   1.728E+00
            0.00055   2.307E+00      0.01200   2.281E+00      0.28000   1.674E+00
            0.00060   2.307E+00      0.01300   2.279E+00      0.30000   1.617E+00
            0.00065   2.307E+00      0.01400   2.276E+00      0.32000   1.559E+00
            0.00070   2.307E+00      0.01500   2.274E+00      0.36000   1.435E+00
            0.00075   2.306E+00      0.01600   2.272E+00      0.40000   1.303E+00
            0.00080   2.306E+00      0.01800   2.267E+00      0.45000   1.129E+00
            0.00085   2.306E+00      0.02000   2.262E+00      0.50000   9.503E-01
            0.00090   2.306E+00      0.02200   2.262E+00      0.55000   7.718E-01
            0.00100   2.306E+00      0.02400   2.260E+00      0.60000   5.985E-01
            0.00110   2.306E+00      0.02600   2.258E+00      0.65000   4.361E-01
            0.00120   2.305E+00      0.02800   2.256E+00      0.70000   2.905E-01
            0.00130   2.305E+00      0.03000   2.254E+00      0.75000   1.678E-01
            0.00140   2.305E+00      0.03200   2.251E+00      0.80000   7.427E-02
            0.00150   2.305E+00      0.03600   2.247E+00      0.85000   1.635E-02
            0.00160   2.305E+00      0.04000   2.242E+00      0.89220   0.000E+00
            0.00180   2.304E+00      0.04500   2.235E+00
            0.00200   2.304E+00      0.05000   2.228E+00

            AVERAGE BETA ENERGY =   2.714E-01

            TOTAL BETAS PER DECAY FOR ALL BRANCHES =   1.000E+00
%%%% 249 CM  96    B-           3.84900E+03 64.15 M    02-11-2005       BETAEND 
%%%% 249 CM  96    B-           3.84900E+03 64.15 M    02-11-2005       SEEISTAR
249.  CURIUM       96.  6.415E+01 MINUTES  229 B-                   249.CM 96.   0
 5 1  3.68453E-01  6.49757E-02  2.39400E-01  0.00000E+00            249.CM 96.   1   1
 5 2  1.89205E+00  7.03892E-02  2.57900E-01  0.00000E+00            249.CM 96.   2   2
 5 3  1.03565E+00  9.24798E-02  3.31800E-01  0.00000E+00            249.CM 96.   3   3
 5 4  1.49373E-01  9.58580E-02  3.42900E-01  0.00000E+00            249.CM 96.   4   4
 5 5  4.58076E-01  1.52847E-01  5.23400E-01  0.00000E+00            249.CM 96.   5   5
 5 6  9.60964E+01  2.78865E-01  8.92200E-01  0.00000E+00            249.CM 96.   6   6
 1 1  2.98696E-05  8.80000E-03  8.80000E-03  0.00000E+00            249.CM 96.   7   1
 6 3  7.21271E+01  3.83140E-03  3.83140E-03  1.00000E+00            249.CM 96.   8   3
 6 4  2.78729E+01  8.80000E-03  8.80000E-03  1.00000E+00            249.CM 96.   9   4
 1 4  2.78479E-05  4.37000E-02  4.37000E-02  0.00000E+00            249.CM 96.  10   4
 6 5  4.46764E-04  1.84060E-02  1.84060E-02  4.00000E+00            249.CM 96.  11   5
 6 6  1.15738E-02  1.91970E-02  1.91970E-02  4.00000E+00            249.CM 96.  12   6
 6 7  9.57353E-03  2.42380E-02  2.42380E-02  4.00000E+00            249.CM 96.  13   7
 6 3  6.13097E-03  3.87314E-02  3.87314E-02  4.00000E+00            249.CM 96.  14   3
 6 4  2.24711E-03  4.37000E-02  4.37000E-02  4.00000E+00            249.CM 96.  15   4
 1 6  5.40000E-03  8.51900E-02  8.51900E-02  0.00000E+00            249.CM 96.  16   6
 6 5  1.04768E-01  5.98960E-02  5.98960E-02  6.00000E+00            249.CM 96.  17   5
 6 6  1.18426E-02  6.06870E-02  6.06870E-02  6.00000E+00            249.CM 96.  18   6
 6 7  4.52878E-04  6.57280E-02  6.57280E-02  6.00000E+00            249.CM 96.  19   7
 6 3  2.88187E-02  8.02214E-02  8.02214E-02  6.00000E+00            249.CM 96.  20   3
 6 4  1.07182E-02  8.51900E-02  8.51900E-02  6.00000E+00            249.CM 96.  21   4
 1 7  3.90000E-02  1.36900E-01  1.36900E-01  0.00000E+00            249.CM 96.  22   7
 6 1  7.65570E-03  4.69001E-03  4.69001E-03  7.00000E+00            249.CM 96.  23   1
 6 5  9.65411E-04  1.11606E-01  1.11606E-01  7.00000E+00            249.CM 96.  24   5
 6 6  5.44435E-04  1.12397E-01  1.12397E-01  7.00000E+00            249.CM 96.  25   6
 6 7  4.01737E-04  1.17438E-01  1.17438E-01  7.00000E+00            249.CM 96.  26   7
 6 3  4.75292E-04  1.31931E-01  1.31931E-01  7.00000E+00            249.CM 96.  27   3
 6 4  1.72148E-04  1.36900E-01  1.36900E-01  7.00000E+00            249.CM 96.  28   4
 1 8  2.90000E-03  1.58620E-01  1.58620E-01  0.00000E+00            249.CM 96.  29   8
 6 1  4.11105E-04  2.64100E-02  2.64100E-02  8.00000E+00            249.CM 96.  30   1
 6 5  5.25936E-05  1.33326E-01  1.33326E-01  8.00000E+00            249.CM 96.  31   5
 6 6  2.67781E-05  1.34117E-01  1.34117E-01  8.00000E+00            249.CM 96.  32   6
 6 7  1.88224E-05  1.39158E-01  1.39158E-01  8.00000E+00            249.CM 96.  33   7
 6 3  2.43518E-05  1.53651E-01  1.53651E-01  8.00000E+00            249.CM 96.  34   3
 6 4  8.84782E-06  1.58620E-01  1.58620E-01  8.00000E+00            249.CM 96.  35   4
 1 9  2.20000E-03  1.68830E-01  1.68830E-01  0.00000E+00            249.CM 96.  36   9
 6 1  2.70663E-04  3.66200E-02  3.66200E-02  9.00000E+00            249.CM 96.  37   1
 6 5  3.49953E-05  1.43536E-01  1.43536E-01  9.00000E+00            249.CM 96.  38   5
 6 6  1.70609E-05  1.44327E-01  1.44327E-01  9.00000E+00            249.CM 96.  39   6
 6 7  1.17525E-05  1.49368E-01  1.49368E-01  9.00000E+00            249.CM 96.  40   7
 6 3  1.58059E-05  1.63861E-01  1.63861E-01  9.00000E+00            249.CM 96.  41   3
 6 4  5.74941E-06  1.68830E-01  1.68830E-01  9.00000E+00            249.CM 96.  42   4
 110  2.00000E-02  1.80520E-01  1.80520E-01  0.00000E+00            249.CM 96.  43  10
 6 1  2.12429E-03  4.83100E-02  4.83100E-02  1.00000E+01            249.CM 96.  44   1
 6 5  2.76474E-04  1.55226E-01  1.55226E-01  1.00000E+01            249.CM 96.  45   5
 6 6  1.28671E-04  1.56017E-01  1.56017E-01  1.00000E+01            249.CM 96.  46   6
 6 7  8.67336E-05  1.61058E-01  1.61058E-01  1.00000E+01            249.CM 96.  47   7
 6 3  1.21687E-04  1.75551E-01  1.75551E-01  1.00000E+01            249.CM 96.  48   3
 6 4  4.43162E-05  1.80520E-01  1.80520E-01  1.00000E+01            249.CM 96.  49   4
 111  1.00000E-02  1.91590E-01  1.91590E-01  0.00000E+00            249.CM 96.  50  11
 6 1  9.26076E-04  5.93800E-02  5.93800E-02  1.10000E+01            249.CM 96.  51   1
 6 5  1.22067E-04  1.66296E-01  1.66296E-01  1.10000E+01            249.CM 96.  52   5
 6 6  5.45203E-05  1.67087E-01  1.67087E-01  1.10000E+01            249.CM 96.  53   6
 6 7  3.60459E-05  1.72128E-01  1.72128E-01  1.10000E+01            249.CM 96.  54   7
 6 3  5.25441E-05  1.86621E-01  1.86621E-01  1.10000E+01            249.CM 96.  55   3
 6 4  1.91547E-05  1.91590E-01  1.91590E-01  1.10000E+01            249.CM 96.  56   4
 112  3.50000E-01  3.68760E-01  3.68760E-01  0.00000E+00            249.CM 96.  57  12
 6 1  1.25268E-01  2.36550E-01  2.36550E-01  1.20000E+01            249.CM 96.  58   1
 6 5  3.13124E-02  3.43466E-01  3.43466E-01  1.20000E+01            249.CM 96.  59   5
 6 6  5.06284E-03  3.44257E-01  3.44257E-01  1.20000E+01            249.CM 96.  60   6
 6 7  2.06069E-03  3.49298E-01  3.49298E-01  1.20000E+01            249.CM 96.  61   7
 6 3  1.00359E-02  3.63791E-01  3.63791E-01  1.20000E+01            249.CM 96.  62   3
 6 4  3.77997E-03  3.68760E-01  3.68760E-01  1.20000E+01            249.CM 96.  63   4
 113  6.30000E-03  3.89030E-01  3.89030E-01  0.00000E+00            249.CM 96.  64  13
 6 1  4.17213E-03  2.56820E-01  2.56820E-01  1.30000E+01            249.CM 96.  65   1
 6 5  7.52533E-04  3.63736E-01  3.63736E-01  1.30000E+01            249.CM 96.  66   5
 6 6  8.73541E-05  3.64527E-01  3.64527E-01  1.30000E+01            249.CM 96.  67   6
 6 7  2.71937E-06  3.69568E-01  3.69568E-01  1.30000E+01            249.CM 96.  68   7
 6 3  2.06302E-04  3.84061E-01  3.84061E-01  1.30000E+01            249.CM 96.  69   3
 6 4  7.69064E-05  3.89030E-01  3.89030E-01  1.30000E+01            249.CM 96.  70   4
 114  9.20000E-03  4.21290E-01  4.21290E-01  0.00000E+00            249.CM 96.  71  14
 6 1  2.89962E-03  2.89080E-01  2.89080E-01  1.40000E+01            249.CM 96.  72   1
 6 5  5.21852E-04  3.95996E-01  3.95996E-01  1.40000E+01            249.CM 96.  73   5
 6 6  6.03976E-05  3.96787E-01  3.96787E-01  1.40000E+01            249.CM 96.  74   6
 6 7  1.86725E-06  4.01828E-01  4.01828E-01  1.40000E+01            249.CM 96.  75   7
 6 3  1.42959E-04  4.16321E-01  4.16321E-01  1.40000E+01            249.CM 96.  76   3
 6 4  5.32999E-05  4.21290E-01  4.21290E-01  1.40000E+01            249.CM 96.  77   4
 115  7.20000E-03  4.75440E-01  4.75440E-01  0.00000E+00            249.CM 96.  78  15
 6 1  2.74352E-04  3.43230E-01  3.43230E-01  1.50000E+01            249.CM 96.  79   1
 6 5  5.81423E-05  4.50146E-01  4.50146E-01  1.50000E+01            249.CM 96.  80   5
 6 6  9.46915E-05  4.50937E-01  4.50937E-01  1.50000E+01            249.CM 96.  81   6
 6 7  2.38430E-05  4.55978E-01  4.55978E-01  1.50000E+01            249.CM 96.  82   7
 6 3  4.79148E-05  4.70471E-01  4.70471E-01  1.50000E+01            249.CM 96.  83   3
 6 4  1.77201E-05  4.75440E-01  4.75440E-01  1.50000E+01            249.CM 96.  84   4
 116  8.80000E-02  5.18480E-01  5.18480E-01  0.00000E+00            249.CM 96.  85  16
 6 1  1.52777E-02  3.86270E-01  3.86270E-01  1.60000E+01            249.CM 96.  86   1
 6 5  2.73399E-03  4.93186E-01  4.93186E-01  1.60000E+01            249.CM 96.  87   5
 6 6  3.12740E-04  4.93977E-01  4.93977E-01  1.60000E+01            249.CM 96.  88   6
 6 7  9.54780E-06  4.99018E-01  4.99018E-01  1.60000E+01            249.CM 96.  89   7
 6 3  7.47573E-04  5.13511E-01  5.13511E-01  1.60000E+01            249.CM 96.  90   3
 6 4  2.78500E-04  5.18480E-01  5.18480E-01  1.60000E+01            249.CM 96.  91   4
 117  7.00000E-03  5.29500E-01  5.29500E-01  0.00000E+00            249.CM 96.  92  17
 6 1  2.22131E-04  3.97290E-01  3.97290E-01  1.70000E+01            249.CM 96.  93   1
 6 5  4.54798E-05  5.04206E-01  5.04206E-01  1.70000E+01            249.CM 96.  94   5
 6 6  6.15577E-05  5.04997E-01  5.04997E-01  1.70000E+01            249.CM 96.  95   6
 6 7  1.43683E-05  5.10038E-01  5.10038E-01  1.70000E+01            249.CM 96.  96   7
 6 3  3.26361E-05  5.24531E-01  5.24531E-01  1.70000E+01            249.CM 96.  97   3
 6 4  1.20725E-05  5.29500E-01  5.29500E-01  1.70000E+01            249.CM 96.  98   4
 118  3.00000E-02  5.49360E-01  5.49360E-01  0.00000E+00            249.CM 96.  99  18
 6 1  4.50005E-03  4.17150E-01  4.17150E-01  1.80000E+01            249.CM 96. 100   1
 6 5  8.04035E-04  5.24066E-01  5.24066E-01  1.80000E+01            249.CM 96. 101   5
 6 6  9.15681E-05  5.24857E-01  5.24857E-01  1.80000E+01            249.CM 96. 102   6
 6 7  2.79076E-06  5.29898E-01  5.29898E-01  1.80000E+01            249.CM 96. 103   7
 6 3  2.19732E-04  5.44391E-01  5.44391E-01  1.80000E+01            249.CM 96. 104   3
 6 4  8.18228E-05  5.49360E-01  5.49360E-01  1.80000E+01            249.CM 96. 105   4
 119  8.40000E-01  5.60470E-01  5.60470E-01  0.00000E+00            249.CM 96. 106  19
 6 1  1.41242E-01  4.28260E-01  4.28260E-01  1.90000E+01            249.CM 96. 107   1
 6 5  2.54208E-02  5.35176E-01  5.35176E-01  1.90000E+01            249.CM 96. 108   5
 6 6  4.84734E-03  5.35967E-01  5.35967E-01  1.90000E+01            249.CM 96. 109   6
 6 7  5.65682E-04  5.41008E-01  5.41008E-01  1.90000E+01            249.CM 96. 110   7
 6 3  7.64205E-03  5.55501E-01  5.55501E-01  1.90000E+01            249.CM 96. 111   3
 6 4  2.84249E-03  5.60470E-01  5.60470E-01  1.90000E+01            249.CM 96. 112   4
 120  6.40000E-03  6.03350E-01  6.03350E-01  0.00000E+00            249.CM 96. 113  20
 6 1  1.62961E-04  4.71140E-01  4.71140E-01  2.00000E+01            249.CM 96. 114   1
 6 5  3.21222E-05  5.78056E-01  5.78056E-01  2.00000E+01            249.CM 96. 115   5
 6 6  3.48847E-05  5.78847E-01  5.78847E-01  2.00000E+01            249.CM 96. 116   6
 6 7  7.43309E-06  5.83888E-01  5.83888E-01  2.00000E+01            249.CM 96. 117   7
 6 3  1.97867E-05  5.98381E-01  5.98381E-01  2.00000E+01            249.CM 96. 118   3
 6 4  7.32085E-06  6.03350E-01  6.03350E-01  2.00000E+01            249.CM 96. 119   4
 121  1.82000E-01  6.21860E-01  6.21860E-01  0.00000E+00            249.CM 96. 120  21
 6 1  2.01388E-02  4.89650E-01  4.89650E-01  2.10000E+01            249.CM 96. 121   1
 6 5  3.58355E-03  5.96566E-01  5.96566E-01  2.10000E+01            249.CM 96. 122   5
 6 6  4.03513E-04  5.97357E-01  5.97357E-01  2.10000E+01            249.CM 96. 123   6
 6 7  1.22977E-05  6.02398E-01  6.02398E-01  2.10000E+01            249.CM 96. 124   7
 6 3  9.78027E-04  6.16891E-01  6.16891E-01  2.10000E+01            249.CM 96. 125   3
 6 4  3.63855E-04  6.21860E-01  6.21860E-01  2.10000E+01            249.CM 96. 126   4
 122  1.50000E+00  6.34310E-01  6.34310E-01  0.00000E+00            249.CM 96. 127  22
 6 1  1.97116E-01  5.02100E-01  5.02100E-01  2.20000E+01            249.CM 96. 128   1
 6 5  3.52318E-02  6.09016E-01  6.09016E-01  2.20000E+01            249.CM 96. 129   5
 6 6  5.75840E-03  6.09807E-01  6.09807E-01  2.20000E+01            249.CM 96. 130   6
 6 7  5.31104E-04  6.14848E-01  6.14848E-01  2.20000E+01            249.CM 96. 131   7
 6 3  1.02436E-02  6.29341E-01  6.29341E-01  2.20000E+01            249.CM 96. 132   3
 6 4  3.80806E-03  6.34310E-01  6.34310E-01  2.20000E+01            249.CM 96. 133   4
 123  1.43000E-01  6.52800E-01  6.52800E-01  0.00000E+00            249.CM 96. 134  23
 6 1  1.33158E-02  5.20590E-01  5.20590E-01  2.30000E+01            249.CM 96. 135   1
 6 5  2.39121E-03  6.27506E-01  6.27506E-01  2.30000E+01            249.CM 96. 136   5
 6 6  5.26910E-04  6.28297E-01  6.28297E-01  2.30000E+01            249.CM 96. 137   6
 6 7  6.63735E-05  6.33338E-01  6.33338E-01  2.30000E+01            249.CM 96. 138   7
 6 3  7.42659E-04  6.47831E-01  6.47831E-01  2.30000E+01            249.CM 96. 139   3
 6 4  2.75872E-04  6.52800E-01  6.52800E-01  2.30000E+01            249.CM 96. 140   4
 2 1  1.57630E-01  1.07707E-01  1.07707E-01  0.00000E+00            249.CM 96. 141   1
 2 2  2.45310E-01  1.12748E-01  1.12748E-01  0.00000E+00            249.CM 96. 142   2
 2 3  2.86575E-02  1.26061E-01  1.26061E-01  0.00000E+00            249.CM 96. 143   3
 2 4  5.65028E-02  1.27241E-01  1.27241E-01  0.00000E+00            249.CM 96. 144   4
 2 5  1.12255E-03  1.27843E-01  1.27843E-01  0.00000E+00            249.CM 96. 145   5
 2 6  1.23837E-03  1.28076E-01  1.28076E-01  0.00000E+00            249.CM 96. 146   6
 2 7  7.28929E-03  1.30656E-01  1.30656E-01  0.00000E+00            249.CM 96. 147   7
 2 8  1.50529E-02  1.30973E-01  1.30973E-01  0.00000E+00            249.CM 96. 148   8
 2 9  3.44048E-04  1.31254E-01  1.31254E-01  0.00000E+00            249.CM 96. 149   9
 210  3.81840E-04  1.31311E-01  1.31311E-01  0.00000E+00            249.CM 96. 150  10
 211  1.84424E-03  1.31881E-01  1.31881E-01  0.00000E+00            249.CM 96. 151  11
 212  3.77085E-03  1.31961E-01  1.31961E-01  0.00000E+00            249.CM 96. 152  12
 213  7.66389E-05  1.32068E-01  1.32068E-01  0.00000E+00            249.CM 96. 153  13
 214  8.42283E-05  1.32080E-01  1.32080E-01  0.00000E+00            249.CM 96. 154  14
 215  3.14280E-04  1.32169E-01  1.32169E-01  0.00000E+00            249.CM 96. 155  15
 216  5.67386E-04  1.32182E-01  1.32182E-01  0.00000E+00            249.CM 96. 156  16
 221  2.96683E-06  7.90998E-04  7.90998E-04  0.00000E+00            249.CM 96. 157  21
 222  3.19503E-03  5.83200E-03  5.83200E-03  0.00000E+00            249.CM 96. 158  22
 223  1.54465E-02  1.91452E-02  1.91452E-02  0.00000E+00            249.CM 96. 159  23
 224  1.15781E-02  2.03253E-02  2.03253E-02  0.00000E+00            249.CM 96. 160  24
 225  8.00226E-04  2.09271E-02  2.09271E-02  0.00000E+00            249.CM 96. 161  25
 226  1.18777E-03  2.11596E-02  2.11596E-02  0.00000E+00            249.CM 96. 162  26
 227  4.24965E-03  2.37400E-02  2.37400E-02  0.00000E+00            249.CM 96. 163  27
 228  3.76586E-03  2.40574E-02  2.40574E-02  0.00000E+00            249.CM 96. 164  28
 229  1.43090E-04  2.43379E-02  2.43379E-02  0.00000E+00            249.CM 96. 165  29
 230  2.30343E-04  2.43951E-02  2.43951E-02  0.00000E+00            249.CM 96. 166  30
 231  1.09083E-03  2.49647E-02  2.49647E-02  0.00000E+00            249.CM 96. 167  31
 232  9.85128E-04  2.50453E-02  2.50453E-02  0.00000E+00            249.CM 96. 168  32
 233  2.79562E-05  2.51516E-02  2.51516E-02  0.00000E+00            249.CM 96. 169  33
 234  4.55208E-05  2.51636E-02  2.51636E-02  0.00000E+00            249.CM 96. 170  34
 235  1.86318E-04  2.52530E-02  2.52530E-02  0.00000E+00            249.CM 96. 171  35
 236  1.48816E-04  2.52665E-02  2.52665E-02  0.00000E+00            249.CM 96. 172  36
 241  1.43937E-05  5.04099E-03  5.04099E-03  0.00000E+00            249.CM 96. 173  41
 242  2.42673E-03  1.79797E-02  1.79797E-02  0.00000E+00            249.CM 96. 174  42
 243  1.37500E-04  1.95344E-02  1.95344E-02  0.00000E+00            249.CM 96. 175  43
 244  8.41012E-02  2.01361E-02  2.01361E-02  0.00000E+00            249.CM 96. 176  44
 245  6.72117E-04  2.27742E-02  2.27742E-02  0.00000E+00            249.CM 96. 177  45
 246  4.31693E-05  2.32664E-02  2.32664E-02  0.00000E+00            249.CM 96. 178  46
 247  1.99277E-02  2.35469E-02  2.35469E-02  0.00000E+00            249.CM 96. 179  47
 248  1.42750E-04  2.39750E-02  2.39750E-02  0.00000E+00            249.CM 96. 180  48
 249  1.81533E-04  2.41021E-02  2.41021E-02  0.00000E+00            249.CM 96. 181  49
 250  1.12158E-05  2.42544E-02  2.42544E-02  0.00000E+00            249.CM 96. 182  50
 251  4.19328E-03  2.43606E-02  2.43606E-02  0.00000E+00            249.CM 96. 183  51
 252  1.16365E-05  2.44884E-02  2.44884E-02  0.00000E+00            249.CM 96. 184  52
 253  3.76094E-05  2.44401E-02  2.44401E-02  0.00000E+00            249.CM 96. 185  53
 254  1.70145E-06  2.44755E-02  2.44755E-02  0.00000E+00            249.CM 96. 186  54
 255  3.12799E-06  2.44967E-02  2.44967E-02  0.00000E+00            249.CM 96. 187  55
 261  1.12511E-02  1.29387E-02  1.29387E-02  0.00000E+00            249.CM 96. 188  61
 262  1.47783E-04  1.33132E-02  1.33132E-02  0.00000E+00            249.CM 96. 189  62
 263  1.35787E-04  1.44934E-02  1.44934E-02  0.00000E+00            249.CM 96. 190  63
 264  1.70510E-02  1.50951E-02  1.50951E-02  0.00000E+00            249.CM 96. 191  64
 265  1.49659E-01  1.53277E-02  1.53277E-02  0.00000E+00            249.CM 96. 192  65
 266  2.89751E-03  1.77332E-02  1.77332E-02  0.00000E+00            249.CM 96. 193  66
 267  3.20827E-05  1.79080E-02  1.79080E-02  0.00000E+00            249.CM 96. 194  67
 268  3.78275E-05  1.82254E-02  1.82254E-02  0.00000E+00            249.CM 96. 195  68
 269  3.52393E-03  1.85059E-02  1.85059E-02  0.00000E+00            249.CM 96. 196  69
 270  3.24920E-02  1.85632E-02  1.85632E-02  0.00000E+00            249.CM 96. 197  70
 271  5.47971E-05  1.89340E-02  1.89340E-02  0.00000E+00            249.CM 96. 198  71
 272  3.00147E-04  1.89497E-02  1.89497E-02  0.00000E+00            249.CM 96. 199  72
 273  7.71039E-04  1.90611E-02  1.90611E-02  0.00000E+00            249.CM 96. 200  73
 274  7.79559E-06  1.91327E-02  1.91327E-02  0.00000E+00            249.CM 96. 201  74
 275  9.55966E-06  1.92134E-02  1.92134E-02  0.00000E+00            249.CM 96. 202  75
 276  7.19960E-04  1.93196E-02  1.93196E-02  0.00000E+00            249.CM 96. 203  76
 277  6.64373E-03  1.93317E-02  1.93317E-02  0.00000E+00            249.CM 96. 204  77
 278  4.38427E-06  1.94475E-02  1.94475E-02  0.00000E+00            249.CM 96. 205  78
 279  2.33173E-05  1.94492E-02  1.94492E-02  0.00000E+00            249.CM 96. 206  79
 280  1.55853E-04  1.93992E-02  1.93992E-02  0.00000E+00            249.CM 96. 207  80
 281  1.32347E-06  1.94210E-02  1.94210E-02  0.00000E+00            249.CM 96. 208  81
 282  1.43942E-06  1.94345E-02  1.94345E-02  0.00000E+00            249.CM 96. 209  82
 283  1.32577E-05  1.94558E-02  1.94558E-02  0.00000E+00            249.CM 96. 210  83
 291  4.65928E+00  3.80519E-03  3.80519E-03  0.00000E+00            249.CM 96. 211  91
 292  1.67624E-01  6.45077E-04  6.45077E-04  0.00000E+00            249.CM 96. 212  92
 293  1.00549E-02  1.76641E-04  1.76641E-04  0.00000E+00            249.CM 96. 213  93
 294  8.51222E+02  7.82242E-05  7.82242E-05  0.00000E+00            249.CM 96. 214  94
 7 1  9.48530E-03  8.48417E-02  8.48417E-02  0.00000E+00            249.CM 96. 215   1
 7 2  5.52041E-03  1.03744E-01  1.03744E-01  0.00000E+00            249.CM 96. 216   2
 7 3  7.84060E-04  1.22670E-01  1.22670E-01  0.00000E+00            249.CM 96. 217   3
 7 4  1.92296E-01  2.16633E-03  2.16633E-03  0.00000E+00            249.CM 96. 218   4
 7 5  1.96781E-01  1.13365E-02  1.13365E-02  0.00000E+00            249.CM 96. 219   5
 7 6  1.04818E-01  1.52149E-02  1.52149E-02  0.00000E+00            249.CM 96. 220   6
 7 7  1.30846E-02  1.91395E-02  1.91395E-02  0.00000E+00            249.CM 96. 221   7
 7 8  8.20597E+01  6.52622E-04  6.52622E-04  0.00000E+00            249.CM 96. 222   8
 7 9  5.46209E+01  2.80011E-03  2.80011E-03  0.00000E+00            249.CM 96. 223   9
 710  1.31584E+01  3.48123E-03  3.48123E-03  0.00000E+00            249.CM 96. 224  10
 711  8.77320E-01  4.27473E-03  4.27473E-03  0.00000E+00            249.CM 96. 225  11
 712  1.34250E+02  2.01101E-04  2.01101E-04  0.00000E+00            249.CM 96. 226  12
 713  2.18488E+02  3.18660E-04  3.18660E-04  0.00000E+00            249.CM 96. 227  13
 714  2.45849E+02  1.03498E-04  1.03498E-04  0.00000E+00            249.CM 96. 228  14
 715  1.24521E+00  2.00169E-04  2.00169E-04  0.00000E+00            249.CM 96. 229  15
%%%% 249 CM  96    B-           3.84900E+03 64.15 M    02-11-2005       SEEIEND 
 


   ***************************************************** 
   *                 Radiation Summary                 * 
   ***************************************************** 
 
  Energy released by
    Gamma-ray                       (MeV) =   1.84944E-02
    X-ray                           (MeV) =   8.42586E-04
    Free-bound X-ray                (MeV) =   6.65862E-04
    Annihilation photon             (MeV) =   0.00000E+00
    Beta+ particle                  (MeV) =   0.00000E+00
    Neutrino                        (MeV) =   0.00000E+00
    Beta- particle                  (MeV) =   2.71352E-01
    Neutrino-                       (MeV) =   5.98128E-01
    Internal conv. electron         (MeV) =   8.33384E-03
    Auger and CK electron           (MeV) =   3.84338E-03
    Alpha particle                  (MeV) =   0.00000E+00
    Recoil nucleus                  (MeV) =   0.00000E+00
  E-total (except unplaced radiat.) (MeV) =   9.01660E-01
  E-unplaced radiation              (MeV) =   0.00000E+00
  Q-value from ENSDF data           (MeV) =   9.01000E-01
  Ratio of E-total/Q-value          ( % ) =   1.00073E+02
  Ratio of E-unplaced radi./Q-value ( % ) =   0.00000E+00

 
  Total yield of
    Gamma-ray                             =   3.24866E-02
    X-ray                                 =   5.73807E-02
    Free-bound X-ray                      =   8.51222E+00
    Annihilation photon                   =   0.00000E+00
    Beta+ particle                        =   0.00000E+00
    Beta- particle                        =   1.00000E+00
    Internal conv. electron               =   1.00892E+00
    Auger and CK electron                 =   7.51072E+00
    Alpha particle                        =   0.00000E+00
  Yield of unplaced radiation             =   0.00000E+00


