%%%% 248 CM  96    A  SF        1.09820E+13 3.48E+5 Y  02-11-2005       BALASTAR
1 248   CM  96 3.48E+5 Y       A  SF      
1INTENSITY AND ENERGY BALANCE DATA

              248-CURIUM-96
+                                    HALFLIFE = 348000 YEARS   
+                                                                  02-11-2005


    LEVEL       INTENSITY   INTENSITY
    ENERGY      ENTERING    LEAVING     PERCENT
    (MEV)       LEVEL       LEVEL       ERROR

   0.0000E+00  9.1616E+01
   4.4200E-02  1.6593E+01  1.6600E+01  3.7994E-02                      
   1.4970E-01  7.8773E-02  7.8785E-02  1.4139E-02                      
   3.0740E-01  9.1595E-03  9.1610E-03  1.5993E-02                      


 SPONTANEOUS FISSION PERCENT INTENSITY =  8.390E+00



 INTENSITY TO GROUND AND ISOMERIC STATE(S) OF DAUGHTER(S)=  1.000E+02
 TOTAL INTENSITY FROM PARENT=  1.000E+02
 PERCENT ERROR =  6.317E-03                      


 TOTAL INTENSITY FROM PARENT =  1.000E+02
 VALUE IS WITHIN   7.63E-06% OF 100                      


 TOTAL ENERGY AVAILABLE =  4.729E+00 MEV
 TOTAL ENERGY CONTENT OF ALL RADIATIONS =  4.729E+00 MEV
 PERCENT ERROR =  5.042E-05                      
%%%% 248 CM  96    A  SF        1.09820E+13 3.48E+5 Y  02-11-2005       BALAEND 
%%%% 248 CM  96    A  SF        1.09820E+13 3.48E+5 Y  02-11-2005       INPUSTAR
1                                      **INPUT DATA**
              248-CURIUM-96
+                                    HALFLIFE = 348000 YEARS   
+                                                                  02-11-2005

            MODES OF DECAY: ALPHA, SPONT. FISSION
 
                                MEAN
                                NUMBER/    TRANSITION
                TYPE OF    ID   TRANSFOR-  ENERGY
              TRANSITION   NO.  MATION     (MEV)       OTHER NUCLEAR PARAMETERS

                    ALPHA   1   9.16E-05   4.854E+00                                            
                    ALPHA   2   6.96E-04   5.012E+00                                            
                    ALPHA   3   1.65E-01   5.118E+00                                            
                    ALPHA   4   7.50E-01   5.162E+00                                            
           I.C.E. + GAMMA   1   1.66E-01   4.420E-02   E2 MULTIPOLE                             
+                                                                    AK= 0.0                    
                                                       AL1=11.0      AL2=305.                   
                                                       AL3=261.      AM= 161.                   
                                                       AN+=57.5                                 
           I.C.E. + GAMMA   2   7.88E-04   1.055E-01   E2 MULTIPOLE                             
+                                                                    AK= 0.0                    
                                                       AL1=0.297     AL2=5.35                   
                                                       AL3=3.45      AM= 2.56                   
                                                       AN+=0.917                                
           I.C.E. + GAMMA   3   9.16E-05   1.577E-01   E2 MULTIPOLE                             
+                                                                    AK= 0.193                  
                                                       AL1=0.0853    AL2=0.900                  
                                                       AL3=0.482     AM= 0.411                  
                                                       AN+=0.148                                
           SPONT. FISSION       8.39E-02               NEUTRONS/FISSION = 3.11                  
 
           - - - - - - - - - -
           Reference: Evaluated Nuclear Structure Data File (ENSDF)
                DATE DATA WERE ENTERED INTO ENSDF: Dec-2003
%%%% 248 CM  96    A  SF        1.09820E+13 3.48E+5 Y  02-11-2005       INPUEND 
%%%% 248 CM  96    A  SF        1.09820E+13 3.48E+5 Y  02-11-2005       OUTPSTAR
1                                      **OUTPUT DATA**
              248-CURIUM-96
+                                    HALFLIFE = 348000 YEARS   
+                                                                  02-11-2005

            MODES OF DECAY: ALPHA, SPONT. FISSION
 
                                              MEAN
                                              NUMBER/                  MEV/
                                         ID   TRANSFOR-   ENERGY       TRANSFOR-
                  TYPE OF RADIATION      NO.  MATION      (MEV)        MATION

           ALPHA                          3   1.65E-01    5.035E+00    8.32E-01
           RECOIL ATOM                        1.65E-01    8.259E-02    1.36E-02
           ALPHA                          4   7.50E-01    5.078E+00    3.81E+00
           RECOIL ATOM                        7.50E-01    8.331E-02    6.25E-02
           GAMMA-RAY                      1   2.08E-04    4.420E-02    9.21E-06
           L1 CONV. ELECTRON, GAMMA-RAY   1   2.29E-03    2.108E-02    4.83E-05
           L2 CONV. ELECTRON, GAMMA-RAY   1   6.35E-02    2.183E-02    1.39E-03
           L3 CONV. ELECTRON, GAMMA-RAY   1   5.44E-02    2.613E-02    1.42E-03
           M CONV. ELECTRON, GAMMA-RAY    1   3.36E-02    3.965E-02*   1.33E-03
           N+ CONV. ELECTRON, GAMMA-RAY   1   1.20E-02    4.420E-02*   5.30E-04
           GAMMA-RAY                      2   5.80E-05    1.055E-01    6.12E-06
           L2 CONV. ELECTRON, GAMMA-RAY   2   3.11E-04    8.313E-02    2.58E-05
           L3 CONV. ELECTRON, GAMMA-RAY   2   2.00E-04    8.743E-02    1.75E-05
           M CONV. ELECTRON, GAMMA-RAY    2   1.49E-04    1.010E-01*   1.50E-05
           GAMMA-RAY                      3   2.85E-05    1.577E-01    4.49E-06
           L1-M2 X-RAY                        1.38E-04    1.757E-02    2.43E-06
           L1-M3 X-RAY                        1.14E-04    1.857E-02    2.11E-06
           L2-M1 X-RAY                        6.79E-04    1.647E-02    1.12E-05
           L2-M4 X-RAY                        2.39E-02    1.839E-02    4.40E-04
           L2-N1 X-RAY                        1.86E-04    2.084E-02    3.87E-06
           L2-N4 X-RAY                        5.52E-03    2.153E-02    1.19E-04
           L2-O4 X-RAY                        1.10E-03    2.225E-02    2.45E-05
           L3-M1 X-RAY                        1.60E-03    1.217E-02    1.94E-05
           L3-M4 X-RAY                        2.54E-03    1.409E-02    3.57E-05
           L3-M5 X-RAY                        2.23E-02    1.429E-02    3.18E-04
           L3-N1 X-RAY                        4.08E-04    1.654E-02    6.74E-06
           L3-N4 X-RAY                        5.16E-04    1.723E-02    8.89E-06
           L3-N5 X-RAY                        4.74E-03    1.728E-02    8.19E-05
           L3-O1 X-RAY                        1.06E-04    1.772E-02    1.87E-06
           L3-O4 X-RAY                        1.00E-04    1.795E-02    1.80E-06
           L3-O5 X-RAY                        9.23E-04    1.796E-02    1.66E-05
           M X-RAY                            1.09E-02    3.457E-03    3.76E-05
           Free-Bound X-RAY                   1.65E+00    7.205E-05    1.19E-04
           CK LLX                             1.54E-02    1.477E-03*   2.27E-05
           AUGER LMM                          3.51E-02    1.078E-02*   3.78E-04
           AUGER LMX                          1.82E-02    1.432E-02*   2.61E-04
           AUGER LXY                          2.22E-03    1.791E-02*   3.98E-05
           CK MMX                             6.69E-02    5.736E-04*   3.84E-05
           AUGER MNN                          1.42E-01    2.565E-03*   3.64E-04
           AUGER MNX                          2.91E-02    3.099E-03*   9.02E-05
           AUGER MXY                          1.75E-03    3.759E-03*   6.58E-06
           CK NNX                             2.58E-01    1.916E-04*   4.94E-05
           AUGER NXY                          4.34E-01    2.370E-04*   1.03E-04
           CK OOX                             4.52E-01    8.912E-05*   4.03E-05
           SPONTANEOUS FISSION NEUTRON        2.61E-01    1.954E+00*   5.10E-01
           SPONTANEOUS FISSION FRAGMENT       1.68E-01    9.086E+01*   1.52E+01
           SPONT. FISSION PROMPT GAMMA        6.41E-01    8.782E-01*   5.63E-01
           SPONT. FISSION DELAYED GAMMA       7.82E-01    9.578E-01*   7.49E-01
           SPONTANEOUS FISSION BETA           5.59E-01    1.370E+00*   7.65E-01
 
           ALL LISTED X-RAYS, GAMMA-RAYS AND ANNIHILATION RADIATION    1.27E-03
           ALL NEGLECTED X-RAYS, GAMMA-RAYS AND ANNIH. RADIATION**     8.47E-06
           ALL LISTED BETAS, INTERNAL CONVERSION AND AUGER ELECTRONS   6.17E-03
           ALL NEGLECTED BETAS, INT. CONVERSION AND AUGER ELECTRONS**  1.59E-05
           ALL LISTED ALPHA PARTICLES AND  RECOIL NUCLEI               4.72E+00
           ALL NEGLECTED ALPHA PARTICLES AND  RECOIL NUCLEI**          3.93E-03
           ALL LISTED RADIATIONS                                       2.18E+01
           ALL NEGLECTED RADIATIONS**                                  3.96E-03
 
           *  AVERAGE ENERGY (MEV)
           ** EACH NEGLECTED TRANSITION CONTRIBUTES LESS THAN  0.100%
              TO THE TOTAL MEV/TRANSFORMATION FOR THIS CATEGORY.
           TOTAL FEEDING OF GROUND STATE LEVEL IN 244-PLUTONIUM
             DAUGHTER IS 9.1610E-01 PER TRANSFORMATION OF 248-CURIUM.
             DECAY OF THIS 0.8E+08 YEARS HALFLIFE LEVEL WILL CONTRIBUTE TO DOSE.
           SPON. FISSION BRANCHING IS 8.3900E-02 PER DECAY OF 248-CURIUM.
           - - - - - - - - - -
           INPUT DATA SOURCE: EVALUATED NUCLEAR STRUCTURE DATA FILE (ENSDF)
             DATE INPUT DATA WERE ENTERED INTO ENSDF: Dec-2003
%%%% 248 CM  96    A  SF        1.09820E+13 3.48E+5 Y  02-11-2005       OUTPEND 
%%%% 248 CM  96    A  SF        1.09820E+13 3.48E+5 Y  02-11-2005       SEEISTAR
248.  CURIUM       96.  3.480E+05 YEARS    113 A  SF                248.CM 96.   0
 8 1  9.15954E-03  4.77598E+00  7.83457E-02  0.00000E+00            248.CM 96.   1   1
 8 2  6.96125E-02  4.93114E+00  8.08909E-02  0.00000E+00            248.CM 96.   2   2
 8 3  1.65146E+01  5.03494E+00  8.25936E-02  0.00000E+00            248.CM 96.   3   3
 8 4  7.50166E+01  5.07842E+00  8.33070E-02  0.00000E+00            248.CM 96.   4   4
 1 1  2.08392E-02  4.42000E-02  4.42000E-02  0.00000E+00            248.CM 96.   5   1
 6 5  2.29351E-01  2.10780E-02  2.10780E-02  1.00000E+00            248.CM 96.   6   5
 6 6  6.34700E+00  2.18290E-02  2.18290E-02  1.00000E+00            248.CM 96.   7   6
 6 7  5.44459E+00  2.61290E-02  2.61290E-02  1.00000E+00            248.CM 96.   8   7
 6 3  3.35937E+00  3.96501E-02  3.96501E-02  1.00000E+00            248.CM 96.   9   3
 6 4  1.19858E+00  4.42000E-02  4.42000E-02  1.00000E+00            248.CM 96.  10   4
 1 2  5.80046E-03  1.05500E-01  1.05500E-01  0.00000E+00            248.CM 96.  11   2
 6 5  1.72093E-03  8.23780E-02  8.23780E-02  2.00000E+00            248.CM 96.  12   5
 6 6  3.10504E-02  8.31290E-02  8.31290E-02  2.00000E+00            248.CM 96.  13   6
 6 7  2.00402E-02  8.74290E-02  8.74290E-02  2.00000E+00            248.CM 96.  14   7
 6 3  1.48550E-02  1.00950E-01  1.00950E-01  2.00000E+00            248.CM 96.  15   3
 6 4  5.31763E-03  1.05500E-01  1.05500E-01  2.00000E+00            248.CM 96.  16   4
 1 3  2.84668E-03  1.57700E-01  1.57700E-01  0.00000E+00            248.CM 96.  17   3
 6 1  5.49029E-04  3.53500E-02  3.53500E-02  3.00000E+00            248.CM 96.  18   1
 6 5  2.42796E-04  1.34578E-01  1.34578E-01  3.00000E+00            248.CM 96.  19   5
 6 6  2.56208E-03  1.35329E-01  1.35329E-01  3.00000E+00            248.CM 96.  20   6
 6 7  1.37177E-03  1.39629E-01  1.39629E-01  3.00000E+00            248.CM 96.  21   7
 6 3  1.16875E-03  1.53150E-01  1.53150E-01  3.00000E+00            248.CM 96.  22   3
 6 4  4.19895E-04  1.57700E-01  1.57700E-01  3.00000E+00            248.CM 96.  23   4
 2 1  1.59766E-04  9.99790E-02  9.99790E-02  0.00000E+00            248.CM 96.  24   1
 2 2  2.52903E-04  1.04279E-01  1.04279E-01  0.00000E+00            248.CM 96.  25   2
 2 3  2.93273E-05  1.16802E-01  1.16802E-01  0.00000E+00            248.CM 96.  26   3
 2 4  5.75322E-05  1.17801E-01  1.17801E-01  0.00000E+00            248.CM 96.  27   4
 2 5  1.07455E-06  1.18372E-01  1.18372E-01  0.00000E+00            248.CM 96.  28   5
 2 6  1.20972E-06  1.18573E-01  1.18573E-01  0.00000E+00            248.CM 96.  29   6
 2 7  7.38823E-06  1.20980E-01  1.20980E-01  0.00000E+00            248.CM 96.  30   7
 2 8  1.50598E-05  1.21244E-01  1.21244E-01  0.00000E+00            248.CM 96.  31   8
 2 9  3.21636E-07  1.21507E-01  1.21507E-01  0.00000E+00            248.CM 96.  32   9
 210  3.63444E-07  1.21556E-01  1.21556E-01  0.00000E+00            248.CM 96.  33  10
 211  1.83133E-06  1.22069E-01  1.22069E-01  0.00000E+00            248.CM 96.  34  11
 212  3.67754E-06  1.22134E-01  1.22134E-01  0.00000E+00            248.CM 96.  35  12
 213  6.79254E-08  1.22230E-01  1.22230E-01  0.00000E+00            248.CM 96.  36  13
 214  7.60785E-08  1.22240E-01  1.22240E-01  0.00000E+00            248.CM 96.  37  14
 215  3.20582E-07  1.22316E-01  1.22316E-01  0.00000E+00            248.CM 96.  38  15
 216  5.95307E-07  1.22326E-01  1.22326E-01  0.00000E+00            248.CM 96.  39  16
 221  3.02206E-06  7.51000E-04  7.51000E-04  0.00000E+00            248.CM 96.  40  21
 222  2.42084E-03  5.05100E-03  5.05100E-03  0.00000E+00            248.CM 96.  41  22
 223  1.38143E-02  1.75735E-02  1.75735E-02  0.00000E+00            248.CM 96.  42  23
 224  1.13546E-02  1.85721E-02  1.85721E-02  0.00000E+00            248.CM 96.  43  24
 225  6.68556E-04  1.91442E-02  1.91442E-02  0.00000E+00            248.CM 96.  44  25
 226  9.95095E-04  1.93451E-02  1.93451E-02  0.00000E+00            248.CM 96.  45  26
 227  3.75974E-03  2.17515E-02  2.17515E-02  0.00000E+00            248.CM 96.  46  27
 228  3.58254E-03  2.20160E-02  2.20160E-02  0.00000E+00            248.CM 96.  47  28
 229  1.16093E-04  2.22794E-02  2.22794E-02  0.00000E+00            248.CM 96.  48  29
 230  1.86484E-04  2.23278E-02  2.23278E-02  0.00000E+00            248.CM 96.  49  30
 231  9.33449E-04  2.28407E-02  2.28407E-02  0.00000E+00            248.CM 96.  50  31
 232  9.02520E-04  2.29056E-02  2.29056E-02  0.00000E+00            248.CM 96.  51  32
 233  2.15784E-05  2.30025E-02  2.30025E-02  0.00000E+00            248.CM 96.  52  33
 234  3.50065E-05  2.30122E-02  2.30122E-02  0.00000E+00            248.CM 96.  53  34
 235  1.65042E-04  2.30881E-02  2.30881E-02  0.00000E+00            248.CM 96.  54  35
 236  1.49027E-04  2.30987E-02  2.30987E-02  0.00000E+00            248.CM 96.  55  36
 241  2.98265E-04  4.30001E-03  4.30001E-03  0.00000E+00            248.CM 96.  56  41
 242  6.79460E-02  1.64689E-02  1.64689E-02  0.00000E+00            248.CM 96.  57  42
 243  3.63680E-03  1.78212E-02  1.78212E-02  0.00000E+00            248.CM 96.  58  43
 244  2.39057E+00  1.83932E-02  1.83932E-02  0.00000E+00            248.CM 96.  59  44
 245  1.85882E-02  2.08373E-02  2.08373E-02  0.00000E+00            248.CM 96.  60  45
 246  1.11641E-03  2.12650E-02  2.12650E-02  0.00000E+00            248.CM 96.  61  46
 247  5.51704E-01  2.15284E-02  2.15284E-02  0.00000E+00            248.CM 96.  62  47
 248  3.64121E-03  2.19249E-02  2.19249E-02  0.00000E+00            248.CM 96.  63  48
 249  4.87420E-03  2.20244E-02  2.20244E-02  0.00000E+00            248.CM 96.  64  49
 250  2.79722E-04  2.21546E-02  2.21546E-02  0.00000E+00            248.CM 96.  65  50
 251  1.10254E-01  2.22515E-02  2.22515E-02  0.00000E+00            248.CM 96.  66  51
 252  1.63121E-04  2.23636E-02  2.23636E-02  0.00000E+00            248.CM 96.  67  52
 253  9.81797E-04  2.23179E-02  2.23179E-02  0.00000E+00            248.CM 96.  68  53
 254  4.53287E-05  2.23476E-02  2.23476E-02  0.00000E+00            248.CM 96.  69  54
 255  1.00174E-04  2.23656E-02  2.23656E-02  0.00000E+00            248.CM 96.  70  55
 261  1.59584E-01  1.21689E-02  1.21689E-02  0.00000E+00            248.CM 96.  71  61
 262  2.05863E-03  1.25225E-02  1.25225E-02  0.00000E+00            248.CM 96.  72  62
 263  1.87963E-03  1.35211E-02  1.35211E-02  0.00000E+00            248.CM 96.  73  63
 264  2.53639E-01  1.40932E-02  1.40932E-02  0.00000E+00            248.CM 96.  74  64
 265  2.22735E+00  1.42941E-02  1.42941E-02  0.00000E+00            248.CM 96.  75  65
 266  4.07836E-02  1.65373E-02  1.65373E-02  0.00000E+00            248.CM 96.  76  66
 267  4.54101E-04  1.67005E-02  1.67005E-02  0.00000E+00            248.CM 96.  77  67
 268  5.15937E-04  1.69650E-02  1.69650E-02  0.00000E+00            248.CM 96.  78  68
 269  5.16105E-02  1.72284E-02  1.72284E-02  0.00000E+00            248.CM 96.  79  69
 270  4.73862E-01  1.72768E-02  1.72768E-02  0.00000E+00            248.CM 96.  80  70
 271  7.15868E-04  1.76249E-02  1.76249E-02  0.00000E+00            248.CM 96.  81  71
 272  3.93902E-03  1.76379E-02  1.76379E-02  0.00000E+00            248.CM 96.  82  72
 273  1.05589E-02  1.77244E-02  1.77244E-02  0.00000E+00            248.CM 96.  83  73
 274  1.07415E-04  1.77897E-02  1.77897E-02  0.00000E+00            248.CM 96.  84  74
 275  1.26099E-04  1.78546E-02  1.78546E-02  0.00000E+00            248.CM 96.  85  75
 276  1.00497E-02  1.79515E-02  1.79515E-02  0.00000E+00            248.CM 96.  86  76
 277  9.22710E-02  1.79612E-02  1.79612E-02  0.00000E+00            248.CM 96.  87  77
 278  3.17867E-05  1.80636E-02  1.80636E-02  0.00000E+00            248.CM 96.  88  78
 279  1.70608E-04  1.80647E-02  1.80647E-02  0.00000E+00            248.CM 96.  89  79
 280  2.18629E-03  1.80179E-02  1.80179E-02  0.00000E+00            248.CM 96.  90  80
 281  1.91040E-05  1.80371E-02  1.80371E-02  0.00000E+00            248.CM 96.  91  81
 282  2.07080E-05  1.80476E-02  1.80476E-02  0.00000E+00            248.CM 96.  92  82
 283  2.12606E-04  1.80656E-02  1.80656E-02  0.00000E+00            248.CM 96.  93  83
 291  1.08824E+00  3.45654E-03  3.45654E-03  0.00000E+00            248.CM 96.  94  91
 292  2.71006E-02  5.36485E-04  5.36485E-04  0.00000E+00            248.CM 96.  95  92
 293  1.32364E-03  1.53312E-04  1.53312E-04  0.00000E+00            248.CM 96.  96  93
 294  1.65215E+02  7.20458E-05  7.20458E-05  0.00000E+00            248.CM 96.  97  94
 7 1  1.05583E-05  7.91086E-02  7.91086E-02  0.00000E+00            248.CM 96.  98   1
 7 2  6.09785E-06  9.64039E-02  9.64039E-02  0.00000E+00            248.CM 96.  99   2
 7 3  8.57880E-07  1.13719E-01  1.13719E-01  0.00000E+00            248.CM 96. 100   3
 7 4  1.53617E+00  1.47675E-03  1.47675E-03  0.00000E+00            248.CM 96. 101   4
 7 5  3.51100E+00  1.07762E-02  1.07762E-02  0.00000E+00            248.CM 96. 102   5
 7 6  1.82221E+00  1.43231E-02  1.43231E-02  0.00000E+00            248.CM 96. 103   6
 7 7  2.22427E-01  1.79092E-02  1.79092E-02  0.00000E+00            248.CM 96. 104   7
 7 8  6.69078E+00  5.73551E-04  5.73551E-04  0.00000E+00            248.CM 96. 105   8
 7 9  1.41854E+01  2.56518E-03  2.56518E-03  0.00000E+00            248.CM 96. 106   9
 710  2.91222E+00  3.09859E-03  3.09859E-03  0.00000E+00            248.CM 96. 107  10
 711  1.75133E-01  3.75916E-03  3.75916E-03  0.00000E+00            248.CM 96. 108  11
 712  2.57949E+01  1.91648E-04  1.91648E-04  0.00000E+00            248.CM 96. 109  12
 713  4.33505E+01  2.36969E-04  2.36969E-04  0.00000E+00            248.CM 96. 110  13
 714  4.52228E+01  8.91209E-05  8.91209E-05  0.00000E+00            248.CM 96. 111  14
 715  2.84856E-01  1.76440E-04  1.76440E-04  0.00000E+00            248.CM 96. 112  15
 9 1  2.60929E+01  1.95368E+00  1.95368E+00  0.00000E+00            248.CM 96. 113   1
 9 2  1.67800E+01  9.08555E+01  9.08555E+01  0.00000E+00            248.CM 96. 114   2
 9 3  6.40641E+01  8.78191E-01  8.78191E-01  0.00000E+00            248.CM 96. 115   3
 9 4  7.81768E+01  9.57800E-01  9.57800E-01  0.00000E+00            248.CM 96. 116   4
 9 5  5.58603E+01  1.37021E+00  1.37021E+00  0.00000E+00            248.CM 96. 117   5
%%%% 248 CM  96    A  SF        1.09820E+13 3.48E+5 Y  02-11-2005       SEEIEND 
 


   ***************************************************** 
   *                 Radiation Summary                 * 
   ***************************************************** 
 
  Energy released by
    Gamma-ray                       (MeV) =   1.98197E-05
    X-ray                           (MeV) =   1.13999E-03
    Free-bound X-ray                (MeV) =   1.19031E-04
    Annihilation photon             (MeV) =   0.00000E+00
    Beta+ particle                  (MeV) =   0.00000E+00
    Neutrino                        (MeV) =   0.00000E+00
    Beta- particle                  (MeV) =   0.00000E+00
    Neutrino-                       (MeV) =   0.00000E+00
    Internal conv. electron         (MeV) =   4.79193E-03
    Auger and CK electron           (MeV) =   1.39393E-03
    Alpha particle                  (MeV) =   4.64503E+00
    Recoil nucleus                  (MeV) =   7.61976E-02
  E-total (except unplaced radiat.) (MeV) =   4.72869E+00
  E-unplaced radiation              (MeV) =   0.00000E+00
  Q-value from ENSDF data           (MeV) =   4.72866E+00
  Ratio of E-total/Q-value          ( % ) =   1.00001E+02
  Ratio of E-unplaced radi./Q-value ( % ) =   0.00000E+00

 
  Total yield of
    Gamma-ray                             =   2.94864E-04
    X-ray                                 =   7.64264E-02
    Free-bound X-ray                      =   1.65215E+00
    Annihilation photon                   =   0.00000E+00
    Beta+ particle                        =   0.00000E+00
    Beta- particle                        =   0.00000E+00
    Internal conv. electron               =   1.66582E-01
    Auger and CK electron                 =   1.45709E+00
    Alpha particle                        =   9.16100E-01
  Yield of unplaced radiation             =   0.00000E+00


