%%%% 243 CM  96    A  EC        9.18326E+08 29.1 Y     02-11-2005       BALASTAR
1 243   CM  96 29.1 Y          A  EC      
           WARNING:                                                                             
 239 PU 94  GAMMA-RAY ENERGY =   0.08805 MEV                                                    
           HALF-LIFE OF INITIAL LEVEL ASSOCIATED WITH GAMMA-RAY TOO SHORT TO BE                 
           CONSIDERED ISOMERIC, AND INTENSITY = 0.0                                             
           TRANSITION IGNORED                                                                   
           WARNING:                                                                             
 239 PU 94  GAMMA-RAY ENERGY =   0.11710 MEV                                                    
           HALF-LIFE OF INITIAL LEVEL ASSOCIATED WITH GAMMA-RAY TOO SHORT TO BE                 
           CONSIDERED ISOMERIC, AND INTENSITY = 0.0                                             
           TRANSITION IGNORED                                                                   
           WARNING:                                                                             
 239 PU 94  GAMMA-RAY ENERGY =   0.39240 MEV                                                    
           HALF-LIFE OF INITIAL LEVEL ASSOCIATED WITH GAMMA-RAY TOO SHORT TO BE                 
           CONSIDERED ISOMERIC, AND INTENSITY = 0.0                                             
           TRANSITION IGNORED                                                                   
           WARNING:                                                                             
 239 PU 94  GAMMA-RAY ENERGY =   0.42980 MEV                                                    
           HALF-LIFE OF INITIAL LEVEL ASSOCIATED WITH GAMMA-RAY TOO SHORT TO BE                 
           CONSIDERED ISOMERIC, AND INTENSITY = 0.0                                             
           TRANSITION IGNORED                                                                   
           WARNING:                                                                             
 239 PU 94  GAMMA-RAY ENERGY =   0.43490 MEV                                                    
           HALF-LIFE OF INITIAL LEVEL ASSOCIATED WITH GAMMA-RAY TOO SHORT TO BE                 
           CONSIDERED ISOMERIC, AND INTENSITY = 0.0                                             
           TRANSITION IGNORED                                                                   
           WARNING:                                                                             
 239 PU 94  GAMMA-RAY ENERGY =   0.44820 MEV                                                    
           HALF-LIFE OF INITIAL LEVEL ASSOCIATED WITH GAMMA-RAY TOO SHORT TO BE                 
           CONSIDERED ISOMERIC, AND INTENSITY = 0.0                                             
           TRANSITION IGNORED                                                                   
           WARNING:                                                                             
 239 PU 94  GAMMA-RAY ENERGY =   0.46190 MEV                                                    
           HALF-LIFE OF INITIAL LEVEL ASSOCIATED WITH GAMMA-RAY TOO SHORT TO BE                 
           CONSIDERED ISOMERIC, AND INTENSITY = 0.0                                             
           TRANSITION IGNORED                                                                   
           WARNING:                                                                             
 239 PU 94  GAMMA-RAY ENERGY =   0.46980 MEV                                                    
           HALF-LIFE OF INITIAL LEVEL ASSOCIATED WITH GAMMA-RAY TOO SHORT TO BE                 
           CONSIDERED ISOMERIC, AND INTENSITY = 0.0                                             
           TRANSITION IGNORED                                                                   
           WARNING:                                                                             
 239 PU 94  GAMMA-RAY ENERGY =   0.48430 MEV                                                    
           HALF-LIFE OF INITIAL LEVEL ASSOCIATED WITH GAMMA-RAY TOO SHORT TO BE                 
           CONSIDERED ISOMERIC, AND INTENSITY = 0.0                                             
           TRANSITION IGNORED                                                                   
           WARNING:                                                                             
 239 PU 94  GAMMA-RAY ENERGY =   0.49210 MEV                                                    
           HALF-LIFE OF INITIAL LEVEL ASSOCIATED WITH GAMMA-RAY TOO SHORT TO BE                 
           CONSIDERED ISOMERIC, AND INTENSITY = 0.0                                             
           TRANSITION IGNORED                                                                   
           WARNING:                                                                             
 239 PU 94  GAMMA-RAY ENERGY =   0.49780 MEV                                                    
           HALF-LIFE OF INITIAL LEVEL ASSOCIATED WITH GAMMA-RAY TOO SHORT TO BE                 
           CONSIDERED ISOMERIC, AND INTENSITY = 0.0                                             
           TRANSITION IGNORED                                                                   
           WARNING:                                                                             
 239 PU 94  GAMMA-RAY ENERGY =   0.49880 MEV                                                    
           HALF-LIFE OF INITIAL LEVEL ASSOCIATED WITH GAMMA-RAY TOO SHORT TO BE                 
           CONSIDERED ISOMERIC, AND INTENSITY = 0.0                                             
           TRANSITION IGNORED                                                                   
1INTENSITY AND ENERGY BALANCE DATA

              243-CURIUM-96
+                                    HALFLIFE = 29.1 YEARS   
+                                                                  02-11-2005


    LEVEL       INTENSITY   INTENSITY
    ENERGY      ENTERING    LEAVING     PERCENT
    (MEV)       LEVEL       LEVEL       ERROR

   0.0000E+00  1.0087E+02
   7.8610E-03  6.5411E+01  7.6815E+01  1.6036E+01  ********************
   5.7276E-02  4.8364E+01  3.2281E+01  3.9887E+01  ********************
   7.5706E-02  2.0967E+01  2.0950E+01  8.1852E-02                      
   1.6376E-01  2.3167E-01  1.3966E-01  4.9554E+01  ********************
   1.9281E-01  5.9747E-01  0.0000E+00  2.0000E+02  ********************
   2.8546E-01  8.5069E+01  9.1914E+01  7.7359E+00                      
   3.3013E-01  1.2912E+01  1.2649E+01  2.0566E+00                      
   3.8741E-01  1.5933E+00  1.5946E+00  8.1170E-02                      
   3.9158E-01  1.9916E-01  4.5370E-01  7.7978E+01  ********************
   4.2700E-01  2.9874E-02  0.0000E+00  2.0000E+02  ********************
   4.3400E-01  1.3941E-01  0.0000E+00  2.0000E+02  ********************
   4.5100E-01  5.9747E-02  0.0000E+00  2.0000E+02  ********************
   4.6200E-01  2.9874E-02  0.0000E+00  2.0000E+02  ********************
   4.6980E-01  9.9579E-03  0.0000E+00  2.0000E+02  ********************
   4.8100E-01  9.9579E-03  0.0000E+00  2.0000E+02  ********************
   4.8700E-01  1.9916E-02  0.0000E+00  2.0000E+02  ********************
   4.9210E-01  8.9621E-03  0.0000E+00  2.0000E+02  ********************
   4.9900E-01  6.9705E-03  0.0000E+00  2.0000E+02  ********************
   5.0550E-01  6.9705E-03  0.0000E+00  2.0000E+02  ********************
   5.3800E-01  1.9916E-03  0.0000E+00  2.0000E+02  ********************
   5.4300E-01  5.9747E-03  0.0000E+00  2.0000E+02  ********************
   5.5610E-01  1.9916E-03  0.0000E+00  2.0000E+02  ********************
   7.4600E-01  2.9874E-03  0.0000E+00  2.0000E+02  ********************
   7.5600E-01  2.9874E-03  0.0000E+00  2.0000E+02  ********************
   7.6300E-01  9.9579E-04  0.0000E+00  2.0000E+02  ********************
   8.1300E-01  1.4937E-03  0.0000E+00  2.0000E+02  ********************
   8.5000E-01  3.8836E-04  0.0000E+00  2.0000E+02  ********************
   0.0000E+00  2.4000E-01


 INTENSITY TO GROUND AND ISOMERIC STATE(S) OF DAUGHTER(S)=  1.011E+02
 TOTAL INTENSITY FROM PARENT=  1.000E+02
 PERCENT ERROR =  1.100E+00                      


 TOTAL INTENSITY FROM PARENT =  1.000E+02
 VALUE IS WITHIN   0.00E+00% OF 100                      


 TOTAL ENERGY AVAILABLE =  6.153E+00 MEV
 TOTAL ENERGY CONTENT OF ALL RADIATIONS =  6.162E+00 MEV
 PERCENT ERROR =  1.374E-01                      
%%%% 243 CM  96    A  EC        9.18326E+08 29.1 Y     02-11-2005       BALAEND 
%%%% 243 CM  96    A  EC        9.18326E+08 29.1 Y     02-11-2005       INPUSTAR
1                                      **INPUT DATA**
              243-CURIUM-96
+                                    HALFLIFE = 29.1 YEARS   
+                                                                  02-11-2005

            MODES OF DECAY: ALPHA, ELECTRON CAPTURE
 
                                MEAN
                                NUMBER/    TRANSITION
                TYPE OF    ID   TRANSFOR-  ENERGY
              TRANSITION   NO.  MATION     (MEV)       OTHER NUCLEAR PARAMETERS

                    ALPHA   1   3.88E-06   5.318E+00                                            
                    ALPHA   2   1.49E-05   5.355E+00                                            
                    ALPHA   3   9.96E-06   5.405E+00                                            
                    ALPHA   4   2.99E-05   5.412E+00                                            
                    ALPHA   5   2.99E-05   5.422E+00                                            
                    ALPHA   6   1.99E-05   5.612E+00                                            
                    ALPHA   7   5.97E-05   5.625E+00                                            
                    ALPHA   8   1.99E-05   5.630E+00                                            
                    ALPHA   9   6.97E-05   5.662E+00                                            
                    ALPHA  10   6.97E-05   5.669E+00                                            
                    ALPHA  11   8.96E-05   5.676E+00                                            
                    ALPHA  12   1.99E-04   5.681E+00                                            
                    ALPHA  13   9.96E-05   5.687E+00                                            
                    ALPHA  14   9.96E-05   5.698E+00                                            
                    ALPHA  15   0.00E+00   5.701E+00                                            
                    ALPHA  16   2.99E-04   5.706E+00                                            
                    ALPHA  17   5.97E-04   5.717E+00                                            
                    ALPHA  18   1.39E-03   5.734E+00                                            
                    ALPHA  19   2.99E-04   5.741E+00                                            
                    ALPHA  20   1.99E-03   5.776E+00                                            
                    ALPHA  21   1.59E-02   5.780E+00                                            
                    ALPHA  22   3.98E-04   5.809E+00                                            
                    ALPHA  23   1.15E-01   5.838E+00                                            
                    ALPHA  24   7.26E-01   5.882E+00                                            
                    ALPHA  25   5.97E-03   5.975E+00                                            
                    ALPHA  26   9.96E-04   6.004E+00                                            
                    ALPHA  27   5.68E-02   6.092E+00                                            
                    ALPHA  28   9.96E-03   6.111E+00                                            
                    ALPHA  29   4.68E-02   6.160E+00                                            
                    ALPHA  30   1.49E-02   6.168E+00                                            
           I.C.E. + GAMMA   1   7.68E-01   7.861E-03   M1+E2 MULTIPOLE                          
                                                       MRS=0.00302   AK= 0.0                    
                                                       AL1=0.0       AL2=0.0                    
                                                       AL3=0.0       AM= 4.52E+03               
                                                       AN+=1.62E+03                             
           I.C.E. + GAMMA   2   6.98E-02   1.840E-02   M1+E2 MULTIPOLE                          
                                                       AK= 0.0       AL1=0.0                    
                                                       AL2=0.0       AL3=4.58                   
                                                       AM= 216.      AN+=78.9                   
           I.C.E. + GAMMA   3   1.20E-01   4.466E-02   M1+E2 MULTIPOLE                          
                                                       MRS=0.0400    AK= 0.0                    
                                                       AL1=42.2      AL2=15.7                   
                                                       AL3=9.76      AM= 17.3                   
                                                       AN+=6.26                                 
           I.C.E. + GAMMA   4   1.07E-01   4.942E-02   M1+E2 MULTIPOLE                          
                                                       MRS=0.250     AK= 0.0                    
                                                       AL1=27.2      AL2=38.7                   
                                                       AL3=30.1      AM= 25.8                   
                                                       AN+=9.27                                 
           I.C.E. + GAMMA   5   2.16E-01   5.727E-02   E2 MULTIPOLE                             
+                                                                    AK= 0.0                    
                                                       AL1=3.44      AL2=89.3                   
                                                       AL3=71.7      AM= 46.1                   
                                                       AN+=16.5                                 
           I.C.E. + GAMMA   6   1.44E-02   5.730E-02   M1+E2 MULTIPOLE                          
                                                       AK= 0.0       AL1=20.9                   
                                                       AL2=2.27      AL3=0.109                  
                                                       AM= 5.68      AN+=2.08                   
           I.C.E. + GAMMA   7   2.07E-04   6.146E-02   E1 MULTIPOLE                             
+                                                                    AK= 0.0                    
                                                       AL1=0.126     AL2=0.117                  
                                                       AL3=0.116     AM= 0.0899                 
                                                       AN+=0.0314                               
           I.C.E. + GAMMA   8   1.40E-01   6.780E-02   E2 MULTIPOLE                             
+                                                                    AK= 0.0                    
                                                       AL1=1.66      AL2=40.7                   
                                                       AL3=30.9      AM= 20.6                   
                                                       AN+=7.35                                 
           I.C.E. + GAMMA  10   1.26E-03   1.020E-01   E2 MULTIPOLE                             
+                                                                    AK= 0.0                    
                                                       AL1=0.334     AL2=6.25                   
                                                       AL3=4.09      AM= 3.00                   
                                                       AN+=1.07                                 
           I.C.E. + GAMMA  11   3.90E-03   1.061E-01   E1+M2 MULTIPOLE                          
                                                       AK= 0.0       AL1=0.0922                 
                                                       AL2=0.0559    AL3=0.0467                 
                                                       AM= 0.0482    AN+=0.0170                 
           I.C.E. + GAMMA  12   1.40E-03   1.065E-01   E2 MULTIPOLE                             
+                                                                    AK= 0.0                    
                                                       AL1=0.287     AL2=5.13                   
                                                       AL3=3.30      AM= 2.45                   
                                                       AN+=0.878                                
           I.C.E. + GAMMA  14   1.32E-03   1.664E-01   M1 MULTIPOLE                             
+                                                                    AK= 5.37                   
                                                       AL1=0.952     AL2=0.107                  
                                                       AL3=0.00445   AM= 0.259                  
                                                       AN+=0.0944                               
           I.C.E. + GAMMA  15   1.49E-01   2.098E-01   M1+E2 MULTIPOLE                          
                                                       AK= 2.79      AL1=0.493                  
                                                       AL2=0.0554    AL3=0.00224                
                                                       AM= 0.134     AN+=0.0489                 
           I.C.E. + GAMMA  16   4.00E-01   2.282E-01   M1+E2 MULTIPOLE                          
                                                       MRS=0.00490   AK= 2.21                   
                                                       AL1=0.387     AL2=0.0444                 
                                                       AL3=0.00214   AM= 0.106                  
                                                       AN+=0.0385                               
           I.C.E. + GAMMA  17   3.33E-03   2.544E-01   M1+E2 MULTIPOLE                          
                                                       MRS=0.0144    AK= 1.61                   
                                                       AL1=0.283     AL2=0.0334                 
                                                       AL3=0.00194   AM= 0.0778                 
                                                       AN+=0.0283                               
           I.C.E. + GAMMA  18   2.15E-03   2.729E-01   M1 MULTIPOLE                             
+                                                                    AK= 1.35                   
                                                       AL1=0.235     AL2=0.0264                 
                                                       AL3=0.00104   AM= 0.0642                 
                                                       AN+=0.0234                               
           I.C.E. + GAMMA  19   3.61E-01   2.776E-01   M1+E2 MULTIPOLE                          
                                                       MRS=0.0256    AK= 1.25                   
                                                       AL1=0.219     AL2=0.0266                 
                                                       AL3=0.00176   AM= 0.0606                 
                                                       AN+=0.0221                               
           I.C.E. + GAMMA  20   9.11E-03   2.855E-01   E2 MULTIPOLE                             
+                                                                    AK= 0.0852                 
                                                       AL1=0.0197    AL2=0.0733                 
                                                       AL3=0.0281    AM= 0.0333                 
                                                       AN+=0.0120                               
           I.C.E. + GAMMA  21   2.88E-04   3.117E-01   M1+E2 MULTIPOLE                          
                                                       AK= 0.556     AL1=0.0970                 
                                                       AL2=0.0109    AM= 0.0264                 
                                                       AN+=0.00965                              
           I.C.E. + GAMMA  22   1.86E-04   3.159E-01   E1+M2 MULTIPOLE                          
                                                       MRS=0.0100    AK= 0.0277                 
                                                       AL1=0.00524   AL2=0.00107                
                                                       AM= 0.00175                              
           I.C.E. + GAMMA  23   8.19E-05   3.223E-01   E2 MULTIPOLE                             
+                                                                    AK= 0.0687                 
                                                       AL1=0.0151    AL2=0.0448                 
                                                       AL3=0.0160    AM= 0.0207                 
                                                       AN+=0.00748                              
           I.C.E. + GAMMA  24   2.47E-04   3.343E-01   E1 MULTIPOLE                             
+                                                                    AK= 0.0264                 
                                                       AL1=0.00360   AM= 0.00125                
           ELECT. CAPTURE   1   2.40E-03   7.500E-03   FIRST FORBIDDEN                          
 
           - - - - - - - - - -
           Reference: Evaluated Nuclear Structure Data File (ENSDF)
                DATE DATA WERE ENTERED INTO ENSDF: Oct-1993
%%%% 243 CM  96    A  EC        9.18326E+08 29.1 Y     02-11-2005       INPUEND 
%%%% 243 CM  96    A  EC        9.18326E+08 29.1 Y     02-11-2005       OUTPSTAR
1                                      **OUTPUT DATA**
              243-CURIUM-96
+                                    HALFLIFE = 29.1 YEARS   
+                                                                  02-11-2005

            MODES OF DECAY: ALPHA, ELECTRON CAPTURE
 
                                              MEAN
                                              NUMBER/                  MEV/
                                         ID   TRANSFOR-   ENERGY       TRANSFOR-
                  TYPE OF RADIATION      NO.  MATION      (MEV)        MATION

           ALPHA                         18   1.39E-03    5.639E+00    7.86E-03
           RECOIL ATOM                        1.39E-03    9.445E-02    1.32E-04
           ALPHA                         20   1.99E-03    5.681E+00    1.13E-02
           RECOIL ATOM                        1.99E-03    9.514E-02    1.89E-04
           ALPHA                         21   1.59E-02    5.685E+00    9.06E-02
           RECOIL ATOM                        1.59E-02    9.521E-02    1.52E-03
           ALPHA                         23   1.15E-01    5.742E+00    6.58E-01
           RECOIL ATOM                        1.15E-01    9.616E-02    1.10E-02
           ALPHA                         24   7.26E-01    5.786E+00    4.20E+00
           RECOIL ATOM                        7.26E-01    9.689E-02    7.03E-02
           ALPHA                         25   5.97E-03    5.877E+00    3.51E-02
           RECOIL ATOM                        5.97E-03    9.842E-02    5.88E-04
           ALPHA                         26   9.96E-04    5.905E+00    5.88E-03
           RECOIL ATOM                        9.96E-04    9.890E-02    9.85E-05
           ALPHA                         27   5.68E-02    5.992E+00    3.40E-01
           RECOIL ATOM                        5.68E-02    1.003E-01    5.70E-03
           ALPHA                         28   9.96E-03    6.010E+00    5.98E-02
           RECOIL ATOM                        9.96E-03    1.007E-01    1.00E-03
           ALPHA                         29   4.68E-02    6.059E+00    2.84E-01
           RECOIL ATOM                        4.68E-02    1.015E-01    4.75E-03
           ALPHA                         30   1.49E-02    6.066E+00    9.06E-02
           RECOIL ATOM                        1.49E-02    1.016E-01    1.52E-03
           M CONV. ELECTRON, GAMMA-RAY    1   5.65E-01    3.311E-03*   1.87E-03
           N+ CONV. ELECTRON, GAMMA-RAY   1   2.03E-01    7.861E-03*   1.60E-03
           M CONV. ELECTRON, GAMMA-RAY    2   5.02E-02    1.385E-02*   6.96E-04
           N+ CONV. ELECTRON, GAMMA-RAY   2   1.83E-02    1.840E-02*   3.37E-04
           L1 CONV. ELECTRON, GAMMA-RAY   3   5.48E-02    2.154E-02    1.18E-03
           L2 CONV. ELECTRON, GAMMA-RAY   3   2.03E-02    2.229E-02    4.53E-04
           L3 CONV. ELECTRON, GAMMA-RAY   3   1.27E-02    2.659E-02    3.37E-04
           M CONV. ELECTRON, GAMMA-RAY    3   2.24E-02    4.011E-02*   8.99E-04
           N+ CONV. ELECTRON, GAMMA-RAY   3   8.12E-03    4.466E-02*   3.63E-04
           L1 CONV. ELECTRON, GAMMA-RAY   4   2.20E-02    2.629E-02    5.78E-04
           L2 CONV. ELECTRON, GAMMA-RAY   4   3.13E-02    2.704E-02    8.45E-04
           L3 CONV. ELECTRON, GAMMA-RAY   4   2.43E-02    3.134E-02    7.61E-04
           M CONV. ELECTRON, GAMMA-RAY    4   2.09E-02    4.487E-02*   9.36E-04
           N+ CONV. ELECTRON, GAMMA-RAY   4   7.49E-03    4.942E-02*   3.70E-04
           L2 CONV. ELECTRON, GAMMA-RAY   5   8.47E-02    3.490E-02    2.95E-03
           L3 CONV. ELECTRON, GAMMA-RAY   5   6.79E-02    3.920E-02    2.66E-03
           M CONV. ELECTRON, GAMMA-RAY    5   4.37E-02    5.272E-02*   2.30E-03
           N+ CONV. ELECTRON, GAMMA-RAY   5   1.56E-02    5.727E-02*   8.94E-04
           L1 CONV. ELECTRON, GAMMA-RAY   6   9.40E-03    3.418E-02    3.21E-04
           M CONV. ELECTRON, GAMMA-RAY    6   2.55E-03    5.275E-02*   1.35E-04
           L2 CONV. ELECTRON, GAMMA-RAY   8   5.56E-02    4.543E-02    2.52E-03
           L3 CONV. ELECTRON, GAMMA-RAY   8   4.23E-02    4.973E-02    2.10E-03
           M CONV. ELECTRON, GAMMA-RAY    8   2.81E-02    6.325E-02*   1.78E-03
           N+ CONV. ELECTRON, GAMMA-RAY   8   1.00E-02    6.780E-02*   6.81E-04
           GAMMA-RAY                     11   3.09E-03    1.061E-01    3.28E-04
           GAMMA-RAY                     15   3.29E-02    2.098E-01    6.91E-03
           K CONV. ELECTRON, GAMMA-RAY   15   9.20E-02    8.740E-02    8.04E-03
           L1 CONV. ELECTRON, GAMMA-RAY  15   1.62E-02    1.866E-01    3.03E-03
           L2 CONV. ELECTRON, GAMMA-RAY  15   1.82E-03    1.874E-01    3.42E-04
           M CONV. ELECTRON, GAMMA-RAY   15   4.43E-03    2.052E-01*   9.09E-04
           N+ CONV. ELECTRON, GAMMA-RAY  15   1.61E-03    2.098E-01*   3.38E-04
           GAMMA-RAY                     16   1.06E-01    2.282E-01    2.41E-02
           K CONV. ELECTRON, GAMMA-RAY   16   2.33E-01    1.058E-01    2.47E-02
           L1 CONV. ELECTRON, GAMMA-RAY  16   4.09E-02    2.051E-01    8.39E-03
           L2 CONV. ELECTRON, GAMMA-RAY  16   4.69E-03    2.058E-01    9.65E-04
           M CONV. ELECTRON, GAMMA-RAY   16   1.12E-02    2.236E-01*   2.51E-03
           N+ CONV. ELECTRON, GAMMA-RAY  16   4.08E-03    2.282E-01*   9.30E-04
           GAMMA-RAY                     17   1.10E-03    2.544E-01    2.79E-04
           K CONV. ELECTRON, GAMMA-RAY   17   1.77E-03    1.321E-01    2.34E-04
           GAMMA-RAY                     18   7.98E-04    2.729E-01    2.18E-04
           K CONV. ELECTRON, GAMMA-RAY   18   1.07E-03    1.505E-01    1.62E-04
           GAMMA-RAY                     19   1.40E-01    2.776E-01    3.88E-02
           K CONV. ELECTRON, GAMMA-RAY   19   1.75E-01    1.552E-01    2.72E-02
           L1 CONV. ELECTRON, GAMMA-RAY  19   3.06E-02    2.545E-01    7.79E-03
           L2 CONV. ELECTRON, GAMMA-RAY  19   3.71E-03    2.552E-01    9.48E-04
           M CONV. ELECTRON, GAMMA-RAY   19   8.46E-03    2.730E-01*   2.31E-03
           N+ CONV. ELECTRON, GAMMA-RAY  19   3.08E-03    2.776E-01*   8.56E-04
           GAMMA-RAY                     20   7.28E-03    2.855E-01    2.08E-03
           L2 CONV. ELECTRON, GAMMA-RAY  20   5.34E-04    2.631E-01    1.40E-04
           K -L2 X-RAY                        1.47E-01    9.998E-02    1.47E-02
           K -L3 X-RAY                        2.33E-01    1.043E-01    2.42E-02
           K -M2 X-RAY                        2.70E-02    1.168E-01    3.15E-03
           K -M3 X-RAY                        5.29E-02    1.178E-01    6.23E-03
           K -N2 X-RAY                        6.79E-03    1.210E-01    8.22E-04
           K -N3 X-RAY                        1.38E-02    1.212E-01    1.68E-03
           K -O2 X-RAY                        1.68E-03    1.221E-01    2.06E-04
           K -O3 X-RAY                        3.38E-03    1.221E-01    4.13E-04
           L1-M2 X-RAY                        1.15E-02    1.757E-02    2.01E-04
           L1-M3 X-RAY                        9.42E-03    1.857E-02    1.75E-04
           L2-M4 X-RAY                        1.38E-01    1.839E-02    2.54E-03
           L2-N4 X-RAY                        3.18E-02    2.153E-02    6.85E-04
           L2-O4 X-RAY                        6.36E-03    2.225E-02    1.41E-04
           L3-M1 X-RAY                        1.35E-02    1.217E-02    1.65E-04
           L3-M4 X-RAY                        2.15E-02    1.409E-02    3.03E-04
           L3-M5 X-RAY                        1.89E-01    1.429E-02    2.70E-03
           L3-N5 X-RAY                        4.02E-02    1.728E-02    6.94E-04
           L3-O5 X-RAY                        7.82E-03    1.796E-02    1.40E-04
           M X-RAY                            1.23E-01    3.471E-03    4.26E-04
           Free-Bound X-RAY                   2.06E+01    7.196E-05    1.48E-03
           AUGER KLL                          9.71E-03    7.911E-02*   7.68E-04
           AUGER KLX                          5.61E-03    9.640E-02*   5.40E-04
           CK LLX                             2.11E-01    1.689E-03*   3.56E-04
           AUGER LMM                          2.82E-01    1.066E-02*   3.00E-03
           AUGER LMX                          1.46E-01    1.420E-02*   2.07E-03
           AUGER LXY                          1.78E-02    1.779E-02*   3.16E-04
           CK MMX                             1.18E+00    6.247E-04*   7.37E-04
           AUGER MNN                          1.61E+00    2.587E-03*   4.16E-03
           AUGER MNX                          3.35E-01    3.139E-03*   1.05E-03
           CK NNX                             3.19E+00    1.952E-04*   6.23E-04
           AUGER NXY                          5.35E+00    2.425E-04*   1.30E-03
           CK OOX                             5.72E+00    8.901E-05*   5.09E-04
 
           ALL LISTED X-RAYS, GAMMA-RAYS AND ANNIHILATION RADIATION    1.34E-01
           ALL NEGLECTED X-RAYS, GAMMA-RAYS AND ANNIH. RADIATION**     1.49E-03
           ALL LISTED BETAS, INTERNAL CONVERSION AND AUGER ELECTRONS   1.33E-01
           ALL NEGLECTED BETAS, INT. CONVERSION AND AUGER ELECTRONS**  1.47E-03
           ALL LISTED ALPHA PARTICLES AND  RECOIL NUCLEI               5.88E+00
           ALL NEGLECTED ALPHA PARTICLES AND  RECOIL NUCLEI**          1.38E-02
           ALL LISTED RADIATIONS                                       6.15E+00
           ALL NEGLECTED RADIATIONS**                                  1.67E-02
 
           *  AVERAGE ENERGY (MEV)
           ** EACH NEGLECTED TRANSITION CONTRIBUTES LESS THAN  0.100%
              TO THE TOTAL MEV/TRANSFORMATION FOR THIS CATEGORY.
           TOTAL FEEDING OF GROUND STATE LEVEL IN 239-PLUTONIUM
             DAUGHTER IS 9.9760E-01 PER TRANSFORMATION OF 243-CURIUM.
             DECAY OF THIS 24110 YEARS HALFLIFE LEVEL WILL CONTRIBUTE TO DOSE.
           TOTAL FEEDING OF GROUND STATE LEVEL IN 243-AMERICIUM
             DAUGHTER IS 2.4000E-03 PER TRANSFORMATION OF 243-CURIUM.
             DECAY OF THIS 7370 YEARS HALFLIFE LEVEL WILL CONTRIBUTE TO DOSE.
           - - - - - - - - - -
           INPUT DATA SOURCE: EVALUATED NUCLEAR STRUCTURE DATA FILE (ENSDF)
             DATE INPUT DATA WERE ENTERED INTO ENSDF: Oct-1993
%%%% 243 CM  96    A  EC        9.18326E+08 29.1 Y     02-11-2005       OUTPEND 
%%%% 243 CM  96    A  EC        9.18326E+08 29.1 Y     02-11-2005       SEEISTAR
243.  CURIUM       96.  2.910E+01 YEARS    268 A  EC                243.CM 96.   0
 8 1  3.88358E-04  5.23031E+00  8.75934E-02  0.00000E+00            243.CM 96.   1   1
 8 2  1.49368E-03  5.26670E+00  8.82029E-02  0.00000E+00            243.CM 96.   2   2
 8 3  9.95789E-04  5.31587E+00  8.90264E-02  0.00000E+00            243.CM 96.   3   3
 8 4  2.98737E-03  5.32276E+00  8.91417E-02  0.00000E+00            243.CM 96.   4   4
 8 5  2.98737E-03  5.33259E+00  8.93064E-02  0.00000E+00            243.CM 96.   5   5
 8 6  1.99158E-03  5.51937E+00  9.24344E-02  0.00000E+00            243.CM 96.   6   6
 8 7  5.97473E-03  5.53225E+00  9.26501E-02  0.00000E+00            243.CM 96.   7   7
 8 8  1.99158E-03  5.53717E+00  9.27325E-02  0.00000E+00            243.CM 96.   8   8
 8 9  6.97052E-03  5.56913E+00  9.32678E-02  0.00000E+00            243.CM 96.   9   9
 810  6.97052E-03  5.57553E+00  9.33749E-02  0.00000E+00            243.CM 96.  10  10
 811  8.96210E-03  5.58231E+00  9.34885E-02  0.00000E+00            243.CM 96.  11  11
 812  1.99158E-02  5.58733E+00  9.35725E-02  0.00000E+00            243.CM 96.  12  12
 813  9.95789E-03  5.59323E+00  9.36714E-02  0.00000E+00            243.CM 96.  13  13
 814  9.95789E-03  5.60424E+00  9.38559E-02  0.00000E+00            243.CM 96.  14  14
 816  2.98737E-02  5.61192E+00  9.39843E-02  0.00000E+00            243.CM 96.  15  16
 817  5.97473E-02  5.62273E+00  9.41655E-02  0.00000E+00            243.CM 96.  16  17
 818  1.39410E-01  5.63945E+00  9.44455E-02  0.00000E+00            243.CM 96.  17  18
 819  2.98737E-02  5.64634E+00  9.45608E-02  0.00000E+00            243.CM 96.  18  19
 820  1.99158E-01  5.68117E+00  9.51442E-02  0.00000E+00            243.CM 96.  19  20
 821  1.59326E+00  5.68528E+00  9.52129E-02  0.00000E+00            243.CM 96.  20  21
 822  3.98315E-02  5.71300E+00  9.56772E-02  0.00000E+00            243.CM 96.  21  22
 823  1.14516E+01  5.74162E+00  9.61565E-02  0.00000E+00            243.CM 96.  22  23
 824  7.25930E+01  5.78555E+00  9.68922E-02  0.00000E+00            243.CM 96.  23  24
 825  5.97473E-01  5.87667E+00  9.84183E-02  0.00000E+00            243.CM 96.  24  25
 826  9.95789E-02  5.90524E+00  9.88968E-02  0.00000E+00            243.CM 96.  25  26
 827  5.67599E+00  5.99185E+00  1.00347E-01  0.00000E+00            243.CM 96.  26  27
 828  9.95789E-01  6.00997E+00  1.00651E-01  0.00000E+00            243.CM 96.  27  28
 829  4.68021E+00  6.05857E+00  1.01465E-01  0.00000E+00            243.CM 96.  28  29
 830  1.49368E+00  6.06631E+00  1.01594E-01  0.00000E+00            243.CM 96.  29  30
 1 1  1.24996E-02  7.86100E-03  7.86100E-03  0.00000E+00            243.CM 96.  30   1
 6 3  5.65012E+01  3.31110E-03  3.31110E-03  1.00000E+00            243.CM 96.  31   3
 6 4  2.03015E+01  7.86100E-03  7.86100E-03  1.00000E+00            243.CM 96.  32   4
 1 2  2.32000E-02  1.84000E-02  1.84000E-02  0.00000E+00            243.CM 96.  33   2
 6 7  1.06194E-01  3.29001E-04  3.29001E-04  2.00000E+00            243.CM 96.  34   7
 6 3  5.02254E+00  1.38501E-02  1.38501E-02  2.00000E+00            243.CM 96.  35   3
 6 4  1.83127E+00  1.84000E-02  1.84000E-02  2.00000E+00            243.CM 96.  36   4
 1 3  1.29688E-01  4.46630E-02  4.46630E-02  0.00000E+00            243.CM 96.  37   3
 6 5  5.47870E+00  2.15410E-02  2.15410E-02  3.00000E+00            243.CM 96.  38   5
 6 6  2.03316E+00  2.22920E-02  2.22920E-02  3.00000E+00            243.CM 96.  39   6
 6 7  1.26608E+00  2.65920E-02  2.65920E-02  3.00000E+00            243.CM 96.  40   7
 6 3  2.24128E+00  4.01131E-02  4.01131E-02  3.00000E+00            243.CM 96.  41   3
 6 4  8.11681E-01  4.46630E-02  4.46630E-02  3.00000E+00            243.CM 96.  42   4
 1 4  8.08056E-02  4.94150E-02  4.94150E-02  0.00000E+00            243.CM 96.  43   4
 6 5  2.19808E+00  2.62930E-02  2.62930E-02  4.00000E+00            243.CM 96.  44   5
 6 6  3.12503E+00  2.70440E-02  2.70440E-02  4.00000E+00            243.CM 96.  45   6
 6 7  2.42948E+00  3.13440E-02  3.13440E-02  4.00000E+00            243.CM 96.  46   7
 6 3  2.08613E+00  4.48651E-02  4.48651E-02  4.00000E+00            243.CM 96.  47   3
 6 4  7.49208E-01  4.94150E-02  4.94150E-02  4.00000E+00            243.CM 96.  48   4
 1 5  9.47720E-02  5.72730E-02  5.72730E-02  0.00000E+00            243.CM 96.  49   5
 6 5  3.26072E-01  3.41510E-02  3.41510E-02  5.00000E+00            243.CM 96.  50   5
 6 6  8.46655E+00  3.49020E-02  3.49020E-02  5.00000E+00            243.CM 96.  51   6
 6 7  6.79307E+00  3.92020E-02  3.92020E-02  5.00000E+00            243.CM 96.  52   7
 6 3  4.37056E+00  5.27231E-02  5.27231E-02  5.00000E+00            243.CM 96.  53   3
 6 4  1.56084E+00  5.72730E-02  5.72730E-02  5.00000E+00            243.CM 96.  54   4
 1 6  4.48920E-02  5.73000E-02  5.73000E-02  0.00000E+00            243.CM 96.  55   6
 6 5  9.39892E-01  3.41780E-02  3.41780E-02  6.00000E+00            243.CM 96.  56   5
 6 6  1.02020E-01  3.49290E-02  3.49290E-02  6.00000E+00            243.CM 96.  57   6
 6 7  4.90750E-03  3.92290E-02  3.92290E-02  6.00000E+00            243.CM 96.  58   7
 6 3  2.55198E-01  5.27501E-02  5.27501E-02  6.00000E+00            243.CM 96.  59   3
 6 4  9.31621E-02  5.73000E-02  5.73000E-02  6.00000E+00            243.CM 96.  60   4
 1 7  1.39664E-02  6.14610E-02  6.14610E-02  0.00000E+00            243.CM 96.  61   7
 6 5  1.76607E-03  3.83390E-02  3.83390E-02  7.00000E+00            243.CM 96.  62   5
 6 6  1.63504E-03  3.90900E-02  3.90900E-02  7.00000E+00            243.CM 96.  63   6
 6 7  1.61877E-03  4.33900E-02  4.33900E-02  7.00000E+00            243.CM 96.  64   7
 6 3  1.25605E-03  5.69111E-02  5.69111E-02  7.00000E+00            243.CM 96.  65   3
 6 4  4.38723E-04  6.14610E-02  6.14610E-02  7.00000E+00            243.CM 96.  66   4
 1 8  1.36711E-01  6.78000E-02  6.78000E-02  0.00000E+00            243.CM 96.  67   8
 6 5  2.27014E-01  4.46780E-02  4.46780E-02  8.00000E+00            243.CM 96.  68   5
 6 6  5.55759E+00  4.54290E-02  4.54290E-02  8.00000E+00            243.CM 96.  69   6
 6 7  4.23120E+00  4.97290E-02  4.97290E-02  8.00000E+00            243.CM 96.  70   7
 6 3  2.80958E+00  6.32501E-02  6.32501E-02  8.00000E+00            243.CM 96.  71   3
 6 4  1.00430E+00  6.78000E-02  6.78000E-02  8.00000E+00            243.CM 96.  72   4
 110  7.98080E-03  1.01960E-01  1.01960E-01  0.00000E+00            243.CM 96.  73  10
 6 5  2.66734E-03  7.88380E-02  7.88380E-02  1.00000E+01            243.CM 96.  74   5
 6 6  4.98480E-02  7.95890E-02  7.95890E-02  1.00000E+01            243.CM 96.  75   6
 6 7  3.26309E-02  8.38890E-02  8.38890E-02  1.00000E+01            243.CM 96.  76   7
 6 3  2.39546E-02  9.74101E-02  9.74101E-02  1.00000E+01            243.CM 96.  77   3
 6 4  8.57180E-03  1.01960E-01  1.01960E-01  1.00000E+01            243.CM 96.  78   4
 111  3.09256E-01  1.06125E-01  1.06125E-01  0.00000E+00            243.CM 96.  79  11
 6 5  2.85122E-02  8.30030E-02  8.30030E-02  1.10000E+01            243.CM 96.  80   5
 6 6  1.72946E-02  8.37540E-02  8.37540E-02  1.10000E+01            243.CM 96.  81   6
 6 7  1.44476E-02  8.80540E-02  8.80540E-02  1.10000E+01            243.CM 96.  82   7
 6 3  1.48909E-02  1.01575E-01  1.01575E-01  1.10000E+01            243.CM 96.  83   3
 6 4  5.26126E-03  1.06125E-01  1.06125E-01  1.10000E+01            243.CM 96.  84   4
 112  1.06986E-02  1.06480E-01  1.06480E-01  0.00000E+00            243.CM 96.  85  12
 6 5  3.07452E-03  8.33580E-02  8.33580E-02  1.20000E+01            243.CM 96.  86   5
 6 6  5.49305E-02  8.41090E-02  8.41090E-02  1.20000E+01            243.CM 96.  87   6
 6 7  3.53155E-02  8.84090E-02  8.84090E-02  1.20000E+01            243.CM 96.  88   7
 6 3  2.62480E-02  1.01930E-01  1.01930E-01  1.20000E+01            243.CM 96.  89   3
 6 4  9.39692E-03  1.06480E-01  1.06480E-01  1.20000E+01            243.CM 96.  90   4
 114  1.69592E-02  1.66369E-01  1.66369E-01  0.00000E+00            243.CM 96.  91  14
 6 1  9.11078E-02  4.40190E-02  4.40190E-02  1.40000E+01            243.CM 96.  92   1
 6 5  1.61436E-02  1.43247E-01  1.43247E-01  1.40000E+01            243.CM 96.  93   5
 6 6  1.80810E-03  1.43998E-01  1.43998E-01  1.40000E+01            243.CM 96.  94   6
 6 7  7.55343E-05  1.48298E-01  1.48298E-01  1.40000E+01            243.CM 96.  95   7
 6 3  4.39533E-03  1.61819E-01  1.61819E-01  1.40000E+01            243.CM 96.  96   3
 6 4  1.60168E-03  1.66369E-01  1.66369E-01  1.40000E+01            243.CM 96.  97   4
 115  3.29208E+00  2.09753E-01  2.09753E-01  0.00000E+00            243.CM 96.  98  15
 6 1  9.20087E+00  8.74030E-02  8.74030E-02  1.50000E+01            243.CM 96.  99   1
 6 5  1.62347E+00  1.86631E-01  1.86631E-01  1.50000E+01            243.CM 96. 100   5
 6 6  1.82281E-01  1.87382E-01  1.87382E-01  1.50000E+01            243.CM 96. 101   6
 6 7  7.38774E-03  1.91682E-01  1.91682E-01  1.50000E+01            243.CM 96. 102   7
 6 3  4.42754E-01  2.05203E-01  2.05203E-01  1.50000E+01            243.CM 96. 103   3
 6 4  1.61058E-01  2.09753E-01  2.09753E-01  1.50000E+01            243.CM 96. 104   4
 116  1.05746E+01  2.28184E-01  2.28184E-01  0.00000E+00            243.CM 96. 105  16
 6 1  2.33177E+01  1.05834E-01  1.05834E-01  1.60000E+01            243.CM 96. 106   1
 6 5  4.09334E+00  2.05062E-01  2.05062E-01  1.60000E+01            243.CM 96. 107   5
 6 6  4.69055E-01  2.05813E-01  2.05813E-01  1.60000E+01            243.CM 96. 108   6
 6 7  2.26124E-02  2.10113E-01  2.10113E-01  1.60000E+01            243.CM 96. 109   7
 6 3  1.12052E+00  2.23634E-01  2.23634E-01  1.60000E+01            243.CM 96. 110   3
 6 4  4.07637E-01  2.28184E-01  2.28184E-01  1.60000E+01            243.CM 96. 111   4
 117  1.09736E-01  2.54410E-01  2.54410E-01  0.00000E+00            243.CM 96. 112  17
 6 1  1.77139E-01  1.32060E-01  1.32060E-01  1.70000E+01            243.CM 96. 113   1
 6 5  3.10081E-02  2.31288E-01  2.31288E-01  1.70000E+01            243.CM 96. 114   5
 6 6  3.66143E-03  2.32039E-01  2.32039E-01  1.70000E+01            243.CM 96. 115   6
 6 7  2.13042E-04  2.36339E-01  2.36339E-01  1.70000E+01            243.CM 96. 116   7
 6 3  8.53341E-03  2.49860E-01  2.49860E-01  1.70000E+01            243.CM 96. 117   3
 6 4  3.10775E-03  2.54410E-01  2.54410E-01  1.70000E+01            243.CM 96. 118   4
 118  7.98080E-02  2.72870E-01  2.72870E-01  0.00000E+00            243.CM 96. 119  18
 6 1  1.07449E-01  1.50520E-01  1.50520E-01  1.80000E+01            243.CM 96. 120   1
 6 5  1.87761E-02  2.49748E-01  2.49748E-01  1.80000E+01            243.CM 96. 121   5
 6 6  2.10769E-03  2.50499E-01  2.50499E-01  1.80000E+01            243.CM 96. 122   6
 6 7  8.27373E-05  2.54799E-01  2.54799E-01  1.80000E+01            243.CM 96. 123   7
 6 3  5.12309E-03  2.68320E-01  2.68320E-01  1.80000E+01            243.CM 96. 124   3
 6 4  1.86755E-03  2.72870E-01  2.72870E-01  1.80000E+01            243.CM 96. 125   4
 119  1.39664E+01  2.77599E-01  2.77599E-01  0.00000E+00            243.CM 96. 126  19
 6 1  1.75099E+01  1.55249E-01  1.55249E-01  1.90000E+01            243.CM 96. 127   1
 6 5  3.06091E+00  2.54477E-01  2.54477E-01  1.90000E+01            243.CM 96. 128   5
 6 6  3.71345E-01  2.55228E-01  2.55228E-01  1.90000E+01            243.CM 96. 129   6
 6 7  2.46068E-02  2.59528E-01  2.59528E-01  1.90000E+01            243.CM 96. 130   7
 6 3  8.46100E-01  2.73049E-01  2.73049E-01  1.90000E+01            243.CM 96. 131   3
 6 4  3.08443E-01  2.77599E-01  2.77599E-01  1.90000E+01            243.CM 96. 132   4
 120  7.28248E-01  2.85460E-01  2.85460E-01  0.00000E+00            243.CM 96. 133  20
 6 1  6.20462E-02  1.63110E-01  1.63110E-01  2.00000E+01            243.CM 96. 134   1
 6 5  1.43546E-02  2.62338E-01  2.62338E-01  2.00000E+01            243.CM 96. 135   5
 6 6  5.33556E-02  2.63089E-01  2.63089E-01  2.00000E+01            243.CM 96. 136   6
 6 7  2.04842E-02  2.67389E-01  2.67389E-01  2.00000E+01            243.CM 96. 137   7
 6 3  2.42505E-02  2.80910E-01  2.80910E-01  2.00000E+01            243.CM 96. 138   3
 6 4  8.74312E-03  2.85460E-01  2.85460E-01  2.00000E+01            243.CM 96. 139   4
 121  1.69592E-02  3.11700E-01  3.11700E-01  0.00000E+00            243.CM 96. 140  21
 6 1  9.42287E-03  1.89350E-01  1.89350E-01  2.10000E+01            243.CM 96. 141   1
 6 5  1.64503E-03  2.88578E-01  2.88578E-01  2.10000E+01            243.CM 96. 142   5
 6 6  1.84238E-04  2.89329E-01  2.89329E-01  2.10000E+01            243.CM 96. 143   6
 6 7  7.12732E-06  2.93629E-01  2.93629E-01  2.10000E+01            243.CM 96. 144   7
 6 3  4.48446E-04  3.07150E-01  3.07150E-01  2.10000E+01            243.CM 96. 145   3
 6 4  1.63722E-04  3.11700E-01  3.11700E-01  2.10000E+01            243.CM 96. 146   4
 122  1.79568E-02  3.15880E-01  3.15880E-01  0.00000E+00            243.CM 96. 147  22
 6 1  4.97530E-04  1.93530E-01  1.93530E-01  2.20000E+01            243.CM 96. 148   1
 6 5  9.41236E-05  2.92758E-01  2.92758E-01  2.20000E+01            243.CM 96. 149   5
 6 6  1.92105E-05  2.93509E-01  2.93509E-01  2.20000E+01            243.CM 96. 150   6
 6 7  1.07323E-05  2.97809E-01  2.97809E-01  2.20000E+01            243.CM 96. 151   7
 6 3  3.13707E-05  3.11330E-01  3.11330E-01  2.20000E+01            243.CM 96. 152   3
 6 4  1.14341E-05  3.15880E-01  3.15880E-01  2.20000E+01            243.CM 96. 153   4
 123  6.98320E-03  3.22300E-01  3.22300E-01  0.00000E+00            243.CM 96. 154  23
 6 1  4.79844E-04  1.99950E-01  1.99950E-01  2.30000E+01            243.CM 96. 155   1
 6 5  1.05170E-04  2.99178E-01  2.99178E-01  2.30000E+01            243.CM 96. 156   5
 6 6  3.12778E-04  2.99929E-01  2.99929E-01  2.30000E+01            243.CM 96. 157   6
 6 7  1.11446E-04  3.04229E-01  3.04229E-01  2.30000E+01            243.CM 96. 158   7
 6 3  1.44651E-04  3.17750E-01  3.17750E-01  2.30000E+01            243.CM 96. 159   3
 6 4  5.22229E-05  3.22300E-01  3.22300E-01  2.30000E+01            243.CM 96. 160   4
 124  2.39424E-02  3.34310E-01  3.34310E-01  0.00000E+00            243.CM 96. 161  24
 6 1  6.31317E-04  2.11960E-01  2.11960E-01  2.40000E+01            243.CM 96. 162   1
 6 5  8.61685E-05  3.11188E-01  3.11188E-01  2.40000E+01            243.CM 96. 163   5
 6 6  2.36014E-05  3.11939E-01  3.11939E-01  2.40000E+01            243.CM 96. 164   6
 6 7  1.38925E-05  3.16239E-01  3.16239E-01  2.40000E+01            243.CM 96. 165   7
 6 3  3.00259E-05  3.29760E-01  3.29760E-01  2.40000E+01            243.CM 96. 166   3
 6 4  1.07634E-05  3.34310E-01  3.34310E-01  2.40000E+01            243.CM 96. 167   4
 2 1  1.46888E+01  9.99790E-02  9.99790E-02  0.00000E+00            243.CM 96. 168   1
 2 2  2.32517E+01  1.04279E-01  1.04279E-01  0.00000E+00            243.CM 96. 169   2
 2 3  2.69632E+00  1.16802E-01  1.16802E-01  0.00000E+00            243.CM 96. 170   3
 2 4  5.28946E+00  1.17801E-01  1.17801E-01  0.00000E+00            243.CM 96. 171   4
 2 5  9.87935E-02  1.18372E-01  1.18372E-01  0.00000E+00            243.CM 96. 172   5
 2 6  1.11220E-01  1.18573E-01  1.18573E-01  0.00000E+00            243.CM 96. 173   6
 2 7  6.79267E-01  1.20980E-01  1.20980E-01  0.00000E+00            243.CM 96. 174   7
 2 8  1.38458E+00  1.21244E-01  1.21244E-01  0.00000E+00            243.CM 96. 175   8
 2 9  2.95709E-02  1.21507E-01  1.21507E-01  0.00000E+00            243.CM 96. 176   9
 210  3.34147E-02  1.21556E-01  1.21556E-01  0.00000E+00            243.CM 96. 177  10
 211  1.68371E-01  1.22069E-01  1.22069E-01  0.00000E+00            243.CM 96. 178  11
 212  3.38109E-01  1.22134E-01  1.22134E-01  0.00000E+00            243.CM 96. 179  12
 213  6.24499E-03  1.22230E-01  1.22230E-01  0.00000E+00            243.CM 96. 180  13
 214  6.99458E-03  1.22240E-01  1.22240E-01  0.00000E+00            243.CM 96. 181  14
 215  2.94740E-02  1.22316E-01  1.22316E-01  0.00000E+00            243.CM 96. 182  15
 216  5.47319E-02  1.22326E-01  1.22326E-01  0.00000E+00            243.CM 96. 183  16
 221  2.50720E-04  7.51000E-04  7.51000E-04  0.00000E+00            243.CM 96. 184  21
 222  2.00841E-01  5.05100E-03  5.05100E-03  0.00000E+00            243.CM 96. 185  22
 223  1.14609E+00  1.75735E-02  1.75735E-02  0.00000E+00            243.CM 96. 186  23
 224  9.42020E-01  1.85721E-02  1.85721E-02  0.00000E+00            243.CM 96. 187  24
 225  5.54657E-02  1.91442E-02  1.91442E-02  0.00000E+00            243.CM 96. 188  25
 226  8.25565E-02  1.93451E-02  1.93451E-02  0.00000E+00            243.CM 96. 189  26
 227  3.11921E-01  2.17515E-02  2.17515E-02  0.00000E+00            243.CM 96. 190  27
 228  2.97220E-01  2.20160E-02  2.20160E-02  0.00000E+00            243.CM 96. 191  28
 229  9.63151E-03  2.22794E-02  2.22794E-02  0.00000E+00            243.CM 96. 192  29
 230  1.54713E-02  2.23278E-02  2.23278E-02  0.00000E+00            243.CM 96. 193  30
 231  7.74421E-02  2.28407E-02  2.28407E-02  0.00000E+00            243.CM 96. 194  31
 232  7.48762E-02  2.29056E-02  2.29056E-02  0.00000E+00            243.CM 96. 195  32
 233  1.79022E-03  2.30025E-02  2.30025E-02  0.00000E+00            243.CM 96. 196  33
 234  2.90426E-03  2.30122E-02  2.30122E-02  0.00000E+00            243.CM 96. 197  34
 235  1.36924E-02  2.30881E-02  2.30881E-02  0.00000E+00            243.CM 96. 198  35
 236  1.23638E-02  2.30987E-02  2.30987E-02  0.00000E+00            243.CM 96. 199  36
 241  1.71962E-03  4.30000E-03  4.30000E-03  0.00000E+00            243.CM 96. 200  41
 242  3.91736E-01  1.64689E-02  1.64689E-02  0.00000E+00            243.CM 96. 201  42
 243  2.09676E-02  1.78211E-02  1.78211E-02  0.00000E+00            243.CM 96. 202  43
 244  1.37826E+01  1.83932E-02  1.83932E-02  0.00000E+00            243.CM 96. 203  44
 245  1.07169E-01  2.08373E-02  2.08373E-02  0.00000E+00            243.CM 96. 204  45
 246  6.43655E-03  2.12650E-02  2.12650E-02  0.00000E+00            243.CM 96. 205  46
 247  3.18079E+00  2.15285E-02  2.15285E-02  0.00000E+00            243.CM 96. 206  47
 248  2.09930E-02  2.19249E-02  2.19249E-02  0.00000E+00            243.CM 96. 207  48
 249  2.81017E-02  2.20244E-02  2.20244E-02  0.00000E+00            243.CM 96. 208  49
 250  1.61271E-03  2.21546E-02  2.21546E-02  0.00000E+00            243.CM 96. 209  50
 251  6.35659E-01  2.22515E-02  2.22515E-02  0.00000E+00            243.CM 96. 210  51
 252  9.40457E-04  2.23636E-02  2.23636E-02  0.00000E+00            243.CM 96. 211  52
 253  5.66045E-03  2.23179E-02  2.23179E-02  0.00000E+00            243.CM 96. 212  53
 254  2.61338E-04  2.23476E-02  2.23476E-02  0.00000E+00            243.CM 96. 213  54
 255  5.77543E-04  2.23655E-02  2.23655E-02  0.00000E+00            243.CM 96. 214  55
 261  1.35267E+00  1.21689E-02  1.21689E-02  0.00000E+00            243.CM 96. 215  61
 262  1.74494E-02  1.25225E-02  1.25225E-02  0.00000E+00            243.CM 96. 216  62
 263  1.59321E-02  1.35211E-02  1.35211E-02  0.00000E+00            243.CM 96. 217  63
 264  2.14990E+00  1.40932E-02  1.40932E-02  0.00000E+00            243.CM 96. 218  64
 265  1.88795E+01  1.42941E-02  1.42941E-02  0.00000E+00            243.CM 96. 219  65
 266  3.45692E-01  1.65373E-02  1.65373E-02  0.00000E+00            243.CM 96. 220  66
 267  3.84907E-03  1.67005E-02  1.67005E-02  0.00000E+00            243.CM 96. 221  67
 268  4.37321E-03  1.69650E-02  1.69650E-02  0.00000E+00            243.CM 96. 222  68
 269  4.37463E-01  1.72285E-02  1.72285E-02  0.00000E+00            243.CM 96. 223  69
 270  4.01657E+00  1.72768E-02  1.72768E-02  0.00000E+00            243.CM 96. 224  70
 271  6.06787E-03  1.76249E-02  1.76249E-02  0.00000E+00            243.CM 96. 225  71
 272  3.33881E-02  1.76379E-02  1.76379E-02  0.00000E+00            243.CM 96. 226  72
 273  8.95002E-02  1.77244E-02  1.77244E-02  0.00000E+00            243.CM 96. 227  73
 274  9.10478E-04  1.77897E-02  1.77897E-02  0.00000E+00            243.CM 96. 228  74
 275  1.06885E-03  1.78546E-02  1.78546E-02  0.00000E+00            243.CM 96. 229  75
 276  8.51838E-02  1.79515E-02  1.79515E-02  0.00000E+00            243.CM 96. 230  76
 277  7.82111E-01  1.79611E-02  1.79611E-02  0.00000E+00            243.CM 96. 231  77
 278  2.69431E-04  1.80636E-02  1.80636E-02  0.00000E+00            243.CM 96. 232  78
 279  1.44611E-03  1.80648E-02  1.80648E-02  0.00000E+00            243.CM 96. 233  79
 280  1.85315E-02  1.80179E-02  1.80179E-02  0.00000E+00            243.CM 96. 234  80
 281  1.61931E-04  1.80371E-02  1.80371E-02  0.00000E+00            243.CM 96. 235  81
 282  1.75526E-04  1.80476E-02  1.80476E-02  0.00000E+00            243.CM 96. 236  82
 283  1.80210E-03  1.80656E-02  1.80656E-02  0.00000E+00            243.CM 96. 237  83
 291  1.22811E+01  3.47095E-03  3.47095E-03  0.00000E+00            243.CM 96. 238  91
 292  3.43113E-01  5.52905E-04  5.52905E-04  0.00000E+00            243.CM 96. 239  92
 293  1.66985E-02  1.53199E-04  1.53199E-04  0.00000E+00            243.CM 96. 240  93
 294  2.05751E+03  7.19551E-05  7.19551E-05  0.00000E+00            243.CM 96. 241  94
 7 1  9.70722E-01  7.91086E-02  7.91086E-02  0.00000E+00            243.CM 96. 242   1
 7 2  5.60630E-01  9.64039E-02  9.64039E-02  0.00000E+00            243.CM 96. 243   2
 7 3  7.88727E-02  1.13719E-01  1.13719E-01  0.00000E+00            243.CM 96. 244   3
 7 4  2.10600E+01  1.68908E-03  1.68908E-03  0.00000E+00            243.CM 96. 245   4
 7 5  2.81502E+01  1.06626E-02  1.06626E-02  0.00000E+00            243.CM 96. 246   5
 7 6  1.45920E+01  1.42048E-02  1.42048E-02  0.00000E+00            243.CM 96. 247   6
 7 7  1.77785E+00  1.77860E-02  1.77860E-02  0.00000E+00            243.CM 96. 248   7
 7 8  1.18054E+02  6.24664E-04  6.24664E-04  0.00000E+00            243.CM 96. 249   8
 7 9  1.60843E+02  2.58662E-03  2.58662E-03  0.00000E+00            243.CM 96. 250   9
 710  3.35111E+01  3.13946E-03  3.13946E-03  0.00000E+00            243.CM 96. 251  10
 711  2.04898E+00  3.82309E-03  3.82309E-03  0.00000E+00            243.CM 96. 252  11
 712  3.19404E+02  1.95203E-04  1.95203E-04  0.00000E+00            243.CM 96. 253  12
 713  5.35261E+02  2.42538E-04  2.42538E-04  0.00000E+00            243.CM 96. 254  13
 714  5.72343E+02  8.90051E-05  8.90051E-05  0.00000E+00            243.CM 96. 255  14
 715  3.59276E+00  1.76631E-04  1.76631E-04  0.00000E+00            243.CM 96. 256  15
 291  1.49963E-03  3.64684E-03  3.64684E-03  0.00000E+00            243.CM 96. 257  91
 292  3.67727E-04  7.26597E-04  7.26597E-04  0.00000E+00            243.CM 96. 258  92
 293  1.57961E-05  1.61344E-04  1.61344E-04  0.00000E+00            243.CM 96. 259  93
 294  1.30966E+00  7.45980E-05  7.45980E-05  0.00000E+00            243.CM 96. 260  94
 7 8  3.15175E-02  7.42193E-04  7.42193E-04  0.00000E+00            243.CM 96. 261   8
 7 9  1.84765E-02  2.74305E-03  2.74305E-03  0.00000E+00            243.CM 96. 262   9
 710  4.17635E-03  3.38375E-03  3.38375E-03  0.00000E+00            243.CM 96. 263  10
 711  2.71771E-04  4.15793E-03  4.15793E-03  0.00000E+00            243.CM 96. 264  11
 712  2.66126E-01  2.49233E-04  2.49233E-04  0.00000E+00            243.CM 96. 265  12
 713  2.58659E-01  4.47490E-04  4.47490E-04  0.00000E+00            243.CM 96. 266  13
 714  4.74189E-01  9.28573E-05  9.28573E-05  0.00000E+00            243.CM 96. 267  14
 715  2.56987E-03  1.93395E-04  1.93395E-04  0.00000E+00            243.CM 96. 268  15
%%%% 243 CM  96    A  EC        9.18326E+08 29.1 Y     02-11-2005       SEEIEND 
 


   ***************************************************** 
   *                 Radiation Summary                 * 
   ***************************************************** 
 
  Energy released by
    Gamma-ray                       (MeV) =   7.32535E-02
    X-ray                           (MeV) =   6.05459E-02
    Free-bound X-ray                (MeV) =   1.48146E-03
    Annihilation photon             (MeV) =   0.00000E+00
    Beta+ particle                  (MeV) =   0.00000E+00
    Neutrino                        (MeV) =   1.36334E-05
    Beta- particle                  (MeV) =   0.00000E+00
    Neutrino-                       (MeV) =   0.00000E+00
    Internal conv. electron         (MeV) =   1.18634E-01
    Auger and CK electron           (MeV) =   1.56132E-02
    Alpha particle                  (MeV) =   5.79351E+00
    Recoil nucleus                  (MeV) =   9.70256E-02
  E-total (except unplaced radiat.) (MeV) =   6.16008E+00
  E-unplaced radiation              (MeV) =   2.27558E-03
  Q-value from ENSDF data           (MeV) =   6.15312E+00
  Ratio of E-total/Q-value          ( % ) =   1.00113E+02
  Ratio of E-unplaced radi./Q-value ( % ) =   3.69825E-02

 
  Total yield of
    Gamma-ray                             =   2.96981E-01
    X-ray                                 =   1.11184E+00
    Free-bound X-ray                      =   2.05882E+01
    Annihilation photon                   =   0.00000E+00
    Beta+ particle                        =   0.00000E+00
    Beta- particle                        =   0.00000E+00
    Internal conv. electron               =   2.07099E+00
    Auger and CK electron                 =   1.81330E+01
    Alpha particle                        =   9.97202E-01
  Yield of unplaced radiation             =   3.98315E-04


