%%%% 241 CM  96    EC A         2.83392E+06 32.8 D     02-11-2005       BALASTAR
1 241   CM  96 32.8 D          EC A       
           WARNING:                                                                             
 241 AM 95  GAMMA-RAY ENERGY =   0.05247 MEV                                                    
           HALF-LIFE OF INITIAL LEVEL ASSOCIATED WITH GAMMA-RAY TOO SHORT TO BE                 
           CONSIDERED ISOMERIC, AND INTENSITY = 0.0                                             
           TRANSITION IGNORED                                                                   
           WARNING:                                                                             
 237 PU 94  GAMMA-RAY ENERGY =   0.14554 MEV                                                    
           HALF-LIFE OF INITIAL LEVEL ASSOCIATED WITH GAMMA-RAY TOO SHORT TO BE                 
           CONSIDERED ISOMERIC, AND INTENSITY = 0.0                                             
           TRANSITION IGNORED                                                                   
1INTENSITY AND ENERGY BALANCE DATA

              241-CURIUM-96
+                                    HALFLIFE = 32.8 DAYS    
+                                                                  02-11-2005


    LEVEL       INTENSITY   INTENSITY
    ENERGY      ENTERING    LEAVING     PERCENT
    (MEV)       LEVEL       LEVEL       ERROR

   0.0000E+00  9.8728E+01
   4.1176E-02  6.4492E+00  5.1078E+00  2.3213E+01  ********************
   9.3650E-02  9.4102E-02  0.0000E+00  2.0000E+02  ********************
   2.0588E-01  3.9870E+00  3.4462E+00  1.4550E+01  ********************
   4.7181E-01  9.5062E+01  9.4703E+01  3.7815E-01                      
   5.0445E-01  5.1299E+01  5.1797E+01  9.6590E-01                      
   6.2310E-01  7.4391E-01  7.5263E-01  1.1653E+00                      
   6.3686E-01  7.1705E+01  7.1760E+01  7.6706E-02                      
   6.5209E-01  2.8463E+01  2.9950E+01  5.0902E+00                      
   6.5323E-01  3.1516E-01  3.2002E-01  1.5306E+00                      
   6.7024E-01  6.6972E-01  6.7967E-01  1.4753E+00                      
   0.0000E+00  1.5003E-03
   4.7710E-02  1.2002E-03  0.0000E+00  2.0000E+02  ********************
   1.0600E-01  2.8006E-03  0.0000E+00  2.0000E+02  ********************
   1.4554E-01  6.8914E-01  0.0000E+00  2.0000E+02  ********************
   1.5545E-01  1.8104E-01  0.0000E+00  2.0000E+02  ********************
   1.7500E-01  1.2002E-03  0.0000E+00  2.0000E+02  ********************
   2.0118E-01  1.1802E-01  0.0000E+00  2.0000E+02  ********************
   2.2425E-01  1.4003E-03  0.0000E+00  2.0000E+02  ********************
   3.0400E-01  7.0014E-04  0.0000E+00  2.0000E+02  ********************
   3.7040E-01  8.0016E-04  0.0000E+00  2.0000E+02  ********************
   4.0419E-01  2.2004E-03  0.0000E+00  2.0000E+02  ********************


 INTENSITY TO GROUND AND ISOMERIC STATE(S) OF DAUGHTER(S)=  9.873E+01
 TOTAL INTENSITY FROM PARENT=  1.000E+02
 PERCENT ERROR =  1.287E+00                      


 TOTAL INTENSITY FROM PARENT =  1.000E+02
 VALUE IS WITHIN   0.00E+00% OF 100                      


 TOTAL ENERGY AVAILABLE =  8.217E-01 MEV
 TOTAL ENERGY CONTENT OF ALL RADIATIONS =  8.294E-01 MEV
 PERCENT ERROR =  9.301E-01                      
%%%% 241 CM  96    EC A         2.83392E+06 32.8 D     02-11-2005       BALAEND 
%%%% 241 CM  96    EC A         2.83392E+06 32.8 D     02-11-2005       INPUSTAR
1                                      **INPUT DATA**
              241-CURIUM-96
+                                    HALFLIFE = 32.8 DAYS    
+                                                                  02-11-2005

            MODES OF DECAY: ELECTRON CAPTURE, ALPHA
 
                                MEAN
                                NUMBER/    TRANSITION
                TYPE OF    ID   TRANSFOR-  ENERGY
              TRANSITION   NO.  MATION     (MEV)       OTHER NUCLEAR PARAMETERS

           ELECT. CAPTURE   1   6.70E-03   9.726E-02   ALLOWED                                  
           ELECT. CAPTURE   2   3.15E-03   1.143E-01   ALLOWED                                  
           ELECT. CAPTURE   3   2.85E-01   1.154E-01   FIRST FORBIDDEN                          
           ELECT. CAPTURE   4   4.53E-01   1.306E-01   FIRST FORBIDDEN                          
           ELECT. CAPTURE   5   6.11E-03   1.444E-01   ALLOWED                                  
           ELECT. CAPTURE   6   2.95E-02   2.631E-01   UNIQUE FIRST FORBIDDEN                   
           ELECT. CAPTURE   7   2.07E-01   2.957E-01   FIRST FORBIDDEN                          
           ELECT. CAPTURE   8   0.00E+00   7.675E-01   UNIQUE FIRST FORBIDDEN                   
           I.C.E. + GAMMA   1   2.64E-01   1.523E-02   M1+E2 MULTIPOLE                          
                                                       MRS=0.00102   AK= 0.0                    
                                                       AL1=0.0       AL2=0.0                    
                                                       AL3=0.0       AM= 354.                   
                                                       AN+=130.                                 
           I.C.E. + GAMMA   2   1.33E-03   2.902E-02   E1 MULTIPOLE                             
+                                                                    AK= 0.0                    
                                                       AL1=0.483     AL2=0.922                  
                                                       AL3=1.17      AM= 0.678                  
                                                       AN+=0.234                                
           I.C.E. + GAMMA   3   4.94E-01   3.264E-02   M1+E2 MULTIPOLE                          
                                                       MRS=0.0156    AK= 0.0                    
                                                       AL1=120.      AL2=34.8                   
                                                       AL3=20.4      AM= 44.6                   
                                                       AN+=16.3                                 
           I.C.E. + GAMMA   4   5.11E-02   4.118E-02   M1+E2 MULTIPOLE                          
                                                       MRS=0.230     AK= 0.0                    
                                                       AL1=53.0      AL2=92.6                   
                                                       AL3=75.3      AM= 60.0                   
                                                       AN+=21.7                                 
           I.C.E. + GAMMA   6   4.83E-01   1.324E-01   M1+E2 MULTIPOLE                          
                                                       MRS=0.00360   AK= 9.07                   
                                                       AL1=1.62      AL2=0.188                  
                                                       AL3=0.0109    AM= 0.446                  
                                                       AN+=0.163                                
           I.C.E. + GAMMA   7   8.21E-04   1.477E-01   E2 MULTIPOLE                             
+                                                                    AK= 0.184                  
                                                       AL1=0.113     AL2=1.32                   
                                                       AL3=0.712     AM= 0.603                  
                                                       AN+=0.218                                
           I.C.E. + GAMMA   8   2.38E-04   1.514E-01   E1 MULTIPOLE                             
+                                                                    AK= 0.154                  
                                                       AL1=0.0194    AL2=0.00947                
                                                       AL3=0.00699   AM= 0.00882                
                                                       AN+=0.00316                              
           I.C.E. + GAMMA   9   5.08E-03   1.648E-01   E1 MULTIPOLE                             
+                                                                    AK= 0.127                  
                                                       AL1=0.0162    AL2=0.00745                
                                                       AL3=0.00535   AM= 0.00713                
                                                       AN+=0.00255                              
           I.C.E. + GAMMA  10   2.17E-01   1.650E-01   M1+E2 MULTIPOLE                          
                                                       MRS=0.0484    AK= 4.91                   
                                                       AL1=0.885     AL2=0.131                  
                                                       AL3=0.0203    AM= 0.255                  
                                                       AN+=0.0935                               
           I.C.E. + GAMMA  11   3.29E-02   1.803E-01   M1+E2 MULTIPOLE                          
                                                       AK= 4.68      AL1=0.839                  
                                                       AL2=0.0947    AL3=0.00371                
                                                       AM= 0.229     AN+=0.0839                 
           I.C.E. + GAMMA  12   2.94E-02   2.059E-01   E1 MULTIPOLE                             
+                                                                    AK= 0.0770                 
                                                       AL1=0.0101    AL2=0.00398                
                                                       AL3=0.00267   AM= 0.00410                
                                                       AN+=0.00147                              
           I.C.E. + GAMMA  13   2.85E-02   2.659E-01   E1 MULTIPOLE                             
+                                                                    AK= 4.86                   
                                                       AL1=0.654     AL2=0.217                  
                                                       AL3=0.134     AM= 0.246                  
                                                       AN+=0.0885                               
           I.C.E. + GAMMA  14   1.13E-03   2.986E-01   E1 MULTIPOLE                             
+                                                                    AK= 0.339                  
                                                       AL1=0.0461    AL2=0.0141                 
                                                       AL3=0.00842   AM= 0.0167                 
                                                       AN+=0.00603                              
           I.C.E. + GAMMA  15   9.41E-04   4.108E-01   E2 MULTIPOLE                             
+                                                                    AK= 0.0459                 
                                                       AL1=0.00954   AL2=0.0190                 
                                                       AL3=0.00559   AM= 0.00924                
                                                       AN+=0.00336                              
           I.C.E. + GAMMA  16   7.11E-03   4.172E-01   E2 MULTIPOLE                             
+                                                                    AK= 0.0446                 
                                                       AL1=0.00924   AL2=0.0179                 
                                                       AL3=0.00521   AM= 0.00874                
                                                       AN+=0.00318                              
           I.C.E. + GAMMA  17   4.04E-04   4.300E-01   E1 MULTIPOLE                             
+                                                                    AK= 0.0162                 
                                                       AL1=0.00227                              
           I.C.E. + GAMMA  18   4.39E-02   4.306E-01   E2 MULTIPOLE                             
+                                                                    AK= 0.0422                 
                                                       AL1=0.00865   AL2=0.0158                 
                                                       AL3=0.00452   AM= 0.00782                
                                                       AN+=0.00285                              
           I.C.E. + GAMMA  19   1.70E-03   4.474E-01   M1+E2 MULTIPOLE                          
                                                       MRS=0.130     AK= 0.341                  
                                                       AL1=0.0599    AL2=0.00817                
                                                       AM= 0.0169    AN+=0.00617                
           I.C.E. + GAMMA  20   1.53E-02   4.633E-01   M1+E2 MULTIPOLE                          
                                                       AK= 0.198     AL1=0.0348                 
                                                       AL2=0.00388   AM= 0.00948                
                                                       AN+=0.00347                              
           I.C.E. + GAMMA  21   1.00E-03   4.644E-01   M1+E2 MULTIPOLE                          
                                                       MRS=2.25      AK= 0.131                  
                                                       AL1=0.0237    AL2=0.0103                 
                                                       AL3=0.00230   AM= 0.00923                
                                                       AN+=0.00337                              
           I.C.E. + GAMMA  22   8.75E-01   4.718E-01   M1+E2 MULTIPOLE                          
                                                       AK= 0.180     AL1=0.0316                 
                                                       AL2=0.00352   AM= 0.00860                
                                                       AN+=0.00315                              
           I.C.E. + GAMMA  23   6.74E-03   5.045E-01   M1+E2 MULTIPOLE                          
                                                       AK= 0.106     AL1=0.0186                 
                                                       AL2=0.00207   AM= 0.00507                
                                                       AN+=0.00185                              
           I.C.E. + GAMMA  24   1.54E-04   5.958E-01   E2 MULTIPOLE                             
+                                                                    AK= 0.0240                 
                                                       AL1=0.00451   AL2=0.00469                
                                                       AL3=0.00108   AM= 0.00270                
           I.C.E. + GAMMA  25   1.74E-04   6.231E-01   M2 MULTIPOLE                             
+                                                                    AK= 0.346                  
                                                       AL1=0.0737    AL2=0.0115                 
                                                       AL3=0.00210   AM= 0.0221                 
                                                       AN+=0.00817                              
           I.C.E. + GAMMA  26   1.76E-02   6.369E-01   M1+E2 MULTIPOLE                          
                                                       MRS=0.325     AK= 0.116                  
                                                       AL1=0.0203    AL2=0.00300                
                                                       AM= 0.00578   AN+=0.00212                
           I.C.E. + GAMMA  27   4.08E-04   6.521E-01   E2 MULTIPOLE                             
+                                                                    AK= 0.0205                 
                                                       AL1=0.00378   AL2=0.00338                
                                                       AM= 0.00206                              
           I.C.E. + GAMMA  28   1.50E-03   6.532E-01   E1 MULTIPOLE                             
+                                                                    AK= 0.00737                
                                                       AL1=0.00106                              
           I.C.E. + GAMMA  29   5.79E-03   6.702E-01   E1 MULTIPOLE                             
+                                                                    AK= 0.00703                
                                                       AL1=0.00101                              
                    ALPHA   1   2.20E-05   5.781E+00                                            
                    ALPHA   2   8.00E-06   5.815E+00                                            
                    ALPHA   3   7.00E-06   5.881E+00                                            
                    ALPHA   4   1.40E-05   5.961E+00                                            
                    ALPHA   5   1.18E-03   5.984E+00                                            
                    ALPHA   6   1.20E-05   6.010E+00                                            
                    ALPHA   7   1.81E-03   6.030E+00                                            
                    ALPHA   8   6.89E-03   6.039E+00                                            
                    ALPHA   9   2.80E-05   6.079E+00                                            
                    ALPHA  10   1.20E-05   6.137E+00                                            
                    ALPHA  11   1.50E-05   6.185E+00                                            
 
           - - - - - - - - - -
           Reference: Evaluated Nuclear Structure Data File (ENSDF)
                DATE DATA WERE ENTERED INTO ENSDF: May-1995
%%%% 241 CM  96    EC A         2.83392E+06 32.8 D     02-11-2005       INPUEND 
%%%% 241 CM  96    EC A         2.83392E+06 32.8 D     02-11-2005       OUTPSTAR
1                                      **OUTPUT DATA**
              241-CURIUM-96
+                                    HALFLIFE = 32.8 DAYS    
+                                                                  02-11-2005

            MODES OF DECAY: ELECTRON CAPTURE, ALPHA
 
                                              MEAN
                                              NUMBER/                  MEV/
                                         ID   TRANSFOR-   ENERGY       TRANSFOR-
                  TYPE OF RADIATION      NO.  MATION      (MEV)        MATION

           M CONV. ELECTRON, GAMMA-RAY    1   1.93E-01    1.054E-02*   2.03E-03
           N+ CONV. ELECTRON, GAMMA-RAY   1   7.07E-02    1.523E-02*   1.08E-03
           L1 CONV. ELECTRON, GAMMA-RAY   3   2.50E-01    8.812E-03    2.21E-03
           L2 CONV. ELECTRON, GAMMA-RAY   3   7.24E-02    9.577E-03    6.93E-04
           L3 CONV. ELECTRON, GAMMA-RAY   3   4.24E-02    1.411E-02    5.99E-04
           M CONV. ELECTRON, GAMMA-RAY    3   9.27E-02    2.795E-02*   2.59E-03
           N+ CONV. ELECTRON, GAMMA-RAY   3   3.38E-02    3.264E-02*   1.10E-03
           L1 CONV. ELECTRON, GAMMA-RAY   4   8.91E-03    1.735E-02    1.55E-04
           L2 CONV. ELECTRON, GAMMA-RAY   4   1.56E-02    1.811E-02    2.82E-04
           L3 CONV. ELECTRON, GAMMA-RAY   4   1.27E-02    2.265E-02    2.87E-04
           M CONV. ELECTRON, GAMMA-RAY    4   1.01E-02    3.649E-02*   3.68E-04
           N+ CONV. ELECTRON, GAMMA-RAY   4   3.65E-03    4.118E-02*   1.50E-04
           GAMMA-RAY                      6   3.86E-02    1.324E-01    5.11E-03
           K CONV. ELECTRON, GAMMA-RAY    6   3.50E-01    6.843E-03    2.40E-03
           L1 CONV. ELECTRON, GAMMA-RAY   6   6.27E-02    1.086E-01    6.81E-03
           L2 CONV. ELECTRON, GAMMA-RAY   6   7.25E-03    1.094E-01    7.92E-04
           M CONV. ELECTRON, GAMMA-RAY    6   1.72E-02    1.277E-01*   2.20E-03
           N+ CONV. ELECTRON, GAMMA-RAY   6   6.31E-03    1.324E-01*   8.36E-04
           GAMMA-RAY                      9   4.36E-03    1.648E-01    7.18E-04
           GAMMA-RAY                     10   2.97E-02    1.650E-01    4.90E-03
           K CONV. ELECTRON, GAMMA-RAY   10   1.46E-01    3.948E-02    5.76E-03
           L1 CONV. ELECTRON, GAMMA-RAY  10   2.63E-02    1.412E-01    3.71E-03
           L2 CONV. ELECTRON, GAMMA-RAY  10   3.90E-03    1.420E-01    5.54E-04
           M CONV. ELECTRON, GAMMA-RAY   10   7.58E-03    1.604E-01*   1.22E-03
           N+ CONV. ELECTRON, GAMMA-RAY  10   2.78E-03    1.650E-01*   4.58E-04
           GAMMA-RAY                     11   4.75E-03    1.803E-01    8.57E-04
           K CONV. ELECTRON, GAMMA-RAY   11   2.22E-02    5.471E-02    1.22E-03
           L1 CONV. ELECTRON, GAMMA-RAY  11   3.99E-03    1.565E-01    6.24E-04
           M CONV. ELECTRON, GAMMA-RAY   11   1.09E-03    1.756E-01*   1.91E-04
           GAMMA-RAY                     12   2.67E-02    2.059E-01    5.50E-03
           K CONV. ELECTRON, GAMMA-RAY   12   2.06E-03    8.031E-02    1.65E-04
           GAMMA-RAY                     13   3.96E-03    2.659E-01    1.05E-03
           K CONV. ELECTRON, GAMMA-RAY   13   1.92E-02    1.404E-01    2.70E-03
           L1 CONV. ELECTRON, GAMMA-RAY  13   2.59E-03    2.421E-01    6.27E-04
           L2 CONV. ELECTRON, GAMMA-RAY  13   8.59E-04    2.429E-01    2.09E-04
           M CONV. ELECTRON, GAMMA-RAY   13   9.74E-04    2.612E-01*   2.54E-04
           GAMMA-RAY                     16   6.53E-03    4.172E-01    2.73E-03
           GAMMA-RAY                     18   4.06E-02    4.306E-01    1.75E-02
           K CONV. ELECTRON, GAMMA-RAY   18   1.71E-03    3.051E-01    5.23E-04
           L1 CONV. ELECTRON, GAMMA-RAY  18   3.51E-04    4.068E-01    1.43E-04
           L2 CONV. ELECTRON, GAMMA-RAY  18   6.42E-04    4.076E-01    2.62E-04
           M CONV. ELECTRON, GAMMA-RAY   18   3.18E-04    4.259E-01*   1.35E-04
           GAMMA-RAY                     19   1.19E-03    4.474E-01    5.31E-04
           GAMMA-RAY                     20   1.23E-02    4.633E-01    5.69E-03
           K CONV. ELECTRON, GAMMA-RAY   20   2.43E-03    3.377E-01    8.22E-04
           L1 CONV. ELECTRON, GAMMA-RAY  20   4.27E-04    4.394E-01    1.88E-04
           GAMMA-RAY                     22   7.13E-01    4.718E-01    3.36E-01
           K CONV. ELECTRON, GAMMA-RAY   22   1.28E-01    3.462E-01    4.44E-02
           L1 CONV. ELECTRON, GAMMA-RAY  22   2.25E-02    4.480E-01    1.01E-02
           L2 CONV. ELECTRON, GAMMA-RAY  22   2.51E-03    4.487E-01    1.13E-03
           M CONV. ELECTRON, GAMMA-RAY   22   6.13E-03    4.671E-01*   2.86E-03
           N+ CONV. ELECTRON, GAMMA-RAY  22   2.24E-03    4.718E-01*   1.06E-03
           GAMMA-RAY                     23   5.94E-03    5.045E-01    3.00E-03
           K CONV. ELECTRON, GAMMA-RAY   23   6.31E-04    3.789E-01    2.39E-04
           GAMMA-RAY                     26   1.53E-02    6.369E-01    9.77E-03
           K CONV. ELECTRON, GAMMA-RAY   26   1.78E-03    5.113E-01    9.09E-04
           L1 CONV. ELECTRON, GAMMA-RAY  26   3.12E-04    6.131E-01    1.91E-04
           GAMMA-RAY                     28   1.49E-03    6.532E-01    9.70E-04
           GAMMA-RAY                     29   5.74E-03    6.702E-01    3.85E-03
           K -L2 X-RAY                        2.34E-01    1.025E-01    2.40E-02
           K -L3 X-RAY                        3.68E-01    1.070E-01    3.94E-02
           K -M2 X-RAY                        4.28E-02    1.198E-01    5.13E-03
           K -M3 X-RAY                        8.40E-02    1.209E-01    1.02E-02
           K -N2 X-RAY                        1.08E-02    1.241E-01    1.34E-03
           K -N3 X-RAY                        2.21E-02    1.244E-01    2.75E-03
           K -O3 X-RAY                        5.45E-03    1.253E-01    6.83E-04
           L1-M2 X-RAY                        5.77E-02    1.809E-02    1.04E-03
           L1-M3 X-RAY                        4.61E-02    1.914E-02    8.82E-04
           L2-M4 X-RAY                        1.73E-01    1.896E-02    3.28E-03
           L2-N4 X-RAY                        4.03E-02    2.218E-02    8.94E-04
           L3-M4 X-RAY                        4.14E-02    1.442E-02    5.97E-04
           L3-M5 X-RAY                        3.64E-01    1.463E-02    5.32E-03
           L3-N5 X-RAY                        7.79E-02    1.770E-02    1.38E-03
           M X-RAY                            1.96E-01    3.555E-03    6.96E-04
           Free-Bound X-RAY                   3.02E+01    7.213E-05    2.18E-03
           AUGER KLL                          1.51E-02    8.099E-02*   1.22E-03
           AUGER KLX                          8.75E-03    9.881E-02*   8.64E-04
           AUGER KXY                          1.23E-03    1.166E-01*   1.44E-04
           CK LLX                             7.15E-01    1.937E-03*   1.39E-03
           AUGER LMM                          5.29E-01    1.097E-02*   5.80E-03
           AUGER LMX                          2.77E-01    1.463E-02*   4.05E-03
           AUGER LXY                          3.41E-02    1.835E-02*   6.25E-04
           CK MMX                             1.55E+00    6.348E-04*   9.81E-04
           AUGER MNN                          2.46E+00    2.621E-03*   6.46E-03
           AUGER MNX                          5.28E-01    3.191E-03*   1.69E-03
           CK NNX                             4.65E+00    1.926E-04*   8.95E-04
           AUGER NXY                          7.91E+00    2.635E-04*   2.08E-03
           CK OOX                             8.55E+00    9.520E-05*   8.14E-04
           ALPHA                          1   2.20E-05    5.685E+00    1.25E-04
           RECOIL ATOM                        2.20E-05    9.601E-02    2.11E-06
           ALPHA                          4   1.40E-05    5.862E+00    8.21E-05
           RECOIL ATOM                        1.40E-05    9.900E-02    1.39E-06
           ALPHA                          5   1.18E-03    5.884E+00    6.95E-03
           RECOIL ATOM                        1.18E-03    9.938E-02    1.17E-04
           ALPHA                          6   1.20E-05    5.910E+00    7.09E-05
           RECOIL ATOM                        1.20E-05    9.981E-02    1.20E-06
           ALPHA                          7   1.81E-03    5.929E+00    1.07E-02
           RECOIL ATOM                        1.81E-03    1.001E-01    1.81E-04
           ALPHA                          8   6.89E-03    5.939E+00    4.09E-02
           RECOIL ATOM                        6.89E-03    1.003E-01    6.91E-04
           ALPHA                          9   2.80E-05    5.978E+00    1.67E-04
           RECOIL ATOM                        2.80E-05    1.010E-01    2.83E-06
           ALPHA                         10   1.20E-05    6.035E+00    7.24E-05
           RECOIL ATOM                        1.20E-05    1.019E-01    1.22E-06
           ALPHA                         11   1.50E-05    6.082E+00    9.13E-05
           RECOIL ATOM                        1.50E-05    1.027E-01    1.54E-06
 
           ALL LISTED X-RAYS, GAMMA-RAYS AND ANNIHILATION RADIATION    4.98E-01
           ALL NEGLECTED X-RAYS, GAMMA-RAYS AND ANNIH. RADIATION**     5.24E-03
           ALL LISTED BETAS, INTERNAL CONVERSION AND AUGER ELECTRONS   1.32E-01
           ALL NEGLECTED BETAS, INT. CONVERSION AND AUGER ELECTRONS**  1.95E-03
           ALL LISTED ALPHA PARTICLES AND  RECOIL NUCLEI               6.02E-02
           ALL NEGLECTED ALPHA PARTICLES AND  RECOIL NUCLEI**          8.77E-05
           ALL LISTED RADIATIONS                                       6.91E-01
           ALL NEGLECTED RADIATIONS**                                  7.27E-03
 
           *  AVERAGE ENERGY (MEV)
           ** EACH NEGLECTED TRANSITION CONTRIBUTES LESS THAN  0.100%
              TO THE TOTAL MEV/TRANSFORMATION FOR THIS CATEGORY.
           TOTAL FEEDING OF GROUND STATE LEVEL IN 241-AMERICIUM
             DAUGHTER IS 9.9000E-01 PER TRANSFORMATION OF 241-CURIUM.
             DECAY OF THIS 432.2 YEARS HALFLIFE LEVEL WILL CONTRIBUTE TO DOSE.
           TOTAL FEEDING OF GROUND STATE LEVEL IN 237-PLUTONIUM
             DAUGHTER IS 1.0000E-02 PER TRANSFORMATION OF 241-CURIUM.
             DECAY OF THIS 45.2 DAYS HALFLIFE LEVEL WILL CONTRIBUTE TO DOSE.
           - - - - - - - - - -
           INPUT DATA SOURCE: EVALUATED NUCLEAR STRUCTURE DATA FILE (ENSDF)
             DATE INPUT DATA WERE ENTERED INTO ENSDF: May-1995
%%%% 241 CM  96    EC A         2.83392E+06 32.8 D     02-11-2005       OUTPEND 
%%%% 241 CM  96    EC A         2.83392E+06 32.8 D     02-11-2005       SEEISTAR
241.  CURIUM       96.  3.280E+01 DAYS     289 EC A                 241.CM 96.   0
 1 1  5.44500E-02  1.52280E-02  1.52280E-02  0.00000E+00            241.CM 96.   1   1
 6 3  1.92800E+01  1.05425E-02  1.05425E-02  1.00000E+00            241.CM 96.   2   3
 6 4  7.06599E+00  1.52280E-02  1.52280E-02  1.00000E+00            241.CM 96.   3   4
 1 2  2.97000E-02  2.90200E-02  2.90200E-02  0.00000E+00            241.CM 96.   4   2
 6 5  1.43303E-02  5.19300E-03  5.19300E-03  2.00000E+00            241.CM 96.   5   5
 6 6  2.73951E-02  5.95800E-03  5.95800E-03  2.00000E+00            241.CM 96.   6   6
 6 7  3.47823E-02  1.04930E-02  1.04930E-02  2.00000E+00            241.CM 96.   7   7
 6 3  2.01451E-02  2.43345E-02  2.43345E-02  2.00000E+00            241.CM 96.   8   3
 6 4  6.93632E-03  2.90200E-02  2.90200E-02  2.00000E+00            241.CM 96.   9   4
 1 3  2.07900E-01  3.26390E-02  3.26390E-02  0.00000E+00            241.CM 96.  10   3
 6 5  2.50422E+01  8.81200E-03  8.81200E-03  3.00000E+00            241.CM 96.  11   5
 6 6  7.23908E+00  9.57700E-03  9.57700E-03  3.00000E+00            241.CM 96.  12   6
 6 7  4.24202E+00  1.41120E-02  1.41120E-02  3.00000E+00            241.CM 96.  13   7
 6 3  9.26622E+00  2.79535E-02  2.79535E-02  3.00000E+00            241.CM 96.  14   3
 6 4  3.38430E+00  3.26390E-02  3.26390E-02  3.00000E+00            241.CM 96.  15   4
 1 4  1.68300E-02  4.11760E-02  4.11760E-02  0.00000E+00            241.CM 96.  16   4
 6 5  8.91336E-01  1.73490E-02  1.73490E-02  4.00000E+00            241.CM 96.  17   5
 6 6  1.55883E+00  1.81140E-02  1.81140E-02  4.00000E+00            241.CM 96.  18   6
 6 7  1.26662E+00  2.26490E-02  2.26490E-02  4.00000E+00            241.CM 96.  19   7
 6 3  1.00922E+00  3.64905E-02  3.64905E-02  4.00000E+00            241.CM 96.  20   3
 6 4  3.64962E-01  4.11760E-02  4.11760E-02  4.00000E+00            241.CM 96.  21   4
 1 6  3.86100E+00  1.32413E-01  1.32413E-01  0.00000E+00            241.CM 96.  22   6
 6 1  3.50099E+01  6.84300E-03  6.84300E-03  6.00000E+00            241.CM 96.  23   1
 6 5  6.27314E+00  1.08586E-01  1.08586E-01  6.00000E+00            241.CM 96.  24   5
 6 6  7.24561E-01  1.09351E-01  1.09351E-01  6.00000E+00            241.CM 96.  25   6
 6 7  4.21553E-02  1.13886E-01  1.13886E-01  6.00000E+00            241.CM 96.  26   7
 6 3  1.72051E+00  1.27727E-01  1.27727E-01  6.00000E+00            241.CM 96.  27   3
 6 4  6.31230E-01  1.32413E-01  1.32413E-01  6.00000E+00            241.CM 96.  28   4
 1 7  1.98000E-02  1.47670E-01  1.47670E-01  0.00000E+00            241.CM 96.  29   7
 6 1  3.64934E-03  2.21000E-02  2.21000E-02  7.00000E+00            241.CM 96.  30   1
 6 5  2.23827E-03  1.23843E-01  1.23843E-01  7.00000E+00            241.CM 96.  31   5
 6 6  2.60826E-02  1.24608E-01  1.24608E-01  7.00000E+00            241.CM 96.  32   6
 6 7  1.41028E-02  1.29143E-01  1.29143E-01  7.00000E+00            241.CM 96.  33   7
 6 3  1.19311E-02  1.42984E-01  1.42984E-01  7.00000E+00            241.CM 96.  34   3
 6 4  4.31522E-03  1.47670E-01  1.47670E-01  7.00000E+00            241.CM 96.  35   4
 1 8  1.98000E-02  1.51400E-01  1.51400E-01  0.00000E+00            241.CM 96.  36   8
 6 1  3.04258E-03  2.58300E-02  2.58300E-02  8.00000E+00            241.CM 96.  37   1
 6 5  3.84298E-04  1.27573E-01  1.27573E-01  8.00000E+00            241.CM 96.  38   5
 6 6  1.87457E-04  1.28338E-01  1.28338E-01  8.00000E+00            241.CM 96.  39   6
 6 7  1.38446E-04  1.32873E-01  1.32873E-01  8.00000E+00            241.CM 96.  40   7
 6 3  1.74702E-04  1.46714E-01  1.46714E-01  8.00000E+00            241.CM 96.  41   3
 6 4  6.25543E-05  1.51400E-01  1.51400E-01  8.00000E+00            241.CM 96.  42   4
 1 9  4.35600E-01  1.64800E-01  1.64800E-01  0.00000E+00            241.CM 96.  43   9
 6 1  5.54459E-02  3.92300E-02  3.92300E-02  9.00000E+00            241.CM 96.  44   1
 6 5  7.04720E-03  1.40973E-01  1.40973E-01  9.00000E+00            241.CM 96.  45   5
 6 6  3.24443E-03  1.41738E-01  1.41738E-01  9.00000E+00            241.CM 96.  46   6
 6 7  2.33204E-03  1.46273E-01  1.46273E-01  9.00000E+00            241.CM 96.  47   7
 6 3  3.10383E-03  1.60115E-01  1.60115E-01  9.00000E+00            241.CM 96.  48   3
 6 4  1.11198E-03  1.64800E-01  1.64800E-01  9.00000E+00            241.CM 96.  49   4
 110  2.97000E+00  1.65049E-01  1.65049E-01  0.00000E+00            241.CM 96.  50  10
 6 1  1.45957E+01  3.94790E-02  3.94790E-02  1.00000E+01            241.CM 96.  51   1
 6 5  2.62977E+00  1.41222E-01  1.41222E-01  1.00000E+01            241.CM 96.  52   5
 6 6  3.89875E-01  1.41987E-01  1.41987E-01  1.00000E+01            241.CM 96.  53   6
 6 7  6.04132E-02  1.46522E-01  1.46522E-01  1.00000E+01            241.CM 96.  54   7
 6 3  7.57692E-01  1.60363E-01  1.60363E-01  1.00000E+01            241.CM 96.  55   3
 6 4  2.77567E-01  1.65049E-01  1.65049E-01  1.00000E+01            241.CM 96.  56   4
 111  4.75200E-01  1.80277E-01  1.80277E-01  0.00000E+00            241.CM 96.  57  11
 6 1  2.22376E+00  5.47070E-02  5.47070E-02  1.10000E+01            241.CM 96.  58   1
 6 5  3.98555E-01  1.56450E-01  1.56450E-01  1.10000E+01            241.CM 96.  59   5
 6 6  4.50055E-02  1.57215E-01  1.57215E-01  1.10000E+01            241.CM 96.  60   6
 6 7  1.76089E-03  1.61750E-01  1.61750E-01  1.10000E+01            241.CM 96.  61   7
 6 3  1.08800E-01  1.75591E-01  1.75591E-01  1.10000E+01            241.CM 96.  62   3
 6 4  3.98853E-02  1.80277E-01  1.80277E-01  1.10000E+01            241.CM 96.  63   4
 112  2.67300E+00  2.05879E-01  2.05879E-01  0.00000E+00            241.CM 96.  64  12
 6 1  2.05742E-01  8.03090E-02  8.03090E-02  1.20000E+01            241.CM 96.  65   1
 6 5  2.68812E-02  1.82052E-01  1.82052E-01  1.20000E+01            241.CM 96.  66   5
 6 6  1.06482E-02  1.82817E-01  1.82817E-01  1.20000E+01            241.CM 96.  67   6
 6 7  7.12882E-03  1.87352E-01  1.87352E-01  1.20000E+01            241.CM 96.  68   7
 6 3  1.09691E-02  2.01193E-01  2.01193E-01  1.20000E+01            241.CM 96.  69   3
 6 4  3.93477E-03  2.05879E-01  2.05879E-01  1.20000E+01            241.CM 96.  70   4
 113  3.96000E-01  2.65922E-01  2.65922E-01  0.00000E+00            241.CM 96.  71  13
 6 1  1.92462E+00  1.40352E-01  1.40352E-01  1.30000E+01            241.CM 96.  72   1
 6 5  2.59008E-01  2.42095E-01  2.42095E-01  1.30000E+01            241.CM 96.  73   5
 6 6  8.59467E-02  2.42860E-01  2.42860E-01  1.30000E+01            241.CM 96.  74   6
 6 7  5.31706E-02  2.47395E-01  2.47395E-01  1.30000E+01            241.CM 96.  75   7
 6 3  9.74113E-02  2.61237E-01  2.61237E-01  1.30000E+01            241.CM 96.  76   3
 6 4  3.50396E-02  2.65922E-01  2.65922E-01  1.30000E+01            241.CM 96.  77   4
 114  7.92000E-02  2.98570E-01  2.98570E-01  0.00000E+00            241.CM 96.  78  14
 6 1  2.68182E-02  1.73000E-01  1.73000E-01  1.40000E+01            241.CM 96.  79   1
 6 5  3.65013E-03  2.74743E-01  2.74743E-01  1.40000E+01            241.CM 96.  80   5
 6 6  1.11663E-03  2.75508E-01  2.75508E-01  1.40000E+01            241.CM 96.  81   6
 6 7  6.66889E-04  2.80043E-01  2.80043E-01  1.40000E+01            241.CM 96.  82   7
 6 3  1.32628E-03  2.93885E-01  2.93885E-01  1.40000E+01            241.CM 96.  83   3
 6 4  4.77865E-04  2.98570E-01  2.98570E-01  1.40000E+01            241.CM 96.  84   4
 115  8.61300E-02  4.10800E-01  4.10800E-01  0.00000E+00            241.CM 96.  85  15
 6 1  3.94985E-03  2.85230E-01  2.85230E-01  1.50000E+01            241.CM 96.  86   1
 6 5  8.21970E-04  3.86973E-01  3.86973E-01  1.50000E+01            241.CM 96.  87   5
 6 6  1.63408E-03  3.87738E-01  3.87738E-01  1.50000E+01            241.CM 96.  88   6
 6 7  4.81334E-04  3.92273E-01  3.92273E-01  1.50000E+01            241.CM 96.  89   7
 6 3  7.95491E-04  4.06115E-01  4.06115E-01  1.50000E+01            241.CM 96.  90   3
 6 4  2.89338E-04  4.10800E-01  4.10800E-01  1.50000E+01            241.CM 96.  91   4
 116  6.53400E-01  4.17240E-01  4.17240E-01  0.00000E+00            241.CM 96.  92  16
 6 1  2.91574E-02  2.91670E-01  2.91670E-01  1.60000E+01            241.CM 96.  93   1
 6 5  6.03714E-03  3.93413E-01  3.93413E-01  1.60000E+01            241.CM 96.  94   5
 6 6  1.16742E-02  3.94178E-01  3.94178E-01  1.60000E+01            241.CM 96.  95   6
 6 7  3.40337E-03  3.98713E-01  3.98713E-01  1.60000E+01            241.CM 96.  96   7
 6 3  5.71168E-03  4.12555E-01  4.12555E-01  1.60000E+01            241.CM 96.  97   3
 6 4  2.07767E-03  4.17240E-01  4.17240E-01  1.60000E+01            241.CM 96.  98   4
 117  3.96000E-02  4.30000E-01  4.30000E-01  0.00000E+00            241.CM 96.  99  17
 6 1  6.42087E-04  3.04430E-01  3.04430E-01  1.70000E+01            241.CM 96. 100   1
 6 5  9.00018E-05  4.06173E-01  4.06173E-01  1.70000E+01            241.CM 96. 101   5
 6 6  2.13304E-05  4.06938E-01  4.06938E-01  1.70000E+01            241.CM 96. 102   6
 6 7  1.13699E-05  4.11473E-01  4.11473E-01  1.70000E+01            241.CM 96. 103   7
 6 3  2.97837E-05  4.25315E-01  4.25315E-01  1.70000E+01            241.CM 96. 104   3
 6 4  1.07988E-05  4.30000E-01  4.30000E-01  1.70000E+01            241.CM 96. 105   4
 118  4.05900E+00  4.30634E-01  4.30634E-01  0.00000E+00            241.CM 96. 106  18
 6 1  1.71356E-01  3.05064E-01  3.05064E-01  1.80000E+01            241.CM 96. 107   1
 6 5  3.51294E-02  4.06807E-01  4.06807E-01  1.80000E+01            241.CM 96. 108   5
 6 6  6.42241E-02  4.07572E-01  4.07572E-01  1.80000E+01            241.CM 96. 109   6
 6 7  1.83334E-02  4.12107E-01  4.12107E-01  1.80000E+01            241.CM 96. 110   7
 6 3  3.17601E-02  4.25949E-01  4.25949E-01  1.80000E+01            241.CM 96. 111   3
 6 4  1.15553E-02  4.30634E-01  4.30634E-01  1.80000E+01            241.CM 96. 112   4
 119  1.18800E-01  4.47350E-01  4.47350E-01  0.00000E+00            241.CM 96. 113  19
 6 1  4.04583E-02  3.21780E-01  3.21780E-01  1.90000E+01            241.CM 96. 114   1
 6 5  7.12057E-03  4.23523E-01  4.23523E-01  1.90000E+01            241.CM 96. 115   5
 6 6  9.70861E-04  4.24288E-01  4.24288E-01  1.90000E+01            241.CM 96. 116   6
 6 7  7.94368E-05  4.28823E-01  4.28823E-01  1.90000E+01            241.CM 96. 117   7
 6 3  2.00368E-03  4.42665E-01  4.42665E-01  1.90000E+01            241.CM 96. 118   3
 6 4  7.32876E-04  4.47350E-01  4.47350E-01  1.90000E+01            241.CM 96. 119   4
 120  1.22760E+00  4.63273E-01  4.63273E-01  0.00000E+00            241.CM 96. 120  20
 6 1  2.43356E-01  3.37703E-01  3.37703E-01  2.00000E+01            241.CM 96. 121   1
 6 5  4.27212E-02  4.39446E-01  4.39446E-01  2.00000E+01            241.CM 96. 122   5
 6 6  4.76730E-03  4.40211E-01  4.40211E-01  2.00000E+01            241.CM 96. 123   6
 6 7  1.67140E-04  4.44746E-01  4.44746E-01  2.00000E+01            241.CM 96. 124   7
 6 3  1.16336E-02  4.58588E-01  4.58588E-01  2.00000E+01            241.CM 96. 125   3
 6 4  4.25508E-03  4.63273E-01  4.63273E-01  2.00000E+01            241.CM 96. 126   4
 121  8.51400E-02  4.64360E-01  4.64360E-01  0.00000E+00            241.CM 96. 127  21
 6 1  1.11690E-02  3.38790E-01  3.38790E-01  2.10000E+01            241.CM 96. 128   1
 6 5  2.01513E-03  4.40533E-01  4.40533E-01  2.10000E+01            241.CM 96. 129   5
 6 6  8.75554E-04  4.41298E-01  4.41298E-01  2.10000E+01            241.CM 96. 130   6
 6 7  1.96054E-04  4.45833E-01  4.45833E-01  2.10000E+01            241.CM 96. 131   7
 6 3  7.85605E-04  4.59675E-01  4.59675E-01  2.10000E+01            241.CM 96. 132   3
 6 4  2.86715E-04  4.64360E-01  4.64360E-01  2.10000E+01            241.CM 96. 133   4
 122  7.12800E+01  4.71805E-01  4.71805E-01  0.00000E+00            241.CM 96. 134  22
 6 1  1.28316E+01  3.46235E-01  3.46235E-01  2.20000E+01            241.CM 96. 135   1
 6 5  2.25191E+00  4.47978E-01  4.47978E-01  2.20000E+01            241.CM 96. 136   5
 6 6  2.50961E-01  4.48743E-01  4.48743E-01  2.20000E+01            241.CM 96. 137   6
 6 7  8.78824E-03  4.53278E-01  4.53278E-01  2.20000E+01            241.CM 96. 138   7
 6 3  6.13025E-01  4.67120E-01  4.67120E-01  2.20000E+01            241.CM 96. 139   3
 6 4  2.24228E-01  4.71805E-01  4.71805E-01  2.20000E+01            241.CM 96. 140   4
 123  5.94000E-01  5.04450E-01  5.04450E-01  0.00000E+00            241.CM 96. 141  23
 6 1  6.31448E-02  3.78880E-01  3.78880E-01  2.30000E+01            241.CM 96. 142   1
 6 5  1.10702E-02  4.80623E-01  4.80623E-01  2.30000E+01            241.CM 96. 143   5
 6 6  1.22721E-03  4.81388E-01  4.81388E-01  2.30000E+01            241.CM 96. 144   6
 6 7  4.28281E-05  4.85923E-01  4.85923E-01  2.30000E+01            241.CM 96. 145   7
 6 3  3.00991E-03  4.99765E-01  4.99765E-01  2.30000E+01            241.CM 96. 146   3
 6 4  1.10105E-03  5.04450E-01  5.04450E-01  2.30000E+01            241.CM 96. 147   4
 124  1.48500E-02  5.95800E-01  5.95800E-01  0.00000E+00            241.CM 96. 148  24
 6 1  3.56427E-04  4.70230E-01  4.70230E-01  2.40000E+01            241.CM 96. 149   1
 6 5  6.69604E-05  5.71973E-01  5.71973E-01  2.40000E+01            241.CM 96. 150   5
 6 6  6.96296E-05  5.72738E-01  5.72738E-01  2.40000E+01            241.CM 96. 151   6
 6 7  1.59856E-05  5.77273E-01  5.77273E-01  2.40000E+01            241.CM 96. 152   7
 6 3  4.01546E-05  5.91115E-01  5.91115E-01  2.40000E+01            241.CM 96. 153   3
 6 4  1.46309E-05  5.95800E-01  5.95800E-01  2.40000E+01            241.CM 96. 154   4
 125  1.18800E-02  6.23100E-01  6.23100E-01  0.00000E+00            241.CM 96. 155  25
 6 1  4.10547E-03  4.97530E-01  4.97530E-01  2.50000E+01            241.CM 96. 156   1
 6 5  8.75453E-04  5.99273E-01  5.99273E-01  2.50000E+01            241.CM 96. 157   5
 6 6  1.36276E-04  6.00038E-01  6.00038E-01  2.50000E+01            241.CM 96. 158   6
 6 7  2.48969E-05  6.04573E-01  6.04573E-01  2.50000E+01            241.CM 96. 159   7
 6 3  2.62905E-04  6.18414E-01  6.18414E-01  2.50000E+01            241.CM 96. 160   3
 6 4  9.70963E-05  6.23100E-01  6.23100E-01  2.50000E+01            241.CM 96. 161   4
 126  1.53450E+00  6.36880E-01  6.36880E-01  0.00000E+00            241.CM 96. 162  26
 6 1  1.77760E-01  5.11310E-01  5.11310E-01  2.60000E+01            241.CM 96. 163   1
 6 5  3.11838E-02  6.13053E-01  6.13053E-01  2.60000E+01            241.CM 96. 164   5
 6 6  4.60120E-03  6.13818E-01  6.13818E-01  2.60000E+01            241.CM 96. 165   6
 6 7  4.16403E-04  6.18353E-01  6.18353E-01  2.60000E+01            241.CM 96. 166   7
 6 3  8.86545E-03  6.32195E-01  6.32195E-01  2.60000E+01            241.CM 96. 167   3
 6 4  3.24577E-03  6.36880E-01  6.36880E-01  2.60000E+01            241.CM 96. 168   4
 127  3.96000E-02  6.52100E-01  6.52100E-01  0.00000E+00            241.CM 96. 169  27
 6 1  8.13099E-04  5.26530E-01  5.26530E-01  2.70000E+01            241.CM 96. 170   1
 6 5  1.49818E-04  6.28273E-01  6.28273E-01  2.70000E+01            241.CM 96. 171   5
 6 6  1.33884E-04  6.29038E-01  6.29038E-01  2.70000E+01            241.CM 96. 172   6
 6 7  2.89730E-05  6.33573E-01  6.33573E-01  2.70000E+01            241.CM 96. 173   7
 6 3  8.17079E-05  6.47415E-01  6.47415E-01  2.70000E+01            241.CM 96. 174   3
 6 4  2.97766E-05  6.52100E-01  6.52100E-01  2.70000E+01            241.CM 96. 175   4
 128  1.48500E-01  6.53200E-01  6.53200E-01  0.00000E+00            241.CM 96. 176  28
 6 1  1.09378E-03  5.27630E-01  5.27630E-01  2.80000E+01            241.CM 96. 177   1
 6 5  1.56985E-04  6.29373E-01  6.29373E-01  2.80000E+01            241.CM 96. 178   5
 6 6  2.75684E-05  6.30138E-01  6.30138E-01  2.80000E+01            241.CM 96. 179   6
 6 7  1.30168E-05  6.34673E-01  6.34673E-01  2.80000E+01            241.CM 96. 180   7
 6 3  4.76477E-05  6.48515E-01  6.48515E-01  2.80000E+01            241.CM 96. 181   3
 6 4  1.73114E-05  6.53200E-01  6.53200E-01  2.80000E+01            241.CM 96. 182   4
 129  5.74200E-01  6.70200E-01  6.70200E-01  0.00000E+00            241.CM 96. 183  29
 6 1  4.03743E-03  5.44630E-01  5.44630E-01  2.90000E+01            241.CM 96. 184   1
 6 5  5.80174E-04  6.46373E-01  6.46373E-01  2.90000E+01            241.CM 96. 185   5
 6 6  1.00002E-04  6.47138E-01  6.47138E-01  2.90000E+01            241.CM 96. 186   6
 6 7  4.69023E-05  6.51673E-01  6.51673E-01  2.90000E+01            241.CM 96. 187   7
 6 3  1.75284E-04  6.65515E-01  6.65515E-01  2.90000E+01            241.CM 96. 188   3
 6 4  6.36799E-05  6.70200E-01  6.70200E-01  2.90000E+01            241.CM 96. 189   4
 2 1  2.33744E+01  1.02508E-01  1.02508E-01  0.00000E+00            241.CM 96. 190   1
 2 2  3.67935E+01  1.07043E-01  1.07043E-01  0.00000E+00            241.CM 96. 191   2
 2 3  4.27784E+00  1.19828E-01  1.19828E-01  0.00000E+00            241.CM 96. 192   3
 2 4  8.40448E+00  1.20885E-01  1.20885E-01  0.00000E+00            241.CM 96. 193   4
 2 5  1.60340E-01  1.21467E-01  1.21467E-01  0.00000E+00            241.CM 96. 194   5
 2 6  1.79284E-01  1.21678E-01  1.21678E-01  0.00000E+00            241.CM 96. 195   6
 2 7  1.08129E+00  1.24142E-01  1.24142E-01  0.00000E+00            241.CM 96. 196   7
 2 8  2.21318E+00  1.24423E-01  1.24423E-01  0.00000E+00            241.CM 96. 197   8
 2 9  4.83814E-02  1.24692E-01  1.24692E-01  0.00000E+00            241.CM 96. 198   9
 210  5.43607E-02  1.24743E-01  1.24743E-01  0.00000E+00            241.CM 96. 199  10
 211  2.69870E-01  1.25275E-01  1.25275E-01  0.00000E+00            241.CM 96. 200  11
 212  5.45241E-01  1.25345E-01  1.25345E-01  0.00000E+00            241.CM 96. 201  12
 213  1.03966E-02  1.25445E-01  1.25445E-01  0.00000E+00            241.CM 96. 202  13
 214  1.15671E-02  1.25455E-01  1.25455E-01  0.00000E+00            241.CM 96. 203  14
 215  4.68161E-02  1.25535E-01  1.25535E-01  0.00000E+00            241.CM 96. 204  15
 216  8.61105E-02  1.25546E-01  1.25546E-01  0.00000E+00            241.CM 96. 205  16
 221  1.21102E-03  7.64999E-04  7.64999E-04  0.00000E+00            241.CM 96. 206  21
 222  1.06961E+00  5.30000E-03  5.30000E-03  0.00000E+00            241.CM 96. 207  22
 223  5.77485E+00  1.80853E-02  1.80853E-02  0.00000E+00            241.CM 96. 208  23
 224  4.60949E+00  1.91415E-02  1.91415E-02  0.00000E+00            241.CM 96. 209  24
 225  2.86065E-01  1.97234E-02  1.97234E-02  0.00000E+00            241.CM 96. 210  25
 226  4.25308E-01  1.99345E-02  1.99345E-02  0.00000E+00            241.CM 96. 211  26
 227  1.57805E+00  2.23988E-02  2.23988E-02  0.00000E+00            241.CM 96. 212  27
 228  1.46895E+00  2.26800E-02  2.26800E-02  0.00000E+00            241.CM 96. 213  28
 229  5.01388E-02  2.29491E-02  2.29491E-02  0.00000E+00            241.CM 96. 214  29
 230  8.06453E-02  2.30004E-02  2.30004E-02  0.00000E+00            241.CM 96. 215  30
 231  3.96357E-01  2.35320E-02  2.35320E-02  0.00000E+00            241.CM 96. 216  31
 232  3.74848E-01  2.36017E-02  2.36017E-02  0.00000E+00            241.CM 96. 217  32
 233  9.47417E-03  2.37017E-02  2.37017E-02  0.00000E+00            241.CM 96. 218  33
 234  1.53879E-02  2.37121E-02  2.37121E-02  0.00000E+00            241.CM 96. 219  34
 235  6.90815E-02  2.37919E-02  2.37919E-02  0.00000E+00            241.CM 96. 220  35
 236  5.98527E-02  2.38030E-02  2.38030E-02  0.00000E+00            241.CM 96. 221  36
 241  2.39985E-03  4.53501E-03  4.53501E-03  0.00000E+00            241.CM 96. 222  41
 242  4.94074E-01  1.69599E-02  1.69599E-02  0.00000E+00            241.CM 96. 223  42
 243  2.69731E-02  1.83765E-02  1.83765E-02  0.00000E+00            241.CM 96. 224  43
 244  1.73067E+01  1.89584E-02  1.89584E-02  0.00000E+00            241.CM 96. 225  44
 245  1.35793E-01  2.14668E-02  2.14668E-02  0.00000E+00            241.CM 96. 226  45
 246  8.34259E-03  2.19150E-02  2.19150E-02  0.00000E+00            241.CM 96. 227  46
 247  4.02923E+00  2.21841E-02  2.21841E-02  0.00000E+00            241.CM 96. 228  47
 248  2.73620E-02  2.25909E-02  2.25909E-02  0.00000E+00            241.CM 96. 229  48
 249  3.59584E-02  2.26996E-02  2.26996E-02  0.00000E+00            241.CM 96. 230  49
 250  2.11566E-03  2.28367E-02  2.28367E-02  0.00000E+00            241.CM 96. 231  50
 251  8.18734E-01  2.29367E-02  2.29367E-02  0.00000E+00            241.CM 96. 232  51
 252  1.54641E-03  2.30537E-02  2.30537E-02  0.00000E+00            241.CM 96. 233  52
 253  7.25088E-03  2.30069E-02  2.30069E-02  0.00000E+00            241.CM 96. 234  53
 254  3.32419E-04  2.30381E-02  2.30381E-02  0.00000E+00            241.CM 96. 235  54
 255  6.70956E-04  2.30565E-02  2.30565E-02  0.00000E+00            241.CM 96. 236  55
 261  2.64230E+00  1.24249E-02  1.24249E-02  0.00000E+00            241.CM 96. 237  61
 262  3.43817E-02  1.27854E-02  1.27854E-02  0.00000E+00            241.CM 96. 238  62
 263  3.14447E-02  1.38415E-02  1.38415E-02  0.00000E+00            241.CM 96. 239  63
 264  4.14181E+00  1.44234E-02  1.44234E-02  0.00000E+00            241.CM 96. 240  64
 265  3.63616E+01  1.46345E-02  1.46345E-02  0.00000E+00            241.CM 96. 241  65
 266  6.78456E-01  1.69318E-02  1.69318E-02  0.00000E+00            241.CM 96. 242  66
 267  7.54512E-03  1.70988E-02  1.70988E-02  0.00000E+00            241.CM 96. 243  67
 268  8.67283E-03  1.73800E-02  1.73800E-02  0.00000E+00            241.CM 96. 244  68
 269  8.47205E-01  1.76491E-02  1.76491E-02  0.00000E+00            241.CM 96. 245  69
 270  7.79011E+00  1.77003E-02  1.77003E-02  0.00000E+00            241.CM 96. 246  70
 271  1.22210E-02  1.80559E-02  1.80559E-02  0.00000E+00            241.CM 96. 247  71
 272  6.71256E-02  1.80698E-02  1.80698E-02  0.00000E+00            241.CM 96. 248  72
 273  1.77343E-01  1.81645E-02  1.81645E-02  0.00000E+00            241.CM 96. 249  73
 274  1.80178E-03  1.82319E-02  1.82319E-02  0.00000E+00            241.CM 96. 250  74
 275  2.14453E-03  1.83017E-02  1.83017E-02  0.00000E+00            241.CM 96. 251  75
 276  1.67601E-01  1.84017E-02  1.84017E-02  0.00000E+00            241.CM 96. 252  76
 277  1.54079E+00  1.84121E-02  1.84121E-02  0.00000E+00            241.CM 96. 253  77
 278  6.87860E-04  1.85187E-02  1.85187E-02  0.00000E+00            241.CM 96. 254  78
 279  3.68081E-03  1.85200E-02  1.85200E-02  0.00000E+00            241.CM 96. 255  79
 280  3.65157E-02  1.84719E-02  1.84719E-02  0.00000E+00            241.CM 96. 256  80
 281  3.16551E-04  1.84918E-02  1.84918E-02  0.00000E+00            241.CM 96. 257  81
 282  3.41624E-04  1.85031E-02  1.85031E-02  0.00000E+00            241.CM 96. 258  82
 283  3.33491E-03  1.85215E-02  1.85215E-02  0.00000E+00            241.CM 96. 259  83
 291  1.95921E+01  3.55458E-03  3.55458E-03  0.00000E+00            241.CM 96. 260  91
 292  5.18652E-01  5.67740E-04  5.67740E-04  0.00000E+00            241.CM 96. 261  92
 293  2.76536E-02  1.60426E-04  1.60426E-04  0.00000E+00            241.CM 96. 262  93
 294  3.02360E+03  7.21263E-05  7.21263E-05  0.00000E+00            241.CM 96. 263  94
 7 1  1.51028E+00  8.09925E-02  8.09925E-02  0.00000E+00            241.CM 96. 264   1
 7 2  8.74692E-01  9.88091E-02  9.88091E-02  0.00000E+00            241.CM 96. 265   2
 7 3  1.23474E-01  1.16647E-01  1.16647E-01  0.00000E+00            241.CM 96. 266   3
 7 4  7.15322E+01  1.93659E-03  1.93659E-03  0.00000E+00            241.CM 96. 267   4
 7 5  5.29188E+01  1.09675E-02  1.09675E-02  0.00000E+00            241.CM 96. 268   5
 7 6  2.77008E+01  1.46326E-02  1.46326E-02  0.00000E+00            241.CM 96. 269   6
 7 7  3.40646E+00  1.83482E-02  1.83482E-02  0.00000E+00            241.CM 96. 270   7
 7 8  1.54512E+02  6.34823E-04  6.34823E-04  0.00000E+00            241.CM 96. 271   8
 7 9  2.46381E+02  2.62073E-03  2.62073E-03  0.00000E+00            241.CM 96. 272   9
 710  5.28275E+01  3.19117E-03  3.19117E-03  0.00000E+00            241.CM 96. 273  10
 711  3.24623E+00  3.88164E-03  3.88164E-03  0.00000E+00            241.CM 96. 274  11
 712  4.64559E+02  1.92644E-04  1.92644E-04  0.00000E+00            241.CM 96. 275  12
 713  7.90809E+02  2.63461E-04  2.63461E-04  0.00000E+00            241.CM 96. 276  13
 714  8.55012E+02  9.52033E-05  9.52033E-05  0.00000E+00            241.CM 96. 277  14
 715  5.07310E+00  1.84063E-04  1.84063E-04  0.00000E+00            241.CM 96. 278  15
 8 1  2.20044E-03  5.68480E+00  9.60084E-02  0.00000E+00            241.CM 96. 279   1
 8 2  8.00160E-04  5.71803E+00  9.65696E-02  0.00000E+00            241.CM 96. 280   2
 8 3  7.00140E-04  5.78333E+00  9.76724E-02  0.00000E+00            241.CM 96. 281   3
 8 4  1.40028E-03  5.86175E+00  9.89969E-02  0.00000E+00            241.CM 96. 282   4
 8 5  1.18024E-01  5.88444E+00  9.93800E-02  0.00000E+00            241.CM 96. 283   5
 8 6  1.20024E-03  5.91019E+00  9.98148E-02  0.00000E+00            241.CM 96. 284   6
 8 7  1.81036E-01  5.92941E+00  1.00139E-01  0.00000E+00            241.CM 96. 285   7
 8 8  6.89138E-01  5.93915E+00  1.00304E-01  0.00000E+00            241.CM 96. 286   8
 8 9  2.80056E-03  5.97804E+00  1.00961E-01  0.00000E+00            241.CM 96. 287   9
 810  1.20024E-03  6.03536E+00  1.01929E-01  0.00000E+00            241.CM 96. 288  10
 811  1.50030E-03  6.08228E+00  1.02721E-01  0.00000E+00            241.CM 96. 289  11
%%%% 241 CM  96    EC A         2.83392E+06 32.8 D     02-11-2005       SEEIEND 
 


   ***************************************************** 
   *                 Radiation Summary                 * 
   ***************************************************** 
 
  Energy released by
    Gamma-ray                       (MeV) =   4.00187E-01
    X-ray                           (MeV) =   1.01015E-01
    Free-bound X-ray                (MeV) =   2.18081E-03
    Annihilation photon             (MeV) =   0.00000E+00
    Beta+ particle                  (MeV) =   0.00000E+00
    Neutrino                        (MeV) =   1.31233E-01
    Beta- particle                  (MeV) =   0.00000E+00
    Neutrino-                       (MeV) =   0.00000E+00
    Internal conv. electron         (MeV) =   1.07053E-01
    Auger and CK electron           (MeV) =   2.71505E-02
    Alpha particle                  (MeV) =   5.93038E-02
    Recoil nucleus                  (MeV) =   1.00156E-03
  E-total (except unplaced radiat.) (MeV) =   8.29125E-01
  E-unplaced radiation              (MeV) =   0.00000E+00
  Q-value from ENSDF data           (MeV) =   8.21675E-01
  Ratio of E-total/Q-value          ( % ) =   1.00907E+02
  Ratio of E-unplaced radi./Q-value ( % ) =   0.00000E+00

 
  Total yield of
    Gamma-ray                             =   9.17057E-01
    X-ray                                 =   1.91420E+00
    Free-bound X-ray                      =   3.02360E+01
    Annihilation photon                   =   0.00000E+00
    Beta+ particle                        =   0.00000E+00
    Beta- particle                        =   0.00000E+00
    Internal conv. electron               =   1.66810E+00
    Auger and CK electron                 =   2.73049E+01
    Alpha particle                        =   1.00000E-02
  Yield of unplaced radiation             =   0.00000E+00


