%%%% 251 CM  96    B-           1.00800E+03 16.8 M     02-11-2005       BALASTAR
1 251   CM  96 16.8 M          B-         
1INTENSITY AND ENERGY BALANCE DATA

              251-CURIUM-96
+                                    HALFLIFE = 16.8 MINUTES 
+                                                                  02-11-2005


    LEVEL       INTENSITY   INTENSITY
    ENERGY      ENTERING    LEAVING     PERCENT
    (MEV)       LEVEL       LEVEL       ERROR

   0.0000E+00  1.0036E+02
   3.2500E-02  4.7160E+00  4.6870E+00  6.1679E-01                      
   3.5700E-02  1.9856E+00  1.9620E+00  1.1935E+00                      
   2.6910E-01  1.9992E+00  1.9856E+00  6.8477E-01                      
   3.1170E-01  5.3978E-01  5.4505E-01  9.7140E-01                      
   4.2220E-01  3.4986E+00  3.5457E+00  1.3372E+00                      
   4.3820E-01  1.9992E+00  1.9979E+00  6.5004E-02                      
   5.4260E-01  1.4241E+01  1.4612E+01  2.5691E+00                      
   5.6250E-01  3.5768E+00  3.5550E+00  6.0953E-01                      
   9.7840E-01  1.6993E+00  1.7294E+00  1.7535E+00                      


 INTENSITY TO GROUND AND ISOMERIC STATE(S) OF DAUGHTER(S)=  1.004E+02
 TOTAL INTENSITY FROM PARENT=  1.000E+02
 PERCENT ERROR =  3.625E-01                      


 TOTAL INTENSITY FROM PARENT =  1.000E+02
 VALUE IS WITHIN   7.63E-06% OF 100                      


 TOTAL ENERGY AVAILABLE =  1.420E+00 MEV
 TOTAL ENERGY CONTENT OF ALL RADIATIONS =  1.422E+00 MEV
 PERCENT ERROR =  1.653E-01                      
%%%% 251 CM  96    B-           1.00800E+03 16.8 M     02-11-2005       BALAEND 
%%%% 251 CM  96    B-           1.00800E+03 16.8 M     02-11-2005       INPUSTAR
1                                      **INPUT DATA**
              251-CURIUM-96
+                                    HALFLIFE = 16.8 MINUTES 
+                                                                  02-11-2005

            MODE OF DECAY: BETA MINUS
 
                                MEAN
                                NUMBER/    TRANSITION
                TYPE OF    ID   TRANSFOR-  ENERGY
              TRANSITION   NO.  MATION     (MEV)       OTHER NUCLEAR PARAMETERS

               BETA MINUS   1   1.70E-02   4.416E-01*  FIRST FORBIDDEN                          
               BETA MINUS   2   3.30E-02   8.575E-01*  ALLOWED                                  
+                                                              ASSUMED                          
               BETA MINUS   3   1.40E-01   8.774E-01*  ALLOWED                                  
+                                                              ASSUMED                          
               BETA MINUS   4   2.00E-02   9.818E-01*  ALLOWED                                  
+                                                              ASSUMED                          
               BETA MINUS   5   3.50E-02   9.978E-01*  FIRST FORBIDDEN                          
               BETA MINUS   6   5.40E-03   1.108E+00*  FIRST FORBIDDEN                          
               BETA MINUS   7   2.00E-02   1.151E+00*  ALLOWED                                  
+                                                              ASSUMED                          
               BETA MINUS   8   7.30E-01   1.420E+00*  FIRST FORBIDDEN                          
           I.C.E. + GAMMA   1   4.69E-02   3.250E-02   M1 MULTIPOLE                             
+                                                                    AK= 0.0                    
                                                       AL1=152.      AL2=16.7                   
                                                       AL3=0.716     AM= 41.7                   
                                                       AN+=15.5                                 
           I.C.E. + GAMMA   2   1.96E-02   3.550E-02   M2 MULTIPOLE                             
+                                                                    AK= 0.0                    
                                                       AL1=6.06E+03  AL2=289.                   
                                                       AL3=3.10E+03  AM= 2.84E+03               
                                                       AN+=1.09E+03                             
           I.C.E. + GAMMA   3   1.99E-02   2.336E-01   M1 MULTIPOLE                             
+                                                                    AK= 2.70                   
                                                       AL1=0.493     AL2=0.0576                 
                                                       AL3=0.00191   AM= 0.136                  
                                                       AN+=0.0505                               
           I.C.E. + GAMMA   4   5.45E-03   3.117E-01   E1 MULTIPOLE                             
+                                                                    AK= 0.0327                 
                                                       AL1=0.00452   AL2=0.00145                
                                                       AM= 0.00166                              
           I.C.E. + GAMMA   5   2.34E-02   3.897E-01   M1 MULTIPOLE                             
+                                                                    AK= 0.659                  
                                                       AL1=0.119     AL2=0.0138                 
                                                       AM= 0.0326    AN+=0.0121                 
           I.C.E. + GAMMA   6   2.78E-03   4.159E-01   M1 MULTIPOLE                             
+                                                                    AK= 0.552                  
                                                       AL1=0.0994    AL2=0.0115                 
                                                       AM= 0.0272    AN+=0.0102                 
           I.C.E. + GAMMA   7   1.20E-02   4.223E-01   M1 MULTIPOLE                             
+                                                                    AK= 0.530                  
                                                       AL1=0.0953    AL2=0.0110                 
                                                       AM= 0.0261    AN+=0.00974                
           I.C.E. + GAMMA   8   2.47E-03   4.358E-01   M1 MULTIPOLE                             
+                                                                    AK= 0.486                  
                                                       AL1=0.0874    AL2=0.0101                 
                                                       AM= 0.0239    AN+=0.00893                
           I.C.E. + GAMMA   9   2.00E-02   4.382E-01   M1 MULTIPOLE                             
+                                                                    AK= 0.479                  
                                                       AL1=0.0861    AL2=0.0100                 
                                                       AM= 0.0236    AN+=0.00879                
           I.C.E. + GAMMA  10   2.21E-02   5.300E-01   M1 MULTIPOLE                             
+                                                                    AK= 0.287                  
                                                       AL1=0.0512    AL2=0.00585                
                                                       AM= 0.0140    AN+=0.00522                
           I.C.E. + GAMMA  11   1.46E-01   5.427E-01   M1 MULTIPOLE                             
+                                                                    AK= 0.269                  
                                                       AL1=0.0480    AL2=0.00548                
                                                       AM= 0.0131    AN+=0.00489                
           I.C.E. + GAMMA  12   1.34E-02   5.625E-01   M1 MULTIPOLE                             
+                                                                    AK= 0.244                  
                                                       AL1=0.0436    AL2=0.00495                
                                                       AM= 0.0119    AN+=0.00443                
           I.C.E. + GAMMA  13   1.60E-03   9.459E-01   M1 MULTIPOLE                             
+                                                                    AK= 0.0364                 
                                                       AL1=0.00645   AM= 0.00175                
           I.C.E. + GAMMA  14   1.04E-02   9.782E-01   M1 MULTIPOLE                             
+                                                                    AK= 0.0333                 
                                                       AL1=0.00589   AM= 0.00159                
 
           * ENDPOINT ENERGY (MEV)
           - - - - - - - - - -
           Reference: Evaluated Nuclear Structure Data File (ENSDF)
                DATE DATA WERE ENTERED INTO ENSDF: Nov-1999
%%%% 251 CM  96    B-           1.00800E+03 16.8 M     02-11-2005       INPUEND 
%%%% 251 CM  96    B-           1.00800E+03 16.8 M     02-11-2005       OUTPSTAR
1                                      **OUTPUT DATA**
              251-CURIUM-96
+                                    HALFLIFE = 16.8 MINUTES 
+                                                                  02-11-2005

            MODE OF DECAY: BETA MINUS
 
                                              MEAN
                                              NUMBER/                  MEV/
                                         ID   TRANSFOR-   ENERGY       TRANSFOR-
                  TYPE OF RADIATION      NO.  MATION      (MEV)        MATION

           BETA MINUS                     1   1.70E-02    1.266E-01*   2.15E-03
           BETA MINUS                     2   3.30E-02    2.666E-01*   8.79E-03
           BETA MINUS                     3   1.40E-01    2.736E-01*   3.83E-02
           BETA MINUS                     4   2.00E-02    3.110E-01*   6.22E-03
           BETA MINUS                     5   3.50E-02    3.167E-01*   1.11E-02
           BETA MINUS                     6   5.40E-03    3.570E-01*   1.93E-03
           BETA MINUS                     7   2.00E-02    3.728E-01*   7.45E-03
           BETA MINUS                     8   7.30E-01    4.738E-01*   3.46E-01
           GAMMA-RAY                      3   4.47E-03    2.336E-01    1.04E-03
           K CONV. ELECTRON, GAMMA-RAY    3   1.21E-02    1.014E-01    1.22E-03
           L1 CONV. ELECTRON, GAMMA-RAY   3   2.20E-03    2.083E-01    4.59E-04
           GAMMA-RAY                      4   5.23E-03    3.117E-01    1.63E-03
           GAMMA-RAY                      5   1.28E-02    3.897E-01    4.97E-03
           K CONV. ELECTRON, GAMMA-RAY    5   8.41E-03    2.575E-01    2.16E-03
           L1 CONV. ELECTRON, GAMMA-RAY   5   1.52E-03    3.644E-01    5.52E-04
           GAMMA-RAY                      6   1.63E-03    4.159E-01    6.80E-04
           GAMMA-RAY                      7   7.19E-03    4.223E-01    3.04E-03
           K CONV. ELECTRON, GAMMA-RAY    7   3.81E-03    2.901E-01    1.11E-03
           GAMMA-RAY                      8   1.53E-03    4.358E-01    6.65E-04
           GAMMA-RAY                      9   1.24E-02    4.382E-01    5.45E-03
           K CONV. ELECTRON, GAMMA-RAY    9   5.95E-03    3.060E-01    1.82E-03
           GAMMA-RAY                     10   1.62E-02    5.300E-01    8.61E-03
           K CONV. ELECTRON, GAMMA-RAY   10   4.65E-03    3.978E-01    1.85E-03
           GAMMA-RAY                     11   1.09E-01    5.427E-01    5.92E-02
           K CONV. ELECTRON, GAMMA-RAY   11   2.93E-02    4.105E-01    1.20E-02
           L1 CONV. ELECTRON, GAMMA-RAY  11   5.24E-03    5.174E-01    2.71E-03
           M CONV. ELECTRON, GAMMA-RAY   11   1.43E-03    5.377E-01*   7.70E-04
           GAMMA-RAY                     12   1.02E-02    5.625E-01    5.76E-03
           K CONV. ELECTRON, GAMMA-RAY   12   2.50E-03    4.303E-01    1.08E-03
           GAMMA-RAY                     13   1.53E-03    9.459E-01    1.44E-03
           GAMMA-RAY                     14   1.00E-02    9.782E-01    9.81E-03
           K -L2 X-RAY                        2.03E-02    1.077E-01    2.18E-03
           K -L3 X-RAY                        3.15E-02    1.127E-01    3.56E-03
           K -M2 X-RAY                        3.68E-03    1.261E-01    4.64E-04
           K -M3 X-RAY                        7.26E-03    1.272E-01    9.24E-04
           K -N2 X-RAY                        9.37E-04    1.307E-01    1.22E-04
           K -N3 X-RAY                        1.94E-03    1.310E-01    2.53E-04
           L2-M4 X-RAY                        1.12E-02    2.014E-02    2.26E-04
           L3-M5 X-RAY                        2.57E-02    1.533E-02    3.93E-04
           Free-Bound X-RAY                   1.71E+00    7.846E-05*   1.34E-04
 
           ALL LISTED X-RAYS, GAMMA-RAYS AND ANNIHILATION RADIATION    1.11E-01
           ALL NEGLECTED X-RAYS, GAMMA-RAYS AND ANNIH. RADIATION**     7.34E-04
           ALL LISTED BETAS, INTERNAL CONVERSION AND AUGER ELECTRONS   4.47E-01
           ALL NEGLECTED BETAS, INT. CONVERSION AND AUGER ELECTRONS**  7.09E-03
           ALL LISTED RADIATIONS                                       5.58E-01
           ALL NEGLECTED RADIATIONS**                                  7.82E-03
 
           *  AVERAGE ENERGY (MEV)
           ** EACH NEGLECTED TRANSITION CONTRIBUTES LESS THAN  0.100%
              TO THE TOTAL MEV/TRANSFORMATION FOR THIS CATEGORY.
           TOTAL FEEDING OF GROUND STATE LEVEL IN 251-BERKELIUM
             DAUGHTER IS 1.0000E+00 PER TRANSFORMATION OF 251-CURIUM.
             DECAY OF THIS 55.6 MINUTES HALFLIFE LEVEL WILL CONTRIBUTE TO DOSE.
           - - - - - - - - - -
           INPUT DATA SOURCE: EVALUATED NUCLEAR STRUCTURE DATA FILE (ENSDF)
             DATE INPUT DATA WERE ENTERED INTO ENSDF: Nov-1999
%%%% 251 CM  96    B-           1.00800E+03 16.8 M     02-11-2005       OUTPEND 
%%%% 251 CM  96    B-           1.00800E+03 16.8 M     02-11-2005       BETASTAR
1
              251-CURIUM-96
+                                    HALFLIFE = 16.8 MINUTES 
+                                                                  02-11-2005

            BETA SPECTRUM DATA FOR ALL DECAY BRANCHES

                      BETAS PER                BETAS PER                BETAS PER
            ENERGY    MEV            ENERGY    MEV            ENERGY    MEV
            (MEV)     PER DECAY      (MEV)     PER DECAY      (MEV)     PER DECAY

            0.00000   1.334E+00      0.00260   1.335E+00      0.07500   1.372E+00
            0.00010   1.334E+00      0.00280   1.335E+00      0.08000   1.374E+00
            0.00011   1.334E+00      0.00300   1.335E+00      0.08500   1.375E+00
            0.00012   1.334E+00      0.00320   1.335E+00      0.09000   1.377E+00
            0.00013   1.334E+00      0.00360   1.335E+00      0.10000   1.379E+00
            0.00014   1.334E+00      0.00400   1.335E+00      0.11000   1.381E+00
            0.00015   1.334E+00      0.00450   1.335E+00      0.12000   1.382E+00
            0.00016   1.334E+00      0.00500   1.335E+00      0.13000   1.383E+00
            0.00018   1.334E+00      0.00550   1.335E+00      0.14000   1.382E+00
            0.00020   1.334E+00      0.00600   1.335E+00      0.15000   1.381E+00
            0.00022   1.334E+00      0.00650   1.335E+00      0.16000   1.379E+00
            0.00024   1.334E+00      0.00700   1.335E+00      0.18000   1.374E+00
            0.00026   1.334E+00      0.00750   1.335E+00      0.20000   1.366E+00
            0.00028   1.334E+00      0.00800   1.335E+00      0.22000   1.356E+00
            0.00030   1.334E+00      0.00850   1.335E+00      0.24000   1.343E+00
            0.00032   1.334E+00      0.00900   1.335E+00      0.26000   1.328E+00
            0.00036   1.334E+00      0.01000   1.335E+00      0.28000   1.311E+00
            0.00040   1.334E+00      0.01100   1.335E+00      0.30000   1.293E+00
            0.00045   1.334E+00      0.01200   1.335E+00      0.32000   1.272E+00
            0.00050   1.334E+00      0.01300   1.335E+00      0.36000   1.227E+00
            0.00055   1.334E+00      0.01400   1.335E+00      0.40000   1.177E+00
            0.00060   1.334E+00      0.01500   1.335E+00      0.45000   1.110E+00
            0.00065   1.334E+00      0.01600   1.336E+00      0.50000   1.036E+00
            0.00070   1.334E+00      0.01800   1.336E+00      0.55000   9.557E-01
            0.00075   1.334E+00      0.02000   1.336E+00      0.60000   8.714E-01
            0.00080   1.334E+00      0.02200   1.339E+00      0.65000   7.850E-01
            0.00085   1.334E+00      0.02400   1.340E+00      0.70000   6.986E-01
            0.00090   1.334E+00      0.02600   1.342E+00      0.75000   6.146E-01
            0.00100   1.334E+00      0.02800   1.343E+00      0.80000   5.351E-01
            0.00110   1.334E+00      0.03000   1.345E+00      0.85000   4.627E-01
            0.00120   1.334E+00      0.03200   1.347E+00      0.90000   3.984E-01
            0.00130   1.334E+00      0.03600   1.349E+00      1.00000   2.799E-01
            0.00140   1.334E+00      0.04000   1.352E+00      1.10000   1.754E-01
            0.00150   1.334E+00      0.04500   1.356E+00      1.20000   8.949E-02
            0.00160   1.334E+00      0.05000   1.359E+00      1.30000   2.865E-02
            0.00180   1.335E+00      0.05500   1.362E+00      1.40000   8.524E-04
            0.00200   1.335E+00      0.06000   1.365E+00      1.42000   0.000E+00
            0.00220   1.335E+00      0.06500   1.367E+00
            0.00240   1.335E+00      0.07000   1.369E+00

            AVERAGE BETA ENERGY =   4.216E-01

            TOTAL BETAS PER DECAY FOR ALL BRANCHES =   1.000E+00
%%%% 251 CM  96    B-           1.00800E+03 16.8 M     02-11-2005       BETAEND 
%%%% 251 CM  96    B-           1.00800E+03 16.8 M     02-11-2005       SEEISTAR
251.  CURIUM       96.  1.680E+01 MINUTES  193 B-                   251.CM 96.   0
 5 1  1.69932E+00  1.26562E-01  4.41600E-01  0.00000E+00            251.CM 96.   1   1
 5 2  3.29868E+00  2.66564E-01  8.57500E-01  0.00000E+00            251.CM 96.   2   2
 5 3  1.39944E+01  2.73606E-01  8.77400E-01  0.00000E+00            251.CM 96.   3   3
 5 4  1.99920E+00  3.10959E-01  9.81800E-01  0.00000E+00            251.CM 96.   4   4
 5 5  3.49860E+00  3.16741E-01  9.97800E-01  0.00000E+00            251.CM 96.   5   5
 5 6  5.39784E-01  3.57049E-01  1.10830E+00  0.00000E+00            251.CM 96.   6   6
 5 7  1.99920E+00  3.72754E-01  1.15090E+00  0.00000E+00            251.CM 96.   7   7
 5 8  7.29708E+01  4.73751E-01  1.42000E+00  0.00000E+00            251.CM 96.   8   8
 1 1  2.06332E-02  3.25000E-02  3.25000E-02  0.00000E+00            251.CM 96.   9   1
 6 5  3.12794E+00  7.20600E-03  7.20600E-03  1.00000E+00            251.CM 96.  10   5
 6 6  3.44012E-01  7.99700E-03  7.99700E-03  1.00000E+00            251.CM 96.  11   6
 6 7  1.47647E-02  1.30380E-02  1.30380E-02  1.00000E+00            251.CM 96.  12   7
 6 3  8.59950E-01  2.75314E-02  2.75314E-02  1.00000E+00            251.CM 96.  13   3
 6 4  3.19695E-01  3.25000E-02  3.25000E-02  1.00000E+00            251.CM 96.  14   4
 1 2  1.46688E-04  3.55000E-02  3.55000E-02  0.00000E+00            251.CM 96.  15   2
 6 5  8.88683E-01  1.02060E-02  1.02060E-02  2.00000E+00            251.CM 96.  16   5
 6 6  4.23569E-02  1.09970E-02  1.09970E-02  2.00000E+00            251.CM 96.  17   6
 6 7  4.54112E-01  1.60380E-02  1.60380E-02  2.00000E+00            251.CM 96.  18   7
 6 3  4.16412E-01  3.05314E-02  3.05314E-02  2.00000E+00            251.CM 96.  19   3
 6 4  1.60290E-01  3.55000E-02  3.55000E-02  2.00000E+00            251.CM 96.  20   4
 1 3  4.46900E-01  2.33600E-01  2.33600E-01  0.00000E+00            251.CM 96.  21   3
 6 1  1.20817E+00  1.01390E-01  1.01390E-01  3.00000E+00            251.CM 96.  22   1
 6 5  2.20496E-01  2.08306E-01  2.08306E-01  3.00000E+00            251.CM 96.  23   5
 6 6  2.57282E-02  2.09097E-01  2.09097E-01  3.00000E+00            251.CM 96.  24   6
 6 7  8.53883E-04  2.14138E-01  2.14138E-01  3.00000E+00            251.CM 96.  25   7
 6 3  6.08192E-02  2.28631E-01  2.28631E-01  3.00000E+00            251.CM 96.  26   3
 6 4  2.25863E-02  2.33600E-01  2.33600E-01  3.00000E+00            251.CM 96.  27   4
 1 4  5.23200E-01  3.11700E-01  3.11700E-01  0.00000E+00            251.CM 96.  28   4
 6 1  1.71224E-02  1.79490E-01  1.79490E-01  4.00000E+00            251.CM 96.  29   1
 6 5  2.36420E-03  2.86406E-01  2.86406E-01  4.00000E+00            251.CM 96.  30   5
 6 6  7.57646E-04  2.87197E-01  2.87197E-01  4.00000E+00            251.CM 96.  31   6
 6 7  4.23593E-04  2.92238E-01  2.92238E-01  4.00000E+00            251.CM 96.  32   7
 6 3  8.67163E-04  3.06731E-01  3.06731E-01  4.00000E+00            251.CM 96.  33   3
 6 4  3.18119E-04  3.11700E-01  3.11700E-01  4.00000E+00            251.CM 96.  34   4
 1 5  1.27530E+00  3.89700E-01  3.89700E-01  0.00000E+00            251.CM 96.  35   5
 6 1  8.40610E-01  2.57490E-01  2.57490E-01  5.00000E+00            251.CM 96.  36   1
 6 5  1.51614E-01  3.64406E-01  3.64406E-01  5.00000E+00            251.CM 96.  37   5
 6 6  1.75983E-02  3.65197E-01  3.65197E-01  5.00000E+00            251.CM 96.  38   6
 6 7  5.47755E-04  3.70238E-01  3.70238E-01  5.00000E+00            251.CM 96.  39   7
 6 3  4.15633E-02  3.84731E-01  3.84731E-01  5.00000E+00            251.CM 96.  40   3
 6 4  1.54942E-02  3.89700E-01  3.89700E-01  5.00000E+00            251.CM 96.  41   4
 1 6  1.63500E-01  4.15900E-01  4.15900E-01  0.00000E+00            251.CM 96.  42   6
 6 1  9.02872E-02  2.83690E-01  2.83690E-01  6.00000E+00            251.CM 96.  43   1
 6 5  1.62519E-02  3.90606E-01  3.90606E-01  6.00000E+00            251.CM 96.  44   5
 6 6  1.88194E-03  3.91397E-01  3.91397E-01  6.00000E+00            251.CM 96.  45   6
 6 7  5.82425E-05  3.96438E-01  3.96438E-01  6.00000E+00            251.CM 96.  46   7
 6 3  4.45263E-03  4.10931E-01  4.10931E-01  6.00000E+00            251.CM 96.  47   3
 6 4  1.66007E-03  4.15900E-01  4.15900E-01  6.00000E+00            251.CM 96.  48   4
 1 7  7.19400E-01  4.22300E-01  4.22300E-01  0.00000E+00            251.CM 96.  49   7
 6 1  3.81034E-01  2.90090E-01  2.90090E-01  7.00000E+00            251.CM 96.  50   1
 6 5  6.85709E-02  3.97006E-01  3.97006E-01  7.00000E+00            251.CM 96.  51   5
 6 6  7.93539E-03  3.97797E-01  3.97797E-01  7.00000E+00            251.CM 96.  52   6
 6 7  2.45284E-04  4.02838E-01  4.02838E-01  7.00000E+00            251.CM 96.  53   7
 6 3  1.87842E-02  4.17331E-01  4.17331E-01  7.00000E+00            251.CM 96.  54   3
 6 4  7.00342E-03  4.22300E-01  4.22300E-01  7.00000E+00            251.CM 96.  55   4
 1 8  1.52600E-01  4.35800E-01  4.35800E-01  0.00000E+00            251.CM 96.  56   8
 6 1  7.42053E-02  3.03590E-01  3.03590E-01  8.00000E+00            251.CM 96.  57   1
 6 5  1.33420E-02  4.10506E-01  4.10506E-01  8.00000E+00            251.CM 96.  58   5
 6 6  1.54186E-03  4.11297E-01  4.11297E-01  8.00000E+00            251.CM 96.  59   6
 6 7  4.75455E-05  4.16338E-01  4.16338E-01  8.00000E+00            251.CM 96.  60   7
 6 3  3.65386E-03  4.30831E-01  4.30831E-01  8.00000E+00            251.CM 96.  61   3
 6 4  1.36230E-03  4.35800E-01  4.35800E-01  8.00000E+00            251.CM 96.  62   4
 1 9  1.24260E+00  4.38200E-01  4.38200E-01  0.00000E+00            251.CM 96.  63   9
 6 1  5.95304E-01  3.05990E-01  3.05990E-01  9.00000E+00            251.CM 96.  64   1
 6 5  1.07018E-01  4.12906E-01  4.12906E-01  9.00000E+00            251.CM 96.  65   5
 6 6  1.23643E-02  4.13697E-01  4.13697E-01  9.00000E+00            251.CM 96.  66   6
 6 7  3.81121E-04  4.18738E-01  4.18738E-01  9.00000E+00            251.CM 96.  67   7
 6 3  2.93067E-02  4.33231E-01  4.33231E-01  9.00000E+00            251.CM 96.  68   3
 6 4  1.09267E-02  4.38200E-01  4.38200E-01  9.00000E+00            251.CM 96.  69   4
 110  1.62410E+00  5.30000E-01  5.30000E-01  0.00000E+00            251.CM 96.  70  10
 6 1  4.65313E-01  3.97790E-01  3.97790E-01  1.00000E+01            251.CM 96.  71   1
 6 5  8.32199E-02  5.04706E-01  5.04706E-01  1.00000E+01            251.CM 96.  72   5
 6 6  9.50415E-03  5.05497E-01  5.05497E-01  1.00000E+01            251.CM 96.  73   6
 6 7  2.89935E-04  5.10538E-01  5.10538E-01  1.00000E+01            251.CM 96.  74   7
 6 3  2.27507E-02  5.25031E-01  5.25031E-01  1.00000E+01            251.CM 96.  75   3
 6 4  8.47415E-03  5.30000E-01  5.30000E-01  1.00000E+01            251.CM 96.  76   4
 111  1.09000E+01  5.42700E-01  5.42700E-01  0.00000E+00            251.CM 96.  77  11
 6 1  2.93012E+00  4.10490E-01  4.10490E-01  1.10000E+01            251.CM 96.  78   1
 6 5  5.23706E-01  5.17406E-01  5.17406E-01  1.10000E+01            251.CM 96.  79   5
 6 6  5.97009E-02  5.18197E-01  5.18197E-01  1.10000E+01            251.CM 96.  80   6
 6 7  1.82003E-03  5.23238E-01  5.23238E-01  1.10000E+01            251.CM 96.  81   7
 6 3  1.43139E-01  5.37731E-01  5.37731E-01  1.10000E+01            251.CM 96.  82   3
 6 4  5.33065E-02  5.42700E-01  5.42700E-01  1.10000E+01            251.CM 96.  83   4
 112  1.02460E+00  5.62500E-01  5.62500E-01  0.00000E+00            251.CM 96.  84  12
 6 1  2.50143E-01  4.30290E-01  4.30290E-01  1.20000E+01            251.CM 96.  85   1
 6 5  4.46644E-02  5.37206E-01  5.37206E-01  1.20000E+01            251.CM 96.  86   5
 6 6  5.07668E-03  5.37997E-01  5.37997E-01  1.20000E+01            251.CM 96.  87   6
 6 7  1.54662E-04  5.43038E-01  5.43038E-01  1.20000E+01            251.CM 96.  88   7
 6 3  1.22033E-02  5.57531E-01  5.57531E-01  1.20000E+01            251.CM 96.  89   3
 6 4  4.54338E-03  5.62500E-01  5.62500E-01  1.20000E+01            251.CM 96.  90   4
 113  1.52600E-01  9.45900E-01  9.45900E-01  0.00000E+00            251.CM 96.  91  13
 6 1  5.56164E-03  8.13690E-01  8.13690E-01  1.30000E+01            251.CM 96.  92   1
 6 5  9.84432E-04  9.20606E-01  9.20606E-01  1.30000E+01            251.CM 96.  93   5
 6 6  1.04306E-04  9.21397E-01  9.21397E-01  1.30000E+01            251.CM 96.  94   6
 6 7  3.33804E-06  9.26438E-01  9.26438E-01  1.30000E+01            251.CM 96.  95   7
 6 3  2.66643E-04  9.40931E-01  9.40931E-01  1.30000E+01            251.CM 96.  96   3
 6 4  9.92405E-05  9.45900E-01  9.45900E-01  1.30000E+01            251.CM 96.  97   4
 114  1.00280E+00  9.78200E-01  9.78200E-01  0.00000E+00            251.CM 96.  98  14
 6 1  3.33753E-02  8.45990E-01  8.45990E-01  1.40000E+01            251.CM 96.  99   1
 6 5  5.90651E-03  9.52906E-01  9.52906E-01  1.40000E+01            251.CM 96. 100   5
 6 6  6.21896E-04  9.53697E-01  9.53697E-01  1.40000E+01            251.CM 96. 101   6
 6 7  2.00626E-05  9.58738E-01  9.58738E-01  1.40000E+01            251.CM 96. 102   7
 6 3  1.59866E-03  9.73231E-01  9.73231E-01  1.40000E+01            251.CM 96. 103   3
 6 4  5.95139E-04  9.78200E-01  9.78200E-01  1.40000E+01            251.CM 96. 104   4
 2 1  2.02671E+00  1.07707E-01  1.07707E-01  0.00000E+00            251.CM 96. 105   1
 2 2  3.15404E+00  1.12748E-01  1.12748E-01  0.00000E+00            251.CM 96. 106   2
 2 3  3.68460E-01  1.26061E-01  1.26061E-01  0.00000E+00            251.CM 96. 107   3
 2 4  7.26475E-01  1.27242E-01  1.27242E-01  0.00000E+00            251.CM 96. 108   4
 2 5  1.44330E-02  1.27843E-01  1.27843E-01  0.00000E+00            251.CM 96. 109   5
 2 6  1.59222E-02  1.28076E-01  1.28076E-01  0.00000E+00            251.CM 96. 110   6
 2 7  9.37210E-02  1.30656E-01  1.30656E-01  0.00000E+00            251.CM 96. 111   7
 2 8  1.93540E-01  1.30973E-01  1.30973E-01  0.00000E+00            251.CM 96. 112   8
 2 9  4.42355E-03  1.31254E-01  1.31254E-01  0.00000E+00            251.CM 96. 113   9
 210  4.90944E-03  1.31311E-01  1.31311E-01  0.00000E+00            251.CM 96. 114  10
 211  2.37120E-02  1.31881E-01  1.31881E-01  0.00000E+00            251.CM 96. 115  11
 212  4.84832E-02  1.31961E-01  1.31961E-01  0.00000E+00            251.CM 96. 116  12
 213  9.85373E-04  1.32068E-01  1.32068E-01  0.00000E+00            251.CM 96. 117  13
 214  1.08295E-03  1.32080E-01  1.32080E-01  0.00000E+00            251.CM 96. 118  14
 215  4.04081E-03  1.32169E-01  1.32169E-01  0.00000E+00            251.CM 96. 119  15
 216  7.29508E-03  1.32182E-01  1.32182E-01  0.00000E+00            251.CM 96. 120  16
 221  7.25325E-05  7.90998E-04  7.90998E-04  0.00000E+00            251.CM 96. 121  21
 222  7.81115E-02  5.83200E-03  5.83200E-03  0.00000E+00            251.CM 96. 122  22
 223  3.77633E-01  1.91452E-02  1.91452E-02  0.00000E+00            251.CM 96. 123  23
 224  2.83060E-01  2.03253E-02  2.03253E-02  0.00000E+00            251.CM 96. 124  24
 225  1.95638E-02  2.09271E-02  2.09271E-02  0.00000E+00            251.CM 96. 125  25
 226  2.90384E-02  2.11596E-02  2.11596E-02  0.00000E+00            251.CM 96. 126  26
 227  1.03895E-01  2.37400E-02  2.37400E-02  0.00000E+00            251.CM 96. 127  27
 228  9.20671E-02  2.40574E-02  2.40574E-02  0.00000E+00            251.CM 96. 128  28
 229  3.49825E-03  2.43379E-02  2.43379E-02  0.00000E+00            251.CM 96. 129  29
 230  5.63139E-03  2.43951E-02  2.43951E-02  0.00000E+00            251.CM 96. 130  30
 231  2.66685E-02  2.49647E-02  2.49647E-02  0.00000E+00            251.CM 96. 131  31
 232  2.40842E-02  2.50453E-02  2.50453E-02  0.00000E+00            251.CM 96. 132  32
 233  6.83469E-04  2.51516E-02  2.51516E-02  0.00000E+00            251.CM 96. 133  33
 234  1.11288E-03  2.51636E-02  2.51636E-02  0.00000E+00            251.CM 96. 134  34
 235  4.55507E-03  2.52530E-02  2.52530E-02  0.00000E+00            251.CM 96. 135  35
 236  3.63824E-03  2.52665E-02  2.52665E-02  0.00000E+00            251.CM 96. 136  36
 241  1.92150E-04  5.04099E-03  5.04099E-03  0.00000E+00            251.CM 96. 137  41
 242  3.23958E-02  1.79797E-02  1.79797E-02  0.00000E+00            251.CM 96. 138  42
 243  1.83556E-03  1.95344E-02  1.95344E-02  0.00000E+00            251.CM 96. 139  43
 244  1.12272E+00  2.01361E-02  2.01361E-02  0.00000E+00            251.CM 96. 140  44
 245  8.97249E-03  2.27742E-02  2.27742E-02  0.00000E+00            251.CM 96. 141  45
 246  5.76292E-04  2.32664E-02  2.32664E-02  0.00000E+00            251.CM 96. 142  46
 247  2.66026E-01  2.35469E-02  2.35469E-02  0.00000E+00            251.CM 96. 143  47
 248  1.90566E-03  2.39750E-02  2.39750E-02  0.00000E+00            251.CM 96. 144  48
 249  2.42340E-03  2.41021E-02  2.41021E-02  0.00000E+00            251.CM 96. 145  49
 250  1.49726E-04  2.42544E-02  2.42544E-02  0.00000E+00            251.CM 96. 146  50
 251  5.59785E-02  2.43606E-02  2.43606E-02  0.00000E+00            251.CM 96. 147  51
 252  1.55342E-04  2.44884E-02  2.44884E-02  0.00000E+00            251.CM 96. 148  52
 253  5.02069E-04  2.44401E-02  2.44401E-02  0.00000E+00            251.CM 96. 149  53
 254  2.27137E-05  2.44755E-02  2.44755E-02  0.00000E+00            251.CM 96. 150  54
 255  4.17574E-05  2.44967E-02  2.44967E-02  0.00000E+00            251.CM 96. 151  55
 261  1.92988E-01  1.29387E-02  1.29387E-02  0.00000E+00            251.CM 96. 152  61
 262  2.53489E-03  1.33132E-02  1.33132E-02  0.00000E+00            251.CM 96. 153  62
 263  2.32912E-03  1.44934E-02  1.44934E-02  0.00000E+00            251.CM 96. 154  63
 264  2.92471E-01  1.50951E-02  1.50951E-02  0.00000E+00            251.CM 96. 155  64
 265  2.56706E+00  1.53277E-02  1.53277E-02  0.00000E+00            251.CM 96. 156  65
 266  4.97003E-02  1.77332E-02  1.77332E-02  0.00000E+00            251.CM 96. 157  66
 267  5.50306E-04  1.79080E-02  1.79080E-02  0.00000E+00            251.CM 96. 158  67
 268  6.48844E-04  1.82254E-02  1.82254E-02  0.00000E+00            251.CM 96. 159  68
 269  6.04450E-02  1.85059E-02  1.85059E-02  0.00000E+00            251.CM 96. 160  69
 270  5.57327E-01  1.85632E-02  1.85632E-02  0.00000E+00            251.CM 96. 161  70
 271  9.39921E-04  1.89340E-02  1.89340E-02  0.00000E+00            251.CM 96. 162  71
 272  5.14835E-03  1.89497E-02  1.89497E-02  0.00000E+00            251.CM 96. 163  72
 273  1.32254E-02  1.90611E-02  1.90611E-02  0.00000E+00            251.CM 96. 164  73
 274  1.33716E-04  1.91327E-02  1.91327E-02  0.00000E+00            251.CM 96. 165  74
 275  1.63974E-04  1.92134E-02  1.92134E-02  0.00000E+00            251.CM 96. 166  75
 276  1.23493E-02  1.93196E-02  1.93196E-02  0.00000E+00            251.CM 96. 167  76
 277  1.13958E-01  1.93317E-02  1.93317E-02  0.00000E+00            251.CM 96. 168  77
 278  7.52023E-05  1.94475E-02  1.94475E-02  0.00000E+00            251.CM 96. 169  78
 279  3.99956E-04  1.94492E-02  1.94492E-02  0.00000E+00            251.CM 96. 170  79
 280  2.67331E-03  1.93992E-02  1.93992E-02  0.00000E+00            251.CM 96. 171  80
 281  2.27012E-05  1.94210E-02  1.94210E-02  0.00000E+00            251.CM 96. 172  81
 282  2.46900E-05  1.94345E-02  1.94345E-02  0.00000E+00            251.CM 96. 173  82
 283  2.27406E-04  1.94558E-02  1.94558E-02  0.00000E+00            251.CM 96. 174  83
 291  1.23257E+00  3.75036E-03  3.75036E-03  0.00000E+00            251.CM 96. 175  91
 292  3.27797E-02  6.02168E-04  6.02168E-04  0.00000E+00            251.CM 96. 176  92
 293  1.96216E-03  1.77103E-04  1.77103E-04  0.00000E+00            251.CM 96. 177  93
 294  1.71366E+02  7.84606E-05  7.84606E-05  0.00000E+00            251.CM 96. 178  94
 7 1  1.21956E-01  8.48417E-02  8.48417E-02  0.00000E+00            251.CM 96. 179   1
 7 2  7.09778E-02  1.03744E-01  1.03744E-01  0.00000E+00            251.CM 96. 180   2
 7 3  1.00809E-02  1.22670E-01  1.22670E-01  0.00000E+00            251.CM 96. 181   3
 7 4  4.18774E+00  2.21949E-03  2.21949E-03  0.00000E+00            251.CM 96. 182   4
 7 5  3.38249E+00  1.13585E-02  1.13585E-02  0.00000E+00            251.CM 96. 183   5
 7 6  1.80167E+00  1.52419E-02  1.52419E-02  0.00000E+00            251.CM 96. 184   6
 7 7  2.24926E-01  1.91757E-02  1.91757E-02  0.00000E+00            251.CM 96. 185   7
 7 8  8.19525E+00  6.25965E-04  6.25965E-04  0.00000E+00            251.CM 96. 186   8
 7 9  1.44074E+01  2.72188E-03  2.72188E-03  0.00000E+00            251.CM 96. 187   9
 710  3.33316E+00  3.35091E-03  3.35091E-03  0.00000E+00            251.CM 96. 188  10
 711  2.11862E-01  4.08068E-03  4.08068E-03  0.00000E+00            251.CM 96. 189  11
 712  2.72108E+01  1.90650E-04  1.90650E-04  0.00000E+00            251.CM 96. 190  12
 713  4.53803E+01  3.03434E-04  3.03434E-04  0.00000E+00            251.CM 96. 191  13
 714  4.71872E+01  1.03825E-04  1.03825E-04  0.00000E+00            251.CM 96. 192  14
 715  2.41112E-01  1.99841E-04  1.99841E-04  0.00000E+00            251.CM 96. 193  15
%%%% 251 CM  96    B-           1.00800E+03 16.8 M     02-11-2005       SEEIEND 
 


   ***************************************************** 
   *                 Radiation Summary                 * 
   ***************************************************** 
 
  Energy released by
    Gamma-ray                       (MeV) =   1.02258E-01
    X-ray                           (MeV) =   8.85091E-03
    Free-bound X-ray                (MeV) =   1.34455E-04
    Annihilation photon             (MeV) =   0.00000E+00
    Beta+ particle                  (MeV) =   0.00000E+00
    Neutrino                        (MeV) =   0.00000E+00
    Beta- particle                  (MeV) =   4.21611E-01
    Neutrino-                       (MeV) =   8.56680E-01
    Internal conv. electron         (MeV) =   3.10606E-02
    Auger and CK electron           (MeV) =   1.78719E-03
    Alpha particle                  (MeV) =   0.00000E+00
    Recoil nucleus                  (MeV) =   0.00000E+00
  E-total (except unplaced radiat.) (MeV) =   1.42238E+00
  E-unplaced radiation              (MeV) =   0.00000E+00
  Q-value from ENSDF data           (MeV) =   1.42000E+00
  Ratio of E-total/Q-value          ( % ) =   1.00168E+02
  Ratio of E-unplaced radi./Q-value ( % ) =   0.00000E+00

 
  Total yield of
    Gamma-ray                             =   1.92484E-01
    X-ray                                 =   1.43781E-01
    Free-bound X-ray                      =   1.71366E+00
    Annihilation photon                   =   0.00000E+00
    Beta+ particle                        =   0.00000E+00
    Beta- particle                        =   1.00000E+00
    Internal conv. electron               =   1.53710E-01
    Auger and CK electron                 =   1.55967E+00
    Alpha particle                        =   0.00000E+00
  Yield of unplaced radiation             =   0.00000E+00


