%%%% 250 CM  96    A  B- SF     2.61928E+11 8300 Y     02-11-2005       BALASTAR
1 250   CM  96 8300 Y          A  B- SF   
1INTENSITY AND ENERGY BALANCE DATA

              250-CURIUM-96
+                                    HALFLIFE = 8300 YEARS   
+                                                                  02-11-2005


    LEVEL       INTENSITY   INTENSITY
    ENERGY      ENTERING    LEAVING     PERCENT
    (MEV)       LEVEL       LEVEL       ERROR

   0.0000E+00  1.8000E+01
   4.6000E-02  4.5000E+00  4.5000E+00  0.0000E+00                      
   0.0000E+00  8.0000E+00


 SPONTANEOUS FISSION PERCENT INTENSITY =  7.400E+01



 INTENSITY TO GROUND AND ISOMERIC STATE(S) OF DAUGHTER(S)=  1.000E+02
 TOTAL INTENSITY FROM PARENT=  1.000E+02
 PERCENT ERROR =  0.000E+00                      


 TOTAL INTENSITY FROM PARENT =  1.000E+02
 VALUE IS WITHIN   0.00E+00% OF 100                      


 TOTAL ENERGY AVAILABLE =  9.335E-01 MEV
 TOTAL ENERGY CONTENT OF ALL RADIATIONS =  9.335E-01 MEV
 PERCENT ERROR =  6.385E-06                      
%%%% 250 CM  96    A  B- SF     2.61928E+11 8300 Y     02-11-2005       BALAEND 
%%%% 250 CM  96    A  B- SF     2.61928E+11 8300 Y     02-11-2005       INPUSTAR
1                                      **INPUT DATA**
              250-CURIUM-96
+                                    HALFLIFE = 8300 YEARS   
+                                                                  02-11-2005

            MODES OF DECAY: ALPHA, BETA MINUS, SPONT. FISSION
 
                                MEAN
                                NUMBER/    TRANSITION
                TYPE OF    ID   TRANSFOR-  ENERGY
              TRANSITION   NO.  MATION     (MEV)       OTHER NUCLEAR PARAMETERS

                    ALPHA   1   4.50E-02   5.123E+00                                            
                    ALPHA   2   1.35E-01   5.169E+00                                            
           I.C.E. + GAMMA   1   4.50E-02   4.600E-02   E2 MULTIPOLE                             
+                                                                    AK= 0.0                    
                                                       AL1=9.19      AL2=252.                   
                                                       AL3=214.      AM= 133.                   
                                                       AN+=47.4                                 
               BETA MINUS   1   8.00E-02   3.800E-02*  UNIQUE FIRST FORBIDDEN                   
           SPONT. FISSION       7.40E-01               NEUTRONS/FISSION = 3.31                  
 
           * ENDPOINT ENERGY (MEV)
           - - - - - - - - - -
           Reference: Evaluated Nuclear Structure Data File (ENSDF)
                DATE DATA WERE ENTERED INTO ENSDF: Dec-2003
%%%% 250 CM  96    A  B- SF     2.61928E+11 8300 Y     02-11-2005       INPUEND 
%%%% 250 CM  96    A  B- SF     2.61928E+11 8300 Y     02-11-2005       OUTPSTAR
1                                      **OUTPUT DATA**
              250-CURIUM-96
+                                    HALFLIFE = 8300 YEARS   
+                                                                  02-11-2005

            MODES OF DECAY: ALPHA, BETA MINUS, SPONT. FISSION
 
                                              MEAN
                                              NUMBER/                  MEV/
                                         ID   TRANSFOR-   ENERGY       TRANSFOR-
                  TYPE OF RADIATION      NO.  MATION      (MEV)        MATION

           ALPHA                          1   4.50E-02    5.041E+00    2.27E-01
           RECOIL ATOM                        4.50E-02    8.202E-02    3.69E-03
           ALPHA                          2   1.35E-01    5.086E+00    6.87E-01
           RECOIL ATOM                        1.35E-01    8.276E-02    1.12E-02
           GAMMA-RAY                      1   6.86E-05    4.600E-02    3.15E-06
           L1 CONV. ELECTRON, GAMMA-RAY   1   6.30E-04    2.288E-02    1.44E-05
           L2 CONV. ELECTRON, GAMMA-RAY   1   1.73E-02    2.363E-02    4.08E-04
           L3 CONV. ELECTRON, GAMMA-RAY   1   1.47E-02    2.793E-02    4.10E-04
           M CONV. ELECTRON, GAMMA-RAY    1   9.11E-03    4.145E-02*   3.77E-04
           N+ CONV. ELECTRON, GAMMA-RAY   1   3.25E-03    4.600E-02*   1.49E-04
           L1-M2 X-RAY                        3.76E-05    1.757E-02    6.61E-07
           L1-M3 X-RAY                        3.09E-05    1.857E-02    5.74E-07
           L2-M1 X-RAY                        1.84E-04    1.647E-02    3.03E-06
           L2-M4 X-RAY                        6.47E-03    1.839E-02    1.19E-04
           L2-N1 X-RAY                        5.03E-05    2.084E-02    1.05E-06
           L2-N4 X-RAY                        1.49E-03    2.153E-02    3.22E-05
           L2-O4 X-RAY                        2.99E-04    2.225E-02    6.64E-06
           L3-M1 X-RAY                        4.29E-04    1.217E-02    5.22E-06
           L3-M4 X-RAY                        6.82E-04    1.409E-02    9.61E-06
           L3-M5 X-RAY                        5.99E-03    1.429E-02    8.56E-05
           L3-N1 X-RAY                        1.10E-04    1.654E-02    1.81E-06
           L3-N4 X-RAY                        1.39E-04    1.723E-02    2.39E-06
           L3-N5 X-RAY                        1.27E-03    1.728E-02    2.20E-05
           L3-O1 X-RAY                        2.84E-05    1.772E-02    5.03E-07
           L3-O4 X-RAY                        2.70E-05    1.795E-02    4.85E-07
           L3-O5 X-RAY                        2.48E-04    1.796E-02    4.46E-06
           M X-RAY                            2.94E-03    3.457E-03    1.01E-05
           Free-Bound X-RAY                   4.46E-01    7.205E-05    3.21E-05
           CK LLX                             4.16E-03    1.477E-03*   6.15E-06
           AUGER LMM                          9.46E-03    1.078E-02*   1.02E-04
           AUGER LMX                          4.91E-03    1.433E-02*   7.04E-05
           AUGER LXY                          6.00E-04    1.792E-02*   1.07E-05
           CK MMX                             1.81E-02    5.740E-04*   1.04E-05
           AUGER MNN                          3.83E-02    2.565E-03*   9.82E-05
           AUGER MNX                          7.86E-03    3.099E-03*   2.43E-05
           CK NNX                             6.96E-02    1.917E-04*   1.33E-05
           AUGER NXY                          1.17E-01    2.370E-04*   2.77E-05
           CK OOX                             1.22E-01    8.912E-05*   1.09E-05
           BETA MINUS                     1   8.00E-02    9.660E-03*   7.73E-04
           SPONTANEOUS FISSION NEUTRON        2.45E+00    1.835E+00*   4.49E+00
           SPONTANEOUS FISSION FRAGMENT       1.48E+00    9.062E+01*   1.34E+02
           SPONT. FISSION PROMPT GAMMA        5.90E+00    8.605E-01*   5.07E+00
           SPONT. FISSION DELAYED GAMMA       8.60E+00    9.578E-01*   8.24E+00
           SPONTANEOUS FISSION BETA           5.50E+00    1.531E+00*   8.42E+00
 
           ALL LISTED X-RAYS, GAMMA-RAYS AND ANNIHILATION RADIATION    3.41E-04
           ALL NEGLECTED X-RAYS, GAMMA-RAYS AND ANNIH. RADIATION**     2.14E-06
           ALL LISTED BETAS, INTERNAL CONVERSION AND AUGER ELECTRONS   2.51E-03
           ALL NEGLECTED BETAS, INT. CONVERSION AND AUGER ELECTRONS**  1.91E-06
           ALL LISTED ALPHA PARTICLES AND  RECOIL NUCLEI               9.28E-01
           ALL LISTED RADIATIONS                                       1.53E+02
           ALL NEGLECTED RADIATIONS**                                  4.05E-06
 
           *  AVERAGE ENERGY (MEV)
           ** EACH NEGLECTED TRANSITION CONTRIBUTES LESS THAN  0.100%
              TO THE TOTAL MEV/TRANSFORMATION FOR THIS CATEGORY.
           TOTAL FEEDING OF GROUND STATE LEVEL IN 246-PLUTONIUM
             DAUGHTER IS 1.8000E-01 PER TRANSFORMATION OF 250-CURIUM.
             DECAY OF THIS 10.84 DAYS HALFLIFE LEVEL WILL CONTRIBUTE TO DOSE.
           TOTAL FEEDING OF GROUND STATE LEVEL IN 250-BERKELIUM
             DAUGHTER IS 8.0000E-02 PER TRANSFORMATION OF 250-CURIUM.
             DECAY OF THIS 3.212 HOURS HALFLIFE LEVEL WILL CONTRIBUTE TO DOSE.
           SPON. FISSION BRANCHING IS 7.4000E-01 PER DECAY OF 250-CURIUM.
           - - - - - - - - - -
           INPUT DATA SOURCE: EVALUATED NUCLEAR STRUCTURE DATA FILE (ENSDF)
             DATE INPUT DATA WERE ENTERED INTO ENSDF: Dec-2003
%%%% 250 CM  96    A  B- SF     2.61928E+11 8300 Y     02-11-2005       OUTPEND 
%%%% 250 CM  96    A  B- SF     2.61928E+11 8300 Y     02-11-2005       BETASTAR
1
              250-CURIUM-96
+                                    HALFLIFE = 8300 YEARS   
+                                                                  02-11-2005

            BETA SPECTRUM DATA FOR ALL DECAY BRANCHES

                      BETAS PER                BETAS PER                BETAS PER
            ENERGY    MEV            ENERGY    MEV            ENERGY    MEV
            (MEV)     PER DECAY      (MEV)     PER DECAY      (MEV)     PER DECAY

            0.00000   6.236E+00      0.00075   5.994E+00      0.00600   4.434E+00
            0.00010   6.203E+00      0.00080   5.978E+00      0.00650   4.298E+00
            0.00011   6.200E+00      0.00085   5.962E+00      0.00700   4.164E+00
            0.00012   6.197E+00      0.00090   5.946E+00      0.00750   4.032E+00
            0.00013   6.193E+00      0.00100   5.914E+00      0.00800   3.902E+00
            0.00014   6.190E+00      0.00110   5.882E+00      0.00850   3.774E+00
            0.00015   6.187E+00      0.00120   5.851E+00      0.00900   3.649E+00
            0.00016   6.184E+00      0.00130   5.819E+00      0.01000   3.404E+00
            0.00018   6.177E+00      0.00140   5.788E+00      0.01100   3.167E+00
            0.00020   6.171E+00      0.00150   5.756E+00      0.01200   2.939E+00
            0.00022   6.164E+00      0.00160   5.725E+00      0.01300   2.720E+00
            0.00024   6.158E+00      0.00180   5.663E+00      0.01400   2.509E+00
            0.00026   6.151E+00      0.00200   5.601E+00      0.01500   2.306E+00
            0.00028   6.145E+00      0.00220   5.539E+00      0.01600   2.112E+00
            0.00030   6.138E+00      0.00240   5.478E+00      0.01800   1.749E+00
            0.00032   6.132E+00      0.00260   5.417E+00      0.02000   1.420E+00
            0.00036   6.119E+00      0.00280   5.357E+00      0.02200   1.160E+00
            0.00040   6.106E+00      0.00300   5.296E+00      0.02400   9.102E-01
            0.00045   6.090E+00      0.00320   5.236E+00      0.02600   6.850E-01
            0.00050   6.074E+00      0.00360   5.118E+00      0.02800   4.873E-01
            0.00055   6.058E+00      0.00400   5.000E+00      0.03000   3.194E-01
            0.00060   6.042E+00      0.00450   4.856E+00      0.03200   1.840E-01
            0.00065   6.026E+00      0.00500   4.713E+00      0.03600   2.143E-02
            0.00070   6.010E+00      0.00550   4.573E+00      0.03800   0.000E+00

            AVERAGE BETA ENERGY =   9.660E-03

            TOTAL BETAS PER DECAY FOR ALL BRANCHES =   8.000E-02
%%%% 250 CM  96    A  B- SF     2.61928E+11 8300 Y     02-11-2005       BETAEND 
%%%% 250 CM  96    A  B- SF     2.61928E+11 8300 Y     02-11-2005       SEEISTAR
250.  CURIUM       96.  8.300E+03 YEARS     80 A  B- SF             250.CM 96.   0
 8 1  4.50000E+00  5.04098E+00  8.20204E-02  0.00000E+00            250.CM 96.   1   1
 8 2  1.35000E+01  5.08624E+00  8.27569E-02  0.00000E+00            250.CM 96.   2   2
 1 1  6.85530E-03  4.60000E-02  4.60000E-02  0.00000E+00            250.CM 96.   3   1
 6 5  6.30002E-02  2.28780E-02  2.28780E-02  1.00000E+00            250.CM 96.   4   5
 6 6  1.72753E+00  2.36290E-02  2.36290E-02  1.00000E+00            250.CM 96.   5   6
 6 7  1.46703E+00  2.79290E-02  2.79290E-02  1.00000E+00            250.CM 96.   6   7
 6 3  9.10623E-01  4.14501E-02  4.14501E-02  1.00000E+00            250.CM 96.   7   3
 6 4  3.24954E-01  4.60000E-02  4.60000E-02  1.00000E+00            250.CM 96.   8   4
 221  8.23034E-07  7.51000E-04  7.51000E-04  0.00000E+00            250.CM 96.   9  21
 222  6.59297E-04  5.05100E-03  5.05100E-03  0.00000E+00            250.CM 96.  10  22
 223  3.76223E-03  1.75735E-02  1.75735E-02  0.00000E+00            250.CM 96.  11  23
 224  3.09235E-03  1.85721E-02  1.85721E-02  0.00000E+00            250.CM 96.  12  24
 225  1.82076E-04  1.91442E-02  1.91442E-02  0.00000E+00            250.CM 96.  13  25
 226  2.71006E-04  1.93451E-02  1.93451E-02  0.00000E+00            250.CM 96.  14  26
 227  1.02394E-03  2.17515E-02  2.17515E-02  0.00000E+00            250.CM 96.  15  27
 228  9.75677E-04  2.20160E-02  2.20160E-02  0.00000E+00            250.CM 96.  16  28
 229  3.16171E-05  2.22794E-02  2.22794E-02  0.00000E+00            250.CM 96.  17  29
 230  5.07874E-05  2.23278E-02  2.23278E-02  0.00000E+00            250.CM 96.  18  30
 231  2.54218E-04  2.28407E-02  2.28407E-02  0.00000E+00            250.CM 96.  19  31
 232  2.45794E-04  2.29056E-02  2.29056E-02  0.00000E+00            250.CM 96.  20  32
 233  5.87670E-06  2.30025E-02  2.30025E-02  0.00000E+00            250.CM 96.  21  33
 234  9.53375E-06  2.30122E-02  2.30122E-02  0.00000E+00            250.CM 96.  22  34
 235  4.49479E-05  2.30881E-02  2.30881E-02  0.00000E+00            250.CM 96.  23  35
 236  4.05865E-05  2.30987E-02  2.30987E-02  0.00000E+00            250.CM 96.  24  36
 241  8.07532E-05  4.30001E-03  4.30001E-03  0.00000E+00            250.CM 96.  25  41
 242  1.83959E-02  1.64689E-02  1.64689E-02  0.00000E+00            250.CM 96.  26  42
 243  9.84638E-04  1.78212E-02  1.78212E-02  0.00000E+00            250.CM 96.  27  43
 244  6.47230E-01  1.83932E-02  1.83932E-02  0.00000E+00            250.CM 96.  28  44
 245  5.03264E-03  2.08373E-02  2.08373E-02  0.00000E+00            250.CM 96.  29  45
 246  3.02261E-04  2.12650E-02  2.12650E-02  0.00000E+00            250.CM 96.  30  46
 247  1.49370E-01  2.15284E-02  2.15284E-02  0.00000E+00            250.CM 96.  31  47
 248  9.85832E-04  2.19249E-02  2.19249E-02  0.00000E+00            250.CM 96.  32  48
 249  1.31966E-03  2.20244E-02  2.20244E-02  0.00000E+00            250.CM 96.  33  49
 250  7.57328E-05  2.21546E-02  2.21546E-02  0.00000E+00            250.CM 96.  34  50
 251  2.98505E-02  2.22515E-02  2.22515E-02  0.00000E+00            250.CM 96.  35  51
 252  4.41639E-05  2.23636E-02  2.23636E-02  0.00000E+00            250.CM 96.  36  52
 253  2.65815E-04  2.23179E-02  2.23179E-02  0.00000E+00            250.CM 96.  37  53
 254  1.22724E-05  2.23476E-02  2.23476E-02  0.00000E+00            250.CM 96.  38  54
 255  2.71214E-05  2.23656E-02  2.23656E-02  0.00000E+00            250.CM 96.  39  55
 261  4.29170E-02  1.21689E-02  1.21689E-02  0.00000E+00            250.CM 96.  40  61
 262  5.53628E-04  1.25225E-02  1.25225E-02  0.00000E+00            250.CM 96.  41  62
 263  5.05489E-04  1.35211E-02  1.35211E-02  0.00000E+00            250.CM 96.  42  63
 264  6.82112E-02  1.40932E-02  1.40932E-02  0.00000E+00            250.CM 96.  43  64
 265  5.99002E-01  1.42941E-02  1.42941E-02  0.00000E+00            250.CM 96.  44  65
 266  1.09680E-02  1.65373E-02  1.65373E-02  0.00000E+00            250.CM 96.  45  66
 267  1.22122E-04  1.67005E-02  1.67005E-02  0.00000E+00            250.CM 96.  46  67
 268  1.38751E-04  1.69650E-02  1.69650E-02  0.00000E+00            250.CM 96.  47  68
 269  1.38796E-02  1.72284E-02  1.72284E-02  0.00000E+00            250.CM 96.  48  69
 270  1.27436E-01  1.72768E-02  1.72768E-02  0.00000E+00            250.CM 96.  49  70
 271  1.92519E-04  1.76249E-02  1.76249E-02  0.00000E+00            250.CM 96.  50  71
 272  1.05932E-03  1.76379E-02  1.76379E-02  0.00000E+00            250.CM 96.  51  72
 273  2.83962E-03  1.77244E-02  1.77244E-02  0.00000E+00            250.CM 96.  52  73
 274  2.88872E-05  1.77897E-02  1.77897E-02  0.00000E+00            250.CM 96.  53  74
 275  3.39118E-05  1.78546E-02  1.78546E-02  0.00000E+00            250.CM 96.  54  75
 276  2.70267E-03  1.79515E-02  1.79515E-02  0.00000E+00            250.CM 96.  55  76
 277  2.48145E-02  1.79612E-02  1.79612E-02  0.00000E+00            250.CM 96.  56  77
 278  8.54841E-06  1.80636E-02  1.80636E-02  0.00000E+00            250.CM 96.  57  78
 279  4.58817E-05  1.80647E-02  1.80647E-02  0.00000E+00            250.CM 96.  58  79
 280  5.87959E-04  1.80179E-02  1.80179E-02  0.00000E+00            250.CM 96.  59  80
 281  5.13766E-06  1.80371E-02  1.80371E-02  0.00000E+00            250.CM 96.  60  81
 282  5.56901E-06  1.80476E-02  1.80476E-02  0.00000E+00            250.CM 96.  61  82
 283  5.71762E-05  1.80656E-02  1.80656E-02  0.00000E+00            250.CM 96.  62  83
 291  2.93578E-01  3.45671E-03  3.45671E-03  0.00000E+00            250.CM 96.  63  91
 292  7.31289E-03  5.36518E-04  5.36518E-04  0.00000E+00            250.CM 96.  64  92
 293  3.57138E-04  1.53315E-04  1.53315E-04  0.00000E+00            250.CM 96.  65  93
 294  4.45720E+01  7.20463E-05  7.20463E-05  0.00000E+00            250.CM 96.  66  94
 7 4  4.16160E-01  1.47697E-03  1.47697E-03  0.00000E+00            250.CM 96.  67   4
 7 5  9.46396E-01  1.07816E-02  1.07816E-02  0.00000E+00            250.CM 96.  68   5
 7 6  4.91205E-01  1.43289E-02  1.43289E-02  0.00000E+00            250.CM 96.  69   6
 7 7  5.99635E-02  1.79157E-02  1.79157E-02  0.00000E+00            250.CM 96.  70   7
 7 8  1.80582E+00  5.74027E-04  5.74027E-04  0.00000E+00            250.CM 96.  71   8
 7 9  3.82637E+00  2.56536E-03  2.56536E-03  0.00000E+00            250.CM 96.  72   9
 710  7.85565E-01  3.09882E-03  3.09882E-03  0.00000E+00            250.CM 96.  73  10
 711  4.72426E-02  3.75946E-03  3.75946E-03  0.00000E+00            250.CM 96.  74  11
 712  6.95950E+00  1.91658E-04  1.91658E-04  0.00000E+00            250.CM 96.  75  12
 713  1.16950E+01  2.37002E-04  2.37002E-04  0.00000E+00            250.CM 96.  76  13
 714  1.22004E+01  8.91204E-05  8.91204E-05  0.00000E+00            250.CM 96.  77  14
 715  7.68480E-02  1.76445E-04  1.76445E-04  0.00000E+00            250.CM 96.  78  15
 5 1  8.00000E+00  9.66027E-03  3.80000E-02  1.00000E+00            250.CM 96.  79   1
 9 1  2.44940E+02  1.83480E+00  1.83480E+00  0.00000E+00            250.CM 96.  80   1
 9 2  1.48000E+02  9.06223E+01  9.06223E+01  0.00000E+00            250.CM 96.  81   2
 9 3  5.89731E+02  8.60525E-01  8.60525E-01  0.00000E+00            250.CM 96.  82   3
 9 4  8.60465E+02  9.57800E-01  9.57800E-01  0.00000E+00            250.CM 96.  83   4
 9 5  5.50384E+02  1.53066E+00  1.53066E+00  0.00000E+00            250.CM 96.  84   5
%%%% 250 CM  96    A  B- SF     2.61928E+11 8300 Y     02-11-2005       SEEIEND 
 


   ***************************************************** 
   *                 Radiation Summary                 * 
   ***************************************************** 
 
  Energy released by
    Gamma-ray                       (MeV) =   3.15344E-06
    X-ray                           (MeV) =   3.07573E-04
    Free-bound X-ray                (MeV) =   3.21124E-05
    Annihilation photon             (MeV) =   0.00000E+00
    Beta+ particle                  (MeV) =   0.00000E+00
    Neutrino                        (MeV) =   0.00000E+00
    Beta- particle                  (MeV) =   7.72822E-04
    Neutrino-                       (MeV) =   2.26718E-03
    Internal conv. electron         (MeV) =   1.35927E-03
    Auger and CK electron           (MeV) =   3.76020E-04
    Alpha particle                  (MeV) =   9.13487E-01
    Recoil nucleus                  (MeV) =   1.48631E-02
  E-total (except unplaced radiat.) (MeV) =   9.33468E-01
  E-unplaced radiation              (MeV) =   0.00000E+00
  Q-value from ENSDF data           (MeV) =   9.33460E-01
  Ratio of E-total/Q-value          ( % ) =   1.00001E+02
  Ratio of E-unplaced radi./Q-value ( % ) =   0.00000E+00

 
  Total yield of
    Gamma-ray                             =   6.85530E-05
    X-ray                                 =   2.06199E-02
    Free-bound X-ray                      =   4.45720E-01
    Annihilation photon                   =   0.00000E+00
    Beta+ particle                        =   0.00000E+00
    Beta- particle                        =   8.00000E-02
    Internal conv. electron               =   4.49314E-02
    Auger and CK electron                 =   3.93105E-01
    Alpha particle                        =   1.80000E-01
  Yield of unplaced radiation             =   0.00000E+00


