%%%% 126 CS  55    EC B+        9.84000E+01 1.64 M     02-11-2005       BALASTAR
1 126   CS  55 1.64 M          EC B+      
           WARNING:                                                                             
 126 XE 54  GAMMA-RAY ENERGY =   2.55300 MEV                                                    
           HALF-LIFE OF INITIAL LEVEL ASSOCIATED WITH GAMMA-RAY TOO SHORT TO BE                 
           CONSIDERED ISOMERIC, AND INTENSITY = 0.0                                             
           TRANSITION IGNORED                                                                   
1INTENSITY AND ENERGY BALANCE DATA

              126-CESIUM-55
+                                    HALFLIFE = 1.64 MINUTES 
+                                                                  02-11-2005


    LEVEL       INTENSITY   INTENSITY
    ENERGY      ENTERING    LEAVING     PERCENT
    (MEV)       LEVEL       LEVEL       ERROR

   0.0000E+00  1.0006E+02
   3.8862E-01  4.1553E+01  4.1464E+01  2.1554E-01                      
   8.7986E-01  6.3757E+00  6.3919E+00  2.5402E-01                      
   9.4197E-01  2.6166E-01  2.7456E-01  4.8115E+00                      
   1.3139E+00  5.6296E+00  5.6686E+00  6.9089E-01                      
   1.3177E+00  2.0051E-01  2.6239E-01  2.6734E+01  ********************
   1.6786E+00  2.1580E+00  2.1653E+00  3.3537E-01                      
   1.7605E+00  3.7433E-02  3.7476E-02  1.1355E-01                      
   1.9035E+00  0.0000E+00  8.5974E-03  2.0000E+02  ********************
   2.0048E+00  1.1810E-02  1.1806E-02  3.3567E-02                      
   2.0640E+00  2.0118E-01  2.0165E-01  2.3400E-01                      
   2.0863E+00  7.1063E-02  7.1305E-02  3.4074E-01                      
   2.2152E+00  2.7755E-02  2.7691E-02  2.2914E-01                      
   2.2287E+00  4.8043E-02  4.8872E-02  1.7119E+00                      
   2.3472E+00  2.0818E-01  2.0766E-01  2.5261E-01                      
   2.3586E+00  7.7068E-03  7.7359E-03  3.7629E-01                      
   2.4192E+00  5.9052E-02  5.8656E-02  6.7325E-01                      
   2.4553E+00  5.4048E-01  5.3926E-01  2.2570E-01                      
   2.4894E+00  1.9607E-01  1.9631E-01  1.1843E-01                      
   2.5025E+00  2.9026E-01  2.9037E-01  3.7644E-02                      
   2.5209E+00  5.3347E-02  5.3339E-02  1.4624E-02                      
   2.5530E+00  0.0000E+00  0.0000E+00  2.0000E+02  ********************
   2.5652E+00  1.6324E-01  1.6291E-01  2.0741E-01                      
   2.7594E+00  7.7569E-03  7.7353E-03  2.7821E-01                      
   2.7964E+00  1.4022E-01  1.4005E-01  1.2413E-01                      
   2.8932E+00  9.2882E-02  9.2830E-02  5.6688E-02                      
   2.9621E+00  6.9361E-03  6.9218E-03  2.0687E-01                      


 INTENSITY TO GROUND AND ISOMERIC STATE(S) OF DAUGHTER(S)=  1.001E+02
 TOTAL INTENSITY FROM PARENT=  1.000E+02
 PERCENT ERROR =  5.551E-02                      


 TOTAL INTENSITY FROM PARENT =  1.000E+02
 VALUE IS WITHIN   0.00E+00% OF 100                      


 TOTAL ENERGY AVAILABLE =  4.824E+00 MEV
 TOTAL ENERGY CONTENT OF ALL RADIATIONS =  4.826E+00 MEV
 PERCENT ERROR =  3.153E-02                      
%%%% 126 CS  55    EC B+        9.84000E+01 1.64 M     02-11-2005       BALAEND 
%%%% 126 CS  55    EC B+        9.84000E+01 1.64 M     02-11-2005       INPUSTAR
1                                      **INPUT DATA**
              126-CESIUM-55
+                                    HALFLIFE = 1.64 MINUTES 
+                                                                  02-11-2005

            MODES OF DECAY: ELECTRON CAPTURE, BETA PLUS
 
                                MEAN
                                NUMBER/    TRANSITION
                TYPE OF    ID   TRANSFOR-  ENERGY
              TRANSITION   NO.  MATION     (MEV)       OTHER NUCLEAR PARAMETERS

           ELECT. CAPTURE   1   6.61E-05   1.862E+00   ALLOWED                                  
+                                                              ASSUMED                          
           ELECT. CAPTURE   2   8.71E-04   1.931E+00   ALLOWED                                  
           ELECT. CAPTURE   3   1.28E-03   2.028E+00   ALLOWED                                  
           ELECT. CAPTURE   4   7.01E-05   2.065E+00   ALLOWED                                  
+                                                              ASSUMED                          
           ELECT. CAPTURE   5   1.37E-03   2.259E+00   SECOND FORBIDDEN                         
           ELECT. CAPTURE   6   4.40E-04   2.303E+00   ALLOWED                                  
           ELECT. CAPTURE   7   2.37E-03   2.321E+00   ALLOWED                                  
           ELECT. CAPTURE   8   1.59E-03   2.335E+00   ALLOWED                                  
           ELECT. CAPTURE   9   4.30E-03   2.369E+00   ALLOWED                                  
           ELECT. CAPTURE  10   4.60E-04   2.405E+00   ALLOWED                                  
           ELECT. CAPTURE  11   5.81E-05   2.465E+00   ALLOWED                                  
           ELECT. CAPTURE  12   1.57E-03   2.477E+00   ALLOWED                                  
           ELECT. CAPTURE  13   3.40E-04   2.595E+00   ALLOWED                                  
           ELECT. CAPTURE  14   1.94E-04   2.609E+00   ALLOWED                                  
           ELECT. CAPTURE  15   4.60E-04   2.738E+00   ALLOWED                                  
           ELECT. CAPTURE  16   1.28E-03   2.760E+00   ALLOWED                                  
           ELECT. CAPTURE  17   7.21E-05   2.819E+00   UNIQUE FIRST FORBIDDEN                   
           ELECT. CAPTURE  18   1.91E-04   3.063E+00   ALLOWED                                  
           ELECT. CAPTURE  19   1.04E-02   3.145E+00   ALLOWED                                  
           ELECT. CAPTURE  20   2.00E-02   3.510E+00   ALLOWED                                  
           ELECT. CAPTURE  21   1.00E-02   3.944E+00   ALLOWED                                  
           ELECT. CAPTURE  22   5.40E-02   4.435E+00   ALLOWED                                  
           ELECT. CAPTURE  23   7.81E-02   4.824E+00   ALLOWED                                  
                BETA PLUS   1   3.30E-06   8.399E-01*  ALLOWED                                  
+                                                              ASSUMED                          
                BETA PLUS   2   5.81E-05   9.088E-01*  ALLOWED                                  
                BETA PLUS   3   1.21E-04   1.006E+00*  ALLOWED                                  
                BETA PLUS   4   7.51E-06   1.043E+00*  ALLOWED                                  
+                                                              ASSUMED                          
                BETA PLUS   5   2.61E-04   1.237E+00*  SECOND FORBIDDEN                         
                BETA PLUS   6   9.31E-05   1.281E+00*  ALLOWED                                  
                BETA PLUS   7   5.30E-04   1.299E+00*  ALLOWED                                  
                BETA PLUS   8   3.69E-04   1.313E+00*  ALLOWED                                  
                BETA PLUS   9   1.10E-03   1.347E+00*  ALLOWED                                  
                BETA PLUS  10   1.30E-04   1.383E+00*  ALLOWED                                  
                BETA PLUS  11   1.90E-05   1.443E+00*  ALLOWED                                  
                BETA PLUS  12   5.10E-04   1.455E+00*  ALLOWED                                  
                BETA PLUS  13   1.40E-04   1.573E+00*  ALLOWED                                  
                BETA PLUS  14   8.34E-05   1.587E+00*  ALLOWED                                  
                BETA PLUS  15   2.50E-04   1.716E+00*  ALLOWED                                  
                BETA PLUS  16   7.31E-04   1.738E+00*  ALLOWED                                  
                BETA PLUS  17   4.60E-05   1.797E+00*  UNIQUE FIRST FORBIDDEN                   
                BETA PLUS  18   1.83E-04   2.041E+00*  ALLOWED                                  
                BETA PLUS  19   1.11E-02   2.123E+00*  ALLOWED                                  
                BETA PLUS  20   3.40E-02   2.488E+00*  ALLOWED                                  
                BETA PLUS  21   2.90E-02   2.922E+00*  ALLOWED                                  
                BETA PLUS  22   2.45E-01   3.413E+00*  ALLOWED                                  
                BETA PLUS  23   4.86E-01   3.802E+00*  ALLOWED                                  
           I.C.E. + GAMMA   1   1.18E-03   3.609E-01   M1 MULTIPOLE                             
+                                                                    AK= 0.0223                 
                                                       AL1=0.00268                              
           I.C.E. + GAMMA   2   2.25E-03   3.647E-01   E2 MULTIPOLE                             
+                                                                    AK= 0.0189                 
                                                       AL1=0.00209                              
           I.C.E. + GAMMA   3   4.15E-01   3.887E-01   E2 MULTIPOLE                             
+                                                                    AK= 0.0157                 
                                                       AL1=0.00174                              
           I.C.E. + GAMMA   4   6.10E-04   4.118E-01   UNPLACED GAMMA                           
           I.C.E. + GAMMA   5   1.10E-02   4.340E-01   E2 MULTIPOLE                             
+                                                                    AK= 0.0114                 
                                                       AL1=0.00127                              
           I.C.E. + GAMMA   6   1.24E-03   4.379E-01   M1+E2 MULTIPOLE                          
                                                       MRS=64.0      AK= 0.0111                 
                                                       AL1=0.00124                              
           I.C.E. + GAMMA   7   5.09E-02   4.913E-01   M1+E2 MULTIPOLE                          
                                                       MRS=82.8      AK= 0.00804                
           I.C.E. + GAMMA   8   1.51E-04   5.264E-01   UNPLACED GAMMA                           
           I.C.E. + GAMMA   9   6.51E-03   5.487E-01   UNPLACED GAMMA                           
           I.C.E. + GAMMA  10   2.75E-03   5.534E-01   E2 MULTIPOLE                             
+                                                                    AK= 0.00581                
           I.C.E. + GAMMA  11   8.60E-05   5.858E-01   E2 MULTIPOLE                             
+                                                                    AK= 0.00501                
           I.C.E. + GAMMA  12   8.14E-04   7.131E-01   UNPLACED GAMMA                           
           I.C.E. + GAMMA  13   1.92E-03   7.365E-01   E2 MULTIPOLE                             
+                                                                    AK= 0.00282                
           I.C.E. + GAMMA  14   6.13E-05   7.767E-01   M1 MULTIPOLE                             
+                                                                    AK= 0.00340                
           I.C.E. + GAMMA  15   5.43E-03   7.987E-01   M1+E2 MULTIPOLE                          
                                                       AK= 0.00319                              
           I.C.E. + GAMMA  16   1.30E-02   8.799E-01   E2 MULTIPOLE                             
+                                                                    AK= 0.00186                
           I.C.E. + GAMMA  17   4.57E-02   9.252E-01   E2 MULTIPOLE                             
+                                                                    AK= 0.00166                
           I.C.E. + GAMMA  18   1.39E-03   9.291E-01   M1+E2 MULTIPOLE                          
                                                       MRS=2.56      AK= 0.00182                
           I.C.E. + GAMMA  19   1.14E-04   9.771E-01   UNPLACED GAMMA                           
           I.C.E. + GAMMA  20   4.88E-05   9.839E-01   UNPLACED GAMMA                           
           I.C.E. + GAMMA  21   5.70E-05   9.931E-01   UNPLACED GAMMA                           
           I.C.E. + GAMMA  22   2.85E-03   1.033E+00   UNPLACED GAMMA                           
           I.C.E. + GAMMA  23   1.10E-04   1.102E+00   E2 MULTIPOLE                             
+                                                                    AK= 0.00114                
           I.C.E. + GAMMA  24   1.87E-04   1.138E+00   E2 MULTIPOLE                             
+                                                                    AK= 0.00107                
           I.C.E. + GAMMA  25   2.20E-04   1.144E+00   E2 MULTIPOLE                             
+                                                                    AK= 0.00105                
           I.C.E. + GAMMA  26   5.50E-04   1.184E+00   M1+E2 MULTIPOLE                          
                                                       AK= 0.00130                              
           I.C.E. + GAMMA  27   3.87E-04   1.206E+00   M1 MULTIPOLE                             
+                                                                    MRS=0.810                  
                                                       AK= 0.00111                              
           I.C.E. + GAMMA  28   6.10E-05   1.210E+00   UNPLACED GAMMA                           
           I.C.E. + GAMMA  29   4.44E-04   1.247E+00   M1 MULTIPOLE                             
+                                                                    AK= 0.00115                
           I.C.E. + GAMMA  30   3.30E-03   1.290E+00   M1 MULTIPOLE                             
+                                                                    AK= 0.00107                
           I.C.E. + GAMMA  31   2.16E-04   1.349E+00   E2 MULTIPOLE                             
           I.C.E. + GAMMA  32   3.75E-04   1.372E+00   E2 MULTIPOLE                             
           I.C.E. + GAMMA  33   4.48E-05   1.430E+00   UNPLACED GAMMA                           
           I.C.E. + GAMMA  34   8.14E-04   1.467E+00   UNPLACED GAMMA                           
           I.C.E. + GAMMA  35   3.10E-04   1.514E+00   M3 MULTIPOLE                             
+                                                                    AK= 0.00298                
           I.C.E. + GAMMA  36   3.06E-04   1.539E+00   M1 MULTIPOLE                             
           I.C.E. + GAMMA  37   8.39E-04   1.576E+00   M1 MULTIPOLE                             
           I.C.E. + GAMMA  38   1.43E-03   1.609E+00   M1 MULTIPOLE                             
           I.C.E. + GAMMA  39   1.18E-04   1.616E+00   E1 MULTIPOLE                             
           I.C.E. + GAMMA  40   2.81E-03   1.623E+00   E2 MULTIPOLE                             
           I.C.E. + GAMMA  41   1.22E-04   1.641E+00   E2 MULTIPOLE                             
           I.C.E. + GAMMA  42   1.47E-03   1.676E+00   M1 MULTIPOLE                             
           I.C.E. + GAMMA  43   7.57E-03   1.679E+00   E2 MULTIPOLE                             
           I.C.E. + GAMMA  44   7.73E-05   1.687E+00   UNPLACED GAMMA                           
           I.C.E. + GAMMA  45   4.88E-05   1.768E+00   UNPLACED GAMMA                           
           I.C.E. + GAMMA  46   2.24E-04   1.827E+00   M1 MULTIPOLE                             
           I.C.E. + GAMMA  47   2.73E-04   1.840E+00   E2 MULTIPOLE                             
           I.C.E. + GAMMA  48   8.96E-05   1.917E+00   E2 MULTIPOLE                             
           I.C.E. + GAMMA  49   9.77E-05   1.951E+00   E2 MULTIPOLE                             
           I.C.E. + GAMMA  50   2.08E-03   1.959E+00   E2 MULTIPOLE                             
           I.C.E. + GAMMA  51   3.26E-05   1.970E+00   M1 MULTIPOLE                             
+                                                                    MRS=0.640                  
           I.C.E. + GAMMA  52   2.85E-04   2.013E+00   M1 MULTIPOLE                             
           I.C.E. + GAMMA  53   6.92E-05   2.020E+00   E2 MULTIPOLE ASSUMED                     
           I.C.E. + GAMMA  54   1.71E-04   2.030E+00   M1 MULTIPOLE                             
           I.C.E. + GAMMA  55   3.38E-03   2.067E+00   M1 MULTIPOLE                             
           I.C.E. + GAMMA  56   1.06E-04   2.086E+00   E2 MULTIPOLE                             
           I.C.E. + GAMMA  57   5.29E-04   2.101E+00   M1 MULTIPOLE                             
           I.C.E. + GAMMA  58   9.36E-05   2.114E+00   E2 MULTIPOLE                             
           I.C.E. + GAMMA  59   4.11E-04   2.132E+00   E2 MULTIPOLE                             
           I.C.E. + GAMMA  60   2.44E-04   2.155E+00   UNPLACED GAMMA                           
           I.C.E. + GAMMA  61   1.18E-03   2.177E+00   M1 MULTIPOLE                             
+                                                                    MRS=0.0900                 
           I.C.E. + GAMMA  62   5.29E-05   2.215E+00   M1 MULTIPOLE                             
           I.C.E. + GAMMA  63   2.44E-05   2.281E+00   UNPLACED GAMMA                           
           I.C.E. + GAMMA  64   1.02E-04   2.338E+00   UNPLACED GAMMA                           
           I.C.E. + GAMMA  65   4.48E-05   2.359E+00   E2 MULTIPOLE                             
           I.C.E. + GAMMA  66   7.74E-05   2.371E+00   E2 MULTIPOLE ASSUMED                     
           I.C.E. + GAMMA  67   1.31E-03   2.408E+00   E2 MULTIPOLE                             
           I.C.E. + GAMMA  68   4.48E-05   2.425E+00   UNPLACED GAMMA                           
           I.C.E. + GAMMA  69   6.15E-04   2.455E+00   M1 MULTIPOLE                             
           I.C.E. + GAMMA  70   4.89E-04   2.505E+00   M1 MULTIPOLE                             
           I.C.E. + GAMMA  71   4.88E-05   2.512E+00   UNPLACED GAMMA                           
           I.C.E. + GAMMA  72   1.55E-04   2.525E+00   UNPLACED GAMMA                           
           I.C.E. + GAMMA  74   3.05E-04   2.566E+00   UNPLACED GAMMA                           
           I.C.E. + GAMMA  75   1.67E-04   2.581E+00   UNPLACED GAMMA                           
           I.C.E. + GAMMA  76   6.51E-05   2.645E+00   UNPLACED GAMMA                           
           I.C.E. + GAMMA  77   6.10E-05   2.657E+00   UNPLACED GAMMA                           
           I.C.E. + GAMMA  78   2.44E-05   2.876E+00   UNPLACED GAMMA                           
           I.C.E. + GAMMA  79   5.70E-05   2.893E+00   E2 MULTIPOLE                             
           I.C.E. + GAMMA  80   4.88E-05   2.918E+00   UNPLACED GAMMA                           
           I.C.E. + GAMMA  81   2.03E-05   2.988E+00   UNPLACED GAMMA                           
           I.C.E. + GAMMA  82   6.51E-05   3.150E+00   UNPLACED GAMMA                           
           I.C.E. + GAMMA  83   8.14E-05   3.176E+00   UNPLACED GAMMA                           
           I.C.E. + GAMMA  84   2.85E-05   3.207E+00   UNPLACED GAMMA                           
 
           * ENDPOINT ENERGY (MEV)
           - - - - - - - - - -
           Reference: Evaluated Nuclear Structure Data File (ENSDF)
                DATE DATA WERE ENTERED INTO ENSDF: Jan-2003
%%%% 126 CS  55    EC B+        9.84000E+01 1.64 M     02-11-2005       INPUEND 
%%%% 126 CS  55    EC B+        9.84000E+01 1.64 M     02-11-2005       OUTPSTAR
1                                      **OUTPUT DATA**
              126-CESIUM-55
+                                    HALFLIFE = 1.64 MINUTES 
+                                                                  02-11-2005

            MODES OF DECAY: ELECTRON CAPTURE, BETA PLUS
 
                                              MEAN
                                              NUMBER/                  MEV/
                                         ID   TRANSFOR-   ENERGY       TRANSFOR-
                  TYPE OF RADIATION      NO.  MATION      (MEV)        MATION

           BETA PLUS                     19   1.11E-02    9.547E-01*   1.06E-02
           BETA PLUS                     20   3.40E-02    1.122E+00*   3.82E-02
           BETA PLUS                     21   2.90E-02    1.323E+00*   3.84E-02
           BETA PLUS                     22   2.45E-01    1.552E+00*   3.81E-01
           BETA PLUS                     23   4.86E-01    1.735E+00*   8.44E-01
           ANNIHILATION RADIATION             1.62E+00    5.110E-01    8.28E-01
           GAMMA-RAY                      3   4.07E-01    3.887E-01    1.58E-01
           K CONV. ELECTRON, GAMMA-RAY    3   6.37E-03    3.541E-01    2.26E-03
           GAMMA-RAY                      5   1.09E-02    4.340E-01    4.72E-03
           GAMMA-RAY                      7   5.05E-02    4.913E-01    2.48E-02
           GAMMA-RAY                      9   6.51E-03    5.487E-01    3.57E-03
           GAMMA-RAY                     10   2.73E-03    5.534E-01    1.51E-03
           GAMMA-RAY                     13   1.91E-03    7.365E-01    1.41E-03
           GAMMA-RAY                     15   5.41E-03    7.987E-01    4.32E-03
           GAMMA-RAY                     16   1.29E-02    8.799E-01    1.14E-02
           GAMMA-RAY                     17   4.56E-02    9.252E-01    4.22E-02
           GAMMA-RAY                     18   1.38E-03    9.291E-01    1.29E-03
           GAMMA-RAY                     22   2.85E-03    1.033E+00    2.94E-03
           GAMMA-RAY                     30   3.30E-03    1.290E+00    4.25E-03
           GAMMA-RAY                     34   8.14E-04    1.467E+00    1.19E-03
           GAMMA-RAY                     37   8.38E-04    1.576E+00    1.32E-03
           GAMMA-RAY                     38   1.43E-03    1.609E+00    2.31E-03
           GAMMA-RAY                     40   2.81E-03    1.623E+00    4.56E-03
           GAMMA-RAY                     42   1.47E-03    1.676E+00    2.45E-03
           GAMMA-RAY                     43   7.57E-03    1.679E+00    1.27E-02
           GAMMA-RAY                     50   2.08E-03    1.959E+00    4.07E-03
           GAMMA-RAY                     55   3.38E-03    2.067E+00    6.98E-03
           GAMMA-RAY                     61   1.18E-03    2.177E+00    2.58E-03
           GAMMA-RAY                     67   1.31E-03    2.408E+00    3.16E-03
           GAMMA-RAY                     69   6.15E-04    2.455E+00    1.51E-03
           GAMMA-RAY                     70   4.88E-04    2.505E+00    1.22E-03
           K -L2 X-RAY                        4.33E-02    2.945E-02    1.28E-03
           K -L3 X-RAY                        8.02E-02    2.978E-02    2.39E-03
 
           ALL LISTED X-RAYS, GAMMA-RAYS AND ANNIHILATION RADIATION    1.14E+00
           ALL NEGLECTED X-RAYS, GAMMA-RAYS AND ANNIH. RADIATION**     1.80E-02
           ALL LISTED BETAS, INTERNAL CONVERSION AND AUGER ELECTRONS   1.31E+00
           ALL NEGLECTED BETAS, INT. CONVERSION AND AUGER ELECTRONS**  5.27E-03
           ALL LISTED RADIATIONS                                       2.45E+00
           ALL NEGLECTED RADIATIONS**                                  2.32E-02
 
           *  AVERAGE ENERGY (MEV)
           ** EACH NEGLECTED TRANSITION CONTRIBUTES LESS THAN  0.100%
              TO THE TOTAL MEV/TRANSFORMATION FOR THIS CATEGORY.
           TOTAL FEEDING OF GROUND STATE LEVEL IN 126-XENON
             DAUGHTER IS 1.0000E+00 PER TRANSFORMATION OF 126-CESIUM.
             THIS DAUGHTER GROUND STATE IS STABLE.
           - - - - - - - - - -
           INPUT DATA SOURCE: EVALUATED NUCLEAR STRUCTURE DATA FILE (ENSDF)
             DATE INPUT DATA WERE ENTERED INTO ENSDF: Jan-2003
%%%% 126 CS  55    EC B+        9.84000E+01 1.64 M     02-11-2005       OUTPEND 
%%%% 126 CS  55    EC B+        9.84000E+01 1.64 M     02-11-2005       BETASTAR
1
              126-CESIUM-55
+                                    HALFLIFE = 1.64 MINUTES 
+                                                                  02-11-2005

            BETA SPECTRUM DATA FOR ALL DECAY BRANCHES

                      BETAS PER                BETAS PER                BETAS PER
            ENERGY    MEV            ENERGY    MEV            ENERGY    MEV
            (MEV)     PER DECAY      (MEV)     PER DECAY      (MEV)     PER DECAY

            0.00000   0.000E+00      0.00320   3.426E-07      0.12000   2.978E-02
            0.00010   0.000E+00      0.00360   6.863E-07      0.13000   3.391E-02
            0.00011   0.000E+00      0.00400   1.219E-06      0.14000   3.812E-02
            0.00012   0.000E+00      0.00450   2.215E-06      0.15000   4.239E-02
            0.00013   0.000E+00      0.00500   3.654E-06      0.16000   4.672E-02
            0.00014   0.000E+00      0.00550   5.610E-06      0.18000   5.549E-02
            0.00015   0.000E+00      0.00600   8.159E-06      0.20000   6.437E-02
            0.00016   0.000E+00      0.00650   1.137E-05      0.22000   7.329E-02
            0.00018   0.000E+00      0.00700   1.530E-05      0.24000   8.224E-02
            0.00020   0.000E+00      0.00750   2.003E-05      0.26000   9.118E-02
            0.00022   0.000E+00      0.00800   2.560E-05      0.28000   1.001E-01
            0.00024   0.000E+00      0.00850   3.208E-05      0.30000   1.090E-01
            0.00026   0.000E+00      0.00900   3.952E-05      0.32000   1.178E-01
            0.00028   0.000E+00      0.01000   5.748E-05      0.36000   1.352E-01
            0.00030   0.000E+00      0.01100   7.987E-05      0.40000   1.522E-01
            0.00032   0.000E+00      0.01200   1.070E-04      0.45000   1.730E-01
            0.00036   0.000E+00      0.01300   1.392E-04      0.50000   1.931E-01
            0.00040   5.379E-26      0.01400   1.768E-04      0.55000   2.124E-01
            0.00045   7.383E-24      0.01500   2.199E-04      0.60000   2.309E-01
            0.00050   5.144E-22      0.01600   2.687E-04      0.65000   2.484E-01
            0.00055   1.975E-20      0.01800   3.843E-04      0.70000   2.651E-01
            0.00060   4.535E-19      0.02000   5.245E-04      0.75000   2.808E-01
            0.00065   6.728E-18      0.02200   6.899E-04      0.80000   2.956E-01
            0.00070   6.912E-17      0.02400   8.809E-04      0.85000   3.093E-01
            0.00075   5.219E-16      0.02600   1.097E-03      0.90000   3.220E-01
            0.00080   3.046E-15      0.02800   1.339E-03      1.00000   3.442E-01
            0.00085   1.432E-14      0.03000   1.606E-03      1.10000   3.622E-01
            0.00090   5.615E-14      0.03200   1.898E-03      1.20000   3.759E-01
            0.00100   5.572E-13      0.03600   2.552E-03      1.30000   3.854E-01
            0.00110   3.530E-12      0.04000   3.298E-03      1.40000   3.908E-01
            0.00120   1.604E-11      0.04500   4.350E-03      1.50000   3.920E-01
            0.00130   5.670E-11      0.05000   5.523E-03      1.60000   3.891E-01
            0.00140   1.651E-10      0.05500   6.807E-03      1.80000   3.718E-01
            0.00150   4.130E-10      0.06000   8.191E-03      2.00000   3.413E-01
            0.00160   9.151E-10      0.06500   9.666E-03      2.20000   3.009E-01
            0.00180   3.406E-09      0.07000   1.122E-02      2.40000   2.533E-01
            0.00200   9.678E-09      0.07500   1.285E-02      2.60000   2.022E-01
            0.00220   2.272E-08      0.08000   1.454E-02      2.80000   1.497E-01
            0.00240   4.634E-08      0.08500   1.630E-02      3.00000   9.993E-02
            0.00260   8.505E-08      0.09000   1.810E-02      3.20000   5.679E-02
            0.00280   1.438E-07      0.10000   2.185E-02      3.60000   7.073E-03
            0.00300   2.278E-07      0.11000   2.575E-02      3.80200   0.000E+00

            AVERAGE BETA ENERGY =   1.622E+00

            TOTAL BETAS PER DECAY FOR ALL BRANCHES =   8.105E-01
%%%% 126 CS  55    EC B+        9.84000E+01 1.64 M     02-11-2005       BETAEND 
%%%% 126 CS  55    EC B+        9.84000E+01 1.64 M     02-11-2005       SEEISTAR
126.  CESIUM       55.  1.640E+00 MINUTES  493 EC B+                126.CS 55.   0
 4 1  3.30292E-04  3.80516E-01  8.39910E-01  0.00000E+00            126.CS 55.   1   1
 4 2  5.80514E-03  4.10717E-01  9.08830E-01  0.00000E+00            126.CS 55.   2   2
 4 3  1.21107E-02  4.53231E-01  1.00559E+00  0.00000E+00            126.CS 55.   3   3
 4 4  7.50664E-04  4.69512E-01  1.04256E+00  0.00000E+00            126.CS 55.   4   4
 4 5  2.61231E-02  5.76081E-01  1.23685E+00  1.00000E+00            126.CS 55.   5   5
 4 6  9.30824E-03  5.75092E-01  1.28114E+00  0.00000E+00            126.CS 55.   6   6
 4 7  5.30469E-02  5.83237E-01  1.29946E+00  0.00000E+00            126.CS 55.   7   7
 4 8  3.69327E-02  5.89104E-01  1.31265E+00  0.00000E+00            126.CS 55.   8   8
 4 9  1.10097E-01  6.04258E-01  1.34669E+00  0.00000E+00            126.CS 55.   9   9
 410  1.30115E-02  6.20346E-01  1.38278E+00  0.00000E+00            126.CS 55.  10  10
 411  1.90168E-03  6.47422E-01  1.44342E+00  0.00000E+00            126.CS 55.  11  11
 412  5.10452E-02  6.52496E-01  1.45477E+00  0.00000E+00            126.CS 55.  12  12
 413  1.40124E-02  7.05626E-01  1.57335E+00  0.00000E+00            126.CS 55.  13  13
 414  8.33738E-03  7.11675E-01  1.58682E+00  0.00000E+00            126.CS 55.  14  14
 415  2.50221E-02  7.69688E-01  1.71571E+00  0.00000E+00            126.CS 55.  15  15
 416  7.30647E-02  7.79745E-01  1.73800E+00  0.00000E+00            126.CS 55.  16  16
 417  4.60407E-03  8.22960E-01  1.79717E+00  1.00000E+00            126.CS 55.  17  17
 418  1.83162E-02  9.17345E-01  2.04147E+00  0.00000E+00            126.CS 55.  18  18
 419  1.11098E+00  9.54717E-01  2.12344E+00  0.00000E+00            126.CS 55.  19  19
 420  3.40301E+00  1.12196E+00  2.48814E+00  0.00000E+00            126.CS 55.  20  20
 421  2.90257E+00  1.32281E+00  2.92214E+00  0.00000E+00            126.CS 55.  21  21
 422  2.45217E+01  1.55220E+00  3.41338E+00  0.00000E+00            126.CS 55.  22  22
 423  4.86430E+01  1.73496E+00  3.80200E+00  0.00000E+00            126.CS 55.  23  23
 3 3  1.62090E+02  5.11000E-01  5.11000E-01  0.00000E+00            126.CS 55.  24   3
 1 1  1.14774E-01  3.60860E-01  3.60860E-01  0.00000E+00            126.CS 55.  25   1
 6 1  2.55653E-03  3.26304E-01  3.26304E-01  1.00000E+00            126.CS 55.  26   1
 6 5  3.08006E-04  3.55443E-01  3.55443E-01  1.00000E+00            126.CS 55.  27   5
 6 6  1.56415E-05  3.55756E-01  3.55756E-01  1.00000E+00            126.CS 55.  28   6
 6 7  3.86024E-06  3.56085E-01  3.56085E-01  1.00000E+00            126.CS 55.  29   7
 6 3  6.65836E-05  3.59933E-01  3.59933E-01  1.00000E+00            126.CS 55.  30   3
 6 4  1.67774E-05  3.60860E-01  3.60860E-01  1.00000E+00            126.CS 55.  31   4
 1 2  2.19780E-01  3.64700E-01  3.64700E-01  0.00000E+00            126.CS 55.  32   2
 6 1  4.16070E-03  3.30144E-01  3.30144E-01  2.00000E+00            126.CS 55.  33   1
 6 5  4.58727E-04  3.59283E-01  3.59283E-01  2.00000E+00            126.CS 55.  34   5
 6 6  1.18828E-04  3.59596E-01  3.59596E-01  2.00000E+00            126.CS 55.  35   6
 6 7  9.17791E-05  3.59925E-01  3.59925E-01  2.00000E+00            126.CS 55.  36   7
 6 3  1.38464E-04  3.63773E-01  3.63773E-01  2.00000E+00            126.CS 55.  37   3
 6 4  3.40398E-05  3.64700E-01  3.64700E-01  2.00000E+00            126.CS 55.  38   4
 1 3  4.07000E+01  3.88660E-01  3.88660E-01  0.00000E+00            126.CS 55.  39   3
 6 1  6.37383E-01  3.54104E-01  3.54104E-01  3.00000E+00            126.CS 55.  40   1
 6 5  7.06597E-02  3.83243E-01  3.83243E-01  3.00000E+00            126.CS 55.  41   5
 6 6  1.68812E-02  3.83556E-01  3.83556E-01  3.00000E+00            126.CS 55.  42   6
 6 7  1.27859E-02  3.83885E-01  3.83885E-01  3.00000E+00            126.CS 55.  43   7
 6 3  2.07295E-02  3.87733E-01  3.87733E-01  3.00000E+00            126.CS 55.  44   3
 6 4  5.10404E-03  3.88660E-01  3.88660E-01  3.00000E+00            126.CS 55.  45   4
 1 4  6.10500E-02  4.11820E-01  4.11820E-01  0.00000E+00            126.CS 55.  46   4
 1 5  1.08669E+00  4.34010E-01  4.34010E-01  0.00000E+00            126.CS 55.  47   5
 6 1  1.23365E-02  3.99454E-01  3.99454E-01  5.00000E+00            126.CS 55.  48   1
 6 5  1.37937E-03  4.28593E-01  4.28593E-01  5.00000E+00            126.CS 55.  49   5
 6 6  2.86253E-04  4.28906E-01  4.28906E-01  5.00000E+00            126.CS 55.  50   6
 6 7  2.09847E-04  4.29235E-01  4.29235E-01  5.00000E+00            126.CS 55.  51   7
 6 3  3.86757E-04  4.33083E-01  4.33083E-01  5.00000E+00            126.CS 55.  52   3
 6 4  9.54668E-05  4.34010E-01  4.34010E-01  5.00000E+00            126.CS 55.  53   4
 1 6  1.22100E-01  4.37850E-01  4.37850E-01  0.00000E+00            126.CS 55.  54   6
 6 1  1.35646E-03  4.03294E-01  4.03294E-01  6.00000E+00            126.CS 55.  55   1
 6 5  1.51972E-04  4.32433E-01  4.32433E-01  6.00000E+00            126.CS 55.  56   5
 6 6  3.06968E-05  4.32746E-01  4.32746E-01  6.00000E+00            126.CS 55.  57   6
 6 7  2.23771E-05  4.33075E-01  4.33075E-01  6.00000E+00            126.CS 55.  58   7
 6 3  4.22681E-05  4.36923E-01  4.36923E-01  6.00000E+00            126.CS 55.  59   3
 6 4  1.04390E-05  4.37850E-01  4.37850E-01  6.00000E+00            126.CS 55.  60   4
 1 7  5.04680E+00  4.91270E-01  4.91270E-01  0.00000E+00            126.CS 55.  61   7
 6 1  4.05860E-02  4.56714E-01  4.56714E-01  7.00000E+00            126.CS 55.  62   1
 6 5  4.58032E-03  4.85853E-01  4.85853E-01  7.00000E+00            126.CS 55.  63   5
 6 6  7.99602E-04  4.86166E-01  4.86166E-01  7.00000E+00            126.CS 55.  64   6
 6 7  5.64751E-04  4.86495E-01  4.86495E-01  7.00000E+00            126.CS 55.  65   7
 6 3  1.22272E-03  4.90343E-01  4.90343E-01  7.00000E+00            126.CS 55.  66   3
 6 4  3.02762E-04  4.91270E-01  4.91270E-01  7.00000E+00            126.CS 55.  67   4
 1 8  1.50590E-02  5.26400E-01  5.26400E-01  0.00000E+00            126.CS 55.  68   8
 1 9  6.51200E-01  5.48700E-01  5.48700E-01  0.00000E+00            126.CS 55.  69   9
 110  2.72690E-01  5.53380E-01  5.53380E-01  0.00000E+00            126.CS 55.  70  10
 6 1  1.58540E-03  5.18824E-01  5.18824E-01  1.00000E+01            126.CS 55.  71   1
 6 5  1.79976E-04  5.47963E-01  5.47963E-01  1.00000E+01            126.CS 55.  72   5
 6 6  2.71790E-05  5.48276E-01  5.48276E-01  1.00000E+01            126.CS 55.  73   6
 6 7  1.86720E-05  5.48605E-01  5.48605E-01  1.00000E+01            126.CS 55.  74   7
 6 3  4.63360E-05  5.52453E-01  5.52453E-01  1.00000E+01            126.CS 55.  75   3
 6 4  1.15044E-05  5.53380E-01  5.53380E-01  1.00000E+01            126.CS 55.  76   4
 111  8.54700E-03  5.85800E-01  5.85800E-01  0.00000E+00            126.CS 55.  77  11
 6 1  4.27991E-05  5.51244E-01  5.51244E-01  1.10000E+01            126.CS 55.  78   1
 6 5  4.87258E-06  5.80383E-01  5.80383E-01  1.10000E+01            126.CS 55.  79   5
 6 6  6.82256E-07  5.80696E-01  5.80696E-01  1.10000E+01            126.CS 55.  80   6
 6 7  4.62600E-07  5.81025E-01  5.81025E-01  1.10000E+01            126.CS 55.  81   7
 6 3  1.23318E-06  5.84873E-01  5.84873E-01  1.10000E+01            126.CS 55.  82   3
 6 4  3.06623E-07  5.85800E-01  5.85800E-01  1.10000E+01            126.CS 55.  83   4
 112  8.14000E-02  7.13100E-01  7.13100E-01  0.00000E+00            126.CS 55.  84  12
 113  1.91290E-01  7.36540E-01  7.36540E-01  0.00000E+00            126.CS 55.  85  13
 6 1  5.39793E-04  7.01984E-01  7.01984E-01  1.30000E+01            126.CS 55.  86   1
 6 5  6.20218E-05  7.31123E-01  7.31123E-01  1.30000E+01            126.CS 55.  87   5
 6 6  6.39402E-06  7.31436E-01  7.31436E-01  1.30000E+01            126.CS 55.  88   6
 6 7  4.16374E-06  7.31765E-01  7.31765E-01  1.30000E+01            126.CS 55.  89   7
 6 3  1.48200E-05  7.35613E-01  7.35613E-01  1.30000E+01            126.CS 55.  90   3
 6 4  3.70712E-06  7.36540E-01  7.36540E-01  1.30000E+01            126.CS 55.  91   4
 114  6.10500E-03  7.76740E-01  7.76740E-01  0.00000E+00            126.CS 55.  92  14
 6 1  2.07842E-05  7.42184E-01  7.42184E-01  1.40000E+01            126.CS 55.  93   1
 6 5  2.47657E-06  7.71323E-01  7.71323E-01  1.40000E+01            126.CS 55.  94   5
 6 6  9.04424E-08  7.71636E-01  7.71636E-01  1.40000E+01            126.CS 55.  95   6
 6 7  2.60362E-08  7.71965E-01  7.71965E-01  1.40000E+01            126.CS 55.  96   7
 6 3  5.24130E-07  7.75813E-01  7.75813E-01  1.40000E+01            126.CS 55.  97   3
 6 4  1.32742E-07  7.76740E-01  7.76740E-01  1.40000E+01            126.CS 55.  98   4
 115  5.41310E-01  7.98650E-01  7.98650E-01  0.00000E+00            126.CS 55.  99  15
 6 1  1.72684E-03  7.64094E-01  7.64094E-01  1.50000E+01            126.CS 55. 100   1
 6 5  2.05620E-04  7.93233E-01  7.93233E-01  1.50000E+01            126.CS 55. 101   5
 6 6  7.40548E-06  7.93546E-01  7.93546E-01  1.50000E+01            126.CS 55. 102   6
 6 7  2.15287E-06  7.93875E-01  7.93875E-01  1.50000E+01            126.CS 55. 103   7
 6 3  4.35027E-05  7.97724E-01  7.97724E-01  1.50000E+01            126.CS 55. 104   3
 6 4  1.10139E-05  7.98650E-01  7.98650E-01  1.50000E+01            126.CS 55. 105   4
 116  1.29426E+00  8.79900E-01  8.79900E-01  0.00000E+00            126.CS 55. 106  16
 6 1  2.40830E-03  8.45344E-01  8.45344E-01  1.60000E+01            126.CS 55. 107   1
 6 5  2.78037E-04  8.74483E-01  8.74483E-01  1.60000E+01            126.CS 55. 108   5
 6 6  2.25848E-05  8.74796E-01  8.74796E-01  1.60000E+01            126.CS 55. 109   6
 6 7  1.44663E-05  8.75125E-01  8.75125E-01  1.60000E+01            126.CS 55. 110   7
 6 3  6.42721E-05  8.78973E-01  8.78973E-01  1.60000E+01            126.CS 55. 111   3
 6 4  1.61601E-05  8.79900E-01  8.79900E-01  1.60000E+01            126.CS 55. 112   4
 117  4.55840E+00  9.25240E-01  9.25240E-01  0.00000E+00            126.CS 55. 113  17
 6 1  7.57420E-03  8.90684E-01  8.90684E-01  1.70000E+01            126.CS 55. 114   1
 6 5  8.75321E-04  9.19823E-01  9.19823E-01  1.70000E+01            126.CS 55. 115   5
 6 6  6.64927E-05  9.20136E-01  9.20136E-01  1.70000E+01            126.CS 55. 116   6
 6 7  4.25304E-05  9.20465E-01  9.20465E-01  1.70000E+01            126.CS 55. 117   7
 6 3  2.00746E-04  9.24313E-01  9.24313E-01  1.70000E+01            126.CS 55. 118   3
 6 4  5.05602E-05  9.25240E-01  9.25240E-01  1.70000E+01            126.CS 55. 119   4
 118  1.38380E-01  9.29080E-01  9.29080E-01  0.00000E+00            126.CS 55. 120  18
 6 1  2.51200E-04  8.94524E-01  8.94524E-01  1.80000E+01            126.CS 55. 121   1
 6 5  2.92986E-05  9.23663E-01  9.23663E-01  1.80000E+01            126.CS 55. 122   5
 6 6  1.77575E-06  9.23976E-01  9.23976E-01  1.80000E+01            126.CS 55. 123   6
 6 7  1.02141E-06  9.24305E-01  9.24305E-01  1.80000E+01            126.CS 55. 124   7
 6 3  6.52926E-06  9.28154E-01  9.28154E-01  1.80000E+01            126.CS 55. 125   3
 6 4  1.64637E-06  9.29080E-01  9.29080E-01  1.80000E+01            126.CS 55. 126   4
 119  1.13960E-02  9.77100E-01  9.77100E-01  0.00000E+00            126.CS 55. 127  19
 120  4.88400E-03  9.83900E-01  9.83900E-01  0.00000E+00            126.CS 55. 128  20
 121  5.69800E-03  9.93100E-01  9.93100E-01  0.00000E+00            126.CS 55. 129  21
 122  2.84900E-01  1.03340E+00  1.03340E+00  0.00000E+00            126.CS 55. 130  22
 123  1.09890E-02  1.10180E+00  1.10180E+00  0.00000E+00            126.CS 55. 131  23
 6 1  1.25223E-05  1.06724E+00  1.06724E+00  2.30000E+01            126.CS 55. 132   1
 6 5  1.44841E-06  1.09638E+00  1.09638E+00  2.30000E+01            126.CS 55. 133   5
 6 6  8.73533E-08  1.09670E+00  1.09670E+00  2.30000E+01            126.CS 55. 134   6
 6 7  5.60686E-08  1.09703E+00  1.09703E+00  2.30000E+01            126.CS 55. 135   7
 6 3  3.24409E-07  1.10087E+00  1.10087E+00  2.30000E+01            126.CS 55. 136   3
 6 4  7.99590E-08  1.10180E+00  1.10180E+00  2.30000E+01            126.CS 55. 137   4
 124  1.87220E-02  1.13790E+00  1.13790E+00  0.00000E+00            126.CS 55. 138  24
 6 1  1.99513E-05  1.10334E+00  1.10334E+00  2.40000E+01            126.CS 55. 139   1
 6 5  2.30735E-06  1.13248E+00  1.13248E+00  2.40000E+01            126.CS 55. 140   5
 6 6  1.33418E-07  1.13280E+00  1.13280E+00  2.40000E+01            126.CS 55. 141   6
 6 7  8.57999E-08  1.13313E+00  1.13313E+00  2.40000E+01            126.CS 55. 142   7
 6 3  5.14821E-07  1.13697E+00  1.13697E+00  2.40000E+01            126.CS 55. 143   3
 6 4  1.26680E-07  1.13790E+00  1.13790E+00  2.40000E+01            126.CS 55. 144   4
 125  2.19780E-02  1.14440E+00  1.14440E+00  0.00000E+00            126.CS 55. 145  25
 6 1  2.31470E-05  1.10984E+00  1.10984E+00  2.50000E+01            126.CS 55. 146   1
 6 5  2.67687E-06  1.13898E+00  1.13898E+00  2.50000E+01            126.CS 55. 147   5
 6 6  1.53640E-07  1.13930E+00  1.13930E+00  2.50000E+01            126.CS 55. 148   6
 6 7  9.88420E-08  1.13963E+00  1.13963E+00  2.50000E+01            126.CS 55. 149   7
 6 3  5.96875E-07  1.14347E+00  1.14347E+00  2.50000E+01            126.CS 55. 150   3
 6 4  1.46827E-07  1.14440E+00  1.14440E+00  2.50000E+01            126.CS 55. 151   4
 126  5.49450E-02  1.18400E+00  1.18400E+00  0.00000E+00            126.CS 55. 152  26
 6 1  7.12020E-05  1.14944E+00  1.14944E+00  2.60000E+01            126.CS 55. 153   1
 6 5  8.41851E-06  1.17858E+00  1.17858E+00  2.60000E+01            126.CS 55. 154   5
 6 6  2.45851E-07  1.17890E+00  1.17890E+00  2.60000E+01            126.CS 55. 155   6
 6 7  8.55158E-08  1.17923E+00  1.17923E+00  2.60000E+01            126.CS 55. 156   7
 6 3  1.77398E-06  1.18307E+00  1.18307E+00  2.60000E+01            126.CS 55. 157   3
 6 4  4.43555E-07  1.18400E+00  1.18400E+00  2.60000E+01            126.CS 55. 158   4
 127  3.86650E-02  1.20640E+00  1.20640E+00  0.00000E+00            126.CS 55. 159  27
 6 1  4.29002E-05  1.17184E+00  1.17184E+00  2.70000E+01            126.CS 55. 160   1
 6 5  5.02929E-06  1.20098E+00  1.20098E+00  2.70000E+01            126.CS 55. 161   5
 6 6  1.92049E-07  1.20130E+00  1.20130E+00  2.70000E+01            126.CS 55. 162   6
 6 7  9.73502E-08  1.20163E+00  1.20163E+00  2.70000E+01            126.CS 55. 163   7
 6 3  1.08030E-06  1.20547E+00  1.20547E+00  2.70000E+01            126.CS 55. 164   3
 6 4  2.68032E-07  1.20640E+00  1.20640E+00  2.70000E+01            126.CS 55. 165   4
 128  6.10500E-03  1.21000E+00  1.21000E+00  0.00000E+00            126.CS 55. 166  28
 129  4.43630E-02  1.24749E+00  1.24749E+00  0.00000E+00            126.CS 55. 167  29
 6 1  5.11482E-05  1.21293E+00  1.21293E+00  2.90000E+01            126.CS 55. 168   1
 6 5  6.04554E-06  1.24207E+00  1.24207E+00  2.90000E+01            126.CS 55. 169   5
 6 6  1.71411E-07  1.24239E+00  1.24239E+00  2.90000E+01            126.CS 55. 170   6
 6 7  6.14165E-08  1.24272E+00  1.24272E+00  2.90000E+01            126.CS 55. 171   7
 6 3  1.27291E-06  1.24656E+00  1.24656E+00  2.90000E+01            126.CS 55. 172   3
 6 4  3.17838E-07  1.24749E+00  1.24749E+00  2.90000E+01            126.CS 55. 173   4
 130  3.29670E-01  1.28987E+00  1.28987E+00  0.00000E+00            126.CS 55. 174  30
 6 1  3.52855E-04  1.25531E+00  1.25531E+00  3.00000E+01            126.CS 55. 175   1
 6 5  4.16989E-05  1.28445E+00  1.28445E+00  3.00000E+01            126.CS 55. 176   5
 6 6  1.15993E-06  1.28477E+00  1.28477E+00  3.00000E+01            126.CS 55. 177   6
 6 7  4.23860E-07  1.28510E+00  1.28510E+00  3.00000E+01            126.CS 55. 178   7
 6 3  8.77469E-06  1.28894E+00  1.28894E+00  3.00000E+01            126.CS 55. 179   3
 6 4  2.18922E-06  1.28987E+00  1.28987E+00  3.00000E+01            126.CS 55. 180   4
 131  2.15710E-02  1.34890E+00  1.34890E+00  0.00000E+00            126.CS 55. 181  31
 6 1  1.63097E-05  1.31434E+00  1.31434E+00  3.10000E+01            126.CS 55. 182   1
 6 5  1.88678E-06  1.34348E+00  1.34348E+00  3.10000E+01            126.CS 55. 183   5
 6 6  8.76609E-08  1.34380E+00  1.34380E+00  3.10000E+01            126.CS 55. 184   6
 6 7  5.72579E-08  1.34413E+00  1.34413E+00  3.10000E+01            126.CS 55. 185   7
 6 3  4.13451E-07  1.34797E+00  1.34797E+00  3.10000E+01            126.CS 55. 186   3
 6 4  1.00719E-07  1.34890E+00  1.34890E+00  3.10000E+01            126.CS 55. 187   4
 132  3.74440E-02  1.37190E+00  1.37190E+00  0.00000E+00            126.CS 55. 188  32
 6 1  2.73854E-05  1.33734E+00  1.33734E+00  3.20000E+01            126.CS 55. 189   1
 6 5  3.16873E-06  1.36648E+00  1.36648E+00  3.20000E+01            126.CS 55. 190   5
 6 6  1.44106E-07  1.36680E+00  1.36680E+00  3.20000E+01            126.CS 55. 191   6
 6 7  9.43136E-08  1.36713E+00  1.36713E+00  3.20000E+01            126.CS 55. 192   7
 6 3  6.93229E-07  1.37097E+00  1.37097E+00  3.20000E+01            126.CS 55. 193   3
 6 4  1.68689E-07  1.37190E+00  1.37190E+00  3.20000E+01            126.CS 55. 194   4
 133  4.47700E-03  1.43020E+00  1.43020E+00  0.00000E+00            126.CS 55. 195  33
 134  8.14000E-02  1.46730E+00  1.46730E+00  0.00000E+00            126.CS 55. 196  34
 135  3.09320E-02  1.51360E+00  1.51360E+00  0.00000E+00            126.CS 55. 197  35
 6 1  9.20980E-05  1.47904E+00  1.47904E+00  3.50000E+01            126.CS 55. 198   1
 6 5  1.13791E-05  1.50818E+00  1.50818E+00  3.50000E+01            126.CS 55. 199   5
 6 6  6.14498E-07  1.50850E+00  1.50850E+00  3.50000E+01            126.CS 55. 200   6
 6 7  1.48571E-07  1.50883E+00  1.50883E+00  3.50000E+01            126.CS 55. 201   7
 6 3  2.47888E-06  1.51267E+00  1.51267E+00  3.50000E+01            126.CS 55. 202   3
 6 4  5.99979E-07  1.51360E+00  1.51360E+00  3.50000E+01            126.CS 55. 203   4
 136  3.05250E-02  1.53940E+00  1.53940E+00  0.00000E+00            126.CS 55. 204  36
 6 1  2.21590E-05  1.50484E+00  1.50484E+00  3.60000E+01            126.CS 55. 205   1
 6 5  2.61667E-06  1.53398E+00  1.53398E+00  3.60000E+01            126.CS 55. 206   5
 6 6  6.56207E-08  1.53430E+00  1.53430E+00  3.60000E+01            126.CS 55. 207   6
 6 7  2.68592E-08  1.53463E+00  1.53463E+00  3.60000E+01            126.CS 55. 208   7
 6 3  5.48195E-07  1.53847E+00  1.53847E+00  3.60000E+01            126.CS 55. 209   3
 6 4  1.36364E-07  1.53940E+00  1.53940E+00  3.60000E+01            126.CS 55. 210   4
 137  8.38420E-02  1.57560E+00  1.57560E+00  0.00000E+00            126.CS 55. 211  37
 6 1  5.78761E-05  1.54104E+00  1.54104E+00  3.70000E+01            126.CS 55. 212   1
 6 5  6.83370E-06  1.57018E+00  1.57018E+00  3.70000E+01            126.CS 55. 213   5
 6 6  1.69004E-07  1.57050E+00  1.57050E+00  3.70000E+01            126.CS 55. 214   6
 6 7  7.02957E-08  1.57083E+00  1.57083E+00  3.70000E+01            126.CS 55. 215   7
 6 3  1.43055E-06  1.57467E+00  1.57467E+00  3.70000E+01            126.CS 55. 216   3
 6 4  3.55787E-07  1.57560E+00  1.57560E+00  3.70000E+01            126.CS 55. 217   4
 138  1.43264E-01  1.60943E+00  1.60943E+00  0.00000E+00            126.CS 55. 218  38
 6 1  9.44633E-05  1.57487E+00  1.57487E+00  3.80000E+01            126.CS 55. 219   1
 6 5  1.11527E-05  1.60401E+00  1.60401E+00  3.80000E+01            126.CS 55. 220   5
 6 6  2.72309E-07  1.60433E+00  1.60433E+00  3.80000E+01            126.CS 55. 221   6
 6 7  1.14968E-07  1.60466E+00  1.60466E+00  3.80000E+01            126.CS 55. 222   7
 6 3  2.33291E-06  1.60850E+00  1.60850E+00  3.80000E+01            126.CS 55. 223   3
 6 4  5.80139E-07  1.60943E+00  1.60943E+00  3.80000E+01            126.CS 55. 224   4
 139  1.18030E-02  1.61620E+00  1.61620E+00  0.00000E+00            126.CS 55. 225  39
 6 1  3.03389E-06  1.58164E+00  1.58164E+00  3.90000E+01            126.CS 55. 226   1
 6 5  3.46762E-07  1.61078E+00  1.61078E+00  3.90000E+01            126.CS 55. 227   5
 6 6  5.82654E-09  1.61110E+00  1.61110E+00  3.90000E+01            126.CS 55. 228   6
 6 7  9.72884E-09  1.61143E+00  1.61143E+00  3.90000E+01            126.CS 55. 229   7
 6 3  7.29376E-08  1.61527E+00  1.61527E+00  3.90000E+01            126.CS 55. 230   3
 6 4  1.78083E-08  1.61620E+00  1.61620E+00  3.90000E+01            126.CS 55. 231   4
 140  2.80830E-01  1.62265E+00  1.62265E+00  0.00000E+00            126.CS 55. 232  40
 6 1  1.48683E-04  1.58809E+00  1.58809E+00  4.00000E+01            126.CS 55. 233   1
 6 5  1.72923E-05  1.61723E+00  1.61723E+00  4.00000E+01            126.CS 55. 234   5
 6 6  6.38709E-07  1.61755E+00  1.61755E+00  4.00000E+01            126.CS 55. 235   6
 6 7  4.27734E-07  1.61788E+00  1.61788E+00  4.00000E+01            126.CS 55. 236   7
 6 3  3.72551E-06  1.62172E+00  1.62172E+00  4.00000E+01            126.CS 55. 237   3
 6 4  8.95951E-07  1.62265E+00  1.62265E+00  4.00000E+01            126.CS 55. 238   4
 141  1.22100E-02  1.64110E+00  1.64110E+00  0.00000E+00            126.CS 55. 239  41
 6 1  6.32789E-06  1.60654E+00  1.60654E+00  4.10000E+01            126.CS 55. 240   1
 6 5  7.36386E-07  1.63568E+00  1.63568E+00  4.10000E+01            126.CS 55. 241   5
 6 6  2.68289E-08  1.63600E+00  1.63600E+00  4.10000E+01            126.CS 55. 242   6
 6 7  1.79980E-08  1.63633E+00  1.63633E+00  4.10000E+01            126.CS 55. 243   7
 6 3  1.58492E-07  1.64017E+00  1.64017E+00  4.10000E+01            126.CS 55. 244   3
 6 4  3.80839E-08  1.64110E+00  1.64110E+00  4.10000E+01            126.CS 55. 245   4
 142  1.46520E-01  1.67550E+00  1.67550E+00  0.00000E+00            126.CS 55. 246  42
 6 1  8.86110E-05  1.64094E+00  1.64094E+00  4.20000E+01            126.CS 55. 247   1
 6 5  1.04597E-05  1.67008E+00  1.67008E+00  4.20000E+01            126.CS 55. 248   5
 6 6  2.49235E-07  1.67040E+00  1.67040E+00  4.20000E+01            126.CS 55. 249   6
 6 7  1.08312E-07  1.67073E+00  1.67073E+00  4.20000E+01            126.CS 55. 250   7
 6 3  2.18454E-06  1.67457E+00  1.67457E+00  4.20000E+01            126.CS 55. 251   3
 6 4  5.43198E-07  1.67550E+00  1.67550E+00  4.20000E+01            126.CS 55. 252   4
 143  7.57020E-01  1.67851E+00  1.67851E+00  0.00000E+00            126.CS 55. 253  43
 6 1  3.76023E-04  1.64395E+00  1.64395E+00  4.30000E+01            126.CS 55. 254   1
 6 5  4.38145E-05  1.67309E+00  1.67309E+00  4.30000E+01            126.CS 55. 255   5
 6 6  1.55348E-06  1.67341E+00  1.67341E+00  4.30000E+01            126.CS 55. 256   6
 6 7  1.04579E-06  1.67374E+00  1.67374E+00  4.30000E+01            126.CS 55. 257   7
 6 3  9.41167E-06  1.67758E+00  1.67758E+00  4.30000E+01            126.CS 55. 258   3
 6 4  2.25771E-06  1.67851E+00  1.67851E+00  4.30000E+01            126.CS 55. 259   4
 144  7.73300E-03  1.68700E+00  1.68700E+00  0.00000E+00            126.CS 55. 260  44
 145  4.88400E-03  1.76820E+00  1.76820E+00  0.00000E+00            126.CS 55. 261  45
 146  2.23850E-02  1.82690E+00  1.82690E+00  0.00000E+00            126.CS 55. 262  46
 6 1  1.12621E-05  1.79234E+00  1.79234E+00  4.60000E+01            126.CS 55. 263   1
 6 5  1.32870E-06  1.82148E+00  1.82148E+00  4.60000E+01            126.CS 55. 264   5
 6 6  3.00222E-08  1.82180E+00  1.82180E+00  4.60000E+01            126.CS 55. 265   6
 6 7  1.39217E-08  1.82213E+00  1.82213E+00  4.60000E+01            126.CS 55. 266   7
 6 3  2.76406E-07  1.82597E+00  1.82597E+00  4.60000E+01            126.CS 55. 267   3
 6 4  6.87650E-08  1.82690E+00  1.82690E+00  4.60000E+01            126.CS 55. 268   4
 147  2.72690E-02  1.83990E+00  1.83990E+00  0.00000E+00            126.CS 55. 269  47
 6 1  1.14126E-05  1.80534E+00  1.80534E+00  4.70000E+01            126.CS 55. 270   1
 6 5  1.33899E-06  1.83448E+00  1.83448E+00  4.70000E+01            126.CS 55. 271   5
 6 6  4.25748E-08  1.83480E+00  1.83480E+00  4.70000E+01            126.CS 55. 272   6
 6 7  2.90905E-08  1.83513E+00  1.83513E+00  4.70000E+01            126.CS 55. 273   7
 6 3  2.85351E-07  1.83897E+00  1.83897E+00  4.70000E+01            126.CS 55. 274   3
 6 4  6.79700E-08  1.83990E+00  1.83990E+00  4.70000E+01            126.CS 55. 275   4
 148  8.95400E-03  1.91670E+00  1.91670E+00  0.00000E+00            126.CS 55. 276  48
 6 1  3.45784E-06  1.88214E+00  1.88214E+00  4.80000E+01            126.CS 55. 277   1
 6 5  4.09306E-07  1.91128E+00  1.91128E+00  4.80000E+01            126.CS 55. 278   5
 6 6  1.24103E-08  1.91160E+00  1.91160E+00  4.80000E+01            126.CS 55. 279   6
 6 7  8.00524E-09  1.91193E+00  1.91193E+00  4.80000E+01            126.CS 55. 280   7
 6 3  8.67812E-08  1.91577E+00  1.91577E+00  4.80000E+01            126.CS 55. 281   3
 6 4  2.06109E-08  1.91670E+00  1.91670E+00  4.80000E+01            126.CS 55. 282   4
 149  9.76800E-03  1.95110E+00  1.95110E+00  0.00000E+00            126.CS 55. 283  49
 6 1  3.65012E-06  1.91654E+00  1.91654E+00  4.90000E+01            126.CS 55. 284   1
 6 5  4.32969E-07  1.94568E+00  1.94568E+00  4.90000E+01            126.CS 55. 285   5
 6 6  1.28618E-08  1.94600E+00  1.94600E+00  4.90000E+01            126.CS 55. 286   6
 6 7  8.26182E-09  1.94633E+00  1.94633E+00  4.90000E+01            126.CS 55. 287   7
 6 3  9.16427E-08  1.95017E+00  1.95017E+00  4.90000E+01            126.CS 55. 288   3
 6 4  2.17353E-08  1.95110E+00  1.95110E+00  4.90000E+01            126.CS 55. 289   4
 150  2.07570E-01  1.95859E+00  1.95859E+00  0.00000E+00            126.CS 55. 290  50
 6 1  7.70185E-05  1.92403E+00  1.92403E+00  5.00000E+01            126.CS 55. 291   1
 6 5  9.13996E-06  1.95317E+00  1.95317E+00  5.00000E+01            126.CS 55. 292   5
 6 6  2.70321E-07  1.95349E+00  1.95349E+00  5.00000E+01            126.CS 55. 293   6
 6 7  1.73479E-07  1.95382E+00  1.95382E+00  5.00000E+01            126.CS 55. 294   7
 6 3  1.93387E-06  1.95766E+00  1.95766E+00  5.00000E+01            126.CS 55. 295   3
 6 4  4.58526E-07  1.95859E+00  1.95859E+00  5.00000E+01            126.CS 55. 296   4
 151  3.25600E-03  1.96980E+00  1.96980E+00  0.00000E+00            126.CS 55. 297  51
 6 1  1.32005E-06  1.93524E+00  1.93524E+00  5.10000E+01            126.CS 55. 298   1
 6 5  1.55951E-07  1.96438E+00  1.96438E+00  5.10000E+01            126.CS 55. 299   5
 6 6  3.79550E-09  1.96470E+00  1.96470E+00  5.10000E+01            126.CS 55. 300   6
 6 7  2.06243E-09  1.96503E+00  1.96503E+00  5.10000E+01            126.CS 55. 301   7
 6 3  3.25300E-08  1.96887E+00  1.96887E+00  5.10000E+01            126.CS 55. 302   3
 6 4  7.96272E-09  1.96980E+00  1.96980E+00  5.10000E+01            126.CS 55. 303   4
 152  2.84900E-02  2.01330E+00  2.01330E+00  0.00000E+00            126.CS 55. 304  52
 6 1  1.17034E-05  1.97874E+00  1.97874E+00  5.20000E+01            126.CS 55. 305   1
 6 5  1.37842E-06  2.00788E+00  2.00788E+00  5.20000E+01            126.CS 55. 306   5
 6 6  2.93095E-08  2.00820E+00  2.00820E+00  5.20000E+01            126.CS 55. 307   6
 6 7  1.39465E-08  2.00853E+00  2.00853E+00  5.20000E+01            126.CS 55. 308   7
 6 3  2.84923E-07  2.01237E+00  2.01237E+00  5.20000E+01            126.CS 55. 309   3
 6 4  7.10332E-08  2.01330E+00  2.01330E+00  5.20000E+01            126.CS 55. 310   4
 153  6.91900E-03  2.02010E+00  2.02010E+00  0.00000E+00            126.CS 55. 311  53
 6 1  2.42535E-06  1.98554E+00  1.98554E+00  5.30000E+01            126.CS 55. 312   1
 6 5  2.88930E-07  2.01468E+00  2.01468E+00  5.30000E+01            126.CS 55. 313   5
 6 6  8.24949E-09  2.01500E+00  2.01500E+00  5.30000E+01            126.CS 55. 314   6
 6 7  5.25113E-09  2.01533E+00  2.01533E+00  5.30000E+01            126.CS 55. 315   7
 6 3  6.09516E-08  2.01917E+00  2.01917E+00  5.30000E+01            126.CS 55. 316   3
 6 4  1.44167E-08  2.02010E+00  2.02010E+00  5.30000E+01            126.CS 55. 317   4
 154  1.70940E-02  2.03030E+00  2.03030E+00  0.00000E+00            126.CS 55. 318  54
 6 1  6.90048E-06  1.99574E+00  1.99574E+00  5.40000E+01            126.CS 55. 319   1
 6 5  8.12662E-07  2.02488E+00  2.02488E+00  5.40000E+01            126.CS 55. 320   5
 6 6  1.71882E-08  2.02520E+00  2.02520E+00  5.40000E+01            126.CS 55. 321   6
 6 7  8.21613E-09  2.02553E+00  2.02553E+00  5.40000E+01            126.CS 55. 322   7
 6 3  1.67882E-07  2.02937E+00  2.02937E+00  5.40000E+01            126.CS 55. 323   3
 6 4  4.18643E-08  2.03030E+00  2.03030E+00  5.40000E+01            126.CS 55. 324   4
 155  3.37810E-01  2.06680E+00  2.06680E+00  0.00000E+00            126.CS 55. 325  55
 6 1  1.31423E-04  2.03224E+00  2.03224E+00  5.50000E+01            126.CS 55. 326   1
 6 5  1.54746E-05  2.06138E+00  2.06138E+00  5.50000E+01            126.CS 55. 327   5
 6 6  3.23625E-07  2.06170E+00  2.06170E+00  5.50000E+01            126.CS 55. 328   6
 6 7  1.56189E-07  2.06203E+00  2.06203E+00  5.50000E+01            126.CS 55. 329   7
 6 3  3.19272E-06  2.06587E+00  2.06587E+00  5.50000E+01            126.CS 55. 330   3
 6 4  7.96611E-07  2.06680E+00  2.06680E+00  5.50000E+01            126.CS 55. 331   4
 156  1.05820E-02  2.08620E+00  2.08620E+00  0.00000E+00            126.CS 55. 332  56
 6 1  3.49734E-06  2.05164E+00  2.05164E+00  5.60000E+01            126.CS 55. 333   1
 6 5  4.18412E-07  2.08078E+00  2.08078E+00  5.60000E+01            126.CS 55. 334   5
 6 6  1.15210E-08  2.08110E+00  2.08110E+00  5.60000E+01            126.CS 55. 335   6
 6 7  7.26406E-09  2.08143E+00  2.08143E+00  5.60000E+01            126.CS 55. 336   7
 6 3  8.79908E-08  2.08527E+00  2.08527E+00  5.60000E+01            126.CS 55. 337   3
 6 4  2.07591E-08  2.08620E+00  2.08620E+00  5.60000E+01            126.CS 55. 338   4
 157  5.29100E-02  2.10090E+00  2.10090E+00  0.00000E+00            126.CS 55. 339  57
 6 1  1.98997E-05  2.06634E+00  2.06634E+00  5.70000E+01            126.CS 55. 340   1
 6 5  2.34273E-06  2.09548E+00  2.09548E+00  5.70000E+01            126.CS 55. 341   5
 6 6  4.84874E-08  2.09580E+00  2.09580E+00  5.70000E+01            126.CS 55. 342   6
 6 7  2.36073E-08  2.09613E+00  2.09613E+00  5.70000E+01            126.CS 55. 343   7
 6 3  4.82764E-07  2.09997E+00  2.09997E+00  5.70000E+01            126.CS 55. 344   3
 6 4  1.20522E-07  2.10090E+00  2.10090E+00  5.70000E+01            126.CS 55. 345   4
 158  9.36100E-03  2.11400E+00  2.11400E+00  0.00000E+00            126.CS 55. 346  58
 6 1  3.02015E-06  2.07944E+00  2.07944E+00  5.80000E+01            126.CS 55. 347   1
 6 5  3.61982E-07  2.10858E+00  2.10858E+00  5.80000E+01            126.CS 55. 348   5
 6 6  9.82089E-09  2.10890E+00  2.10890E+00  5.80000E+01            126.CS 55. 349   6
 6 7  6.16607E-09  2.10923E+00  2.10923E+00  5.80000E+01            126.CS 55. 350   7
 6 3  7.60250E-08  2.11307E+00  2.11307E+00  5.80000E+01            126.CS 55. 351   3
 6 4  1.79172E-08  2.11400E+00  2.11400E+00  5.80000E+01            126.CS 55. 352   4
 159  4.11070E-02  2.13210E+00  2.13210E+00  0.00000E+00            126.CS 55. 353  59
 6 1  1.30586E-05  2.09754E+00  2.09754E+00  5.90000E+01            126.CS 55. 354   1
 6 5  1.56702E-06  2.12668E+00  2.12668E+00  5.90000E+01            126.CS 55. 355   5
 6 6  4.21137E-08  2.12700E+00  2.12700E+00  5.90000E+01            126.CS 55. 356   6
 6 7  2.63668E-08  2.12733E+00  2.12733E+00  5.90000E+01            126.CS 55. 357   7
 6 3  3.28837E-07  2.13117E+00  2.13117E+00  5.90000E+01            126.CS 55. 358   3
 6 4  7.74459E-08  2.13210E+00  2.13210E+00  5.90000E+01            126.CS 55. 359   4
 160  2.44200E-02  2.15500E+00  2.15500E+00  0.00000E+00            126.CS 55. 360  60
 161  1.18437E-01  2.17650E+00  2.17650E+00  0.00000E+00            126.CS 55. 361  61
 6 1  4.09913E-05  2.14194E+00  2.14194E+00  6.10000E+01            126.CS 55. 362   1
 6 5  4.83198E-06  2.17108E+00  2.17108E+00  6.10000E+01            126.CS 55. 363   5
 6 6  9.99500E-08  2.17140E+00  2.17140E+00  6.10000E+01            126.CS 55. 364   6
 6 7  5.07718E-08  2.17173E+00  2.17173E+00  6.10000E+01            126.CS 55. 365   7
 6 3  9.94374E-07  2.17557E+00  2.17557E+00  6.10000E+01            126.CS 55. 366   3
 6 4  2.47470E-07  2.17650E+00  2.17650E+00  6.10000E+01            126.CS 55. 367   4
 162  5.29100E-03  2.21480E+00  2.21480E+00  0.00000E+00            126.CS 55. 368  62
 6 1  1.78533E-06  2.18024E+00  2.18024E+00  6.20000E+01            126.CS 55. 369   1
 6 5  2.10063E-07  2.20938E+00  2.20938E+00  6.20000E+01            126.CS 55. 370   5
 6 6  4.20341E-09  2.20970E+00  2.20970E+00  6.20000E+01            126.CS 55. 371   6
 6 7  2.10442E-09  2.21003E+00  2.21003E+00  6.20000E+01            126.CS 55. 372   7
 6 3  4.31050E-08  2.21387E+00  2.21387E+00  6.20000E+01            126.CS 55. 373   3
 6 4  1.07846E-08  2.21480E+00  2.21480E+00  6.20000E+01            126.CS 55. 374   4
 163  2.44200E-03  2.28120E+00  2.28120E+00  0.00000E+00            126.CS 55. 375  63
 164  1.01750E-02  2.33800E+00  2.33800E+00  0.00000E+00            126.CS 55. 376  64
 165  4.47700E-03  2.35870E+00  2.35870E+00  0.00000E+00            126.CS 55. 377  65
 6 1  1.18611E-06  2.32414E+00  2.32414E+00  6.50000E+01            126.CS 55. 378   1
 6 5  1.27696E-07  2.35328E+00  2.35328E+00  6.50000E+01            126.CS 55. 379   5
 6 6  2.90155E-09  2.35360E+00  2.35360E+00  6.50000E+01            126.CS 55. 380   6
 6 7  2.09585E-09  2.35393E+00  2.35393E+00  6.50000E+01            126.CS 55. 381   7
 6 3  2.69155E-08  2.35777E+00  2.35777E+00  6.50000E+01            126.CS 55. 382   3
 6 4  6.36244E-09  2.35870E+00  2.35870E+00  6.50000E+01            126.CS 55. 383   4
 166  7.73300E-03  2.37080E+00  2.37080E+00  0.00000E+00            126.CS 55. 384  66
 6 1  2.03017E-06  2.33624E+00  2.33624E+00  6.60000E+01            126.CS 55. 385   1
 6 5  2.18293E-07  2.36538E+00  2.36538E+00  6.60000E+01            126.CS 55. 386   5
 6 6  4.92759E-09  2.36570E+00  2.36570E+00  6.60000E+01            126.CS 55. 387   6
 6 7  3.56281E-09  2.36603E+00  2.36603E+00  6.60000E+01            126.CS 55. 388   7
 6 3  4.60001E-08  2.36987E+00  2.36987E+00  6.60000E+01            126.CS 55. 389   3
 6 4  1.08712E-08  2.37080E+00  2.37080E+00  6.60000E+01            126.CS 55. 390   4
 167  1.31054E-01  2.40760E+00  2.40760E+00  0.00000E+00            126.CS 55. 391  67
 6 1  3.34775E-05  2.37304E+00  2.37304E+00  6.70000E+01            126.CS 55. 392   1
 6 5  3.58593E-06  2.40218E+00  2.40218E+00  6.70000E+01            126.CS 55. 393   5
 6 6  7.93584E-08  2.40250E+00  2.40250E+00  6.70000E+01            126.CS 55. 394   6
 6 7  5.75490E-08  2.40283E+00  2.40283E+00  6.70000E+01            126.CS 55. 395   7
 6 3  7.55098E-07  2.40667E+00  2.40667E+00  6.70000E+01            126.CS 55. 396   3
 6 4  1.78324E-07  2.40760E+00  2.40760E+00  6.70000E+01            126.CS 55. 397   4
 168  4.47700E-03  2.42530E+00  2.42530E+00  0.00000E+00            126.CS 55. 398  68
 169  6.14570E-02  2.45530E+00  2.45530E+00  0.00000E+00            126.CS 55. 399  69
 6 1  1.68233E-05  2.42074E+00  2.42074E+00  6.90000E+01            126.CS 55. 400   1
 6 5  1.84770E-06  2.44988E+00  2.44988E+00  6.90000E+01            126.CS 55. 401   5
 6 6  3.55964E-08  2.45020E+00  2.45020E+00  6.90000E+01            126.CS 55. 402   6
 6 7  1.95302E-08  2.45053E+00  2.45053E+00  6.90000E+01            126.CS 55. 403   7
 6 3  3.85009E-07  2.45437E+00  2.45437E+00  6.90000E+01            126.CS 55. 404   3
 6 4  9.47245E-08  2.45530E+00  2.45530E+00  6.90000E+01            126.CS 55. 405   4
 170  4.88400E-02  2.50460E+00  2.50460E+00  0.00000E+00            126.CS 55. 406  70
 6 1  1.28463E-05  2.47004E+00  2.47004E+00  7.00000E+01            126.CS 55. 407   1
 6 5  1.40439E-06  2.49918E+00  2.49918E+00  7.00000E+01            126.CS 55. 408   5
 6 6  2.67530E-08  2.49950E+00  2.49950E+00  7.00000E+01            126.CS 55. 409   6
 6 7  1.48633E-08  2.49983E+00  2.49983E+00  7.00000E+01            126.CS 55. 410   7
 6 3  2.92574E-07  2.50367E+00  2.50367E+00  7.00000E+01            126.CS 55. 411   3
 6 4  7.19511E-08  2.50460E+00  2.50460E+00  7.00000E+01            126.CS 55. 412   4
 171  4.88400E-03  2.51230E+00  2.51230E+00  0.00000E+00            126.CS 55. 413  71
 172  1.54660E-02  2.52470E+00  2.52470E+00  0.00000E+00            126.CS 55. 414  72
 174  3.05250E-02  2.56630E+00  2.56630E+00  0.00000E+00            126.CS 55. 415  74
 175  1.66870E-02  2.58130E+00  2.58130E+00  0.00000E+00            126.CS 55. 416  75
 176  6.51200E-03  2.64480E+00  2.64480E+00  0.00000E+00            126.CS 55. 417  76
 177  6.10500E-03  2.65680E+00  2.65680E+00  0.00000E+00            126.CS 55. 418  77
 178  2.44200E-03  2.87610E+00  2.87610E+00  0.00000E+00            126.CS 55. 419  78
 179  5.69800E-03  2.89310E+00  2.89310E+00  0.00000E+00            126.CS 55. 420  79
 6 1  1.05659E-06  2.85854E+00  2.85854E+00  7.90000E+01            126.CS 55. 421   1
 6 5  1.07496E-07  2.88768E+00  2.88768E+00  7.90000E+01            126.CS 55. 422   5
 6 6  1.87831E-09  2.88800E+00  2.88800E+00  7.90000E+01            126.CS 55. 423   6
 6 7  1.41112E-09  2.88833E+00  2.88833E+00  7.90000E+01            126.CS 55. 424   7
 6 3  2.24607E-08  2.89217E+00  2.89217E+00  7.90000E+01            126.CS 55. 425   3
 6 4  5.26073E-09  2.89310E+00  2.89310E+00  7.90000E+01            126.CS 55. 426   4
 180  4.88400E-03  2.91810E+00  2.91810E+00  0.00000E+00            126.CS 55. 427  80
 181  2.03500E-03  2.98810E+00  2.98810E+00  0.00000E+00            126.CS 55. 428  81
 182  6.51200E-03  3.14950E+00  3.14950E+00  0.00000E+00            126.CS 55. 429  82
 183  8.14000E-03  3.17550E+00  3.17550E+00  0.00000E+00            126.CS 55. 430  83
 184  2.84900E-03  3.20710E+00  3.20710E+00  0.00000E+00            126.CS 55. 431  84
 2 1  4.33220E+00  2.94521E-02  2.94521E-02  0.00000E+00            126.CS 55. 432   1
 2 2  8.02302E+00  2.97812E-02  2.97812E-02  0.00000E+00            126.CS 55. 433   2
 2 3  7.53139E-01  3.35665E-02  3.35665E-02  0.00000E+00            126.CS 55. 434   3
 2 4  1.46011E+00  3.36295E-02  3.36295E-02  0.00000E+00            126.CS 55. 435   4
 2 5  7.42900E-03  3.38651E-02  3.38651E-02  0.00000E+00            126.CS 55. 436   5
 2 6  1.01455E-02  3.38785E-02  3.38785E-02  0.00000E+00            126.CS 55. 437   6
 2 7  1.57907E-01  3.43952E-02  3.43952E-02  0.00000E+00            126.CS 55. 438   7
 2 8  3.07971E-01  3.44080E-02  3.44080E-02  0.00000E+00            126.CS 55. 439   8
 2 9  1.38485E-03  3.44862E-02  3.44862E-02  0.00000E+00            126.CS 55. 440   9
 210  1.88762E-03  3.44882E-02  3.44882E-02  0.00000E+00            126.CS 55. 441  10
 211  1.61831E-02  3.45436E-02  3.45436E-02  0.00000E+00            126.CS 55. 442  11
 212  3.06008E-02  3.45450E-02  3.45450E-02  0.00000E+00            126.CS 55. 443  12
 221  5.99645E-05  3.13000E-04  3.13000E-04  0.00000E+00            126.CS 55. 444  21
 222  1.12836E-03  6.42201E-04  6.42201E-04  0.00000E+00            126.CS 55. 445  22
 223  4.19602E-02  4.42743E-03  4.42743E-03  0.00000E+00            126.CS 55. 446  23
 224  6.61182E-02  4.49034E-03  4.49034E-03  0.00000E+00            126.CS 55. 447  24
 225  6.25155E-04  4.72599E-03  4.72599E-03  0.00000E+00            126.CS 55. 448  25
 226  9.33259E-04  4.73937E-03  4.73937E-03  0.00000E+00            126.CS 55. 449  26
 227  9.04487E-03  5.25621E-03  5.25621E-03  0.00000E+00            126.CS 55. 450  27
 228  1.46252E-02  5.26892E-03  5.26892E-03  0.00000E+00            126.CS 55. 451  28
 229  7.60378E-05  5.34706E-03  5.34706E-03  0.00000E+00            126.CS 55. 452  29
 230  1.15498E-04  5.34913E-03  5.34913E-03  0.00000E+00            126.CS 55. 453  30
 231  1.02807E-03  5.40454E-03  5.40454E-03  0.00000E+00            126.CS 55. 454  31
 232  1.59665E-03  5.40593E-03  5.40593E-03  0.00000E+00            126.CS 55. 455  32
 241  4.09949E-07  3.29199E-04  3.29199E-04  0.00000E+00            126.CS 55. 456  41
 242  2.34539E-02  3.98191E-03  3.98191E-03  0.00000E+00            126.CS 55. 457  42
 243  3.39031E-04  4.17734E-03  4.17734E-03  0.00000E+00            126.CS 55. 458  43
 244  4.36030E-01  4.41300E-03  4.41300E-03  0.00000E+00            126.CS 55. 459  44
 245  3.34619E-03  4.89553E-03  4.89553E-03  0.00000E+00            126.CS 55. 460  45
 246  4.19267E-05  4.95593E-03  4.95593E-03  0.00000E+00            126.CS 55. 461  46
 247  6.50916E-02  5.03405E-03  5.03405E-03  0.00000E+00            126.CS 55. 462  47
 249  4.01619E-04  5.08031E-03  5.08031E-03  0.00000E+00            126.CS 55. 463  49
 250  4.58009E-06  5.09294E-03  5.09294E-03  0.00000E+00            126.CS 55. 464  50
 261  8.29946E-02  3.65269E-03  3.65269E-03  0.00000E+00            126.CS 55. 465  61
 262  4.58197E-04  3.78523E-03  3.78523E-03  0.00000E+00            126.CS 55. 466  62
 263  4.26591E-04  3.84813E-03  3.84813E-03  0.00000E+00            126.CS 55. 467  63
 264  8.47842E-02  4.08379E-03  4.08379E-03  0.00000E+00            126.CS 55. 468  64
 265  7.51426E-01  4.09719E-03  4.09719E-03  0.00000E+00            126.CS 55. 469  65
 266  7.31191E-03  4.56633E-03  4.56633E-03  0.00000E+00            126.CS 55. 470  66
 267  4.03253E-05  4.61402E-03  4.61402E-03  0.00000E+00            126.CS 55. 471  67
 268  3.86930E-05  4.62673E-03  4.62673E-03  0.00000E+00            126.CS 55. 472  68
 269  1.23300E-02  4.70486E-03  4.70486E-03  0.00000E+00            126.CS 55. 473  69
 270  1.09955E-01  4.70692E-03  4.70692E-03  0.00000E+00            126.CS 55. 474  70
 273  1.02947E-03  4.75109E-03  4.75109E-03  0.00000E+00            126.CS 55. 475  73
 274  4.56075E-06  4.76235E-03  4.76235E-03  0.00000E+00            126.CS 55. 476  74
 275  4.21103E-06  4.76373E-03  4.76373E-03  0.00000E+00            126.CS 55. 477  75
 291  9.48803E-02  6.08502E-04  6.08502E-04  0.00000E+00            126.CS 55. 478  91
 292  2.33577E-03  9.22472E-05  9.22472E-05  0.00000E+00            126.CS 55. 479  92
 294  2.34696E+02  1.66177E-05  1.66177E-05  0.00000E+00            126.CS 55. 480  94
 7 1  1.21799E+00  2.44715E-02  2.44715E-02  0.00000E+00            126.CS 55. 481   1
 7 2  5.44901E-01  2.86854E-02  2.86854E-02  0.00000E+00            126.CS 55. 482   2
 7 3  5.85715E-02  3.29032E-02  3.29032E-02  0.00000E+00            126.CS 55. 483   3
 7 4  2.63571E+00  3.21708E-04  3.21708E-04  0.00000E+00            126.CS 55. 484   4
 7 5  1.20502E+01  3.32531E-03  3.32531E-03  0.00000E+00            126.CS 55. 485   5
 7 6  3.57491E+00  4.00261E-03  4.00261E-03  0.00000E+00            126.CS 55. 486   6
 7 7  2.71566E-01  4.70690E-03  4.70690E-03  0.00000E+00            126.CS 55. 487   7
 7 8  1.37676E+01  1.23736E-04  1.23736E-04  0.00000E+00            126.CS 55. 488   8
 7 9  3.05797E+01  5.05166E-04  5.05166E-04  0.00000E+00            126.CS 55. 489   9
 710  1.75031E+00  6.17439E-04  6.17439E-04  0.00000E+00            126.CS 55. 490  10
 711  1.17987E-02  7.68073E-04  7.68073E-04  0.00000E+00            126.CS 55. 491  11
 712  3.65989E+01  2.61864E-05  2.61864E-05  0.00000E+00            126.CS 55. 492  12
 713  1.11619E+02  3.62432E-05  3.62432E-05  0.00000E+00            126.CS 55. 493  13
%%%% 126 CS  55    EC B+        9.84000E+01 1.64 M     02-11-2005       SEEIEND 
 


   ***************************************************** 
   *                 Radiation Summary                 * 
   ***************************************************** 
 
  Energy released by
    Gamma-ray                       (MeV) =   3.08508E-01
    X-ray                           (MeV) =   4.66663E-03
    Free-bound X-ray                (MeV) =   3.90009E-05
    Annihilation photon             (MeV) =   8.28281E-01
    Beta+ particle                  (MeV) =   1.31478E+00
    Neutrino                        (MeV) =   2.36426E+00
    Beta- particle                  (MeV) =   0.00000E+00
    Neutrino-                       (MeV) =   0.00000E+00
    Internal conv. electron         (MeV) =   3.22649E-03
    Auger and CK electron           (MeV) =   1.27115E-03
    Alpha particle                  (MeV) =   0.00000E+00
    Recoil nucleus                  (MeV) =   0.00000E+00
  E-total (except unplaced radiat.) (MeV) =   4.82504E+00
  E-unplaced radiation              (MeV) =   1.30122E-02
  Q-value from ENSDF data           (MeV) =   4.82400E+00
  Ratio of E-total/Q-value          ( % ) =   1.00021E+02
  Ratio of E-unplaced radi./Q-value ( % ) =   2.69738E-01

 
  Total yield of
    Gamma-ray                             =   5.75429E-01
    X-ray                                 =   1.69160E-01
    Free-bound X-ray                      =   2.34696E+00
    Annihilation photon                   =   1.62090E+00
    Beta+ particle                        =   8.10451E-01
    Beta- particle                        =   0.00000E+00
    Internal conv. electron               =   8.54566E-03
    Auger and CK electron                 =   2.14681E+00
    Alpha particle                        =   0.00000E+00
  Yield of unplaced radiation             =   1.36874E-02


