%%%% 130 CS  55 M  IT EC        2.07600E+02 3.46 M     18-07-2007       BALASTAR
1 130M  CS  55 3.46 M          IT EC      
1INTENSITY AND ENERGY BALANCE DATA

              130M-CESIUM-55
+                                    HALFLIFE = 3.46 MINUTES 
+                                                                  18-07-2007


    LEVEL       INTENSITY   INTENSITY
    ENERGY      ENTERING    LEAVING     PERCENT
    (MEV)       LEVEL       LEVEL       ERROR

   0.0000E+00  1.0138E+02
   8.0370E-02  9.2345E+01  9.4072E+01  1.8525E+00                      
   1.3154E-01  5.3464E+01  5.3846E+01  7.1112E-01                      
   1.4835E-01  5.4483E+00  5.4664E+00  3.3192E-01                      
   1.6325E-01  9.9254E+01  9.9254E+01  0.0000E+00                      
   0.0000E+00  1.5936E-01
   5.3620E-01  1.5936E-01  1.5936E-01  0.0000E+00                      
   1.1224E+00  1.5936E-01  1.5936E-01  0.0000E+00                      
   1.6329E+00  1.5990E-01  1.5936E-01  3.4068E-01                      
   2.1037E+00  1.5433E-01  1.5990E-01  3.5455E+00                      
   2.3100E+00  4.0000E-02  3.4333E-02  1.5247E+01  ********************


 INTENSITY TO GROUND AND ISOMERIC STATE(S) OF DAUGHTER(S)=  1.015E+02
 TOTAL INTENSITY FROM PARENT=  9.941E+01
 PERCENT ERROR =  2.094E+00                      


 TOTAL INTENSITY FROM PARENT =  9.941E+01
 VALUE IS WITHIN   5.86E-01% OF 100                      


 TOTAL ENERGY AVAILABLE =  1.671E-01 MEV
 TOTAL ENERGY CONTENT OF ALL RADIATIONS =  1.689E-01 MEV
 PERCENT ERROR =  1.107E+00                      
%%%% 130 CS  55 M  IT EC        2.07600E+02 3.46 M     18-07-2007       BALAEND 
%%%% 130 CS  55 M  IT EC        2.07600E+02 3.46 M     18-07-2007       INPUSTAR
1                                      **INPUT DATA**
              130M-CESIUM-55
+                                    HALFLIFE = 3.46 MINUTES 
+                                                                  18-07-2007

            MODES OF DECAY: ISOMERIC LEVEL, ELECTRON CAPTURE
 
                                MEAN
                                NUMBER/    TRANSITION
                TYPE OF    ID   TRANSFOR-  ENERGY
              TRANSITION   NO.  MATION     (MEV)       OTHER NUCLEAR PARAMETERS

           I.C.E. + GAMMA   1   5.45E-02   1.490E-02   M3 MULTIPOLE                             
+                                                                    AK= 0.0                    
                                                       AL1=2.25E+05  AL2=1.41E+04               
                                                       AL3=1.42E+06  AM= 4.42E+05               
                                                       AN+=1.11E+05                             
           I.C.E. + GAMMA   2   5.35E-01   3.150E-02   E3 MULTIPOLE                             
+                                                                    AK= 0.0                    
                                                       AL1=30.1      AL2=4.89E+03               
                                                       AL3=6.62E+03  AM= 2.81E+03               
                                                       AN+=676.                                 
           I.C.E. + GAMMA   3   5.20E-01   5.118E-02   M1 MULTIPOLE                             
+                                                                    AK= 5.47                   
                                                       AL1=0.672     AL2=0.0533                 
                                                       AL3=0.0123    AM= 0.152                  
                                                       AN+=0.0396                               
           I.C.E. + GAMMA   4   9.41E-01   8.045E-02   M1 MULTIPOLE                             
+                                                                    AK= 1.47                   
                                                       AL1=0.181     AL2=0.0136                 
                                                       AL3=0.00311   AM= 0.0405                 
                                                       AN+=0.0106                               
           I.C.E. + GAMMA   5   4.03E-01   8.290E-02   E3 MULTIPOLE                             
+                                                                    AK= 11.1                   
                                                       AL1=0.828     AL2=17.8                   
                                                       AL3=19.4      AM= 8.71                   
                                                       AN+=2.10                                 
           I.C.E. + GAMMA   6   1.84E-02   1.315E-01   M1 MULTIPOLE                             
+                                                                    AK= 0.363                  
                                                       AL1=0.0446    AL2=0.00309                
                                                       AM= 0.0100    AN+=0.00261                
           I.C.E. + GAMMA   7   5.47E-02   1.484E-01   E1 MULTIPOLE                             
+                                                                    AK= 0.0631                 
                                                       AL1=0.00662   AM= 0.00170                
           ELECT. CAPTURE   1   4.00E-04   8.322E-01   ALLOWED                                  
           ELECT. CAPTURE   2   1.20E-03   1.039E+00   ALLOWED                                  
           I.C.E. + GAMMA   1   3.43E-04   2.062E-01   M1+E2 MULTIPOLE                          
                                                       MRS=0.0625    AK= 0.0977                 
                                                       AL1=0.0117    AL2=0.00105                
                                                       AM= 0.00271                              
           I.C.E. + GAMMA   2   1.60E-03   4.708E-01   E1 MULTIPOLE                             
+                                                                    AK= 0.00295                
           I.C.E. + GAMMA   3   1.59E-03   5.105E-01   M1 MULTIPOLE                             
+                                                                    AK= 0.00935                
                                                       AL1=0.00112                              
           I.C.E. + GAMMA   4   1.59E-03   5.362E-01   E2 MULTIPOLE                             
+                                                                    AK= 0.00632                
           I.C.E. + GAMMA   5   1.59E-03   5.862E-01   M1 MULTIPOLE                             
+                                                                    AK= 0.00666                
 
           - - - - - - - - - -
           Reference: Evaluated Nuclear Structure Data File (ENSDF)
                DATE DATA WERE ENTERED INTO ENSDF: Jul-2001
%%%% 130 CS  55 M  IT EC        2.07600E+02 3.46 M     18-07-2007       INPUEND 
%%%% 130 CS  55 M  IT EC        2.07600E+02 3.46 M     18-07-2007       OUTPSTAR
1                                      **OUTPUT DATA**
              130M-CESIUM-55
+                                    HALFLIFE = 3.46 MINUTES 
+                                                                  18-07-2007

            MODES OF DECAY: ISOMERIC LEVEL, ELECTRON CAPTURE
 
                                              MEAN
                                              NUMBER/                  MEV/
                                         ID   TRANSFOR-   ENERGY       TRANSFOR-
                  TYPE OF RADIATION      NO.  MATION      (MEV)        MATION

           L1 CONV. ELECTRON, GAMMA-RAY   1   5.54E-03    9.215E-03    5.10E-05
           L3 CONV. ELECTRON, GAMMA-RAY   1   3.50E-02    9.894E-03    3.46E-04
           M CONV. ELECTRON, GAMMA-RAY    1   1.09E-02    1.391E-02*   1.51E-04
           N+ CONV. ELECTRON, GAMMA-RAY   1   2.73E-03    1.490E-02*   4.06E-05
           L1 CONV. ELECTRON, GAMMA-RAY   2   1.07E-03    2.582E-02    2.76E-05
           L2 CONV. ELECTRON, GAMMA-RAY   2   1.74E-01    2.614E-02    4.55E-03
           L3 CONV. ELECTRON, GAMMA-RAY   2   2.35E-01    2.649E-02    6.24E-03
           M CONV. ELECTRON, GAMMA-RAY    2   1.00E-01    3.051E-02*   3.05E-03
           N+ CONV. ELECTRON, GAMMA-RAY   2   2.40E-02    3.150E-02*   7.57E-04
           GAMMA-RAY                      3   7.03E-02    5.118E-02    3.60E-03
           K CONV. ELECTRON, GAMMA-RAY    3   3.84E-01    1.520E-02    5.84E-03
           L1 CONV. ELECTRON, GAMMA-RAY   3   4.72E-02    4.550E-02    2.15E-03
           L2 CONV. ELECTRON, GAMMA-RAY   3   3.75E-03    4.582E-02    1.72E-04
           L3 CONV. ELECTRON, GAMMA-RAY   3   8.63E-04    4.617E-02    3.98E-05
           M CONV. ELECTRON, GAMMA-RAY    3   1.07E-02    5.019E-02*   5.36E-04
           N+ CONV. ELECTRON, GAMMA-RAY   3   2.78E-03    5.118E-02*   1.42E-04
           GAMMA-RAY                      4   3.46E-01    8.045E-02    2.79E-02
           K CONV. ELECTRON, GAMMA-RAY    4   5.08E-01    4.446E-02    2.26E-02
           L1 CONV. ELECTRON, GAMMA-RAY   4   6.25E-02    7.477E-02    4.68E-03
           L2 CONV. ELECTRON, GAMMA-RAY   4   4.69E-03    7.509E-02    3.52E-04
           L3 CONV. ELECTRON, GAMMA-RAY   4   1.08E-03    7.544E-02    8.13E-05
           M CONV. ELECTRON, GAMMA-RAY    4   1.40E-02    7.946E-02*   1.12E-03
           N+ CONV. ELECTRON, GAMMA-RAY   4   3.67E-03    8.045E-02*   2.95E-04
           GAMMA-RAY                      5   6.62E-03    8.290E-02    5.49E-04
           K CONV. ELECTRON, GAMMA-RAY    5   7.38E-02    4.692E-02    3.46E-03
           L1 CONV. ELECTRON, GAMMA-RAY   5   5.48E-03    7.722E-02    4.23E-04
           L2 CONV. ELECTRON, GAMMA-RAY   5   1.18E-01    7.754E-02    9.14E-03
           L3 CONV. ELECTRON, GAMMA-RAY   5   1.28E-01    7.789E-02    9.98E-03
           M CONV. ELECTRON, GAMMA-RAY    5   5.76E-02    8.191E-02*   4.72E-03
           N+ CONV. ELECTRON, GAMMA-RAY   5   1.39E-02    8.290E-02*   1.15E-03
           GAMMA-RAY                      6   1.29E-02    1.315E-01    1.70E-03
           K CONV. ELECTRON, GAMMA-RAY    6   4.70E-03    9.552E-02    4.49E-04
           L1 CONV. ELECTRON, GAMMA-RAY   6   5.77E-04    1.258E-01    7.26E-05
           M CONV. ELECTRON, GAMMA-RAY    6   1.29E-04    1.305E-01*   1.68E-05
           GAMMA-RAY                      7   5.09E-02    1.484E-01    7.55E-03
           K CONV. ELECTRON, GAMMA-RAY    7   3.21E-03    1.124E-01    3.61E-04
           L1 CONV. ELECTRON, GAMMA-RAY   7   3.37E-04    1.427E-01    4.81E-05
           M CONV. ELECTRON, GAMMA-RAY    7   8.65E-05    1.474E-01*   1.27E-05
           K -L2 X-RAY                        2.51E-01    3.062E-02    7.69E-03
           K -L3 X-RAY                        4.64E-01    3.098E-02    1.44E-02
           K -M2 X-RAY                        4.39E-02    3.493E-02    1.53E-03
           K -M3 X-RAY                        8.51E-02    3.499E-02    2.98E-03
           K -M4 X-RAY                        4.55E-04    3.524E-02    1.60E-05
           K -M5 X-RAY                        6.19E-04    3.525E-02    2.18E-05
           K -N2 X-RAY                        9.24E-03    3.580E-02    3.31E-04
           K -N3 X-RAY                        1.80E-02    3.582E-02    6.45E-04
           K -O2 X-RAY                        1.14E-03    3.597E-02    4.10E-05
           K -O3 X-RAY                        2.16E-03    3.597E-02    7.75E-05
           L1-M2 X-RAY                        2.48E-03    4.625E-03    1.15E-05
           L1-M3 X-RAY                        3.87E-03    4.694E-03    1.82E-05
           L2-M1 X-RAY                        2.60E-03    4.167E-03    1.08E-05
           L2-M4 X-RAY                        5.03E-02    4.616E-03    2.32E-04
           L2-N4 X-RAY                        7.82E-03    5.278E-03    4.13E-05
           L3-M1 X-RAY                        8.28E-03    3.810E-03    3.15E-05
           L3-M4 X-RAY                        8.72E-03    4.258E-03    3.71E-05
           L3-M5 X-RAY                        7.73E-02    4.273E-03    3.30E-04
           L3-N5 X-RAY                        1.18E-02    4.923E-03    5.80E-05
           Free-Bound X-RAY                   2.23E+01    2.189E-05    4.88E-04
           AUGER KLL                          6.58E-02    2.540E-02*   1.67E-03
           AUGER KLX                          2.99E-02    2.981E-02*   8.92E-04
           AUGER KXY                          3.26E-03    3.422E-02*   1.12E-04
           CK LLX                             2.02E-01    3.043E-04*   6.15E-05
           AUGER LMM                          1.14E+00    3.439E-03*   3.93E-03
           AUGER LMX                          3.52E-01    4.159E-03*   1.47E-03
           AUGER LXY                          2.71E-02    4.906E-03*   1.33E-04
           CK MMX                             1.29E+00    1.202E-04*   1.55E-04
           AUGER MNN                          2.94E+00    5.279E-04*   1.55E-03
           AUGER MNX                          1.93E-01    6.516E-04*   1.25E-04
           CK NNX                             2.96E+00    2.072E-05*   6.12E-05
           AUGER NXY                          1.06E+01    4.141E-05*   4.39E-04
           GAMMA-RAY                      1   3.08E-04    2.062E-01    6.35E-05
           GAMMA-RAY                      2   1.59E-03    4.708E-01    7.50E-04
           GAMMA-RAY                      3   1.58E-03    5.105E-01    8.05E-04
           GAMMA-RAY                      4   1.58E-03    5.362E-01    8.48E-04
           GAMMA-RAY                      5   1.58E-03    5.862E-01    9.27E-04
           K -L2 X-RAY                        3.66E-04    2.945E-02    1.08E-05
           K -L3 X-RAY                        6.77E-04    2.978E-02    2.02E-05
 
           ALL LISTED X-RAYS, GAMMA-RAYS AND ANNIHILATION RADIATION    7.36E-02
           ALL NEGLECTED X-RAYS, GAMMA-RAYS AND ANNIH. RADIATION**     4.73E-05
           ALL LISTED BETAS, INTERNAL CONVERSION AND AUGER ELECTRONS   9.37E-02
           ALL NEGLECTED BETAS, INT. CONVERSION AND AUGER ELECTRONS**  7.11E-05
           ALL LISTED RADIATIONS                                       1.67E-01
           ALL NEGLECTED RADIATIONS**                                  1.18E-04
 
           *  AVERAGE ENERGY (MEV)
           ** EACH NEGLECTED TRANSITION CONTRIBUTES LESS THAN  0.010%
              TO THE TOTAL MEV/TRANSFORMATION FOR THIS CATEGORY.
           TOTAL FEEDING OF GROUND STATE LEVEL IN 130-CESIUM
             DAUGHTER IS 9.9840E-01  PER TRANSFORMATION OF 130M-CESIUM.
             DECAY OF THIS 29.21 MINUTES HALFLIFE LEVEL WILL CONTRIBUTE TO DOSE.
           TOTAL FEEDING OF GROUND STATE LEVEL IN 130-XENON
             DAUGHTER IS 1.6000E-03  PER TRANSFORMATION OF 130M-CESIUM.
             THIS DAUGHTER GROUND STATE IS STABLE.
           - - - - - - - - - -
           INPUT DATA SOURCE: EVALUATED NUCLEAR STRUCTURE DATA FILE (ENSDF)
             DATE INPUT DATA WERE ENTERED INTO ENSDF: Jul-2001
%%%% 130 CS  55 M  IT EC        2.07600E+02 3.46 M     18-07-2007       OUTPEND 
%%%% 130 CS  55 M  IT EC        2.07600E+02 3.46 M     18-07-2007       SEEISTAR
130.M CESIUM       55.  3.460E+00 MINUTES  206 IT EC                130.CS 55.   0
 1 1  2.46165E-06  1.49000E-02  1.49000E-02  0.00000E+00            130.CS 55.   1   1
 6 5  5.53811E-01  9.21510E-03  9.21510E-03  1.00000E+00            130.CS 55.   2   5
 6 6  3.47183E-02  9.53680E-03  9.53680E-03  1.00000E+00            130.CS 55.   3   6
 6 7  3.49931E+00  9.89390E-03  9.89390E-03  1.00000E+00            130.CS 55.   4   7
 6 3  1.08789E+00  1.39093E-02  1.39093E-02  1.00000E+00            130.CS 55.   5   3
 6 4  2.72538E-01  1.49000E-02  1.49000E-02  1.00000E+00            130.CS 55.   6   4
 1 2  3.55694E-03  3.15000E-02  3.15000E-02  0.00000E+00            130.CS 55.   7   2
 6 5  1.07004E-01  2.58151E-02  2.58151E-02  2.00000E+00            130.CS 55.   8   5
 6 6  1.74010E+01  2.61368E-02  2.61368E-02  2.00000E+00            130.CS 55.   9   6
 6 7  2.35457E+01  2.64939E-02  2.64939E-02  2.00000E+00            130.CS 55.  10   7
 6 3  1.00028E+01  3.05093E-02  3.05093E-02  2.00000E+00            130.CS 55.  11   3
 6 4  2.40434E+00  3.15000E-02  3.15000E-02  2.00000E+00            130.CS 55.  12   4
 1 3  7.02674E+00  5.11800E-02  5.11800E-02  0.00000E+00            130.CS 55.  13   3
 6 1  3.84471E+01  1.51950E-02  1.51950E-02  3.00000E+00            130.CS 55.  14   1
 6 5  4.72234E+00  4.54951E-02  4.54951E-02  3.00000E+00            130.CS 55.  15   5
 6 6  3.74748E-01  4.58168E-02  4.58168E-02  3.00000E+00            130.CS 55.  16   6
 6 7  8.62885E-02  4.61739E-02  4.61739E-02  3.00000E+00            130.CS 55.  17   7
 6 3  1.06801E+00  5.01893E-02  5.01893E-02  3.00000E+00            130.CS 55.  18   3
 6 4  2.78350E-01  5.11800E-02  5.11800E-02  3.00000E+00            130.CS 55.  19   4
 1 4  3.46245E+01  8.04500E-02  8.04500E-02  0.00000E+00            130.CS 55.  20   4
 6 1  5.08471E+01  4.44650E-02  4.44650E-02  4.00000E+00            130.CS 55.  21   1
 6 5  6.25295E+00  7.47651E-02  7.47651E-02  4.00000E+00            130.CS 55.  22   5
 6 6  4.69234E-01  7.50868E-02  7.50868E-02  4.00000E+00            130.CS 55.  23   6
 6 7  1.07700E-01  7.54439E-02  7.54439E-02  4.00000E+00            130.CS 55.  24   7
 6 3  1.40367E+00  7.94593E-02  7.94593E-02  4.00000E+00            130.CS 55.  25   3
 6 4  3.67020E-01  8.04500E-02  8.04500E-02  4.00000E+00            130.CS 55.  26   4
 1 5  6.61939E-01  8.29000E-02  8.29000E-02  0.00000E+00            130.CS 55.  27   5
 6 1  7.37757E+00  4.69150E-02  4.69150E-02  5.00000E+00            130.CS 55.  28   1
 6 5  5.47843E-01  7.72151E-02  7.72151E-02  5.00000E+00            130.CS 55.  29   5
 6 6  1.17900E+01  7.75368E-02  7.75368E-02  5.00000E+00            130.CS 55.  30   6
 6 7  1.28107E+01  7.78939E-02  7.78939E-02  5.00000E+00            130.CS 55.  31   7
 6 3  5.76399E+00  8.19093E-02  8.19093E-02  5.00000E+00            130.CS 55.  32   3
 6 4  1.38985E+00  8.29000E-02  8.29000E-02  5.00000E+00            130.CS 55.  33   4
 1 6  1.29333E+00  1.31500E-01  1.31500E-01  0.00000E+00            130.CS 55.  34   6
 6 1  4.70086E-01  9.55150E-02  9.55150E-02  6.00000E+00            130.CS 55.  35   1
 6 5  5.77152E-02  1.25815E-01  1.25815E-01  6.00000E+00            130.CS 55.  36   5
 6 6  3.99050E-03  1.26137E-01  1.26137E-01  6.00000E+00            130.CS 55.  37   6
 6 7  9.13043E-04  1.26494E-01  1.26494E-01  6.00000E+00            130.CS 55.  38   7
 6 3  1.28821E-02  1.30509E-01  1.30509E-01  6.00000E+00            130.CS 55.  39   3
 6 4  3.37257E-03  1.31500E-01  1.31500E-01  6.00000E+00            130.CS 55.  40   4
 1 7  5.09184E+00  1.48350E-01  1.48350E-01  0.00000E+00            130.CS 55.  41   7
 6 1  3.21384E-01  1.12365E-01  1.12365E-01  7.00000E+00            130.CS 55.  42   1
 6 5  3.37246E-02  1.42665E-01  1.42665E-01  7.00000E+00            130.CS 55.  43   5
 6 6  3.69530E-03  1.42987E-01  1.42987E-01  7.00000E+00            130.CS 55.  44   6
 6 7  4.86811E-03  1.43344E-01  1.43344E-01  7.00000E+00            130.CS 55.  45   7
 6 3  8.64898E-03  1.47359E-01  1.47359E-01  7.00000E+00            130.CS 55.  46   3
 6 4  2.22123E-03  1.48350E-01  1.48350E-01  7.00000E+00            130.CS 55.  47   4
 2 1  2.51056E+01  3.06218E-02  3.06218E-02  0.00000E+00            130.CS 55.  48   1
 2 2  4.63643E+01  3.09789E-02  3.09789E-02  0.00000E+00            130.CS 55.  49   2
 2 3  4.39248E+00  3.49256E-02  3.49256E-02  0.00000E+00            130.CS 55.  50   3
 2 4  8.51401E+00  3.49944E-02  3.49944E-02  0.00000E+00            130.CS 55.  51   4
 2 5  4.54560E-02  3.52374E-02  3.52374E-02  0.00000E+00            130.CS 55.  52   5
 2 6  6.19039E-02  3.52521E-02  3.52521E-02  0.00000E+00            130.CS 55.  53   6
 2 7  9.24207E-01  3.58031E-02  3.58031E-02  0.00000E+00            130.CS 55.  54   7
 2 8  1.80141E+00  3.58172E-02  3.58172E-02  0.00000E+00            130.CS 55.  55   8
 2 9  8.86274E-03  3.58994E-02  3.58994E-02  0.00000E+00            130.CS 55.  56   9
 210  1.20474E-02  3.59018E-02  3.59018E-02  0.00000E+00            130.CS 55.  57  10
 211  1.14022E-01  3.59668E-02  3.59668E-02  0.00000E+00            130.CS 55.  58  11
 212  2.15589E-01  3.59686E-02  3.59686E-02  0.00000E+00            130.CS 55.  59  12
 221  3.33457E-04  3.21700E-04  3.21700E-04  0.00000E+00            130.CS 55.  60  21
 222  6.85027E-03  6.78800E-04  6.78800E-04  0.00000E+00            130.CS 55.  61  22
 223  2.47939E-01  4.62540E-03  4.62540E-03  0.00000E+00            130.CS 55.  62  23
 224  3.87255E-01  4.69421E-03  4.69421E-03  0.00000E+00            130.CS 55.  63  24
 225  3.83966E-03  4.93720E-03  4.93720E-03  0.00000E+00            130.CS 55.  64  25
 226  5.73588E-03  4.95191E-03  4.95191E-03  0.00000E+00            130.CS 55.  65  26
 227  5.45913E-02  5.50294E-03  5.50294E-03  0.00000E+00            130.CS 55.  66  27
 228  8.77364E-02  5.51713E-03  5.51713E-03  0.00000E+00            130.CS 55.  67  28
 229  4.83532E-04  5.59929E-03  5.59929E-03  0.00000E+00            130.CS 55.  68  29
 230  7.36446E-04  5.60167E-03  5.60167E-03  0.00000E+00            130.CS 55.  69  30
 231  7.23360E-03  5.66662E-03  5.66662E-03  0.00000E+00            130.CS 55.  70  31
 232  1.13793E-02  5.66847E-03  5.66847E-03  0.00000E+00            130.CS 55.  71  32
 241  5.48533E-06  3.57100E-04  3.57100E-04  0.00000E+00            130.CS 55.  72  41
 242  2.60315E-01  4.16681E-03  4.16681E-03  0.00000E+00            130.CS 55.  73  42
 243  3.87876E-03  4.37252E-03  4.37252E-03  0.00000E+00            130.CS 55.  74  43
 244  5.02820E+00  4.61550E-03  4.61550E-03  0.00000E+00            130.CS 55.  75  44
 245  3.84508E-02  5.13134E-03  5.13134E-03  0.00000E+00            130.CS 55.  76  45
 246  5.15858E-04  5.19544E-03  5.19544E-03  0.00000E+00            130.CS 55.  77  46
 247  7.81970E-01  5.27759E-03  5.27759E-03  0.00000E+00            130.CS 55.  78  47
 249  4.89808E-03  5.33223E-03  5.33223E-03  0.00000E+00            130.CS 55.  79  49
 250  6.69470E-05  5.34676E-03  5.34676E-03  0.00000E+00            130.CS 55.  80  50
 261  8.27802E-01  3.80970E-03  3.80970E-03  0.00000E+00            130.CS 55.  81  61
 262  4.65848E-03  3.94659E-03  3.94659E-03  0.00000E+00            130.CS 55.  82  62
 263  4.33081E-03  4.01542E-03  4.01542E-03  0.00000E+00            130.CS 55.  83  63
 264  8.72355E-01  4.25840E-03  4.25840E-03  0.00000E+00            130.CS 55.  84  64
 265  7.72857E+00  4.27312E-03  4.27312E-03  0.00000E+00            130.CS 55.  85  65
 266  7.62884E-02  4.77424E-03  4.77424E-03  0.00000E+00            130.CS 55.  86  66
 267  4.41087E-04  4.82412E-03  4.82412E-03  0.00000E+00            130.CS 55.  87  67
 268  4.24090E-04  4.83833E-03  4.83833E-03  0.00000E+00            130.CS 55.  88  68
 269  1.31924E-01  4.92049E-03  4.92049E-03  0.00000E+00            130.CS 55.  89  69
 270  1.17776E+00  4.92286E-03  4.92286E-03  0.00000E+00            130.CS 55.  90  70
 273  1.13248E-02  4.97513E-03  4.97513E-03  0.00000E+00            130.CS 55.  91  73
 274  5.81273E-05  4.98783E-03  4.98783E-03  0.00000E+00            130.CS 55.  92  74
 275  5.47742E-05  4.98967E-03  4.98967E-03  0.00000E+00            130.CS 55.  93  75
 291  1.05386E+00  6.46432E-04  6.46432E-04  0.00000E+00            130.CS 55.  94  91
 292  2.61716E-02  1.00372E-04  1.00372E-04  0.00000E+00            130.CS 55.  95  92
 294  2.23037E+03  2.18853E-05  2.18853E-05  0.00000E+00            130.CS 55.  96  94
 7 1  6.58459E+00  2.53980E-02  2.53980E-02  0.00000E+00            130.CS 55.  97   1
 7 2  2.99256E+00  2.98089E-02  2.98089E-02  0.00000E+00            130.CS 55.  98   2
 7 3  3.26187E-01  3.42220E-02  3.42220E-02  0.00000E+00            130.CS 55.  99   3
 7 4  2.02154E+01  3.04288E-04  3.04288E-04  0.00000E+00            130.CS 55. 100   4
 7 5  1.14332E+02  3.43896E-03  3.43896E-03  0.00000E+00            130.CS 55. 101   5
 7 6  3.52384E+01  4.15857E-03  4.15857E-03  0.00000E+00            130.CS 55. 102   6
 7 7  2.70852E+00  4.90566E-03  4.90566E-03  0.00000E+00            130.CS 55. 103   7
 7 8  1.29088E+02  1.20223E-04  1.20223E-04  0.00000E+00            130.CS 55. 104   8
 7 9  2.94189E+02  5.27895E-04  5.27895E-04  0.00000E+00            130.CS 55. 105   9
 710  1.92513E+01  6.51596E-04  6.51596E-04  0.00000E+00            130.CS 55. 106  10
 711  1.60202E-01  8.07686E-04  8.07686E-04  0.00000E+00            130.CS 55. 107  11
 712  2.95547E+02  2.07154E-05  2.07154E-05  0.00000E+00            130.CS 55. 108  12
 713  1.05988E+03  4.14118E-05  4.14118E-05  0.00000E+00            130.CS 55. 109  13
 1 1  3.08096E-02  2.06200E-01  2.06200E-01  0.00000E+00            130.CS 55. 110   1
 6 1  3.00979E-03  1.71644E-01  1.71644E-01  1.00000E+00            130.CS 55. 111   1
 6 5  3.61197E-04  2.00783E-01  2.00783E-01  1.00000E+00            130.CS 55. 112   5
 6 6  3.23574E-05  2.01096E-01  2.01096E-01  1.00000E+00            130.CS 55. 113   6
 6 7  1.57074E-05  2.01425E-01  2.01425E-01  1.00000E+00            130.CS 55. 114   7
 6 3  8.35818E-05  2.05273E-01  2.05273E-01  1.00000E+00            130.CS 55. 115   3
 6 4  2.10013E-05  2.06200E-01  2.06200E-01  1.00000E+00            130.CS 55. 116   4
 1 2  1.59360E-01  4.70800E-01  4.70800E-01  0.00000E+00            130.CS 55. 117   2
 6 1  4.70589E-04  4.36244E-01  4.36244E-01  2.00000E+00            130.CS 55. 118   1
 6 5  5.28463E-05  4.65383E-01  4.65383E-01  2.00000E+00            130.CS 55. 119   5
 6 6  2.44864E-06  4.65696E-01  4.65696E-01  2.00000E+00            130.CS 55. 120   6
 6 7  3.14901E-06  4.66025E-01  4.66025E-01  2.00000E+00            130.CS 55. 121   7
 6 3  1.18332E-05  4.69873E-01  4.69873E-01  2.00000E+00            130.CS 55. 122   3
 6 4  2.96047E-06  4.70800E-01  4.70800E-01  2.00000E+00            130.CS 55. 123   4
 1 3  1.57653E-01  5.10500E-01  5.10500E-01  0.00000E+00            130.CS 55. 124   3
 6 1  1.47356E-03  4.75944E-01  4.75944E-01  3.00000E+00            130.CS 55. 125   1
 6 5  1.76449E-04  5.05083E-01  5.05083E-01  3.00000E+00            130.CS 55. 126   5
 6 6  7.81950E-06  5.05396E-01  5.05396E-01  3.00000E+00            130.CS 55. 127   6
 6 7  2.02625E-06  5.05725E-01  5.05725E-01  3.00000E+00            130.CS 55. 128   7
 6 3  3.77808E-05  5.09573E-01  5.09573E-01  3.00000E+00            130.CS 55. 129   3
 6 4  9.54805E-06  5.10500E-01  5.10500E-01  3.00000E+00            130.CS 55. 130   4
 1 4  1.58180E-01  5.36200E-01  5.36200E-01  0.00000E+00            130.CS 55. 131   4
 6 1  1.00011E-03  5.01644E-01  5.01644E-01  4.00000E+00            130.CS 55. 132   1
 6 5  1.13341E-04  5.30783E-01  5.30783E-01  4.00000E+00            130.CS 55. 133   5
 6 6  1.78459E-05  5.31096E-01  5.31096E-01  4.00000E+00            130.CS 55. 134   6
 6 7  1.23548E-05  5.31425E-01  5.31425E-01  4.00000E+00            130.CS 55. 135   7
 6 3  2.94727E-05  5.35273E-01  5.35273E-01  4.00000E+00            130.CS 55. 136   3
 6 4  7.31173E-06  5.36200E-01  5.36200E-01  4.00000E+00            130.CS 55. 137   4
 1 5  1.58140E-01  5.86200E-01  5.86200E-01  0.00000E+00            130.CS 55. 138   5
 6 1  1.05368E-03  5.51644E-01  5.51644E-01  5.00000E+00            130.CS 55. 139   1
 6 5  1.26078E-04  5.80783E-01  5.80783E-01  5.00000E+00            130.CS 55. 140   5
 6 6  5.25997E-06  5.81096E-01  5.81096E-01  5.00000E+00            130.CS 55. 141   6
 6 7  1.40007E-06  5.81425E-01  5.81425E-01  5.00000E+00            130.CS 55. 142   7
 6 3  2.68623E-05  5.85274E-01  5.85274E-01  5.00000E+00            130.CS 55. 143   3
 6 4  6.80165E-06  5.86200E-01  5.86200E-01  5.00000E+00            130.CS 55. 144   4
 2 1  3.65630E-02  2.94521E-02  2.94521E-02  0.00000E+00            130.CS 55. 145   1
 2 2  6.77129E-02  2.97812E-02  2.97812E-02  0.00000E+00            130.CS 55. 146   2
 2 3  6.35637E-03  3.35665E-02  3.35665E-02  0.00000E+00            130.CS 55. 147   3
 2 4  1.23231E-02  3.36295E-02  3.36295E-02  0.00000E+00            130.CS 55. 148   4
 2 5  6.26996E-05  3.38651E-02  3.38651E-02  0.00000E+00            130.CS 55. 149   5
 2 6  8.56267E-05  3.38785E-02  3.38785E-02  0.00000E+00            130.CS 55. 150   6
 2 7  1.33271E-03  3.43952E-02  3.43952E-02  0.00000E+00            130.CS 55. 151   7
 2 8  2.59923E-03  3.44080E-02  3.44080E-02  0.00000E+00            130.CS 55. 152   8
 2 9  1.16879E-05  3.44862E-02  3.44862E-02  0.00000E+00            130.CS 55. 153   9
 210  1.59312E-05  3.44882E-02  3.44882E-02  0.00000E+00            130.CS 55. 154  10
 211  1.36583E-04  3.45436E-02  3.45436E-02  0.00000E+00            130.CS 55. 155  11
 212  2.58266E-04  3.45450E-02  3.45450E-02  0.00000E+00            130.CS 55. 156  12
 221  5.23946E-07  3.13000E-04  3.13000E-04  0.00000E+00            130.CS 55. 157  21
 222  9.85912E-06  6.42201E-04  6.42201E-04  0.00000E+00            130.CS 55. 158  22
 223  3.66631E-04  4.42743E-03  4.42743E-03  0.00000E+00            130.CS 55. 159  23
 224  5.77714E-04  4.49034E-03  4.49034E-03  0.00000E+00            130.CS 55. 160  24
 225  5.46235E-06  4.72599E-03  4.72599E-03  0.00000E+00            130.CS 55. 161  25
 226  8.15444E-06  4.73937E-03  4.73937E-03  0.00000E+00            130.CS 55. 162  26
 227  7.90305E-05  5.25621E-03  5.25621E-03  0.00000E+00            130.CS 55. 163  27
 228  1.27789E-04  5.26892E-03  5.26892E-03  0.00000E+00            130.CS 55. 164  28
 229  6.64387E-07  5.34706E-03  5.34706E-03  0.00000E+00            130.CS 55. 165  29
 230  1.00918E-06  5.34913E-03  5.34913E-03  0.00000E+00            130.CS 55. 166  30
 231  8.98289E-06  5.40454E-03  5.40454E-03  0.00000E+00            130.CS 55. 167  31
 232  1.39509E-05  5.40593E-03  5.40593E-03  0.00000E+00            130.CS 55. 168  32
 241  3.46786E-09  3.29199E-04  3.29199E-04  0.00000E+00            130.CS 55. 169  41
 242  1.98403E-04  3.98191E-03  3.98191E-03  0.00000E+00            130.CS 55. 170  42
 243  2.86795E-06  4.17734E-03  4.17734E-03  0.00000E+00            130.CS 55. 171  43
 244  3.68849E-03  4.41300E-03  4.41300E-03  0.00000E+00            130.CS 55. 172  44
 245  2.83063E-05  4.89553E-03  4.89553E-03  0.00000E+00            130.CS 55. 173  45
 246  3.54669E-07  4.95593E-03  4.95593E-03  0.00000E+00            130.CS 55. 174  46
 247  5.50627E-04  5.03405E-03  5.03405E-03  0.00000E+00            130.CS 55. 175  47
 249  3.39740E-06  5.08031E-03  5.08031E-03  0.00000E+00            130.CS 55. 176  49
 250  3.87442E-08  5.09294E-03  5.09294E-03  0.00000E+00            130.CS 55. 177  50
 261  7.02169E-04  3.65269E-03  3.65269E-03  0.00000E+00            130.CS 55. 178  61
 262  3.87653E-06  3.78523E-03  3.78523E-03  0.00000E+00            130.CS 55. 179  62
 263  3.60913E-06  3.84813E-03  3.84813E-03  0.00000E+00            130.CS 55. 180  63
 264  7.17309E-04  4.08379E-03  4.08379E-03  0.00000E+00            130.CS 55. 181  64
 265  6.35737E-03  4.09719E-03  4.09719E-03  0.00000E+00            130.CS 55. 182  65
 266  6.18618E-05  4.56633E-03  4.56633E-03  0.00000E+00            130.CS 55. 183  66
 267  3.41169E-07  4.61402E-03  4.61402E-03  0.00000E+00            130.CS 55. 184  67
 268  3.27359E-07  4.62673E-03  4.62673E-03  0.00000E+00            130.CS 55. 185  68
 269  1.04317E-04  4.70486E-03  4.70486E-03  0.00000E+00            130.CS 55. 186  69
 270  9.30266E-04  4.70692E-03  4.70692E-03  0.00000E+00            130.CS 55. 187  70
 273  8.70976E-06  4.75109E-03  4.75109E-03  0.00000E+00            130.CS 55. 188  73
 274  3.85858E-08  4.76235E-03  4.76235E-03  0.00000E+00            130.CS 55. 189  74
 275  3.56271E-08  4.76373E-03  4.76373E-03  0.00000E+00            130.CS 55. 190  75
 291  8.05096E-04  6.08593E-04  6.08593E-04  0.00000E+00            130.CS 55. 191  91
 292  1.98546E-05  9.22483E-05  9.22483E-05  0.00000E+00            130.CS 55. 192  92
 294  1.99338E+00  1.66177E-05  1.66177E-05  0.00000E+00            130.CS 55. 193  94
 7 1  1.02796E-02  2.44715E-02  2.44715E-02  0.00000E+00            130.CS 55. 194   1
 7 2  4.59888E-03  2.86854E-02  2.86854E-02  0.00000E+00            130.CS 55. 195   2
 7 3  4.94334E-04  3.29032E-02  3.29032E-02  0.00000E+00            130.CS 55. 196   3
 7 4  2.27419E-02  3.23011E-04  3.23011E-04  0.00000E+00            130.CS 55. 197   4
 7 5  1.02213E-01  3.32624E-03  3.32624E-03  0.00000E+00            130.CS 55. 198   5
 7 6  3.03263E-02  4.00368E-03  4.00368E-03  0.00000E+00            130.CS 55. 199   6
 7 7  2.30412E-03  4.70819E-03  4.70819E-03  0.00000E+00            130.CS 55. 200   7
 7 8  1.17110E-01  1.23742E-04  1.23742E-04  0.00000E+00            130.CS 55. 201   8
 7 9  2.59429E-01  5.05220E-04  5.05220E-04  0.00000E+00            130.CS 55. 202   9
 710  1.48527E-02  6.17579E-04  6.17579E-04  0.00000E+00            130.CS 55. 203  10
 711  1.00223E-04  7.68519E-04  7.68519E-04  0.00000E+00            130.CS 55. 204  11
 712  3.11057E-01  2.61996E-05  2.61996E-05  0.00000E+00            130.CS 55. 205  12
 713  9.47954E-01  3.62458E-05  3.62458E-05  0.00000E+00            130.CS 55. 206  13
%%%% 130 CS  55 M  IT EC        2.07600E+02 3.46 M     18-07-2007       SEEIEND 
 


   ***************************************************** 
   *                 Radiation Summary                 * 
   ***************************************************** 
 
  Energy released by
    Gamma-ray                       (MeV) =   4.46498E-02
    X-ray                           (MeV) =   2.85445E-02
    Free-bound X-ray                (MeV) =   4.88453E-04
    Annihilation photon             (MeV) =   0.00000E+00
    Beta+ particle                  (MeV) =   0.00000E+00
    Neutrino                        (MeV) =   1.52967E-03
    Beta- particle                  (MeV) =   0.00000E+00
    Neutrino-                       (MeV) =   0.00000E+00
    Internal conv. electron         (MeV) =   8.31185E-02
    Auger and CK electron           (MeV) =   1.06135E-02
    Alpha particle                  (MeV) =   0.00000E+00
    Recoil nucleus                  (MeV) =   0.00000E+00
  E-total (except unplaced radiat.) (MeV) =   1.68944E-01
  E-unplaced radiation              (MeV) =   0.00000E+00
  Q-value from ENSDF data           (MeV) =   1.68016E-01
  Ratio of E-total/Q-value          ( % ) =   1.00552E+02
  Ratio of E-unplaced radi./Q-value ( % ) =   0.00000E+00

 
  Total yield of
    Gamma-ray                             =   4.93661E-01
    X-ray                                 =   1.06551E+00
    Free-bound X-ray                      =   2.23236E+01
    Annihilation photon                   =   0.00000E+00
    Beta+ particle                        =   0.00000E+00
    Beta- particle                        =   0.00000E+00
    Internal conv. electron               =   2.03945E+00
    Auger and CK electron                 =   1.98234E+01
    Alpha particle                        =   0.00000E+00
  Yield of unplaced radiation             =   0.00000E+00


%%%% 130 CS  55    EC B+ B-     1.75260E+03 29.21 M    02-11-2005       BALASTAR
1 130   CS  55 29.21 M         EC B+ B-   
1INTENSITY AND ENERGY BALANCE DATA

              130-CESIUM-55
+                                    HALFLIFE = 29.21 MINUTES 
+                                                                  02-11-2005


    LEVEL       INTENSITY   INTENSITY
    ENERGY      ENTERING    LEAVING     PERCENT
    (MEV)       LEVEL       LEVEL       ERROR

   0.0000E+00  9.8389E+01
   5.3695E-01  3.8728E+00  3.8663E+00  1.6820E-01                      
   1.1224E+00  5.4654E-01  5.4481E-01  3.1788E-01                      
   1.7937E+00  8.9935E-02  8.9406E-02  5.8965E-01                      
   2.0171E+00  4.0970E-01  4.1577E-01  1.4693E+00                      
   2.1510E+00  2.8979E-01  2.8652E-01  1.1355E+00                      
   2.2234E+00  1.8986E-01  1.9199E-01  1.1135E+00                      
   2.2430E+00  1.3990E-01  1.3823E-01  1.1999E+00                      
   2.3863E+00  6.8950E-02  6.8745E-02  2.9769E-01                      
   2.4949E+00  1.6988E-02  1.6509E-02  2.8599E+00                      
   2.5034E+00  1.7987E-02  1.8049E-02  3.4512E-01                      
   2.5333E+00  1.6988E-01  1.6509E-01  2.8614E+00                      
   2.6294E+00  1.2991E-02  1.3053E-02  4.7742E-01                      
   0.0000E+00  1.6000E+00


 INTENSITY TO GROUND AND ISOMERIC STATE(S) OF DAUGHTER(S)=  9.999E+01
 TOTAL INTENSITY FROM PARENT=  1.000E+02
 PERCENT ERROR =  1.088E-02                      


 TOTAL INTENSITY FROM PARENT =  1.000E+02
 VALUE IS WITHIN   7.63E-06% OF 100                      


 TOTAL ENERGY AVAILABLE =  2.937E+00 MEV
 TOTAL ENERGY CONTENT OF ALL RADIATIONS =  2.937E+00 MEV
 PERCENT ERROR =  5.415E-03                      
%%%% 130 CS  55    EC B+ B-     1.75260E+03 29.21 M    02-11-2005       BALAEND 
%%%% 130 CS  55    EC B+ B-     1.75260E+03 29.21 M    02-11-2005       INPUSTAR
1                                      **INPUT DATA**
              130-CESIUM-55
+                                    HALFLIFE = 29.21 MINUTES 
+                                                                  02-11-2005

            MODES OF DECAY: ELECTRON CAPTURE, BETA PLUS, BETA MINUS
 
                                MEAN
                                NUMBER/    TRANSITION
                TYPE OF    ID   TRANSFOR-  ENERGY
              TRANSITION   NO.  MATION     (MEV)       OTHER NUCLEAR PARAMETERS

           ELECT. CAPTURE   1   1.30E-04   3.496E-01   ALLOWED                                  
+                                                              ASSUMED                          
           ELECT. CAPTURE   2   1.70E-03   4.457E-01   ALLOWED                                  
+                                                              ASSUMED                          
           ELECT. CAPTURE   3   1.80E-04   4.756E-01   ALLOWED                                  
+                                                              ASSUMED                          
           ELECT. CAPTURE   4   1.70E-04   4.841E-01   ALLOWED                                  
+                                                              ASSUMED                          
           ELECT. CAPTURE   5   6.90E-04   5.927E-01   ALLOWED                                  
+                                                              ASSUMED                          
           ELECT. CAPTURE   6   1.40E-03   7.360E-01   ALLOWED                                  
+                                                              ASSUMED                          
           ELECT. CAPTURE   7   1.90E-03   7.556E-01   ALLOWED                                  
+                                                              ASSUMED                          
           ELECT. CAPTURE   8   2.90E-03   8.280E-01   ALLOWED                                  
           ELECT. CAPTURE   9   4.10E-03   9.619E-01   ALLOWED                                  
           ELECT. CAPTURE  10   8.99E-04   1.185E+00   ALLOWED                                  
           ELECT. CAPTURE  11   7.99E-04   1.857E+00   ALLOWED                                  
           ELECT. CAPTURE  12   1.90E-02   2.442E+00   ALLOWED                                  
           ELECT. CAPTURE  13   5.15E-01   2.979E+00   ALLOWED                                  
                BETA PLUS   1   4.00E-05   8.346E-01*  ALLOWED                                  
                BETA PLUS   2   5.80E-03   1.420E+00*  ALLOWED                                  
                BETA PLUS   3   4.30E-01   1.957E+00*  ALLOWED                                  
           I.C.E. + GAMMA   1   3.87E-02   5.361E-01   E2 MULTIPOLE                             
+                                                                    AK= 0.00633                
           I.C.E. + GAMMA   2   4.72E-03   5.861E-01   M1 MULTIPOLE                             
+                                                                    AK= 0.00667                
           I.C.E. + GAMMA   3   1.23E-04   6.719E-01   E2 MULTIPOLE                             
+                                                                    AK= 0.00353                
           I.C.E. + GAMMA   4   3.88E-03   8.945E-01   E2 MULTIPOLE                             
+                                                                    AK= 0.00179                
           I.C.E. + GAMMA   5   1.73E-04   1.029E+00   M1 MULTIPOLE                             
+                                                                    AK= 0.00178                
           I.C.E. + GAMMA   6   7.30E-04   1.122E+00   E2 MULTIPOLE                             
+                                                                    AK= 0.00110                
           I.C.E. + GAMMA   7   7.68E-04   1.258E+00   E2 MULTIPOLE                             
           I.C.E. + GAMMA   8   3.76E-04   1.264E+00   E2 MULTIPOLE ASSUMED                     
           I.C.E. + GAMMA   9   6.92E-05   1.381E+00   M1 MULTIPOLE ASSUMED                     
           I.C.E. + GAMMA  10   2.34E-04   1.482E+00   E2 MULTIPOLE                             
           I.C.E. + GAMMA  11   2.57E-03   1.615E+00   M1 MULTIPOLE                             
           I.C.E. + GAMMA  12   1.92E-03   1.687E+00   E2 MULTIPOLE ASSUMED                     
           I.C.E. + GAMMA  13   1.38E-03   1.707E+00   E2 MULTIPOLE ASSUMED                     
           I.C.E. + GAMMA  14   2.46E-06   1.794E+00   E0 MULTIPOLE                             
                                                       K/L1/M/N+ =                              
                                                       100./12.2/2.46/0.611                     
           I.C.E. + GAMMA  15   3.11E-04   1.851E+00   E2 MULTIPOLE ASSUMED                     
           I.C.E. + GAMMA  16   1.65E-04   1.959E+00   E2 MULTIPOLE ASSUMED                     
           I.C.E. + GAMMA  17   9.21E-05   1.967E+00   M1 MULTIPOLE ASSUMED                     
           I.C.E. + GAMMA  18   1.65E-03   1.997E+00   E2 MULTIPOLE ASSUMED                     
           I.C.E. + GAMMA  19   3.94E-05   2.016E+00   E0 MULTIPOLE                             
                                                       K/L1/M/N+ =                              
                                                       100./12.1/2.43/0.607                     
           I.C.E. + GAMMA  20   1.31E-04   2.093E+00   E2 MULTIPOLE ASSUMED                     
           I.C.E. + GAMMA  21   1.19E-04   2.151E+00   E2 MULTIPOLE                             
           I.C.E. + GAMMA  22   1.92E-05   2.504E+00   M1 MULTIPOLE ASSUMED                     
               BETA MINUS   1   1.60E-02   3.610E-01*  ALLOWED                                  
 
           * ENDPOINT ENERGY (MEV)
           - - - - - - - - - -
           Reference: Evaluated Nuclear Structure Data File (ENSDF)
                DATE DATA WERE ENTERED INTO ENSDF: Jul-2001
%%%% 130 CS  55    EC B+ B-     1.75260E+03 29.21 M    02-11-2005       INPUEND 
%%%% 130 CS  55    EC B+ B-     1.75260E+03 29.21 M    02-11-2005       OUTPSTAR
1                                      **OUTPUT DATA**
              130-CESIUM-55
+                                    HALFLIFE = 29.21 MINUTES 
+                                                                  02-11-2005

            MODES OF DECAY: ELECTRON CAPTURE, BETA PLUS, BETA MINUS
 
                                              MEAN
                                              NUMBER/                  MEV/
                                         ID   TRANSFOR-   ENERGY       TRANSFOR-
                  TYPE OF RADIATION      NO.  MATION      (MEV)        MATION

           BETA PLUS                      2   5.80E-03    6.370E-01*   3.69E-03
           BETA PLUS                      3   4.30E-01    8.789E-01*   3.78E-01
           ANNIHILATION RADIATION             8.71E-01    5.110E-01    4.45E-01
           GAMMA-RAY                      1   3.84E-02    5.361E-01    2.06E-02
           GAMMA-RAY                      2   4.68E-03    5.861E-01    2.74E-03
           GAMMA-RAY                      4   3.88E-03    8.945E-01    3.47E-03
           GAMMA-RAY                      6   7.29E-04    1.122E+00    8.18E-04
           GAMMA-RAY                      7   7.68E-04    1.258E+00    9.65E-04
           GAMMA-RAY                     11   2.57E-03    1.615E+00    4.15E-03
           GAMMA-RAY                     12   1.92E-03    1.687E+00    3.24E-03
           GAMMA-RAY                     13   1.38E-03    1.707E+00    2.36E-03
           GAMMA-RAY                     15   3.11E-04    1.851E+00    5.75E-04
           GAMMA-RAY                     18   1.65E-03    1.997E+00    3.30E-03
           K -L2 X-RAY                        1.20E-01    2.945E-02    3.53E-03
           K -L3 X-RAY                        2.22E-01    2.978E-02    6.62E-03
           K -M2 X-RAY                        2.09E-02    3.357E-02    7.00E-04
           K -M3 X-RAY                        4.05E-02    3.363E-02    1.36E-03
           AUGER KLL                          3.37E-02    2.447E-02*   8.26E-04
           AUGER KLX                          1.51E-02    2.869E-02*   4.33E-04
           AUGER LMM                          3.34E-01    3.326E-03*   1.11E-03
           AUGER LMX                          9.90E-02    4.003E-03*   3.96E-04
           AUGER MNN                          8.47E-01    5.052E-04*   4.28E-04
           BETA MINUS                     1   1.60E-02    1.053E-01*   1.68E-03
 
           ALL LISTED X-RAYS, GAMMA-RAYS AND ANNIHILATION RADIATION    5.00E-01
           ALL NEGLECTED X-RAYS, GAMMA-RAYS AND ANNIH. RADIATION**     3.08E-03
           ALL LISTED BETAS, INTERNAL CONVERSION AND AUGER ELECTRONS   3.86E-01
           ALL NEGLECTED BETAS, INT. CONVERSION AND AUGER ELECTRONS**  6.10E-04
           ALL LISTED RADIATIONS                                       8.86E-01
           ALL NEGLECTED RADIATIONS**                                  3.69E-03
 
           *  AVERAGE ENERGY (MEV)
           ** EACH NEGLECTED TRANSITION CONTRIBUTES LESS THAN  0.100%
              TO THE TOTAL MEV/TRANSFORMATION FOR THIS CATEGORY.
           TOTAL FEEDING OF GROUND STATE LEVEL IN 130-XENON
             DAUGHTER IS 9.8400E-01 PER TRANSFORMATION OF 130-CESIUM.
             THIS DAUGHTER GROUND STATE IS STABLE.
           TOTAL FEEDING OF GROUND STATE LEVEL IN 130-BARIUM
             DAUGHTER IS 1.6000E-02 PER TRANSFORMATION OF 130-CESIUM.
             THIS DAUGHTER GROUND STATE IS STABLE.
           - - - - - - - - - -
           INPUT DATA SOURCE: EVALUATED NUCLEAR STRUCTURE DATA FILE (ENSDF)
             DATE INPUT DATA WERE ENTERED INTO ENSDF: Jul-2001
%%%% 130 CS  55    EC B+ B-     1.75260E+03 29.21 M    02-11-2005       OUTPEND 
%%%% 130 CS  55    EC B+ B-     1.75260E+03 29.21 M    02-11-2005       BETASTAR
1
              130-CESIUM-55
+                                    HALFLIFE = 29.21 MINUTES 
+                                                                  02-11-2005

            BETA SPECTRUM DATA FOR ALL DECAY BRANCHES

                      BETAS PER                BETAS PER                BETAS PER
            ENERGY    MEV            ENERGY    MEV            ENERGY    MEV
            (MEV)     PER DECAY      (MEV)     PER DECAY      (MEV)     PER DECAY

            0.00000   1.000E-01      0.00280   9.905E-02      0.08500   1.097E-01
            0.00010   1.000E-01      0.00300   9.898E-02      0.09000   1.118E-01
            0.00011   1.000E-01      0.00320   9.890E-02      0.10000   1.162E-01
            0.00012   1.000E-01      0.00360   9.876E-02      0.11000   1.208E-01
            0.00013   1.000E-01      0.00400   9.862E-02      0.12000   1.255E-01
            0.00014   9.999E-02      0.00450   9.844E-02      0.13000   1.303E-01
            0.00015   9.999E-02      0.00500   9.827E-02      0.14000   1.351E-01
            0.00016   9.999E-02      0.00550   9.809E-02      0.15000   1.399E-01
            0.00018   9.998E-02      0.00600   9.792E-02      0.16000   1.448E-01
            0.00020   9.997E-02      0.00650   9.775E-02      0.18000   1.545E-01
            0.00022   9.997E-02      0.00700   9.758E-02      0.20000   1.642E-01
            0.00024   9.996E-02      0.00750   9.741E-02      0.22000   1.738E-01
            0.00026   9.995E-02      0.00800   9.724E-02      0.24000   1.835E-01
            0.00028   9.994E-02      0.00850   9.707E-02      0.26000   1.934E-01
            0.00030   9.994E-02      0.00900   9.691E-02      0.28000   2.035E-01
            0.00032   9.993E-02      0.01000   9.671E-02      0.30000   2.140E-01
            0.00036   9.992E-02      0.01100   9.652E-02      0.32000   2.250E-01
            0.00040   9.990E-02      0.01200   9.635E-02      0.36000   2.493E-01
            0.00045   9.988E-02      0.01300   9.618E-02      0.40000   2.745E-01
            0.00050   9.987E-02      0.01400   9.602E-02      0.45000   3.029E-01
            0.00055   9.985E-02      0.01500   9.588E-02      0.50000   3.276E-01
            0.00060   9.983E-02      0.01600   9.574E-02      0.55000   3.487E-01
            0.00065   9.981E-02      0.01800   9.550E-02      0.60000   3.659E-01
            0.00070   9.979E-02      0.02000   9.531E-02      0.65000   3.794E-01
            0.00075   9.978E-02      0.02200   9.516E-02      0.70000   3.891E-01
            0.00080   9.976E-02      0.02400   9.507E-02      0.75000   3.952E-01
            0.00085   9.974E-02      0.02600   9.502E-02      0.80000   3.976E-01
            0.00090   9.972E-02      0.02800   9.502E-02      0.85000   3.964E-01
            0.00100   9.969E-02      0.03000   9.506E-02      0.90000   3.919E-01
            0.00110   9.965E-02      0.03200   9.516E-02      1.00000   3.732E-01
            0.00120   9.962E-02      0.03600   9.548E-02      1.10000   3.431E-01
            0.00130   9.958E-02      0.04000   9.597E-02      1.20000   3.035E-01
            0.00140   9.955E-02      0.04500   9.681E-02      1.30000   2.569E-01
            0.00150   9.951E-02      0.05000   9.788E-02      1.40000   2.061E-01
            0.00160   9.947E-02      0.05500   9.914E-02      1.50000   1.541E-01
            0.00180   9.940E-02      0.06000   1.006E-01      1.60000   1.038E-01
            0.00200   9.933E-02      0.06500   1.022E-01      1.80000   2.411E-02
            0.00220   9.926E-02      0.07000   1.039E-01      1.95700   0.000E+00
            0.00240   9.919E-02      0.07500   1.057E-01
            0.00260   9.912E-02      0.08000   1.077E-01

            AVERAGE BETA ENERGY =   8.484E-01

            TOTAL BETAS PER DECAY FOR ALL BRANCHES =   4.515E-01
%%%% 130 CS  55    EC B+ B-     1.75260E+03 29.21 M    02-11-2005       BETAEND 
%%%% 130 CS  55    EC B+ B-     1.75260E+03 29.21 M    02-11-2005       SEEISTAR
130.  CESIUM       55.  2.921E+01 MINUTES  217 EC B+ B-             130.CS 55.   0
 4 1  3.99712E-03  3.78214E-01  8.34640E-01  0.00000E+00            130.CS 55.   1   1
 4 2  5.79582E-01  6.36994E-01  1.42005E+00  0.00000E+00            130.CS 55.   2   2
 4 3  4.29690E+01  8.78949E-01  1.95700E+00  0.00000E+00            130.CS 55.   3   3
 3 3  8.71052E+01  5.11000E-01  5.11000E-01  0.00000E+00            130.CS 55.   4   3
 1 1  3.83760E+00  5.36100E-01  5.36100E-01  0.00000E+00            130.CS 55.   5   1
 6 1  2.42759E-02  5.01544E-01  5.01544E-01  1.00000E+00            130.CS 55.   6   1
 6 5  2.75112E-03  5.30683E-01  5.30683E-01  1.00000E+00            130.CS 55.   7   5
 6 6  4.33279E-04  5.30996E-01  5.30996E-01  1.00000E+00            130.CS 55.   8   6
 6 7  2.99973E-04  5.31325E-01  5.31325E-01  1.00000E+00            130.CS 55.   9   7
 6 3  7.15429E-04  5.35173E-01  5.35173E-01  1.00000E+00            130.CS 55.  10   3
 6 4  1.77487E-04  5.36100E-01  5.36100E-01  1.00000E+00            130.CS 55.  11   4
 1 2  4.68187E-01  5.86100E-01  5.86100E-01  0.00000E+00            130.CS 55.  12   2
 6 1  3.12082E-03  5.51544E-01  5.51544E-01  2.00000E+00            130.CS 55.  13   1
 6 5  3.73421E-04  5.80683E-01  5.80683E-01  2.00000E+00            130.CS 55.  14   5
 6 6  1.55803E-05  5.80996E-01  5.80996E-01  2.00000E+00            130.CS 55.  15   6
 6 7  4.14691E-06  5.81325E-01  5.81325E-01  2.00000E+00            130.CS 55.  16   7
 6 3  7.95619E-05  5.85173E-01  5.85173E-01  2.00000E+00            130.CS 55.  17   3
 6 4  2.01453E-05  5.86100E-01  5.86100E-01  2.00000E+00            130.CS 55.  18   4
 1 3  1.22803E-02  6.71900E-01  6.71900E-01  0.00000E+00            130.CS 55.  19   3
 6 1  4.33928E-05  6.37344E-01  6.37344E-01  3.00000E+00            130.CS 55.  20   1
 6 5  4.96957E-06  6.66483E-01  6.66483E-01  3.00000E+00            130.CS 55.  21   5
 6 6  5.79513E-07  6.66796E-01  6.66796E-01  3.00000E+00            130.CS 55.  22   6
 6 7  3.82371E-07  6.67125E-01  6.67125E-01  3.00000E+00            130.CS 55.  23   7
 6 3  1.21232E-06  6.70973E-01  6.70973E-01  3.00000E+00            130.CS 55.  24   3
 6 4  3.02536E-07  6.71900E-01  6.71900E-01  3.00000E+00            130.CS 55.  25   4
 1 4  3.87598E-01  8.94500E-01  8.94500E-01  0.00000E+00            130.CS 55.  26   4
 6 1  6.94824E-04  8.59944E-01  8.59944E-01  4.00000E+00            130.CS 55.  27   1
 6 5  8.02450E-05  8.89083E-01  8.89083E-01  4.00000E+00            130.CS 55.  28   5
 6 6  6.37658E-06  8.89396E-01  8.89396E-01  4.00000E+00            130.CS 55.  29   6
 6 7  4.08198E-06  8.89725E-01  8.89725E-01  4.00000E+00            130.CS 55.  30   7
 6 3  1.85005E-05  8.93573E-01  8.93573E-01  4.00000E+00            130.CS 55.  31   3
 6 4  4.65417E-06  8.94500E-01  8.94500E-01  4.00000E+00            130.CS 55.  32   4
 1 5  1.72692E-02  1.02860E+00  1.02860E+00  0.00000E+00            130.CS 55.  33   5
 6 1  3.07736E-05  9.94044E-01  9.94044E-01  5.00000E+00            130.CS 55.  34   1
 6 5  3.64210E-06  1.02318E+00  1.02318E+00  5.00000E+00            130.CS 55.  35   5
 6 6  1.14948E-07  1.02350E+00  1.02350E+00  5.00000E+00            130.CS 55.  36   6
 6 7  3.71655E-08  1.02383E+00  1.02383E+00  5.00000E+00            130.CS 55.  37   7
 6 3  7.68735E-07  1.02767E+00  1.02767E+00  5.00000E+00            130.CS 55.  38   3
 6 4  1.92994E-07  1.02860E+00  1.02860E+00  5.00000E+00            130.CS 55.  39   4
 1 6  7.29144E-02  1.12220E+00  1.12220E+00  0.00000E+00            130.CS 55.  40   6
 6 1  7.99724E-05  1.08764E+00  1.08764E+00  6.00000E+00            130.CS 55.  41   1
 6 5  9.24930E-06  1.11678E+00  1.11678E+00  6.00000E+00            130.CS 55.  42   5
 6 6  5.44603E-07  1.11710E+00  1.11710E+00  6.00000E+00            130.CS 55.  43   6
 6 7  3.49925E-07  1.11743E+00  1.11743E+00  6.00000E+00            130.CS 55.  44   7
 6 3  2.06708E-06  1.12127E+00  1.12127E+00  6.00000E+00            130.CS 55.  45   3
 6 4  5.09010E-07  1.12220E+00  1.12220E+00  6.00000E+00            130.CS 55.  46   4
 1 7  7.67520E-02  1.25750E+00  1.25750E+00  0.00000E+00            130.CS 55.  47   7
 6 1  6.67225E-05  1.22294E+00  1.22294E+00  7.00000E+00            130.CS 55.  48   1
 6 5  7.71524E-06  1.25208E+00  1.25208E+00  7.00000E+00            130.CS 55.  49   5
 6 6  3.92010E-07  1.25240E+00  1.25240E+00  7.00000E+00            130.CS 55.  50   6
 6 7  2.54153E-07  1.25273E+00  1.25273E+00  7.00000E+00            130.CS 55.  51   7
 6 3  1.70264E-06  1.25657E+00  1.25657E+00  7.00000E+00            130.CS 55.  52   3
 6 4  4.16598E-07  1.25750E+00  1.25750E+00  7.00000E+00            130.CS 55.  53   4
 1 8  3.76085E-02  1.26380E+00  1.26380E+00  0.00000E+00            130.CS 55.  54   8
 6 1  3.23678E-05  1.22924E+00  1.22924E+00  8.00000E+00            130.CS 55.  55   1
 6 5  3.74280E-06  1.25838E+00  1.25838E+00  8.00000E+00            130.CS 55.  56   5
 6 6  1.88955E-07  1.25870E+00  1.25870E+00  8.00000E+00            130.CS 55.  57   6
 6 7  1.22566E-07  1.25903E+00  1.25903E+00  8.00000E+00            130.CS 55.  58   7
 6 3  8.25552E-07  1.26287E+00  1.26287E+00  8.00000E+00            130.CS 55.  59   3
 6 4  2.01933E-07  1.26380E+00  1.26380E+00  8.00000E+00            130.CS 55.  60   4
 1 9  6.90768E-03  1.38070E+00  1.38070E+00  0.00000E+00            130.CS 55.  61   9
 6 1  6.36053E-06  1.34614E+00  1.34614E+00  9.00000E+00            130.CS 55.  62   1
 6 5  7.51427E-07  1.37528E+00  1.37528E+00  9.00000E+00            130.CS 55.  63   5
 6 6  2.00951E-08  1.37560E+00  1.37560E+00  9.00000E+00            130.CS 55.  64   6
 6 7  7.65649E-09  1.37593E+00  1.37593E+00  9.00000E+00            130.CS 55.  65   7
 6 3  1.57898E-07  1.37977E+00  1.37977E+00  9.00000E+00            130.CS 55.  66   3
 6 4  3.93380E-08  1.38070E+00  1.38070E+00  9.00000E+00            130.CS 55.  67   4
 110  2.34094E-02  1.48180E+00  1.48180E+00  0.00000E+00            130.CS 55.  68  10
 6 1  1.47389E-05  1.44724E+00  1.44724E+00  1.00000E+01            130.CS 55.  69   1
 6 5  1.70814E-06  1.47638E+00  1.47638E+00  1.00000E+01            130.CS 55.  70   5
 6 6  7.05352E-08  1.47670E+00  1.47670E+00  1.00000E+01            130.CS 55.  71   6
 6 7  4.66210E-08  1.47703E+00  1.47703E+00  1.00000E+01            130.CS 55.  72   7
 6 3  3.71004E-07  1.48087E+00  1.48087E+00  1.00000E+01            130.CS 55.  73   3
 6 4  8.98082E-08  1.48180E+00  1.48180E+00  1.00000E+01            130.CS 55.  74   4
 111  2.57119E-01  1.61500E+00  1.61500E+00  0.00000E+00            130.CS 55.  75  11
 6 1  1.68278E-04  1.58044E+00  1.58044E+00  1.10000E+01            130.CS 55.  76   1
 6 5  1.98672E-05  1.60958E+00  1.60958E+00  1.10000E+01            130.CS 55.  77   5
 6 6  4.84077E-07  1.60990E+00  1.60990E+00  1.10000E+01            130.CS 55.  78   6
 6 7  2.04878E-07  1.61023E+00  1.61023E+00  1.10000E+01            130.CS 55.  79   7
 6 3  4.15529E-06  1.61407E+00  1.61407E+00  1.10000E+01            130.CS 55.  80   3
 6 4  1.03331E-06  1.61500E+00  1.61500E+00  1.10000E+01            130.CS 55.  81   4
 112  1.91880E-01  1.68740E+00  1.68740E+00  0.00000E+00            130.CS 55.  82  12
 6 1  9.43682E-05  1.65284E+00  1.65284E+00  1.20000E+01            130.CS 55.  83   1
 6 5  1.09994E-05  1.68198E+00  1.68198E+00  1.20000E+01            130.CS 55.  84   5
 6 6  3.87525E-07  1.68230E+00  1.68230E+00  1.20000E+01            130.CS 55.  85   6
 6 7  2.61096E-07  1.68263E+00  1.68263E+00  1.20000E+01            130.CS 55.  86   7
 6 3  2.36167E-06  1.68647E+00  1.68647E+00  1.20000E+01            130.CS 55.  87   3
 6 4  5.66302E-07  1.68740E+00  1.68740E+00  1.20000E+01            130.CS 55.  88   4
 113  1.38154E-01  1.70700E+00  1.70700E+00  0.00000E+00            130.CS 55.  89  13
 6 1  6.64888E-05  1.67244E+00  1.67244E+00  1.30000E+01            130.CS 55.  90   1
 6 5  7.75553E-06  1.70158E+00  1.70158E+00  1.30000E+01            130.CS 55.  91   5
 6 6  2.69481E-07  1.70190E+00  1.70190E+00  1.30000E+01            130.CS 55.  92   6
 6 7  1.81895E-07  1.70223E+00  1.70223E+00  1.30000E+01            130.CS 55.  93   7
 6 3  1.66351E-06  1.70607E+00  1.70607E+00  1.30000E+01            130.CS 55.  94   3
 6 4  3.98543E-07  1.70700E+00  1.70700E+00  1.30000E+01            130.CS 55.  95   4
 114  0.00000E+00  1.79400E+00  1.79400E+00  0.00000E+00            130.CS 55.  96  14
 6 1  2.13430E-04  1.75944E+00  1.75944E+00  1.40000E+01            130.CS 55.  97   1
 6 5  2.60221E-05  1.78858E+00  1.78858E+00  1.40000E+01            130.CS 55.  98   5
 6 3  5.24358E-06  1.79307E+00  1.79307E+00  1.40000E+01            130.CS 55.  99   3
 6 4  1.30426E-06  1.79400E+00  1.79400E+00  1.40000E+01            130.CS 55. 100   4
 115  3.10846E-02  1.85050E+00  1.85050E+00  0.00000E+00            130.CS 55. 101  15
 6 1  1.28147E-05  1.81594E+00  1.81594E+00  1.50000E+01            130.CS 55. 102   1
 6 5  1.51099E-06  1.84508E+00  1.84508E+00  1.50000E+01            130.CS 55. 103   5
 6 6  4.77221E-08  1.84540E+00  1.84540E+00  1.50000E+01            130.CS 55. 104   6
 6 7  3.26388E-08  1.84573E+00  1.84573E+00  1.50000E+01            130.CS 55. 105   7
 6 3  3.21846E-07  1.84957E+00  1.84957E+00  1.50000E+01            130.CS 55. 106   3
 6 4  7.66283E-08  1.85050E+00  1.85050E+00  1.50000E+01            130.CS 55. 107   4
 116  1.65017E-02  1.95890E+00  1.95890E+00  0.00000E+00            130.CS 55. 108  16
 6 1  6.12113E-06  1.92434E+00  1.92434E+00  1.60000E+01            130.CS 55. 109   1
 6 5  7.26423E-07  1.95348E+00  1.95348E+00  1.60000E+01            130.CS 55. 110   5
 6 6  2.14806E-08  1.95380E+00  1.95380E+00  1.60000E+01            130.CS 55. 111   6
 6 7  1.37846E-08  1.95413E+00  1.95413E+00  1.60000E+01            130.CS 55. 112   7
 6 3  1.53697E-07  1.95797E+00  1.95797E+00  1.60000E+01            130.CS 55. 113   3
 6 4  3.64416E-08  1.95890E+00  1.95890E+00  1.60000E+01            130.CS 55. 114   4
 117  9.21024E-03  1.96740E+00  1.96740E+00  0.00000E+00            130.CS 55. 115  17
 6 1  3.96958E-06  1.93284E+00  1.93284E+00  1.70000E+01            130.CS 55. 116   1
 6 5  4.67643E-07  1.96198E+00  1.96198E+00  1.70000E+01            130.CS 55. 117   5
 6 6  1.00890E-08  1.96230E+00  1.96230E+00  1.70000E+01            130.CS 55. 118   6
 6 7  4.74075E-09  1.96263E+00  1.96263E+00  1.70000E+01            130.CS 55. 119   7
 6 3  9.68125E-08  1.96647E+00  1.96647E+00  1.70000E+01            130.CS 55. 120   3
 6 4  2.41213E-08  1.96740E+00  1.96740E+00  1.70000E+01            130.CS 55. 121   4
 118  1.65017E-01  1.99730E+00  1.99730E+00  0.00000E+00            130.CS 55. 122  18
 6 1  5.90621E-05  1.96274E+00  1.96274E+00  1.80000E+01            130.CS 55. 123   1
 6 5  7.02591E-06  1.99188E+00  1.99188E+00  1.80000E+01            130.CS 55. 124   5
 6 6  2.03205E-07  1.99220E+00  1.99220E+00  1.80000E+01            130.CS 55. 125   6
 6 7  1.29750E-07  1.99253E+00  1.99253E+00  1.80000E+01            130.CS 55. 126   7
 6 3  1.48378E-06  1.99637E+00  1.99637E+00  1.80000E+01            130.CS 55. 127   3
 6 4  3.51269E-07  1.99730E+00  1.99730E+00  1.80000E+01            130.CS 55. 128   4
 119  0.00000E+00  2.01600E+00  2.01600E+00  0.00000E+00            130.CS 55. 129  19
 6 1  3.41701E-03  1.98144E+00  1.98144E+00  1.90000E+01            130.CS 55. 130   1
 6 5  4.15068E-04  2.01058E+00  2.01058E+00  1.90000E+01            130.CS 55. 131   5
 6 3  8.31793E-05  2.01507E+00  2.01507E+00  1.90000E+01            130.CS 55. 132   3
 6 4  2.07380E-05  2.01600E+00  2.01600E+00  1.90000E+01            130.CS 55. 133   4
 120  1.30478E-02  2.09340E+00  2.09340E+00  0.00000E+00            130.CS 55. 134  20
 6 1  4.28532E-06  2.05884E+00  2.05884E+00  2.00000E+01            130.CS 55. 135   1
 6 5  5.12924E-07  2.08798E+00  2.08798E+00  2.00000E+01            130.CS 55. 136   5
 6 6  1.40690E-08  2.08830E+00  2.08830E+00  2.00000E+01            130.CS 55. 137   6
 6 7  8.86104E-09  2.08863E+00  2.08863E+00  2.00000E+01            130.CS 55. 138   7
 6 3  1.07830E-07  2.09247E+00  2.09247E+00  2.00000E+01            130.CS 55. 139   3
 6 4  2.54327E-08  2.09340E+00  2.09340E+00  2.00000E+01            130.CS 55. 140   4
 121  1.18966E-02  2.15120E+00  2.15120E+00  0.00000E+00            130.CS 55. 141  21
 6 1  3.71861E-06  2.11664E+00  2.11664E+00  2.10000E+01            130.CS 55. 142   1
 6 5  4.46798E-07  2.14578E+00  2.14578E+00  2.10000E+01            130.CS 55. 143   5
 6 6  1.18896E-08  2.14610E+00  2.14610E+00  2.10000E+01            130.CS 55. 144   6
 6 7  7.42142E-09  2.14643E+00  2.14643E+00  2.10000E+01            130.CS 55. 145   7
 6 3  9.36768E-08  2.15027E+00  2.15027E+00  2.10000E+01            130.CS 55. 146   3
 6 4  2.20465E-08  2.15120E+00  2.15120E+00  2.10000E+01            130.CS 55. 147   4
 122  1.91880E-03  2.50360E+00  2.50360E+00  0.00000E+00            130.CS 55. 148  22
 6 1  5.05104E-07  2.46904E+00  2.46904E+00  2.20000E+01            130.CS 55. 149   1
 6 5  5.52244E-08  2.49818E+00  2.49818E+00  2.20000E+01            130.CS 55. 150   5
 6 6  1.05224E-09  2.49850E+00  2.49850E+00  2.20000E+01            130.CS 55. 151   6
 6 7  5.84450E-10  2.49883E+00  2.49883E+00  2.20000E+01            130.CS 55. 152   7
 6 3  1.15048E-08  2.50267E+00  2.50267E+00  2.20000E+01            130.CS 55. 153   3
 6 4  2.82934E-09  2.50360E+00  2.50360E+00  2.20000E+01            130.CS 55. 154   4
 2 1  1.20021E+01  2.94521E-02  2.94521E-02  0.00000E+00            130.CS 55. 155   1
 2 2  2.22274E+01  2.97812E-02  2.97812E-02  0.00000E+00            130.CS 55. 156   2
 2 3  2.08653E+00  3.35665E-02  3.35665E-02  0.00000E+00            130.CS 55. 157   3
 2 4  4.04517E+00  3.36295E-02  3.36295E-02  0.00000E+00            130.CS 55. 158   4
 2 5  2.05817E-02  3.38651E-02  3.38651E-02  0.00000E+00            130.CS 55. 159   5
 2 6  2.81077E-02  3.38785E-02  3.38785E-02  0.00000E+00            130.CS 55. 160   6
 2 7  4.37473E-01  3.43952E-02  3.43952E-02  0.00000E+00            130.CS 55. 161   7
 2 8  8.53219E-01  3.44080E-02  3.44080E-02  0.00000E+00            130.CS 55. 162   8
 2 9  3.83667E-03  3.44862E-02  3.44862E-02  0.00000E+00            130.CS 55. 163   9
 210  5.22957E-03  3.44882E-02  3.44882E-02  0.00000E+00            130.CS 55. 164  10
 211  4.48345E-02  3.45436E-02  3.45436E-02  0.00000E+00            130.CS 55. 165  11
 212  8.47780E-02  3.45450E-02  3.45450E-02  0.00000E+00            130.CS 55. 166  12
 221  1.67701E-04  3.13000E-04  3.13000E-04  0.00000E+00            130.CS 55. 167  21
 222  3.15565E-03  6.42201E-04  6.42201E-04  0.00000E+00            130.CS 55. 168  22
 223  1.17349E-01  4.42743E-03  4.42743E-03  0.00000E+00            130.CS 55. 169  23
 224  1.84911E-01  4.49034E-03  4.49034E-03  0.00000E+00            130.CS 55. 170  24
 225  1.74836E-03  4.72599E-03  4.72599E-03  0.00000E+00            130.CS 55. 171  25
 226  2.61003E-03  4.73937E-03  4.73937E-03  0.00000E+00            130.CS 55. 172  26
 227  2.52956E-02  5.25621E-03  5.25621E-03  0.00000E+00            130.CS 55. 173  27
 228  4.09018E-02  5.26892E-03  5.26892E-03  0.00000E+00            130.CS 55. 174  28
 229  2.12653E-04  5.34706E-03  5.34706E-03  0.00000E+00            130.CS 55. 175  29
 230  3.23012E-04  5.34913E-03  5.34913E-03  0.00000E+00            130.CS 55. 176  30
 231  2.87519E-03  5.40455E-03  5.40455E-03  0.00000E+00            130.CS 55. 177  31
 232  4.46532E-03  5.40593E-03  5.40593E-03  0.00000E+00            130.CS 55. 178  32
 241  1.13391E-06  3.29200E-04  3.29200E-04  0.00000E+00            130.CS 55. 179  41
 242  6.48732E-02  3.98191E-03  3.98191E-03  0.00000E+00            130.CS 55. 180  42
 243  9.37755E-04  4.17734E-03  4.17734E-03  0.00000E+00            130.CS 55. 181  43
 244  1.20605E+00  4.41300E-03  4.41300E-03  0.00000E+00            130.CS 55. 182  44
 245  9.25552E-03  4.89553E-03  4.89553E-03  0.00000E+00            130.CS 55. 183  45
 246  1.15969E-04  4.95593E-03  4.95593E-03  0.00000E+00            130.CS 55. 184  46
 247  1.80043E-01  5.03405E-03  5.03405E-03  0.00000E+00            130.CS 55. 185  47
 249  1.11087E-03  5.08031E-03  5.08031E-03  0.00000E+00            130.CS 55. 186  49
 250  1.26685E-05  5.09294E-03  5.09294E-03  0.00000E+00            130.CS 55. 187  50
 261  2.29813E-01  3.65269E-03  3.65269E-03  0.00000E+00            130.CS 55. 188  61
 262  1.26875E-03  3.78523E-03  3.78523E-03  0.00000E+00            130.CS 55. 189  62
 263  1.18123E-03  3.84813E-03  3.84813E-03  0.00000E+00            130.CS 55. 190  63
 264  2.34768E-01  4.08379E-03  4.08379E-03  0.00000E+00            130.CS 55. 191  64
 265  2.08070E+00  4.09719E-03  4.09719E-03  0.00000E+00            130.CS 55. 192  65
 266  2.02467E-02  4.56633E-03  4.56633E-03  0.00000E+00            130.CS 55. 193  66
 267  1.11661E-04  4.61402E-03  4.61402E-03  0.00000E+00            130.CS 55. 194  67
 268  1.07141E-04  4.62673E-03  4.62673E-03  0.00000E+00            130.CS 55. 195  68
 269  3.41420E-02  4.70486E-03  4.70486E-03  0.00000E+00            130.CS 55. 196  69
 270  3.04466E-01  4.70692E-03  4.70692E-03  0.00000E+00            130.CS 55. 197  70
 273  2.85062E-03  4.75109E-03  4.75109E-03  0.00000E+00            130.CS 55. 198  73
 274  1.26287E-05  4.76235E-03  4.76235E-03  0.00000E+00            130.CS 55. 199  74
 275  1.16604E-05  4.76373E-03  4.76373E-03  0.00000E+00            130.CS 55. 200  75
 291  2.62882E-01  6.08530E-04  6.08530E-04  0.00000E+00            130.CS 55. 201  91
 292  6.47514E-03  9.22473E-05  9.22473E-05  0.00000E+00            130.CS 55. 202  92
 294  6.50465E+02  1.66177E-05  1.66177E-05  0.00000E+00            130.CS 55. 203  94
 7 1  3.37438E+00  2.44715E-02  2.44715E-02  0.00000E+00            130.CS 55. 204   1
 7 2  1.50962E+00  2.86854E-02  2.86854E-02  0.00000E+00            130.CS 55. 205   2
 7 3  1.62270E-01  3.29032E-02  3.29032E-02  0.00000E+00            130.CS 55. 206   3
 7 4  7.33948E+00  3.22153E-04  3.22153E-04  0.00000E+00            130.CS 55. 207   4
 7 5  3.33839E+01  3.32555E-03  3.32555E-03  0.00000E+00            130.CS 55. 208   5
 7 6  9.90424E+00  4.00288E-03  4.00288E-03  0.00000E+00            130.CS 55. 209   6
 7 7  7.52407E-01  4.70724E-03  4.70724E-03  0.00000E+00            130.CS 55. 210   7
 7 8  3.81756E+01  1.23733E-04  1.23733E-04  0.00000E+00            130.CS 55. 211   8
 7 9  8.47221E+01  5.05183E-04  5.05183E-04  0.00000E+00            130.CS 55. 212   9
 710  4.84968E+00  6.17484E-04  6.17484E-04  0.00000E+00            130.CS 55. 213  10
 711  3.27028E-02  7.68216E-04  7.68216E-04  0.00000E+00            130.CS 55. 214  11
 712  1.01456E+02  2.61907E-05  2.61907E-05  0.00000E+00            130.CS 55. 215  12
 713  3.09346E+02  3.62440E-05  3.62440E-05  0.00000E+00            130.CS 55. 216  13
 5 1  1.60000E+00  1.05293E-01  3.61000E-01  0.00000E+00            130.CS 55. 217   1
%%%% 130 CS  55    EC B+ B-     1.75260E+03 29.21 M    02-11-2005       SEEIEND 
 


   ***************************************************** 
   *                 Radiation Summary                 * 
   ***************************************************** 
 
  Energy released by
    Gamma-ray                       (MeV) =   4.44468E-02
    X-ray                           (MeV) =   1.29287E-02
    Free-bound X-ray                (MeV) =   1.08092E-04
    Annihilation photon             (MeV) =   4.45107E-01
    Beta+ particle                  (MeV) =   3.81383E-01
    Neutrino                        (MeV) =   2.04387E+00
    Beta- particle                  (MeV) =   1.68469E-03
    Neutrino-                       (MeV) =   4.09131E-03
    Internal conv. electron         (MeV) =   2.66239E-04
    Auger and CK electron           (MeV) =   3.52204E-03
    Alpha particle                  (MeV) =   0.00000E+00
    Recoil nucleus                  (MeV) =   0.00000E+00
  E-total (except unplaced radiat.) (MeV) =   2.93741E+00
  E-unplaced radiation              (MeV) =   0.00000E+00
  Q-value from ENSDF data           (MeV) =   2.93711E+00
  Ratio of E-total/Q-value          ( % ) =   1.00010E+02
  Ratio of E-unplaced radi./Q-value ( % ) =   0.00000E+00

 
  Total yield of
    Gamma-ray                             =   5.77636E-02
    X-ray                                 =   4.68647E-01
    Free-bound X-ray                      =   6.50465E+00
    Annihilation photon                   =   8.71052E-01
    Beta+ particle                        =   4.35526E-01
    Beta- particle                        =   1.60000E-02
    Internal conv. electron               =   3.80599E-04
    Auger and CK electron                 =   5.95008E+00
    Alpha particle                        =   0.00000E+00
  Yield of unplaced radiation             =   0.00000E+00


