%%%%  69 CU  29    B-           1.71000E+02 2.85 M     18-07-2007       BALASTAR
1  69   CU  29 2.85 M          B-         
1INTENSITY AND ENERGY BALANCE DATA

              69-COPPER-29
+                                    HALFLIFE = 2.85 MINUTES 
+                                                                  18-07-2007


    LEVEL       INTENSITY   INTENSITY
    ENERGY      ENTERING    LEAVING     PERCENT
    (MEV)       LEVEL       LEVEL       ERROR

   0.0000E+00  9.9834E+01
   5.3130E-01  5.9801E+00  5.9769E+00  5.2354E-02                      
   8.3446E-01  1.3058E+01  1.3109E+01  3.8526E-01                      
   1.0077E+00  2.4202E+01  2.3855E+01  1.4464E+00                      
   1.1807E+00  4.4430E+00  4.5221E+00  1.7633E+00                      
   1.2517E+00  5.8368E-01  5.8535E-01  2.8497E-01                      
   1.4296E+00  6.8762E+00  6.8713E+00  7.1674E-02                      
   1.4583E+00  2.7903E-02  2.8084E-02  6.4358E-01                      
   1.6332E+00  4.1855E-02  4.2128E-02  6.4910E-01                      
   1.8280E+00  1.7938E+00  1.8491E+00  3.0342E+00                      
   1.8934E+00  6.5772E-02  6.5528E-02  3.7254E-01                      
   2.0328E+00  4.5841E-01  4.6106E-01  5.7651E-01                      


 INTENSITY TO GROUND AND ISOMERIC STATE(S) OF DAUGHTER(S)=  9.983E+01
 TOTAL INTENSITY FROM PARENT=  1.000E+02
 PERCENT ERROR =  1.666E-01                      


 TOTAL INTENSITY FROM PARENT =  1.000E+02
 VALUE IS WITHIN   1.53E-05% OF 100                      


 TOTAL ENERGY AVAILABLE =  2.682E+00 MEV
 TOTAL ENERGY CONTENT OF ALL RADIATIONS =  2.681E+00 MEV
 PERCENT ERROR =  4.461E-02                      
%%%%  69 CU  29    B-           1.71000E+02 2.85 M     18-07-2007       BALAEND 
%%%%  69 CU  29    B-           1.71000E+02 2.85 M     18-07-2007       INPUSTAR
1                                      **INPUT DATA**
              69-COPPER-29
+                                    HALFLIFE = 2.85 MINUTES 
+                                                                  18-07-2007

            MODE OF DECAY: BETA MINUS
 
                                MEAN
                                NUMBER/    TRANSITION
                TYPE OF    ID   TRANSFOR-  ENERGY
              TRANSITION   NO.  MATION     (MEV)       OTHER NUCLEAR PARAMETERS

               BETA MINUS   1   4.58E-03   6.490E-01*  ALLOWED                                  
               BETA MINUS   2   6.58E-04   7.884E-01*  ALLOWED                                  
+                                                              ASSUMED                          
               BETA MINUS   3   1.79E-02   8.538E-01*  ALLOWED                                  
               BETA MINUS   4   4.19E-04   1.049E+00*  FIRST FORBIDDEN                          
               BETA MINUS   5   2.79E-04   1.224E+00*  ALLOWED                                  
               BETA MINUS   6   6.88E-02   1.252E+00*  ALLOWED                                  
               BETA MINUS   7   5.48E-03   1.430E+00*  ALLOWED                                  
+                                                              ASSUMED                          
               BETA MINUS   8   4.19E-02   1.501E+00*  ALLOWED                                  
               BETA MINUS   9   2.39E-01   1.674E+00*  ALLOWED                                  
               BETA MINUS  10   8.77E-02   1.847E+00*  ALLOWED                                  
               BETA MINUS  11   2.49E-02   2.151E+00*  ALLOWED                                  
               BETA MINUS  12   5.08E-01   2.682E+00*  ALLOWED                                  
           I.C.E. + GAMMA   1   2.57E-04   1.672E-01   UNPLACED GAMMA                           
           I.C.E. + GAMMA   2   2.61E-03   1.734E-01   M1 MULTIPOLE                             
+                                                                    AK= 0.0130                 
                                                       AL1=0.00129                              
           I.C.E. + GAMMA   3   5.07E-04   1.734E-01   E2 MULTIPOLE                             
+                                                                    AK= 0.0732                 
                                                       AL1=0.00684   AM= 0.00120                
           I.C.E. + GAMMA   4   3.56E-04   1.782E-01   M1 MULTIPOLE ASSUMED                     
                                                       AK= 0.0121    AL1=0.00120                
           I.C.E. + GAMMA   5   9.38E-04   3.463E-01   M1 MULTIPOLE                             
+                                                                    AK= 0.00235                
           I.C.E. + GAMMA   6   1.64E-03   4.174E-01   M1 MULTIPOLE ASSUMED                     
                                                       AK= 0.00151                              
           I.C.E. + GAMMA   7   1.41E-03   4.218E-01   M1 MULTIPOLE                             
+                                                                    AK= 0.00148                
           I.C.E. + GAMMA   8   9.36E-04   4.340E-01   UNPLACED GAMMA                           
           I.C.E. + GAMMA   9   1.88E-03   4.763E-01   E2 MULTIPOLE                             
+                                                                    AK= 0.00209                
           I.C.E. + GAMMA  10   5.98E-02   5.312E-01   E2 MULTIPOLE                             
+                                                                    AK= 0.00149                
           I.C.E. + GAMMA  11   2.62E-02   5.949E-01   M1 MULTIPOLE                             
           I.C.E. + GAMMA  12   1.17E-03   6.474E-01   M1 MULTIPOLE                             
           I.C.E. + GAMMA  13   2.08E-02   6.494E-01   M1 MULTIPOLE                             
           I.C.E. + GAMMA  14   9.36E-04   8.207E-01   M1 MULTIPOLE                             
           I.C.E. + GAMMA  15   1.31E-01   8.344E-01   M1 MULTIPOLE                             
           I.C.E. + GAMMA  16   1.40E-03   8.518E-01   M1 MULTIPOLE                             
           I.C.E. + GAMMA  17   6.55E-03   8.982E-01   E2 MULTIPOLE                             
           I.C.E. + GAMMA  18   1.15E-02   9.934E-01   M1 MULTIPOLE                             
           I.C.E. + GAMMA  19   2.34E-01   1.008E+00   M1 MULTIPOLE                             
           I.C.E. + GAMMA  20   2.29E-02   1.181E+00   E2 MULTIPOLE                             
           I.C.E. + GAMMA  21   1.17E-03   1.205E+00   UNPLACED GAMMA                           
           I.C.E. + GAMMA  22   4.21E-03   1.252E+00   M1 MULTIPOLE ASSUMED                     
           I.C.E. + GAMMA  23   2.34E-03   1.297E+00   M1 MULTIPOLE                             
           I.C.E. + GAMMA  24   4.68E-04   1.362E+00   M1 MULTIPOLE ASSUMED                     
           I.C.E. + GAMMA  25   3.42E-02   1.430E+00   M1 MULTIPOLE                             
           I.C.E. + GAMMA  26   2.81E-04   1.458E+00   E2 MULTIPOLE                             
           I.C.E. + GAMMA  27   2.81E-03   1.502E+00   M1 MULTIPOLE                             
           I.C.E. + GAMMA  28   9.36E-04   1.594E+00   UNPLACED GAMMA                           
           I.C.E. + GAMMA  29   4.21E-04   1.633E+00   M2 MULTIPOLE                             
           I.C.E. + GAMMA  30   2.57E-03   1.829E+00   M1 MULTIPOLE                             
           I.C.E. + GAMMA  31   1.87E-04   1.894E+00   M1 MULTIPOLE ASSUMED                     
           I.C.E. + GAMMA  32   3.98E-04   2.033E+00   E2 MULTIPOLE                             
 
           * ENDPOINT ENERGY (MEV)
           - - - - - - - - - -
           Reference: Evaluated Nuclear Structure Data File (ENSDF)
                DATE DATA WERE ENTERED INTO ENSDF: Jun-2000
%%%%  69 CU  29    B-           1.71000E+02 2.85 M     18-07-2007       INPUEND 
%%%%  69 CU  29    B-           1.71000E+02 2.85 M     18-07-2007       OUTPSTAR
1                                      **OUTPUT DATA**
              69-COPPER-29
+                                    HALFLIFE = 2.85 MINUTES 
+                                                                  18-07-2007

            MODE OF DECAY: BETA MINUS
 
                                              MEAN
                                              NUMBER/                  MEV/
                                         ID   TRANSFOR-   ENERGY       TRANSFOR-
                  TYPE OF RADIATION      NO.  MATION      (MEV)        MATION

           BETA MINUS                     1   4.58E-03    2.178E-01*   9.98E-04
           BETA MINUS                     2   6.58E-04    2.737E-01*   1.80E-04
           BETA MINUS                     3   1.79E-02    3.006E-01*   5.39E-03
           BETA MINUS                     4   4.19E-04    3.827E-01*   1.60E-04
           BETA MINUS                     5   2.79E-04    4.586E-01*   1.28E-04
           BETA MINUS                     6   6.88E-02    4.712E-01*   3.24E-02
           BETA MINUS                     7   5.48E-03    5.502E-01*   3.02E-03
           BETA MINUS                     8   4.19E-02    5.820E-01*   2.44E-02
           BETA MINUS                     9   2.39E-01    6.605E-01*   1.58E-01
           BETA MINUS                    10   8.77E-02    7.397E-01*   6.49E-02
           BETA MINUS                    11   2.49E-02    8.804E-01*   2.19E-02
           BETA MINUS                    12   5.08E-01    1.131E+00*   5.75E-01
           GAMMA-RAY                      2   2.57E-03    1.734E-01    4.46E-04
           GAMMA-RAY                      3   4.68E-04    1.734E-01    8.12E-05
           GAMMA-RAY                      4   3.51E-04    1.782E-01    6.25E-05
           GAMMA-RAY                      5   9.36E-04    3.463E-01    3.24E-04
           GAMMA-RAY                      6   1.64E-03    4.174E-01    6.84E-04
           GAMMA-RAY                      7   1.40E-03    4.218E-01    5.92E-04
           GAMMA-RAY                      8   9.36E-04    4.340E-01    4.06E-04
           GAMMA-RAY                      9   1.87E-03    4.763E-01    8.92E-04
           GAMMA-RAY                     10   5.97E-02    5.312E-01    3.17E-02
           GAMMA-RAY                     11   2.62E-02    5.949E-01    1.56E-02
           GAMMA-RAY                     12   1.17E-03    6.474E-01    7.57E-04
           GAMMA-RAY                     13   2.08E-02    6.494E-01    1.35E-02
           GAMMA-RAY                     14   9.36E-04    8.207E-01    7.68E-04
           GAMMA-RAY                     15   1.31E-01    8.344E-01    1.09E-01
           GAMMA-RAY                     16   1.40E-03    8.518E-01    1.20E-03
           GAMMA-RAY                     17   6.55E-03    8.982E-01    5.89E-03
           GAMMA-RAY                     18   1.15E-02    9.934E-01    1.14E-02
           GAMMA-RAY                     19   2.34E-01    1.008E+00    2.36E-01
           GAMMA-RAY                     20   2.29E-02    1.181E+00    2.71E-02
           GAMMA-RAY                     21   1.17E-03    1.205E+00    1.41E-03
           GAMMA-RAY                     22   4.21E-03    1.252E+00    5.27E-03
           GAMMA-RAY                     23   2.34E-03    1.297E+00    3.03E-03
           GAMMA-RAY                     24   4.68E-04    1.362E+00    6.37E-04
           GAMMA-RAY                     25   3.42E-02    1.430E+00    4.88E-02
           GAMMA-RAY                     26   2.81E-04    1.458E+00    4.09E-04
           GAMMA-RAY                     27   2.81E-03    1.502E+00    4.22E-03
           GAMMA-RAY                     28   9.36E-04    1.594E+00    1.49E-03
           GAMMA-RAY                     29   4.21E-04    1.633E+00    6.88E-04
           GAMMA-RAY                     30   2.57E-03    1.829E+00    4.71E-03
           GAMMA-RAY                     31   1.87E-04    1.894E+00    3.55E-04
           GAMMA-RAY                     32   3.98E-04    2.033E+00    8.09E-04
 
           ALL LISTED X-RAYS, GAMMA-RAYS AND ANNIHILATION RADIATION    5.28E-01
           ALL NEGLECTED X-RAYS, GAMMA-RAYS AND ANNIH. RADIATION**     4.43E-05
           ALL LISTED BETAS, INTERNAL CONVERSION AND AUGER ELECTRONS   8.86E-01
           ALL NEGLECTED BETAS, INT. CONVERSION AND AUGER ELECTRONS**  2.10E-04
           ALL LISTED RADIATIONS                                       1.41E+00
           ALL NEGLECTED RADIATIONS**                                  2.55E-04
 
           *  AVERAGE ENERGY (MEV)
           ** EACH NEGLECTED TRANSITION CONTRIBUTES LESS THAN  0.010%
              TO THE TOTAL MEV/TRANSFORMATION FOR THIS CATEGORY.
           TOTAL FEEDING OF GROUND STATE LEVEL IN 69-ZINC
             DAUGHTER IS 1.0000E+00 PER TRANSFORMATION OF  69-COPPER.
             DECAY OF THIS 56.4 MINUTES HALFLIFE LEVEL WILL CONTRIBUTE TO DOSE.
           - - - - - - - - - -
           INPUT DATA SOURCE: EVALUATED NUCLEAR STRUCTURE DATA FILE (ENSDF)
             DATE INPUT DATA WERE ENTERED INTO ENSDF: Jun-2000
%%%%  69 CU  29    B-           1.71000E+02 2.85 M     18-07-2007       OUTPEND 
%%%%  69 CU  29    B-           1.71000E+02 2.85 M     18-07-2007       BETASTAR
1
              69-COPPER-29
+                                    HALFLIFE = 2.85 MINUTES 
+                                                                  18-07-2007

            BETA SPECTRUM DATA FOR ALL DECAY BRANCHES

                      BETAS PER                BETAS PER                BETAS PER
            ENERGY    MEV            ENERGY    MEV            ENERGY    MEV
            (MEV)     PER DECAY      (MEV)     PER DECAY      (MEV)     PER DECAY

            0.00000   3.299E-01      0.00300   3.306E-01      0.10000   4.308E-01
            0.00010   3.300E-01      0.00320   3.306E-01      0.11000   4.417E-01
            0.00011   3.300E-01      0.00360   3.307E-01      0.12000   4.525E-01
            0.00012   3.300E-01      0.00400   3.309E-01      0.13000   4.631E-01
            0.00013   3.300E-01      0.00450   3.312E-01      0.14000   4.735E-01
            0.00014   3.300E-01      0.00500   3.316E-01      0.15000   4.837E-01
            0.00015   3.300E-01      0.00550   3.319E-01      0.16000   4.938E-01
            0.00016   3.300E-01      0.00600   3.323E-01      0.18000   5.133E-01
            0.00018   3.300E-01      0.00650   3.327E-01      0.20000   5.320E-01
            0.00020   3.300E-01      0.00700   3.330E-01      0.22000   5.498E-01
            0.00022   3.300E-01      0.00750   3.334E-01      0.24000   5.668E-01
            0.00024   3.300E-01      0.00800   3.337E-01      0.26000   5.829E-01
            0.00026   3.300E-01      0.00850   3.341E-01      0.28000   5.981E-01
            0.00028   3.300E-01      0.00900   3.345E-01      0.30000   6.124E-01
            0.00030   3.300E-01      0.01000   3.352E-01      0.32000   6.257E-01
            0.00032   3.300E-01      0.01100   3.359E-01      0.36000   6.497E-01
            0.00036   3.300E-01      0.01200   3.367E-01      0.40000   6.700E-01
            0.00040   3.300E-01      0.01300   3.375E-01      0.45000   6.903E-01
            0.00045   3.300E-01      0.01400   3.383E-01      0.50000   7.049E-01
            0.00050   3.300E-01      0.01500   3.391E-01      0.55000   7.142E-01
            0.00055   3.301E-01      0.01600   3.399E-01      0.60000   7.186E-01
            0.00060   3.301E-01      0.01800   3.416E-01      0.65000   7.184E-01
            0.00065   3.301E-01      0.02000   3.434E-01      0.70000   7.139E-01
            0.00070   3.301E-01      0.02200   3.452E-01      0.75000   7.051E-01
            0.00075   3.301E-01      0.02400   3.471E-01      0.80000   6.925E-01
            0.00080   3.301E-01      0.02600   3.490E-01      0.85000   6.769E-01
            0.00085   3.301E-01      0.02800   3.510E-01      0.90000   6.581E-01
            0.00090   3.301E-01      0.03000   3.531E-01      1.00000   6.107E-01
            0.00100   3.301E-01      0.03200   3.551E-01      1.10000   5.538E-01
            0.00110   3.302E-01      0.03600   3.593E-01      1.20000   4.929E-01
            0.00120   3.302E-01      0.04000   3.636E-01      1.30000   4.334E-01
            0.00130   3.302E-01      0.04500   3.691E-01      1.40000   3.742E-01
            0.00140   3.302E-01      0.05000   3.747E-01      1.50000   3.191E-01
            0.00150   3.303E-01      0.05500   3.803E-01      1.60000   2.715E-01
            0.00160   3.303E-01      0.06000   3.859E-01      1.80000   2.018E-01
            0.00180   3.303E-01      0.06500   3.916E-01      2.00000   1.396E-01
            0.00200   3.304E-01      0.07000   3.972E-01      2.20000   8.046E-02
            0.00220   3.304E-01      0.07500   4.029E-01      2.40000   3.161E-02
            0.00240   3.305E-01      0.08000   4.085E-01      2.60000   3.029E-03
            0.00260   3.305E-01      0.08500   4.141E-01      2.68180   0.000E+00
            0.00280   3.305E-01      0.09000   4.197E-01

            AVERAGE BETA ENERGY =   8.861E-01

            TOTAL BETAS PER DECAY FOR ALL BRANCHES =   1.000E+00
%%%%  69 CU  29    B-           1.71000E+02 2.85 M     18-07-2007       BETAEND 
%%%%  69 CU  29    B-           1.71000E+02 2.85 M     18-07-2007       SEEISTAR
 69.  COPPER       29.  2.850E+00 MINUTES  246 B-                    69.CU 29.   0
 5 1  4.58414E-01  2.17802E-01  6.49000E-01  0.00000E+00             69.CU 29.   1   1
 5 2  6.57724E-02  2.73730E-01  7.88400E-01  0.00000E+00             69.CU 29.   2   2
 5 3  1.79379E+00  3.00617E-01  8.53790E-01  0.00000E+00             69.CU 29.   3   3
 5 4  4.18552E-02  3.82742E-01  1.04860E+00  0.00000E+00             69.CU 29.   4   4
 5 5  2.79035E-02  4.58585E-01  1.22350E+00  0.00000E+00             69.CU 29.   5   5
 5 6  6.87621E+00  4.71212E-01  1.25225E+00  0.00000E+00             69.CU 29.   6   6
 5 7  5.48104E-01  5.50180E-01  1.43013E+00  0.00000E+00             69.CU 29.   7   7
 5 8  4.18552E+00  5.82038E-01  1.50107E+00  0.00000E+00             69.CU 29.   8   8
 5 9  2.39172E+01  6.60493E-01  1.67414E+00  0.00000E+00             69.CU 29.   9   9
 510  8.76966E+00  7.39710E-01  1.84734E+00  0.00000E+00             69.CU 29.  10  10
 511  2.49138E+00  8.80379E-01  2.15050E+00  0.00000E+00             69.CU 29.  11  11
 512  5.08241E+01  1.13066E+00  2.68180E+00  0.00000E+00             69.CU 29.  12  12
 1 1  2.57400E-02  1.67200E-01  1.67200E-01  0.00000E+00             69.CU 29.  13   1
 1 2  2.57400E-01  1.73400E-01  1.73400E-01  0.00000E+00             69.CU 29.  14   2
 6 1  3.34532E-03  1.63778E-01  1.63778E-01  2.00000E+00             69.CU 29.  15   1
 6 5  3.32342E-04  1.72216E-01  1.72216E-01  2.00000E+00             69.CU 29.  16   5
 6 6  9.67695E-06  1.72349E-01  1.72349E-01  2.00000E+00             69.CU 29.  17   6
 6 7  4.28289E-06  1.72374E-01  1.72374E-01  2.00000E+00             69.CU 29.  18   7
 6 3  5.16408E-05  1.73309E-01  1.73309E-01  2.00000E+00             69.CU 29.  19   3
 6 4  2.89738E-06  1.73400E-01  1.73400E-01  2.00000E+00             69.CU 29.  20   4
 1 3  4.68000E-02  1.73400E-01  1.73400E-01  0.00000E+00             69.CU 29.  21   3
 6 1  3.42579E-03  1.63778E-01  1.63778E-01  3.00000E+00             69.CU 29.  22   1
 6 5  3.20293E-04  1.72216E-01  1.72216E-01  3.00000E+00             69.CU 29.  23   5
 6 6  2.59506E-05  1.72349E-01  1.72349E-01  3.00000E+00             69.CU 29.  24   6
 6 7  3.36100E-05  1.72374E-01  1.72374E-01  3.00000E+00             69.CU 29.  25   7
 6 3  5.61461E-05  1.73309E-01  1.73309E-01  3.00000E+00             69.CU 29.  26   3
 6 4  2.77001E-06  1.73400E-01  1.73400E-01  3.00000E+00             69.CU 29.  27   4
 1 4  3.51000E-02  1.78200E-01  1.78200E-01  0.00000E+00             69.CU 29.  28   4
 6 1  4.25362E-04  1.68578E-01  1.68578E-01  4.00000E+00             69.CU 29.  29   1
 6 5  4.22479E-05  1.77016E-01  1.77016E-01  4.00000E+00             69.CU 29.  30   5
 6 6  1.21162E-06  1.77150E-01  1.77150E-01  4.00000E+00             69.CU 29.  31   6
 6 7  5.37951E-07  1.77174E-01  1.77174E-01  4.00000E+00             69.CU 29.  32   7
 6 3  6.55918E-06  1.78109E-01  1.78109E-01  4.00000E+00             69.CU 29.  33   3
 6 4  3.68273E-07  1.78200E-01  1.78200E-01  4.00000E+00             69.CU 29.  34   4
 1 5  9.36000E-02  3.46300E-01  3.46300E-01  0.00000E+00             69.CU 29.  35   5
 6 1  2.20024E-04  3.36678E-01  3.36678E-01  5.00000E+00             69.CU 29.  36   1
 6 5  2.17829E-05  3.45116E-01  3.45116E-01  5.00000E+00             69.CU 29.  37   5
 6 6  4.13862E-07  3.45250E-01  3.45250E-01  5.00000E+00             69.CU 29.  38   6
 6 7  2.04657E-07  3.45274E-01  3.45274E-01  5.00000E+00             69.CU 29.  39   7
 6 3  3.34537E-06  3.46209E-01  3.46209E-01  5.00000E+00             69.CU 29.  40   3
 6 4  1.89666E-07  3.46300E-01  3.46300E-01  5.00000E+00             69.CU 29.  41   4
 1 6  1.63800E-01  4.17400E-01  4.17400E-01  0.00000E+00             69.CU 29.  42   6
 6 1  2.48046E-04  4.07778E-01  4.07778E-01  6.00000E+00             69.CU 29.  43   1
 6 5  2.45921E-05  4.16216E-01  4.16216E-01  6.00000E+00             69.CU 29.  44   5
 6 6  4.10612E-07  4.16350E-01  4.16350E-01  6.00000E+00             69.CU 29.  45   6
 6 7  2.11907E-07  4.16374E-01  4.16374E-01  6.00000E+00             69.CU 29.  46   7
 6 3  3.76154E-06  4.17309E-01  4.17309E-01  6.00000E+00             69.CU 29.  47   3
 6 4  2.13401E-07  4.17400E-01  4.17400E-01  6.00000E+00             69.CU 29.  48   4
 1 7  1.40400E-01  4.21800E-01  4.21800E-01  0.00000E+00             69.CU 29.  49   7
 6 1  2.07494E-04  4.12178E-01  4.12178E-01  7.00000E+00             69.CU 29.  50   1
 6 5  2.05727E-05  4.20616E-01  4.20616E-01  7.00000E+00             69.CU 29.  51   5
 6 6  3.40970E-07  4.20750E-01  4.20750E-01  7.00000E+00             69.CU 29.  52   6
 6 7  1.76431E-07  4.20774E-01  4.20774E-01  7.00000E+00             69.CU 29.  53   7
 6 3  3.14605E-06  4.21709E-01  4.21709E-01  7.00000E+00             69.CU 29.  54   3
 6 4  1.78493E-07  4.21800E-01  4.21800E-01  7.00000E+00             69.CU 29.  55   4
 1 8  9.36000E-02  4.34000E-01  4.34000E-01  0.00000E+00             69.CU 29.  56   8
 1 9  1.87200E-01  4.76300E-01  4.76300E-01  0.00000E+00             69.CU 29.  57   9
 6 1  3.90516E-04  4.66678E-01  4.66678E-01  9.00000E+00             69.CU 29.  58   1
 6 5  3.77438E-05  4.75116E-01  4.75116E-01  9.00000E+00             69.CU 29.  59   5
 6 6  1.14543E-06  4.75249E-01  4.75249E-01  9.00000E+00             69.CU 29.  60   6
 6 7  1.22536E-06  4.75274E-01  4.75274E-01  9.00000E+00             69.CU 29.  61   7
 6 3  5.98381E-06  4.76209E-01  4.76209E-01  9.00000E+00             69.CU 29.  62   3
 6 4  3.28821E-07  4.76300E-01  4.76300E-01  9.00000E+00             69.CU 29.  63   4
 110  5.96700E+00  5.31200E-01  5.31200E-01  0.00000E+00             69.CU 29.  64  10
 6 1  8.86971E-03  5.21578E-01  5.21578E-01  1.00000E+01             69.CU 29.  65   1
 6 5  8.59647E-04  5.30016E-01  5.30016E-01  1.00000E+01             69.CU 29.  66   5
 6 6  2.33521E-05  5.30150E-01  5.30150E-01  1.00000E+01             69.CU 29.  67   6
 6 7  2.46567E-05  5.30174E-01  5.30174E-01  1.00000E+01             69.CU 29.  68   7
 6 3  1.35404E-04  5.31109E-01  5.31109E-01  1.00000E+01             69.CU 29.  69   3
 6 4  7.48961E-06  5.31200E-01  5.31200E-01  1.00000E+01             69.CU 29.  70   4
 111  2.62080E+00  5.94900E-01  5.94900E-01  0.00000E+00             69.CU 29.  71  11
 6 1  1.78358E-03  5.85278E-01  5.85278E-01  1.10000E+01             69.CU 29.  72   1
 6 5  1.76042E-04  5.93716E-01  5.93716E-01  1.10000E+01             69.CU 29.  73   5
 6 6  2.27595E-06  5.93850E-01  5.93850E-01  1.10000E+01             69.CU 29.  74   6
 6 7  1.30701E-06  5.93874E-01  5.93874E-01  1.10000E+01             69.CU 29.  75   7
 6 3  2.68231E-05  5.94809E-01  5.94809E-01  1.10000E+01             69.CU 29.  76   3
 6 4  1.53148E-06  5.94900E-01  5.94900E-01  1.10000E+01             69.CU 29.  77   4
 112  1.17000E-01  6.47400E-01  6.47400E-01  0.00000E+00             69.CU 29.  78  12
 6 1  6.62164E-05  6.37778E-01  6.37778E-01  1.20000E+01             69.CU 29.  79   1
 6 5  6.52393E-06  6.46216E-01  6.46216E-01  1.20000E+01             69.CU 29.  80   5
 6 6  7.91874E-08  6.46350E-01  6.46350E-01  1.20000E+01             69.CU 29.  81   6
 6 7  4.69054E-08  6.46374E-01  6.46374E-01  1.20000E+01             69.CU 29.  82   7
 6 3  9.93581E-07  6.47309E-01  6.47309E-01  1.20000E+01             69.CU 29.  83   3
 6 4  5.68510E-08  6.47400E-01  6.47400E-01  1.20000E+01             69.CU 29.  84   4
 113  2.08260E+00  6.49400E-01  6.49400E-01  0.00000E+00             69.CU 29.  85  13
 6 1  1.17080E-03  6.39778E-01  6.39778E-01  1.30000E+01             69.CU 29.  86   1
 6 5  1.15345E-04  6.48216E-01  6.48216E-01  1.30000E+01             69.CU 29.  87   5
 6 6  1.39682E-06  6.48350E-01  6.48350E-01  1.30000E+01             69.CU 29.  88   6
 6 7  8.28384E-07  6.48374E-01  6.48374E-01  1.30000E+01             69.CU 29.  89   7
 6 3  1.75665E-05  6.49309E-01  6.49309E-01  1.30000E+01             69.CU 29.  90   3
 6 4  1.00521E-06  6.49400E-01  6.49400E-01  1.30000E+01             69.CU 29.  91   4
 114  9.36000E-02  8.20700E-01  8.20700E-01  0.00000E+00             69.CU 29.  92  14
 6 1  3.19334E-05  8.11078E-01  8.11078E-01  1.40000E+01             69.CU 29.  93   1
 6 5  3.13905E-06  8.19516E-01  8.19516E-01  1.40000E+01             69.CU 29.  94   5
 6 6  3.17682E-08  8.19650E-01  8.19650E-01  1.40000E+01             69.CU 29.  95   6
 6 7  2.08489E-08  8.19674E-01  8.19674E-01  1.40000E+01             69.CU 29.  96   7
 6 3  4.76767E-07  8.20609E-01  8.20609E-01  1.40000E+01             69.CU 29.  97   3
 6 4  2.74734E-08  8.20700E-01  8.20700E-01  1.40000E+01             69.CU 29.  98   4
 115  1.31040E+01  8.34400E-01  8.34400E-01  0.00000E+00             69.CU 29.  99  15
 6 1  4.31838E-03  8.24778E-01  8.24778E-01  1.50000E+01             69.CU 29. 100   1
 6 5  4.24466E-04  8.33216E-01  8.33216E-01  1.50000E+01             69.CU 29. 101   5
 6 6  4.24051E-06  8.33350E-01  8.33350E-01  1.50000E+01             69.CU 29. 102   6
 6 7  2.80720E-06  8.33374E-01  8.33374E-01  1.50000E+01             69.CU 29. 103   7
 6 3  6.44543E-05  8.34309E-01  8.34309E-01  1.50000E+01             69.CU 29. 104   3
 6 4  3.71554E-06  8.34400E-01  8.34400E-01  1.50000E+01             69.CU 29. 105   4
 116  1.40400E-01  8.51800E-01  8.51800E-01  0.00000E+00             69.CU 29. 106  16
 6 1  4.43177E-05  8.42178E-01  8.42178E-01  1.60000E+01             69.CU 29. 107   1
 6 5  4.35575E-06  8.50616E-01  8.50616E-01  1.60000E+01             69.CU 29. 108   5
 6 6  4.28167E-08  8.50750E-01  8.50750E-01  1.60000E+01             69.CU 29. 109   6
 6 7  2.86262E-08  8.50774E-01  8.50774E-01  1.60000E+01             69.CU 29. 110   7
 6 3  6.61233E-07  8.51709E-01  8.51709E-01  1.60000E+01             69.CU 29. 111   3
 6 4  3.81331E-08  8.51800E-01  8.51800E-01  1.60000E+01             69.CU 29. 112   4
 117  6.55200E-01  8.98200E-01  8.98200E-01  0.00000E+00             69.CU 29. 113  17
 6 1  2.25910E-04  8.88578E-01  8.88578E-01  1.70000E+01             69.CU 29. 114   1
 6 5  2.21365E-05  8.97016E-01  8.97016E-01  1.70000E+01             69.CU 29. 115   5
 6 6  3.36952E-07  8.97150E-01  8.97150E-01  1.70000E+01             69.CU 29. 116   6
 6 7  3.58597E-07  8.97174E-01  8.97174E-01  1.70000E+01             69.CU 29. 117   7
 6 3  3.40579E-06  8.98109E-01  8.98109E-01  1.70000E+01             69.CU 29. 118   3
 6 4  1.92734E-07  8.98200E-01  8.98200E-01  1.70000E+01             69.CU 29. 119   4
 118  1.14660E+00  9.93400E-01  9.93400E-01  0.00000E+00             69.CU 29. 120  18
 6 1  2.63797E-04  9.83778E-01  9.83778E-01  1.80000E+01             69.CU 29. 121   1
 6 5  2.59153E-05  9.92216E-01  9.92216E-01  1.80000E+01             69.CU 29. 122   5
 6 6  2.25484E-07  9.92350E-01  9.92350E-01  1.80000E+01             69.CU 29. 123   6
 6 7  1.62985E-07  9.92374E-01  9.92374E-01  1.80000E+01             69.CU 29. 124   7
 6 3  3.92676E-06  9.93309E-01  9.93309E-01  1.80000E+01             69.CU 29. 125   3
 6 4  2.26645E-07  9.93400E-01  9.93400E-01  1.80000E+01             69.CU 29. 126   4
 119  2.34000E+01  1.00750E+00  1.00750E+00  0.00000E+00             69.CU 29. 127  19
 6 1  5.23202E-03  9.97878E-01  9.97878E-01  1.90000E+01             69.CU 29. 128   1
 6 5  5.13973E-04  1.00632E+00  1.00632E+00  1.90000E+01             69.CU 29. 129   5
 6 6  4.42168E-06  1.00645E+00  1.00645E+00  1.90000E+01             69.CU 29. 130   6
 6 7  3.22033E-06  1.00647E+00  1.00647E+00  1.90000E+01             69.CU 29. 131   7
 6 3  7.78669E-05  1.00741E+00  1.00741E+00  1.90000E+01             69.CU 29. 132   3
 6 4  4.49362E-06  1.00750E+00  1.00750E+00  1.90000E+01             69.CU 29. 133   4
 120  2.29320E+00  1.18070E+00  1.18070E+00  0.00000E+00             69.CU 29. 134  20
 6 1  4.14805E-04  1.17108E+00  1.17108E+00  2.00000E+01             69.CU 29. 135   1
 6 5  4.06542E-05  1.17952E+00  1.17952E+00  2.00000E+01             69.CU 29. 136   5
 6 6  4.48650E-07  1.17965E+00  1.17965E+00  2.00000E+01             69.CU 29. 137   6
 6 7  5.04259E-07  1.17967E+00  1.17967E+00  2.00000E+01             69.CU 29. 138   7
 6 3  6.20793E-06  1.18061E+00  1.18061E+00  2.00000E+01             69.CU 29. 139   3
 6 4  3.51328E-07  1.18070E+00  1.18070E+00  2.00000E+01             69.CU 29. 140   4
 121  1.17000E-01  1.20500E+00  1.20500E+00  0.00000E+00             69.CU 29. 141  21
 122  4.21200E-01  1.25180E+00  1.25180E+00  0.00000E+00             69.CU 29. 142  22
 6 1  6.12786E-05  1.24218E+00  1.24218E+00  2.20000E+01             69.CU 29. 143   1
 6 5  6.01094E-06  1.25062E+00  1.25062E+00  2.20000E+01             69.CU 29. 144   5
 6 6  4.33278E-08  1.25075E+00  1.25075E+00  2.20000E+01             69.CU 29. 145   6
 6 7  3.57886E-08  1.25077E+00  1.25077E+00  2.20000E+01             69.CU 29. 146   7
 6 3  9.09154E-07  1.25171E+00  1.25171E+00  2.20000E+01             69.CU 29. 147   3
 6 4  5.19831E-08  1.25180E+00  1.25180E+00  2.20000E+01             69.CU 29. 148   4
 123  2.34000E-01  1.29660E+00  1.29660E+00  0.00000E+00             69.CU 29. 149  23
 6 1  3.18049E-05  1.28698E+00  1.28698E+00  2.30000E+01             69.CU 29. 150   1
 6 5  3.11933E-06  1.29542E+00  1.29542E+00  2.30000E+01             69.CU 29. 151   5
 6 6  2.18397E-08  1.29555E+00  1.29555E+00  2.30000E+01             69.CU 29. 152   6
 6 7  1.84442E-08  1.29557E+00  1.29557E+00  2.30000E+01             69.CU 29. 153   7
 6 3  4.71748E-07  1.29651E+00  1.29651E+00  2.30000E+01             69.CU 29. 154   3
 6 4  2.68945E-08  1.29660E+00  1.29660E+00  2.30000E+01             69.CU 29. 155   4
 124  4.68000E-02  1.36190E+00  1.36190E+00  0.00000E+00             69.CU 29. 156  24
 6 1  5.78836E-06  1.35228E+00  1.35228E+00  2.40000E+01             69.CU 29. 157   1
 6 5  5.67621E-07  1.36072E+00  1.36072E+00  2.40000E+01             69.CU 29. 158   5
 6 6  3.81500E-09  1.36085E+00  1.36085E+00  2.40000E+01             69.CU 29. 159   6
 6 7  3.32632E-09  1.36087E+00  1.36087E+00  2.40000E+01             69.CU 29. 160   7
 6 3  8.58382E-08  1.36181E+00  1.36181E+00  2.40000E+01             69.CU 29. 161   3
 6 4  4.86991E-09  1.36190E+00  1.36190E+00  2.40000E+01             69.CU 29. 162   4
 125  3.41640E+00  1.42980E+00  1.42980E+00  0.00000E+00             69.CU 29. 163  25
 6 1  3.85186E-04  1.42018E+00  1.42018E+00  2.50000E+01             69.CU 29. 164   1
 6 5  3.77698E-05  1.42862E+00  1.42862E+00  2.50000E+01             69.CU 29. 165   5
 6 6  2.43728E-07  1.42875E+00  1.42875E+00  2.50000E+01             69.CU 29. 166   6
 6 7  2.19563E-07  1.42877E+00  1.42877E+00  2.50000E+01             69.CU 29. 167   7
 6 3  5.71205E-06  1.42971E+00  1.42971E+00  2.50000E+01             69.CU 29. 168   3
 6 4  3.22198E-07  1.42980E+00  1.42980E+00  2.50000E+01             69.CU 29. 169   4
 126  2.80800E-02  1.45830E+00  1.45830E+00  0.00000E+00             69.CU 29. 170  26
 6 1  3.24097E-06  1.44868E+00  1.44868E+00  2.60000E+01             69.CU 29. 171   1
 6 5  3.17963E-07  1.45712E+00  1.45712E+00  2.60000E+01             69.CU 29. 172   5
 6 6  2.73888E-09  1.45725E+00  1.45725E+00  2.60000E+01             69.CU 29. 173   6
 6 7  3.28296E-09  1.45727E+00  1.45727E+00  2.60000E+01             69.CU 29. 174   7
 6 3  4.84131E-08  1.45821E+00  1.45821E+00  2.60000E+01             69.CU 29. 175   3
 6 4  2.70599E-09  1.45830E+00  1.45830E+00  2.60000E+01             69.CU 29. 176   4
 127  2.80800E-01  1.50160E+00  1.50160E+00  0.00000E+00             69.CU 29. 177  27
 6 1  2.88646E-05  1.49198E+00  1.49198E+00  2.70000E+01             69.CU 29. 178   1
 6 5  2.83041E-06  1.50042E+00  1.50042E+00  2.70000E+01             69.CU 29. 179   5
 6 6  1.75272E-08  1.50055E+00  1.50055E+00  2.70000E+01             69.CU 29. 180   6
 6 7  1.63355E-08  1.50057E+00  1.50057E+00  2.70000E+01             69.CU 29. 181   7
 6 3  4.28133E-07  1.50151E+00  1.50151E+00  2.70000E+01             69.CU 29. 182   3
 6 4  2.39847E-08  1.50160E+00  1.50160E+00  2.70000E+01             69.CU 29. 183   4
 128  9.36000E-02  1.59420E+00  1.59420E+00  0.00000E+00             69.CU 29. 184  28
 129  4.21200E-02  1.63320E+00  1.63320E+00  0.00000E+00             69.CU 29. 185  29
 6 1  6.93816E-06  1.62358E+00  1.62358E+00  2.90000E+01             69.CU 29. 186   1
 6 5  6.86735E-07  1.63202E+00  1.63202E+00  2.90000E+01             69.CU 29. 187   5
 6 6  6.38456E-09  1.63215E+00  1.63215E+00  2.90000E+01             69.CU 29. 188   6
 6 7  3.00562E-09  1.63217E+00  1.63217E+00  2.90000E+01             69.CU 29. 189   7
 6 3  1.04349E-07  1.63311E+00  1.63311E+00  2.90000E+01             69.CU 29. 190   3
 6 4  5.85745E-09  1.63320E+00  1.63320E+00  2.90000E+01             69.CU 29. 191   4
 130  2.57400E-01  1.82860E+00  1.82860E+00  0.00000E+00             69.CU 29. 192  30
 6 1  1.83971E-05  1.81898E+00  1.81898E+00  3.00000E+01             69.CU 29. 193   1
 6 5  1.80635E-06  1.82742E+00  1.82742E+00  3.00000E+01             69.CU 29. 194   5
 6 6  9.45646E-09  1.82755E+00  1.82755E+00  3.00000E+01             69.CU 29. 195   6
 6 7  1.02263E-08  1.82757E+00  1.82757E+00  3.00000E+01             69.CU 29. 196   7
 6 3  2.73852E-07  1.82851E+00  1.82851E+00  3.00000E+01             69.CU 29. 197   3
 6 4  1.47503E-08  1.82860E+00  1.82860E+00  3.00000E+01             69.CU 29. 198   4
 131  1.87200E-02  1.89400E+00  1.89400E+00  0.00000E+00             69.CU 29. 199  31
 6 1  1.25427E-06  1.88438E+00  1.88438E+00  3.10000E+01             69.CU 29. 200   1
 6 5  1.23352E-07  1.89282E+00  1.89282E+00  3.10000E+01             69.CU 29. 201   5
 6 6  6.26477E-10  1.89295E+00  1.89295E+00  3.10000E+01             69.CU 29. 202   6
 6 7  6.69128E-10  1.89297E+00  1.89297E+00  3.10000E+01             69.CU 29. 203   7
 6 3  1.87103E-08  1.89391E+00  1.89391E+00  3.10000E+01             69.CU 29. 204   3
 6 4  9.98730E-10  1.89400E+00  1.89400E+00  3.10000E+01             69.CU 29. 205   4
 132  3.97800E-02  2.03300E+00  2.03300E+00  0.00000E+00             69.CU 29. 206  32
 6 1  2.41988E-06  2.02338E+00  2.02338E+00  3.20000E+01             69.CU 29. 207   1
 6 5  2.42301E-07  2.03182E+00  2.03182E+00  3.20000E+01             69.CU 29. 208   5
 6 6  1.43355E-09  2.03195E+00  2.03195E+00  3.20000E+01             69.CU 29. 209   6
 6 7  1.74748E-09  2.03197E+00  2.03197E+00  3.20000E+01             69.CU 29. 210   7
 6 3  3.69141E-08  2.03291E+00  2.03291E+00  3.20000E+01             69.CU 29. 211   3
 6 4  1.96278E-09  2.03300E+00  2.03300E+00  3.20000E+01             69.CU 29. 212   4
 2 1  4.39145E-03  8.57190E-03  8.57190E-03  0.00000E+00             69.CU 29. 213   1
 2 2  8.55084E-03  8.59639E-03  8.59639E-03  0.00000E+00             69.CU 29. 214   2
 2 3  5.43045E-04  9.52867E-03  9.52867E-03  0.00000E+00             69.CU 29. 215   3
 2 4  1.06170E-03  9.53181E-03  9.53181E-03  0.00000E+00             69.CU 29. 216   4
 2 5  7.34133E-07  9.60554E-03  9.60554E-03  0.00000E+00             69.CU 29. 217   5
 2 6  1.06145E-06  9.60593E-03  9.60593E-03  0.00000E+00             69.CU 29. 218   6
 221  1.68426E-07  1.33900E-04  1.33900E-04  0.00000E+00             69.CU 29. 219  21
 222  8.03819E-07  1.58400E-04  1.58400E-04  0.00000E+00             69.CU 29. 220  22
 223  7.14947E-06  1.09066E-03  1.09066E-03  0.00000E+00             69.CU 29. 221  23
 224  1.13736E-05  1.09381E-03  1.09381E-03  0.00000E+00             69.CU 29. 222  24
 225  2.80284E-08  1.16755E-03  1.16755E-03  0.00000E+00             69.CU 29. 223  25
 226  3.79094E-08  1.16794E-03  1.16794E-03  0.00000E+00             69.CU 29. 224  26
 241  9.52260E-12  2.45000E-05  2.45000E-05  0.00000E+00             69.CU 29. 225  41
 242  6.77049E-05  9.13072E-04  9.13072E-04  0.00000E+00             69.CU 29. 226  42
 243  2.65447E-07  9.59909E-04  9.59909E-04  0.00000E+00             69.CU 29. 227  43
 244  8.62239E-05  1.03365E-03  1.03365E-03  0.00000E+00             69.CU 29. 228  44
 245  1.91460E-06  1.04189E-03  1.04189E-03  0.00000E+00             69.CU 29. 229  45
 261  1.28092E-04  8.88571E-04  8.88571E-04  0.00000E+00             69.CU 29. 230  61
 262  2.71374E-07  9.32260E-04  9.32260E-04  0.00000E+00             69.CU 29. 231  62
 263  2.62389E-07  9.35410E-04  9.35410E-04  0.00000E+00             69.CU 29. 232  63
 264  1.46156E-05  1.00915E-03  1.00915E-03  0.00000E+00             69.CU 29. 233  64
 265  1.54894E-04  1.00954E-03  1.00954E-03  0.00000E+00             69.CU 29. 234  65
 266  3.33602E-06  1.01738E-03  1.01738E-03  0.00000E+00             69.CU 29. 235  66
 291  1.80784E-06  7.16282E-05  7.16282E-05  0.00000E+00             69.CU 29. 236  91
 294  1.64287E-01  1.63555E-05  1.63555E-05  0.00000E+00             69.CU 29. 237  94
 7 1  1.31007E-02  7.48697E-03  7.48697E-03  0.00000E+00             69.CU 29. 238   1
 7 2  3.34427E-03  8.45550E-03  8.45550E-03  0.00000E+00             69.CU 29. 239   2
 7 3  2.35435E-04  9.42804E-03  9.42804E-03  0.00000E+00             69.CU 29. 240   3
 7 4  8.12383E-03  8.97638E-05  8.97638E-05  0.00000E+00             69.CU 29. 241   4
 7 5  4.48543E-02  9.29398E-04  9.29398E-04  0.00000E+00             69.CU 29. 242   5
 7 6  3.52452E-04  9.75576E-04  9.75576E-04  0.00000E+00             69.CU 29. 243   6
 7 7  1.16719E-06  1.07659E-03  1.07659E-03  0.00000E+00             69.CU 29. 244   7
 7 8  5.93675E-02  5.68159E-05  5.68159E-05  0.00000E+00             69.CU 29. 245   8
 7 9  5.58446E-06  1.18303E-04  1.18303E-04  0.00000E+00             69.CU 29. 246   9
%%%%  69 CU  29    B-           1.71000E+02 2.85 M     18-07-2007       SEEIEND 
 


   ***************************************************** 
   *                 Radiation Summary                 * 
   ***************************************************** 
 
  Energy released by
    Gamma-ray                       (MeV) =   5.25037E-01
    X-ray                           (MeV) =   1.26924E-06
    Free-bound X-ray                (MeV) =   2.68699E-08
    Annihilation photon             (MeV) =   0.00000E+00
    Beta+ particle                  (MeV) =   0.00000E+00
    Neutrino                        (MeV) =   0.00000E+00
    Beta- particle                  (MeV) =   8.86059E-01
    Neutrino-                       (MeV) =   1.26930E+00
    Internal conv. electron         (MeV) =   2.08613E-04
    Auger and CK electron           (MeV) =   1.74717E-06
    Alpha particle                  (MeV) =   0.00000E+00
    Recoil nucleus                  (MeV) =   0.00000E+00
  E-total (except unplaced radiat.) (MeV) =   2.68060E+00
  E-unplaced radiation              (MeV) =   3.35128E-03
  Q-value from ENSDF data           (MeV) =   2.68180E+00
  Ratio of E-total/Q-value          ( % ) =   9.99554E+01
  Ratio of E-unplaced radi./Q-value ( % ) =   1.24964E-01

 
  Total yield of
    Gamma-ray                             =   5.73300E-01
    X-ray                                 =   1.50278E-04
    Free-bound X-ray                      =   1.64287E-03
    Annihilation photon                   =   0.00000E+00
    Beta+ particle                        =   0.00000E+00
    Beta- particle                        =   1.00000E+00
    Internal conv. electron               =   3.49283E-04
    Auger and CK electron                 =   1.29385E-03
    Alpha particle                        =   0.00000E+00
  Yield of unplaced radiation             =   3.29940E-03


