%%%% 163 ER  68    EC B+        4.50000E+03 75.0 M     02-11-2005       BALASTAR
1 163   ER  68 75.0 M          EC B+      
           WARNING:                                                                             
 163 HO 67  GAMMA-RAY ENERGY =   0.00980 MEV                                                    
           HALF-LIFE OF INITIAL LEVEL ASSOCIATED WITH GAMMA-RAY TOO SHORT TO BE                 
           CONSIDERED ISOMERIC, AND INTENSITY = 0.0                                             
           TRANSITION IGNORED                                                                   
           WARNING:                                                                             
 163 HO 67  GAMMA-RAY ENERGY =   0.05274 MEV                                                    
           HALF-LIFE OF INITIAL LEVEL ASSOCIATED WITH GAMMA-RAY TOO SHORT TO BE                 
           CONSIDERED ISOMERIC, AND INTENSITY = 0.0                                             
           TRANSITION IGNORED                                                                   
           WARNING:                                                                             
 163 HO 67  GAMMA-RAY ENERGY =   0.06248 MEV                                                    
           HALF-LIFE OF INITIAL LEVEL ASSOCIATED WITH GAMMA-RAY TOO SHORT TO BE                 
           CONSIDERED ISOMERIC, AND INTENSITY = 0.0                                             
           TRANSITION IGNORED                                                                   
           WARNING:                                                                             
 163 HO 67  GAMMA-RAY ENERGY =   0.08445 MEV                                                    
           HALF-LIFE OF INITIAL LEVEL ASSOCIATED WITH GAMMA-RAY TOO SHORT TO BE                 
           CONSIDERED ISOMERIC, AND INTENSITY = 0.0                                             
           TRANSITION IGNORED                                                                   
1INTENSITY AND ENERGY BALANCE DATA

              163-ERBIUM-68
+                                    HALFLIFE = 75 MINUTES 
+                                                                  02-11-2005


    LEVEL       INTENSITY   INTENSITY
    ENERGY      ENTERING    LEAVING     PERCENT
    (MEV)       LEVEL       LEVEL       ERROR

   0.0000E+00  1.0000E+02
   1.0002E-01  5.1491E-03  6.2615E-03  1.9499E+01  ********************
   2.9781E-01  1.3487E-03  1.4846E-02  1.6669E+02  ********************
   3.0755E-01  1.3296E-02  0.0000E+00  2.0000E+02  ********************
   3.6030E-01  3.8990E-04  0.0000E+00  2.0000E+02  ********************
   3.9199E-01  2.8599E-04  0.0000E+00  2.0000E+02  ********************
   4.3114E-01  2.1493E-03  2.1363E-03  6.0750E-01                      
   4.3986E-01  3.1270E-02  3.1178E-02  2.9256E-01                      
   5.0020E-01  5.1000E-04  5.3424E-04  4.6437E+00                      
   5.5200E-01  1.0000E-03  1.0181E-03  1.7907E+00                      
   6.1428E-01  3.8000E-03  3.7909E-03  2.3945E-01                      
   8.7594E-01  4.0000E-02  4.0249E-02  6.1971E-01                      
   1.1136E+00  5.0000E-02  5.0080E-02  1.5909E-01                      


 INTENSITY TO GROUND AND ISOMERIC STATE(S) OF DAUGHTER(S)=  1.000E+02
 TOTAL INTENSITY FROM PARENT=  1.000E+02
 PERCENT ERROR =  8.926E-04                      


 TOTAL INTENSITY FROM PARENT =  1.000E+02
 VALUE IS WITHIN   0.00E+00% OF 100                      


 TOTAL ENERGY AVAILABLE =  1.210E+00 MEV
 TOTAL ENERGY CONTENT OF ALL RADIATIONS =  1.210E+00 MEV
 PERCENT ERROR =  2.956E-05                      
%%%% 163 ER  68    EC B+        4.50000E+03 75.0 M     02-11-2005       BALAEND 
%%%% 163 ER  68    EC B+        4.50000E+03 75.0 M     02-11-2005       INPUSTAR
1                                      **INPUT DATA**
              163-ERBIUM-68
+                                    HALFLIFE = 75 MINUTES 
+                                                                  02-11-2005

            MODES OF DECAY: ELECTRON CAPTURE, BETA PLUS
 
                                MEAN
                                NUMBER/    TRANSITION
                TYPE OF    ID   TRANSFOR-  ENERGY
              TRANSITION   NO.  MATION     (MEV)       OTHER NUCLEAR PARAMETERS

           ELECT. CAPTURE   1   5.00E-04   9.644E-02   ALLOWED                                  
           ELECT. CAPTURE   2   4.00E-04   3.341E-01   FIRST FORBIDDEN                          
           ELECT. CAPTURE   3   3.80E-05   5.957E-01   ALLOWED                                  
           ELECT. CAPTURE   4   1.00E-05   6.580E-01   UNIQUE FIRST FORBIDDEN                   
           ELECT. CAPTURE   5   5.10E-06   7.098E-01   ALLOWED                                  
           ELECT. CAPTURE   6   1.40E-05   7.701E-01   FIRST FORBIDDEN                          
           ELECT. CAPTURE   7   1.20E-05   7.789E-01   FIRST FORBIDDEN                          
           ELECT. CAPTURE   8   1.14E-04   9.025E-01   FIRST FORBIDDEN                          
           ELECT. CAPTURE   9   9.99E-01   1.210E+00   ALLOWED                                  
                BETA PLUS   1   2.90E-05   1.880E-01*  ALLOWED                                  
           I.C.E. + GAMMA   4   4.60E-06   8.050E-02   UNPLACED GAMMA                           
           I.C.E. + GAMMA   6   6.26E-05   1.000E-01   M1 MULTIPOLE                             
+                                                                    AK= 2.27                   
                                                       AL1=0.308     AL2=0.0260                 
                                                       AL3=0.00406   AM= 0.0748                 
                                                       AN+=0.0211                               
           I.C.E. + GAMMA   7   4.78E-06   1.236E-01   E2 MULTIPOLE                             
+                                                                    AK= 0.635                  
                                                       AL1=0.0612    AL2=0.237                  
                                                       AL3=0.219     AM= 0.125                  
                                                       AN+=0.0329                               
           I.C.E. + GAMMA   8   4.60E-06   1.646E-01   UNPLACED GAMMA                           
           I.C.E. + GAMMA   9   5.34E-06   1.926E-01   E1 MULTIPOLE                             
+                                                                    AK= 0.0469                 
                                                       AL1=0.00528   AM= 0.00153                
           I.C.E. + GAMMA  10   3.90E-06   2.539E-01   E1 MULTIPOLE                             
+                                                                    AK= 0.0231                 
                                                       AL1=0.00266                              
           I.C.E. + GAMMA  11   1.48E-04   2.978E-01   E3 MULTIPOLE                             
+                                                                    AK= 0.153                  
                                                       AL1=0.0194    AL2=0.0571                 
                                                       AL3=0.0291    AM= 0.0258                 
                                                       AN+=0.00690                              
           I.C.E. + GAMMA  12   2.10E-06   3.310E-01   E1 MULTIPOLE                             
+                                                                    AK= 0.0120                 
                                                       AL1=0.00140                              
           I.C.E. + GAMMA  13   3.38E-05   3.398E-01   E1 MULTIPOLE                             
+                                                                    AK= 0.0112                 
                                                       AL1=0.00132                              
           I.C.E. + GAMMA  14   8.74E-06   4.171E-01   UNPLACED GAMMA                           
           I.C.E. + GAMMA  15   1.45E-05   4.312E-01   E1 MULTIPOLE                             
+                                                                    AK= 0.00640                
           I.C.E. + GAMMA  16   2.99E-04   4.361E-01   M1 MULTIPOLE                             
+                                                                    AK= 0.0399                 
                                                       AL1=0.00534   AM= 0.00127                
           I.C.E. + GAMMA  17   2.78E-04   4.399E-01   E1 MULTIPOLE                             
+                                                                    AK= 0.00611                
           I.C.E. + GAMMA  18   9.49E-06   4.448E-01   M1 MULTIPOLE                             
+                                                                    AK= 0.0379                 
                                                       AL1=0.00507   AM= 0.00121                
           I.C.E. + GAMMA  19   6.95E-06   4.523E-01   E1 MULTIPOLE                             
+                                                                    AK= 0.00574                
           I.C.E. + GAMMA  20   2.86E-06   4.840E-01   M1 MULTIPOLE                             
+                                                                    AK= 0.0306                 
                                                       AL1=0.00408                              
           I.C.E. + GAMMA  21   3.23E-06   5.520E-01   E1 MULTIPOLE                             
+                                                                    AK= 0.00369                
           I.C.E. + GAMMA  22   5.86E-06   5.585E-01   UNPLACED GAMMA                           
           I.C.E. + GAMMA  23   8.83E-06   5.684E-01   M1 MULTIPOLE                             
+                                                                    AK= 0.0203                 
                                                       AL1=0.00270                              
           I.C.E. + GAMMA  24   1.35E-05   5.781E-01   E2 MULTIPOLE                             
+                                                                    AK= 0.00895                
                                                       AL1=0.00112                              
           I.C.E. + GAMMA  25   3.40E-05   6.143E-01   M1 MULTIPOLE                             
+                                                                    AK= 0.0167                 
                                                       AL1=0.00222                              
           I.C.E. + GAMMA  26   1.23E-05   7.113E-01   UNPLACED GAMMA                           
           I.C.E. + GAMMA  27   6.91E-05   8.758E-01   E1 MULTIPOLE                             
+                                                                    AK= 0.00144                
           I.C.E. + GAMMA  28   8.65E-06   1.014E+00   E2 MULTIPOLE                             
+                                                                    AK= 0.00263                
           I.C.E. + GAMMA  29   4.92E-04   1.113E+00   M1 MULTIPOLE                             
+                                                                    AK= 0.00388                
 
           * ENDPOINT ENERGY (MEV)
           - - - - - - - - - -
           Reference: Evaluated Nuclear Structure Data File (ENSDF)
                DATE DATA WERE ENTERED INTO ENSDF: Feb-2000
%%%% 163 ER  68    EC B+        4.50000E+03 75.0 M     02-11-2005       INPUEND 
%%%% 163 ER  68    EC B+        4.50000E+03 75.0 M     02-11-2005       OUTPSTAR
1                                      **OUTPUT DATA**
              163-ERBIUM-68
+                                    HALFLIFE = 75 MINUTES 
+                                                                  02-11-2005

            MODES OF DECAY: ELECTRON CAPTURE, BETA PLUS
 
                                              MEAN
                                              NUMBER/                  MEV/
                                         ID   TRANSFOR-   ENERGY       TRANSFOR-
                  TYPE OF RADIATION      NO.  MATION      (MEV)        MATION

           GAMMA-RAY                     16   2.85E-04    4.361E-01    1.24E-04
           GAMMA-RAY                     17   2.76E-04    4.399E-01    1.21E-04
           GAMMA-RAY                     27   6.90E-05    8.758E-01    6.04E-05
           GAMMA-RAY                     29   4.90E-04    1.113E+00    5.46E-04
           K -L2 X-RAY                        2.24E-01    4.677E-02    1.05E-02
           K -L3 X-RAY                        3.99E-01    4.764E-02    1.90E-02
           K -M2 X-RAY                        4.13E-02    5.379E-02    2.22E-03
           K -M3 X-RAY                        7.98E-02    5.397E-02    4.31E-03
           K -M5 X-RAY                        9.18E-04    5.434E-02    4.99E-05
           K -N2 X-RAY                        9.12E-03    5.536E-02    5.05E-04
           K -N3 X-RAY                        1.77E-02    5.540E-02    9.78E-04
           K -O2 X-RAY                        2.02E-03    5.567E-02    1.12E-04
           K -O3 X-RAY                        4.19E-03    5.567E-02    2.34E-04
           L1-M3 X-RAY                        5.78E-03    7.632E-03    4.41E-05
           L2-M4 X-RAY                        4.84E-02    7.534E-03    3.65E-04
           L2-N4 X-RAY                        8.53E-03    8.755E-03    7.47E-05
           L3-M4 X-RAY                        8.17E-03    6.667E-03    5.44E-05
           L3-M5 X-RAY                        7.22E-02    6.706E-03    4.84E-04
           L3-N5 X-RAY                        1.22E-02    7.895E-03    9.67E-05
           Free-Bound X-RAY                   8.31E+00    1.362E-05*   1.13E-04
           AUGER KLL                          3.09E-02    3.825E-02*   1.18E-03
           AUGER KLX                          1.56E-02    4.542E-02*   7.07E-04
           AUGER KXY                          1.88E-03    5.260E-02*   9.89E-05
           CK LLX                             1.29E-01    7.048E-04*   9.12E-05
           AUGER LMM                          4.77E-01    5.299E-03*   2.53E-03
           AUGER LMX                          1.69E-01    6.619E-03*   1.12E-03
           AUGER LXY                          1.51E-02    7.971E-03*   1.20E-04
           CK MMX                             6.22E-01    2.218E-04*   1.38E-04
           AUGER MNN                          1.35E+00    1.075E-03*   1.45E-03
           AUGER MNX                          7.00E-02    1.251E-03*   8.76E-05
           CK NNX                             3.78E+00    1.348E-04*   5.09E-04
           AUGER NXY                          1.54E-01    1.780E-04*   2.75E-05
           CK OOX                             4.31E-01    1.897E-05*   8.17E-06
 
           ALL LISTED X-RAYS, GAMMA-RAYS AND ANNIHILATION RADIATION    4.00E-02
           ALL NEGLECTED X-RAYS, GAMMA-RAYS AND ANNIH. RADIATION**     3.62E-04
           ALL LISTED BETAS, INTERNAL CONVERSION AND AUGER ELECTRONS   8.06E-03
           ALL NEGLECTED BETAS, INT. CONVERSION AND AUGER ELECTRONS**  2.92E-05
           ALL LISTED RADIATIONS                                       4.80E-02
           ALL NEGLECTED RADIATIONS**                                  3.91E-04
 
           *  AVERAGE ENERGY (MEV)
           ** EACH NEGLECTED TRANSITION CONTRIBUTES LESS THAN  0.100%
              TO THE TOTAL MEV/TRANSFORMATION FOR THIS CATEGORY.
           TOTAL FEEDING OF GROUND STATE LEVEL IN 163-HOLMIUM
             DAUGHTER IS 1.0000E+00 PER TRANSFORMATION OF 163-ERBIUM.
             DECAY OF THIS 4570 YEARS HALFLIFE LEVEL WILL CONTRIBUTE TO DOSE.
           - - - - - - - - - -
           INPUT DATA SOURCE: EVALUATED NUCLEAR STRUCTURE DATA FILE (ENSDF)
             DATE INPUT DATA WERE ENTERED INTO ENSDF: Feb-2000
%%%% 163 ER  68    EC B+        4.50000E+03 75.0 M     02-11-2005       OUTPEND 
%%%% 163 ER  68    EC B+        4.50000E+03 75.0 M     02-11-2005       BETASTAR
1
              163-ERBIUM-68
+                                    HALFLIFE = 75 MINUTES 
+                                                                  02-11-2005

            BETA SPECTRUM DATA FOR ALL DECAY BRANCHES

                      BETAS PER                BETAS PER                BETAS PER
            ENERGY    MEV            ENERGY    MEV            ENERGY    MEV
            (MEV)     PER DECAY      (MEV)     PER DECAY      (MEV)     PER DECAY

            0.00000   0.000E+00      0.00130   1.200E-12      0.01800   1.022E-05
            0.00010   0.000E+00      0.00140   3.236E-12      0.02000   1.426E-05
            0.00011   0.000E+00      0.00150   7.626E-12      0.02200   1.908E-05
            0.00012   0.000E+00      0.00160   1.613E-11      0.02400   2.469E-05
            0.00013   0.000E+00      0.00180   5.642E-11      0.02600   3.107E-05
            0.00014   0.000E+00      0.00200   1.547E-10      0.02800   3.818E-05
            0.00015   0.000E+00      0.00220   3.566E-10      0.03000   4.599E-05
            0.00016   0.000E+00      0.00240   7.223E-10      0.03200   5.445E-05
            0.00018   0.000E+00      0.00260   1.326E-09      0.03600   7.307E-05
            0.00020   0.000E+00      0.00280   2.253E-09      0.04000   9.354E-05
            0.00022   0.000E+00      0.00300   3.600E-09      0.04500   1.209E-04
            0.00024   0.000E+00      0.00320   5.470E-09      0.05000   1.492E-04
            0.00026   0.000E+00      0.00360   1.123E-08      0.05500   1.774E-04
            0.00028   0.000E+00      0.00400   2.049E-08      0.06000   2.046E-04
            0.00030   0.000E+00      0.00450   3.852E-08      0.06500   2.299E-04
            0.00032   0.000E+00      0.00500   6.563E-08      0.07000   2.527E-04
            0.00036   0.000E+00      0.00550   1.039E-07      0.07500   2.723E-04
            0.00040   7.261E-28      0.00600   1.556E-07      0.08000   2.883E-04
            0.00045   2.795E-25      0.00650   2.227E-07      0.08500   3.004E-04
            0.00050   3.221E-23      0.00700   3.073E-07      0.09000   3.084E-04
            0.00055   1.499E-21      0.00750   4.116E-07      0.10000   3.115E-04
            0.00060   3.506E-20      0.00800   5.377E-07      0.11000   2.981E-04
            0.00065   4.838E-19      0.00850   6.874E-07      0.12000   2.698E-04
            0.00070   4.426E-18      0.00900   8.629E-07      0.13000   2.295E-04
            0.00075   2.928E-17      0.01000   1.299E-06      0.14000   1.810E-04
            0.00080   1.495E-16      0.01100   1.859E-06      0.15000   1.290E-04
            0.00085   6.183E-16      0.01200   2.557E-06      0.16000   7.881E-05
            0.00090   2.153E-15      0.01300   3.406E-06      0.18000   7.931E-06
            0.00100   1.741E-14      0.01400   4.415E-06      0.18800   0.000E+00
            0.00110   9.374E-14      0.01500   5.593E-06
            0.00120   3.750E-13      0.01600   6.949E-06

            AVERAGE BETA ENERGY =   9.816E-02

            TOTAL BETAS PER DECAY FOR ALL BRANCHES =   2.900E-05
%%%% 163 ER  68    EC B+        4.50000E+03 75.0 M     02-11-2005       BETAEND 
%%%% 163 ER  68    EC B+        4.50000E+03 75.0 M     02-11-2005       SEEISTAR
163.  ERBIUM       68.  7.500E+01 MINUTES  215 EC B+                163.ER 68.   0
 4 1  2.89999E-03  9.81636E-02  1.88000E-01  0.00000E+00            163.ER 68.   1   1
 3 3  5.79999E-03  5.11000E-01  5.11000E-01  0.00000E+00            163.ER 68.   2   3
 1 4  4.60000E-04  8.05000E-02  8.05000E-02  0.00000E+00            163.ER 68.   3   4
 1 6  1.69050E-03  1.00000E-01  1.00000E-01  0.00000E+00            163.ER 68.   4   6
 6 1  3.83744E-03  4.43010E-02  4.43010E-02  6.00000E+00            163.ER 68.   5   1
 6 5  5.20674E-04  9.06398E-02  9.06398E-02  6.00000E+00            163.ER 68.   6   5
 6 6  4.39530E-05  9.10713E-02  9.10713E-02  6.00000E+00            163.ER 68.   7   6
 6 7  6.86343E-06  9.19383E-02  9.19383E-02  6.00000E+00            163.ER 68.   8   7
 6 3  1.26409E-04  9.82715E-02  9.82715E-02  6.00000E+00            163.ER 68.   9   3
 6 4  3.56899E-05  1.00000E-01  1.00000E-01  6.00000E+00            163.ER 68.  10   4
 1 7  2.07000E-04  1.23600E-01  1.23600E-01  0.00000E+00            163.ER 68.  11   7
 6 1  1.31407E-04  6.79010E-02  6.79010E-02  7.00000E+00            163.ER 68.  12   1
 6 5  1.26716E-05  1.14240E-01  1.14240E-01  7.00000E+00            163.ER 68.  13   5
 6 6  4.91253E-05  1.14671E-01  1.14671E-01  7.00000E+00            163.ER 68.  14   6
 6 7  4.52334E-05  1.15538E-01  1.15538E-01  7.00000E+00            163.ER 68.  15   7
 6 3  2.57892E-05  1.21872E-01  1.21872E-01  7.00000E+00            163.ER 68.  16   3
 6 4  6.81907E-06  1.23600E-01  1.23600E-01  7.00000E+00            163.ER 68.  17   4
 1 8  4.60000E-04  1.64600E-01  1.64600E-01  0.00000E+00            163.ER 68.  18   8
 1 9  5.06000E-04  1.92600E-01  1.92600E-01  0.00000E+00            163.ER 68.  19   9
 6 1  2.37411E-05  1.36901E-01  1.36901E-01  9.00000E+00            163.ER 68.  20   1
 6 5  2.67219E-06  1.83240E-01  1.83240E-01  9.00000E+00            163.ER 68.  21   5
 6 6  4.01589E-07  1.83671E-01  1.83671E-01  9.00000E+00            163.ER 68.  22   6
 6 7  4.40149E-07  1.84538E-01  1.84538E-01  9.00000E+00            163.ER 68.  23   7
 6 3  7.75204E-07  1.90872E-01  1.90872E-01  9.00000E+00            163.ER 68.  24   3
 6 4  2.14173E-07  1.92600E-01  1.92600E-01  9.00000E+00            163.ER 68.  25   4
 110  3.79500E-04  2.53900E-01  2.53900E-01  0.00000E+00            163.ER 68.  26  10
 6 1  8.77668E-06  1.98201E-01  1.98201E-01  1.00000E+01            163.ER 68.  27   1
 6 5  1.00980E-06  2.44540E-01  2.44540E-01  1.00000E+01            163.ER 68.  28   5
 6 6  1.25496E-07  2.44971E-01  2.44971E-01  1.00000E+01            163.ER 68.  29   6
 6 7  1.33036E-07  2.45838E-01  2.45838E-01  1.00000E+01            163.ER 68.  30   7
 6 3  2.79651E-07  2.52171E-01  2.52171E-01  1.00000E+01            163.ER 68.  31   3
 6 4  7.76637E-08  2.53900E-01  2.53900E-01  1.00000E+01            163.ER 68.  32   4
 111  1.15000E-02  2.97800E-01  2.97800E-01  0.00000E+00            163.ER 68.  33  11
 6 1  1.75610E-03  2.42101E-01  2.42101E-01  1.10000E+01            163.ER 68.  34   1
 6 5  2.23583E-04  2.88440E-01  2.88440E-01  1.10000E+01            163.ER 68.  35   5
 6 6  6.56308E-04  2.88871E-01  2.88871E-01  1.10000E+01            163.ER 68.  36   6
 6 7  3.34132E-04  2.89738E-01  2.89738E-01  1.10000E+01            163.ER 68.  37   7
 6 3  2.96280E-04  2.96071E-01  2.96071E-01  1.10000E+01            163.ER 68.  38   3
 6 4  7.93832E-05  2.97800E-01  2.97800E-01  1.10000E+01            163.ER 68.  39   4
 112  2.07000E-04  3.31000E-01  3.31000E-01  0.00000E+00            163.ER 68.  40  12
 6 1  2.47828E-06  2.75301E-01  2.75301E-01  1.20000E+01            163.ER 68.  41   1
 6 5  2.90438E-07  3.21640E-01  3.21640E-01  1.20000E+01            163.ER 68.  42   5
 6 6  3.00513E-08  3.22071E-01  3.22071E-01  1.20000E+01            163.ER 68.  43   6
 6 7  3.10734E-08  3.22938E-01  3.22938E-01  1.20000E+01            163.ER 68.  44   7
 6 3  7.75378E-08  3.29272E-01  3.29272E-01  1.20000E+01            163.ER 68.  45   3
 6 4  2.15821E-08  3.31000E-01  3.31000E-01  1.20000E+01            163.ER 68.  46   4
 113  3.33500E-03  3.39800E-01  3.39800E-01  0.00000E+00            163.ER 68.  47  13
 6 1  3.74676E-05  2.84101E-01  2.84101E-01  1.30000E+01            163.ER 68.  48   1
 6 5  4.39887E-06  3.30440E-01  3.30440E-01  1.30000E+01            163.ER 68.  49   5
 6 6  4.46909E-07  3.30871E-01  3.30871E-01  1.30000E+01            163.ER 68.  50   6
 6 7  4.61011E-07  3.31738E-01  3.31738E-01  1.30000E+01            163.ER 68.  51   7
 6 3  1.17031E-06  3.38071E-01  3.38071E-01  1.30000E+01            163.ER 68.  52   3
 6 4  3.25825E-07  3.39800E-01  3.39800E-01  1.30000E+01            163.ER 68.  53   4
 114  8.74000E-04  4.17100E-01  4.17100E-01  0.00000E+00            163.ER 68.  54  14
 115  1.43750E-03  4.31200E-01  4.31200E-01  0.00000E+00            163.ER 68.  55  15
 6 1  9.19934E-06  3.75501E-01  3.75501E-01  1.50000E+01            163.ER 68.  56   1
 6 5  1.10024E-06  4.21840E-01  4.21840E-01  1.50000E+01            163.ER 68.  57   5
 6 6  9.41330E-08  4.22271E-01  4.22271E-01  1.50000E+01            163.ER 68.  58   6
 6 7  9.53462E-08  4.23138E-01  4.23138E-01  1.50000E+01            163.ER 68.  59   7
 6 3  2.83471E-07  4.29472E-01  4.29472E-01  1.50000E+01            163.ER 68.  60   3
 6 4  7.91289E-08  4.31200E-01  4.31200E-01  1.50000E+01            163.ER 68.  61   4
 116  2.85200E-02  4.36100E-01  4.36100E-01  0.00000E+00            163.ER 68.  62  16
 6 1  1.13903E-03  3.80401E-01  3.80401E-01  1.60000E+01            163.ER 68.  63   1
 6 5  1.52355E-04  4.26740E-01  4.26740E-01  1.60000E+01            163.ER 68.  64   5
 6 6  1.01694E-05  4.27171E-01  4.27171E-01  1.60000E+01            163.ER 68.  65   6
 6 7  1.55201E-06  4.28038E-01  4.28038E-01  1.60000E+01            163.ER 68.  66   7
 6 3  3.62747E-05  4.34372E-01  4.34372E-01  1.60000E+01            163.ER 68.  67   3
 6 4  1.02140E-05  4.36100E-01  4.36100E-01  1.60000E+01            163.ER 68.  68   4
 117  2.76000E-02  4.39900E-01  4.39900E-01  0.00000E+00            163.ER 68.  69  17
 6 1  1.68701E-04  3.84201E-01  3.84201E-01  1.70000E+01            163.ER 68.  70   1
 6 5  2.02039E-05  4.30540E-01  4.30540E-01  1.70000E+01            163.ER 68.  71   5
 6 6  1.70354E-06  4.30971E-01  4.30971E-01  1.70000E+01            163.ER 68.  72   6
 6 7  1.72345E-06  4.31838E-01  4.31838E-01  1.70000E+01            163.ER 68.  73   7
 6 3  5.19251E-06  4.38172E-01  4.38172E-01  1.70000E+01            163.ER 68.  74   3
 6 4  1.44971E-06  4.39900E-01  4.39900E-01  1.70000E+01            163.ER 68.  75   4
 118  9.08500E-04  4.44800E-01  4.44800E-01  0.00000E+00            163.ER 68.  76  18
 6 1  3.44772E-05  3.89101E-01  3.89101E-01  1.80000E+01            163.ER 68.  77   1
 6 5  4.60988E-06  4.35440E-01  4.35440E-01  1.80000E+01            163.ER 68.  78   5
 6 6  3.06100E-07  4.35871E-01  4.35871E-01  1.80000E+01            163.ER 68.  79   6
 6 7  4.67861E-08  4.36738E-01  4.36738E-01  1.80000E+01            163.ER 68.  80   7
 6 3  1.09716E-06  4.43072E-01  4.43072E-01  1.80000E+01            163.ER 68.  81   3
 6 4  3.08906E-07  4.44800E-01  4.44800E-01  1.80000E+01            163.ER 68.  82   4
 119  6.90000E-04  4.52300E-01  4.52300E-01  0.00000E+00            163.ER 68.  83  19
 6 1  3.95785E-06  3.96601E-01  3.96601E-01  1.90000E+01            163.ER 68.  84   1
 6 5  4.74862E-07  4.42940E-01  4.42940E-01  1.90000E+01            163.ER 68.  85   5
 6 6  3.92319E-08  4.43371E-01  4.43371E-01  1.90000E+01            163.ER 68.  86   6
 6 7  3.96292E-08  4.44238E-01  4.44238E-01  1.90000E+01            163.ER 68.  87   7
 6 3  1.21628E-07  4.50572E-01  4.50572E-01  1.90000E+01            163.ER 68.  88   3
 6 4  3.39656E-08  4.52300E-01  4.52300E-01  1.90000E+01            163.ER 68.  89   4
 120  2.76000E-04  4.84000E-01  4.84000E-01  0.00000E+00            163.ER 68.  90  20
 6 1  8.43366E-06  4.28301E-01  4.28301E-01  2.00000E+01            163.ER 68.  91   1
 6 5  1.12539E-06  4.74640E-01  4.74640E-01  2.00000E+01            163.ER 68.  92   5
 6 6  7.30722E-08  4.75071E-01  4.75071E-01  2.00000E+01            163.ER 68.  93   6
 6 7  1.12460E-08  4.75938E-01  4.75938E-01  2.00000E+01            163.ER 68.  94   7
 6 3  2.67224E-07  4.82272E-01  4.82272E-01  2.00000E+01            163.ER 68.  95   3
 6 4  7.52602E-08  4.84000E-01  4.84000E-01  2.00000E+01            163.ER 68.  96   4
 121  3.22000E-04  5.52000E-01  5.52000E-01  0.00000E+00            163.ER 68.  97  21
 6 1  1.18845E-06  4.96301E-01  4.96301E-01  2.10000E+01            163.ER 68.  98   1
 6 5  1.43872E-07  5.42640E-01  5.42640E-01  2.10000E+01            163.ER 68.  99   5
 6 6  1.02443E-08  5.43071E-01  5.43071E-01  2.10000E+01            163.ER 68. 100   6
 6 7  1.02824E-08  5.43938E-01  5.43938E-01  2.10000E+01            163.ER 68. 101   7
 6 3  3.60539E-08  5.50272E-01  5.50272E-01  2.10000E+01            163.ER 68. 102   3
 6 4  1.00760E-08  5.52000E-01  5.52000E-01  2.10000E+01            163.ER 68. 103   4
 122  5.86500E-04  5.58500E-01  5.58500E-01  0.00000E+00            163.ER 68. 104  22
 123  8.62500E-04  5.68400E-01  5.68400E-01  0.00000E+00            163.ER 68. 105  23
 6 1  1.75448E-05  5.12701E-01  5.12701E-01  2.30000E+01            163.ER 68. 106   1
 6 5  2.33100E-06  5.59040E-01  5.59040E-01  2.30000E+01            163.ER 68. 107   5
 6 6  1.44714E-07  5.59471E-01  5.59471E-01  2.30000E+01            163.ER 68. 108   6
 6 7  2.26662E-08  5.60338E-01  5.60338E-01  2.30000E+01            163.ER 68. 109   7
 6 3  5.50351E-07  5.66672E-01  5.66672E-01  2.30000E+01            163.ER 68. 110   3
 6 4  1.55286E-07  5.68400E-01  5.68400E-01  2.30000E+01            163.ER 68. 111   4
 124  1.33400E-03  5.78100E-01  5.78100E-01  0.00000E+00            163.ER 68. 112  24
 6 1  1.19392E-05  5.22401E-01  5.22401E-01  2.40000E+01            163.ER 68. 113   1
 6 5  1.49004E-06  5.68740E-01  5.68740E-01  2.40000E+01            163.ER 68. 114   5
 6 6  4.52082E-07  5.69171E-01  5.69171E-01  2.40000E+01            163.ER 68. 115   6
 6 7  2.30483E-07  5.70038E-01  5.70038E-01  2.40000E+01            163.ER 68. 116   7
 6 3  4.90806E-07  5.76372E-01  5.76372E-01  2.40000E+01            163.ER 68. 117   3
 6 4  1.35729E-07  5.78100E-01  5.78100E-01  2.40000E+01            163.ER 68. 118   4
 125  3.33500E-03  6.14300E-01  6.14300E-01  0.00000E+00            163.ER 68. 119  25
 6 1  5.58409E-05  5.58601E-01  5.58601E-01  2.50000E+01            163.ER 68. 120   1
 6 5  7.40446E-06  6.04940E-01  6.04940E-01  2.50000E+01            163.ER 68. 121   5
 6 6  4.49100E-07  6.05371E-01  6.05371E-01  2.50000E+01            163.ER 68. 122   6
 6 7  7.11513E-08  6.06238E-01  6.06238E-01  2.50000E+01            163.ER 68. 123   7
 6 3  1.74318E-06  6.12572E-01  6.12572E-01  2.50000E+01            163.ER 68. 124   3
 6 4  4.92356E-07  6.14300E-01  6.14300E-01  2.50000E+01            163.ER 68. 125   4
 126  1.23050E-03  7.11300E-01  7.11300E-01  0.00000E+00            163.ER 68. 126  26
 127  6.90000E-03  8.75800E-01  8.75800E-01  0.00000E+00            163.ER 68. 127  27
 6 1  9.93066E-06  8.20101E-01  8.20101E-01  2.70000E+01            163.ER 68. 128   1
 6 5  1.21987E-06  8.66440E-01  8.66440E-01  2.70000E+01            163.ER 68. 129   5
 6 6  6.06489E-08  8.66871E-01  8.66871E-01  2.70000E+01            163.ER 68. 130   6
 6 7  6.19234E-08  8.67738E-01  8.67738E-01  2.70000E+01            163.ER 68. 131   7
 6 3  2.93437E-07  8.74072E-01  8.74072E-01  2.70000E+01            163.ER 68. 132   3
 6 4  8.23723E-08  8.75800E-01  8.75800E-01  2.70000E+01            163.ER 68. 133   4
 128  8.62500E-04  1.01360E+00  1.01360E+00  0.00000E+00            163.ER 68. 134  28
 6 1  2.26608E-06  9.57901E-01  9.57901E-01  2.80000E+01            163.ER 68. 135   1
 6 5  2.87030E-07  1.00424E+00  1.00424E+00  2.80000E+01            163.ER 68. 136   5
 6 6  3.81224E-08  1.00467E+00  1.00467E+00  2.80000E+01            163.ER 68. 137   6
 6 7  1.70159E-08  1.00554E+00  1.00554E+00  2.80000E+01            163.ER 68. 138   7
 6 3  7.58466E-08  1.01187E+00  1.01187E+00  2.80000E+01            163.ER 68. 139   3
 6 4  2.12527E-08  1.01360E+00  1.01360E+00  2.80000E+01            163.ER 68. 140   4
 129  4.89900E-02  1.11350E+00  1.11350E+00  0.00000E+00            163.ER 68. 141  29
 6 1  1.90246E-04  1.05780E+00  1.05780E+00  2.90000E+01            163.ER 68. 142   1
 6 5  2.51203E-05  1.10414E+00  1.10414E+00  2.90000E+01            163.ER 68. 143   5
 6 6  1.21658E-06  1.10457E+00  1.10457E+00  2.90000E+01            163.ER 68. 144   6
 6 7  2.31200E-07  1.10544E+00  1.10544E+00  2.90000E+01            163.ER 68. 145   7
 6 3  5.83140E-06  1.11177E+00  1.11177E+00  2.90000E+01            163.ER 68. 146   3
 6 4  1.64967E-06  1.11350E+00  1.11350E+00  2.90000E+01            163.ER 68. 147   4
 2 1  2.23897E+01  4.67702E-02  4.67702E-02  0.00000E+00            163.ER 68. 148   1
 2 2  3.98766E+01  4.76373E-02  4.76373E-02  0.00000E+00            163.ER 68. 149   2
 2 3  4.13035E+00  5.37885E-02  5.37885E-02  0.00000E+00            163.ER 68. 150   3
 2 4  7.98361E+00  5.39705E-02  5.39705E-02  0.00000E+00            163.ER 68. 151   4
 2 5  7.05437E-02  5.43038E-02  5.43038E-02  0.00000E+00            163.ER 68. 152   5
 2 6  9.18395E-02  5.43437E-02  5.43437E-02  0.00000E+00            163.ER 68. 153   6
 2 7  9.11778E-01  5.53559E-02  5.53559E-02  0.00000E+00            163.ER 68. 154   7
 2 8  1.76550E+00  5.53966E-02  5.53966E-02  0.00000E+00            163.ER 68. 155   8
 2 9  1.60164E-02  5.55253E-02  5.55253E-02  0.00000E+00            163.ER 68. 156   9
 210  2.07552E-02  5.55327E-02  5.55327E-02  0.00000E+00            163.ER 68. 157  10
 211  2.01687E-01  5.56652E-02  5.56652E-02  0.00000E+00            163.ER 68. 158  11
 212  4.19479E-01  5.56705E-02  5.56705E-02  0.00000E+00            163.ER 68. 159  12
 221  2.89320E-04  4.31500E-04  4.31500E-04  0.00000E+00            163.ER 68. 160  21
 222  1.80077E-02  1.29850E-03  1.29850E-03  0.00000E+00            163.ER 68. 161  22
 223  4.19830E-01  7.44981E-03  7.44981E-03  0.00000E+00            163.ER 68. 162  23
 224  5.78153E-01  7.63171E-03  7.63171E-03  0.00000E+00            163.ER 68. 163  24
 225  9.86639E-03  7.96500E-03  7.96500E-03  0.00000E+00            163.ER 68. 164  25
 226  1.47689E-02  8.00489E-03  8.00489E-03  0.00000E+00            163.ER 68. 165  26
 227  1.00028E-01  9.01715E-03  9.01715E-03  0.00000E+00            163.ER 68. 166  27
 228  1.43949E-01  9.05799E-03  9.05799E-03  0.00000E+00            163.ER 68. 167  28
 229  1.34107E-03  9.18658E-03  9.18658E-03  0.00000E+00            163.ER 68. 168  29
 230  2.07357E-03  9.19397E-03  9.19397E-03  0.00000E+00            163.ER 68. 169  30
 231  1.34363E-02  9.32631E-03  9.32631E-03  0.00000E+00            163.ER 68. 170  31
 232  1.86106E-02  9.33162E-03  9.33162E-03  0.00000E+00            163.ER 68. 171  32
 241  2.72651E-05  8.67000E-04  8.67000E-04  0.00000E+00            163.ER 68. 172  41
 242  1.59040E-01  6.82622E-03  6.82622E-03  0.00000E+00            163.ER 68. 173  42
 243  3.63462E-03  7.20021E-03  7.20021E-03  0.00000E+00            163.ER 68. 174  43
 244  4.84350E+00  7.53351E-03  7.53351E-03  0.00000E+00            163.ER 68. 175  44
 245  3.32492E-02  8.50835E-03  8.50835E-03  0.00000E+00            163.ER 68. 176  45
 246  8.51854E-04  8.62650E-03  8.62650E-03  0.00000E+00            163.ER 68. 177  46
 247  8.53250E-01  8.75507E-03  8.75507E-03  0.00000E+00            163.ER 68. 178  47
 248  1.08497E-03  8.91792E-03  8.91792E-03  0.00000E+00            163.ER 68. 179  48
 249  5.90963E-03  8.87351E-03  8.87351E-03  0.00000E+00            163.ER 68. 180  49
 250  1.90007E-04  8.90012E-03  8.90012E-03  0.00000E+00            163.ER 68. 181  50
 261  5.45883E-01  5.95920E-03  5.95920E-03  0.00000E+00            163.ER 68. 182  61
 262  3.92026E-03  6.15131E-03  6.15131E-03  0.00000E+00            163.ER 68. 183  62
 263  3.58186E-03  6.33320E-03  6.33320E-03  0.00000E+00            163.ER 68. 184  63
 264  8.16725E-01  6.66650E-03  6.66650E-03  0.00000E+00            163.ER 68. 185  64
 265  7.21752E+00  6.70641E-03  6.70641E-03  0.00000E+00            163.ER 68. 186  65
 266  8.07586E-02  7.64134E-03  7.64134E-03  0.00000E+00            163.ER 68. 187  66
 267  6.86084E-04  7.71866E-03  7.71866E-03  0.00000E+00            163.ER 68. 188  67
 268  6.65440E-04  7.75950E-03  7.75950E-03  0.00000E+00            163.ER 68. 189  68
 269  1.36870E-01  7.88806E-03  7.88806E-03  0.00000E+00            163.ER 68. 190  69
 270  1.22435E+00  7.89548E-03  7.89548E-03  0.00000E+00            163.ER 68. 191  70
 271  2.82224E-04  8.05088E-03  8.05088E-03  0.00000E+00            163.ER 68. 192  71
 272  1.60508E-03  8.05196E-03  8.05196E-03  0.00000E+00            163.ER 68. 193  72
 273  1.54163E-02  8.00651E-03  8.00651E-03  0.00000E+00            163.ER 68. 194  73
 274  1.57357E-04  8.02781E-03  8.02781E-03  0.00000E+00            163.ER 68. 195  74
 275  1.35447E-04  8.03310E-03  8.03310E-03  0.00000E+00            163.ER 68. 196  75
 291  1.76912E+00  1.29866E-03  1.29866E-03  0.00000E+00            163.ER 68. 197  91
 292  4.49715E-02  1.79409E-04  1.79409E-04  0.00000E+00            163.ER 68. 198  92
 293  2.24349E-05  2.55390E-05  2.55390E-05  0.00000E+00            163.ER 68. 199  93
 294  8.30508E+02  1.36217E-05  1.36217E-05  0.00000E+00            163.ER 68. 200  94
 7 1  3.09417E+00  3.82545E-02  3.82545E-02  0.00000E+00            163.ER 68. 201   1
 7 2  1.55672E+00  4.54244E-02  4.54244E-02  0.00000E+00            163.ER 68. 202   2
 7 3  1.87931E-01  5.26008E-02  5.26008E-02  0.00000E+00            163.ER 68. 203   3
 7 4  1.29347E+01  7.04755E-04  7.04755E-04  0.00000E+00            163.ER 68. 204   4
 7 5  4.76518E+01  5.29924E-03  5.29924E-03  0.00000E+00            163.ER 68. 205   5
 7 6  1.68796E+01  6.61859E-03  6.61859E-03  0.00000E+00            163.ER 68. 206   6
 7 7  1.50838E+00  7.97146E-03  7.97146E-03  0.00000E+00            163.ER 68. 207   7
 7 8  6.22372E+01  2.21787E-04  2.21787E-04  0.00000E+00            163.ER 68. 208   8
 7 9  1.34635E+02  1.07453E-03  1.07453E-03  0.00000E+00            163.ER 68. 209   9
 710  7.00308E+00  1.25076E-03  1.25076E-03  0.00000E+00            163.ER 68. 210  10
 711  3.55859E-01  1.44053E-03  1.44053E-03  0.00000E+00            163.ER 68. 211  11
 712  3.77722E+02  1.34836E-04  1.34836E-04  0.00000E+00            163.ER 68. 212  12
 713  1.54261E+01  1.78022E-04  1.78022E-04  0.00000E+00            163.ER 68. 213  13
 714  4.30762E+01  1.89749E-05  1.89749E-05  0.00000E+00            163.ER 68. 214  14
 715  3.33385E-01  4.43501E-05  4.43501E-05  0.00000E+00            163.ER 68. 215  15
%%%% 163 ER  68    EC B+        4.50000E+03 75.0 M     02-11-2005       SEEIEND 
 


   ***************************************************** 
   *                 Radiation Summary                 * 
   ***************************************************** 
 
  Energy released by
    Gamma-ray                       (MeV) =   9.60188E-04
    X-ray                           (MeV) =   3.92024E-02
    Free-bound X-ray                (MeV) =   1.13130E-04
    Annihilation photon             (MeV) =   2.96379E-05
    Beta+ particle                  (MeV) =   2.84674E-06
    Neutrino                        (MeV) =   1.16015E+00
    Beta- particle                  (MeV) =   0.00000E+00
    Neutrino-                       (MeV) =   0.00000E+00
    Internal conv. electron         (MeV) =   2.10625E-05
    Auger and CK electron           (MeV) =   8.06595E-03
    Alpha particle                  (MeV) =   0.00000E+00
    Recoil nucleus                  (MeV) =   0.00000E+00
  E-total (except unplaced radiat.) (MeV) =   1.20855E+00
  E-unplaced radiation              (MeV) =   1.68011E-05
  Q-value from ENSDF data           (MeV) =   1.21000E+00
  Ratio of E-total/Q-value          ( % ) =   9.98800E+01
  Ratio of E-unplaced radi./Q-value ( % ) =   1.38852E-03

 
  Total yield of
    Gamma-ray                             =   1.39863E-03
    X-ray                                 =   9.69616E-01
    Free-bound X-ray                      =   8.30508E+00
    Annihilation photon                   =   5.79999E-05
    Beta+ particle                        =   2.89999E-05
    Beta- particle                        =   0.00000E+00
    Internal conv. electron               =   1.02302E-04
    Auger and CK electron                 =   7.24602E+00
    Alpha particle                        =   0.00000E+00
  Yield of unplaced radiation             =   3.61100E-05


