%%%% 173 ER  68    B-           8.60400E+01 1.434 M    18-07-2007       BALASTAR
1 173   ER  68 1.434 M         B-         
           WARNING:                                                                             
 173 TM 69  GAMMA-RAY ENERGY =   0.31520 MEV                                                    
           HALF-LIFE OF INITIAL LEVEL ASSOCIATED WITH GAMMA-RAY TOO SHORT TO BE                 
           CONSIDERED ISOMERIC, AND INTENSITY = 0.0                                             
           TRANSITION IGNORED                                                                   
1INTENSITY AND ENERGY BALANCE DATA

              173-ERBIUM-68
+                                    HALFLIFE = 1.434 MINUTES 
+                                                                  18-07-2007


    LEVEL       INTENSITY   INTENSITY
    ENERGY      ENTERING    LEAVING     PERCENT
    (MEV)       LEVEL       LEVEL       ERROR

   0.0000E+00  1.1375E+02
   2.4600E-03  1.0737E+02  1.0704E+02  3.0776E-01                      
   1.1860E-01  5.0618E+01  6.3359E+01  2.2358E+01  ********************
   1.2486E-01  4.9324E+01  5.0717E+01  2.7856E+00                      
   3.1773E-01  1.0060E+02  9.9942E+01  6.5629E-01                      
   4.1190E-01  2.2846E+01  2.3121E+01  1.1977E+00                      
   1.2129E+00  6.3636E+01  6.3961E+01  5.0904E-01                      


 INTENSITY TO GROUND AND ISOMERIC STATE(S) OF DAUGHTER(S)=  1.137E+02
 TOTAL INTENSITY FROM PARENT=  1.000E+02
 PERCENT ERROR =  1.209E+01  ********************


 TOTAL INTENSITY FROM PARENT =  1.000E+02
 VALUE IS WITHIN   7.63E-06% OF 100                      


 TOTAL ENERGY AVAILABLE =  2.610E+00 MEV
 TOTAL ENERGY CONTENT OF ALL RADIATIONS =  2.630E+00 MEV
 PERCENT ERROR =  7.540E-01                      
%%%% 173 ER  68    B-           8.60400E+01 1.434 M    18-07-2007       BALAEND 
%%%% 173 ER  68    B-           8.60400E+01 1.434 M    18-07-2007       INPUSTAR
1                                      **INPUT DATA**
              173-ERBIUM-68
+                                    HALFLIFE = 1.434 MINUTES 
+                                                                  18-07-2007

            MODE OF DECAY: BETA MINUS
 
                                MEAN
                                NUMBER/    TRANSITION
                TYPE OF    ID   TRANSFOR-  ENERGY
              TRANSITION   NO.  MATION     (MEV)       OTHER NUCLEAR PARAMETERS

               BETA MINUS   1   6.36E-01   1.397E+00*  ALLOWED                                  
               BETA MINUS   2   1.31E-01   2.198E+00*  ALLOWED                                  
               BETA MINUS   3   2.32E-01   2.292E+00*  ALLOWED                                  
           I.C.E. + GAMMA   1   1.07E+00   2.460E-03   M1 MULTIPOLE                             
+                                                                    AK= 0.0                    
                                                       AL1=0.0       AL2=0.0                    
                                                       AL3=0.0       AM= 727.                   
                                                       AN+=206.                                 
           I.C.E. + GAMMA   2   2.31E-01   9.420E-02   M1 MULTIPOLE                             
+                                                                    AK= 3.19                   
                                                       AL1=0.441     AL2=0.0382                 
                                                       AL3=0.00557   AM= 0.108                  
                                                       AN+=0.0305                               
           I.C.E. + GAMMA   6   5.67E-01   1.161E-01   M1+E2 MULTIPOLE                          
                                                       MRS=0.250     AK= 1.55                   
                                                       AL1=0.207     AL2=0.0921                 
                                                       AL3=0.0715    AM= 0.0861                 
                                                       AN+=0.0237                               
           I.C.E. + GAMMA   7   6.71E-02   1.186E-01   E2 MULTIPOLE                             
+                                                                    AK= 0.690                  
                                                       AL1=0.0673    AL2=0.343                  
                                                       AL3=0.312     AM= 0.177                  
                                                       AN+=0.0468                               
           I.C.E. + GAMMA   8   5.07E-01   1.224E-01   E2 MULTIPOLE                             
+                                                                    AK= 0.637                  
                                                       AL1=0.0624    AL2=0.297                  
                                                       AL3=0.268     AM= 0.153                  
                                                       AN+=0.0406                               
           I.C.E. + GAMMA   9   4.93E-01   1.928E-01   E1 MULTIPOLE                             
+                                                                    AK= 0.0497                 
                                                       AL1=0.00565   AM= 0.00167                
           I.C.E. + GAMMA  10   5.06E-01   1.992E-01   E1 MULTIPOLE                             
+                                                                    AK= 0.0457                 
                                                       AL1=0.00520   AM= 0.00153                
           I.C.E. + GAMMA  12   9.71E-02   8.008E-01   M1 MULTIPOLE                             
+                                                                    AK= 0.0101                 
                                                       AL1=0.00135                              
           I.C.E. + GAMMA  13   5.42E-01   8.952E-01   M1 MULTIPOLE                             
+                                                                    AK= 0.00765                
                                                       AL1=0.00103                              
 
           * ENDPOINT ENERGY (MEV)
           - - - - - - - - - -
           Reference: Evaluated Nuclear Structure Data File (ENSDF)
                DATE DATA WERE ENTERED INTO ENSDF: Sep-1995
%%%% 173 ER  68    B-           8.60400E+01 1.434 M    18-07-2007       INPUEND 
%%%% 173 ER  68    B-           8.60400E+01 1.434 M    18-07-2007       OUTPSTAR
1                                      **OUTPUT DATA**
              173-ERBIUM-68
+                                    HALFLIFE = 1.434 MINUTES 
+                                                                  18-07-2007

            MODE OF DECAY: BETA MINUS
 
                                              MEAN
                                              NUMBER/                  MEV/
                                         ID   TRANSFOR-   ENERGY       TRANSFOR-
                  TYPE OF RADIATION      NO.  MATION      (MEV)        MATION

           BETA MINUS                     1   6.36E-01    4.976E-01*   3.17E-01
           BETA MINUS                     2   1.31E-01    8.423E-01*   1.11E-01
           BETA MINUS                     3   2.32E-01    8.839E-01*   2.05E-01
           M CONV. ELECTRON, GAMMA-RAY    1   8.33E-01    5.949E-04*   4.96E-04
           N+ CONV. ELECTRON, GAMMA-RAY   1   2.36E-01    2.460E-03*   5.80E-04
           GAMMA-RAY                      2   4.80E-02    9.420E-02    4.52E-03
           K CONV. ELECTRON, GAMMA-RAY    2   1.53E-01    3.471E-02    5.32E-03
           L1 CONV. ELECTRON, GAMMA-RAY   2   2.12E-02    8.412E-02    1.78E-03
           L2 CONV. ELECTRON, GAMMA-RAY   2   1.83E-03    8.457E-02    1.55E-04
           M CONV. ELECTRON, GAMMA-RAY    2   5.19E-03    9.233E-02*   4.80E-04
           N+ CONV. ELECTRON, GAMMA-RAY   2   1.46E-03    9.420E-02*   1.38E-04
           GAMMA-RAY                      6   1.87E-01    1.161E-01    2.17E-02
           K CONV. ELECTRON, GAMMA-RAY    6   2.89E-01    5.665E-02    1.64E-02
           L1 CONV. ELECTRON, GAMMA-RAY   6   3.88E-02    1.061E-01    4.12E-03
           L2 CONV. ELECTRON, GAMMA-RAY   6   1.72E-02    1.065E-01    1.84E-03
           L3 CONV. ELECTRON, GAMMA-RAY   6   1.34E-02    1.075E-01    1.44E-03
           M CONV. ELECTRON, GAMMA-RAY    6   1.61E-02    1.143E-01*   1.84E-03
           N+ CONV. ELECTRON, GAMMA-RAY   6   4.43E-03    1.161E-01*   5.14E-04
           GAMMA-RAY                      7   2.54E-02    1.186E-01    3.02E-03
           K CONV. ELECTRON, GAMMA-RAY    7   1.76E-02    5.911E-02    1.04E-03
           L1 CONV. ELECTRON, GAMMA-RAY   7   1.71E-03    1.085E-01    1.86E-04
           L2 CONV. ELECTRON, GAMMA-RAY   7   8.74E-03    1.090E-01    9.52E-04
           L3 CONV. ELECTRON, GAMMA-RAY   7   7.94E-03    1.100E-01    8.73E-04
           M CONV. ELECTRON, GAMMA-RAY    7   4.49E-03    1.167E-01*   5.24E-04
           N+ CONV. ELECTRON, GAMMA-RAY   7   1.19E-03    1.186E-01*   1.41E-04
           GAMMA-RAY                      8   2.06E-01    1.224E-01    2.53E-02
           K CONV. ELECTRON, GAMMA-RAY    8   1.31E-01    6.291E-02    8.27E-03
           L1 CONV. ELECTRON, GAMMA-RAY   8   1.29E-02    1.123E-01    1.45E-03
           L2 CONV. ELECTRON, GAMMA-RAY   8   6.13E-02    1.128E-01    6.92E-03
           L3 CONV. ELECTRON, GAMMA-RAY   8   5.52E-02    1.138E-01    6.28E-03
           M CONV. ELECTRON, GAMMA-RAY    8   3.16E-02    1.205E-01*   3.81E-03
           N+ CONV. ELECTRON, GAMMA-RAY   8   8.38E-03    1.224E-01*   1.03E-03
           GAMMA-RAY                      9   4.66E-01    1.928E-01    8.98E-02
           K CONV. ELECTRON, GAMMA-RAY    9   2.31E-02    1.333E-01    3.08E-03
           L1 CONV. ELECTRON, GAMMA-RAY   9   2.63E-03    1.827E-01    4.80E-04
           L2 CONV. ELECTRON, GAMMA-RAY   9   4.25E-04    1.832E-01    7.79E-05
           L3 CONV. ELECTRON, GAMMA-RAY   9   4.53E-04    1.842E-01    8.33E-05
           M CONV. ELECTRON, GAMMA-RAY    9   7.79E-04    1.909E-01*   1.49E-04
           GAMMA-RAY                     10   4.80E-01    1.992E-01    9.56E-02
           K CONV. ELECTRON, GAMMA-RAY   10   2.19E-02    1.397E-01    3.06E-03
           L1 CONV. ELECTRON, GAMMA-RAY  10   2.50E-03    1.891E-01    4.72E-04
           L2 CONV. ELECTRON, GAMMA-RAY  10   3.95E-04    1.896E-01    7.49E-05
           L3 CONV. ELECTRON, GAMMA-RAY  10   4.19E-04    1.906E-01    7.98E-05
           M CONV. ELECTRON, GAMMA-RAY   10   7.36E-04    1.973E-01*   1.45E-04
           GAMMA-RAY                     12   9.60E-02    8.008E-01    7.69E-02
           K CONV. ELECTRON, GAMMA-RAY   12   9.66E-04    7.413E-01    7.16E-04
           L1 CONV. ELECTRON, GAMMA-RAY  12   1.30E-04    7.907E-01    1.03E-04
           GAMMA-RAY                     13   5.38E-01    8.952E-01    4.81E-01
           K CONV. ELECTRON, GAMMA-RAY   13   4.11E-03    8.357E-01    3.44E-03
           L1 CONV. ELECTRON, GAMMA-RAY  13   5.53E-04    8.851E-01    4.89E-04
           M CONV. ELECTRON, GAMMA-RAY   13   1.30E-04    8.933E-01*   1.16E-04
           K -L2 X-RAY                        1.75E-01    4.986E-02    8.72E-03
           K -L3 X-RAY                        3.09E-01    5.085E-02    1.57E-02
           K -M2 X-RAY                        3.24E-02    5.741E-02    1.86E-03
           K -M3 X-RAY                        6.26E-02    5.762E-02    3.61E-03
           K -N2 X-RAY                        7.19E-03    5.912E-02    4.25E-04
           K -N3 X-RAY                        1.39E-02    5.916E-02    8.23E-04
           K -O2 X-RAY                        1.61E-03    5.945E-02    9.57E-05
           K -O3 X-RAY                        3.34E-03    5.946E-02    1.98E-04
           L2-M4 X-RAY                        5.66E-02    8.113E-03    4.60E-04
           L2-N4 X-RAY                        1.01E-02    9.442E-03    9.50E-05
           L3-M5 X-RAY                        7.52E-02    7.168E-03    5.39E-04
           L3-N5 X-RAY                        1.28E-02    8.460E-03    1.08E-04
           Free-Bound X-RAY                   1.41E+01    1.366E-05*   1.92E-04
           AUGER KLL                          2.21E-02    4.070E-02*   8.98E-04
           AUGER KLX                          1.12E-02    4.841E-02*   5.43E-04
           AUGER KXY                          1.37E-03    5.613E-02*   7.69E-05
           CK LLX                             8.81E-02    8.194E-04*   7.22E-05
           AUGER LMM                          4.36E-01    5.648E-03*   2.46E-03
           AUGER LMX                          1.56E-01    7.081E-03*   1.11E-03
           AUGER LXY                          1.42E-02    8.545E-03*   1.21E-04
           CK MMX                             1.75E+00    2.611E-04*   4.58E-04
           AUGER MNN                          2.05E+00    1.221E-03*   2.50E-03
           AUGER MNX                          1.07E-01    1.437E-03*   1.54E-04
           CK NNX                             6.32E+00    1.472E-04*   9.30E-04
 
           ALL LISTED X-RAYS, GAMMA-RAYS AND ANNIHILATION RADIATION    8.31E-01
           ALL NEGLECTED X-RAYS, GAMMA-RAYS AND ANNIH. RADIATION**     3.51E-04
           ALL LISTED BETAS, INTERNAL CONVERSION AND AUGER ELECTRONS   7.21E-01
           ALL NEGLECTED BETAS, INT. CONVERSION AND AUGER ELECTRONS**  2.91E-04
           ALL LISTED RADIATIONS                                       1.55E+00
           ALL NEGLECTED RADIATIONS**                                  6.42E-04
 
           *  AVERAGE ENERGY (MEV)
           ** EACH NEGLECTED TRANSITION CONTRIBUTES LESS THAN  0.010%
              TO THE TOTAL MEV/TRANSFORMATION FOR THIS CATEGORY.
           TOTAL FEEDING OF GROUND STATE LEVEL IN 173-THULIUM
             DAUGHTER IS 1.0000E+00 PER TRANSFORMATION OF 173-ERBIUM.
             DECAY OF THIS 8.24 HOURS HALFLIFE LEVEL WILL CONTRIBUTE TO DOSE.
           - - - - - - - - - -
           INPUT DATA SOURCE: EVALUATED NUCLEAR STRUCTURE DATA FILE (ENSDF)
             DATE INPUT DATA WERE ENTERED INTO ENSDF: Sep-1995
%%%% 173 ER  68    B-           8.60400E+01 1.434 M    18-07-2007       OUTPEND 
%%%% 173 ER  68    B-           8.60400E+01 1.434 M    18-07-2007       BETASTAR
1
              173-ERBIUM-68
+                                    HALFLIFE = 1.434 MINUTES 
+                                                                  18-07-2007

            BETA SPECTRUM DATA FOR ALL DECAY BRANCHES

                      BETAS PER                BETAS PER                BETAS PER
            ENERGY    MEV            ENERGY    MEV            ENERGY    MEV
            (MEV)     PER DECAY      (MEV)     PER DECAY      (MEV)     PER DECAY

            0.00000   6.739E-01      0.00280   6.751E-01      0.08500   7.612E-01
            0.00010   6.739E-01      0.00300   6.752E-01      0.09000   7.664E-01
            0.00011   6.739E-01      0.00320   6.753E-01      0.10000   7.766E-01
            0.00012   6.739E-01      0.00360   6.755E-01      0.11000   7.865E-01
            0.00013   6.739E-01      0.00400   6.757E-01      0.12000   7.963E-01
            0.00014   6.739E-01      0.00450   6.759E-01      0.13000   8.058E-01
            0.00015   6.739E-01      0.00500   6.761E-01      0.14000   8.150E-01
            0.00016   6.740E-01      0.00550   6.763E-01      0.15000   8.240E-01
            0.00018   6.740E-01      0.00600   6.765E-01      0.16000   8.327E-01
            0.00020   6.740E-01      0.00650   6.768E-01      0.18000   8.494E-01
            0.00022   6.740E-01      0.00700   6.770E-01      0.20000   8.648E-01
            0.00024   6.740E-01      0.00750   6.772E-01      0.22000   8.791E-01
            0.00026   6.740E-01      0.00800   6.774E-01      0.24000   8.922E-01
            0.00028   6.740E-01      0.00850   6.776E-01      0.26000   9.040E-01
            0.00030   6.740E-01      0.00900   6.778E-01      0.28000   9.145E-01
            0.00032   6.740E-01      0.01000   6.783E-01      0.30000   9.237E-01
            0.00036   6.740E-01      0.01100   6.787E-01      0.32000   9.315E-01
            0.00040   6.741E-01      0.01200   6.791E-01      0.36000   9.431E-01
            0.00045   6.741E-01      0.01300   6.803E-01      0.40000   9.493E-01
            0.00050   6.741E-01      0.01400   6.815E-01      0.45000   9.495E-01
            0.00055   6.741E-01      0.01500   6.828E-01      0.50000   9.413E-01
            0.00060   6.742E-01      0.01600   6.840E-01      0.55000   9.252E-01
            0.00065   6.742E-01      0.01800   6.864E-01      0.60000   9.013E-01
            0.00070   6.742E-01      0.02000   6.888E-01      0.65000   8.704E-01
            0.00075   6.742E-01      0.02200   6.912E-01      0.70000   8.329E-01
            0.00080   6.742E-01      0.02400   6.936E-01      0.75000   7.896E-01
            0.00085   6.743E-01      0.02600   6.959E-01      0.80000   7.412E-01
            0.00090   6.743E-01      0.02800   6.983E-01      0.85000   6.886E-01
            0.00100   6.743E-01      0.03000   7.006E-01      0.90000   6.329E-01
            0.00110   6.744E-01      0.03200   7.030E-01      1.00000   5.160E-01
            0.00120   6.744E-01      0.03600   7.076E-01      1.10000   4.000E-01
            0.00130   6.745E-01      0.04000   7.122E-01      1.20000   2.955E-01
            0.00140   6.745E-01      0.04500   7.179E-01      1.30000   2.140E-01
            0.00150   6.746E-01      0.05000   7.235E-01      1.40000   1.684E-01
            0.00160   6.746E-01      0.05500   7.290E-01      1.50000   1.431E-01
            0.00180   6.747E-01      0.06000   7.345E-01      1.60000   1.169E-01
            0.00200   6.748E-01      0.06500   7.400E-01      1.80000   6.591E-02
            0.00220   6.749E-01      0.07000   7.453E-01      2.00000   2.424E-02
            0.00240   6.750E-01      0.07500   7.507E-01      2.20000   2.098E-03
            0.00260   6.750E-01      0.08000   7.560E-01      2.29227   0.000E+00

            AVERAGE BETA ENERGY =   6.326E-01

            TOTAL BETAS PER DECAY FOR ALL BRANCHES =   1.000E+00
%%%% 173 ER  68    B-           8.60400E+01 1.434 M    18-07-2007       BETAEND 
%%%% 173 ER  68    B-           8.60400E+01 1.434 M    18-07-2007       SEEISTAR
173.  ERBIUM       68.  1.434E+00 MINUTES  130 B-                   173.ER 68.   0
 5 1  6.36364E+01  4.97615E-01  1.39710E+00  0.00000E+00            173.ER 68.   1   1
 5 2  1.31313E+01  8.42315E-01  2.19810E+00  0.00000E+00            173.ER 68.   2   2
 5 3  2.32323E+01  8.83850E-01  2.29227E+00  0.00000E+00            173.ER 68.   3   3
 1 1  1.14604E-01  2.46000E-03  2.46000E-03  0.00000E+00            173.ER 68.   4   1
 6 3  8.33440E+01  5.94900E-04  5.94900E-04  1.00000E+00            173.ER 68.   5   3
 6 4  2.35814E+01  2.46000E-03  2.46000E-03  1.00000E+00            173.ER 68.   6   4
 1 2  4.80000E+00  9.42000E-02  9.42000E-02  0.00000E+00            173.ER 68.   7   2
 6 1  1.53297E+01  3.47120E-02  3.47120E-02  2.00000E+00            173.ER 68.   8   1
 6 5  2.11554E+00  8.41190E-02  8.41190E-02  2.00000E+00            173.ER 68.   9   5
 6 6  1.83153E-01  8.45706E-02  8.45706E-02  2.00000E+00            173.ER 68.  10   6
 6 7  2.67230E-02  8.55619E-02  8.55619E-02  2.00000E+00            173.ER 68.  11   7
 6 3  5.19357E-01  9.23349E-02  9.23349E-02  2.00000E+00            173.ER 68.  12   3
 6 4  1.46492E-01  9.42000E-02  9.42000E-02  2.00000E+00            173.ER 68.  13   4
 1 6  1.87200E+01  1.16140E-01  1.16140E-01  0.00000E+00            173.ER 68.  14   6
 6 1  2.89323E+01  5.66520E-02  5.66520E-02  6.00000E+00            173.ER 68.  15   1
 6 5  3.88171E+00  1.06059E-01  1.06059E-01  6.00000E+00            173.ER 68.  16   5
 6 6  1.72387E+00  1.06511E-01  1.06511E-01  6.00000E+00            173.ER 68.  17   6
 6 7  1.33920E+00  1.07502E-01  1.07502E-01  6.00000E+00            173.ER 68.  18   7
 6 3  1.61261E+00  1.14275E-01  1.14275E-01  6.00000E+00            173.ER 68.  19   3
 6 4  4.42846E-01  1.16140E-01  1.16140E-01  6.00000E+00            173.ER 68.  20   4
 1 7  2.54400E+00  1.18600E-01  1.18600E-01  0.00000E+00            173.ER 68.  21   7
 6 1  1.75650E+00  5.91120E-02  5.91120E-02  7.00000E+00            173.ER 68.  22   1
 6 5  1.71100E-01  1.08519E-01  1.08519E-01  7.00000E+00            173.ER 68.  23   5
 6 6  8.73513E-01  1.08971E-01  1.08971E-01  7.00000E+00            173.ER 68.  24   6
 6 7  7.93673E-01  1.09962E-01  1.09962E-01  7.00000E+00            173.ER 68.  25   7
 6 3  4.49138E-01  1.16735E-01  1.16735E-01  7.00000E+00            173.ER 68.  26   3
 6 4  1.19036E-01  1.18600E-01  1.18600E-01  7.00000E+00            173.ER 68.  27   4
 1 8  2.06400E+01  1.22400E-01  1.22400E-01  0.00000E+00            173.ER 68.  28   8
 6 1  1.31392E+01  6.29120E-02  6.29120E-02  8.00000E+00            173.ER 68.  29   1
 6 5  1.28740E+00  1.12319E-01  1.12319E-01  8.00000E+00            173.ER 68.  30   5
 6 6  6.13365E+00  1.12771E-01  1.12771E-01  8.00000E+00            173.ER 68.  31   6
 6 7  5.52206E+00  1.13762E-01  1.13762E-01  8.00000E+00            173.ER 68.  32   7
 6 3  3.15755E+00  1.20535E-01  1.20535E-01  8.00000E+00            173.ER 68.  33   3
 6 4  8.37544E-01  1.22400E-01  1.22400E-01  8.00000E+00            173.ER 68.  34   4
 1 9  4.65600E+01  1.92800E-01  1.92800E-01  0.00000E+00            173.ER 68.  35   9
 6 1  2.31400E+00  1.33312E-01  1.33312E-01  9.00000E+00            173.ER 68.  36   1
 6 5  2.62894E-01  1.82719E-01  1.82719E-01  9.00000E+00            173.ER 68.  37   5
 6 6  4.25035E-02  1.83171E-01  1.83171E-01  9.00000E+00            173.ER 68.  38   6
 6 7  4.52561E-02  1.84162E-01  1.84162E-01  9.00000E+00            173.ER 68.  39   7
 6 3  7.78713E-02  1.90935E-01  1.90935E-01  9.00000E+00            173.ER 68.  40   3
 6 4  2.15626E-02  1.92800E-01  1.92800E-01  9.00000E+00            173.ER 68.  41   4
 110  4.80000E+01  1.99200E-01  1.99200E-01  0.00000E+00            173.ER 68.  42  10
 6 1  2.19278E+00  1.39712E-01  1.39712E-01  1.00000E+01            173.ER 68.  43   1
 6 5  2.49745E-01  1.89119E-01  1.89119E-01  1.00000E+01            173.ER 68.  44   5
 6 6  3.95180E-02  1.89571E-01  1.89571E-01  1.00000E+01            173.ER 68.  45   6
 6 7  4.18927E-02  1.90562E-01  1.90562E-01  1.00000E+01            173.ER 68.  46   7
 6 3  7.35923E-02  1.97335E-01  1.97335E-01  1.00000E+01            173.ER 68.  47   3
 6 4  2.03780E-02  1.99200E-01  1.99200E-01  1.00000E+01            173.ER 68.  48   4
 112  9.60000E+00  8.00800E-01  8.00800E-01  0.00000E+00            173.ER 68.  49  12
 6 1  9.65544E-02  7.41312E-01  7.41312E-01  1.20000E+01            173.ER 68.  50   1
 6 5  1.30050E-02  7.90719E-01  7.90719E-01  1.20000E+01            173.ER 68.  51   5
 6 6  7.59726E-04  7.91171E-01  7.91171E-01  1.20000E+01            173.ER 68.  52   6
 6 7  1.16617E-04  7.92162E-01  7.92162E-01  1.20000E+01            173.ER 68.  53   7
 6 3  3.07511E-03  7.98935E-01  7.98935E-01  1.20000E+01            173.ER 68.  54   3
 6 4  8.70774E-04  8.00800E-01  8.00800E-01  1.20000E+01            173.ER 68.  55   4
 113  5.37600E+01  8.95200E-01  8.95200E-01  0.00000E+00            173.ER 68.  56  13
 6 1  4.11184E-01  8.35712E-01  8.35712E-01  1.30000E+01            173.ER 68.  57   1
 6 5  5.52575E-02  8.85119E-01  8.85119E-01  1.30000E+01            173.ER 68.  58   5
 6 6  3.09930E-03  8.85571E-01  8.85571E-01  1.30000E+01            173.ER 68.  59   6
 6 7  4.92190E-04  8.86562E-01  8.86562E-01  1.30000E+01            173.ER 68.  60   7
 6 3  1.30262E-02  8.93335E-01  8.93335E-01  1.30000E+01            173.ER 68.  61   3
 6 4  3.69112E-03  8.95200E-01  8.95200E-01  1.30000E+01            173.ER 68.  62   4
 2 1  1.74971E+01  4.98586E-02  4.98586E-02  0.00000E+00            173.ER 68.  63   1
 2 2  3.09322E+01  5.08500E-02  5.08500E-02  0.00000E+00            173.ER 68.  64   2
 2 3  3.24133E+00  5.74128E-02  5.74128E-02  0.00000E+00            173.ER 68.  65   3
 2 4  6.26447E+00  5.76229E-02  5.76229E-02  0.00000E+00            173.ER 68.  66   4
 2 5  5.94521E-02  5.79720E-02  5.79720E-02  0.00000E+00            173.ER 68.  67   5
 2 6  7.67243E-02  5.80182E-02  5.80182E-02  0.00000E+00            173.ER 68.  68   6
 2 7  7.19499E-01  5.91167E-02  5.91167E-02  0.00000E+00            173.ER 68.  69   7
 2 8  1.39157E+00  5.91642E-02  5.91642E-02  0.00000E+00            173.ER 68.  70   8
 2 9  1.36346E-02  5.93009E-02  5.93009E-02  0.00000E+00            173.ER 68.  71   9
 210  1.74971E-02  5.93096E-02  5.93096E-02  0.00000E+00            173.ER 68.  72  10
 211  1.60963E-01  5.94524E-02  5.94524E-02  0.00000E+00            173.ER 68.  73  11
 212  3.33746E-01  5.94584E-02  5.94584E-02  0.00000E+00            173.ER 68.  74  12
 221  1.63033E-04  4.51600E-04  4.51600E-04  0.00000E+00            173.ER 68.  75  21
 222  1.22671E-02  1.44290E-03  1.44290E-03  0.00000E+00            173.ER 68.  76  22
 223  2.61096E-01  8.00581E-03  8.00581E-03  0.00000E+00            173.ER 68.  77  23
 224  3.50578E-01  8.21589E-03  8.21589E-03  0.00000E+00            173.ER 68.  78  24
 225  6.53155E-03  8.56499E-03  8.56499E-03  0.00000E+00            173.ER 68.  79  25
 226  9.77855E-03  8.61120E-03  8.61120E-03  0.00000E+00            173.ER 68.  80  26
 227  6.25339E-02  9.70963E-03  9.70963E-03  0.00000E+00            173.ER 68.  81  27
 228  8.79349E-02  9.75713E-03  9.75713E-03  0.00000E+00            173.ER 68.  82  28
 229  8.90115E-04  9.89404E-03  9.89404E-03  0.00000E+00            173.ER 68.  83  29
 230  1.37850E-03  9.90266E-03  9.90266E-03  0.00000E+00            173.ER 68.  84  30
 231  8.23689E-03  1.00454E-02  1.00454E-02  0.00000E+00            173.ER 68.  85  31
 232  1.10975E-02  1.00514E-02  1.00514E-02  0.00000E+00            173.ER 68.  86  32
 241  4.10624E-05  9.91299E-04  9.91299E-04  0.00000E+00            173.ER 68.  87  41
 242  1.75186E-01  7.35200E-03  7.35200E-03  0.00000E+00            173.ER 68.  88  42
 243  4.40949E-03  7.76430E-03  7.76430E-03  0.00000E+00            173.ER 68.  89  43
 244  5.66400E+00  8.11341E-03  8.11341E-03  0.00000E+00            173.ER 68.  90  44
 245  3.84039E-02  9.17566E-03  9.17566E-03  0.00000E+00            173.ER 68.  91  45
 246  1.07215E-03  9.30554E-03  9.30554E-03  0.00000E+00            173.ER 68.  92  46
 247  1.00597E+00  9.44243E-03  9.44243E-03  0.00000E+00            173.ER 68.  93  47
 248  1.67213E-03  9.61838E-03  9.61838E-03  0.00000E+00            173.ER 68.  94  48
 249  6.99058E-03  9.57110E-03  9.57110E-03  0.00000E+00            173.ER 68.  95  49
 250  2.36850E-04  9.59987E-03  9.59987E-03  0.00000E+00            173.ER 68.  96  50
 261  5.44653E-01  6.36071E-03  6.36071E-03  0.00000E+00            173.ER 68.  97  61
 262  4.12155E-03  6.56291E-03  6.56291E-03  0.00000E+00            173.ER 68.  98  62
 263  3.74653E-03  6.77299E-03  6.77299E-03  0.00000E+00            173.ER 68.  99  63
 264  8.51691E-01  7.12210E-03  7.12210E-03  0.00000E+00            173.ER 68. 100  64
 265  7.52126E+00  7.16830E-03  7.16830E-03  0.00000E+00            173.ER 68. 101  65
 266  8.63708E-02  8.18437E-03  8.18437E-03  0.00000E+00            173.ER 68. 102  66
 267  7.64987E-04  8.26673E-03  8.26673E-03  0.00000E+00            173.ER 68. 103  67
 268  7.43932E-04  8.31422E-03  8.31422E-03  0.00000E+00            173.ER 68. 104  68
 269  1.43245E-01  8.45117E-03  8.45117E-03  0.00000E+00            173.ER 68. 105  69
 270  1.28099E+00  8.45978E-03  8.45978E-03  0.00000E+00            173.ER 68. 106  70
 271  4.01349E-04  8.62707E-03  8.62707E-03  0.00000E+00            173.ER 68. 107  71
 272  2.25350E-03  8.62835E-03  8.62835E-03  0.00000E+00            173.ER 68. 108  72
 273  1.67900E-02  8.57983E-03  8.57983E-03  0.00000E+00            173.ER 68. 109  73
 274  1.71470E-04  8.60253E-03  8.60253E-03  0.00000E+00            173.ER 68. 110  74
 275  1.51617E-04  8.60856E-03  8.60856E-03  0.00000E+00            173.ER 68. 111  75
 291  3.25939E+00  1.45854E-03  1.45854E-03  0.00000E+00            173.ER 68. 112  91
 292  1.00680E-01  1.97370E-04  1.97370E-04  0.00000E+00            173.ER 68. 113  92
 293  6.74523E-05  2.75799E-05  2.75799E-05  0.00000E+00            173.ER 68. 114  93
 294  1.40628E+03  1.36559E-05  1.36559E-05  0.00000E+00            173.ER 68. 115  94
 7 1  2.20535E+00  4.07026E-02  4.07026E-02  0.00000E+00            173.ER 68. 116   1
 7 2  1.12165E+00  4.84128E-02  4.84128E-02  0.00000E+00            173.ER 68. 117   2
 7 3  1.37046E-01  5.61325E-02  5.61325E-02  0.00000E+00            173.ER 68. 118   3
 7 4  8.80982E+00  8.19421E-04  8.19421E-04  0.00000E+00            173.ER 68. 119   4
 7 5  4.35696E+01  5.64781E-03  5.64781E-03  0.00000E+00            173.ER 68. 120   5
 7 6  1.56232E+01  7.08087E-03  7.08087E-03  0.00000E+00            173.ER 68. 121   6
 7 7  1.41969E+00  8.54511E-03  8.54511E-03  0.00000E+00            173.ER 68. 122   7
 7 8  1.75437E+02  2.61100E-04  2.61100E-04  0.00000E+00            173.ER 68. 123   8
 7 9  2.05078E+02  1.22083E-03  1.22083E-03  0.00000E+00            173.ER 68. 124   9
 710  1.06983E+01  1.43672E-03  1.43672E-03  0.00000E+00            173.ER 68. 125  10
 711  6.67671E-01  1.63408E-03  1.63408E-03  0.00000E+00            173.ER 68. 126  11
 712  6.32100E+02  1.47186E-04  1.47186E-04  0.00000E+00            173.ER 68. 127  12
 713  2.30296E+01  2.46304E-04  2.46304E-04  0.00000E+00            173.ER 68. 128  13
 714  7.30792E+01  2.06752E-05  2.06752E-05  0.00000E+00            173.ER 68. 129  14
 715  5.52823E-01  4.71999E-05  4.71999E-05  0.00000E+00            173.ER 68. 130  15
%%%% 173 ER  68    B-           8.60400E+01 1.434 M    18-07-2007       SEEIEND 
 


   ***************************************************** 
   *                 Radiation Summary                 * 
   ***************************************************** 
 
  Energy released by
    Gamma-ray                       (MeV) =   7.98066E-01
    X-ray                           (MeV) =   3.30162E-02
    Free-bound X-ray                (MeV) =   1.92039E-04
    Annihilation photon             (MeV) =   0.00000E+00
    Beta+ particle                  (MeV) =   0.00000E+00
    Neutrino                        (MeV) =   0.00000E+00
    Beta- particle                  (MeV) =   6.32610E-01
    Neutrino-                       (MeV) =   1.07764E+00
    Internal conv. electron         (MeV) =   7.93256E-02
    Auger and CK electron           (MeV) =   9.40685E-03
    Alpha particle                  (MeV) =   0.00000E+00
    Recoil nucleus                  (MeV) =   0.00000E+00
  E-total (except unplaced radiat.) (MeV) =   2.63026E+00
  E-unplaced radiation              (MeV) =   0.00000E+00
  Q-value from ENSDF data           (MeV) =   2.61000E+00
  Ratio of E-total/Q-value          ( % ) =   1.00776E+02
  Ratio of E-unplaced radi./Q-value ( % ) =   0.00000E+00

 
  Total yield of
    Gamma-ray                             =   2.04739E+00
    X-ray                                 =   8.22361E-01
    Free-bound X-ray                      =   1.40628E+01
    Annihilation photon                   =   0.00000E+00
    Beta+ particle                        =   0.00000E+00
    Beta- particle                        =   1.00000E+00
    Internal conv. electron               =   2.03402E+00
    Auger and CK electron                 =   1.19353E+01
    Alpha particle                        =   0.00000E+00
  Yield of unplaced radiation             =   0.00000E+00


