%%%% 251 ES  99    EC A         1.18800E+05 33 H       02-11-2005       BALASTAR
1 251   ES  99 33 H            EC A       
1INTENSITY AND ENERGY BALANCE DATA

              251-EINSTEINIUM-99
+                                    HALFLIFE = 33 HOURS   
+                                                                  02-11-2005


    LEVEL       INTENSITY   INTENSITY
    ENERGY      ENTERING    LEAVING     PERCENT
    (MEV)       LEVEL       LEVEL       ERROR

   0.0000E+00  9.8775E+01
   2.4900E-02  7.8536E+01  7.7304E+01  1.5808E+00                      
   4.8000E-02  3.8482E+00  4.0985E+00  6.2992E+00                      
   1.7760E-01  3.3830E+01  3.4084E+01  7.4819E-01                      
   2.1150E-01  9.9500E-01  9.9749E-01  2.4972E-01                      
   0.0000E+00  4.0500E-01
   3.0000E-02  4.7000E-02  0.0000E+00  2.0000E+02  ********************
   4.1000E-02  1.6500E-02  0.0000E+00  2.0000E+02  ********************
   7.1000E-02  1.5000E-02  0.0000E+00  2.0000E+02  ********************
   8.3000E-02  1.6500E-02  0.0000E+00  2.0000E+02  ********************


 INTENSITY TO GROUND AND ISOMERIC STATE(S) OF DAUGHTER(S)=  9.918E+01
 TOTAL INTENSITY FROM PARENT=  1.000E+02
 PERCENT ERROR =  8.267E-01                      


 TOTAL INTENSITY FROM PARENT =  1.000E+02
 VALUE IS WITHIN   7.63E-06% OF 100                      


 TOTAL ENERGY AVAILABLE =  4.071E-01 MEV
 TOTAL ENERGY CONTENT OF ALL RADIATIONS =  4.073E-01 MEV
 PERCENT ERROR =  4.341E-02                      
%%%% 251 ES  99    EC A         1.18800E+05 33 H       02-11-2005       BALAEND 
%%%% 251 ES  99    EC A         1.18800E+05 33 H       02-11-2005       INPUSTAR
1                                      **INPUT DATA**
              251-EINSTEINIUM-99
+                                    HALFLIFE = 33 HOURS   
+                                                                  02-11-2005

            MODES OF DECAY: ELECTRON CAPTURE, ALPHA
 
                                MEAN
                                NUMBER/    TRANSITION
                TYPE OF    ID   TRANSFOR-  ENERGY
              TRANSITION   NO.  MATION     (MEV)       OTHER NUCLEAR PARAMETERS

           ELECT. CAPTURE   1   9.95E-03   1.645E-01   FIRST FORBIDDEN                          
           ELECT. CAPTURE   2   3.38E-01   1.984E-01   FIRST FORBIDDEN                          
           ELECT. CAPTURE   3   0.00E+00   3.280E-01   FIRST FORBIDDEN                          
           ELECT. CAPTURE   4   6.47E-01   3.511E-01   FIRST FORBIDDEN                          
           ELECT. CAPTURE   5   0.00E+00   3.760E-01   FIRST FORBIDDEN                          
           I.C.E. + GAMMA   1   2.47E-02   2.300E-02   M1+E2 MULTIPOLE                          
                                                       MRS=0.00160   AK= 0.0                    
                                                       AL1=0.0       AL2=0.0                    
                                                       AL3=17.0      AM= 138.                   
                                                       AN+=51.6                                 
           I.C.E. + GAMMA   2   7.73E-01   2.482E-02   M1+E2 MULTIPOLE                          
                                                       MRS=0.0729    AK= 0.0                    
                                                       AL1=0.0       AL2=0.0                    
                                                       AL3=432.      AM= 354.                   
                                                       AN+=131.                                 
           I.C.E. + GAMMA   3   1.63E-02   4.783E-02   E2 MULTIPOLE                             
+                                                                    AK= 0.0                    
                                                       AL1=12.0      AL2=296.                   
                                                       AL3=235.      AM= 155.                   
                                                       AN+=57.2                                 
           I.C.E. + GAMMA   4   3.11E-02   1.301E-01   M1 MULTIPOLE                             
+                                                                    AK= 0.0                    
                                                       AL1=2.89      AL2=0.337                  
                                                       AL3=0.0114    AM= 0.800                  
                                                       AN+=0.300                                
           I.C.E. + GAMMA   5   1.11E-01   1.527E-01   M1 MULTIPOLE                             
+                                                                    AK= 9.83                   
                                                       AL1=1.82      AL2=0.214                  
                                                       AL3=0.00705   AM= 0.505                  
                                                       AN+=0.189                                
           I.C.E. + GAMMA   6   7.35E-03   1.635E-01   M1 MULTIPOLE                             
+                                                                    AK= 8.10                   
                                                       AL1=1.50      AL2=0.176                  
                                                       AL3=0.00576   AM= 0.415                  
                                                       AN+=0.156                                
           I.C.E. + GAMMA   7   1.98E-01   1.776E-01   M1 MULTIPOLE                             
+                                                                    AK= 6.41                   
                                                       AL1=1.19      AL2=0.140                  
                                                       AL3=0.00450   AM= 0.328                  
                                                       AN+=0.123                                
           I.C.E. + GAMMA   8   2.62E-03   1.868E-01   M1 MULTIPOLE                             
+                                                                    AK= 5.56                   
                                                       AL1=1.03      AL2=0.121                  
                                                       AL3=0.00388   AM= 0.284                  
                                                       AN+=0.106                                
                    ALPHA   1   1.65E-04   6.514E+00                                            
                    ALPHA   2   1.50E-04   6.526E+00                                            
                    ALPHA   3   1.65E-04   6.556E+00                                            
                    ALPHA   4   4.70E-04   6.567E+00                                            
                    ALPHA   5   4.05E-03   6.597E+00                                            
 
           - - - - - - - - - -
           Reference: Evaluated Nuclear Structure Data File (ENSDF)
                DATE DATA WERE ENTERED INTO ENSDF: Apr-1994
%%%% 251 ES  99    EC A         1.18800E+05 33 H       02-11-2005       INPUEND 
%%%% 251 ES  99    EC A         1.18800E+05 33 H       02-11-2005       OUTPSTAR
1                                      **OUTPUT DATA**
              251-EINSTEINIUM-99
+                                    HALFLIFE = 33 HOURS   
+                                                                  02-11-2005

            MODES OF DECAY: ELECTRON CAPTURE, ALPHA
 
                                              MEAN
                                              NUMBER/                  MEV/
                                         ID   TRANSFOR-   ENERGY       TRANSFOR-
                  TYPE OF RADIATION      NO.  MATION      (MEV)        MATION

           M CONV. ELECTRON, GAMMA-RAY    1   1.64E-02    1.790E-02*   2.93E-04
           N+ CONV. ELECTRON, GAMMA-RAY   1   6.12E-03    2.300E-02*   1.41E-04
           L3 CONV. ELECTRON, GAMMA-RAY   2   3.64E-01    4.895E-03    1.78E-03
           M CONV. ELECTRON, GAMMA-RAY    2   2.98E-01    1.972E-02*   5.88E-03
           N+ CONV. ELECTRON, GAMMA-RAY   2   1.10E-01    2.482E-02*   2.74E-03
           L2 CONV. ELECTRON, GAMMA-RAY   3   6.39E-03    2.259E-02    1.44E-04
           L3 CONV. ELECTRON, GAMMA-RAY   3   5.08E-03    2.790E-02    1.42E-04
           M CONV. ELECTRON, GAMMA-RAY    3   3.35E-03    4.273E-02*   1.43E-04
           N+ CONV. ELECTRON, GAMMA-RAY   3   1.24E-03    4.783E-02*   5.91E-05
           GAMMA-RAY                      4   5.83E-03    1.301E-01    7.58E-04
           L1 CONV. ELECTRON, GAMMA-RAY   4   1.69E-02    1.041E-01    1.75E-03
           L2 CONV. ELECTRON, GAMMA-RAY   4   1.96E-03    1.049E-01    2.06E-04
           M CONV. ELECTRON, GAMMA-RAY    4   4.66E-03    1.250E-01*   5.83E-04
           N+ CONV. ELECTRON, GAMMA-RAY   4   1.75E-03    1.301E-01*   2.27E-04
           GAMMA-RAY                      5   8.20E-03    1.527E-01    1.25E-03
           K CONV. ELECTRON, GAMMA-RAY    5   8.07E-02    1.707E-02    1.38E-03
           L1 CONV. ELECTRON, GAMMA-RAY   5   1.50E-02    1.267E-01    1.90E-03
           L2 CONV. ELECTRON, GAMMA-RAY   5   1.76E-03    1.275E-01    2.24E-04
           M CONV. ELECTRON, GAMMA-RAY    5   4.14E-03    1.476E-01*   6.11E-04
           N+ CONV. ELECTRON, GAMMA-RAY   5   1.55E-03    1.527E-01*   2.37E-04
           GAMMA-RAY                      6   6.48E-04    1.635E-01    1.06E-04
           K CONV. ELECTRON, GAMMA-RAY    6   5.24E-03    2.787E-02    1.46E-04
           L1 CONV. ELECTRON, GAMMA-RAY   6   9.72E-04    1.375E-01    1.34E-04
           GAMMA-RAY                      7   2.16E-02    1.776E-01    3.83E-03
           K CONV. ELECTRON, GAMMA-RAY    7   1.38E-01    4.197E-02    5.81E-03
           L1 CONV. ELECTRON, GAMMA-RAY   7   2.56E-02    1.516E-01    3.88E-03
           L2 CONV. ELECTRON, GAMMA-RAY   7   3.01E-03    1.524E-01    4.59E-04
           M CONV. ELECTRON, GAMMA-RAY    7   7.08E-03    1.725E-01*   1.22E-03
           N+ CONV. ELECTRON, GAMMA-RAY   7   2.65E-03    1.776E-01*   4.71E-04
           K CONV. ELECTRON, GAMMA-RAY    8   1.80E-03    5.117E-02    9.21E-05
           L1 CONV. ELECTRON, GAMMA-RAY   8   3.32E-04    1.608E-01    5.34E-05
           K -L2 X-RAY                        2.07E-01    1.104E-01    2.28E-02
           K -L3 X-RAY                        3.20E-01    1.157E-01    3.70E-02
           K -M2 X-RAY                        3.75E-02    1.293E-01    4.85E-03
           K -M3 X-RAY                        7.41E-02    1.305E-01    9.67E-03
           K -M4 X-RAY                        1.50E-03    1.311E-01    1.97E-04
           K -M5 X-RAY                        1.64E-03    1.314E-01    2.16E-04
           K -N2 X-RAY                        9.56E-03    1.340E-01    1.28E-03
           K -N3 X-RAY                        1.98E-02    1.344E-01    2.67E-03
           K -O2 X-RAY                        2.44E-03    1.353E-01    3.30E-04
           K -O3 X-RAY                        5.02E-03    1.354E-01    6.79E-04
           L1-M2 X-RAY                        2.92E-02    1.970E-02    5.76E-04
           L1-M3 X-RAY                        2.12E-02    2.094E-02    4.44E-04
           L1-N2 X-RAY                        8.06E-03    2.444E-02    1.97E-04
           L1-N3 X-RAY                        6.96E-03    2.477E-02    1.72E-04
           L2-M4 X-RAY                        1.15E-01    2.075E-02    2.39E-03
           L2-N4 X-RAY                        2.75E-02    2.426E-02    6.67E-04
           L2-O4 X-RAY                        5.83E-03    2.510E-02    1.46E-04
           L3-M1 X-RAY                        2.59E-02    1.320E-02    3.42E-04
           L3-M4 X-RAY                        3.86E-02    1.544E-02    5.95E-04
           L3-M5 X-RAY                        3.39E-01    1.568E-02    5.31E-03
           L3-N1 X-RAY                        6.67E-03    1.814E-02    1.21E-04
           L3-N4 X-RAY                        8.00E-03    1.894E-02    1.52E-04
           L3-N5 X-RAY                        7.39E-02    1.900E-02    1.41E-03
           L3-O5 X-RAY                        1.52E-02    1.980E-02    3.01E-04
           M X-RAY                            1.55E-01    3.860E-03    6.00E-04
           Free-Bound X-RAY                   2.14E+01    7.455E-05    1.60E-03
           AUGER KLL                          1.24E-02    8.683E-02*   1.08E-03
           AUGER KLX                          7.24E-03    1.063E-01*   7.69E-04
           AUGER KXY                          1.03E-03    1.258E-01*   1.30E-04
           CK LLX                             3.20E-01    2.381E-03*   7.62E-04
           AUGER LMM                          3.92E-01    1.128E-02*   4.42E-03
           AUGER LMX                          2.10E-01    1.525E-02*   3.20E-03
           AUGER LXY                          2.63E-02    1.924E-02*   5.07E-04
           CK MMX                             1.15E+00    6.697E-04*   7.68E-04
           AUGER MNN                          1.75E+00    2.796E-03*   4.90E-03
           AUGER MNX                          4.23E-01    3.462E-03*   1.46E-03
           AUGER MXY                          2.75E-02    4.224E-03*   1.16E-04
           CK NNX                             3.43E+00    1.945E-04*   6.68E-04
           AUGER NXY                          5.67E+00    3.365E-04*   1.91E-03
           CK OOX                             5.84E+00    1.144E-04*   6.68E-04
           ALPHA                          1   1.65E-04    6.410E+00    1.06E-03
           RECOIL ATOM                        1.65E-04    1.039E-01    1.71E-05
           ALPHA                          2   1.50E-04    6.422E+00    9.63E-04
           RECOIL ATOM                        1.50E-04    1.041E-01    1.56E-05
           ALPHA                          3   1.65E-04    6.451E+00    1.06E-03
           RECOIL ATOM                        1.65E-04    1.045E-01    1.72E-05
           ALPHA                          4   4.70E-04    6.462E+00    3.04E-03
           RECOIL ATOM                        4.70E-04    1.047E-01    4.92E-05
           ALPHA                          5   4.05E-03    6.492E+00    2.63E-02
           RECOIL ATOM                        4.05E-03    1.052E-01    4.26E-04
 
           ALL LISTED X-RAYS, GAMMA-RAYS AND ANNIHILATION RADIATION    1.01E-01
           ALL NEGLECTED X-RAYS, GAMMA-RAYS AND ANNIH. RADIATION**     8.75E-04
           ALL LISTED BETAS, INTERNAL CONVERSION AND AUGER ELECTRONS   5.21E-02
           ALL NEGLECTED BETAS, INT. CONVERSION AND AUGER ELECTRONS**  1.53E-04
           ALL LISTED ALPHA PARTICLES AND  RECOIL NUCLEI               3.29E-02
           ALL LISTED RADIATIONS                                       1.86E-01
           ALL NEGLECTED RADIATIONS**                                  1.03E-03
 
           *  AVERAGE ENERGY (MEV)
           ** EACH NEGLECTED TRANSITION CONTRIBUTES LESS THAN  0.100%
              TO THE TOTAL MEV/TRANSFORMATION FOR THIS CATEGORY.
           TOTAL FEEDING OF GROUND STATE LEVEL IN 251-CALIFORNIUM
             DAUGHTER IS 9.9500E-01 PER TRANSFORMATION OF 251-EINSTEINIUM.
             DECAY OF THIS 900 YEARS HALFLIFE LEVEL WILL CONTRIBUTE TO DOSE.
           TOTAL FEEDING OF GROUND STATE LEVEL IN 247-BERKELIUM
             DAUGHTER IS 5.0000E-03 PER TRANSFORMATION OF 251-EINSTEINIUM.
             DECAY OF THIS 1380 YEARS HALFLIFE LEVEL WILL CONTRIBUTE TO DOSE.
           - - - - - - - - - -
           INPUT DATA SOURCE: EVALUATED NUCLEAR STRUCTURE DATA FILE (ENSDF)
             DATE INPUT DATA WERE ENTERED INTO ENSDF: Apr-1994
%%%% 251 ES  99    EC A         1.18800E+05 33 H       02-11-2005       OUTPEND 
%%%% 251 ES  99    EC A         1.18800E+05 33 H       02-11-2005       SEEISTAR
251.  EINSTEINIUM  99.  3.300E+01 HOURS    142 EC A                 251.ES 99.   0
 1 1  1.18753E-02  2.30010E-02  2.30010E-02  0.00000E+00            251.ES 99.   1   1
 6 7  2.01723E-01  3.07200E-03  3.07200E-03  1.00000E+00            251.ES 99.   2   7
 6 3  1.63906E+00  1.78972E-02  1.78972E-02  1.00000E+00            251.ES 99.   3   3
 6 4  6.12483E-01  2.30010E-02  2.30010E-02  1.00000E+00            251.ES 99.   4   4
 1 2  8.42069E-02  2.48240E-02  2.48240E-02  0.00000E+00            251.ES 99.   5   2
 6 7  3.63636E+01  4.89500E-03  4.89500E-03  2.00000E+00            251.ES 99.   6   7
 6 3  2.98232E+01  1.97202E-02  1.97202E-02  2.00000E+00            251.ES 99.   7   3
 6 4  1.10329E+01  2.48240E-02  2.48240E-02  2.00000E+00            251.ES 99.   8   4
 1 3  2.15915E-03  4.78300E-02  4.78300E-02  0.00000E+00            251.ES 99.   9   3
 6 5  2.58673E-02  2.17830E-02  2.17830E-02  3.00000E+00            251.ES 99.  10   5
 6 6  6.39245E-01  2.25880E-02  2.25880E-02  3.00000E+00            251.ES 99.  11   6
 6 7  5.07813E-01  2.79010E-02  2.79010E-02  3.00000E+00            251.ES 99.  12   7
 6 3  3.34660E-01  4.27262E-02  4.27262E-02  3.00000E+00            251.ES 99.  13   3
 6 4  1.23572E-01  4.78300E-02  4.78300E-02  3.00000E+00            251.ES 99.  14   4
 1 4  5.82970E-01  1.30100E-01  1.30100E-01  0.00000E+00            251.ES 99.  15   4
 6 5  1.68608E+00  1.04053E-01  1.04053E-01  4.00000E+00            251.ES 99.  16   5
 6 6  1.96389E-01  1.04858E-01  1.04858E-01  4.00000E+00            251.ES 99.  17   6
 6 7  6.62979E-03  1.10171E-01  1.10171E-01  4.00000E+00            251.ES 99.  18   7
 6 3  4.66259E-01  1.24996E-01  1.24996E-01  4.00000E+00            251.ES 99.  19   3
 6 4  1.74665E-01  1.30100E-01  1.30100E-01  4.00000E+00            251.ES 99.  20   4
 1 5  8.20477E-01  1.52700E-01  1.52700E-01  0.00000E+00            251.ES 99.  21   5
 6 1  8.06512E+00  1.70700E-02  1.70700E-02  5.00000E+00            251.ES 99.  22   1
 6 5  1.49682E+00  1.26653E-01  1.26653E-01  5.00000E+00            251.ES 99.  23   5
 6 6  1.75513E-01  1.27458E-01  1.27458E-01  5.00000E+00            251.ES 99.  24   6
 6 7  5.78837E-03  1.32771E-01  1.32771E-01  5.00000E+00            251.ES 99.  25   7
 6 3  4.14236E-01  1.47596E-01  1.47596E-01  5.00000E+00            251.ES 99.  26   3
 6 4  1.55259E-01  1.52700E-01  1.52700E-01  5.00000E+00            251.ES 99.  27   4
 1 6  6.47745E-02  1.63500E-01  1.63500E-01  0.00000E+00            251.ES 99.  28   6
 6 1  5.24441E-01  2.78700E-02  2.78700E-02  6.00000E+00            251.ES 99.  29   1
 6 5  9.71902E-02  1.37453E-01  1.37453E-01  6.00000E+00            251.ES 99.  30   5
 6 6  1.14205E-02  1.38258E-01  1.38258E-01  6.00000E+00            251.ES 99.  31   6
 6 7  3.72870E-04  1.43571E-01  1.43571E-01  6.00000E+00            251.ES 99.  32   7
 6 3  2.68918E-02  1.58396E-01  1.58396E-01  6.00000E+00            251.ES 99.  33   3
 6 4  1.00793E-02  1.63500E-01  1.63500E-01  6.00000E+00            251.ES 99.  34   4
 1 7  2.15915E+00  1.77600E-01  1.77600E-01  0.00000E+00            251.ES 99.  35   7
 6 1  1.38355E+01  4.19700E-02  4.19700E-02  7.00000E+00            251.ES 99.  36   1
 6 5  2.55899E+00  1.51553E-01  1.51553E-01  7.00000E+00            251.ES 99.  37   5
 6 6  3.01372E-01  1.52358E-01  1.52358E-01  7.00000E+00            251.ES 99.  38   6
 6 7  9.72088E-03  1.57671E-01  1.57671E-01  7.00000E+00            251.ES 99.  39   7
 6 3  7.07818E-01  1.72496E-01  1.72496E-01  7.00000E+00            251.ES 99.  40   3
 6 4  2.65270E-01  1.77600E-01  1.77600E-01  7.00000E+00            251.ES 99.  41   4
 1 8  3.23872E-02  1.86800E-01  1.86800E-01  0.00000E+00            251.ES 99.  42   8
 6 1  1.79995E-01  5.11700E-02  5.11700E-02  8.00000E+00            251.ES 99.  43   1
 6 5  3.32496E-02  1.60753E-01  1.60753E-01  8.00000E+00            251.ES 99.  44   5
 6 6  3.92048E-03  1.61558E-01  1.61558E-01  8.00000E+00            251.ES 99.  45   6
 6 7  1.25531E-04  1.66871E-01  1.66871E-01  8.00000E+00            251.ES 99.  46   7
 6 3  9.19475E-03  1.81696E-01  1.81696E-01  8.00000E+00            251.ES 99.  47   3
 6 4  3.44550E-03  1.86800E-01  1.86800E-01  8.00000E+00            251.ES 99.  48   4
 2 1  2.06977E+01  1.10388E-01  1.10388E-01  0.00000E+00            251.ES 99.  49   1
 2 2  3.20188E+01  1.15701E-01  1.15701E-01  0.00000E+00            251.ES 99.  50   2
 2 3  3.74882E+00  1.29279E-01  1.29279E-01  0.00000E+00            251.ES 99.  51   3
 2 4  7.40756E+00  1.30526E-01  1.30526E-01  0.00000E+00            251.ES 99.  52   4
 2 5  1.50122E-01  1.31138E-01  1.31138E-01  0.00000E+00            251.ES 99.  53   5
 2 6  1.64410E-01  1.31382E-01  1.31382E-01  0.00000E+00            251.ES 99.  54   6
 2 7  9.55762E-01  1.34020E-01  1.34020E-01  0.00000E+00            251.ES 99.  55   7
 2 8  1.98388E+00  1.34357E-01  1.34357E-01  0.00000E+00            251.ES 99.  56   8
 2 9  4.63658E-02  1.34643E-01  1.34643E-01  0.00000E+00            251.ES 99.  57   9
 210  5.10780E-02  1.34704E-01  1.34704E-01  0.00000E+00            251.ES 99.  58  10
 211  2.43868E-01  1.35292E-01  1.35292E-01  0.00000E+00            251.ES 99.  59  11
 212  5.01594E-01  1.35378E-01  1.35378E-01  0.00000E+00            251.ES 99.  60  12
 213  1.04060E-02  1.35487E-01  1.35487E-01  0.00000E+00            251.ES 99.  61  13
 214  1.13443E-02  1.35500E-01  1.35500E-01  0.00000E+00            251.ES 99.  62  14
 215  4.11969E-02  1.35591E-01  1.35591E-01  0.00000E+00            251.ES 99.  63  15
 216  7.36897E-02  1.35605E-01  1.35605E-01  0.00000E+00            251.ES 99.  64  16
 221  5.35975E-04  8.04999E-04  8.04999E-04  0.00000E+00            251.ES 99.  65  21
 222  6.38373E-01  6.11799E-03  6.11799E-03  0.00000E+00            251.ES 99.  66  22
 223  2.92245E+00  1.96961E-02  1.96961E-02  0.00000E+00            251.ES 99.  67  23
 224  2.11849E+00  2.09431E-02  2.09431E-02  0.00000E+00            251.ES 99.  68  24
 225  1.54701E-01  2.15548E-02  2.15548E-02  0.00000E+00            251.ES 99.  69  25
 226  2.29443E-01  2.17988E-02  2.17988E-02  0.00000E+00            251.ES 99.  70  26
 227  8.06069E-01  2.44371E-02  2.44371E-02  0.00000E+00            251.ES 99.  71  27
 228  6.95864E-01  2.47741E-02  2.47741E-02  0.00000E+00            251.ES 99.  72  28
 229  2.79218E-02  2.50602E-02  2.50602E-02  0.00000E+00            251.ES 99.  73  29
 230  4.49937E-02  2.51208E-02  2.51208E-02  0.00000E+00            251.ES 99.  74  30
 231  2.08708E-01  2.57091E-02  2.57091E-02  0.00000E+00            251.ES 99.  75  31
 232  1.83422E-01  2.57954E-02  2.57954E-02  0.00000E+00            251.ES 99.  76  32
 233  5.49671E-03  2.59045E-02  2.59045E-02  0.00000E+00            251.ES 99.  77  33
 234  8.94496E-03  2.59173E-02  2.59173E-02  0.00000E+00            251.ES 99.  78  34
 235  3.54442E-02  2.60082E-02  2.60082E-02  0.00000E+00            251.ES 99.  79  35
 236  2.71984E-02  2.60218E-02  2.60218E-02  0.00000E+00            251.ES 99.  80  36
 241  2.18606E-03  5.31300E-03  5.31300E-03  0.00000E+00            251.ES 99.  81  41
 242  3.33827E-01  1.85095E-02  1.85095E-02  0.00000E+00            251.ES 99.  82  42
 243  1.92427E-02  2.01382E-02  2.01382E-02  0.00000E+00            251.ES 99.  83  43
 244  1.15039E+01  2.07498E-02  2.07498E-02  0.00000E+00            251.ES 99.  84  44
 245  9.28031E-02  2.34533E-02  2.34533E-02  0.00000E+00            251.ES 99.  85  45
 246  6.09107E-03  2.39691E-02  2.39691E-02  0.00000E+00            251.ES 99.  86  46
 247  2.74938E+00  2.42553E-02  2.42553E-02  0.00000E+00            251.ES 99.  87  47
 248  2.01834E-02  2.46943E-02  2.46943E-02  0.00000E+00            251.ES 99.  88  48
 249  2.52502E-02  2.48304E-02  2.48304E-02  0.00000E+00            251.ES 99.  89  49
 250  1.59374E-03  2.49905E-02  2.49905E-02  0.00000E+00            251.ES 99.  90  50
 251  5.82921E-01  2.50995E-02  2.50995E-02  0.00000E+00            251.ES 99.  91  51
 252  1.89344E-03  2.52312E-02  2.52312E-02  0.00000E+00            251.ES 99.  92  52
 253  5.08773E-03  2.51811E-02  2.51811E-02  0.00000E+00            251.ES 99.  93  53
 254  2.36066E-04  2.52169E-02  2.52169E-02  0.00000E+00            251.ES 99.  94  54
 255  4.22678E-04  2.52363E-02  2.52363E-02  0.00000E+00            251.ES 99.  95  55
 261  2.58892E+00  1.31965E-02  1.31965E-02  0.00000E+00            251.ES 99.  96  61
 262  3.41364E-02  1.35781E-02  1.35781E-02  0.00000E+00            251.ES 99.  97  62
 263  3.14528E-02  1.48252E-02  1.48252E-02  0.00000E+00            251.ES 99.  98  63
 264  3.85748E+00  1.54368E-02  1.54368E-02  0.00000E+00            251.ES 99.  99  64
 265  3.38503E+01  1.56809E-02  1.56809E-02  0.00000E+00            251.ES 99. 100  65
 266  6.67384E-01  1.81403E-02  1.81403E-02  0.00000E+00            251.ES 99. 101  66
 267  7.36711E-03  1.83191E-02  1.83191E-02  0.00000E+00            251.ES 99. 102  67
 268  8.79977E-03  1.86561E-02  1.86561E-02  0.00000E+00            251.ES 99. 103  68
 269  8.00296E-01  1.89422E-02  1.89422E-02  0.00000E+00            251.ES 99. 104  69
 270  7.39482E+00  1.90028E-02  1.90028E-02  0.00000E+00            251.ES 99. 105  70
 271  1.29163E-02  1.93813E-02  1.93813E-02  0.00000E+00            251.ES 99. 106  71
 272  7.05915E-02  1.93980E-02  1.93980E-02  0.00000E+00            251.ES 99. 107  72
 273  1.78866E-01  1.95174E-02  1.95174E-02  0.00000E+00            251.ES 99. 108  73
 274  1.80055E-03  1.95912E-02  1.95912E-02  0.00000E+00            251.ES 99. 109  74
 275  2.23875E-03  1.96774E-02  1.96774E-02  0.00000E+00            251.ES 99. 110  75
 276  1.64743E-01  1.97865E-02  1.97865E-02  0.00000E+00            251.ES 99. 111  76
 277  1.52020E+00  1.97994E-02  1.97994E-02  0.00000E+00            251.ES 99. 112  77
 278  1.19311E-03  1.99182E-02  1.99182E-02  0.00000E+00            251.ES 99. 113  78
 279  6.32842E-03  1.99199E-02  1.99199E-02  0.00000E+00            251.ES 99. 114  79
 280  3.59113E-02  1.98681E-02  1.98681E-02  0.00000E+00            251.ES 99. 115  80
 281  3.01875E-04  1.98902E-02  1.98902E-02  0.00000E+00            251.ES 99. 116  81
 282  3.29558E-04  1.99039E-02  1.99039E-02  0.00000E+00            251.ES 99. 117  82
 283  2.98178E-03  1.99233E-02  1.99233E-02  0.00000E+00            251.ES 99. 118  83
 291  1.55449E+01  3.86032E-03  3.86032E-03  0.00000E+00            251.ES 99. 119  91
 292  4.36914E-01  6.26992E-04  6.26992E-04  0.00000E+00            251.ES 99. 120  92
 293  2.78704E-02  1.84700E-04  1.84700E-04  0.00000E+00            251.ES 99. 121  93
 294  2.14095E+03  7.45513E-05  7.45513E-05  0.00000E+00            251.ES 99. 122  94
 7 1  1.24054E+00  8.68283E-02  8.68283E-02  0.00000E+00            251.ES 99. 123   1
 7 2  7.23690E-01  1.06295E-01  1.06295E-01  0.00000E+00            251.ES 99. 124   2
 7 3  1.03069E-01  1.25787E-01  1.25787E-01  0.00000E+00            251.ES 99. 125   3
 7 4  3.19809E+01  2.38116E-03  2.38116E-03  0.00000E+00            251.ES 99. 126   4
 7 5  3.92218E+01  1.12786E-02  1.12786E-02  0.00000E+00            251.ES 99. 127   5
 7 6  2.10187E+01  1.52454E-02  1.52454E-02  0.00000E+00            251.ES 99. 128   6
 7 7  2.63378E+00  1.92447E-02  1.92447E-02  0.00000E+00            251.ES 99. 129   7
 7 8  1.14704E+02  6.69716E-04  6.69716E-04  0.00000E+00            251.ES 99. 130   8
 7 9  1.75187E+02  2.79584E-03  2.79584E-03  0.00000E+00            251.ES 99. 131   9
 710  4.22557E+01  3.46239E-03  3.46239E-03  0.00000E+00            251.ES 99. 132  10
 711  2.75281E+00  4.22408E-03  4.22408E-03  0.00000E+00            251.ES 99. 133  11
 712  3.43341E+02  1.94525E-04  1.94525E-04  0.00000E+00            251.ES 99. 134  12
 713  5.66581E+02  3.36543E-04  3.36543E-04  0.00000E+00            251.ES 99. 135  13
 714  5.83780E+02  1.14364E-04  1.14364E-04  0.00000E+00            251.ES 99. 136  14
 715  2.68421E+00  2.11710E-04  2.11710E-04  0.00000E+00            251.ES 99. 137  15
 8 1  1.65000E-02  6.41012E+00  1.03875E-01  0.00000E+00            251.ES 99. 138   1
 8 2  1.50000E-02  6.42193E+00  1.04067E-01  0.00000E+00            251.ES 99. 139   2
 8 3  1.65000E-02  6.45146E+00  1.04545E-01  0.00000E+00            251.ES 99. 140   3
 8 4  4.70000E-02  6.46228E+00  1.04720E-01  0.00000E+00            251.ES 99. 141   4
 8 5  4.05000E-01  6.49180E+00  1.05199E-01  0.00000E+00            251.ES 99. 142   5
%%%% 251 ES  99    EC A         1.18800E+05 33 H       02-11-2005       SEEIEND 
 


   ***************************************************** 
   *                 Radiation Summary                 * 
   ***************************************************** 
 
  Energy released by
    Gamma-ray                       (MeV) =   6.03704E-03
    X-ray                           (MeV) =   9.39801E-02
    Free-bound X-ray                (MeV) =   1.59611E-03
    Annihilation photon             (MeV) =   0.00000E+00
    Beta+ particle                  (MeV) =   0.00000E+00
    Neutrino                        (MeV) =   2.19052E-01
    Beta- particle                  (MeV) =   0.00000E+00
    Neutrino-                       (MeV) =   0.00000E+00
    Internal conv. electron         (MeV) =   3.08462E-02
    Auger and CK electron           (MeV) =   2.13659E-02
    Alpha particle                  (MeV) =   3.24145E-02
    Recoil nucleus                  (MeV) =   5.25273E-04
  E-total (except unplaced radiat.) (MeV) =   4.05817E-01
  E-unplaced radiation              (MeV) =   0.00000E+00
  Q-value from ENSDF data           (MeV) =   4.07105E-01
  Ratio of E-total/Q-value          ( % ) =   9.96835E+01
  Ratio of E-unplaced radi./Q-value ( % ) =   0.00000E+00

 
  Total yield of
    Gamma-ray                             =   3.75800E-02
    X-ray                                 =   1.58809E+00
    Free-bound X-ray                      =   2.14095E+01
    Annihilation photon                   =   0.00000E+00
    Beta+ particle                        =   0.00000E+00
    Beta- particle                        =   0.00000E+00
    Internal conv. electron               =   1.12726E+00
    Auger and CK electron                 =   1.92821E+01
    Alpha particle                        =   5.00000E-03
  Yield of unplaced radiation             =   0.00000E+00


