%%%% 142 EU  63    EC B+        2.34000E+00 2.34 S     18-07-2007       BALASTAR
1 142   EU  63 2.34 S          EC B+      
1INTENSITY AND ENERGY BALANCE DATA

              142-EUROPIUM-63
+                                    HALFLIFE = 2.34 SECONDS 
+                                                                  18-07-2007


    LEVEL       INTENSITY   INTENSITY
    ENERGY      ENTERING    LEAVING     PERCENT
    (MEV)       LEVEL       LEVEL       ERROR

   0.0000E+00  1.0003E+02
   7.6811E-01  1.0291E+01  1.0246E+01  4.4256E-01                      
   1.4511E+00  5.6973E-01  6.2466E-01  9.1992E+00                      
   1.6579E+00  2.8217E+00  2.8225E+00  3.0279E-02                      
   2.0555E+00  1.6102E+00  1.6145E+00  2.6484E-01                      
   2.1735E+00  4.0780E-01  4.0852E-01  1.7420E-01                      
   2.3537E+00  5.2675E-01  5.3065E-01  7.3884E-01                      
   2.3739E+00  7.6963E-01  7.6536E-01  5.5644E-01                      
   2.4394E+00  1.2874E+00  1.2864E+00  7.8777E-02                      
   2.5222E+00  1.5652E+00  1.5764E+00  7.1058E-01                      
   3.0318E+00  4.9976E-01  5.0006E-01  5.9294E-02                      
   3.1878E+00  2.4088E-01  2.4491E-01  1.6578E+00                      


 INTENSITY TO GROUND AND ISOMERIC STATE(S) OF DAUGHTER(S)=  1.000E+02
 TOTAL INTENSITY FROM PARENT=  1.000E+02
 PERCENT ERROR =  2.942E-02                      


 TOTAL INTENSITY FROM PARENT =  1.000E+02
 VALUE IS WITHIN   7.63E-06% OF 100                      


 TOTAL ENERGY AVAILABLE =  7.670E+00 MEV
 TOTAL ENERGY CONTENT OF ALL RADIATIONS =  7.671E+00 MEV
 PERCENT ERROR =  1.238E-02                      
%%%% 142 EU  63    EC B+        2.34000E+00 2.34 S     18-07-2007       BALAEND 
%%%% 142 EU  63    EC B+        2.34000E+00 2.34 S     18-07-2007       INPUSTAR
1                                      **INPUT DATA**
              142-EUROPIUM-63
+                                    HALFLIFE = 2.34 SECONDS 
+                                                                  18-07-2007

            MODES OF DECAY: ELECTRON CAPTURE, BETA PLUS
 
                                MEAN
                                NUMBER/    TRANSITION
                TYPE OF    ID   TRANSFOR-  ENERGY
              TRANSITION   NO.  MATION     (MEV)       OTHER NUCLEAR PARAMETERS

           ELECT. CAPTURE   1   7.10E-04   4.482E+00   ALLOWED                                  
           ELECT. CAPTURE   2   1.40E-03   4.638E+00   ALLOWED                                  
           ELECT. CAPTURE   3   3.16E-03   5.148E+00   ALLOWED                                  
           ELECT. CAPTURE   4   2.48E-03   5.231E+00   ALLOWED                                  
           ELECT. CAPTURE   5   1.40E-03   5.296E+00   ALLOWED                                  
           ELECT. CAPTURE   6   9.70E-04   5.316E+00   ALLOWED                                  
           ELECT. CAPTURE   7   6.80E-04   5.496E+00   ALLOWED                                  
           ELECT. CAPTURE   8   2.51E-03   5.614E+00   ALLOWED                                  
           ELECT. CAPTURE   9   3.47E-03   6.012E+00   ALLOWED                                  
           ELECT. CAPTURE  10   7.00E-04   6.219E+00   ALLOWED                                  
           ELECT. CAPTURE  11   3.10E-03   6.902E+00   ALLOWED                                  
           ELECT. CAPTURE  12   5.12E-02   7.670E+00   ALLOWED                                  
                BETA PLUS   1   1.70E-03   3.460E+00*  ALLOWED                                  
                BETA PLUS   2   3.60E-03   3.616E+00*  ALLOWED                                  
                BETA PLUS   3   1.25E-02   4.126E+00*  ALLOWED                                  
                BETA PLUS   4   1.04E-02   4.209E+00*  ALLOWED                                  
                BETA PLUS   5   6.30E-03   4.274E+00*  ALLOWED                                  
                BETA PLUS   6   4.30E-03   4.294E+00*  ALLOWED                                  
                BETA PLUS   7   3.40E-03   4.474E+00*  ALLOWED                                  
                BETA PLUS   8   1.36E-02   4.592E+00*  ALLOWED                                  
                BETA PLUS   9   2.39E-02   4.990E+00*  ALLOWED                                  
                BETA PLUS  10   5.00E-03   5.197E+00*  ALLOWED                                  
                BETA PLUS  11   3.40E-02   5.880E+00*  ALLOWED                                  
                BETA PLUS  12   8.10E-01   6.648E+00*  ALLOWED                                  
           I.C.E. + GAMMA   1   4.21E-03   6.830E-01   E2 MULTIPOLE                             
+                                                                    AK= 0.00492                
           I.C.E. + GAMMA   2   1.02E-01   7.681E-01   E2 MULTIPOLE                             
+                                                                    AK= 0.00376                
           I.C.E. + GAMMA   3   8.60E-04   8.644E-01   E2 MULTIPOLE                             
+                                                                    AK= 0.00289                
           I.C.E. + GAMMA   4   1.07E-02   8.898E-01   M1 MULTIPOLE                             
+                                                                    AK= 0.00459                
           I.C.E. + GAMMA   5   1.17E-02   1.287E+00   M1 MULTIPOLE                             
+                                                                    AK= 0.00193                
           I.C.E. + GAMMA   6   4.09E-03   1.405E+00   E2 MULTIPOLE                             
+                                                                    AK= 0.00108                
           I.C.E. + GAMMA   7   2.04E-03   1.451E+00   E0 MULTIPOLE                             
                                                       K/L1/M/N+ =                              
                                                       100./13.1/2.80/0.784                     
           I.C.E. + GAMMA   8   1.76E-02   1.658E+00   E2 MULTIPOLE                             
           I.C.E. + GAMMA   9   1.29E-02   1.671E+00   E2 MULTIPOLE                             
           I.C.E. + GAMMA  10   1.49E-02   1.754E+00   E2 MULTIPOLE                             
           I.C.E. + GAMMA  11   4.49E-03   2.056E+00   E2 MULTIPOLE                             
           I.C.E. + GAMMA  12   5.00E-03   2.264E+00   E2 MULTIPOLE                             
           I.C.E. + GAMMA  13   5.31E-03   2.354E+00   E2 MULTIPOLE                             
           I.C.E. + GAMMA  14   7.65E-03   2.374E+00   E2 MULTIPOLE                             
           I.C.E. + GAMMA  15   2.45E-03   2.420E+00   E2 MULTIPOLE                             
 
           * ENDPOINT ENERGY (MEV)
           - - - - - - - - - -
           Reference: Evaluated Nuclear Structure Data File (ENSDF)
                DATE DATA WERE ENTERED INTO ENSDF: Mar-2000
%%%% 142 EU  63    EC B+        2.34000E+00 2.34 S     18-07-2007       INPUEND 
%%%% 142 EU  63    EC B+        2.34000E+00 2.34 S     18-07-2007       OUTPSTAR
1                                      **OUTPUT DATA**
              142-EUROPIUM-63
+                                    HALFLIFE = 2.34 SECONDS 
+                                                                  18-07-2007

            MODES OF DECAY: ELECTRON CAPTURE, BETA PLUS
 
                                              MEAN
                                              NUMBER/                  MEV/
                                         ID   TRANSFOR-   ENERGY       TRANSFOR-
                  TYPE OF RADIATION      NO.  MATION      (MEV)        MATION

           BETA PLUS                      1   1.70E-03    1.572E+00*   2.67E-03
           BETA PLUS                      2   3.60E-03    1.645E+00*   5.92E-03
           BETA PLUS                      3   1.25E-02    1.883E+00*   2.35E-02
           BETA PLUS                      4   1.04E-02    1.922E+00*   2.00E-02
           BETA PLUS                      5   6.30E-03    1.953E+00*   1.23E-02
           BETA PLUS                      6   4.30E-03    1.962E+00*   8.43E-03
           BETA PLUS                      7   3.40E-03    2.047E+00*   6.96E-03
           BETA PLUS                      8   1.36E-02    2.103E+00*   2.86E-02
           BETA PLUS                      9   2.39E-02    2.291E+00*   5.47E-02
           BETA PLUS                     10   5.00E-03    2.389E+00*   1.19E-02
           BETA PLUS                     11   3.40E-02    2.714E+00*   9.22E-02
           BETA PLUS                     12   8.10E-01    3.083E+00*   2.50E+00
           ANNIHILATION RADIATION             1.86E+00    5.110E-01    9.49E-01
           GAMMA-RAY                      1   4.18E-03    6.830E-01    2.86E-03
           GAMMA-RAY                      2   1.02E-01    7.681E-01    7.83E-02
           GAMMA-RAY                      3   8.57E-04    8.644E-01    7.41E-04
           GAMMA-RAY                      4   1.06E-02    8.898E-01    9.44E-03
           GAMMA-RAY                      5   1.16E-02    1.287E+00    1.50E-02
           GAMMA-RAY                      6   4.08E-03    1.405E+00    5.73E-03
           K CONV. ELECTRON, GAMMA-RAY    7   1.75E-03    1.404E+00    2.46E-03
           L1 CONV. ELECTRON, GAMMA-RAY   7   2.29E-04    1.443E+00    3.30E-04
           GAMMA-RAY                      8   1.75E-02    1.658E+00    2.91E-02
           GAMMA-RAY                      9   1.29E-02    1.671E+00    2.15E-02
           GAMMA-RAY                     10   1.49E-02    1.754E+00    2.61E-02
           GAMMA-RAY                     11   4.49E-03    2.056E+00    9.23E-03
           GAMMA-RAY                     12   5.00E-03    2.264E+00    1.13E-02
           GAMMA-RAY                     13   5.30E-03    2.354E+00    1.25E-02
           GAMMA-RAY                     14   7.65E-03    2.374E+00    1.82E-02
           GAMMA-RAY                     15   2.45E-03    2.420E+00    5.92E-03
           K -L2 X-RAY                        1.68E-02    3.956E-02    6.63E-04
           K -L3 X-RAY                        3.03E-02    4.017E-02    1.22E-03
           K -M2 X-RAY                        3.04E-03    4.534E-02    1.38E-04
           K -M3 X-RAY                        5.88E-03    4.547E-02    2.67E-04
 
           ALL LISTED X-RAYS, GAMMA-RAYS AND ANNIHILATION RADIATION    1.20E+00
           ALL NEGLECTED X-RAYS, GAMMA-RAYS AND ANNIH. RADIATION**     1.86E-04
           ALL LISTED BETAS, INTERNAL CONVERSION AND AUGER ELECTRONS   2.77E+00
           ALL NEGLECTED BETAS, INT. CONVERSION AND AUGER ELECTRONS**  1.17E-03
           ALL LISTED RADIATIONS                                       3.96E+00
           ALL NEGLECTED RADIATIONS**                                  1.36E-03
 
           *  AVERAGE ENERGY (MEV)
           ** EACH NEGLECTED TRANSITION CONTRIBUTES LESS THAN  0.010%
              TO THE TOTAL MEV/TRANSFORMATION FOR THIS CATEGORY.
           TOTAL FEEDING OF GROUND STATE LEVEL IN 142-SAMARIUM
             DAUGHTER IS 1.0000E+00 PER TRANSFORMATION OF 142-EUROPIUM.
             DECAY OF THIS 72.49 MINUTES HALFLIFE LEVEL WILL CONTRIBUTE TO DOSE.
           - - - - - - - - - -
           INPUT DATA SOURCE: EVALUATED NUCLEAR STRUCTURE DATA FILE (ENSDF)
             DATE INPUT DATA WERE ENTERED INTO ENSDF: Mar-2000
%%%% 142 EU  63    EC B+        2.34000E+00 2.34 S     18-07-2007       OUTPEND 
%%%% 142 EU  63    EC B+        2.34000E+00 2.34 S     18-07-2007       BETASTAR
1
              142-EUROPIUM-63
+                                    HALFLIFE = 2.34 SECONDS 
+                                                                  18-07-2007

            BETA SPECTRUM DATA FOR ALL DECAY BRANCHES

                      BETAS PER                BETAS PER                BETAS PER
            ENERGY    MEV            ENERGY    MEV            ENERGY    MEV
            (MEV)     PER DECAY      (MEV)     PER DECAY      (MEV)     PER DECAY

            0.00000   0.000E+00      0.00400   1.149E-07      0.16000   1.102E-02
            0.00010   0.000E+00      0.00450   2.146E-07      0.18000   1.337E-02
            0.00011   0.000E+00      0.00500   3.632E-07      0.20000   1.579E-02
            0.00012   0.000E+00      0.00550   5.714E-07      0.22000   1.829E-02
            0.00013   0.000E+00      0.00600   8.499E-07      0.24000   2.083E-02
            0.00014   0.000E+00      0.00650   1.209E-06      0.26000   2.342E-02
            0.00015   0.000E+00      0.00700   1.661E-06      0.28000   2.604E-02
            0.00016   0.000E+00      0.00750   2.214E-06      0.30000   2.869E-02
            0.00018   0.000E+00      0.00800   2.880E-06      0.32000   3.137E-02
            0.00020   0.000E+00      0.00850   3.668E-06      0.36000   3.678E-02
            0.00022   0.000E+00      0.00900   4.590E-06      0.40000   4.226E-02
            0.00024   0.000E+00      0.01000   6.871E-06      0.45000   4.916E-02
            0.00026   0.000E+00      0.01100   9.800E-06      0.50000   5.612E-02
            0.00028   0.000E+00      0.01200   1.345E-05      0.55000   6.309E-02
            0.00030   0.000E+00      0.01300   1.788E-05      0.60000   7.008E-02
            0.00032   0.000E+00      0.01400   2.317E-05      0.65000   7.705E-02
            0.00036   0.000E+00      0.01500   2.937E-05      0.70000   8.400E-02
            0.00040   9.118E-28      0.01600   3.654E-05      0.75000   9.092E-02
            0.00045   3.166E-25      0.01800   5.396E-05      0.80000   9.779E-02
            0.00050   3.858E-23      0.02000   7.579E-05      0.85000   1.046E-01
            0.00055   2.031E-21      0.02200   1.023E-04      0.90000   1.114E-01
            0.00060   5.495E-20      0.02400   1.337E-04      1.00000   1.246E-01
            0.00065   8.765E-19      0.02600   1.702E-04      1.10000   1.375E-01
            0.00070   9.178E-18      0.02800   2.119E-04      1.20000   1.499E-01
            0.00075   6.856E-17      0.03000   2.588E-04      1.30000   1.617E-01
            0.00080   3.896E-16      0.03200   3.111E-04      1.40000   1.730E-01
            0.00085   1.771E-15      0.03600   4.315E-04      1.50000   1.837E-01
            0.00090   6.692E-15      0.04000   5.730E-04      1.60000   1.936E-01
            0.00100   6.186E-14      0.04500   7.786E-04      1.80000   2.114E-01
            0.00110   3.687E-13      0.05000   1.015E-03      2.00000   2.260E-01
            0.00120   1.594E-12      0.05500   1.281E-03      2.20000   2.372E-01
            0.00130   5.420E-12      0.06000   1.573E-03      2.40000   2.451E-01
            0.00140   1.532E-11      0.06500   1.892E-03      2.60000   2.494E-01
            0.00150   3.745E-11      0.07000   2.234E-03      2.80000   2.503E-01
            0.00160   8.160E-11      0.07500   2.599E-03      3.00000   2.479E-01
            0.00180   2.975E-10      0.08000   2.984E-03      3.20000   2.424E-01
            0.00200   8.382E-10      0.08500   3.388E-03      3.60000   2.233E-01
            0.00220   1.965E-09      0.09000   3.810E-03      4.00000   1.956E-01
            0.00240   4.025E-09      0.10000   4.702E-03      4.50000   1.536E-01
            0.00260   7.438E-09      0.11000   5.651E-03      5.00000   1.066E-01
            0.00280   1.269E-08      0.12000   6.650E-03      5.50000   6.033E-02
            0.00300   2.030E-08      0.13000   7.690E-03      6.00000   2.223E-02
            0.00320   3.086E-08      0.14000   8.768E-03      6.50000   1.338E-03
            0.00360   6.324E-08      0.15000   9.878E-03      6.64800   0.000E+00

            AVERAGE BETA ENERGY =   2.977E+00

            TOTAL BETAS PER DECAY FOR ALL BRANCHES =   9.283E-01
%%%% 142 EU  63    EC B+        2.34000E+00 2.34 S     18-07-2007       BETAEND 
%%%% 142 EU  63    EC B+        2.34000E+00 2.34 S     18-07-2007       SEEISTAR
142.  EUROPIUM     63.  2.340E+00 SECONDS  184 EC B+                142.EU 63.   0
 4 1  1.69918E-01  1.57189E+00  3.46017E+00  0.00000E+00            142.EU 63.   1   1
 4 2  3.59827E-01  1.64454E+00  3.61620E+00  0.00000E+00            142.EU 63.   2   2
 4 3  1.24940E+00  1.88295E+00  4.12576E+00  0.00000E+00            142.EU 63.   3   3
 4 4  1.03950E+00  1.92186E+00  4.20860E+00  0.00000E+00            142.EU 63.   4   4
 4 5  6.29698E-01  1.95266E+00  4.27410E+00  0.00000E+00            142.EU 63.   5   5
 4 6  4.29794E-01  1.96216E+00  4.29430E+00  0.00000E+00            142.EU 63.   6   6
 4 7  3.39837E-01  2.04702E+00  4.47448E+00  0.00000E+00            142.EU 63.   7   7
 4 8  1.35935E+00  2.10270E+00  4.59248E+00  0.00000E+00            142.EU 63.   8   8
 4 9  2.38885E+00  2.29083E+00  4.99010E+00  0.00000E+00            142.EU 63.   9   9
 410  4.99760E-01  2.38898E+00  5.19689E+00  0.00000E+00            142.EU 63.  10  10
 411  3.39837E+00  2.71448E+00  5.87989E+00  0.00000E+00            142.EU 63.  11  11
 412  8.09611E+01  3.08271E+00  6.64800E+00  0.00000E+00            142.EU 63.  12  12
 3 3  1.85651E+02  5.11000E-01  5.11000E-01  0.00000E+00            142.EU 63.  13   3
 1 1  4.18200E-01  6.83000E-01  6.83000E-01  0.00000E+00            142.EU 63.  14   1
 6 1  2.05706E-03  6.36124E-01  6.36124E-01  1.00000E+00            142.EU 63.  15   1
 6 5  2.49210E-04  6.75298E-01  6.75298E-01  1.00000E+00            142.EU 63.  16   5
 6 6  4.48406E-05  6.75682E-01  6.75682E-01  1.00000E+00            142.EU 63.  17   6
 6 7  2.45756E-05  6.76292E-01  6.76292E-01  1.00000E+00            142.EU 63.  18   7
 6 3  6.90376E-05  6.81592E-01  6.81592E-01  1.00000E+00            142.EU 63.  19   3
 6 4  1.90474E-05  6.83000E-01  6.83000E-01  1.00000E+00            142.EU 63.  20   4
 1 2  1.02000E+01  7.68100E-01  7.68100E-01  0.00000E+00            142.EU 63.  21   2
 6 1  3.83093E-02  7.21224E-01  7.21224E-01  2.00000E+00            142.EU 63.  22   1
 6 5  4.65988E-03  7.60398E-01  7.60398E-01  2.00000E+00            142.EU 63.  23   5
 6 6  7.08879E-04  7.60782E-01  7.60782E-01  2.00000E+00            142.EU 63.  24   6
 6 7  3.79579E-04  7.61392E-01  7.61392E-01  2.00000E+00            142.EU 63.  25   7
 6 3  1.24208E-03  7.66692E-01  7.66692E-01  2.00000E+00            142.EU 63.  26   3
 6 4  3.43617E-04  7.68100E-01  7.68100E-01  2.00000E+00            142.EU 63.  27   4
 1 3  8.56800E-02  8.64400E-01  8.64400E-01  0.00000E+00            142.EU 63.  28   3
 6 1  2.47714E-04  8.17524E-01  8.17524E-01  3.00000E+00            142.EU 63.  29   1
 6 5  3.02135E-05  8.56698E-01  8.56698E-01  3.00000E+00            142.EU 63.  30   5
 6 6  3.88794E-06  8.57082E-01  8.57082E-01  3.00000E+00            142.EU 63.  31   6
 6 7  2.04472E-06  8.57692E-01  8.57692E-01  3.00000E+00            142.EU 63.  32   7
 6 3  7.79256E-06  8.62992E-01  8.62992E-01  3.00000E+00            142.EU 63.  33   3
 6 4  2.16065E-06  8.64400E-01  8.64400E-01  3.00000E+00            142.EU 63.  34   4
 1 4  1.06080E+00  8.89800E-01  8.89800E-01  0.00000E+00            142.EU 63.  35   4
 6 1  4.86793E-03  8.42924E-01  8.42924E-01  4.00000E+00            142.EU 63.  36   1
 6 5  6.16319E-04  8.82098E-01  8.82098E-01  4.00000E+00            142.EU 63.  37   5
 6 6  2.79193E-05  8.82482E-01  8.82482E-01  4.00000E+00            142.EU 63.  38   6
 6 7  6.08477E-06  8.83092E-01  8.83092E-01  4.00000E+00            142.EU 63.  39   7
 6 3  1.39199E-04  8.88392E-01  8.88392E-01  4.00000E+00            142.EU 63.  40   3
 6 4  3.88413E-05  8.89800E-01  8.89800E-01  4.00000E+00            142.EU 63.  41   4
 1 5  1.16280E+00  1.28740E+00  1.28740E+00  0.00000E+00            142.EU 63.  42   5
 6 1  2.24448E-03  1.24052E+00  1.24052E+00  5.00000E+00            142.EU 63.  43   1
 6 5  2.81348E-04  1.27970E+00  1.27970E+00  5.00000E+00            142.EU 63.  44   5
 6 6  1.07761E-05  1.28008E+00  1.28008E+00  5.00000E+00            142.EU 63.  45   6
 6 7  2.78600E-06  1.28069E+00  1.28069E+00  5.00000E+00            142.EU 63.  46   7
 6 3  6.31731E-05  1.28599E+00  1.28599E+00  5.00000E+00            142.EU 63.  47   3
 6 4  1.76509E-05  1.28740E+00  1.28740E+00  5.00000E+00            142.EU 63.  48   4
 1 6  4.08000E-01  1.40540E+00  1.40540E+00  0.00000E+00            142.EU 63.  49   6
 6 1  4.40049E-04  1.35852E+00  1.35852E+00  6.00000E+00            142.EU 63.  50   1
 6 5  5.35816E-05  1.39770E+00  1.39770E+00  6.00000E+00            142.EU 63.  51   5
 6 6  3.57939E-06  1.39808E+00  1.39808E+00  6.00000E+00            142.EU 63.  52   6
 6 7  1.85838E-06  1.39869E+00  1.39869E+00  6.00000E+00            142.EU 63.  53   7
 6 3  1.26828E-05  1.40399E+00  1.40399E+00  6.00000E+00            142.EU 63.  54   3
 6 4  3.52638E-06  1.40540E+00  1.40540E+00  6.00000E+00            142.EU 63.  55   4
 1 7  0.00000E+00  1.45110E+00  1.45110E+00  0.00000E+00            142.EU 63.  56   7
 6 1  1.74855E-01  1.40422E+00  1.40422E+00  7.00000E+00            142.EU 63.  57   1
 6 5  2.28782E-02  1.44340E+00  1.44340E+00  7.00000E+00            142.EU 63.  58   5
 6 3  4.89669E-03  1.44969E+00  1.44969E+00  7.00000E+00            142.EU 63.  59   3
 6 4  1.37004E-03  1.45110E+00  1.45110E+00  7.00000E+00            142.EU 63.  60   4
 1 8  1.75440E+00  1.65790E+00  1.65790E+00  0.00000E+00            142.EU 63.  61   8
 6 1  1.38588E-03  1.61102E+00  1.61102E+00  8.00000E+00            142.EU 63.  62   1
 6 5  1.68731E-04  1.65020E+00  1.65020E+00  8.00000E+00            142.EU 63.  63   5
 6 6  9.19168E-06  1.65058E+00  1.65058E+00  8.00000E+00            142.EU 63.  64   6
 6 7  4.86626E-06  1.65119E+00  1.65119E+00  8.00000E+00            142.EU 63.  65   7
 6 3  3.93444E-05  1.65649E+00  1.65649E+00  8.00000E+00            142.EU 63.  66   3
 6 4  1.07192E-05  1.65790E+00  1.65790E+00  8.00000E+00            142.EU 63.  67   4
 1 9  1.28520E+00  1.67130E+00  1.67130E+00  0.00000E+00            142.EU 63.  68   9
 6 1  1.00014E-03  1.62442E+00  1.62442E+00  9.00000E+00            142.EU 63.  69   1
 6 5  1.21776E-04  1.66360E+00  1.66360E+00  9.00000E+00            142.EU 63.  70   5
 6 6  6.57029E-06  1.66398E+00  1.66398E+00  9.00000E+00            142.EU 63.  71   6
 6 7  3.48289E-06  1.66459E+00  1.66459E+00  9.00000E+00            142.EU 63.  72   7
 6 3  2.83790E-05  1.66989E+00  1.66989E+00  9.00000E+00            142.EU 63.  73   3
 6 4  7.72737E-06  1.67130E+00  1.67130E+00  9.00000E+00            142.EU 63.  74   4
 110  1.48920E+00  1.75410E+00  1.75410E+00  0.00000E+00            142.EU 63.  75  10
 6 1  1.05949E-03  1.70722E+00  1.70722E+00  1.00000E+01            142.EU 63.  76   1
 6 5  1.29081E-04  1.74640E+00  1.74640E+00  1.00000E+01            142.EU 63.  77   5
 6 6  6.57790E-06  1.74678E+00  1.74678E+00  1.00000E+01            142.EU 63.  78   6
 6 7  3.51605E-06  1.74739E+00  1.74739E+00  1.00000E+01            142.EU 63.  79   7
 6 3  2.99848E-05  1.75269E+00  1.75269E+00  1.00000E+01            142.EU 63.  80   3
 6 4  8.13550E-06  1.75410E+00  1.75410E+00  1.00000E+01            142.EU 63.  81   4
 111  4.48800E-01  2.05580E+00  2.05580E+00  0.00000E+00            142.EU 63.  82  11
 6 1  2.37398E-04  2.00892E+00  2.00892E+00  1.10000E+01            142.EU 63.  83   1
 6 5  2.92025E-05  2.04810E+00  2.04810E+00  1.10000E+01            142.EU 63.  84   5
 6 6  1.24462E-06  2.04848E+00  2.04848E+00  1.10000E+01            142.EU 63.  85   6
 6 7  6.89137E-07  2.04909E+00  2.04909E+00  1.10000E+01            142.EU 63.  86   7
 6 3  6.73334E-06  2.05439E+00  2.05439E+00  1.10000E+01            142.EU 63.  87   3
 6 4  1.80207E-06  2.05580E+00  2.05580E+00  1.10000E+01            142.EU 63.  88   4
 112  4.99800E-01  2.26370E+00  2.26370E+00  0.00000E+00            142.EU 63.  89  12
 6 1  2.22024E-04  2.21682E+00  2.21682E+00  1.20000E+01            142.EU 63.  90   1
 6 5  2.56561E-05  2.25600E+00  2.25600E+00  1.20000E+01            142.EU 63.  91   5
 6 6  9.18179E-07  2.25638E+00  2.25638E+00  1.20000E+01            142.EU 63.  92   6
 6 7  4.83447E-07  2.25699E+00  2.25699E+00  1.20000E+01            142.EU 63.  93   7
 6 3  5.82984E-06  2.26229E+00  2.26229E+00  1.20000E+01            142.EU 63.  94   3
 6 4  1.57616E-06  2.26370E+00  2.26370E+00  1.20000E+01            142.EU 63.  95   4
 113  5.30400E-01  2.35370E+00  2.35370E+00  0.00000E+00            142.EU 63.  96  13
 6 1  2.19694E-04  2.30682E+00  2.30682E+00  1.30000E+01            142.EU 63.  97   1
 6 5  2.52031E-05  2.34600E+00  2.34600E+00  1.30000E+01            142.EU 63.  98   5
 6 6  8.56801E-07  2.34638E+00  2.34638E+00  1.30000E+01            142.EU 63.  99   6
 6 7  4.51465E-07  2.34699E+00  2.34699E+00  1.30000E+01            142.EU 63. 100   7
 6 3  5.71393E-06  2.35229E+00  2.35229E+00  1.30000E+01            142.EU 63. 101   3
 6 4  1.54273E-06  2.35370E+00  2.35370E+00  1.30000E+01            142.EU 63. 102   4
 114  7.65000E-01  2.37390E+00  2.37390E+00  0.00000E+00            142.EU 63. 103  14
 6 1  3.12060E-04  2.32702E+00  2.32702E+00  1.40000E+01            142.EU 63. 104   1
 6 5  3.57404E-05  2.36620E+00  2.36620E+00  1.40000E+01            142.EU 63. 105   5
 6 6  1.20142E-06  2.36658E+00  2.36658E+00  1.40000E+01            142.EU 63. 106   6
 6 7  6.33156E-07  2.36719E+00  2.36719E+00  1.40000E+01            142.EU 63. 107   7
 6 3  8.09903E-06  2.37249E+00  2.37249E+00  1.40000E+01            142.EU 63. 108   3
 6 4  2.18604E-06  2.37390E+00  2.37390E+00  1.40000E+01            142.EU 63. 109   4
 115  2.44800E-01  2.41970E+00  2.41970E+00  0.00000E+00            142.EU 63. 110  15
 6 1  9.65101E-05  2.37282E+00  2.37282E+00  1.50000E+01            142.EU 63. 111   1
 6 5  1.10121E-05  2.41200E+00  2.41200E+00  1.50000E+01            142.EU 63. 112   5
 6 6  3.60968E-07  2.41238E+00  2.41238E+00  1.50000E+01            142.EU 63. 113   6
 6 7  1.90302E-07  2.41299E+00  2.41299E+00  1.50000E+01            142.EU 63. 114   7
 6 3  2.49280E-06  2.41829E+00  2.41829E+00  1.50000E+01            142.EU 63. 115   3
 6 4  6.72393E-07  2.41970E+00  2.41970E+00  1.50000E+01            142.EU 63. 116   4
 2 1  1.67531E+00  3.95578E-02  3.95578E-02  0.00000E+00            142.EU 63. 117   1
 2 2  3.03235E+00  4.01680E-02  4.01680E-02  0.00000E+00            142.EU 63. 118   2
 2 3  3.03877E-01  4.53441E-02  4.53441E-02  0.00000E+00            142.EU 63. 119   3
 2 4  5.87927E-01  4.54683E-02  4.54683E-02  0.00000E+00            142.EU 63. 120   4
 2 5  4.28362E-03  4.57630E-02  4.57630E-02  0.00000E+00            142.EU 63. 121   5
 2 6  5.68993E-03  4.57901E-02  4.57901E-02  0.00000E+00            142.EU 63. 122   6
 2 7  6.58983E-02  4.65986E-02  4.65986E-02  0.00000E+00            142.EU 63. 123   7
 2 8  1.27927E-01  4.66259E-02  4.66259E-02  0.00000E+00            142.EU 63. 124   8
 2 9  9.40497E-04  4.67346E-02  4.67346E-02  0.00000E+00            142.EU 63. 125   9
 210  1.24605E-03  4.67395E-02  4.67395E-02  0.00000E+00            142.EU 63. 126  10
 211  1.33011E-02  4.68462E-02  4.68462E-02  0.00000E+00            142.EU 63. 127  11
 212  2.69049E-02  4.68499E-02  4.68499E-02  0.00000E+00            142.EU 63. 128  12
 221  2.10900E-05  3.84100E-04  3.84100E-04  0.00000E+00            142.EU 63. 129  21
 222  8.20604E-04  9.94400E-04  9.94400E-04  0.00000E+00            142.EU 63. 130  22
 223  2.35422E-02  6.17039E-03  6.17039E-03  0.00000E+00            142.EU 63. 131  23
 224  3.43423E-02  6.29460E-03  6.29460E-03  0.00000E+00            142.EU 63. 132  24
 225  4.69816E-04  6.58940E-03  6.58940E-03  0.00000E+00            142.EU 63. 133  25
 226  7.02703E-04  6.61651E-03  6.61651E-03  0.00000E+00            142.EU 63. 134  26
 227  5.51322E-03  7.42487E-03  7.42487E-03  0.00000E+00            142.EU 63. 135  27
 228  8.35541E-03  7.45223E-03  7.45223E-03  0.00000E+00            142.EU 63. 136  28
 229  6.32559E-05  7.56090E-03  7.56090E-03  0.00000E+00            142.EU 63. 137  29
 230  9.72397E-05  7.56577E-03  7.56577E-03  0.00000E+00            142.EU 63. 138  30
 231  7.80008E-04  7.67250E-03  7.67250E-03  0.00000E+00            142.EU 63. 139  31
 232  1.15204E-03  7.67628E-03  7.67628E-03  0.00000E+00            142.EU 63. 140  32
 241  7.88919E-07  6.10298E-04  6.10298E-04  0.00000E+00            142.EU 63. 141  41
 242  1.04883E-02  5.61810E-03  5.61810E-03  0.00000E+00            142.EU 63. 142  42
 243  1.96756E-04  5.91049E-03  5.91049E-03  0.00000E+00            142.EU 63. 143  43
 244  2.70054E-01  6.20531E-03  6.20531E-03  0.00000E+00            142.EU 63. 144  44
 245  1.93452E-03  6.97541E-03  6.97541E-03  0.00000E+00            142.EU 63. 145  45
 246  3.89728E-05  7.06814E-03  7.06814E-03  0.00000E+00            142.EU 63. 146  46
 247  4.63724E-02  7.17680E-03  7.17680E-03  0.00000E+00            142.EU 63. 147  47
 248  2.15001E-05  7.30882E-03  7.30882E-03  0.00000E+00            142.EU 63. 148  48
 249  3.17249E-04  7.27045E-03  7.27045E-03  0.00000E+00            142.EU 63. 149  49
 250  8.32073E-06  7.29220E-03  7.29220E-03  0.00000E+00            142.EU 63. 150  50
 261  3.68260E-02  5.00779E-03  5.00779E-03  0.00000E+00            142.EU 63. 151  61
 262  2.38203E-04  5.17601E-03  5.17601E-03  0.00000E+00            142.EU 63. 152  62
 263  2.17744E-04  5.30021E-03  5.30021E-03  0.00000E+00            142.EU 63. 153  63
 264  4.83915E-02  5.59500E-03  5.59500E-03  0.00000E+00            142.EU 63. 154  64
 265  4.28114E-01  5.62210E-03  5.62210E-03  0.00000E+00            142.EU 63. 155  65
 266  4.55285E-03  6.36513E-03  6.36513E-03  0.00000E+00            142.EU 63. 156  66
 267  3.38121E-05  6.43047E-03  6.43047E-03  0.00000E+00            142.EU 63. 157  67
 268  3.26592E-05  6.45784E-03  6.45784E-03  0.00000E+00            142.EU 63. 158  68
 269  7.98283E-03  6.56650E-03  6.56650E-03  0.00000E+00            142.EU 63. 159  69
 270  7.13929E-02  6.57141E-03  6.57141E-03  0.00000E+00            142.EU 63. 160  70
 271  6.08576E-06  6.69853E-03  6.69853E-03  0.00000E+00            142.EU 63. 161  71
 272  3.48522E-05  6.69915E-03  6.69915E-03  0.00000E+00            142.EU 63. 162  72
 273  8.18642E-04  6.66014E-03  6.66014E-03  0.00000E+00            142.EU 63. 163  73
 274  7.30273E-06  6.67813E-03  6.67813E-03  0.00000E+00            142.EU 63. 164  74
 275  6.31528E-06  6.68188E-03  6.68188E-03  0.00000E+00            142.EU 63. 165  75
 291  8.50241E-02  9.69404E-04  9.69404E-04  0.00000E+00            142.EU 63. 166  91
 292  2.22138E-03  1.45389E-04  1.45389E-04  0.00000E+00            142.EU 63. 167  92
 293  4.24093E-07  2.08988E-05  2.08988E-05  0.00000E+00            142.EU 63. 168  93
 294  7.25826E+01  1.45262E-05  1.45262E-05  0.00000E+00            142.EU 63. 169  94
 7 1  2.89196E-01  3.25196E-02  3.25196E-02  0.00000E+00            142.EU 63. 170   1
 7 2  1.40909E-01  3.84443E-02  3.84443E-02  0.00000E+00            142.EU 63. 171   2
 7 3  1.64570E-02  4.43732E-02  4.43732E-02  0.00000E+00            142.EU 63. 172   3
 7 4  9.51256E-01  5.08375E-04  5.08375E-04  0.00000E+00            142.EU 63. 173   4
 7 5  3.87954E+00  4.45708E-03  4.45708E-03  0.00000E+00            142.EU 63. 174   5
 7 6  1.32615E+00  5.50707E-03  5.50707E-03  0.00000E+00            142.EU 63. 175   6
 7 7  1.13054E-01  6.59068E-03  6.59068E-03  0.00000E+00            142.EU 63. 176   7
 7 8  4.84179E+00  1.68885E-04  1.68885E-04  0.00000E+00            142.EU 63. 177   8
 7 9  1.04135E+01  8.03744E-04  8.03744E-04  0.00000E+00            142.EU 63. 178   9
 710  6.66651E-01  9.73749E-04  9.73749E-04  0.00000E+00            142.EU 63. 179  10
 711  1.93108E-02  1.15982E-03  1.15982E-03  0.00000E+00            142.EU 63. 180  11
 712  3.03462E+01  1.06713E-04  1.06713E-04  0.00000E+00            142.EU 63. 181  12
 713  4.64330E+00  9.42616E-05  9.42616E-05  0.00000E+00            142.EU 63. 182  13
 714  5.67660E+00  1.51033E-05  1.51033E-05  0.00000E+00            142.EU 63. 183  14
 715  4.52221E-02  3.75601E-05  3.75601E-05  0.00000E+00            142.EU 63. 184  15
%%%% 142 EU  63    EC B+        2.34000E+00 2.34 S     18-07-2007       SEEIEND 
 


   ***************************************************** 
   *                 Radiation Summary                 * 
   ***************************************************** 
 
  Energy released by
    Gamma-ray                       (MeV) =   2.45882E-01
    X-ray                           (MeV) =   2.46142E-03
    Free-bound X-ray                (MeV) =   1.05435E-05
    Annihilation photon             (MeV) =   9.48676E-01
    Beta+ particle                  (MeV) =   2.76307E+00
    Neutrino                        (MeV) =   3.70703E+00
    Beta- particle                  (MeV) =   0.00000E+00
    Neutrino-                       (MeV) =   0.00000E+00
    Internal conv. electron         (MeV) =   3.40951E-03
    Auger and CK electron           (MeV) =   5.49977E-04
    Alpha particle                  (MeV) =   0.00000E+00
    Recoil nucleus                  (MeV) =   0.00000E+00
  E-total (except unplaced radiat.) (MeV) =   7.67109E+00
  E-unplaced radiation              (MeV) =   0.00000E+00
  Q-value from ENSDF data           (MeV) =   7.67000E+00
  Ratio of E-total/Q-value          ( % ) =   1.00014E+02
  Ratio of E-unplaced radi./Q-value ( % ) =   0.00000E+00

 
  Total yield of
    Gamma-ray                             =   2.03531E-01
    X-ray                                 =   6.93684E-02
    Free-bound X-ray                      =   7.25826E-01
    Annihilation photon                   =   1.85651E+00
    Beta+ particle                        =   9.28254E-01
    Beta- particle                        =   0.00000E+00
    Internal conv. electron               =   2.66514E-03
    Auger and CK electron                 =   6.33692E-01
    Alpha particle                        =   0.00000E+00
  Yield of unplaced radiation             =   0.00000E+00


%%%% 142 EU  63 M  EC B+        7.33800E+01 1.223 M    18-07-2007       BALASTAR
1 142M  EU  63 1.223 M         EC B+      
1INTENSITY AND ENERGY BALANCE DATA

              142M-EUROPIUM-63
+                                    HALFLIFE = 1.223 MINUTES 
+                                                                  18-07-2007


    LEVEL       INTENSITY   INTENSITY
    ENERGY      ENTERING    LEAVING     PERCENT
    (MEV)       LEVEL       LEVEL       ERROR

   0.0000E+00  1.0045E+02
   7.6800E-01  1.0323E+02  1.0045E+02  2.7326E+00                      
   1.7841E+00  8.3787E+00  1.1011E+01  2.7153E+01  ********************
   1.7913E+00  9.1476E+01  9.2219E+01  8.0894E-01                      
   2.3478E+00  9.5120E+01  9.5275E+01  1.6299E-01                      
   2.3720E+00  9.5765E+01  9.5450E+01  3.2889E-01                      
   2.4200E+00  3.9956E+00  4.1295E+00  3.2960E+00                      
   2.9121E+00  5.3938E+00  5.0912E+00  5.7727E+00                      
   3.1131E+00  2.8983E+00  3.0418E+00  4.8302E+00                      
   3.2200E+00  4.0237E-01  4.0143E-01  2.3459E-01                      
   3.3264E+00  1.0844E+00  1.0822E+00  2.0271E-01                      
   3.3867E+00  1.9596E+00  2.0516E+00  4.5865E+00                      
   3.5709E+00  7.4365E-01  7.4133E-01  3.1244E-01                      
   3.7139E+00  3.0138E+00  2.9841E+00  9.8932E-01                      
   3.7988E+00  1.4772E+00  1.4732E+00  2.7477E-01                      
   4.0722E+00  1.2461E+00  1.2412E+00  3.9354E-01                      
   4.2106E+00  4.4217E-01  4.4033E-01  4.1572E-01                      
   4.3092E+00  9.0444E-01  9.0076E-01  4.0697E-01                      
   4.6304E+00  6.4316E-01  6.4033E-01  4.4029E-01                      


 INTENSITY TO GROUND AND ISOMERIC STATE(S) OF DAUGHTER(S)=  1.004E+02
 TOTAL INTENSITY FROM PARENT=  1.000E+02
 PERCENT ERROR =  4.456E-01                      


 TOTAL INTENSITY FROM PARENT =  1.000E+02
 VALUE IS WITHIN   7.63E-06% OF 100                      


 TOTAL ENERGY AVAILABLE =  8.130E+00 MEV
 TOTAL ENERGY CONTENT OF ALL RADIATIONS =  8.165E+00 MEV
 PERCENT ERROR =  4.296E-01                      
%%%% 142 EU  63 M  EC B+        7.33800E+01 1.223 M    18-07-2007       BALAEND 
%%%% 142 EU  63 M  EC B+        7.33800E+01 1.223 M    18-07-2007       INPUSTAR
1                                      **INPUT DATA**
              142M-EUROPIUM-63
+                                    HALFLIFE = 1.223 MINUTES 
+                                                                  18-07-2007

            MODES OF DECAY: ELECTRON CAPTURE, BETA PLUS
 
                                MEAN
                                NUMBER/    TRANSITION
                TYPE OF    ID   TRANSFOR-  ENERGY
              TRANSITION   NO.  MATION     (MEV)       OTHER NUCLEAR PARAMETERS

           ELECT. CAPTURE   1   3.45E-03   3.500E+00   ALLOWED                                  
+                                                              ASSUMED                          
           ELECT. CAPTURE   2   4.01E-03   3.821E+00   ALLOWED                                  
           ELECT. CAPTURE   3   1.85E-03   3.919E+00   ALLOWED                                  
+                                                              ASSUMED                          
           ELECT. CAPTURE   4   4.79E-03   4.058E+00   ALLOWED                                  
           ELECT. CAPTURE   5   4.81E-03   4.331E+00   ALLOWED                                  
+                                                              ASSUMED                          
           ELECT. CAPTURE   6   9.34E-03   4.416E+00   ALLOWED                                  
+                                                              ASSUMED                          
           ELECT. CAPTURE   7   2.11E-03   4.559E+00   ALLOWED                                  
+                                                              ASSUMED                          
           ELECT. CAPTURE   8   4.99E-03   4.743E+00   ALLOWED                                  
           ELECT. CAPTURE   9   2.07E-03   4.804E+00   FIRST FORBIDDEN                          
           ELECT. CAPTURE  10   9.29E-04   4.910E+00   ALLOWED                                  
+                                                              ASSUMED                          
           ELECT. CAPTURE  11   3.49E-03   5.017E+00   ALLOWED                                  
           ELECT. CAPTURE  12   5.06E-03   5.218E+00   ALLOWED                                  
           ELECT. CAPTURE  13   7.94E-03   5.710E+00   UNIQUE FIRST FORBIDDEN                   
           ELECT. CAPTURE  14   1.18E-01   5.758E+00   ALLOWED                                  
                BETA PLUS   1   2.98E-03   2.478E+00*  ALLOWED                                  
+                                                              ASSUMED                          
                BETA PLUS   2   5.03E-03   2.799E+00*  ALLOWED                                  
                BETA PLUS   3   2.57E-03   2.897E+00*  ALLOWED                                  
+                                                              ASSUMED                          
                BETA PLUS   4   7.67E-03   3.036E+00*  ALLOWED                                  
                BETA PLUS   5   9.96E-03   3.309E+00*  ALLOWED                                  
+                                                              ASSUMED                          
                BETA PLUS   6   2.08E-02   3.394E+00*  ALLOWED                                  
+                                                              ASSUMED                          
                BETA PLUS   7   5.33E-03   3.537E+00*  ALLOWED                                  
+                                                              ASSUMED                          
                BETA PLUS   8   1.46E-02   3.721E+00*  ALLOWED                                  
                BETA PLUS   9   6.37E-03   3.782E+00*  FIRST FORBIDDEN                          
                BETA PLUS  10   3.10E-03   3.888E+00*  ALLOWED                                  
+                                                              ASSUMED                          
                BETA PLUS  11   1.26E-02   3.995E+00*  ALLOWED                                  
                BETA PLUS  12   2.11E-02   4.196E+00*  ALLOWED                                  
                BETA PLUS  13   1.91E-02   4.688E+00*  UNIQUE FIRST FORBIDDEN                   
                BETA PLUS  14   6.96E-01   4.736E+00*  ALLOWED                                  
           I.C.E. + GAMMA   1   9.50E-01   2.410E-02   E2 MULTIPOLE                             
+                                                                    AK= 0.0                    
                                                       AL1=2.01      AL2=370.                   
                                                       AL3=509.      AM= 204.                   
                                                       AN+=52.4                                 
           I.C.E. + GAMMA   2   1.33E-02   2.009E-01   E2 MULTIPOLE                             
+                                                                    AK= 0.148                  
                                                       AL1=0.0155    AL2=0.0164                 
                                                       AL3=0.0137    AM= 0.0104                 
                                                       AN+=0.00275                              
           I.C.E. + GAMMA   3   1.29E-02   2.738E-01   E2 MULTIPOLE                             
+                                                                    AK= 0.0576                 
                                                       AL1=0.00638   AL2=0.00425                
                                                       AL3=0.00317   AM= 0.00310                
           I.C.E. + GAMMA   4   7.61E-03   4.744E-01   E2 MULTIPOLE                             
+                                                                    AK= 0.0122                 
                                                       AL1=0.00144                              
           I.C.E. + GAMMA   5   5.09E-02   5.400E-01   M1 MULTIPOLE                             
+                                                                    AK= 0.0155                 
                                                       AL1=0.00199                              
           I.C.E. + GAMMA   6   8.69E-01   5.566E-01   E1 MULTIPOLE                             
+                                                                    AK= 0.00293                
           I.C.E. + GAMMA   7   8.38E-02   5.637E-01   E2 MULTIPOLE                             
+                                                                    AK= 0.00783                
           I.C.E. + GAMMA   8   4.50E-03   5.807E-01   E3 MULTIPOLE                             
+                                                                    AK= 0.0179                 
                                                       AL1=0.00225   AL2=0.00138                
           I.C.E. + GAMMA   9   4.13E-02   6.287E-01   E2 MULTIPOLE                             
+                                                                    AK= 0.00599                
           I.C.E. + GAMMA  10   1.71E-02   7.412E-01   M1 MULTIPOLE                             
+                                                                    AK= 0.00712                
           I.C.E. + GAMMA  11   1.00E+00   7.680E-01   E2 MULTIPOLE                             
+                                                                    AK= 0.00376                
           I.C.E. + GAMMA  12   4.20E-03   8.326E-01   UNPLACED GAMMA                           
           I.C.E. + GAMMA  13   4.01E-03   8.480E-01   E2 MULTIPOLE ASSUMED                     
                                                       AK= 0.00301                              
           I.C.E. + GAMMA  14   6.92E-03   8.867E-01   E2 MULTIPOLE ASSUMED                     
                                                       AK= 0.00274                              
           I.C.E. + GAMMA  15   5.02E-03   9.064E-01   E2 MULTIPOLE                             
+                                                                    AK= 0.00261                
           I.C.E. + GAMMA  16   5.81E-03   9.543E-01   E1 MULTIPOLE                             
           I.C.E. + GAMMA  17   2.40E-03   9.820E-01   E1 MULTIPOLE                             
           I.C.E. + GAMMA  18   1.10E-01   1.016E+00   E1 MULTIPOLE                             
           I.C.E. + GAMMA  19   9.22E-01   1.023E+00   E2 MULTIPOLE                             
+                                                                    AK= 0.00202                
           I.C.E. + GAMMA  20   3.51E-03   1.151E+00   E2 MULTIPOLE ASSUMED                     
                                                       AK= 0.00159                              
           I.C.E. + GAMMA  21   3.91E-03   1.199E+00   E2 MULTIPOLE ASSUMED                     
                                                       AK= 0.00147                              
           I.C.E. + GAMMA  22   4.70E-03   1.212E+00   UNPLACED GAMMA                           
           I.C.E. + GAMMA  23   2.98E-02   1.342E+00   E2 MULTIPOLE ASSUMED                     
                                                       AK= 0.00118                              
           I.C.E. + GAMMA  24   7.81E-03   1.427E+00   E2 MULTIPOLE ASSUMED                     
                                                       AK= 0.00105                              
           I.C.E. + GAMMA  25   2.90E-03   1.652E+00   E1 MULTIPOLE                             
           I.C.E. + GAMMA  26   8.31E-03   1.700E+00   M1 MULTIPOLE                             
+                                                                    AK= 0.00102                
           I.C.E. + GAMMA  27   1.20E-03   1.725E+00   E2 MULTIPOLE                             
           I.C.E. + GAMMA  28   2.00E-03   1.729E+00   UNPLACED GAMMA                           
           I.C.E. + GAMMA  29   4.40E-03   1.839E+00   E2 MULTIPOLE ASSUMED                     
           I.C.E. + GAMMA  30   1.50E-03   1.889E+00   E1 MULTIPOLE                             
           I.C.E. + GAMMA  31   5.10E-03   1.938E+00   M1 MULTIPOLE                             
           I.C.E. + GAMMA  32   6.40E-03   2.258E+00   E2 MULTIPOLE ASSUMED                     
 
           * ENDPOINT ENERGY (MEV)
           - - - - - - - - - -
           Reference: Evaluated Nuclear Structure Data File (ENSDF)
                DATE DATA WERE ENTERED INTO ENSDF: Mar-2000
%%%% 142 EU  63 M  EC B+        7.33800E+01 1.223 M    18-07-2007       INPUEND 
%%%% 142 EU  63 M  EC B+        7.33800E+01 1.223 M    18-07-2007       OUTPSTAR
1                                      **OUTPUT DATA**
              142M-EUROPIUM-63
+                                    HALFLIFE = 1.223 MINUTES 
+                                                                  18-07-2007

            MODES OF DECAY: ELECTRON CAPTURE, BETA PLUS
 
                                              MEAN
                                              NUMBER/                  MEV/
                                         ID   TRANSFOR-   ENERGY       TRANSFOR-
                  TYPE OF RADIATION      NO.  MATION      (MEV)        MATION

           BETA PLUS                      1   2.98E-03    1.119E+00*   3.34E-03
           BETA PLUS                      2   5.03E-03    1.266E+00*   6.37E-03
           BETA PLUS                      3   2.57E-03    1.311E+00*   3.37E-03
           BETA PLUS                      4   7.67E-03    1.375E+00*   1.05E-02
           BETA PLUS                      5   9.96E-03    1.502E+00*   1.50E-02
           BETA PLUS                      6   2.08E-02    1.541E+00*   3.21E-02
           BETA PLUS                      7   5.33E-03    1.608E+00*   8.56E-03
           BETA PLUS                      8   1.46E-02    1.694E+00*   2.47E-02
           BETA PLUS                      9   6.37E-03    1.722E+00*   1.10E-02
           BETA PLUS                     10   3.10E-03    1.772E+00*   5.48E-03
           BETA PLUS                     11   1.26E-02    1.822E+00*   2.29E-02
           BETA PLUS                     12   2.11E-02    1.916E+00*   4.04E-02
           BETA PLUS                     13   1.91E-02    2.120E+00*   4.05E-02
           BETA PLUS                     14   6.96E-01    2.171E+00*   1.51E+00
           ANNIHILATION RADIATION             1.66E+00    5.110E-01    8.46E-01
           L2 CONV. ELECTRON, GAMMA-RAY   1   3.09E-01    1.678E-02    5.18E-03
           L3 CONV. ELECTRON, GAMMA-RAY   1   4.25E-01    1.739E-02    7.39E-03
           M CONV. ELECTRON, GAMMA-RAY    1   1.70E-01    2.269E-02*   3.86E-03
           N+ CONV. ELECTRON, GAMMA-RAY   1   4.37E-02    2.410E-02*   1.05E-03
           GAMMA-RAY                      2   1.10E-02    2.009E-01    2.21E-03
           K CONV. ELECTRON, GAMMA-RAY    2   1.63E-03    1.540E-01    2.51E-04
           GAMMA-RAY                      3   1.20E-02    2.738E-01    3.29E-03
           GAMMA-RAY                      4   7.50E-03    4.744E-01    3.56E-03
           GAMMA-RAY                      5   5.00E-02    5.400E-01    2.70E-02
           K CONV. ELECTRON, GAMMA-RAY    5   7.77E-04    4.931E-01    3.83E-04
           GAMMA-RAY                      6   8.66E-01    5.566E-01    4.82E-01
           K CONV. ELECTRON, GAMMA-RAY    6   2.54E-03    5.097E-01    1.29E-03
           GAMMA-RAY                      7   8.30E-02    5.637E-01    4.68E-02
           K CONV. ELECTRON, GAMMA-RAY    7   6.50E-04    5.168E-01    3.36E-04
           GAMMA-RAY                      8   4.40E-03    5.807E-01    2.56E-03
           GAMMA-RAY                      9   4.10E-02    6.287E-01    2.58E-02
           GAMMA-RAY                     10   1.70E-02    7.412E-01    1.26E-02
           GAMMA-RAY                     11   1.00E+00    7.680E-01    7.68E-01
           K CONV. ELECTRON, GAMMA-RAY   11   3.76E-03    7.211E-01    2.71E-03
           L1 CONV. ELECTRON, GAMMA-RAY  11   4.57E-04    7.603E-01    3.47E-04
           GAMMA-RAY                     12   4.20E-03    8.326E-01    3.50E-03
           GAMMA-RAY                     13   4.00E-03    8.480E-01    3.39E-03
           GAMMA-RAY                     14   6.90E-03    8.867E-01    6.12E-03
           GAMMA-RAY                     15   5.00E-03    9.064E-01    4.53E-03
           GAMMA-RAY                     16   5.80E-03    9.543E-01    5.53E-03
           GAMMA-RAY                     17   2.40E-03    9.820E-01    2.36E-03
           GAMMA-RAY                     18   1.10E-01    1.016E+00    1.12E-01
           GAMMA-RAY                     19   9.20E-01    1.023E+00    9.41E-01
           K CONV. ELECTRON, GAMMA-RAY   19   1.86E-03    9.764E-01    1.82E-03
           L1 CONV. ELECTRON, GAMMA-RAY  19   2.27E-04    1.016E+00    2.31E-04
           GAMMA-RAY                     20   3.50E-03    1.151E+00    4.03E-03
           GAMMA-RAY                     21   3.90E-03    1.199E+00    4.68E-03
           GAMMA-RAY                     22   4.70E-03    1.212E+00    5.70E-03
           GAMMA-RAY                     23   2.98E-02    1.342E+00    4.00E-02
           GAMMA-RAY                     24   7.80E-03    1.427E+00    1.11E-02
           GAMMA-RAY                     25   2.90E-03    1.652E+00    4.79E-03
           GAMMA-RAY                     26   8.30E-03    1.700E+00    1.41E-02
           GAMMA-RAY                     27   1.20E-03    1.725E+00    2.07E-03
           GAMMA-RAY                     28   2.00E-03    1.729E+00    3.46E-03
           GAMMA-RAY                     29   4.40E-03    1.839E+00    8.09E-03
           GAMMA-RAY                     30   1.50E-03    1.889E+00    2.83E-03
           GAMMA-RAY                     31   5.10E-03    1.938E+00    9.88E-03
           GAMMA-RAY                     32   6.40E-03    2.258E+00    1.45E-02
           K -L2 X-RAY                        4.21E-02    3.956E-02    1.67E-03
           K -L3 X-RAY                        7.63E-02    4.017E-02    3.06E-03
           K -M2 X-RAY                        7.65E-03    4.534E-02    3.47E-04
           K -M3 X-RAY                        1.48E-02    4.547E-02    6.73E-04
           L3-M5 X-RAY                        6.12E-02    5.622E-03    3.44E-04
           AUGER KLL                          7.28E-03    3.252E-02*   2.37E-04
           AUGER LMM                          5.48E-01    4.439E-03*   2.43E-03
           AUGER LMX                          1.87E-01    5.486E-03*   1.03E-03
           AUGER MNN                          1.50E+00    8.030E-04*   1.20E-03
           CK NNX                             4.25E+00    1.068E-04*   4.54E-04
 
           ALL LISTED X-RAYS, GAMMA-RAYS AND ANNIHILATION RADIATION    3.43E+00
           ALL NEGLECTED X-RAYS, GAMMA-RAYS AND ANNIH. RADIATION**     9.82E-04
           ALL LISTED BETAS, INTERNAL CONVERSION AND AUGER ELECTRONS   1.77E+00
           ALL NEGLECTED BETAS, INT. CONVERSION AND AUGER ELECTRONS**  2.30E-03
           ALL LISTED RADIATIONS                                       5.20E+00
           ALL NEGLECTED RADIATIONS**                                  3.28E-03
 
           *  AVERAGE ENERGY (MEV)
           ** EACH NEGLECTED TRANSITION CONTRIBUTES LESS THAN  0.010%
              TO THE TOTAL MEV/TRANSFORMATION FOR THIS CATEGORY.
           TOTAL FEEDING OF GROUND STATE LEVEL IN 142-SAMARIUM
             DAUGHTER IS 1.0000E+00  PER TRANSFORMATION OF 142M-EUROPIUM.
             DECAY OF THIS 72.49 MINUTES HALFLIFE LEVEL WILL CONTRIBUTE TO DOSE.
           - - - - - - - - - -
           INPUT DATA SOURCE: EVALUATED NUCLEAR STRUCTURE DATA FILE (ENSDF)
             DATE INPUT DATA WERE ENTERED INTO ENSDF: Mar-2000
%%%% 142 EU  63 M  EC B+        7.33800E+01 1.223 M    18-07-2007       OUTPEND 
%%%% 142 EU  63 M  EC B+        7.33800E+01 1.223 M    18-07-2007       BETASTAR
1
              142M-EUROPIUM-63
+                                    HALFLIFE = 1.223 MINUTES 
+                                                                  18-07-2007

            BETA SPECTRUM DATA FOR ALL DECAY BRANCHES

                      BETAS PER                BETAS PER                BETAS PER
            ENERGY    MEV            ENERGY    MEV            ENERGY    MEV
            (MEV)     PER DECAY      (MEV)     PER DECAY      (MEV)     PER DECAY

            0.00000   0.000E+00      0.00360   1.349E-07      0.14000   1.833E-02
            0.00010   0.000E+00      0.00400   2.450E-07      0.15000   2.062E-02
            0.00011   0.000E+00      0.00450   4.575E-07      0.16000   2.297E-02
            0.00012   0.000E+00      0.00500   7.743E-07      0.18000   2.778E-02
            0.00013   0.000E+00      0.00550   1.218E-06      0.20000   3.273E-02
            0.00014   0.000E+00      0.00600   1.812E-06      0.22000   3.778E-02
            0.00015   0.000E+00      0.00650   2.578E-06      0.24000   4.291E-02
            0.00016   0.000E+00      0.00700   3.539E-06      0.26000   4.809E-02
            0.00018   0.000E+00      0.00750   4.718E-06      0.28000   5.330E-02
            0.00020   0.000E+00      0.00800   6.137E-06      0.30000   5.855E-02
            0.00022   0.000E+00      0.00850   7.817E-06      0.32000   6.381E-02
            0.00024   0.000E+00      0.00900   9.780E-06      0.36000   7.436E-02
            0.00026   0.000E+00      0.01000   1.464E-05      0.40000   8.488E-02
            0.00028   0.000E+00      0.01100   2.087E-05      0.45000   9.795E-02
            0.00030   0.000E+00      0.01200   2.864E-05      0.50000   1.109E-01
            0.00032   0.000E+00      0.01300   3.809E-05      0.55000   1.236E-01
            0.00036   0.000E+00      0.01400   4.934E-05      0.60000   1.361E-01
            0.00040   1.945E-27      0.01500   6.253E-05      0.65000   1.484E-01
            0.00045   6.755E-25      0.01600   7.777E-05      0.70000   1.603E-01
            0.00050   8.230E-23      0.01800   1.148E-04      0.75000   1.719E-01
            0.00055   4.333E-21      0.02000   1.612E-04      0.80000   1.832E-01
            0.00060   1.172E-19      0.02200   2.176E-04      0.85000   1.941E-01
            0.00065   1.870E-18      0.02400   2.843E-04      0.90000   2.046E-01
            0.00070   1.958E-17      0.02600   3.618E-04      1.00000   2.244E-01
            0.00075   1.463E-16      0.02800   4.503E-04      1.10000   2.425E-01
            0.00080   8.311E-16      0.03000   5.499E-04      1.20000   2.586E-01
            0.00085   3.777E-15      0.03200   6.607E-04      1.30000   2.728E-01
            0.00090   1.427E-14      0.03600   9.159E-04      1.40000   2.849E-01
            0.00100   1.320E-13      0.04000   1.216E-03      1.50000   2.950E-01
            0.00110   7.864E-13      0.04500   1.651E-03      1.60000   3.029E-01
            0.00120   3.401E-12      0.05000   2.150E-03      1.80000   3.123E-01
            0.00130   1.156E-11      0.05500   2.711E-03      2.00000   3.135E-01
            0.00140   3.267E-11      0.06000   3.328E-03      2.20000   3.067E-01
            0.00150   7.989E-11      0.06500   3.999E-03      2.40000   2.928E-01
            0.00160   1.740E-10      0.07000   4.719E-03      2.60000   2.728E-01
            0.00180   6.346E-10      0.07500   5.485E-03      2.80000   2.478E-01
            0.00200   1.788E-09      0.08000   6.294E-03      3.00000   2.189E-01
            0.00220   4.192E-09      0.08500   7.141E-03      3.20000   1.874E-01
            0.00240   8.584E-09      0.09000   8.025E-03      3.60000   1.216E-01
            0.00260   1.586E-08      0.10000   9.890E-03      4.00000   6.012E-02
            0.00280   2.705E-08      0.11000   1.187E-02      4.50000   7.501E-03
            0.00300   4.330E-08      0.12000   1.394E-02      4.73600   0.000E+00
            0.00320   6.582E-08      0.13000   1.610E-02

            AVERAGE BETA ENERGY =   2.097E+00

            TOTAL BETAS PER DECAY FOR ALL BRANCHES =   8.276E-01
%%%% 142 EU  63 M  EC B+        7.33800E+01 1.223 M    18-07-2007       BETAEND 
%%%% 142 EU  63 M  EC B+        7.33800E+01 1.223 M    18-07-2007       SEEISTAR
142.M EUROPIUM     63.  1.223E+00 MINUTES  288 EC B+                142.EU 63.   0
 4 1  2.98464E-01  1.11884E+00  2.47760E+00  0.00000E+00            142.EU 63.   1   1
 4 2  5.03470E-01  1.26602E+00  2.79880E+00  0.00000E+00            142.EU 63.   2   2
 4 3  2.57262E-01  1.31139E+00  2.89740E+00  0.00000E+00            142.EU 63.   3   3
 4 4  7.66762E-01  1.37521E+00  3.03580E+00  0.00000E+00            142.EU 63.   4   4
 4 5  9.95886E-01  1.50176E+00  3.30920E+00  0.00000E+00            142.EU 63.   5   5
 4 6  2.08021E+00  1.54118E+00  3.39410E+00  0.00000E+00            142.EU 63.   6   6
 4 7  5.32613E-01  1.60769E+00  3.53710E+00  0.00000E+00            142.EU 63.   7   7
 4 8  1.46016E+00  1.69358E+00  3.72130E+00  0.00000E+00            142.EU 63.   8   8
 4 9  6.37126E-01  1.72174E+00  3.78160E+00  0.00000E+00            142.EU 63.   9   9
 410  3.09518E-01  1.77150E+00  3.88800E+00  0.00000E+00            142.EU 63.  10  10
 411  1.25918E+00  1.82157E+00  3.99490E+00  0.00000E+00            142.EU 63.  11  11
 412  2.10633E+00  1.91590E+00  4.19590E+00  0.00000E+00            142.EU 63.  12  12
 413  1.90937E+00  2.12015E+00  4.68800E+00  1.00000E+00            142.EU 63.  13  13
 414  6.96417E+01  2.17051E+00  4.73600E+00  0.00000E+00            142.EU 63.  14  14
 3 3  1.65516E+02  5.11000E-01  5.11000E-01  0.00000E+00            142.EU 63.  15   3
 1 1  8.34385E-02  2.41000E-02  2.41000E-02  0.00000E+00            142.EU 63.  16   1
 6 5  1.68033E-01  1.63977E-02  1.63977E-02  1.00000E+00            142.EU 63.  17   5
 6 6  3.08951E+01  1.67818E-02  1.67818E-02  1.00000E+00            142.EU 63.  18   6
 6 7  4.24908E+01  1.73921E-02  1.73921E-02  1.00000E+00            142.EU 63.  19   7
 6 3  1.69906E+01  2.26923E-02  2.26923E-02  1.00000E+00            142.EU 63.  20   3
 6 4  4.37197E+00  2.41000E-02  2.41000E-02  1.00000E+00            142.EU 63.  21   4
 1 2  1.10000E+00  2.00900E-01  2.00900E-01  0.00000E+00            142.EU 63.  22   2
 6 1  1.62934E-01  1.54024E-01  1.54024E-01  2.00000E+00            142.EU 63.  23   1
 6 5  1.70184E-02  1.93198E-01  1.93198E-01  2.00000E+00            142.EU 63.  24   5
 6 6  1.80678E-02  1.93582E-01  1.93582E-01  2.00000E+00            142.EU 63.  25   6
 6 7  1.51059E-02  1.94192E-01  1.94192E-01  2.00000E+00            142.EU 63.  26   7
 6 3  1.14303E-02  1.99492E-01  1.99492E-01  2.00000E+00            142.EU 63.  27   3
 6 4  3.02893E-03  2.00900E-01  2.00900E-01  2.00000E+00            142.EU 63.  28   4
 1 3  1.20000E+00  2.73800E-01  2.73800E-01  0.00000E+00            142.EU 63.  29   3
 6 1  6.91460E-02  2.26924E-01  2.26924E-01  3.00000E+00            142.EU 63.  30   1
 6 5  7.65059E-03  2.66098E-01  2.66098E-01  3.00000E+00            142.EU 63.  31   5
 6 6  5.10056E-03  2.66482E-01  2.66482E-01  3.00000E+00            142.EU 63.  32   6
 6 7  3.80371E-03  2.67092E-01  2.67092E-01  3.00000E+00            142.EU 63.  33   7
 6 3  3.71955E-03  2.72392E-01  2.72392E-01  3.00000E+00            142.EU 63.  34   3
 6 4  9.95778E-04  2.73800E-01  2.73800E-01  3.00000E+00            142.EU 63.  35   4
 1 4  7.50000E-01  4.74400E-01  4.74400E-01  0.00000E+00            142.EU 63.  36   4
 6 1  9.12751E-03  4.27524E-01  4.27524E-01  4.00000E+00            142.EU 63.  37   1
 6 5  1.08152E-03  4.66698E-01  4.66698E-01  4.00000E+00            142.EU 63.  38   5
 6 6  3.27693E-04  4.67082E-01  4.67082E-01  4.00000E+00            142.EU 63.  39   6
 6 7  1.99552E-04  4.67692E-01  4.67692E-01  4.00000E+00            142.EU 63.  40   7
 6 3  3.52605E-04  4.72992E-01  4.72992E-01  4.00000E+00            142.EU 63.  41   3
 6 4  9.62500E-05  4.74400E-01  4.74400E-01  4.00000E+00            142.EU 63.  42   4
 1 5  5.00000E+00  5.40000E-01  5.40000E-01  0.00000E+00            142.EU 63.  43   5
 6 1  7.77097E-02  4.93124E-01  4.93124E-01  5.00000E+00            142.EU 63.  44   1
 6 5  9.93026E-03  5.32298E-01  5.32298E-01  5.00000E+00            142.EU 63.  45   5
 6 6  5.46081E-04  5.32682E-01  5.32682E-01  5.00000E+00            142.EU 63.  46   6
 6 7  1.05165E-04  5.33292E-01  5.33292E-01  5.00000E+00            142.EU 63.  47   7
 6 3  2.26664E-03  5.38592E-01  5.38592E-01  5.00000E+00            142.EU 63.  48   3
 6 4  6.32195E-04  5.40000E-01  5.40000E-01  5.00000E+00            142.EU 63.  49   4
 1 6  8.66000E+01  5.56600E-01  5.56600E-01  0.00000E+00            142.EU 63.  50   6
 6 1  2.53941E-01  5.09724E-01  5.09724E-01  6.00000E+00            142.EU 63.  51   1
 6 5  2.98707E-02  5.48898E-01  5.48898E-01  6.00000E+00            142.EU 63.  52   5
 6 6  1.72509E-03  5.49282E-01  5.49282E-01  6.00000E+00            142.EU 63.  53   6
 6 7  1.92467E-03  5.49892E-01  5.49892E-01  6.00000E+00            142.EU 63.  54   7
 6 3  7.16176E-03  5.55192E-01  5.55192E-01  6.00000E+00            142.EU 63.  55   3
 6 4  1.98654E-03  5.56600E-01  5.56600E-01  6.00000E+00            142.EU 63.  56   4
 1 7  8.30000E+00  5.63700E-01  5.63700E-01  0.00000E+00            142.EU 63.  57   7
 6 1  6.49755E-02  5.16824E-01  5.16824E-01  7.00000E+00            142.EU 63.  58   1
 6 5  7.79520E-03  5.55998E-01  5.55998E-01  7.00000E+00            142.EU 63.  59   5
 6 6  1.84503E-03  5.56382E-01  5.56382E-01  7.00000E+00            142.EU 63.  60   6
 6 7  1.06375E-03  5.56992E-01  5.56992E-01  7.00000E+00            142.EU 63.  61   7
 6 3  2.33182E-03  5.62292E-01  5.62292E-01  7.00000E+00            142.EU 63.  62   3
 6 4  6.40009E-04  5.63700E-01  5.63700E-01  7.00000E+00            142.EU 63.  63   4
 1 8  4.40000E-01  5.80700E-01  5.80700E-01  0.00000E+00            142.EU 63.  64   8
 6 1  7.86368E-03  5.33824E-01  5.33824E-01  8.00000E+00            142.EU 63.  65   1
 6 5  9.91395E-04  5.72998E-01  5.72998E-01  8.00000E+00            142.EU 63.  66   5
 6 6  6.05571E-04  5.73382E-01  5.73382E-01  8.00000E+00            142.EU 63.  67   6
 6 7  2.33083E-04  5.73992E-01  5.73992E-01  8.00000E+00            142.EU 63.  68   7
 6 3  4.12096E-04  5.79292E-01  5.79292E-01  8.00000E+00            142.EU 63.  69   3
 6 4  1.11670E-04  5.80700E-01  5.80700E-01  8.00000E+00            142.EU 63.  70   4
 1 9  4.10000E+00  6.28700E-01  6.28700E-01  0.00000E+00            142.EU 63.  71   9
 6 1  2.45617E-02  5.81824E-01  5.81824E-01  9.00000E+00            142.EU 63.  72   1
 6 5  2.96458E-03  6.20998E-01  6.20998E-01  9.00000E+00            142.EU 63.  73   5
 6 6  6.00322E-04  6.21382E-01  6.21382E-01  9.00000E+00            142.EU 63.  74   6
 6 7  3.35777E-04  6.21992E-01  6.21992E-01  9.00000E+00            142.EU 63.  75   7
 6 3  8.46994E-04  6.27292E-01  6.27292E-01  9.00000E+00            142.EU 63.  76   3
 6 4  2.33191E-04  6.28700E-01  6.28700E-01  9.00000E+00            142.EU 63.  77   4
 110  1.70000E+00  7.41200E-01  7.41200E-01  0.00000E+00            142.EU 63.  78  10
 6 1  1.21011E-02  6.94324E-01  6.94324E-01  1.00000E+01            142.EU 63.  79   1
 6 5  1.54036E-03  7.33498E-01  7.33498E-01  1.00000E+01            142.EU 63.  80   5
 6 6  7.52528E-05  7.33882E-01  7.33882E-01  1.00000E+01            142.EU 63.  81   6
 6 7  1.54905E-05  7.34492E-01  7.34492E-01  1.00000E+01            142.EU 63.  82   7
 6 3  3.48844E-04  7.39792E-01  7.39792E-01  1.00000E+01            142.EU 63.  83   3
 6 4  9.73501E-05  7.41200E-01  7.41200E-01  1.00000E+01            142.EU 63.  84   4
 111  1.00000E+02  7.68000E-01  7.68000E-01  0.00000E+00            142.EU 63.  85  11
 6 1  3.75692E-01  7.21124E-01  7.21124E-01  1.10000E+01            142.EU 63.  86   1
 6 5  4.56984E-02  7.60298E-01  7.60298E-01  1.10000E+01            142.EU 63.  87   5
 6 6  6.95309E-03  7.60682E-01  7.60682E-01  1.10000E+01            142.EU 63.  88   6
 6 7  3.72322E-03  7.61292E-01  7.61292E-01  1.10000E+01            142.EU 63.  89   7
 6 3  1.21812E-02  7.66592E-01  7.66592E-01  1.10000E+01            142.EU 63.  90   3
 6 4  3.36989E-03  7.68000E-01  7.68000E-01  1.10000E+01            142.EU 63.  91   4
 112  4.20000E-01  8.32600E-01  8.32600E-01  0.00000E+00            142.EU 63.  92  12
 113  4.00000E-01  8.48000E-01  8.48000E-01  0.00000E+00            142.EU 63.  93  13
 6 1  1.20582E-03  8.01124E-01  8.01124E-01  1.30000E+01            142.EU 63.  94   1
 6 5  1.47021E-04  8.40298E-01  8.40298E-01  1.30000E+01            142.EU 63.  95   5
 6 6  1.94368E-05  8.40682E-01  8.40682E-01  1.30000E+01            142.EU 63.  96   6
 6 7  1.02481E-05  8.41292E-01  8.41292E-01  1.30000E+01            142.EU 63.  97   7
 6 3  3.81078E-05  8.46592E-01  8.46592E-01  1.30000E+01            142.EU 63.  98   3
 6 4  1.05627E-05  8.48000E-01  8.48000E-01  1.30000E+01            142.EU 63.  99   4
 114  6.90000E-01  8.86700E-01  8.86700E-01  0.00000E+00            142.EU 63. 100  14
 6 1  1.88776E-03  8.39824E-01  8.39824E-01  1.40000E+01            142.EU 63. 101   1
 6 5  2.30345E-04  8.78998E-01  8.78998E-01  1.40000E+01            142.EU 63. 102   5
 6 6  2.85985E-05  8.79382E-01  8.79382E-01  1.40000E+01            142.EU 63. 103   6
 6 7  1.49931E-05  8.79992E-01  8.79992E-01  1.40000E+01            142.EU 63. 104   7
 6 3  5.90316E-05  8.85292E-01  8.85292E-01  1.40000E+01            142.EU 63. 105   3
 6 4  1.63746E-05  8.86700E-01  8.86700E-01  1.40000E+01            142.EU 63. 106   4
 115  5.00000E-01  9.06400E-01  9.06400E-01  0.00000E+00            142.EU 63. 107  15
 6 1  1.30477E-03  8.59524E-01  8.59524E-01  1.50000E+01            142.EU 63. 108   1
 6 5  1.59258E-04  8.98698E-01  8.98698E-01  1.50000E+01            142.EU 63. 109   5
 6 6  1.91729E-05  8.99082E-01  8.99082E-01  1.50000E+01            142.EU 63. 110   6
 6 7  1.00264E-05  8.99692E-01  8.99692E-01  1.50000E+01            142.EU 63. 111   7
 6 3  4.05974E-05  9.04992E-01  9.04992E-01  1.50000E+01            142.EU 63. 112   3
 6 4  1.12650E-05  9.06400E-01  9.06400E-01  1.50000E+01            142.EU 63. 113   4
 116  5.80000E-01  9.54300E-01  9.54300E-01  0.00000E+00            142.EU 63. 114  16
 6 1  5.65569E-04  9.07424E-01  9.07424E-01  1.60000E+01            142.EU 63. 115   1
 6 5  6.76959E-05  9.46598E-01  9.46598E-01  1.60000E+01            142.EU 63. 116   5
 6 6  2.53916E-06  9.46982E-01  9.46982E-01  1.60000E+01            142.EU 63. 117   6
 6 7  2.96871E-06  9.47592E-01  9.47592E-01  1.60000E+01            142.EU 63. 118   7
 6 3  1.55403E-05  9.52892E-01  9.52892E-01  1.60000E+01            142.EU 63. 119   3
 6 4  4.32138E-06  9.54300E-01  9.54300E-01  1.60000E+01            142.EU 63. 120   4
 117  2.40000E-01  9.82000E-01  9.82000E-01  0.00000E+00            142.EU 63. 121  17
 6 1  2.21738E-04  9.35124E-01  9.35124E-01  1.70000E+01            142.EU 63. 122   1
 6 5  2.65587E-05  9.74298E-01  9.74298E-01  1.70000E+01            142.EU 63. 123   5
 6 6  9.72704E-07  9.74682E-01  9.74682E-01  1.70000E+01            142.EU 63. 124   6
 6 7  1.14285E-06  9.75292E-01  9.75292E-01  1.70000E+01            142.EU 63. 125   7
 6 3  6.08606E-06  9.80592E-01  9.80592E-01  1.70000E+01            142.EU 63. 126   3
 6 4  1.69195E-06  9.82000E-01  9.82000E-01  1.70000E+01            142.EU 63. 127   4
 118  1.10000E+01  1.01610E+00  1.01610E+00  0.00000E+00            142.EU 63. 128  18
 6 1  9.53479E-03  9.69224E-01  9.69224E-01  1.80000E+01            142.EU 63. 129   1
 6 5  1.14282E-03  1.00840E+00  1.00840E+00  1.80000E+01            142.EU 63. 130   5
 6 6  4.06823E-05  1.00878E+00  1.00878E+00  1.80000E+01            142.EU 63. 131   6
 6 7  4.80969E-05  1.00939E+00  1.00939E+00  1.80000E+01            142.EU 63. 132   7
 6 3  2.61358E-04  1.01469E+00  1.01469E+00  1.80000E+01            142.EU 63. 133   3
 6 4  7.26396E-05  1.01610E+00  1.01610E+00  1.80000E+01            142.EU 63. 134   4
 119  9.20000E+01  1.02330E+00  1.02330E+00  0.00000E+00            142.EU 63. 135  19
 6 1  1.85929E-01  9.76424E-01  9.76424E-01  1.90000E+01            142.EU 63. 136   1
 6 5  2.27172E-02  1.01560E+00  1.01560E+00  1.90000E+01            142.EU 63. 137   5
 6 6  2.31131E-03  1.01598E+00  1.01598E+00  1.90000E+01            142.EU 63. 138   6
 6 7  1.19638E-03  1.01659E+00  1.01659E+00  1.90000E+01            142.EU 63. 139   7
 6 3  5.64062E-03  1.02189E+00  1.02189E+00  1.90000E+01            142.EU 63. 140   3
 6 4  1.56754E-03  1.02330E+00  1.02330E+00  1.90000E+01            142.EU 63. 141   4
 120  3.50000E-01  1.15100E+00  1.15100E+00  0.00000E+00            142.EU 63. 142  20
 6 1  5.57373E-04  1.10412E+00  1.10412E+00  2.00000E+01            142.EU 63. 143   1
 6 5  6.80145E-05  1.14330E+00  1.14330E+00  2.00000E+01            142.EU 63. 144   5
 6 6  5.89875E-06  1.14368E+00  1.14368E+00  2.00000E+01            142.EU 63. 145   6
 6 7  3.04109E-06  1.14429E+00  1.14429E+00  2.00000E+01            142.EU 63. 146   7
 6 3  1.65369E-05  1.14959E+00  1.14959E+00  2.00000E+01            142.EU 63. 147   3
 6 4  4.59939E-06  1.15100E+00  1.15100E+00  2.00000E+01            142.EU 63. 148   4
 121  3.90000E-01  1.19880E+00  1.19880E+00  0.00000E+00            142.EU 63. 149  21
 6 1  5.72841E-04  1.15192E+00  1.15192E+00  2.10000E+01            142.EU 63. 150   1
 6 5  6.98687E-05  1.19110E+00  1.19110E+00  2.10000E+01            142.EU 63. 151   5
 6 6  5.73928E-06  1.19148E+00  1.19148E+00  2.10000E+01            142.EU 63. 152   6
 6 7  2.95888E-06  1.19209E+00  1.19209E+00  2.10000E+01            142.EU 63. 153   7
 6 3  1.68807E-05  1.19739E+00  1.19739E+00  2.10000E+01            142.EU 63. 154   3
 6 4  4.69556E-06  1.19880E+00  1.19880E+00  2.10000E+01            142.EU 63. 155   4
 122  4.70000E-01  1.21200E+00  1.21200E+00  0.00000E+00            142.EU 63. 156  22
 123  2.98000E+00  1.34190E+00  1.34190E+00  0.00000E+00            142.EU 63. 157  23
 6 1  3.51236E-03  1.29502E+00  1.29502E+00  2.30000E+01            142.EU 63. 158   1
 6 5  4.27849E-04  1.33420E+00  1.33420E+00  2.30000E+01            142.EU 63. 159   5
 6 6  3.03230E-05  1.33458E+00  1.33458E+00  2.30000E+01            142.EU 63. 160   6
 6 7  1.56929E-05  1.33519E+00  1.33519E+00  2.30000E+01            142.EU 63. 161   7
 6 3  1.01811E-04  1.34049E+00  1.34049E+00  2.30000E+01            142.EU 63. 162   3
 6 4  2.83158E-05  1.34190E+00  1.34190E+00  2.30000E+01            142.EU 63. 163   4
 124  7.80000E-01  1.42680E+00  1.42680E+00  0.00000E+00            142.EU 63. 164  24
 6 1  8.17355E-04  1.37992E+00  1.37992E+00  2.40000E+01            142.EU 63. 165   1
 6 5  9.95128E-05  1.41910E+00  1.41910E+00  2.40000E+01            142.EU 63. 166   5
 6 6  6.52163E-06  1.41948E+00  1.41948E+00  2.40000E+01            142.EU 63. 167   6
 6 7  3.39023E-06  1.42009E+00  1.42009E+00  2.40000E+01            142.EU 63. 168   7
 6 3  2.35165E-05  1.42539E+00  1.42539E+00  2.40000E+01            142.EU 63. 169   3
 6 4  6.53785E-06  1.42680E+00  1.42680E+00  2.40000E+01            142.EU 63. 170   4
 125  2.90000E-01  1.65210E+00  1.65210E+00  0.00000E+00            142.EU 63. 171  25
 6 1  1.07643E-04  1.60522E+00  1.60522E+00  2.50000E+01            142.EU 63. 172   1
 6 5  1.28201E-05  1.64440E+00  1.64440E+00  2.50000E+01            142.EU 63. 173   5
 6 6  3.08256E-07  1.64478E+00  1.64478E+00  2.50000E+01            142.EU 63. 174   6
 6 7  4.18971E-07  1.64539E+00  1.64539E+00  2.50000E+01            142.EU 63. 175   7
 6 3  2.88581E-06  1.65069E+00  1.65069E+00  2.50000E+01            142.EU 63. 176   3
 6 4  7.95127E-07  1.65210E+00  1.65210E+00  2.50000E+01            142.EU 63. 177   4
 126  8.30000E-01  1.70010E+00  1.70010E+00  0.00000E+00            142.EU 63. 178  26
 6 1  8.50335E-04  1.65322E+00  1.65322E+00  2.60000E+01            142.EU 63. 179   1
 6 5  1.06136E-04  1.69240E+00  1.69240E+00  2.60000E+01            142.EU 63. 180   5
 6 6  3.53734E-06  1.69278E+00  1.69278E+00  2.60000E+01            142.EU 63. 181   6
 6 7  1.10465E-06  1.69339E+00  1.69339E+00  2.60000E+01            142.EU 63. 182   7
 6 3  2.36503E-05  1.69869E+00  1.69869E+00  2.60000E+01            142.EU 63. 183   3
 6 4  6.57111E-06  1.70010E+00  1.70010E+00  2.60000E+01            142.EU 63. 184   4
 127  1.20000E-01  1.72450E+00  1.72450E+00  0.00000E+00            142.EU 63. 185  27
 6 1  8.81068E-05  1.67762E+00  1.67762E+00  2.70000E+01            142.EU 63. 186   1
 6 5  1.07316E-05  1.71680E+00  1.71680E+00  2.70000E+01            142.EU 63. 187   5
 6 6  5.57903E-07  1.71718E+00  1.71718E+00  2.70000E+01            142.EU 63. 188   6
 6 7  2.97303E-07  1.71779E+00  1.71779E+00  2.70000E+01            142.EU 63. 189   7
 6 3  2.49558E-06  1.72309E+00  1.72309E+00  2.70000E+01            142.EU 63. 190   3
 6 4  6.77976E-07  1.72450E+00  1.72450E+00  2.70000E+01            142.EU 63. 191   4
 128  2.00000E-01  1.72850E+00  1.72850E+00  0.00000E+00            142.EU 63. 192  28
 129  4.40000E-01  1.83860E+00  1.83860E+00  0.00000E+00            142.EU 63. 193  29
 6 1  2.87009E-04  1.79172E+00  1.79172E+00  2.90000E+01            142.EU 63. 194   1
 6 5  3.50000E-05  1.83090E+00  1.83090E+00  2.90000E+01            142.EU 63. 195   5
 6 6  1.68913E-06  1.83128E+00  1.83128E+00  2.90000E+01            142.EU 63. 196   6
 6 7  9.11194E-07  1.83189E+00  1.83189E+00  2.90000E+01            142.EU 63. 197   7
 6 3  8.10846E-06  1.83719E+00  1.83719E+00  2.90000E+01            142.EU 63. 198   3
 6 4  2.19176E-06  1.83860E+00  1.83860E+00  2.90000E+01            142.EU 63. 199   4
 130  1.50000E-01  1.88900E+00  1.88900E+00  0.00000E+00            142.EU 63. 200  30
 6 1  4.46773E-05  1.84212E+00  1.84212E+00  3.00000E+01            142.EU 63. 201   1
 6 5  5.29672E-06  1.88130E+00  1.88130E+00  3.00000E+01            142.EU 63. 202   5
 6 6  1.15291E-07  1.88168E+00  1.88168E+00  3.00000E+01            142.EU 63. 203   6
 6 7  1.65997E-07  1.88229E+00  1.88229E+00  3.00000E+01            142.EU 63. 204   7
 6 3  1.19285E-06  1.88759E+00  1.88759E+00  3.00000E+01            142.EU 63. 205   3
 6 4  3.29498E-07  1.88900E+00  1.88900E+00  3.00000E+01            142.EU 63. 206   4
 131  5.10000E-01  1.93760E+00  1.93760E+00  0.00000E+00            142.EU 63. 207  31
 6 1  3.89325E-04  1.89072E+00  1.89072E+00  3.10000E+01            142.EU 63. 208   1
 6 5  4.86572E-05  1.92990E+00  1.92990E+00  3.10000E+01            142.EU 63. 209   5
 6 6  1.51350E-06  1.93028E+00  1.93028E+00  3.10000E+01            142.EU 63. 210   6
 6 7  5.27548E-07  1.93089E+00  1.93089E+00  3.10000E+01            142.EU 63. 211   7
 6 3  1.07843E-05  1.93619E+00  1.93619E+00  3.10000E+01            142.EU 63. 212   3
 6 4  2.99424E-06  1.93760E+00  1.93760E+00  3.10000E+01            142.EU 63. 213   4
 132  6.40000E-01  2.25840E+00  2.25840E+00  0.00000E+00            142.EU 63. 214  32
 6 1  2.85507E-04  2.21152E+00  2.21152E+00  3.20000E+01            142.EU 63. 215   1
 6 5  3.30058E-05  2.25070E+00  2.25070E+00  3.20000E+01            142.EU 63. 216   5
 6 6  1.18487E-06  2.25108E+00  2.25108E+00  3.20000E+01            142.EU 63. 217   6
 6 7  6.23837E-07  2.25169E+00  2.25169E+00  3.20000E+01            142.EU 63. 218   7
 6 3  7.50099E-06  2.25699E+00  2.25699E+00  3.20000E+01            142.EU 63. 219   3
 6 4  2.02814E-06  2.25840E+00  2.25840E+00  3.20000E+01            142.EU 63. 220   4
 2 1  4.21498E+00  3.95578E-02  3.95578E-02  0.00000E+00            142.EU 63. 221   1
 2 2  7.62921E+00  4.01680E-02  4.01680E-02  0.00000E+00            142.EU 63. 222   2
 2 3  7.64536E-01  4.53440E-02  4.53440E-02  0.00000E+00            142.EU 63. 223   3
 2 4  1.47919E+00  4.54683E-02  4.54683E-02  0.00000E+00            142.EU 63. 224   4
 2 5  1.07773E-02  4.57630E-02  4.57630E-02  0.00000E+00            142.EU 63. 225   5
 2 6  1.43155E-02  4.57901E-02  4.57901E-02  0.00000E+00            142.EU 63. 226   6
 2 7  1.65796E-01  4.65986E-02  4.65986E-02  0.00000E+00            142.EU 63. 227   7
 2 8  3.21857E-01  4.66259E-02  4.66259E-02  0.00000E+00            142.EU 63. 228   8
 2 9  2.36624E-03  4.67346E-02  4.67346E-02  0.00000E+00            142.EU 63. 229   9
 210  3.13498E-03  4.67395E-02  4.67395E-02  0.00000E+00            142.EU 63. 230  10
 211  3.34648E-02  4.68462E-02  4.68462E-02  0.00000E+00            142.EU 63. 231  11
 212  6.76913E-02  4.68499E-02  4.68499E-02  0.00000E+00            142.EU 63. 232  12
 221  5.61296E-05  3.84100E-04  3.84100E-04  0.00000E+00            142.EU 63. 233  21
 222  2.18399E-03  9.94400E-04  9.94400E-04  0.00000E+00            142.EU 63. 234  22
 223  6.26560E-02  6.17039E-03  6.17039E-03  0.00000E+00            142.EU 63. 235  23
 224  9.13999E-02  6.29460E-03  6.29460E-03  0.00000E+00            142.EU 63. 236  24
 225  1.25038E-03  6.58940E-03  6.58940E-03  0.00000E+00            142.EU 63. 237  25
 226  1.87020E-03  6.61651E-03  6.61651E-03  0.00000E+00            142.EU 63. 238  26
 227  1.46731E-02  7.42487E-03  7.42487E-03  0.00000E+00            142.EU 63. 239  27
 228  2.22374E-02  7.45223E-03  7.45223E-03  0.00000E+00            142.EU 63. 240  28
 229  1.68352E-04  7.56090E-03  7.56090E-03  0.00000E+00            142.EU 63. 241  29
 230  2.58797E-04  7.56578E-03  7.56578E-03  0.00000E+00            142.EU 63. 242  30
 231  2.07594E-03  7.67250E-03  7.67250E-03  0.00000E+00            142.EU 63. 243  31
 232  3.06608E-03  7.67628E-03  7.67628E-03  0.00000E+00            142.EU 63. 244  32
 241  1.34230E-05  6.10300E-04  6.10300E-04  0.00000E+00            142.EU 63. 245  41
 242  1.78452E-01  5.61811E-03  5.61811E-03  0.00000E+00            142.EU 63. 246  42
 243  3.34769E-03  5.91050E-03  5.91050E-03  0.00000E+00            142.EU 63. 247  43
 244  4.59482E+00  6.20530E-03  6.20530E-03  0.00000E+00            142.EU 63. 248  44
 245  3.29148E-02  6.97543E-03  6.97543E-03  0.00000E+00            142.EU 63. 249  45
 246  6.63100E-04  7.06815E-03  7.06815E-03  0.00000E+00            142.EU 63. 250  46
 247  7.88999E-01  7.17682E-03  7.17682E-03  0.00000E+00            142.EU 63. 251  47
 248  3.65812E-04  7.30883E-03  7.30883E-03  0.00000E+00            142.EU 63. 252  48
 249  5.39781E-03  7.27045E-03  7.27045E-03  0.00000E+00            142.EU 63. 253  49
 250  1.41573E-04  7.29218E-03  7.29218E-03  0.00000E+00            142.EU 63. 254  50
 261  5.26368E-01  5.00780E-03  5.00780E-03  0.00000E+00            142.EU 63. 255  61
 262  3.40473E-03  5.17600E-03  5.17600E-03  0.00000E+00            142.EU 63. 256  62
 263  3.11230E-03  5.30020E-03  5.30020E-03  0.00000E+00            142.EU 63. 257  63
 264  6.91679E-01  5.59500E-03  5.59500E-03  0.00000E+00            142.EU 63. 258  64
 265  6.11920E+00  5.62210E-03  5.62210E-03  0.00000E+00            142.EU 63. 259  65
 266  6.50756E-02  6.36514E-03  6.36514E-03  0.00000E+00            142.EU 63. 260  66
 267  4.83289E-04  6.43047E-03  6.43047E-03  0.00000E+00            142.EU 63. 261  67
 268  4.66810E-04  6.45784E-03  6.45784E-03  0.00000E+00            142.EU 63. 262  68
 269  1.14102E-01  6.56650E-03  6.56650E-03  0.00000E+00            142.EU 63. 263  69
 270  1.02045E+00  6.57141E-03  6.57141E-03  0.00000E+00            142.EU 63. 264  70
 271  8.69861E-05  6.69852E-03  6.69852E-03  0.00000E+00            142.EU 63. 265  71
 272  4.98157E-04  6.69915E-03  6.69915E-03  0.00000E+00            142.EU 63. 266  72
 273  1.17011E-02  6.66016E-03  6.66016E-03  0.00000E+00            142.EU 63. 267  73
 274  1.04381E-04  6.67812E-03  6.67812E-03  0.00000E+00            142.EU 63. 268  74
 275  9.02668E-05  6.68187E-03  6.68187E-03  0.00000E+00            142.EU 63. 269  75
 291  1.22434E+00  9.68311E-04  9.68311E-04  0.00000E+00            142.EU 63. 270  91
 292  3.10342E-02  1.45075E-04  1.45075E-04  0.00000E+00            142.EU 63. 271  92
 293  5.90620E-06  2.08988E-05  2.08988E-05  0.00000E+00            142.EU 63. 272  93
 294  1.01927E+03  1.45201E-05  1.45201E-05  0.00000E+00            142.EU 63. 273  94
 7 1  7.27600E-01  3.25196E-02  3.25196E-02  0.00000E+00            142.EU 63. 274   1
 7 2  3.54519E-01  3.84443E-02  3.84443E-02  0.00000E+00            142.EU 63. 275   2
 7 3  4.14048E-02  4.43732E-02  4.43732E-02  0.00000E+00            142.EU 63. 276   3
 7 4  7.67031E+00  4.46355E-04  4.46355E-04  0.00000E+00            142.EU 63. 277   4
 7 5  5.48327E+01  4.43940E-03  4.43940E-03  0.00000E+00            142.EU 63. 278   5
 7 6  1.87219E+01  5.48551E-03  5.48551E-03  0.00000E+00            142.EU 63. 279   6
 7 7  1.59243E+00  6.56291E-03  6.56291E-03  0.00000E+00            142.EU 63. 280   7
 7 8  6.66088E+01  1.70642E-04  1.70642E-04  0.00000E+00            142.EU 63. 281   8
 7 9  1.49764E+02  8.03037E-04  8.03037E-04  0.00000E+00            142.EU 63. 282   9
 710  9.55540E+00  9.71283E-04  9.71283E-04  0.00000E+00            142.EU 63. 283  10
 711  2.75793E-01  1.15639E-03  1.15639E-03  0.00000E+00            142.EU 63. 284  11
 712  4.25118E+02  1.06844E-04  1.06844E-04  0.00000E+00            142.EU 63. 285  12
 713  6.58096E+01  9.32067E-05  9.32067E-05  0.00000E+00            142.EU 63. 286  13
 714  7.90561E+01  1.51033E-05  1.51033E-05  0.00000E+00            142.EU 63. 287  14
 715  6.29794E-01  3.75600E-05  3.75600E-05  0.00000E+00            142.EU 63. 288  15
%%%% 142 EU  63 M  EC B+        7.33800E+01 1.223 M    18-07-2007       SEEIEND 
 


   ***************************************************** 
   *                 Radiation Summary                 * 
   ***************************************************** 
 
  Energy released by
    Gamma-ray                       (MeV) =   2.56500E+00
    X-ray                           (MeV) =   6.90854E-03
    Free-bound X-ray                (MeV) =   1.47999E-04
    Annihilation photon             (MeV) =   8.45787E-01
    Beta+ particle                  (MeV) =   1.73575E+00
    Neutrino                        (MeV) =   2.98116E+00
    Beta- particle                  (MeV) =   0.00000E+00
    Neutrino-                       (MeV) =   0.00000E+00
    Internal conv. electron         (MeV) =   2.65744E-02
    Auger and CK electron           (MeV) =   5.93131E-03
    Alpha particle                  (MeV) =   0.00000E+00
    Recoil nucleus                  (MeV) =   0.00000E+00
  E-total (except unplaced radiat.) (MeV) =   8.16725E+00
  E-unplaced radiation              (MeV) =   1.26503E-02
  Q-value from ENSDF data           (MeV) =   8.13000E+00
  Ratio of E-total/Q-value          ( % ) =   1.00458E+02
  Ratio of E-unplaced radi./Q-value ( % ) =   1.55600E-01

 
  Total yield of
    Gamma-ray                             =   3.22163E+00
    X-ray                                 =   3.03265E-01
    Free-bound X-ray                      =   1.01927E+01
    Annihilation photon                   =   1.65516E+00
    Beta+ particle                        =   8.27580E-01
    Beta- particle                        =   0.00000E+00
    Internal conv. electron               =   9.64591E-01
    Auger and CK electron                 =   8.80758E+00
    Alpha particle                        =   0.00000E+00
  Yield of unplaced radiation             =   1.09000E-02


