%%%% 253 FM 100    EC A         2.59200E+05 3.00 D     02-11-2005       BALASTAR
1 253   FM 100 3.00 D          EC A       
           WARNING:                                                                             
 253 ES 99  GAMMA-RAY ENERGY =   0.10600 MEV                                                    
           HALF-LIFE OF INITIAL LEVEL ASSOCIATED WITH GAMMA-RAY TOO SHORT TO BE                 
           CONSIDERED ISOMERIC, AND INTENSITY = 0.0                                             
           TRANSITION IGNORED                                                                   
           WARNING:                                                                             
 249 CF 98  GAMMA-RAY ENERGY =   0.04300 MEV                                                    
           HALF-LIFE OF INITIAL LEVEL ASSOCIATED WITH GAMMA-RAY TOO SHORT TO BE                 
           CONSIDERED ISOMERIC, AND INTENSITY = 0.0                                             
           TRANSITION IGNORED                                                                   
           WARNING:                                                                             
 249 CF 98  GAMMA-RAY ENERGY =   0.05514 MEV                                                    
           HALF-LIFE OF INITIAL LEVEL ASSOCIATED WITH GAMMA-RAY TOO SHORT TO BE                 
           CONSIDERED ISOMERIC, AND INTENSITY = 0.0                                             
           TRANSITION IGNORED                                                                   
           WARNING:                                                                             
 249 CF 98  GAMMA-RAY ENERGY =   0.06247 MEV                                                    
           HALF-LIFE OF INITIAL LEVEL ASSOCIATED WITH GAMMA-RAY TOO SHORT TO BE                 
           CONSIDERED ISOMERIC, AND INTENSITY = 0.0                                             
           TRANSITION IGNORED                                                                   
           WARNING:                                                                             
 249 CF 98  GAMMA-RAY ENERGY =   0.13400 MEV                                                    
           HALF-LIFE OF INITIAL LEVEL ASSOCIATED WITH GAMMA-RAY TOO SHORT TO BE                 
           CONSIDERED ISOMERIC, AND INTENSITY = 0.0                                             
           TRANSITION IGNORED                                                                   
1INTENSITY AND ENERGY BALANCE DATA

              253-FERMIUM-100
+                                    HALFLIFE = 3 DAYS    
+                                                                  02-11-2005


    LEVEL       INTENSITY   INTENSITY
    ENERGY      ENTERING    LEAVING     PERCENT
    (MEV)       LEVEL       LEVEL       ERROR

   0.0000E+00  8.8000E+01
   1.0600E-01  8.8000E+01  8.8000E+01  0.0000E+00                      
   0.0000E+00  1.3576E+01
   6.2480E-02  8.0561E-01  0.0000E+00  2.0000E+02  ********************
   1.4498E-01  8.8773E+00  1.3419E+01  4.0743E+01  ********************
   1.8797E-01  1.1784E+00  0.0000E+00  2.0000E+02  ********************
   2.2000E-01  1.0822E-01  0.0000E+00  2.0000E+02  ********************
   2.4313E-01  1.0100E+00  0.0000E+00  2.0000E+02  ********************
   4.1680E-01  2.7896E+00  3.6494E+00  2.6707E+01  ********************
   4.4000E-01  2.8858E-01  0.0000E+00  2.0000E+02  ********************
   4.6000E-01  3.1263E-01  0.0000E+00  2.0000E+02  ********************
   5.5000E-01  1.8036E-01  9.3650E-02  6.3290E+01  ********************
   6.0600E-01  3.6072E-02  0.0000E+00  2.0000E+02  ********************


 INTENSITY TO GROUND AND ISOMERIC STATE(S) OF DAUGHTER(S)=  1.016E+02
 TOTAL INTENSITY FROM PARENT=  1.000E+02
 PERCENT ERROR =  1.551E+00                      


 TOTAL INTENSITY FROM PARENT =  1.000E+02
 VALUE IS WITHIN   7.63E-06% OF 100                      


 TOTAL ENERGY AVAILABLE =  1.158E+00 MEV
 TOTAL ENERGY CONTENT OF ALL RADIATIONS =  1.159E+00 MEV
 PERCENT ERROR =  1.146E-01                      
%%%% 253 FM 100    EC A         2.59200E+05 3.00 D     02-11-2005       BALAEND 
%%%% 253 FM 100    EC A         2.59200E+05 3.00 D     02-11-2005       INPUSTAR
1                                      **INPUT DATA**
              253-FERMIUM-100
+                                    HALFLIFE = 3 DAYS    
+                                                                  02-11-2005

            MODES OF DECAY: ELECTRON CAPTURE, ALPHA
 
                                MEAN
                                NUMBER/    TRANSITION
                TYPE OF    ID   TRANSFOR-  ENERGY
              TRANSITION   NO.  MATION     (MEV)       OTHER NUCLEAR PARAMETERS

           ELECT. CAPTURE   1   8.80E-01   2.280E-01   FIRST FORBIDDEN                          
           I.C.E. + GAMMA   2   8.80E-01   1.060E-01   M2 MULTIPOLE                             
+                                                                    AK= 0.0                    
                                                       AL1=35.1      AL2=3.65                   
                                                       AL3=9.18      AM= 13.8                   
                                                       AN+=5.31                                 
                    ALPHA   1   3.61E-04   6.591E+00                                            
                    ALPHA   2   1.80E-03   6.647E+00                                            
                    ALPHA   3   3.13E-03   6.737E+00                                            
                    ALPHA   4   2.89E-03   6.757E+00                                            
                    ALPHA   5   2.79E-02   6.780E+00                                            
                    ALPHA   6   1.01E-02   6.954E+00                                            
                    ALPHA   7   1.08E-03   6.977E+00                                            
                    ALPHA   8   1.18E-02   7.009E+00                                            
                    ALPHA   9   5.13E-02   7.052E+00                                            
                    ALPHA  10   8.06E-03   7.135E+00                                            
                    ALPHA  11   1.56E-03   7.197E+00                                            
           I.C.E. + GAMMA   5   1.34E-01   1.448E-01   M2+E3 MULTIPOLE                          
                                                       MRS=0.152     AK= 33.2                   
                                                       AL1=14.5      AL2=6.34                   
                                                       AL3=4.67      AM= 7.35                   
                                                       AN+=2.81                                 
           I.C.E. + GAMMA   6   3.65E-02   2.718E-01   E2 MULTIPOLE                             
+                                                                    AK= 0.0955                 
                                                       AL1=0.0296    AL2=0.131                  
                                                       AL3=0.0467    AM= 0.0582                 
                                                       AN+=0.0216                               
           I.C.E. + GAMMA   7   9.37E-04   4.050E-01   E2 MULTIPOLE                             
+                                                                    AK= 0.0512                 
                                                       AL1=0.0121    AL2=0.0268                 
                                                       AL3=0.00731   AM= 0.0127                 
                                                       AN+=0.00473                              
 
           - - - - - - - - - -
           Reference: Evaluated Nuclear Structure Data File (ENSDF)
                DATE DATA WERE ENTERED INTO ENSDF: Nov-1999
%%%% 253 FM 100    EC A         2.59200E+05 3.00 D     02-11-2005       INPUEND 
%%%% 253 FM 100    EC A         2.59200E+05 3.00 D     02-11-2005       OUTPSTAR
1                                      **OUTPUT DATA**
              253-FERMIUM-100
+                                    HALFLIFE = 3 DAYS    
+                                                                  02-11-2005

            MODES OF DECAY: ELECTRON CAPTURE, ALPHA
 
                                              MEAN
                                              NUMBER/                  MEV/
                                         ID   TRANSFOR-   ENERGY       TRANSFOR-
                  TYPE OF RADIATION      NO.  MATION      (MEV)        MATION

           GAMMA-RAY                      2   1.29E-02    1.060E-01    1.37E-03
           L1 CONV. ELECTRON, GAMMA-RAY   2   4.54E-01    7.918E-02    3.60E-02
           L2 CONV. ELECTRON, GAMMA-RAY   2   4.72E-02    7.999E-02    3.78E-03
           L3 CONV. ELECTRON, GAMMA-RAY   2   1.19E-01    8.559E-02    1.02E-02
           M CONV. ELECTRON, GAMMA-RAY    2   1.78E-01    1.008E-01*   1.79E-02
           N+ CONV. ELECTRON, GAMMA-RAY   2   6.87E-02    1.060E-01*   7.28E-03
           K -L2 X-RAY                        9.59E-02    1.131E-01    1.08E-02
           K -L3 X-RAY                        1.47E-01    1.187E-01    1.75E-02
           K -M2 X-RAY                        1.73E-02    1.325E-01    2.29E-03
           K -M3 X-RAY                        3.43E-02    1.339E-01    4.59E-03
           K -M4 X-RAY                        7.08E-04    1.345E-01    9.52E-05
           K -M5 X-RAY                        7.70E-04    1.347E-01    1.04E-04
           K -N2 X-RAY                        4.42E-03    1.374E-01    6.08E-04
           K -N3 X-RAY                        9.22E-03    1.378E-01    1.27E-03
           K -O2 X-RAY                        1.14E-03    1.388E-01    1.58E-04
           K -O3 X-RAY                        2.35E-03    1.388E-01    3.26E-04
           L1-L3 X-RAY                        1.43E-02    6.415E-03    9.17E-05
           L1-M2 X-RAY                        6.20E-02    2.026E-02    1.26E-03
           L1-M3 X-RAY                        4.34E-02    2.158E-02    9.37E-04
           L1-M4 X-RAY                        3.35E-03    2.220E-02    7.44E-05
           L1-M5 X-RAY                        4.97E-03    2.245E-02    1.12E-04
           L1-N2 X-RAY                        1.71E-02    2.515E-02    4.31E-04
           L1-N3 X-RAY                        1.44E-02    2.551E-02    3.67E-04
           L1-O2 X-RAY                        4.48E-03    2.647E-02    1.19E-04
           L1-03 X-RAY                        3.83E-03    2.656E-02    1.02E-04
           L2-M4 X-RAY                        9.20E-02    2.138E-02    1.97E-03
           L2-N4 X-RAY                        2.22E-02    2.498E-02    5.54E-04
           L2-O4 X-RAY                        4.76E-03    2.586E-02    1.23E-04
           L3-M1 X-RAY                        2.15E-02    1.346E-02    2.89E-04
           L3-M4 X-RAY                        3.15E-02    1.578E-02    4.97E-04
           L3-M5 X-RAY                        2.76E-01    1.604E-02    4.43E-03
           L3-N1 X-RAY                        5.54E-03    1.855E-02    1.03E-04
           L3-N4 X-RAY                        6.56E-03    1.939E-02    1.27E-04
           L3-N5 X-RAY                        6.07E-02    1.945E-02    1.18E-03
           L3-O5 X-RAY                        1.26E-02    2.027E-02    2.56E-04
           M X-RAY                            1.47E-01    3.964E-03    5.83E-04
           Free-Bound X-RAY                   1.96E+01    7.547E-05    1.48E-03
           AUGER KLL                          5.47E-03    8.882E-02*   4.86E-04
           AUGER KLX                          3.20E-03    1.089E-01*   3.48E-04
           CK LLX                             5.63E-01    2.628E-03*   1.48E-03
           AUGER LMM                          3.53E-01    1.199E-02*   4.23E-03
           AUGER LMX                          1.91E-01    1.612E-02*   3.08E-03
           AUGER LXY                          2.43E-02    2.032E-02*   4.93E-04
           CK MMX                             1.04E+00    7.034E-04*   7.33E-04
           AUGER MNN                          1.60E+00    2.852E-03*   4.57E-03
           AUGER MNX                          4.01E-01    3.550E-03*   1.42E-03
           AUGER MXY                          2.66E-02    4.335E-03*   1.15E-04
           CK NNX                             3.16E+00    1.935E-04*   6.12E-04
           AUGER NXY                          5.20E+00    3.649E-04*   1.90E-03
           CK OOX                             5.27E+00    1.208E-04*   6.37E-04
           ALPHA                          1   3.61E-04    6.487E+00    2.34E-03
           RECOIL ATOM                        3.61E-04    1.043E-01    3.76E-05
           ALPHA                          2   1.80E-03    6.542E+00    1.18E-02
           RECOIL ATOM                        1.80E-03    1.052E-01    1.90E-04
           ALPHA                          3   3.13E-03    6.630E+00    2.07E-02
           RECOIL ATOM                        3.13E-03    1.066E-01    3.33E-04
           ALPHA                          4   2.89E-03    6.650E+00    1.92E-02
           RECOIL ATOM                        2.89E-03    1.069E-01    3.08E-04
           ALPHA                          5   2.79E-02    6.673E+00    1.86E-01
           RECOIL ATOM                        2.79E-02    1.073E-01    2.99E-03
           ALPHA                          6   1.01E-02    6.844E+00    6.91E-02
           RECOIL ATOM                        1.01E-02    1.100E-01    1.11E-03
           ALPHA                          7   1.08E-03    6.867E+00    7.43E-03
           RECOIL ATOM                        1.08E-03    1.104E-01    1.19E-04
           ALPHA                          8   1.18E-02    6.898E+00    8.13E-02
           RECOIL ATOM                        1.18E-02    1.109E-01    1.31E-03
           ALPHA                          9   5.13E-02    6.940E+00    3.56E-01
           RECOIL ATOM                        5.13E-02    1.116E-01    5.73E-03
           ALPHA                         10   8.06E-03    7.022E+00    5.66E-02
           RECOIL ATOM                        8.06E-03    1.129E-01    9.09E-04
           ALPHA                         11   1.56E-03    7.083E+00    1.11E-02
           RECOIL ATOM                        1.56E-03    1.139E-01    1.78E-04
           GAMMA-RAY                      5   1.92E-03    1.448E-01    2.78E-04
           K CONV. ELECTRON, GAMMA-RAY    5   6.38E-02    9.170E-03    5.85E-04
           L1 CONV. ELECTRON, GAMMA-RAY   5   2.78E-02    1.188E-01    3.30E-03
           L2 CONV. ELECTRON, GAMMA-RAY   5   1.22E-02    1.196E-01    1.45E-03
           L3 CONV. ELECTRON, GAMMA-RAY   5   8.96E-03    1.249E-01    1.12E-03
           M CONV. ELECTRON, GAMMA-RAY    5   1.41E-02    1.397E-01*   1.97E-03
           N+ CONV. ELECTRON, GAMMA-RAY   5   5.39E-03    1.448E-01*   7.80E-04
           GAMMA-RAY                      6   2.64E-02    2.718E-01    7.18E-03
           K CONV. ELECTRON, GAMMA-RAY    6   2.52E-03    1.362E-01    3.43E-04
           L1 CONV. ELECTRON, GAMMA-RAY   6   7.82E-04    2.458E-01    1.92E-04
           L2 CONV. ELECTRON, GAMMA-RAY   6   3.45E-03    2.466E-01    8.50E-04
           L3 CONV. ELECTRON, GAMMA-RAY   6   1.23E-03    2.519E-01    3.11E-04
           M CONV. ELECTRON, GAMMA-RAY    6   1.54E-03    2.667E-01*   4.10E-04
           N+ CONV. ELECTRON, GAMMA-RAY   6   5.71E-04    2.718E-01*   1.55E-04
           GAMMA-RAY                      7   8.40E-04    4.050E-01    3.40E-04
           K -L2 X-RAY                        1.96E-02    1.104E-01    2.16E-03
           K -L3 X-RAY                        3.03E-02    1.157E-01    3.51E-03
           K -M2 X-RAY                        3.55E-03    1.293E-01    4.59E-04
           K -M3 X-RAY                        7.01E-03    1.305E-01    9.15E-04
           K -N2 X-RAY                        9.04E-04    1.340E-01    1.21E-04
           K -N3 X-RAY                        1.88E-03    1.344E-01    2.52E-04
           L2-M4 X-RAY                        1.49E-02    2.075E-02    3.08E-04
           L2-N4 X-RAY                        3.55E-03    2.426E-02    8.61E-05
           L3-M5 X-RAY                        2.28E-02    1.568E-02    3.57E-04
           L3-N5 X-RAY                        4.97E-03    1.900E-02    9.44E-05
           Free-Bound X-RAY                   1.48E+00    7.456E-05    1.10E-04
           AUGER LMM                          2.96E-02    1.165E-02*   3.44E-04
           AUGER LMX                          1.59E-02    1.565E-02*   2.49E-04
           AUGER MNN                          1.24E-01    2.792E-03*   3.48E-04
           AUGER NXY                          3.93E-01    3.342E-04*   1.31E-04
 
           ALL LISTED X-RAYS, GAMMA-RAYS AND ANNIHILATION RADIATION    7.04E-02
           ALL NEGLECTED X-RAYS, GAMMA-RAYS AND ANNIH. RADIATION**     8.89E-04
           ALL LISTED BETAS, INTERNAL CONVERSION AND AUGER ELECTRONS   1.08E-01
           ALL NEGLECTED BETAS, INT. CONVERSION AND AUGER ELECTRONS**  6.36E-04
           ALL LISTED ALPHA PARTICLES AND  RECOIL NUCLEI               8.35E-01
           ALL LISTED RADIATIONS                                       1.01E+00
           ALL NEGLECTED RADIATIONS**                                  1.53E-03
 
           *  AVERAGE ENERGY (MEV)
           ** EACH NEGLECTED TRANSITION CONTRIBUTES LESS THAN  0.100%
              TO THE TOTAL MEV/TRANSFORMATION FOR THIS CATEGORY.
           TOTAL FEEDING OF GROUND STATE LEVEL IN 253-EINSTEINIUM
             DAUGHTER IS 8.8000E-01 PER TRANSFORMATION OF 253-FERMIUM.
             DECAY OF THIS 20.47 DAYS HALFLIFE LEVEL WILL CONTRIBUTE TO DOSE.
           TOTAL FEEDING OF GROUND STATE LEVEL IN 249-CALIFORNIUM
             DAUGHTER IS 1.2000E-01 PER TRANSFORMATION OF 253-FERMIUM.
             DECAY OF THIS 351 YEARS HALFLIFE LEVEL WILL CONTRIBUTE TO DOSE.
           - - - - - - - - - -
           INPUT DATA SOURCE: EVALUATED NUCLEAR STRUCTURE DATA FILE (ENSDF)
             DATE INPUT DATA WERE ENTERED INTO ENSDF: Nov-1999
%%%% 253 FM 100    EC A         2.59200E+05 3.00 D     02-11-2005       OUTPEND 
%%%% 253 FM 100    EC A         2.59200E+05 3.00 D     02-11-2005       SEEISTAR
253.  FERMIUM     100.  3.000E+00 DAYS     216 EC A                 253.FM100.   0
 1 2  1.29412E+00  1.06000E-01  1.06000E-01  0.00000E+00            253.FM100.   1   2
 6 5  4.54340E+01  7.91760E-02  7.91760E-02  2.00000E+00            253.FM100.   2   5
 6 6  4.72066E+00  7.99930E-02  7.99930E-02  2.00000E+00            253.FM100.   3   6
 6 7  1.18812E+01  8.55910E-02  8.55910E-02  2.00000E+00            253.FM100.   4   7
 6 3  1.78017E+01  1.00753E-01  1.00753E-01  2.00000E+00            253.FM100.   5   3
 6 4  6.86836E+00  1.06000E-01  1.06000E-01  2.00000E+00            253.FM100.   6   4
 2 1  9.58843E+00  1.13103E-01  1.13103E-01  0.00000E+00            253.FM100.   7   1
 2 2  1.47480E+01  1.18701E-01  1.18701E-01  0.00000E+00            253.FM100.   8   2
 2 3  1.73045E+00  1.32545E-01  1.32545E-01  0.00000E+00            253.FM100.   9   3
 2 4  3.42711E+00  1.33863E-01  1.33863E-01  0.00000E+00            253.FM100.  10   4
 2 5  7.07856E-02  1.34484E-01  1.34484E-01  0.00000E+00            253.FM100.  11   5
 2 6  7.69600E-02  1.34740E-01  1.34740E-01  0.00000E+00            253.FM100.  12   6
 2 7  4.42203E-01  1.37436E-01  1.37436E-01  0.00000E+00            253.FM100.  13   7
 2 8  9.22387E-01  1.37794E-01  1.37794E-01  0.00000E+00            253.FM100.  14   8
 2 9  2.20270E-02  1.38086E-01  1.38086E-01  0.00000E+00            253.FM100.  15   9
 210  2.41014E-02  1.38150E-01  1.38150E-01  0.00000E+00            253.FM100.  16  10
 211  1.13646E-01  1.38757E-01  1.38757E-01  0.00000E+00            253.FM100.  17  11
 212  2.35112E-01  1.38850E-01  1.38850E-01  0.00000E+00            253.FM100.  18  12
 213  5.00579E-03  1.38961E-01  1.38961E-01  0.00000E+00            253.FM100.  19  13
 214  5.41730E-03  1.38975E-01  1.38975E-01  0.00000E+00            253.FM100.  20  14
 215  1.91937E-02  1.39070E-01  1.39070E-01  0.00000E+00            253.FM100.  21  15
 216  3.41708E-02  1.39085E-01  1.39085E-01  0.00000E+00            253.FM100.  22  16
 221  1.08235E-03  8.16998E-04  8.16998E-04  0.00000E+00            253.FM100.  23  21
 222  1.43022E+00  6.41499E-03  6.41499E-03  0.00000E+00            253.FM100.  24  22
 223  6.19793E+00  2.02594E-02  2.02594E-02  0.00000E+00            253.FM100.  25  23
 224  4.34243E+00  2.15768E-02  2.15768E-02  0.00000E+00            253.FM100.  26  24
 225  3.35347E-01  2.21985E-02  2.21985E-02  0.00000E+00            253.FM100.  27  25
 226  4.97057E-01  2.24544E-02  2.24544E-02  0.00000E+00            253.FM100.  28  26
 227  1.71427E+00  2.51504E-02  2.51504E-02  0.00000E+00            253.FM100.  29  27
 228  1.44027E+00  2.55081E-02  2.55081E-02  0.00000E+00            253.FM100.  30  28
 229  6.11016E-02  2.58000E-02  2.58000E-02  0.00000E+00            253.FM100.  31  29
 230  9.84932E-02  2.58640E-02  2.58640E-02  0.00000E+00            253.FM100.  32  30
 231  4.48059E-01  2.64713E-02  2.64713E-02  0.00000E+00            253.FM100.  33  31
 232  3.83365E-01  2.65638E-02  2.65638E-02  0.00000E+00            253.FM100.  34  32
 233  1.21731E-02  2.66758E-02  2.66758E-02  0.00000E+00            253.FM100.  35  33
 234  1.98161E-02  2.66896E-02  2.66896E-02  0.00000E+00            253.FM100.  36  34
 235  7.59238E-02  2.67839E-02  2.67839E-02  0.00000E+00            253.FM100.  37  35
 236  5.62363E-02  2.67985E-02  2.67985E-02  0.00000E+00            253.FM100.  38  36
 241  1.94319E-03  5.59801E-03  5.59801E-03  0.00000E+00            253.FM100.  39  41
 242  2.68568E-01  1.90539E-02  1.90539E-02  0.00000E+00            253.FM100.  40  42
 243  1.57646E-02  2.07598E-02  2.07598E-02  0.00000E+00            253.FM100.  41  43
 244  9.20426E+00  2.13815E-02  2.13815E-02  0.00000E+00            253.FM100.  42  44
 245  7.49470E-02  2.41507E-02  2.41507E-02  0.00000E+00            253.FM100.  43  45
 246  5.02700E-03  2.46911E-02  2.46911E-02  0.00000E+00            253.FM100.  44  46
 247  2.21857E+00  2.49830E-02  2.49830E-02  0.00000E+00            253.FM100.  45  47
 248  1.66779E-02  2.54331E-02  2.54331E-02  0.00000E+00            253.FM100.  46  48
 249  2.05682E-02  2.55784E-02  2.55784E-02  0.00000E+00            253.FM100.  47  49
 250  1.32716E-03  2.57466E-02  2.57466E-02  0.00000E+00            253.FM100.  48  50
 251  4.76195E-01  2.58589E-02  2.58589E-02  0.00000E+00            253.FM100.  49  51
 252  1.78131E-03  2.59955E-02  2.59955E-02  0.00000E+00            253.FM100.  50  52
 253  4.13955E-03  2.59441E-02  2.59441E-02  0.00000E+00            253.FM100.  51  53
 254  1.94319E-04  2.59816E-02  2.59816E-02  0.00000E+00            253.FM100.  52  54
 255  3.36703E-04  2.60012E-02  2.60012E-02  0.00000E+00            253.FM100.  53  55
 261  2.14672E+00  1.34559E-02  1.34559E-02  0.00000E+00            253.FM100.  54  61
 262  2.84104E-02  1.38444E-02  1.38444E-02  0.00000E+00            253.FM100.  55  62
 263  2.62577E-02  1.51618E-02  1.51618E-02  0.00000E+00            253.FM100.  56  63
 264  3.14576E+00  1.57835E-02  1.57835E-02  0.00000E+00            253.FM100.  57  64
 265  2.75989E+01  1.60394E-02  1.60394E-02  0.00000E+00            253.FM100.  58  65
 266  5.53725E-01  1.85527E-02  1.85527E-02  0.00000E+00            253.FM100.  59  66
 267  6.08778E-03  1.87354E-02  1.87354E-02  0.00000E+00            253.FM100.  60  67
 268  7.37943E-03  1.90931E-02  1.90931E-02  0.00000E+00            253.FM100.  61  68
 269  6.55610E-01  1.93850E-02  1.93850E-02  0.00000E+00            253.FM100.  62  69
 270  6.06601E+00  1.94489E-02  1.94489E-02  0.00000E+00            253.FM100.  63  70
 271  1.09652E-02  1.98351E-02  1.98351E-02  0.00000E+00            253.FM100.  64  71
 272  5.98388E-02  1.98529E-02  1.98529E-02  0.00000E+00            253.FM100.  65  72
 273  1.49546E-01  1.99804E-02  1.99804E-02  0.00000E+00            253.FM100.  66  73
 274  1.49822E-03  2.00563E-02  2.00563E-02  0.00000E+00            253.FM100.  67  74
 275  1.89222E-03  2.01486E-02  2.01486E-02  0.00000E+00            253.FM100.  68  75
 276  1.36411E-01  2.02608E-02  2.02608E-02  0.00000E+00            253.FM100.  69  76
 277  1.26069E+00  2.02746E-02  2.02746E-02  0.00000E+00            253.FM100.  70  77
 278  1.15216E-03  2.03975E-02  2.03975E-02  0.00000E+00            253.FM100.  71  78
 279  6.09867E-03  2.03994E-02  2.03994E-02  0.00000E+00            253.FM100.  72  79
 280  2.99921E-02  2.03461E-02  2.03461E-02  0.00000E+00            253.FM100.  73  80
 281  2.50538E-04  2.03689E-02  2.03689E-02  0.00000E+00            253.FM100.  74  81
 282  2.75437E-04  2.03835E-02  2.03835E-02  0.00000E+00            253.FM100.  75  82
 283  2.43771E-03  2.04032E-02  2.04032E-02  0.00000E+00            253.FM100.  76  83
 291  1.47170E+01  3.96446E-03  3.96446E-03  0.00000E+00            253.FM100.  77  91
 292  4.22888E-01  6.49804E-04  6.49804E-04  0.00000E+00            253.FM100.  78  92
 293  2.86112E-02  1.93354E-04  1.93354E-04  0.00000E+00            253.FM100.  79  93
 294  1.96222E+03  7.54730E-05  7.54730E-05  0.00000E+00            253.FM100.  80  94
 7 1  5.46836E-01  8.88227E-02  8.88227E-02  0.00000E+00            253.FM100.  81   1
 7 2  3.19599E-01  1.08870E-01  1.08870E-01  0.00000E+00            253.FM100.  82   2
 7 3  4.56319E-02  1.28944E-01  1.28944E-01  0.00000E+00            253.FM100.  83   3
 7 4  5.63037E+01  2.62792E-03  2.62792E-03  0.00000E+00            253.FM100.  84   4
 7 5  3.52888E+01  1.19858E-02  1.19858E-02  0.00000E+00            253.FM100.  85   5
 7 6  1.91212E+01  1.61200E-02  1.61200E-02  0.00000E+00            253.FM100.  86   6
 7 7  2.42691E+00  2.03199E-02  2.03199E-02  0.00000E+00            253.FM100.  87   7
 7 8  1.04197E+02  7.03380E-04  7.03380E-04  0.00000E+00            253.FM100.  88   8
 7 9  1.60116E+02  2.85153E-03  2.85153E-03  0.00000E+00            253.FM100.  89   9
 710  4.00737E+01  3.55028E-03  3.55028E-03  0.00000E+00            253.FM100.  90  10
 711  2.66245E+00  4.33502E-03  4.33502E-03  0.00000E+00            253.FM100.  91  11
 712  3.16212E+02  1.93488E-04  1.93488E-04  0.00000E+00            253.FM100.  92  12
 713  5.20375E+02  3.64893E-04  3.64893E-04  0.00000E+00            253.FM100.  93  13
 714  5.27178E+02  1.20837E-04  1.20837E-04  0.00000E+00            253.FM100.  94  14
 715  2.20624E+00  2.23423E-04  2.23423E-04  0.00000E+00            253.FM100.  95  15
 8 1  3.60721E-02  6.48673E+00  1.04272E-01  0.00000E+00            253.FM100.  96   1
 8 2  1.80361E-01  6.54184E+00  1.05158E-01  0.00000E+00            253.FM100.  97   2
 8 3  3.12625E-01  6.63042E+00  1.06582E-01  0.00000E+00            253.FM100.  98   3
 8 4  2.88577E-01  6.65010E+00  1.06898E-01  0.00000E+00            253.FM100.  99   4
 8 5  2.78958E+00  6.67294E+00  1.07265E-01  0.00000E+00            253.FM100. 100   5
 8 6  1.01002E+00  6.84386E+00  1.10013E-01  0.00000E+00            253.FM100. 101   6
 8 7  1.08216E-01  6.86662E+00  1.10379E-01  0.00000E+00            253.FM100. 102   7
 8 8  1.17836E+00  6.89814E+00  1.10886E-01  0.00000E+00            253.FM100. 103   8
 8 9  5.13427E+00  6.94045E+00  1.11566E-01  0.00000E+00            253.FM100. 104   9
 810  8.05611E-01  7.02165E+00  1.12871E-01  0.00000E+00            253.FM100. 105  10
 811  1.56313E-01  7.08314E+00  1.13859E-01  0.00000E+00            253.FM100. 106  11
 1 5  1.92000E-01  1.44800E-01  1.44800E-01  0.00000E+00            253.FM100. 107   5
 6 1  6.38353E+00  9.17001E-03  9.17001E-03  5.00000E+00            253.FM100. 108   1
 6 5  2.78054E+00  1.18753E-01  1.18753E-01  5.00000E+00            253.FM100. 109   5
 6 6  1.21697E+00  1.19558E-01  1.19558E-01  5.00000E+00            253.FM100. 110   6
 6 7  8.96315E-01  1.24871E-01  1.24871E-01  5.00000E+00            253.FM100. 111   7
 6 3  1.41150E+00  1.39696E-01  1.39696E-01  5.00000E+00            253.FM100. 112   3
 6 4  5.38622E-01  1.44800E-01  1.44800E-01  5.00000E+00            253.FM100. 113   4
 1 6  2.64000E+00  2.71800E-01  2.71800E-01  0.00000E+00            253.FM100. 114   6
 6 1  2.52146E-01  1.36170E-01  1.36170E-01  6.00000E+00            253.FM100. 115   1
 6 5  7.81600E-02  2.45753E-01  2.45753E-01  6.00000E+00            253.FM100. 116   5
 6 6  3.44843E-01  2.46558E-01  2.46558E-01  6.00000E+00            253.FM100. 117   6
 6 7  1.23375E-01  2.51871E-01  2.51871E-01  6.00000E+00            253.FM100. 118   7
 6 3  1.53775E-01  2.66696E-01  2.66696E-01  6.00000E+00            253.FM100. 119   3
 6 4  5.70955E-02  2.71800E-01  2.71800E-01  6.00000E+00            253.FM100. 120   4
 1 7  8.40000E-02  4.05000E-01  4.05000E-01  0.00000E+00            253.FM100. 121   7
 6 1  4.30025E-03  2.69370E-01  2.69370E-01  7.00000E+00            253.FM100. 122   1
 6 5  1.01621E-03  3.78953E-01  3.78953E-01  7.00000E+00            253.FM100. 123   5
 6 6  2.25424E-03  3.79758E-01  3.79758E-01  7.00000E+00            253.FM100. 124   6
 6 7  6.14422E-04  3.85071E-01  3.85071E-01  7.00000E+00            253.FM100. 125   7
 6 3  1.06787E-03  3.99896E-01  3.99896E-01  7.00000E+00            253.FM100. 126   3
 6 4  3.97097E-04  4.05000E-01  4.05000E-01  7.00000E+00            253.FM100. 127   4
 2 1  1.95845E+00  1.10388E-01  1.10388E-01  0.00000E+00            253.FM100. 128   1
 2 2  3.02968E+00  1.15701E-01  1.15701E-01  0.00000E+00            253.FM100. 129   2
 2 3  3.54720E-01  1.29279E-01  1.29279E-01  0.00000E+00            253.FM100. 130   3
 2 4  7.00916E-01  1.30526E-01  1.30526E-01  0.00000E+00            253.FM100. 131   4
 2 5  1.42048E-02  1.31138E-01  1.31138E-01  0.00000E+00            253.FM100. 132   5
 2 6  1.55567E-02  1.31382E-01  1.31382E-01  0.00000E+00            253.FM100. 133   6
 2 7  9.04358E-02  1.34020E-01  1.34020E-01  0.00000E+00            253.FM100. 134   7
 2 8  1.87718E-01  1.34357E-01  1.34357E-01  0.00000E+00            253.FM100. 135   8
 2 9  4.38721E-03  1.34643E-01  1.34643E-01  0.00000E+00            253.FM100. 136   9
 210  4.83309E-03  1.34704E-01  1.34704E-01  0.00000E+00            253.FM100. 137  10
 211  2.30752E-02  1.35292E-01  1.35292E-01  0.00000E+00            253.FM100. 138  11
 212  4.74617E-02  1.35378E-01  1.35378E-01  0.00000E+00            253.FM100. 139  12
 213  9.84636E-04  1.35487E-01  1.35487E-01  0.00000E+00            253.FM100. 140  13
 214  1.07341E-03  1.35500E-01  1.35500E-01  0.00000E+00            253.FM100. 141  14
 215  3.89812E-03  1.35591E-01  1.35591E-01  0.00000E+00            253.FM100. 142  15
 216  6.97264E-03  1.35605E-01  1.35605E-01  0.00000E+00            253.FM100. 143  16
 221  4.04087E-05  8.04999E-04  8.04999E-04  0.00000E+00            253.FM100. 144  21
 222  4.81287E-02  6.11799E-03  6.11799E-03  0.00000E+00            253.FM100. 145  22
 223  2.20332E-01  1.96961E-02  1.96961E-02  0.00000E+00            253.FM100. 146  23
 224  1.59719E-01  2.09431E-02  2.09431E-02  0.00000E+00            253.FM100. 147  24
 225  1.16633E-02  2.15548E-02  2.15548E-02  0.00000E+00            253.FM100. 148  25
 226  1.72983E-02  2.17988E-02  2.17988E-02  0.00000E+00            253.FM100. 149  26
 227  6.07718E-02  2.44371E-02  2.44371E-02  0.00000E+00            253.FM100. 150  27
 228  5.24631E-02  2.47741E-02  2.47741E-02  0.00000E+00            253.FM100. 151  28
 229  2.10510E-03  2.50602E-02  2.50602E-02  0.00000E+00            253.FM100. 152  29
 230  3.39220E-03  2.51208E-02  2.51208E-02  0.00000E+00            253.FM100. 153  30
 231  1.57351E-02  2.57091E-02  2.57091E-02  0.00000E+00            253.FM100. 154  31
 232  1.38287E-02  2.57954E-02  2.57954E-02  0.00000E+00            253.FM100. 155  32
 233  4.14413E-04  2.59045E-02  2.59045E-02  0.00000E+00            253.FM100. 156  33
 234  6.74385E-04  2.59173E-02  2.59173E-02  0.00000E+00            253.FM100. 157  34
 235  2.67224E-03  2.60082E-02  2.60082E-02  0.00000E+00            253.FM100. 158  35
 236  2.05056E-03  2.60218E-02  2.60218E-02  0.00000E+00            253.FM100. 159  36
 241  2.82340E-04  5.31300E-03  5.31300E-03  0.00000E+00            253.FM100. 160  41
 242  4.31153E-02  1.85095E-02  1.85095E-02  0.00000E+00            253.FM100. 161  42
 243  2.48528E-03  2.01382E-02  2.01382E-02  0.00000E+00            253.FM100. 162  43
 244  1.48578E+00  2.07498E-02  2.07498E-02  0.00000E+00            253.FM100. 163  44
 245  1.19860E-02  2.34533E-02  2.34533E-02  0.00000E+00            253.FM100. 164  45
 246  7.86690E-04  2.39691E-02  2.39691E-02  0.00000E+00            253.FM100. 165  46
 247  3.55095E-01  2.42552E-02  2.42552E-02  0.00000E+00            253.FM100. 166  47
 248  2.60678E-03  2.46943E-02  2.46943E-02  0.00000E+00            253.FM100. 167  48
 249  3.26118E-03  2.48304E-02  2.48304E-02  0.00000E+00            253.FM100. 168  49
 250  2.05839E-04  2.49905E-02  2.49905E-02  0.00000E+00            253.FM100. 169  50
 251  7.52870E-02  2.50995E-02  2.50995E-02  0.00000E+00            253.FM100. 170  51
 252  2.44547E-04  2.52312E-02  2.52312E-02  0.00000E+00            253.FM100. 171  52
 253  6.57104E-04  2.51811E-02  2.51811E-02  0.00000E+00            253.FM100. 172  53
 254  3.04890E-05  2.52169E-02  2.52169E-02  0.00000E+00            253.FM100. 173  54
 255  5.45908E-05  2.52363E-02  2.52363E-02  0.00000E+00            253.FM100. 174  55
 261  1.74009E-01  1.31965E-02  1.31965E-02  0.00000E+00            253.FM100. 175  61
 262  2.29440E-03  1.35781E-02  1.35781E-02  0.00000E+00            253.FM100. 176  62
 263  2.11403E-03  1.48252E-02  1.48252E-02  0.00000E+00            253.FM100. 177  63
 264  2.59272E-01  1.54368E-02  1.54368E-02  0.00000E+00            253.FM100. 178  64
 265  2.27518E+00  1.56809E-02  1.56809E-02  0.00000E+00            253.FM100. 179  65
 266  4.48568E-02  1.81403E-02  1.81403E-02  0.00000E+00            253.FM100. 180  66
 267  4.95165E-04  1.83191E-02  1.83191E-02  0.00000E+00            253.FM100. 181  67
 268  5.91458E-04  1.86561E-02  1.86561E-02  0.00000E+00            253.FM100. 182  68
 269  5.37902E-02  1.89423E-02  1.89423E-02  0.00000E+00            253.FM100. 183  69
 270  4.97027E-01  1.90028E-02  1.90028E-02  0.00000E+00            253.FM100. 184  70
 271  8.68143E-04  1.93813E-02  1.93813E-02  0.00000E+00            253.FM100. 185  71
 272  4.74466E-03  1.93980E-02  1.93980E-02  0.00000E+00            253.FM100. 186  72
 273  1.20221E-02  1.95175E-02  1.95175E-02  0.00000E+00            253.FM100. 187  73
 274  1.21020E-04  1.95912E-02  1.95912E-02  0.00000E+00            253.FM100. 188  74
 275  1.50473E-04  1.96774E-02  1.96774E-02  0.00000E+00            253.FM100. 189  75
 276  1.10729E-02  1.97865E-02  1.97865E-02  0.00000E+00            253.FM100. 190  76
 277  1.02177E-01  1.97994E-02  1.97994E-02  0.00000E+00            253.FM100. 191  77
 278  8.01925E-05  1.99182E-02  1.99182E-02  0.00000E+00            253.FM100. 192  78
 279  4.25351E-04  1.99200E-02  1.99200E-02  0.00000E+00            253.FM100. 193  79
 280  2.41370E-03  1.98681E-02  1.98681E-02  0.00000E+00            253.FM100. 194  80
 281  2.02899E-05  1.98902E-02  1.98902E-02  0.00000E+00            253.FM100. 195  81
 282  2.21505E-05  1.99039E-02  1.99039E-02  0.00000E+00            253.FM100. 196  82
 283  2.00414E-04  1.99233E-02  1.99233E-02  0.00000E+00            253.FM100. 197  83
 291  1.10862E+00  3.85976E-03  3.85976E-03  0.00000E+00            253.FM100. 198  91
 292  3.01299E-02  6.21892E-04  6.21892E-04  0.00000E+00            253.FM100. 199  92
 293  1.92012E-03  1.84736E-04  1.84736E-04  0.00000E+00            253.FM100. 200  93
 294  1.48203E+02  7.45568E-05  7.45568E-05  0.00000E+00            253.FM100. 201  94
 7 1  1.17382E-01  8.68283E-02  8.68283E-02  0.00000E+00            253.FM100. 202   1
 7 2  6.84768E-02  1.06295E-01  1.06295E-01  0.00000E+00            253.FM100. 203   2
 7 3  9.75253E-03  1.25787E-01  1.25787E-01  0.00000E+00            253.FM100. 204   3
 7 4  2.73375E+00  2.32755E-03  2.32755E-03  0.00000E+00            253.FM100. 205   4
 7 5  2.95736E+00  1.16471E-02  1.16471E-02  0.00000E+00            253.FM100. 206   5
 7 6  1.58930E+00  1.56469E-02  1.56469E-02  0.00000E+00            253.FM100. 207   6
 7 7  2.00138E-01  1.96962E-02  1.96962E-02  0.00000E+00            253.FM100. 208   7
 7 8  7.08245E+00  6.49591E-04  6.49591E-04  0.00000E+00            253.FM100. 209   8
 7 9  1.24486E+01  2.79228E-03  2.79228E-03  0.00000E+00            253.FM100. 210   9
 710  2.99418E+00  3.45336E-03  3.45336E-03  0.00000E+00            253.FM100. 211  10
 711  1.94287E-01  4.20702E-03  4.20702E-03  0.00000E+00            253.FM100. 212  11
 712  2.39085E+01  1.92701E-04  1.92701E-04  0.00000E+00            253.FM100. 213  12
 713  3.92575E+01  3.34180E-04  3.34180E-04  0.00000E+00            253.FM100. 214  13
 714  4.01690E+01  1.14385E-04  1.14385E-04  0.00000E+00            253.FM100. 215  14
 715  1.84786E-01  2.11705E-04  2.11705E-04  0.00000E+00            253.FM100. 216  15
%%%% 253 FM 100    EC A         2.59200E+05 3.00 D     02-11-2005       SEEIEND 
 


   ***************************************************** 
   *                 Radiation Summary                 * 
   ***************************************************** 
 
  Energy released by
    Gamma-ray                       (MeV) =   9.16550E-03
    X-ray                           (MeV) =   6.05386E-02
    Free-bound X-ray                (MeV) =   1.59144E-03
    Annihilation photon             (MeV) =   0.00000E+00
    Beta+ particle                  (MeV) =   0.00000E+00
    Neutrino                        (MeV) =   1.42792E-01
    Beta- particle                  (MeV) =   0.00000E+00
    Neutrino-                       (MeV) =   0.00000E+00
    Internal conv. electron         (MeV) =   8.66417E-02
    Auger and CK electron           (MeV) =   2.17786E-02
    Alpha particle                  (MeV) =   8.22025E-01
    Recoil nucleus                  (MeV) =   1.32138E-02
  E-total (except unplaced radiat.) (MeV) =   1.15775E+00
  E-unplaced radiation              (MeV) =   0.00000E+00
  Q-value from ENSDF data           (MeV) =   1.15756E+00
  Ratio of E-total/Q-value          ( % ) =   1.00016E+02
  Ratio of E-unplaced radi./Q-value ( % ) =   0.00000E+00

 
  Total yield of
    Gamma-ray                             =   4.21012E-02
    X-ray                                 =   1.31576E+00
    Free-bound X-ray                      =   2.11043E+01
    Annihilation photon                   =   0.00000E+00
    Beta+ particle                        =   0.00000E+00
    Beta- particle                        =   0.00000E+00
    Internal conv. electron               =   1.00952E+00
    Auger and CK electron                 =   1.92099E+01
    Alpha particle                        =   1.20000E-01
  Yield of unplaced radiation             =   0.00000E+00


