%%%% 212 FR  87    EC B+ A      1.20000E+03 20.0 M     02-11-2005       BALASTAR
1 212   FR  87 20.0 M          EC B+ A    
1INTENSITY AND ENERGY BALANCE DATA

              212-FRANCIUM-87
+                                    HALFLIFE = 20 MINUTES 
+                                                                  02-11-2005


    LEVEL       INTENSITY   INTENSITY
    ENERGY      ENTERING    LEAVING     PERCENT
    (MEV)       LEVEL       LEVEL       ERROR

   0.0000E+00  4.6225E+01
   1.2748E+00  5.6983E+01  4.6225E+01  2.0848E+01  ********************
   1.5025E+00  5.7399E+01  5.6983E+01  7.2709E-01                      
   1.6408E+00  2.4697E+01  2.4570E+01  5.1397E-01                      
   2.3043E+00  3.5831E+00  3.6221E+00  1.0832E+00                      
   2.6880E+00  2.0941E+01  2.1428E+01  2.2973E+00                      
   0.0000E+00  4.3638E+01
   2.3530E-02  3.3218E+01  2.9738E+01  1.1056E+01  ********************
   6.3700E-02  4.5990E+00  8.9760E+00  6.4486E+01  ********************
   7.1700E-02  4.3473E+00  4.1888E+00  3.7132E+00                      
   1.4778E-01  1.5983E+01  1.7626E+01  9.7772E+00                      
   2.2700E-01  5.5407E-01  0.0000E+00  2.0000E+02  ********************
   2.3722E-01  4.6883E-01  0.0000E+00  2.0000E+02  ********************
   2.8400E-01  4.8588E-01  0.0000E+00  2.0000E+02  ********************
   3.3600E-01  1.8327E-01  0.0000E+00  2.0000E+02  ********************
   4.3100E-01  2.9834E-02  0.0000E+00  2.0000E+02  ********************
   5.8800E-01  2.1310E-02  0.0000E+00  2.0000E+02  ********************


 INTENSITY TO GROUND AND ISOMERIC STATE(S) OF DAUGHTER(S)=  8.986E+01
 TOTAL INTENSITY FROM PARENT=  1.000E+02
 PERCENT ERROR =  1.128E+01  ********************


 TOTAL INTENSITY FROM PARENT =  1.000E+02
 VALUE IS WITHIN   0.00E+00% OF 100                      


 TOTAL ENERGY AVAILABLE =  5.727E+00 MEV
 TOTAL ENERGY CONTENT OF ALL RADIATIONS =  5.595E+00 MEV
 PERCENT ERROR =  2.356E+00                      
%%%% 212 FR  87    EC B+ A      1.20000E+03 20.0 M     02-11-2005       BALAEND 
%%%% 212 FR  87    EC B+ A      1.20000E+03 20.0 M     02-11-2005       INPUSTAR
1                                      **INPUT DATA**
              212-FRANCIUM-87
+                                    HALFLIFE = 20 MINUTES 
+                                                                  02-11-2005

            MODES OF DECAY: ELECTRON CAPTURE, BETA PLUS, ALPHA
 
                                MEAN
                                NUMBER/    TRANSITION
                TYPE OF    ID   TRANSFOR-  ENERGY
              TRANSITION   NO.  MATION     (MEV)       OTHER NUCLEAR PARAMETERS

           ELECT. CAPTURE   1   2.05E-01   2.433E+00   ALLOWED                                  
+                                                              ASSUMED                          
           ELECT. CAPTURE   2   3.41E-02   2.817E+00   ALLOWED                                  
+                                                              ASSUMED                          
           ELECT. CAPTURE   3   1.54E-01   3.480E+00   ALLOWED                                  
           ELECT. CAPTURE   4   1.31E-01   3.619E+00   ALLOWED                                  
                BETA PLUS   1   4.66E-03   1.411E+00*  ALLOWED                                  
+                                                              ASSUMED                          
                BETA PLUS   2   1.71E-03   1.795E+00*  ALLOWED                                  
+                                                              ASSUMED                          
                BETA PLUS   3   2.05E-02   2.458E+00*  ALLOWED                                  
                BETA PLUS   4   1.99E-02   2.597E+00*  ALLOWED                                  
           I.C.E. + GAMMA   1   2.77E-02   9.750E-02   UNPLACED GAMMA                           
           I.C.E. + GAMMA   2   2.46E-01   1.383E-01   E2 MULTIPOLE                             
+                                                                    AK= 0.313                  
                                                       AL1=0.0657    AL2=0.784                  
                                                       AL3=0.517     AM= 0.370                  
                                                       AN+=0.121                                
           I.C.E. + GAMMA   3   5.70E-01   2.277E-01   E2 MULTIPOLE                             
+                                                                    AK= 0.125                  
                                                       AL1=0.0207    AL2=0.0898                 
                                                       AL3=0.0466    AM= 0.0419                 
                                                       AN+=0.0138                               
           I.C.E. + GAMMA   4   1.02E-02   3.091E-01   UNPLACED GAMMA                           
           I.C.E. + GAMMA   5   1.36E-02   3.115E-01   UNPLACED GAMMA                           
           I.C.E. + GAMMA   6   4.26E-03   3.225E-01   UNPLACED GAMMA                           
           I.C.E. + GAMMA   7   2.13E-03   3.582E-01   UNPLACED GAMMA                           
           I.C.E. + GAMMA   8   8.09E-03   4.220E-01   UNPLACED GAMMA                           
           I.C.E. + GAMMA   9   2.81E-02   5.320E-01   UNPLACED GAMMA                           
           I.C.E. + GAMMA  10   9.79E-03   5.644E-01   UNPLACED GAMMA                           
           I.C.E. + GAMMA  11   8.09E-03   6.201E-01   UNPLACED GAMMA                           
           I.C.E. + GAMMA  12   3.62E-02   8.019E-01   E2 MULTIPOLE ASSUMED                     
                                                       AK= 0.00963   AL1=0.00148                
           I.C.E. + GAMMA  13   7.66E-03   8.240E-01   UNPLACED GAMMA                           
           I.C.E. + GAMMA  14   6.81E-03   9.022E-01   UNPLACED GAMMA                           
           I.C.E. + GAMMA  15   7.29E-02   1.047E+00   E2 MULTIPOLE ASSUMED                     
                                                       AK= 0.00593                              
           I.C.E. + GAMMA  16   1.36E-02   1.178E+00   UNPLACED GAMMA                           
           I.C.E. + GAMMA  17   1.41E-01   1.186E+00   E2 MULTIPOLE ASSUMED                     
                                                       AK= 0.00474                              
           I.C.E. + GAMMA  18   4.62E-01   1.275E+00   E2 MULTIPOLE                             
+                                                                    AK= 0.00416                
                    ALPHA   1   2.13E-04   5.942E+00                                            
                    ALPHA   2   2.98E-04   6.099E+00                                            
                    ALPHA   3   1.83E-03   6.194E+00                                            
                    ALPHA   4   4.86E-03   6.246E+00                                            
                    ALPHA   5   4.69E-03   6.292E+00                                            
                    ALPHA   6   5.54E-03   6.303E+00                                            
                    ALPHA   7   1.60E-01   6.382E+00                                            
                    ALPHA   8   4.35E-02   6.458E+00                                            
                    ALPHA   9   1.32E-02   6.466E+00                                            
                    ALPHA  10   1.02E-01   6.506E+00                                            
                    ALPHA  11   9.38E-02   6.530E+00                                            
           I.C.E. + GAMMA   1   2.97E-01   2.350E-02   M1+E2 MULTIPOLE                          
                                                       MRS=0.000784  AK= 0.0                    
                                                       AL1=119.      AL2=14.5                   
                                                       AL3=3.59      AM= 32.8                   
                                                       AN+=10.9                                 
           I.C.E. + GAMMA   2   8.98E-02   4.010E-02   M1+E2 MULTIPOLE                          
                                                       MRS=0.000676  AK= 0.0                    
                                                       AL1=24.6      AL2=2.62                   
                                                       AL3=0.350     AM= 6.54                   
                                                       AN+=2.19                                 
           I.C.E. + GAMMA   3   4.19E-02   7.170E-02   M1 MULTIPOLE                             
+                                                                    AK= 0.0                    
                                                       AL1=4.45      AL2=0.449                  
                                                       AL3=0.0341    AM= 1.17                   
                                                       AN+=0.392                                
           I.C.E. + GAMMA   4   3.28E-02   8.410E-02   M1 MULTIPOLE                             
+                                                                    AK= 0.0                    
                                                       AL1=2.80      AL2=0.282                  
                                                       AL3=0.0210    AM= 0.736                  
                                                       AN+=0.246                                
           I.C.E. + GAMMA   6   1.40E-01   1.243E-01   M1+E2 MULTIPOLE                          
                                                       MRS=0.360     AK= 4.23                   
                                                       AL1=0.686     AL2=0.374                  
                                                       AL3=0.220     AM= 0.321                  
                                                       AN+=0.106                                
           I.C.E. + GAMMA   7   3.35E-03   1.477E-01   M1+E2 MULTIPOLE                          
                                                       AK= 2.35      AL1=0.378                  
                                                       AL2=0.0381    AL3=0.00268                
                                                       AM= 0.0995    AN+=0.0332                 
 
           * ENDPOINT ENERGY (MEV)
           - - - - - - - - - -
           Reference: Evaluated Nuclear Structure Data File (ENSDF)
                DATE DATA WERE ENTERED INTO ENSDF: May-1992
%%%% 212 FR  87    EC B+ A      1.20000E+03 20.0 M     02-11-2005       INPUEND 
%%%% 212 FR  87    EC B+ A      1.20000E+03 20.0 M     02-11-2005       OUTPSTAR
1                                      **OUTPUT DATA**
              212-FRANCIUM-87
+                                    HALFLIFE = 20 MINUTES 
+                                                                  02-11-2005

            MODES OF DECAY: ELECTRON CAPTURE, BETA PLUS, ALPHA
 
                                              MEAN
                                              NUMBER/                  MEV/
                                         ID   TRANSFOR-   ENERGY       TRANSFOR-
                  TYPE OF RADIATION      NO.  MATION      (MEV)        MATION

           BETA PLUS                      1   4.66E-03    6.500E-01*   3.03E-03
           BETA PLUS                      2   1.71E-03    8.176E-01*   1.40E-03
           BETA PLUS                      3   2.05E-02    1.109E+00*   2.27E-02
           BETA PLUS                      4   1.99E-02    1.170E+00*   2.33E-02
           ANNIHILATION RADIATION             9.35E-02    5.110E-01    4.78E-02
           GAMMA-RAY                      1   2.77E-02    9.750E-02    2.70E-03
           GAMMA-RAY                      2   7.75E-02    1.383E-01    1.07E-02
           K CONV. ELECTRON, GAMMA-RAY    2   2.43E-02    3.954E-02    9.59E-04
           L1 CONV. ELECTRON, GAMMA-RAY   2   5.09E-03    1.203E-01    6.13E-04
           L2 CONV. ELECTRON, GAMMA-RAY   2   6.07E-02    1.209E-01    7.34E-03
           L3 CONV. ELECTRON, GAMMA-RAY   2   4.01E-02    1.237E-01    4.95E-03
           M CONV. ELECTRON, GAMMA-RAY    2   2.86E-02    1.348E-01*   3.86E-03
           N+ CONV. ELECTRON, GAMMA-RAY   2   9.39E-03    1.383E-01*   1.30E-03
           GAMMA-RAY                      3   4.26E-01    2.277E-01    9.70E-02
           K CONV. ELECTRON, GAMMA-RAY    3   5.34E-02    1.290E-01    6.89E-03
           L1 CONV. ELECTRON, GAMMA-RAY   3   8.83E-03    2.097E-01    1.85E-03
           L2 CONV. ELECTRON, GAMMA-RAY   3   3.82E-02    2.103E-01    8.04E-03
           L3 CONV. ELECTRON, GAMMA-RAY   3   1.98E-02    2.131E-01    4.23E-03
           M CONV. ELECTRON, GAMMA-RAY    3   1.78E-02    2.242E-01*   4.00E-03
           N+ CONV. ELECTRON, GAMMA-RAY   3   5.88E-03    2.277E-01*   1.34E-03
           GAMMA-RAY                      4   1.02E-02    3.091E-01    3.16E-03
           GAMMA-RAY                      5   1.36E-02    3.115E-01    4.24E-03
           GAMMA-RAY                      6   4.26E-03    3.225E-01    1.37E-03
           GAMMA-RAY                      8   8.09E-03    4.220E-01    3.41E-03
           GAMMA-RAY                      9   2.81E-02    5.320E-01    1.50E-02
           GAMMA-RAY                     10   9.79E-03    5.644E-01    5.53E-03
           GAMMA-RAY                     11   8.09E-03    6.201E-01    5.02E-03
           GAMMA-RAY                     12   3.58E-02    8.019E-01    2.87E-02
           K CONV. ELECTRON, GAMMA-RAY   12   3.44E-04    7.031E-01    2.42E-04
           GAMMA-RAY                     13   7.66E-03    8.240E-01    6.32E-03
           GAMMA-RAY                     14   6.81E-03    9.022E-01    6.15E-03
           GAMMA-RAY                     15   7.24E-02    1.047E+00    7.58E-02
           K CONV. ELECTRON, GAMMA-RAY   15   4.29E-04    9.485E-01    4.07E-04
           GAMMA-RAY                     16   1.36E-02    1.178E+00    1.61E-02
           GAMMA-RAY                     17   1.41E-01    1.186E+00    1.67E-01
           K CONV. ELECTRON, GAMMA-RAY   17   6.66E-04    1.087E+00    7.23E-04
           GAMMA-RAY                     18   4.60E-01    1.275E+00    5.86E-01
           K CONV. ELECTRON, GAMMA-RAY   18   1.91E-03    1.176E+00    2.25E-03
           L1 CONV. ELECTRON, GAMMA-RAY  18   2.87E-04    1.257E+00    3.61E-04
           K -L2 X-RAY                        1.42E-01    8.137E-02    1.15E-02
           K -L3 X-RAY                        2.33E-01    8.415E-02    1.96E-02
           K -M2 X-RAY                        2.64E-02    9.462E-02    2.50E-03
           K -M3 X-RAY                        5.13E-02    9.525E-02    4.89E-03
           K -N3 X-RAY                        1.28E-02    9.798E-02    1.25E-03
           L2-M4 X-RAY                        9.28E-02    1.437E-02    1.33E-03
           L3-M5 X-RAY                        1.09E-01    1.173E-02    1.27E-03
           AUGER KLL                          1.10E-02    6.511E-02*   7.18E-04
           AUGER KLX                          6.14E-03    7.867E-02*   4.83E-04
           CK LLX                             1.03E-01    1.349E-03*   1.38E-04
           AUGER LMM                          2.42E-01    8.966E-03*   2.17E-03
           AUGER LMX                          1.14E-01    1.170E-02*   1.33E-03
           AUGER LXY                          1.27E-02    1.447E-02*   1.84E-04
           CK MMX                             3.76E-01    4.563E-04*   1.71E-04
           AUGER MNN                          8.53E-01    2.123E-03*   1.81E-03
           AUGER MNX                          1.28E-01    2.454E-03*   3.13E-04
           CK NNX                             1.55E+00    1.800E-04*   2.79E-04
           AUGER NXY                          2.81E+00    1.132E-04*   3.18E-04
           ALPHA                          3   1.83E-03    6.077E+00    1.11E-02
           RECOIL ATOM                        1.83E-03    1.169E-01    2.14E-04
           ALPHA                          4   4.86E-03    6.128E+00    2.98E-02
           RECOIL ATOM                        4.86E-03    1.179E-01    5.73E-04
           ALPHA                          5   4.69E-03    6.173E+00    2.89E-02
           RECOIL ATOM                        4.69E-03    1.188E-01    5.57E-04
           ALPHA                          6   5.54E-03    6.184E+00    3.43E-02
           RECOIL ATOM                        5.54E-03    1.190E-01    6.59E-04
           ALPHA                          7   1.60E-01    6.261E+00    1.00E+00
           RECOIL ATOM                        1.60E-01    1.205E-01    1.93E-02
           ALPHA                          8   4.35E-02    6.336E+00    2.75E-01
           RECOIL ATOM                        4.35E-02    1.219E-01    5.30E-03
           ALPHA                          9   1.32E-02    6.344E+00    8.38E-02
           RECOIL ATOM                        1.32E-02    1.221E-01    1.61E-03
           ALPHA                         10   1.02E-01    6.383E+00    6.53E-01
           RECOIL ATOM                        1.02E-01    1.228E-01    1.26E-02
           ALPHA                         11   9.38E-02    6.406E+00    6.01E-01
           RECOIL ATOM                        9.38E-02    1.233E-01    1.16E-02
           L1 CONV. ELECTRON, GAMMA-RAY   1   1.95E-01    6.027E-03    1.17E-03
           L2 CONV. ELECTRON, GAMMA-RAY   1   2.37E-02    6.660E-03    1.58E-04
           M CONV. ELECTRON, GAMMA-RAY    1   5.36E-02    2.010E-02*   1.08E-03
           N+ CONV. ELECTRON, GAMMA-RAY   1   1.79E-02    2.350E-02*   4.20E-04
           L1 CONV. ELECTRON, GAMMA-RAY   2   5.92E-02    2.263E-02    1.34E-03
           L2 CONV. ELECTRON, GAMMA-RAY   2   6.32E-03    2.326E-02    1.47E-04
           M CONV. ELECTRON, GAMMA-RAY    2   1.58E-02    3.670E-02*   5.78E-04
           N+ CONV. ELECTRON, GAMMA-RAY   2   5.27E-03    4.010E-02*   2.11E-04
           L1 CONV. ELECTRON, GAMMA-RAY   3   2.49E-02    5.423E-02    1.35E-03
           L2 CONV. ELECTRON, GAMMA-RAY   3   2.51E-03    5.486E-02    1.38E-04
           M CONV. ELECTRON, GAMMA-RAY    3   6.55E-03    6.830E-02*   4.47E-04
           N+ CONV. ELECTRON, GAMMA-RAY   3   2.19E-03    7.170E-02*   1.57E-04
           L1 CONV. ELECTRON, GAMMA-RAY   4   1.80E-02    6.663E-02    1.20E-03
           M CONV. ELECTRON, GAMMA-RAY    4   4.75E-03    8.070E-02*   3.83E-04
           N+ CONV. ELECTRON, GAMMA-RAY   4   1.59E-03    8.410E-02*   1.33E-04
           GAMMA-RAY                      6   2.02E-02    1.243E-01    2.51E-03
           K CONV. ELECTRON, GAMMA-RAY    6   8.54E-02    2.818E-02    2.41E-03
           L1 CONV. ELECTRON, GAMMA-RAY   6   1.39E-02    1.068E-01    1.48E-03
           L2 CONV. ELECTRON, GAMMA-RAY   6   7.56E-03    1.074E-01    8.12E-04
           L3 CONV. ELECTRON, GAMMA-RAY   6   4.45E-03    1.100E-01    4.89E-04
           M CONV. ELECTRON, GAMMA-RAY    6   6.49E-03    1.209E-01*   7.85E-04
           N+ CONV. ELECTRON, GAMMA-RAY   6   2.14E-03    1.243E-01*   2.66E-04
           K -L2 X-RAY                        2.48E-02    7.923E-02    1.97E-03
           K -L3 X-RAY                        4.12E-02    8.185E-02    3.37E-03
           CK LLX                             2.41E-01    1.000E-03*   2.41E-04
           AUGER LMM                          1.69E-01    8.758E-03*   1.48E-03
           AUGER LMX                          7.84E-02    1.142E-02*   8.95E-04
           CK MMX                             3.16E-01    4.695E-04*   1.49E-04
           AUGER MNN                          6.85E-01    2.064E-03*   1.41E-03
           AUGER MNX                          9.82E-02    2.375E-03*   2.33E-04
           CK NNX                             1.26E+00    1.773E-04*   2.24E-04
           AUGER NXY                          2.34E+00    1.059E-04*   2.47E-04
 
           ALL LISTED X-RAYS, GAMMA-RAYS AND ANNIHILATION RADIATION    1.13E+00
           ALL NEGLECTED X-RAYS, GAMMA-RAYS AND ANNIH. RADIATION**     9.60E-03
           ALL LISTED BETAS, INTERNAL CONVERSION AND AUGER ELECTRONS   1.28E-01
           ALL NEGLECTED BETAS, INT. CONVERSION AND AUGER ELECTRONS**  1.67E-03
           ALL LISTED ALPHA PARTICLES AND  RECOIL NUCLEI               2.77E+00
           ALL NEGLECTED ALPHA PARTICLES AND  RECOIL NUCLEI**          3.09E-03
           ALL LISTED RADIATIONS                                       4.03E+00
           ALL NEGLECTED RADIATIONS**                                  1.44E-02
 
           *  AVERAGE ENERGY (MEV)
           ** EACH NEGLECTED TRANSITION CONTRIBUTES LESS THAN  0.100%
              TO THE TOTAL MEV/TRANSFORMATION FOR THIS CATEGORY.
           TOTAL FEEDING OF GROUND STATE LEVEL IN 212-RADON
             DAUGHTER IS 5.7000E-01 PER TRANSFORMATION OF 212-FRANCIUM.
             DECAY OF THIS 23.9 MINUTES HALFLIFE LEVEL WILL CONTRIBUTE TO DOSE.
           TOTAL FEEDING OF GROUND STATE LEVEL IN 208-ASTATINE
             DAUGHTER IS 4.3000E-01 PER TRANSFORMATION OF 212-FRANCIUM.
             DECAY OF THIS 1.63 HOURS HALFLIFE LEVEL WILL CONTRIBUTE TO DOSE.
           - - - - - - - - - -
           INPUT DATA SOURCE: EVALUATED NUCLEAR STRUCTURE DATA FILE (ENSDF)
             DATE INPUT DATA WERE ENTERED INTO ENSDF: May-1992
%%%% 212 FR  87    EC B+ A      1.20000E+03 20.0 M     02-11-2005       OUTPEND 
%%%% 212 FR  87    EC B+ A      1.20000E+03 20.0 M     02-11-2005       BETASTAR
1
              212-FRANCIUM-87
+                                    HALFLIFE = 20 MINUTES 
+                                                                  02-11-2005

            BETA SPECTRUM DATA FOR ALL DECAY BRANCHES

                      BETAS PER                BETAS PER                BETAS PER
            ENERGY    MEV            ENERGY    MEV            ENERGY    MEV
            (MEV)     PER DECAY      (MEV)     PER DECAY      (MEV)     PER DECAY

            0.00000   0.000E+00      0.00300   1.227E-09      0.10000   1.908E-03
            0.00010   0.000E+00      0.00320   1.849E-09      0.11000   2.386E-03
            0.00011   0.000E+00      0.00360   3.798E-09      0.12000   2.903E-03
            0.00012   0.000E+00      0.00400   7.029E-09      0.13000   3.454E-03
            0.00013   0.000E+00      0.00450   1.360E-08      0.14000   4.035E-03
            0.00014   0.000E+00      0.00500   2.401E-08      0.15000   4.642E-03
            0.00015   0.000E+00      0.00550   3.949E-08      0.16000   5.271E-03
            0.00016   0.000E+00      0.00600   6.143E-08      0.18000   6.579E-03
            0.00018   0.000E+00      0.00650   9.135E-08      0.20000   7.935E-03
            0.00020   0.000E+00      0.00700   1.309E-07      0.22000   9.319E-03
            0.00022   0.000E+00      0.00750   1.819E-07      0.24000   1.072E-02
            0.00024   1.503E-27      0.00800   2.462E-07      0.26000   1.211E-02
            0.00026   2.785E-26      0.00850   3.259E-07      0.28000   1.349E-02
            0.00028   3.495E-25      0.00900   4.229E-07      0.30000   1.485E-02
            0.00030   3.204E-24      0.01000   6.778E-07      0.32000   1.619E-02
            0.00032   2.271E-23      0.01100   1.029E-06      0.36000   1.876E-02
            0.00036   6.218E-22      0.01200   1.497E-06      0.40000   2.116E-02
            0.00040   9.222E-21      0.01300   2.100E-06      0.45000   2.391E-02
            0.00045   1.442E-19      0.01400   2.861E-06      0.50000   2.634E-02
            0.00050   1.362E-18      0.01500   3.799E-06      0.55000   2.845E-02
            0.00055   8.871E-18      0.01600   4.936E-06      0.60000   3.024E-02
            0.00060   4.359E-17      0.01800   7.893E-06      0.65000   3.170E-02
            0.00065   1.719E-16      0.02000   1.190E-05      0.70000   3.285E-02
            0.00070   5.696E-16      0.02200   1.713E-05      0.75000   3.369E-02
            0.00075   1.638E-15      0.02400   2.373E-05      0.80000   3.424E-02
            0.00080   4.195E-15      0.02600   3.185E-05      0.85000   3.452E-02
            0.00085   9.751E-15      0.02800   4.164E-05      0.90000   3.455E-02
            0.00090   2.090E-14      0.03000   5.322E-05      1.00000   3.391E-02
            0.00100   7.873E-14      0.03200   6.671E-05      1.10000   3.251E-02
            0.00110   2.411E-13      0.03600   9.980E-05      1.20000   3.056E-02
            0.00120   6.299E-13      0.04000   1.416E-04      1.30000   2.829E-02
            0.00130   1.454E-12      0.04500   2.070E-04      1.40000   2.595E-02
            0.00140   3.037E-12      0.05000   2.874E-04      1.50000   2.355E-02
            0.00150   5.852E-12      0.05500   3.833E-04      1.60000   2.085E-02
            0.00160   1.055E-11      0.06000   4.949E-04      1.80000   1.501E-02
            0.00180   2.920E-11      0.06500   6.218E-04      2.00000   9.164E-03
            0.00200   6.863E-11      0.07000   7.640E-04      2.20000   4.078E-03
            0.00220   1.427E-10      0.07500   9.209E-04      2.40000   8.148E-04
            0.00240   2.698E-10      0.08000   1.092E-03      2.59650   0.000E+00
            0.00260   4.732E-10      0.08500   1.277E-03
            0.00280   7.812E-10      0.09000   1.475E-03

            AVERAGE BETA ENERGY =   1.079E+00

            TOTAL BETAS PER DECAY FOR ALL BRANCHES =   4.675E-02
%%%% 212 FR  87    EC B+ A      1.20000E+03 20.0 M     02-11-2005       BETAEND 
%%%% 212 FR  87    EC B+ A      1.20000E+03 20.0 M     02-11-2005       SEEISTAR
212.  FRANCIUM     87.  2.000E+01 MINUTES  276 EC B+ A              212.FR 87.   0
 4 1  4.66374E-01  6.50034E-01  1.41100E+00  0.00000E+00            212.FR 87.   1   1
 4 2  1.70625E-01  8.17611E-01  1.79470E+00  0.00000E+00            212.FR 87.   2   2
 4 3  2.04750E+00  1.10916E+00  2.45820E+00  0.00000E+00            212.FR 87.   3   3
 4 4  1.99062E+00  1.17029E+00  2.59650E+00  0.00000E+00            212.FR 87.   4   4
 3 3  9.35023E+00  5.11000E-01  5.11000E-01  0.00000E+00            212.FR 87.   5   3
 1 1  2.76763E+00  9.75000E-02  9.75000E-02  0.00000E+00            212.FR 87.   6   1
 1 2  7.74938E+00  1.38300E-01  1.38300E-01  0.00000E+00            212.FR 87.   7   2
 6 1  2.42645E+00  3.95360E-02  3.95360E-02  2.00000E+00            212.FR 87.   8   1
 6 5  5.09391E-01  1.20258E-01  1.20258E-01  2.00000E+00            212.FR 87.   9   5
 6 6  6.07492E+00  1.20904E-01  1.20904E-01  2.00000E+00            212.FR 87.  10   6
 6 7  4.00601E+00  1.23681E-01  1.23681E-01  2.00000E+00            212.FR 87.  11   7
 6 3  2.86480E+00  1.34782E-01  1.34782E-01  2.00000E+00            212.FR 87.  12   3
 6 4  9.39243E-01  1.38300E-01  1.38300E-01  2.00000E+00            212.FR 87.  13   4
 1 3  4.25790E+01  2.27720E-01  2.27720E-01  0.00000E+00            212.FR 87.  14   3
 6 1  5.34299E+00  1.28956E-01  1.28956E-01  3.00000E+00            212.FR 87.  15   1
 6 5  8.82937E-01  2.09678E-01  2.09678E-01  3.00000E+00            212.FR 87.  16   5
 6 6  3.82414E+00  2.10324E-01  2.10324E-01  3.00000E+00            212.FR 87.  17   6
 6 7  1.98317E+00  2.13101E-01  2.13101E-01  3.00000E+00            212.FR 87.  18   7
 6 3  1.78349E+00  2.24202E-01  2.24202E-01  3.00000E+00            212.FR 87.  19   3
 6 4  5.87523E-01  2.27720E-01  2.27720E-01  3.00000E+00            212.FR 87.  20   4
 1 4  1.02190E+00  3.09100E-01  3.09100E-01  0.00000E+00            212.FR 87.  21   4
 1 5  1.36253E+00  3.11500E-01  3.11500E-01  0.00000E+00            212.FR 87.  22   5
 1 6  4.25790E-01  3.22500E-01  3.22500E-01  0.00000E+00            212.FR 87.  23   6
 1 7  2.12895E-01  3.58200E-01  3.58200E-01  0.00000E+00            212.FR 87.  24   7
 1 8  8.09001E-01  4.22000E-01  4.22000E-01  0.00000E+00            212.FR 87.  25   8
 1 9  2.81021E+00  5.32000E-01  5.32000E-01  0.00000E+00            212.FR 87.  26   9
 110  9.79317E-01  5.64400E-01  5.64400E-01  0.00000E+00            212.FR 87.  27  10
 111  8.09001E-01  6.20100E-01  6.20100E-01  0.00000E+00            212.FR 87.  28  11
 112  3.57664E+00  8.01900E-01  8.01900E-01  0.00000E+00            212.FR 87.  29  12
 6 1  3.44480E-02  7.03136E-01  7.03136E-01  1.20000E+01            212.FR 87.  30   1
 6 5  5.30397E-03  7.83858E-01  7.83858E-01  1.20000E+01            212.FR 87.  31   5
 6 6  2.38784E-03  7.84504E-01  7.84504E-01  1.20000E+01            212.FR 87.  32   6
 6 7  6.26717E-04  7.87281E-01  7.87281E-01  1.20000E+01            212.FR 87.  33   7
 6 3  2.05136E-03  7.98382E-01  7.98382E-01  1.20000E+01            212.FR 87.  34   3
 6 4  6.86614E-04  8.01900E-01  8.01900E-01  1.20000E+01            212.FR 87.  35   4
 113  7.66422E-01  8.24000E-01  8.24000E-01  0.00000E+00            212.FR 87.  36  13
 114  6.81264E-01  9.02200E-01  9.02200E-01  0.00000E+00            212.FR 87.  37  14
 115  7.23843E+00  1.04730E+00  1.04730E+00  0.00000E+00            212.FR 87.  38  15
 6 1  4.28878E-02  9.48536E-01  9.48536E-01  1.50000E+01            212.FR 87.  39   1
 6 5  6.48827E-03  1.02926E+00  1.02926E+00  1.50000E+01            212.FR 87.  40   5
 6 6  1.94099E-03  1.02990E+00  1.02990E+00  1.50000E+01            212.FR 87.  41   6
 6 7  4.56669E-04  1.03268E+00  1.03268E+00  1.50000E+01            212.FR 87.  42   7
 6 3  2.15383E-03  1.04378E+00  1.04378E+00  1.50000E+01            212.FR 87.  43   3
 6 4  7.22495E-04  1.04730E+00  1.04730E+00  1.50000E+01            212.FR 87.  44   4
 116  1.36253E+00  1.17840E+00  1.17840E+00  0.00000E+00            212.FR 87.  45  16
 117  1.40511E+01  1.18560E+00  1.18560E+00  0.00000E+00            212.FR 87.  46  17
 6 1  6.65566E-02  1.08684E+00  1.08684E+00  1.70000E+01            212.FR 87.  47   1
 6 5  1.00131E-02  1.16756E+00  1.16756E+00  1.70000E+01            212.FR 87.  48   5
 6 6  2.50432E-03  1.16820E+00  1.16820E+00  1.70000E+01            212.FR 87.  49   6
 6 7  5.65657E-04  1.17098E+00  1.17098E+00  1.70000E+01            212.FR 87.  50   7
 6 3  3.15076E-03  1.18208E+00  1.18208E+00  1.70000E+01            212.FR 87.  51   3
 6 4  1.05739E-03  1.18560E+00  1.18560E+00  1.70000E+01            212.FR 87.  52   4
 118  4.59853E+01  1.27480E+00  1.27480E+00  0.00000E+00            212.FR 87.  53  18
 6 1  1.91248E-01  1.17604E+00  1.17604E+00  1.80000E+01            212.FR 87.  54   1
 6 5  2.86871E-02  1.25676E+00  1.25676E+00  1.80000E+01            212.FR 87.  55   5
 6 6  6.48282E-03  1.25740E+00  1.25740E+00  1.80000E+01            212.FR 87.  56   6
 6 7  1.43465E-03  1.26018E+00  1.26018E+00  1.80000E+01            212.FR 87.  57   7
 6 3  8.78724E-03  1.27128E+00  1.27128E+00  1.80000E+01            212.FR 87.  58   3
 6 4  2.94919E-03  1.27480E+00  1.27480E+00  1.80000E+01            212.FR 87.  59   4
 2 1  1.41621E+01  8.13681E-02  8.13681E-02  0.00000E+00            212.FR 87.  60   1
 2 2  2.33486E+01  8.41450E-02  8.41450E-02  0.00000E+00            212.FR 87.  61   2
 2 3  2.64045E+00  9.46165E-02  9.46165E-02  0.00000E+00            212.FR 87.  62   3
 2 4  5.12973E+00  9.52461E-02  9.52461E-02  0.00000E+00            212.FR 87.  63   4
 2 5  7.98624E-02  9.57421E-02  9.57421E-02  0.00000E+00            212.FR 87.  64   5
 2 6  9.45352E-02  9.58749E-02  9.58749E-02  0.00000E+00            212.FR 87.  65   6
 2 7  6.42945E-01  9.78254E-02  9.78254E-02  0.00000E+00            212.FR 87.  66   7
 2 8  1.27624E+00  9.79846E-02  9.79846E-02  0.00000E+00            212.FR 87.  67   8
 2 9  2.21851E-02  9.82046E-02  9.82046E-02  0.00000E+00            212.FR 87.  68   9
 210  2.62598E-02  9.82342E-02  9.82342E-02  0.00000E+00            212.FR 87.  69  10
 211  1.51913E-01  9.86018E-02  9.86018E-02  0.00000E+00            212.FR 87.  70  11
 212  2.91700E-01  9.86357E-02  9.86357E-02  0.00000E+00            212.FR 87.  71  12
 213  3.67003E-03  9.87075E-02  9.87075E-02  0.00000E+00            212.FR 87.  72  13
 214  4.28438E-03  9.87122E-02  9.87122E-02  0.00000E+00            212.FR 87.  73  14
 215  1.74850E-02  9.87502E-02  9.87502E-02  0.00000E+00            212.FR 87.  74  15
 216  2.97139E-02  9.87544E-02  9.87544E-02  0.00000E+00            212.FR 87.  75  16
 221  1.21202E-04  6.46000E-04  6.46000E-04  0.00000E+00            212.FR 87.  76  21
 222  4.51685E-02  3.42299E-03  3.42299E-03  0.00000E+00            212.FR 87.  77  22
 223  3.99679E-01  1.38944E-02  1.38944E-02  0.00000E+00            212.FR 87.  78  23
 224  4.01955E-01  1.45241E-02  1.45241E-02  0.00000E+00            212.FR 87.  79  24
 225  1.59812E-02  1.50204E-02  1.50204E-02  0.00000E+00            212.FR 87.  80  25
 226  2.38839E-02  1.51527E-02  1.51527E-02  0.00000E+00            212.FR 87.  81  26
 227  1.05071E-01  1.71035E-02  1.71035E-02  0.00000E+00            212.FR 87.  82  27
 228  1.17279E-01  1.72626E-02  1.72626E-02  0.00000E+00            212.FR 87.  83  28
 229  2.55998E-03  1.74825E-02  1.74825E-02  0.00000E+00            212.FR 87.  84  29
 230  4.07445E-03  1.75122E-02  1.75122E-02  0.00000E+00            212.FR 87.  85  30
 231  2.27948E-02  1.78797E-02  1.78797E-02  0.00000E+00            212.FR 87.  86  31
 232  2.54001E-02  1.79137E-02  1.79137E-02  0.00000E+00            212.FR 87.  87  32
 233  3.77649E-04  1.79855E-02  1.79855E-02  0.00000E+00            212.FR 87.  88  33
 234  6.01803E-04  1.79902E-02  1.79902E-02  0.00000E+00            212.FR 87.  89  34
 235  2.90625E-03  1.80283E-02  1.80283E-02  0.00000E+00            212.FR 87.  90  35
 236  2.82769E-03  1.80324E-02  1.80324E-02  0.00000E+00            212.FR 87.  91  36
 241  4.89154E-04  2.77701E-03  2.77701E-03  0.00000E+00            212.FR 87.  92  41
 242  2.55316E-01  1.29483E-02  1.29483E-02  0.00000E+00            212.FR 87.  93  42
 243  1.15368E-02  1.38781E-02  1.38781E-02  0.00000E+00            212.FR 87.  94  43
 244  9.27629E+00  1.43744E-02  1.43744E-02  0.00000E+00            212.FR 87.  95  44
 245  6.73066E-02  1.63233E-02  1.63233E-02  0.00000E+00            212.FR 87.  96  45
 246  3.31613E-03  1.66166E-02  1.66166E-02  0.00000E+00            212.FR 87.  97  46
 247  1.97858E+00  1.68365E-02  1.68365E-02  0.00000E+00            212.FR 87.  98  47
 248  9.93842E-03  1.71548E-02  1.71548E-02  0.00000E+00            212.FR 87.  99  48
 249  1.57796E-02  1.71843E-02  1.71843E-02  0.00000E+00            212.FR 87. 100  49
 250  7.15990E-04  1.72676E-02  1.72676E-02  0.00000E+00            212.FR 87. 101  50
 251  3.11457E-01  1.73395E-02  1.73395E-02  0.00000E+00            212.FR 87. 102  51
 253  2.61797E-03  1.73703E-02  1.73703E-02  0.00000E+00            212.FR 87. 103  53
 254  7.96721E-05  1.73863E-02  1.73863E-02  0.00000E+00            212.FR 87. 104  54
 261  7.12528E-01  1.01713E-02  1.01713E-02  0.00000E+00            212.FR 87. 105  61
 262  8.25542E-03  1.04714E-02  1.04714E-02  0.00000E+00            212.FR 87. 106  62
 263  7.46982E-03  1.11011E-02  1.11011E-02  0.00000E+00            212.FR 87. 107  63
 264  1.23446E+00  1.15974E-02  1.15974E-02  0.00000E+00            212.FR 87. 108  64
 265  1.08615E+01  1.17297E-02  1.17297E-02  0.00000E+00            212.FR 87. 109  65
 266  1.70363E-01  1.35463E-02  1.35463E-02  0.00000E+00            212.FR 87. 110  66
 267  1.86224E-03  1.36805E-02  1.36805E-02  0.00000E+00            212.FR 87. 111  67
 268  1.96216E-03  1.38396E-02  1.38396E-02  0.00000E+00            212.FR 87. 112  68
 269  2.38629E-01  1.40595E-02  1.40595E-02  0.00000E+00            212.FR 87. 113  69
 270  2.16788E+00  1.40892E-02  1.40892E-02  0.00000E+00            212.FR 87. 114  70
 271  2.32988E-03  1.43778E-02  1.43778E-02  0.00000E+00            212.FR 87. 115  71
 272  1.29499E-02  1.43851E-02  1.43851E-02  0.00000E+00            212.FR 87. 116  72
 273  3.95762E-02  1.44073E-02  1.44073E-02  0.00000E+00            212.FR 87. 117  73
 274  3.96105E-04  1.44567E-02  1.44567E-02  0.00000E+00            212.FR 87. 118  74
 275  4.28283E-04  1.44906E-02  1.44906E-02  0.00000E+00            212.FR 87. 119  75
 276  3.68895E-02  1.45625E-02  1.45625E-02  0.00000E+00            212.FR 87. 120  76
 277  3.32689E-01  1.45671E-02  1.45671E-02  0.00000E+00            212.FR 87. 121  77
 280  6.55120E-03  1.45933E-02  1.45933E-02  0.00000E+00            212.FR 87. 122  80
 281  4.95153E-05  1.46053E-02  1.46053E-02  0.00000E+00            212.FR 87. 123  81
 282  4.61459E-05  1.46094E-02  1.46094E-02  0.00000E+00            212.FR 87. 124  82
 291  4.45366E+00  2.71234E-03  2.71234E-03  0.00000E+00            212.FR 87. 125  91
 292  9.95215E-02  4.00675E-04  4.00675E-04  0.00000E+00            212.FR 87. 126  92
 293  1.93840E-03  9.76355E-05  9.76355E-05  0.00000E+00            212.FR 87. 127  93
 294  9.53743E+02  5.00978E-05  5.00978E-05  0.00000E+00            212.FR 87. 128  94
 7 1  1.10279E+00  6.51076E-02  6.51076E-02  0.00000E+00            212.FR 87. 129   1
 7 2  6.14420E-01  7.86707E-02  7.86707E-02  0.00000E+00            212.FR 87. 130   2
 7 3  8.26960E-02  9.22498E-02  9.22498E-02  0.00000E+00            212.FR 87. 131   3
 7 4  1.02573E+01  1.34935E-03  1.34935E-03  0.00000E+00            212.FR 87. 132   4
 7 5  2.41561E+01  8.96585E-03  8.96585E-03  0.00000E+00            212.FR 87. 133   5
 7 6  1.13842E+01  1.17044E-02  1.17044E-02  0.00000E+00            212.FR 87. 134   6
 7 7  1.27445E+00  1.44743E-02  1.44743E-02  0.00000E+00            212.FR 87. 135   7
 7 8  3.75591E+01  4.56292E-04  4.56292E-04  0.00000E+00            212.FR 87. 136   8
 7 9  8.53064E+01  2.12270E-03  2.12270E-03  0.00000E+00            212.FR 87. 137   9
 710  1.27645E+01  2.45410E-03  2.45410E-03  0.00000E+00            212.FR 87. 138  10
 711  6.90501E-01  2.93043E-03  2.93043E-03  0.00000E+00            212.FR 87. 139  11
 712  1.55108E+02  1.80041E-04  1.80041E-04  0.00000E+00            212.FR 87. 140  12
 713  2.81375E+02  1.13171E-04  1.13171E-04  0.00000E+00            212.FR 87. 141  13
 714  2.45581E+02  3.68419E-05  3.68419E-05  0.00000E+00            212.FR 87. 142  14
 715  8.75866E-01  1.26834E-04  1.26834E-04  0.00000E+00            212.FR 87. 143  15
 8 1  2.13103E-02  5.82933E+00  1.12175E-01  0.00000E+00            212.FR 87. 144   1
 8 2  2.98345E-02  5.98336E+00  1.15139E-01  0.00000E+00            212.FR 87. 145   2
 8 3  1.83269E-01  6.07657E+00  1.16933E-01  0.00000E+00            212.FR 87. 146   3
 8 4  4.85876E-01  6.12759E+00  1.17915E-01  0.00000E+00            212.FR 87. 147   4
 8 5  4.68827E-01  6.17348E+00  1.18798E-01  0.00000E+00            212.FR 87. 148   5
 8 6  5.54069E-01  6.18351E+00  1.18991E-01  0.00000E+00            212.FR 87. 149   6
 8 7  1.59828E+01  6.26123E+00  1.20487E-01  0.00000E+00            212.FR 87. 150   7
 8 8  4.34731E+00  6.33588E+00  1.21923E-01  0.00000E+00            212.FR 87. 151   8
 8 9  1.32124E+00  6.34373E+00  1.22074E-01  0.00000E+00            212.FR 87. 152   9
 810  1.02290E+01  6.38314E+00  1.22832E-01  0.00000E+00            212.FR 87. 153  10
 811  9.37655E+00  6.40622E+00  1.23277E-01  0.00000E+00            212.FR 87. 154  11
 1 1  1.63400E-01  2.35000E-02  2.35000E-02  0.00000E+00            212.FR 87. 155   1
 6 5  1.94673E+01  6.02700E-03  6.02700E-03  1.00000E+00            212.FR 87. 156   5
 6 6  2.36868E+00  6.66000E-03  6.66000E-03  1.00000E+00            212.FR 87. 157   6
 6 7  5.87108E-01  9.28500E-03  9.28500E-03  1.00000E+00            212.FR 87. 158   7
 6 3  5.36392E+00  2.01015E-02  2.01015E-02  1.00000E+00            212.FR 87. 159   3
 6 4  1.78711E+00  2.35000E-02  2.35000E-02  1.00000E+00            212.FR 87. 160   4
 1 2  2.40800E-01  4.01000E-02  4.01000E-02  0.00000E+00            212.FR 87. 161   2
 6 5  5.91642E+00  2.26270E-02  2.26270E-02  2.00000E+00            212.FR 87. 162   5
 6 6  6.31565E-01  2.32600E-02  2.32600E-02  2.00000E+00            212.FR 87. 163   6
 6 7  8.42584E-02  2.58850E-02  2.58850E-02  2.00000E+00            212.FR 87. 164   7
 6 3  1.57580E+00  3.67015E-02  3.67015E-02  2.00000E+00            212.FR 87. 165   3
 6 4  5.27193E-01  4.01000E-02  4.01000E-02  2.00000E+00            212.FR 87. 166   4
 1 3  5.59000E-01  7.17000E-02  7.17000E-02  0.00000E+00            212.FR 87. 167   3
 6 5  2.48607E+00  5.42270E-02  5.42270E-02  3.00000E+00            212.FR 87. 168   5
 6 6  2.50950E-01  5.48600E-02  5.48600E-02  3.00000E+00            212.FR 87. 169   6
 6 7  1.90469E-02  5.74850E-02  5.74850E-02  3.00000E+00            212.FR 87. 170   7
 6 3  6.54885E-01  6.83015E-02  6.83015E-02  3.00000E+00            212.FR 87. 171   3
 6 4  2.18874E-01  7.17000E-02  7.17000E-02  3.00000E+00            212.FR 87. 172   4
 1 4  6.45000E-01  8.41000E-02  8.41000E-02  0.00000E+00            212.FR 87. 173   4
 6 5  1.80357E+00  6.66270E-02  6.66270E-02  4.00000E+00            212.FR 87. 174   5
 6 6  1.82122E-01  6.72600E-02  6.72600E-02  4.00000E+00            212.FR 87. 175   6
 6 7  1.35581E-02  6.98850E-02  6.98850E-02  4.00000E+00            212.FR 87. 176   7
 6 3  4.74959E-01  8.07015E-02  8.07015E-02  4.00000E+00            212.FR 87. 177   3
 6 4  1.58567E-01  8.41000E-02  8.41000E-02  4.00000E+00            212.FR 87. 178   4
 1 6  2.02100E+00  1.24250E-01  1.24250E-01  0.00000E+00            212.FR 87. 179   6
 6 1  8.54075E+00  2.81820E-02  2.81820E-02  6.00000E+00            212.FR 87. 180   1
 6 5  1.38664E+00  1.06777E-01  1.06777E-01  6.00000E+00            212.FR 87. 181   5
 6 6  7.56149E-01  1.07410E-01  1.07410E-01  6.00000E+00            212.FR 87. 182   6
 6 7  4.44774E-01  1.10035E-01  1.10035E-01  6.00000E+00            212.FR 87. 183   7
 6 3  6.49491E-01  1.20852E-01  1.20852E-01  6.00000E+00            212.FR 87. 184   3
 6 4  2.13760E-01  1.24250E-01  1.24250E-01  6.00000E+00            212.FR 87. 185   4
 1 7  8.60000E-02  1.47700E-01  1.47700E-01  0.00000E+00            212.FR 87. 186   7
 6 1  2.01971E-01  5.16320E-02  5.16320E-02  7.00000E+00            212.FR 87. 187   1
 6 5  3.25084E-02  1.30227E-01  1.30227E-01  7.00000E+00            212.FR 87. 188   5
 6 6  3.27618E-03  1.30860E-01  1.30860E-01  7.00000E+00            212.FR 87. 189   6
 6 7  2.30116E-04  1.33485E-01  1.33485E-01  7.00000E+00            212.FR 87. 190   7
 6 3  8.55629E-03  1.44302E-01  1.44302E-01  7.00000E+00            212.FR 87. 191   3
 6 4  2.85772E-03  1.47700E-01  1.47700E-01  7.00000E+00            212.FR 87. 192   4
 2 1  2.48407E+00  7.92282E-02  7.92282E-02  0.00000E+00            212.FR 87. 193   1
 2 2  4.11590E+00  8.18531E-02  8.18531E-02  0.00000E+00            212.FR 87. 194   2
 2 3  4.63757E-01  9.20763E-02  9.20763E-02  0.00000E+00            212.FR 87. 195   3
 2 4  8.99801E-01  9.26695E-02  9.26695E-02  0.00000E+00            212.FR 87. 196   4
 2 5  1.36727E-02  9.31569E-02  9.31569E-02  0.00000E+00            212.FR 87. 197   5
 2 6  1.62763E-02  9.32819E-02  9.32819E-02  0.00000E+00            212.FR 87. 198   6
 2 7  1.12344E-01  9.51774E-02  9.51774E-02  0.00000E+00            212.FR 87. 199   7
 2 8  2.22432E-01  9.53262E-02  9.53262E-02  0.00000E+00            212.FR 87. 200   8
 2 9  3.75867E-03  9.55410E-02  9.55410E-02  0.00000E+00            212.FR 87. 201   9
 210  4.47234E-03  9.55688E-02  9.55688E-02  0.00000E+00            212.FR 87. 202  10
 211  2.64319E-02  9.59193E-02  9.59193E-02  0.00000E+00            212.FR 87. 203  11
 212  5.07952E-02  9.59503E-02  9.59503E-02  0.00000E+00            212.FR 87. 204  12
 213  5.90625E-04  9.60187E-02  9.60187E-02  0.00000E+00            212.FR 87. 205  13
 214  6.91629E-04  9.60228E-02  9.60228E-02  0.00000E+00            212.FR 87. 206  14
 215  2.30117E-03  9.60560E-02  9.60560E-02  0.00000E+00            212.FR 87. 207  15
 216  3.86297E-03  9.60595E-02  9.60595E-02  0.00000E+00            212.FR 87. 208  16
 221  3.77269E-04  6.33000E-04  6.33000E-04  0.00000E+00            212.FR 87. 209  21
 222  1.28019E-01  3.25800E-03  3.25800E-03  0.00000E+00            212.FR 87. 210  22
 223  1.19588E+00  1.34812E-02  1.34812E-02  0.00000E+00            212.FR 87. 211  23
 224  1.22908E+00  1.40745E-02  1.40745E-02  0.00000E+00            212.FR 87. 212  24
 225  4.66282E-02  1.45616E-02  1.45616E-02  0.00000E+00            212.FR 87. 213  25
 226  6.97232E-02  1.46868E-02  1.46868E-02  0.00000E+00            212.FR 87. 214  26
 227  3.12861E-01  1.65824E-02  1.65824E-02  0.00000E+00            212.FR 87. 215  27
 228  3.55141E-01  1.67313E-02  1.67313E-02  0.00000E+00            212.FR 87. 216  28
 229  7.39234E-03  1.69459E-02  1.69459E-02  0.00000E+00            212.FR 87. 217  29
 230  1.17494E-02  1.69737E-02  1.69737E-02  0.00000E+00            212.FR 87. 218  30
 231  6.62897E-02  1.73242E-02  1.73242E-02  0.00000E+00            212.FR 87. 219  31
 232  7.48373E-02  1.73552E-02  1.73552E-02  0.00000E+00            212.FR 87. 220  32
 233  1.03826E-03  1.74238E-02  1.74238E-02  0.00000E+00            212.FR 87. 221  33
 234  1.64832E-03  1.74279E-02  1.74279E-02  0.00000E+00            212.FR 87. 222  34
 235  6.51474E-03  1.74611E-02  1.74611E-02  0.00000E+00            212.FR 87. 223  35
 236  6.37796E-03  1.74645E-02  1.74645E-02  0.00000E+00            212.FR 87. 224  36
 241  1.40326E-04  2.62500E-03  2.62500E-03  0.00000E+00            212.FR 87. 225  41
 242  8.15057E-02  1.25545E-02  1.25545E-02  0.00000E+00            212.FR 87. 226  42
 243  3.59815E-03  1.34415E-02  1.34415E-02  0.00000E+00            212.FR 87. 227  43
 244  2.97047E+00  1.39286E-02  1.39286E-02  0.00000E+00            212.FR 87. 228  44
 245  2.13681E-02  1.58186E-02  1.58186E-02  0.00000E+00            212.FR 87. 229  45
 246  1.02547E-03  1.60983E-02  1.60983E-02  0.00000E+00            212.FR 87. 230  46
 247  6.26957E-01  1.63129E-02  1.63129E-02  0.00000E+00            212.FR 87. 231  47
 248  3.02220E-03  1.66221E-02  1.66221E-02  0.00000E+00            212.FR 87. 232  48
 249  4.88003E-03  1.66437E-02  1.66437E-02  0.00000E+00            212.FR 87. 233  49
 250  2.15534E-04  1.67222E-02  1.67222E-02  0.00000E+00            212.FR 87. 234  50
 251  9.37888E-02  1.67908E-02  1.67908E-02  0.00000E+00            212.FR 87. 235  51
 253  7.75271E-04  1.68170E-02  1.68170E-02  0.00000E+00            212.FR 87. 236  53
 254  1.83630E-05  1.68314E-02  1.68314E-02  0.00000E+00            212.FR 87. 237  54
 261  4.82558E-01  9.92948E-03  9.92948E-03  0.00000E+00            212.FR 87. 238  61
 262  5.48741E-03  1.02232E-02  1.02232E-02  0.00000E+00            212.FR 87. 239  62
 263  4.96522E-03  1.08165E-02  1.08165E-02  0.00000E+00            212.FR 87. 240  63
 264  8.42436E-01  1.13036E-02  1.13036E-02  0.00000E+00            212.FR 87. 241  64
 265  7.41459E+00  1.14288E-02  1.14288E-02  0.00000E+00            212.FR 87. 242  65
 266  1.14040E-01  1.31936E-02  1.31936E-02  0.00000E+00            212.FR 87. 243  66
 267  1.23940E-03  1.33243E-02  1.33243E-02  0.00000E+00            212.FR 87. 244  67
 268  1.29623E-03  1.34733E-02  1.34733E-02  0.00000E+00            212.FR 87. 245  68
 269  1.61646E-01  1.36879E-02  1.36879E-02  0.00000E+00            212.FR 87. 246  69
 270  1.46677E+00  1.37157E-02  1.37157E-02  0.00000E+00            212.FR 87. 247  70
 271  1.50160E-03  1.39971E-02  1.39971E-02  0.00000E+00            212.FR 87. 248  71
 272  8.35484E-03  1.40038E-02  1.40038E-02  0.00000E+00            212.FR 87. 249  72
 273  2.60137E-02  1.40187E-02  1.40187E-02  0.00000E+00            212.FR 87. 250  73
 274  2.62100E-04  1.40662E-02  1.40662E-02  0.00000E+00            212.FR 87. 251  74
 275  2.80376E-04  1.40972E-02  1.40972E-02  0.00000E+00            212.FR 87. 252  75
 276  2.37783E-02  1.41658E-02  1.41658E-02  0.00000E+00            212.FR 87. 253  76
 277  2.13694E-01  1.41699E-02  1.41699E-02  0.00000E+00            212.FR 87. 254  77
 280  4.09392E-03  1.41920E-02  1.41920E-02  0.00000E+00            212.FR 87. 255  80
 281  2.48780E-05  1.42031E-02  1.42031E-02  0.00000E+00            212.FR 87. 256  81
 282  2.27372E-05  1.42064E-02  1.42064E-02  0.00000E+00            212.FR 87. 257  82
 291  3.39792E+00  2.62542E-03  2.62542E-03  0.00000E+00            212.FR 87. 258  91
 292  7.49970E-02  3.88557E-04  3.88557E-04  0.00000E+00            212.FR 87. 259  92
 293  1.25969E-03  9.12346E-05  9.12346E-05  0.00000E+00            212.FR 87. 260  93
 294  7.71142E+02  4.42725E-05  4.42725E-05  0.00000E+00            212.FR 87. 261  94
 7 1  1.97401E-01  6.34792E-02  6.34792E-02  0.00000E+00            212.FR 87. 262   1
 7 2  1.09493E-01  7.66262E-02  7.66262E-02  0.00000E+00            212.FR 87. 263   2
 7 3  1.46644E-02  8.97891E-02  8.97891E-02  0.00000E+00            212.FR 87. 264   3
 7 4  2.41358E+01  1.00003E-03  1.00003E-03  0.00000E+00            212.FR 87. 265   4
 7 5  1.68689E+01  8.75797E-03  8.75797E-03  0.00000E+00            212.FR 87. 266   5
 7 6  7.83609E+00  1.14165E-02  1.14165E-02  0.00000E+00            212.FR 87. 267   6
 7 7  8.67670E-01  1.41177E-02  1.41177E-02  0.00000E+00            212.FR 87. 268   7
 7 8  3.16412E+01  4.69474E-04  4.69474E-04  0.00000E+00            212.FR 87. 269   8
 7 9  6.85263E+01  2.06385E-03  2.06385E-03  0.00000E+00            212.FR 87. 270   9
 710  9.81506E+00  2.37485E-03  2.37485E-03  0.00000E+00            212.FR 87. 271  10
 711  5.20011E-01  2.82792E-03  2.82792E-03  0.00000E+00            212.FR 87. 272  11
 712  1.26220E+02  1.77251E-04  1.77251E-04  0.00000E+00            212.FR 87. 273  12
 713  2.33660E+02  1.05892E-04  1.05892E-04  0.00000E+00            212.FR 87. 274  13
 714  1.92244E+02  3.80140E-05  3.80140E-05  0.00000E+00            212.FR 87. 275  14
 715  5.78413E-01  1.24377E-04  1.24377E-04  0.00000E+00            212.FR 87. 276  15
%%%% 212 FR  87    EC B+ A      1.20000E+03 20.0 M     02-11-2005       SEEIEND 
 


   ***************************************************** 
   *                 Radiation Summary                 * 
   ***************************************************** 
 
  Energy released by
    Gamma-ray                       (MeV) =   9.68694E-01
    X-ray                           (MeV) =   5.45586E-02
    Free-bound X-ray                (MeV) =   8.19208E-04
    Annihilation photon             (MeV) =   4.77797E-02
    Beta+ particle                  (MeV) =   5.04326E-02
    Neutrino                        (MeV) =   1.62222E+00
    Beta- particle                  (MeV) =   0.00000E+00
    Neutrino-                       (MeV) =   0.00000E+00
    Internal conv. electron         (MeV) =   6.55606E-02
    Auger and CK electron           (MeV) =   1.34175E-02
    Alpha particle                  (MeV) =   2.72073E+00
    Recoil nucleus                  (MeV) =   5.23557E-02
  E-total (except unplaced radiat.) (MeV) =   5.59657E+00
  E-unplaced radiation              (MeV) =   6.96631E-02
  Q-value from ENSDF data           (MeV) =   5.72666E+00
  Ratio of E-total/Q-value          ( % ) =   9.77283E+01
  Ratio of E-unplaced radi./Q-value ( % ) =   1.21647E+00

 
  Total yield of
    Gamma-ray                             =   1.24895E+00
    X-ray                                 =   1.11407E+00
    Free-bound X-ray                      =   1.72488E+01
    Annihilation photon                   =   9.35023E-02
    Beta+ particle                        =   4.67511E-02
    Beta- particle                        =   0.00000E+00
    Internal conv. electron               =   8.84616E-01
    Auger and CK electron                 =   1.58137E+01
    Alpha particle                        =   4.30000E-01
  Yield of unplaced radiation             =   1.40085E-01


