%%%% 172 HF  72    EC           5.90127E+07 1.87 Y     02-11-2005       BALASTAR
1 172   HF  72 1.87 Y          EC         
1INTENSITY AND ENERGY BALANCE DATA

              172-HAFNIUM-72
+                                    HALFLIFE = 1.87 YEARS   
+                                                                  02-11-2005


    LEVEL       INTENSITY   INTENSITY
    ENERGY      ENTERING    LEAVING     PERCENT
    (MEV)       LEVEL       LEVEL       ERROR

   0.0000E+00  0.0000E+00
   4.1860E-02  9.9331E+01  0.0000E+00  2.0000E+02  ********************
   6.5790E-02  8.7330E+01  8.7171E+01  1.8151E-01                      
   1.0941E-01  1.0241E+01  1.0504E+01  2.5375E+00                      
   1.0985E-01  4.5362E+01  4.0337E+01  1.1727E+01  ********************
   1.7985E-01  2.0396E+01  1.9141E+01  6.3498E+00                      
   1.9160E-01  6.7295E+01  7.1688E+01  6.3215E+00                      
   1.9658E-01  2.8853E-01  3.0831E-01  6.6286E+00                      
   2.0400E-01  2.7901E+00  2.9041E+00  4.0032E+00                      
   2.3233E-01  5.9568E+00  6.4288E+00  7.6213E+00                      
   2.3732E-01  1.6102E+00  1.7269E+00  6.9954E+00                      
   2.5220E-01  4.6538E+00  5.0445E+00  8.0570E+00                      


 INTENSITY TO GROUND AND ISOMERIC STATE(S) OF DAUGHTER(S)=  9.933E+01
 TOTAL INTENSITY FROM PARENT=  1.000E+02
 PERCENT ERROR =  6.737E-01                      


 TOTAL INTENSITY FROM PARENT =  1.000E+02
 VALUE IS WITHIN   7.63E-06% OF 100                      


 TOTAL ENERGY AVAILABLE =  3.380E-01 MEV
 TOTAL ENERGY CONTENT OF ALL RADIATIONS =  3.415E-01 MEV
 PERCENT ERROR =  1.024E+00                      
%%%% 172 HF  72    EC           5.90127E+07 1.87 Y     02-11-2005       BALAEND 
%%%% 172 HF  72    EC           5.90127E+07 1.87 Y     02-11-2005       INPUSTAR
1                                      **INPUT DATA**
              172-HAFNIUM-72
+                                    HALFLIFE = 1.87 YEARS   
+                                                                  02-11-2005

            MODE OF DECAY: ELECTRON CAPTURE
 
                                MEAN
                                NUMBER/    TRANSITION
                TYPE OF    ID   TRANSFOR-  ENERGY
              TRANSITION   NO.  MATION     (MEV)       OTHER NUCLEAR PARAMETERS

           ELECT. CAPTURE   1   4.65E-02   8.580E-02   ALLOWED                                  
           ELECT. CAPTURE   2   1.61E-02   1.007E-01   FIRST FORBIDDEN                          
           ELECT. CAPTURE   3   5.96E-02   1.057E-01   ALLOWED                                  
           ELECT. CAPTURE   4   1.95E-02   1.340E-01   ALLOWED                                  
           ELECT. CAPTURE   5   2.89E-03   1.414E-01   FIRST FORBIDDEN                          
           ELECT. CAPTURE   6   5.68E-01   1.464E-01   ALLOWED                                  
           ELECT. CAPTURE   7   1.77E-01   1.582E-01   ALLOWED                                  
           ELECT. CAPTURE   8   5.49E-02   2.286E-01   ALLOWED                                  
           ELECT. CAPTURE   9   5.58E-02   2.722E-01   ALLOWED                                  
           I.C.E. + GAMMA   1   2.71E-02   1.180E-02   M1 MULTIPOLE                             
+                                                                    AK= 0.0                    
                                                       AL1=55.0      AL2=5.33                   
                                                       AL3=0.809     AM= 13.9                   
                                                       AN+=3.97                                 
           I.C.E. + GAMMA   2   2.90E-02   1.241E-02   M1 MULTIPOLE                             
+                                                                    AK= 0.0                    
                                                       AL1=179.      AL2=17.1                   
                                                       AL3=2.61      AM= 44.8                   
                                                       AN+=12.8                                 
           I.C.E. + GAMMA   3   4.52E-04   1.994E-02   UNPLACED GAMMA                           
           I.C.E. + GAMMA   5   8.72E-01   2.393E-02   E1 MULTIPOLE                             
+                                                                    AK= 0.0                    
                                                       AL1=0.776     AL2=0.725                  
                                                       AL3=1.04      AM= 0.591                  
                                                       AN+=0.154                                
           I.C.E. + GAMMA   6   1.13E-04   3.460E-02   UNPLACED GAMMA                           
           I.C.E. + GAMMA   7   3.41E-02   4.113E-02   M1+E2 MULTIPOLE                          
                                                       MRS=0.0196    AK= 0.0                    
                                                       AL1=5.89      AL2=1.71                   
                                                       AL3=1.43      AM= 2.09                   
                                                       AN+=0.588                                
           I.C.E. + GAMMA   9   3.90E-01   4.417E-02   E2 MULTIPOLE                             
+                                                                    AK= 0.0                    
                                                       AL1=0.492     AL2=43.1                   
                                                       AL3=49.4      AM= 23.1                   
                                                       AN+=6.15                                 
           I.C.E. + GAMMA  10   8.36E-03   4.817E-02   M1+E2 MULTIPOLE                          
                                                       MRS=0.0400    AK= 0.0                    
                                                       AL1=3.64      AL2=1.43                   
                                                       AL3=1.28      AM= 1.48                   
                                                       AN+=0.413                                
           I.C.E. + GAMMA  11   4.21E-02   6.065E-02   M1 MULTIPOLE                             
+                                                                    AK= 0.0                    
                                                       AL1=1.91      AL2=0.174                  
                                                       AL3=0.0241    AM= 0.477                  
                                                       AN+=0.137                                
           I.C.E. + GAMMA  12   1.05E-01   6.735E-02   E1 MULTIPOLE                             
+                                                                    AK= 0.790                  
                                                       AL1=0.0795    AL2=0.0300                 
                                                       AL3=0.0366    AM= 0.0331                 
                                                       AN+=0.00903                              
           I.C.E. + GAMMA  13   1.35E-02   6.800E-02   E1 MULTIPOLE                             
+                                                                    AK= 0.771                  
                                                       AL1=0.0777    AL2=0.0291                 
                                                       AL3=0.0354    AM= 0.0322                 
                                                       AN+=0.00879                              
           I.C.E. + GAMMA  14   9.90E-02   6.999E-02   M1+E2 MULTIPOLE                          
                                                       MRS=0.0256    AK= 8.77                   
                                                       AL1=1.23      AL2=0.231                  
                                                       AL3=0.139     AM= 0.368                  
                                                       AN+=0.104                                
           I.C.E. + GAMMA  15   1.13E-04   7.390E-02   UNPLACED GAMMA                           
           I.C.E. + GAMMA  16   3.55E-01   8.175E-02   M1+E2 MULTIPOLE                          
                                                       MRS=0.00436   AK= 5.68                   
                                                       AL1=0.800     AL2=0.0816                 
                                                       AL3=0.0197    AM= 0.204                  
                                                       AN+=0.0583                               
           I.C.E. + GAMMA  17   1.13E-03   9.130E-02   UNPLACED GAMMA                           
           I.C.E. + GAMMA  18   9.24E-02   1.141E-01   M1 MULTIPOLE                             
+                                                                    AK= 2.18                   
                                                       AL1=0.307     AL2=0.0269                 
                                                       AL3=0.00360   AM= 0.0761                 
                                                       AN+=0.0218                               
           I.C.E. + GAMMA  19   3.39E-04   1.161E-01   UNPLACED GAMMA                           
           I.C.E. + GAMMA  21   3.02E-02   1.229E-01   M1+E2 MULTIPOLE                          
                                                       MRS=5.29      AK= 0.796                  
                                                       AL1=0.0912    AL2=0.299                  
                                                       AL3=0.259     AM= 0.160                  
                                                       AN+=0.0432                               
           I.C.E. + GAMMA  22   3.35E-01   1.258E-01   M1+E2 MULTIPOLE                          
                                                       MRS=0.0256    AK= 1.62                   
                                                       AL1=0.227     AL2=0.0276                 
                                                       AL3=0.00946   AM= 0.0600                 
                                                       AN+=0.0171                               
           I.C.E. + GAMMA  23   1.73E-02   1.279E-01   E1 MULTIPOLE                             
+                                                                    AK= 0.153                  
                                                       AL1=0.0166    AL2=0.00387                
                                                       AL3=0.00427   AM= 0.00558                
                                                       AN+=0.00156                              
           I.C.E. + GAMMA  24   2.26E-04   1.381E-01   UNPLACED GAMMA                           
           I.C.E. + GAMMA  25   1.13E-04   1.424E-01   UNPLACED GAMMA                           
           I.C.E. + GAMMA  26   1.13E-04   1.488E-01   UNPLACED GAMMA                           
           I.C.E. + GAMMA  27   1.13E-04   1.504E-01   UNPLACED GAMMA                           
           I.C.E. + GAMMA  28   3.08E-03   1.547E-01   M1 MULTIPOLE                             
+                                                                    AK= 0.916                  
                                                       AL1=0.129     AL2=0.0111                 
                                                       AL3=0.00145   AM= 0.0319                 
                                                       AN+=0.00915                              
           I.C.E. + GAMMA  29   1.13E-04   1.722E-01   UNPLACED GAMMA                           
           I.C.E. + GAMMA  30   1.13E-04   1.785E-01   UNPLACED GAMMA                           
           I.C.E. + GAMMA  31   1.13E-04   1.989E-01   UNPLACED GAMMA                           
 
           - - - - - - - - - -
           Reference: Evaluated Nuclear Structure Data File (ENSDF)
                DATE DATA WERE ENTERED INTO ENSDF: Sep-1995
%%%% 172 HF  72    EC           5.90127E+07 1.87 Y     02-11-2005       INPUEND 
%%%% 172 HF  72    EC           5.90127E+07 1.87 Y     02-11-2005       OUTPSTAR
1                                      **OUTPUT DATA**
              172-HAFNIUM-72
+                                    HALFLIFE = 1.87 YEARS   
+                                                                  02-11-2005

            MODE OF DECAY: ELECTRON CAPTURE
 
                                              MEAN
                                              NUMBER/                  MEV/
                                         ID   TRANSFOR-   ENERGY       TRANSFOR-
                  TYPE OF RADIATION      NO.  MATION      (MEV)        MATION

           GAMMA-RAY                      5   2.03E-01    2.393E-02    4.87E-03
           L1 CONV. ELECTRON, GAMMA-RAY   5   1.58E-01    1.309E-02    2.07E-03
           L2 CONV. ELECTRON, GAMMA-RAY   5   1.48E-01    1.356E-02    2.00E-03
           L3 CONV. ELECTRON, GAMMA-RAY   5   2.11E-01    1.469E-02    3.11E-03
           M CONV. ELECTRON, GAMMA-RAY    5   1.20E-01    2.192E-02*   2.63E-03
           N+ CONV. ELECTRON, GAMMA-RAY   5   3.13E-02    2.393E-02*   7.50E-04
           GAMMA-RAY                      7   2.68E-03    4.113E-02    1.10E-04
           L1 CONV. ELECTRON, GAMMA-RAY   7   1.58E-02    3.029E-02    4.78E-04
           L2 CONV. ELECTRON, GAMMA-RAY   7   4.58E-03    3.076E-02    1.41E-04
           L3 CONV. ELECTRON, GAMMA-RAY   7   3.84E-03    3.189E-02    1.22E-04
           M CONV. ELECTRON, GAMMA-RAY    7   5.61E-03    3.911E-02*   2.19E-04
           GAMMA-RAY                      9   3.16E-03    4.417E-02    1.40E-04
           L2 CONV. ELECTRON, GAMMA-RAY   9   1.36E-01    3.380E-02    4.61E-03
           L3 CONV. ELECTRON, GAMMA-RAY   9   1.56E-01    3.493E-02    5.46E-03
           M CONV. ELECTRON, GAMMA-RAY    9   7.30E-02    4.215E-02*   3.08E-03
           N+ CONV. ELECTRON, GAMMA-RAY   9   1.94E-02    4.417E-02*   8.59E-04
           L1 CONV. ELECTRON, GAMMA-RAY  10   3.29E-03    3.733E-02    1.23E-04
           GAMMA-RAY                     11   1.13E-02    6.065E-02    6.85E-04
           L1 CONV. ELECTRON, GAMMA-RAY  11   2.16E-02    4.981E-02    1.08E-03
           L2 CONV. ELECTRON, GAMMA-RAY  11   1.97E-03    5.028E-02    9.88E-05
           M CONV. ELECTRON, GAMMA-RAY   11   5.39E-03    5.863E-02*   3.16E-04
           N+ CONV. ELECTRON, GAMMA-RAY  11   1.54E-03    6.065E-02*   9.36E-05
           GAMMA-RAY                     12   5.31E-02    6.735E-02    3.58E-03
           K CONV. ELECTRON, GAMMA-RAY   12   4.19E-02    3.908E-03    1.64E-04
           L1 CONV. ELECTRON, GAMMA-RAY  12   4.22E-03    5.651E-02    2.39E-04
           L2 CONV. ELECTRON, GAMMA-RAY  12   1.59E-03    5.698E-02    9.08E-05
           L3 CONV. ELECTRON, GAMMA-RAY  12   1.94E-03    5.811E-02    1.13E-04
           M CONV. ELECTRON, GAMMA-RAY   12   1.76E-03    6.533E-02*   1.15E-04
           GAMMA-RAY                     13   6.89E-03    6.800E-02    4.69E-04
           GAMMA-RAY                     14   8.36E-03    6.999E-02    5.85E-04
           K CONV. ELECTRON, GAMMA-RAY   14   7.33E-02    6.548E-03    4.80E-04
           L1 CONV. ELECTRON, GAMMA-RAY  14   1.03E-02    5.915E-02    6.10E-04
           L2 CONV. ELECTRON, GAMMA-RAY  14   1.93E-03    5.962E-02    1.15E-04
           M CONV. ELECTRON, GAMMA-RAY   14   3.08E-03    6.797E-02*   2.09E-04
           GAMMA-RAY                     16   4.52E-02    8.175E-02    3.70E-03
           K CONV. ELECTRON, GAMMA-RAY   16   2.57E-01    1.831E-02    4.70E-03
           L1 CONV. ELECTRON, GAMMA-RAY  16   3.62E-02    7.091E-02    2.56E-03
           L2 CONV. ELECTRON, GAMMA-RAY  16   3.69E-03    7.138E-02    2.63E-04
           M CONV. ELECTRON, GAMMA-RAY   16   9.22E-03    7.974E-02*   7.35E-04
           N+ CONV. ELECTRON, GAMMA-RAY  16   2.64E-03    8.175E-02*   2.16E-04
           GAMMA-RAY                     18   2.55E-02    1.141E-01    2.91E-03
           K CONV. ELECTRON, GAMMA-RAY   18   5.57E-02    5.062E-02    2.82E-03
           L1 CONV. ELECTRON, GAMMA-RAY  18   7.83E-03    1.032E-01    8.08E-04
           M CONV. ELECTRON, GAMMA-RAY   18   1.94E-03    1.120E-01*   2.18E-04
           GAMMA-RAY                     21   1.14E-02    1.229E-01    1.40E-03
           K CONV. ELECTRON, GAMMA-RAY   21   9.09E-03    5.947E-02    5.40E-04
           L1 CONV. ELECTRON, GAMMA-RAY  21   1.04E-03    1.121E-01    1.17E-04
           L2 CONV. ELECTRON, GAMMA-RAY  21   3.42E-03    1.125E-01    3.85E-04
           L3 CONV. ELECTRON, GAMMA-RAY  21   2.95E-03    1.137E-01    3.36E-04
           M CONV. ELECTRON, GAMMA-RAY   21   1.82E-03    1.209E-01*   2.20E-04
           GAMMA-RAY                     22   1.13E-01    1.258E-01    1.42E-02
           K CONV. ELECTRON, GAMMA-RAY   22   1.84E-01    6.237E-02    1.14E-02
           L1 CONV. ELECTRON, GAMMA-RAY  22   2.57E-02    1.150E-01    2.95E-03
           L2 CONV. ELECTRON, GAMMA-RAY  22   3.12E-03    1.154E-01    3.60E-04
           L3 CONV. ELECTRON, GAMMA-RAY  22   1.07E-03    1.166E-01    1.25E-04
           M CONV. ELECTRON, GAMMA-RAY   22   6.78E-03    1.238E-01*   8.40E-04
           N+ CONV. ELECTRON, GAMMA-RAY  22   1.94E-03    1.258E-01*   2.44E-04
           GAMMA-RAY                     23   1.46E-02    1.279E-01    1.86E-03
           K CONV. ELECTRON, GAMMA-RAY   23   2.23E-03    6.447E-02    1.44E-04
           GAMMA-RAY                     28   1.47E-03    1.547E-01    2.27E-04
           K CONV. ELECTRON, GAMMA-RAY   28   1.35E-03    9.128E-02    1.23E-04
           K -L2 X-RAY                        3.42E-01    5.307E-02    1.82E-02
           K -L3 X-RAY                        6.01E-01    5.420E-02    3.26E-02
           K -M2 X-RAY                        6.37E-02    6.118E-02    3.90E-03
           K -M3 X-RAY                        1.23E-01    6.143E-02    7.56E-03
           K -N2 X-RAY                        1.42E-02    6.303E-02    8.98E-04
           K -N3 X-RAY                        2.75E-02    6.309E-02    1.74E-03
           K -O2 X-RAY                        3.21E-03    6.340E-02    2.04E-04
           K -O3 X-RAY                        6.65E-03    6.341E-02    4.22E-04
           L1-M2 X-RAY                        1.48E-02    8.587E-03    1.27E-04
           L1-M3 X-RAY                        1.94E-02    8.829E-03    1.71E-04
           L2-M4 X-RAY                        1.61E-01    8.722E-03    1.40E-03
           L2-N4 X-RAY                        2.89E-02    1.016E-02    2.94E-04
           L3-M1 X-RAY                        1.75E-02    6.773E-03    1.18E-04
           L3-M4 X-RAY                        2.84E-02    7.592E-03    2.16E-04
           L3-M5 X-RAY                        2.51E-01    7.645E-03    1.92E-03
           L3-N5 X-RAY                        4.31E-02    9.044E-03    3.90E-04
           M X-RAY                            7.26E-02    1.570E-03*   1.14E-04
           Free-Bound X-RAY                   2.66E+01    1.400E-05*   3.73E-04
           AUGER KLL                          3.96E-02    4.323E-02*   1.71E-03
           AUGER KLX                          2.04E-02    5.151E-02*   1.05E-03
           AUGER KXY                          2.52E-03    5.980E-02*   1.51E-04
           CK LLX                             5.60E-01    5.365E-04*   3.01E-04
           AUGER LMM                          1.25E+00    6.002E-03*   7.52E-03
           AUGER LMX                          4.58E-01    7.560E-03*   3.46E-03
           AUGER LXY                          4.25E-02    9.150E-03*   3.89E-04
           CK MMX                             1.73E+00    2.691E-04*   4.65E-04
           AUGER MNN                          3.96E+00    1.310E-03*   5.18E-03
           AUGER MNX                          1.90E-01    1.486E-03*   2.83E-04
           CK NNX                             9.50E+00    1.565E-04*   1.49E-03
 
           ALL LISTED X-RAYS, GAMMA-RAYS AND ANNIHILATION RADIATION    1.05E-01
           ALL NEGLECTED X-RAYS, GAMMA-RAYS AND ANNIH. RADIATION**     8.21E-04
           ALL LISTED BETAS, INTERNAL CONVERSION AND AUGER ELECTRONS   8.15E-02
           ALL NEGLECTED BETAS, INT. CONVERSION AND AUGER ELECTRONS**  1.32E-03
           ALL LISTED RADIATIONS                                       1.87E-01
           ALL NEGLECTED RADIATIONS**                                  2.14E-03
 
           *  AVERAGE ENERGY (MEV)
           ** EACH NEGLECTED TRANSITION CONTRIBUTES LESS THAN  0.100%
              TO THE TOTAL MEV/TRANSFORMATION FOR THIS CATEGORY.
           TOTAL FEEDING OF 0.041860 MEV ISOMERIC LEVEL IN 172-LUTETIUM    
             DAUGHTER IS 9.9331E-01 PER TRANSFORMATION OF 172-HAFNIUM.
             DECAY OF THIS 3.7 MINUTES HALFLIFE LEVEL WILL CONTRIBUTE TO DOSE.
           TOTAL FEEDING OF GROUND STATE LEVEL IN 172-LUTETIUM
             DAUGHTER IS 6.6918E-03 PER TRANSFORMATION OF 172-HAFNIUM.
             DECAY OF THIS 6.7 DAYS HALFLIFE LEVEL WILL CONTRIBUTE TO DOSE.
           - - - - - - - - - -
           INPUT DATA SOURCE: EVALUATED NUCLEAR STRUCTURE DATA FILE (ENSDF)
             DATE INPUT DATA WERE ENTERED INTO ENSDF: Sep-1995
%%%% 172 HF  72    EC           5.90127E+07 1.87 Y     02-11-2005       OUTPEND 
%%%% 172 HF  72    EC           5.90127E+07 1.87 Y     02-11-2005       SEEISTAR
172.  HAFNIUM      72.  1.870E+00 YEARS    192 EC                   172.HF 72.   0
 1 1  3.39000E-02  1.18000E-02  1.18000E-02  0.00000E+00            172.HF 72.   1   1
 6 5  1.86546E+00  9.55001E-04  9.55001E-04  1.00000E+00            172.HF 72.   2   5
 6 6  1.80729E-01  1.42700E-03  1.42700E-03  1.00000E+00            172.HF 72.   3   6
 6 7  2.74350E-02  2.55680E-03  2.55680E-03  1.00000E+00            172.HF 72.   4   7
 6 3  4.69845E-01  9.78390E-03  9.78390E-03  1.00000E+00            172.HF 72.   5   3
 6 4  1.34632E-01  1.18000E-02  1.18000E-02  1.00000E+00            172.HF 72.   6   4
 1 2  1.13000E-02  1.24100E-02  1.24100E-02  0.00000E+00            172.HF 72.   7   2
 6 5  2.01926E+00  1.56500E-03  1.56500E-03  2.00000E+00            172.HF 72.   8   5
 6 6  1.93277E-01  2.03700E-03  2.03700E-03  2.00000E+00            172.HF 72.   9   6
 6 7  2.95276E-02  3.16680E-03  3.16680E-03  2.00000E+00            172.HF 72.  10   7
 6 3  5.05801E-01  1.03939E-02  1.03939E-02  2.00000E+00            172.HF 72.  11   3
 6 4  1.44933E-01  1.24100E-02  1.24100E-02  2.00000E+00            172.HF 72.  12   4
 1 3  4.52000E-02  1.99400E-02  1.99400E-02  0.00000E+00            172.HF 72.  13   3
 1 5  2.03400E+01  2.39331E-02  2.39331E-02  0.00000E+00            172.HF 72.  14   5
 6 5  1.57876E+01  1.30881E-02  1.30881E-02  5.00000E+00            172.HF 72.  15   5
 6 6  1.47558E+01  1.35601E-02  1.35601E-02  5.00000E+00            172.HF 72.  16   6
 6 7  2.11371E+01  1.46899E-02  1.46899E-02  5.00000E+00            172.HF 72.  17   7
 6 3  1.20187E+01  2.19170E-02  2.19170E-02  5.00000E+00            172.HF 72.  18   3
 6 4  3.13193E+00  2.39331E-02  2.39331E-02  5.00000E+00            172.HF 72.  19   4
 1 6  1.13000E-02  3.46000E-02  3.46000E-02  0.00000E+00            172.HF 72.  20   6
 1 7  2.67810E-01  4.11300E-02  4.11300E-02  0.00000E+00            172.HF 72.  21   7
 6 5  1.57869E+00  3.02850E-02  3.02850E-02  7.00000E+00            172.HF 72.  22   5
 6 6  4.57833E-01  3.07570E-02  3.07570E-02  7.00000E+00            172.HF 72.  23   6
 6 7  3.83572E-01  3.18868E-02  3.18868E-02  7.00000E+00            172.HF 72.  24   7
 6 3  5.60691E-01  3.91139E-02  3.91139E-02  7.00000E+00            172.HF 72.  25   3
 6 4  1.57462E-01  4.11300E-02  4.11300E-02  7.00000E+00            172.HF 72.  26   4
 1 9  3.16400E-01  4.41700E-02  4.41700E-02  0.00000E+00            172.HF 72.  27   9
 6 5  1.55744E-01  3.33250E-02  3.33250E-02  9.00000E+00            172.HF 72.  28   5
 6 6  1.36494E+01  3.37970E-02  3.37970E-02  9.00000E+00            172.HF 72.  29   6
 6 7  1.56241E+01  3.49268E-02  3.49268E-02  9.00000E+00            172.HF 72.  30   7
 6 3  7.29984E+00  4.21539E-02  4.21539E-02  9.00000E+00            172.HF 72.  31   3
 6 4  1.94428E+00  4.41700E-02  4.41700E-02  9.00000E+00            172.HF 72.  32   4
 110  9.04000E-02  4.81700E-02  4.81700E-02  0.00000E+00            172.HF 72.  33  10
 6 5  3.29324E-01  3.73250E-02  3.73250E-02  1.00000E+01            172.HF 72.  34   5
 6 6  1.28894E-01  3.77970E-02  3.77970E-02  1.00000E+01            172.HF 72.  35   6
 6 7  1.15479E-01  3.89268E-02  3.89268E-02  1.00000E+01            172.HF 72.  36   7
 6 3  1.34076E-01  4.61539E-02  4.61539E-02  1.00000E+01            172.HF 72.  37   3
 6 4  3.73714E-02  4.81700E-02  4.81700E-02  1.00000E+01            172.HF 72.  38   4
 111  1.13000E+00  6.06500E-02  6.06500E-02  0.00000E+00            172.HF 72.  39  11
 6 5  2.16161E+00  4.98050E-02  4.98050E-02  1.10000E+01            172.HF 72.  40   5
 6 6  1.96557E-01  5.02770E-02  5.02770E-02  1.10000E+01            172.HF 72.  41   6
 6 7  2.72155E-02  5.14068E-02  5.14068E-02  1.10000E+01            172.HF 72.  42   7
 6 3  5.39221E-01  5.86339E-02  5.86339E-02  1.10000E+01            172.HF 72.  43   3
 6 4  1.54302E-01  6.06500E-02  6.06500E-02  1.10000E+01            172.HF 72.  44   4
 112  5.31100E+00  6.73500E-02  6.73500E-02  0.00000E+00            172.HF 72.  45  12
 6 1  4.19398E+00  3.90800E-03  3.90800E-03  1.20000E+01            172.HF 72.  46   1
 6 5  4.22296E-01  5.65050E-02  5.65050E-02  1.20000E+01            172.HF 72.  47   5
 6 6  1.59330E-01  5.69770E-02  5.69770E-02  1.20000E+01            172.HF 72.  48   6
 6 7  1.94145E-01  5.81068E-02  5.81068E-02  1.20000E+01            172.HF 72.  49   7
 6 3  1.75578E-01  6.53339E-02  6.53339E-02  1.20000E+01            172.HF 72.  50   3
 6 4  4.79621E-02  6.73500E-02  6.73500E-02  1.20000E+01            172.HF 72.  51   4
 113  6.89300E-01  6.80000E-02  6.80000E-02  0.00000E+00            172.HF 72.  52  13
 6 1  5.31450E-01  4.55800E-03  4.55800E-03  1.30000E+01            172.HF 72.  53   1
 6 5  5.35586E-02  5.71550E-02  5.71550E-02  1.30000E+01            172.HF 72.  54   5
 6 6  2.00586E-02  5.76270E-02  5.76270E-02  1.30000E+01            172.HF 72.  55   6
 6 7  2.44036E-02  5.87568E-02  5.87568E-02  1.30000E+01            172.HF 72.  56   7
 6 3  2.21853E-02  6.59839E-02  6.59839E-02  1.30000E+01            172.HF 72.  57   3
 6 4  6.06201E-03  6.80000E-02  6.80000E-02  1.30000E+01            172.HF 72.  58   4
 114  8.36200E-01  6.99900E-02  6.99900E-02  0.00000E+00            172.HF 72.  59  14
 6 1  7.33094E+00  6.54800E-03  6.54800E-03  1.40000E+01            172.HF 72.  60   1
 6 5  1.03103E+00  5.91450E-02  5.91450E-02  1.40000E+01            172.HF 72.  61   5
 6 6  1.93166E-01  5.96170E-02  5.96170E-02  1.40000E+01            172.HF 72.  62   6
 6 7  1.16162E-01  6.07468E-02  6.07468E-02  1.40000E+01            172.HF 72.  63   7
 6 3  3.07877E-01  6.79739E-02  6.79739E-02  1.40000E+01            172.HF 72.  64   3
 6 4  8.71402E-02  6.99900E-02  6.99900E-02  1.40000E+01            172.HF 72.  65   4
 115  1.13000E-02  7.39000E-02  7.39000E-02  0.00000E+00            172.HF 72.  66  15
 116  4.52000E+00  8.17513E-02  8.17513E-02  0.00000E+00            172.HF 72.  67  16
 6 1  2.56792E+01  1.83093E-02  1.83093E-02  1.60000E+01            172.HF 72.  68   1
 6 5  3.61680E+00  7.09063E-02  7.09063E-02  1.60000E+01            172.HF 72.  69   5
 6 6  3.68659E-01  7.13783E-02  7.13783E-02  1.60000E+01            172.HF 72.  70   6
 6 7  8.88759E-02  7.25081E-02  7.25081E-02  1.60000E+01            172.HF 72.  71   7
 6 3  9.21907E-01  7.97352E-02  7.97352E-02  1.60000E+01            172.HF 72.  72   3
 6 4  2.63626E-01  8.17513E-02  8.17513E-02  1.60000E+01            172.HF 72.  73   4
 117  1.13000E-01  9.13000E-02  9.13000E-02  0.00000E+00            172.HF 72.  74  17
 118  2.55380E+00  1.14061E-01  1.14061E-01  0.00000E+00            172.HF 72.  75  18
 6 1  5.57390E+00  5.06190E-02  5.06190E-02  1.80000E+01            172.HF 72.  76   1
 6 5  7.82808E-01  1.03216E-01  1.03216E-01  1.80000E+01            172.HF 72.  77   5
 6 6  6.87524E-02  1.03688E-01  1.03688E-01  1.80000E+01            172.HF 72.  78   6
 6 7  9.18345E-03  1.04818E-01  1.04818E-01  1.80000E+01            172.HF 72.  79   7
 6 3  1.94336E-01  1.12045E-01  1.12045E-01  1.80000E+01            172.HF 72.  80   3
 6 4  5.57318E-02  1.14061E-01  1.14061E-01  1.80000E+01            172.HF 72.  81   4
 119  3.39000E-02  1.16100E-01  1.16100E-01  0.00000E+00            172.HF 72.  82  19
 121  1.14130E+00  1.22916E-01  1.22916E-01  0.00000E+00            172.HF 72.  83  21
 6 1  9.08601E-01  5.94740E-02  5.94740E-02  2.10000E+01            172.HF 72.  84   1
 6 5  1.04102E-01  1.12071E-01  1.12071E-01  2.10000E+01            172.HF 72.  85   5
 6 6  3.41808E-01  1.12543E-01  1.12543E-01  2.10000E+01            172.HF 72.  86   6
 6 7  2.95286E-01  1.13673E-01  1.13673E-01  2.10000E+01            172.HF 72.  87   7
 6 3  1.82372E-01  1.20900E-01  1.20900E-01  2.10000E+01            172.HF 72.  88   3
 6 4  4.92572E-02  1.22916E-01  1.22916E-01  2.10000E+01            172.HF 72.  89   4
 122  1.13000E+01  1.25812E-01  1.25812E-01  0.00000E+00            172.HF 72.  90  22
 6 1  1.83570E+01  6.23700E-02  6.23700E-02  2.20000E+01            172.HF 72.  91   1
 6 5  2.56893E+00  1.14967E-01  1.14967E-01  2.20000E+01            172.HF 72.  92   5
 6 6  3.11971E-01  1.15439E-01  1.15439E-01  2.20000E+01            172.HF 72.  93   6
 6 7  1.06877E-01  1.16569E-01  1.16569E-01  2.20000E+01            172.HF 72.  94   7
 6 3  6.78309E-01  1.23796E-01  1.23796E-01  2.20000E+01            172.HF 72.  95   3
 6 4  1.93706E-01  1.25812E-01  1.25812E-01  2.20000E+01            172.HF 72.  96   4
 123  1.45770E+00  1.27910E-01  1.27910E-01  0.00000E+00            172.HF 72.  97  23
 6 1  2.22680E-01  6.44680E-02  6.44680E-02  2.30000E+01            172.HF 72.  98   1
 6 5  2.42608E-02  1.17065E-01  1.17065E-01  2.30000E+01            172.HF 72.  99   5
 6 6  5.64387E-03  1.17537E-01  1.17537E-01  2.30000E+01            172.HF 72. 100   6
 6 7  6.23009E-03  1.18667E-01  1.18667E-01  2.30000E+01            172.HF 72. 101   7
 6 3  8.13824E-03  1.25894E-01  1.25894E-01  2.30000E+01            172.HF 72. 102   3
 6 4  2.27036E-03  1.27910E-01  1.27910E-01  2.30000E+01            172.HF 72. 103   4
 124  2.26000E-02  1.38100E-01  1.38100E-01  0.00000E+00            172.HF 72. 104  24
 125  1.13000E-02  1.42400E-01  1.42400E-01  0.00000E+00            172.HF 72. 105  25
 126  1.13000E-02  1.48800E-01  1.48800E-01  0.00000E+00            172.HF 72. 106  26
 127  1.13000E-02  1.50400E-01  1.50400E-01  0.00000E+00            172.HF 72. 107  27
 128  1.46900E-01  1.54720E-01  1.54720E-01  0.00000E+00            172.HF 72. 108  28
 6 1  1.34580E-01  9.12780E-02  9.12780E-02  2.80000E+01            172.HF 72. 109   1
 6 5  1.89740E-02  1.43875E-01  1.43875E-01  2.80000E+01            172.HF 72. 110   5
 6 6  1.62379E-03  1.44347E-01  1.44347E-01  2.80000E+01            172.HF 72. 111   6
 6 7  2.12977E-04  1.45477E-01  1.45477E-01  2.80000E+01            172.HF 72. 112   7
 6 3  4.67951E-03  1.52704E-01  1.52704E-01  2.80000E+01            172.HF 72. 113   3
 6 4  1.34396E-03  1.54720E-01  1.54720E-01  2.80000E+01            172.HF 72. 114   4
 129  1.13000E-02  1.72200E-01  1.72200E-01  0.00000E+00            172.HF 72. 115  29
 130  1.13000E-02  1.78500E-01  1.78500E-01  0.00000E+00            172.HF 72. 116  30
 131  1.13000E-02  1.98900E-01  1.98900E-01  0.00000E+00            172.HF 72. 117  31
 2 1  3.42347E+01  5.30692E-02  5.30692E-02  0.00000E+00            172.HF 72. 118   1
 2 2  6.01149E+01  5.41988E-02  5.41988E-02  0.00000E+00            172.HF 72. 119   2
 2 3  6.37000E+00  6.11839E-02  6.11839E-02  0.00000E+00            172.HF 72. 120   3
 2 4  1.23077E+01  6.14258E-02  6.14258E-02  0.00000E+00            172.HF 72. 121   4
 2 5  1.25052E-01  6.17912E-02  6.17912E-02  0.00000E+00            172.HF 72. 122   5
 2 6  1.59893E-01  6.18442E-02  6.18442E-02  0.00000E+00            172.HF 72. 123   6
 2 7  1.42422E+00  6.30318E-02  6.30318E-02  0.00000E+00            172.HF 72. 124   7
 2 8  2.75361E+00  6.30870E-02  6.30870E-02  0.00000E+00            172.HF 72. 125   8
 2 9  2.91184E-02  6.32325E-02  6.32325E-02  0.00000E+00            172.HF 72. 126   9
 210  3.70287E-02  6.32426E-02  6.32426E-02  0.00000E+00            172.HF 72. 127  10
 211  3.21033E-01  6.34003E-02  6.34003E-02  0.00000E+00            172.HF 72. 128  11
 212  6.65302E-01  6.34078E-02  6.34078E-02  0.00000E+00            172.HF 72. 129  12
 213  1.32152E-04  6.34375E-02  6.34375E-02  0.00000E+00            172.HF 72. 130  13
 214  1.56561E-04  6.34380E-02  6.34380E-02  0.00000E+00            172.HF 72. 131  14
 221  8.40718E-04  4.71999E-04  4.71999E-04  0.00000E+00            172.HF 72. 132  21
 222  7.64876E-02  1.60180E-03  1.60180E-03  0.00000E+00            172.HF 72. 133  22
 223  1.48044E+00  8.58698E-03  8.58698E-03  0.00000E+00            172.HF 72. 134  23
 224  1.93574E+00  8.82888E-03  8.82888E-03  0.00000E+00            172.HF 72. 135  24
 225  3.93453E-02  9.19420E-03  9.19420E-03  0.00000E+00            172.HF 72. 136  25
 226  5.89154E-02  9.24720E-03  9.24720E-03  0.00000E+00            172.HF 72. 137  26
 227  3.57258E-01  1.04348E-02  1.04348E-02  0.00000E+00            172.HF 72. 138  27
 228  4.90730E-01  1.04899E-02  1.04899E-02  0.00000E+00            172.HF 72. 139  28
 229  5.41334E-03  1.06356E-02  1.06356E-02  0.00000E+00            172.HF 72. 140  29
 230  8.40718E-03  1.06457E-02  1.06457E-02  0.00000E+00            172.HF 72. 141  30
 231  4.88898E-02  1.08035E-02  1.08035E-02  0.00000E+00            172.HF 72. 142  31
 232  6.45247E-02  1.08108E-02  1.08108E-02  0.00000E+00            172.HF 72. 143  32
 233  2.27568E-05  1.08405E-02  1.08405E-02  0.00000E+00            172.HF 72. 144  33
 234  3.31782E-05  1.08410E-02  1.08410E-02  0.00000E+00            172.HF 72. 145  34
 241  1.49267E-04  1.12980E-03  1.12980E-03  0.00000E+00            172.HF 72. 146  41
 242  4.74186E-01  7.90249E-03  7.90249E-03  0.00000E+00            172.HF 72. 147  42
 243  1.30545E-02  8.35691E-03  8.35691E-03  0.00000E+00            172.HF 72. 148  43
 244  1.60774E+01  8.72221E-03  8.72221E-03  0.00000E+00            172.HF 72. 149  44
 245  1.07939E-01  9.87516E-03  9.87516E-03  0.00000E+00            172.HF 72. 150  45
 246  3.27829E-03  1.00179E-02  1.00179E-02  0.00000E+00            172.HF 72. 151  46
 247  2.89319E+00  1.01636E-02  1.01636E-02  0.00000E+00            172.HF 72. 152  47
 248  5.95025E-03  1.03540E-02  1.03540E-02  0.00000E+00            172.HF 72. 153  48
 249  2.00701E-02  1.03067E-02  1.03067E-02  0.00000E+00            172.HF 72. 154  49
 250  7.08096E-04  1.03388E-02  1.03388E-02  0.00000E+00            172.HF 72. 155  50
 251  1.26822E-02  1.03685E-02  1.03685E-02  0.00000E+00            172.HF 72. 156  51
 261  1.74588E+00  6.77270E-03  6.77270E-03  0.00000E+00            172.HF 72. 157  61
 262  1.38981E-02  6.98521E-03  6.98521E-03  0.00000E+00            172.HF 72. 158  62
 263  1.26364E-02  7.22710E-03  7.22710E-03  0.00000E+00            172.HF 72. 159  63
 264  2.83850E+00  7.59238E-03  7.59238E-03  0.00000E+00            172.HF 72. 160  64
 265  2.50652E+01  7.64541E-03  7.64541E-03  0.00000E+00            172.HF 72. 161  65
 266  2.96100E-01  8.74533E-03  8.74533E-03  0.00000E+00            172.HF 72. 162  66
 267  2.72703E-03  8.83300E-03  8.83300E-03  0.00000E+00            172.HF 72. 163  67
 268  2.66254E-03  8.88814E-03  8.88814E-03  0.00000E+00            172.HF 72. 164  68
 269  4.81909E-01  9.03382E-03  9.03382E-03  0.00000E+00            172.HF 72. 165  69
 270  4.31342E+00  9.04389E-03  9.04389E-03  0.00000E+00            172.HF 72. 166  70
 271  1.71884E-03  9.22424E-03  9.22424E-03  0.00000E+00            172.HF 72. 167  71
 272  9.64498E-03  9.22588E-03  9.22588E-03  0.00000E+00            172.HF 72. 168  72
 273  5.85886E-02  9.17688E-03  9.17688E-03  0.00000E+00            172.HF 72. 169  73
 274  5.98695E-04  9.20169E-03  9.20169E-03  0.00000E+00            172.HF 72. 170  74
 275  5.43368E-04  9.20899E-03  9.20899E-03  0.00000E+00            172.HF 72. 171  75
 276  2.09780E-03  9.23875E-03  9.23875E-03  0.00000E+00            172.HF 72. 172  76
 277  1.75449E-02  9.23916E-03  9.23916E-03  0.00000E+00            172.HF 72. 173  77
 291  7.25915E+00  1.57013E-03  1.57013E-03  0.00000E+00            172.HF 72. 174  91
 292  1.71467E-01  2.10384E-04  2.10384E-04  0.00000E+00            172.HF 72. 175  92
 293  1.48589E-04  3.08062E-05  3.08062E-05  0.00000E+00            172.HF 72. 176  93
 294  2.66363E+03  1.40000E-05  1.40000E-05  0.00000E+00            172.HF 72. 177  94
 7 1  3.95784E+00  4.32341E-02  4.32341E-02  0.00000E+00            172.HF 72. 178   1
 7 2  2.03604E+00  5.15128E-02  5.15128E-02  0.00000E+00            172.HF 72. 179   2
 7 3  2.51779E-01  5.98022E-02  5.98022E-02  0.00000E+00            172.HF 72. 180   3
 7 4  5.60217E+01  5.36462E-04  5.36462E-04  0.00000E+00            172.HF 72. 181   4
 7 5  1.25254E+02  6.00209E-03  6.00209E-03  0.00000E+00            172.HF 72. 182   5
 7 6  4.58160E+01  7.56019E-03  7.56019E-03  0.00000E+00            172.HF 72. 183   6
 7 7  4.24802E+00  9.14995E-03  9.14995E-03  0.00000E+00            172.HF 72. 184   7
 7 8  1.72887E+02  2.69095E-04  2.69095E-04  0.00000E+00            172.HF 72. 185   8
 7 9  3.95621E+02  1.31020E-03  1.31020E-03  0.00000E+00            172.HF 72. 186   9
 710  1.90377E+01  1.48642E-03  1.48642E-03  0.00000E+00            172.HF 72. 187  10
 711  1.23529E+00  1.69167E-03  1.69167E-03  0.00000E+00            172.HF 72. 188  11
 712  9.50249E+02  1.56475E-04  1.56475E-04  0.00000E+00            172.HF 72. 189  12
 713  2.91582E+01  2.67017E-04  2.67017E-04  0.00000E+00            172.HF 72. 190  13
 714  2.33224E+02  9.99700E-06  9.99700E-06  0.00000E+00            172.HF 72. 191  14
 715  3.29301E+02  2.16363E-05  2.16363E-05  0.00000E+00            172.HF 72. 192  15
%%%% 172 HF  72    EC           5.90127E+07 1.87 Y     02-11-2005       SEEIEND 
 


   ***************************************************** 
   *                 Radiation Summary                 * 
   ***************************************************** 
 
  Energy released by
    Gamma-ray                       (MeV) =   3.48026E-02
    X-ray                           (MeV) =   7.06811E-02
    Free-bound X-ray                (MeV) =   3.72909E-04
    Annihilation photon             (MeV) =   0.00000E+00
    Beta+ particle                  (MeV) =   0.00000E+00
    Neutrino                        (MeV) =   1.09949E-01
    Beta- particle                  (MeV) =   0.00000E+00
    Neutrino-                       (MeV) =   0.00000E+00
    Internal conv. electron         (MeV) =   6.06497E-02
    Auger and CK electron           (MeV) =   2.21933E-02
    Alpha particle                  (MeV) =   0.00000E+00
    Recoil nucleus                  (MeV) =   0.00000E+00
  E-total (except unplaced radiat.) (MeV) =   2.98648E-01
  E-unplaced radiation              (MeV) =   3.07017E-04
  Q-value from ENSDF data           (MeV) =   3.38000E-01
  Ratio of E-total/Q-value          ( % ) =   8.83575E+01
  Ratio of E-unplaced radi./Q-value ( % ) =   9.08333E-02

 
  Total yield of
    Gamma-ray                             =   5.01460E-01
    X-ray                                 =   1.85013E+00
    Free-bound X-ray                      =   2.66363E+01
    Annihilation photon                   =   0.00000E+00
    Beta+ particle                        =   0.00000E+00
    Beta- particle                        =   0.00000E+00
    Internal conv. electron               =   1.95108E+00
    Auger and CK electron                 =   2.36830E+01
    Alpha particle                        =   0.00000E+00
  Yield of unplaced radiation             =   3.05100E-03


