%%%% 174 HF  72    A            6.31152E+22 2.0E+15 Y  02-11-2005       BALASTAR
1 174   HF  72 2.0E+15 Y       A          
1INTENSITY AND ENERGY BALANCE DATA

              174-HAFNIUM-72
+                                    HALFLIFE = 0.2E+16 YEARS   
+                                                                  02-11-2005


    LEVEL       INTENSITY   INTENSITY
    ENERGY      ENTERING    LEAVING     PERCENT
    (MEV)       LEVEL       LEVEL       ERROR

   0.0000E+00  1.0000E+02


 INTENSITY TO GROUND AND ISOMERIC STATE(S) OF DAUGHTER(S)=  1.000E+02
 TOTAL INTENSITY FROM PARENT=  1.000E+02
 PERCENT ERROR =  0.000E+00                      


 TOTAL INTENSITY FROM PARENT =  1.000E+02
 VALUE IS WITHIN   0.00E+00% OF 100                      


 TOTAL ENERGY AVAILABLE =  2.495E+00 MEV
 TOTAL ENERGY CONTENT OF ALL RADIATIONS =  2.495E+00 MEV
 PERCENT ERROR =  0.000E+00                      
%%%% 174 HF  72    A            6.31152E+22 2.0E+15 Y  02-11-2005       BALAEND 
%%%% 174 HF  72    A            6.31152E+22 2.0E+15 Y  02-11-2005       INPUSTAR
1                                      **INPUT DATA**
              174-HAFNIUM-72
+                                    HALFLIFE = 0.2E+16 YEARS   
+                                                                  02-11-2005

            MODE OF DECAY: ALPHA
 
                                MEAN
                                NUMBER/    TRANSITION
                TYPE OF    ID   TRANSFOR-  ENERGY
              TRANSITION   NO.  MATION     (MEV)       OTHER NUCLEAR PARAMETERS

                    ALPHA   1   1.00E+00   2.495E+00                                            
 
           - - - - - - - - - -
           Reference: Evaluated Nuclear Structure Data File (ENSDF)
                DATE DATA WERE ENTERED INTO ENSDF: Nov-2002
%%%% 174 HF  72    A            6.31152E+22 2.0E+15 Y  02-11-2005       INPUEND 
%%%% 174 HF  72    A            6.31152E+22 2.0E+15 Y  02-11-2005       OUTPSTAR
1                                      **OUTPUT DATA**
              174-HAFNIUM-72
+                                    HALFLIFE = 0.2E+16 YEARS   
+                                                                  02-11-2005

            MODE OF DECAY: ALPHA
 
                                              MEAN
                                              NUMBER/                  MEV/
                                         ID   TRANSFOR-   ENERGY       TRANSFOR-
                  TYPE OF RADIATION      NO.  MATION      (MEV)        MATION

           ALPHA                          1   1.00E+00    2.437E+00    2.44E+00
           RECOIL ATOM                        1.00E+00    5.739E-02    5.74E-02
 
           ALL LISTED ALPHA PARTICLES AND  RECOIL NUCLEI               2.49E+00
           ALL LISTED RADIATIONS                                       2.49E+00
 
           TOTAL FEEDING OF GROUND STATE LEVEL IN 170-YTTERBIUM
             DAUGHTER IS 1.0000E+00 PER TRANSFORMATION OF 174-HAFNIUM.
             THIS DAUGHTER GROUND STATE IS STABLE.
           - - - - - - - - - -
           INPUT DATA SOURCE: EVALUATED NUCLEAR STRUCTURE DATA FILE (ENSDF)
             DATE INPUT DATA WERE ENTERED INTO ENSDF: Nov-2002
%%%% 174 HF  72    A            6.31152E+22 2.0E+15 Y  02-11-2005       OUTPEND 
%%%% 174 HF  72    A            6.31152E+22 2.0E+15 Y  02-11-2005       SEEISTAR
174.  HAFNIUM      72.  2.000E+15 YEARS      1 A                    174.HF 72.   0
 8 1  1.00000E+02  2.43741E+00  5.73881E-02  0.00000E+00            174.HF 72.   1   1
%%%% 174 HF  72    A            6.31152E+22 2.0E+15 Y  02-11-2005       SEEIEND 
 


   ***************************************************** 
   *                 Radiation Summary                 * 
   ***************************************************** 
 
  Energy released by
    Gamma-ray                       (MeV) =   0.00000E+00
    X-ray                           (MeV) =   0.00000E+00
    Free-bound X-ray                (MeV) =   0.00000E+00
    Annihilation photon             (MeV) =   0.00000E+00
    Beta+ particle                  (MeV) =   0.00000E+00
    Neutrino                        (MeV) =   0.00000E+00
    Beta- particle                  (MeV) =   0.00000E+00
    Neutrino-                       (MeV) =   0.00000E+00
    Internal conv. electron         (MeV) =   0.00000E+00
    Auger and CK electron           (MeV) =   0.00000E+00
    Alpha particle                  (MeV) =   2.43741E+00
    Recoil nucleus                  (MeV) =   5.73881E-02
  E-total (except unplaced radiat.) (MeV) =   2.49480E+00
  E-unplaced radiation              (MeV) =   0.00000E+00
  Q-value from ENSDF data           (MeV) =   2.49480E+00
  Ratio of E-total/Q-value          ( % ) =   1.00000E+02
  Ratio of E-unplaced radi./Q-value ( % ) =   0.00000E+00

 
  Total yield of
    Gamma-ray                             =   0.00000E+00
    X-ray                                 =   0.00000E+00
    Free-bound X-ray                      =   0.00000E+00
    Annihilation photon                   =   0.00000E+00
    Beta+ particle                        =   0.00000E+00
    Beta- particle                        =   0.00000E+00
    Internal conv. electron               =   0.00000E+00
    Auger and CK electron                 =   0.00000E+00
    Alpha particle                        =   1.00000E+00
  Yield of unplaced radiation             =   0.00000E+00


