%%%% 179 HF  72 M  IT           2.16432E+06 25.05 D    02-11-2005       BALASTAR
1 179M  HF  72 25.05 D         IT         
1INTENSITY AND ENERGY BALANCE DATA

              179M-HAFNIUM-72
+                                    HALFLIFE = 25.05 DAYS    
+                                                                  02-11-2005


    LEVEL       INTENSITY   INTENSITY
    ENERGY      ENTERING    LEAVING     PERCENT
    (MEV)       LEVEL       LEVEL       ERROR

   0.0000E+00  1.0281E+02
   1.2270E-01  8.4643E+01  9.0338E+01  6.5091E+00                      
   2.6885E-01  7.7723E+01  7.5519E+01  2.8763E+00                      
   4.3864E-01  5.7065E+01  5.8023E+01  1.6653E+00                      
   6.3133E-01  8.2214E+01  7.6229E+01  7.5544E+00                      
   8.4839E-01  3.0765E+01  3.5055E+01  1.3037E+01  ********************
   1.0849E+00  9.3908E+01  9.4607E+01  7.4195E-01                      
   1.1058E+00  9.9357E+01  9.9357E+01  0.0000E+00                      


 INTENSITY TO GROUND AND ISOMERIC STATE(S) OF DAUGHTER(S)=  1.028E+02
 TOTAL INTENSITY FROM PARENT=  9.936E+01
 PERCENT ERROR =  3.360E+00                      


 TOTAL INTENSITY FROM PARENT =  9.936E+01
 VALUE IS WITHIN   6.43E-01% OF 100                      


 TOTAL ENERGY AVAILABLE =  1.099E+00 MEV
 TOTAL ENERGY CONTENT OF ALL RADIATIONS =  1.110E+00 MEV
 PERCENT ERROR =  1.041E+00                      
%%%% 179 HF  72 M  IT           2.16432E+06 25.05 D    02-11-2005       BALAEND 
%%%% 179 HF  72 M  IT           2.16432E+06 25.05 D    02-11-2005       INPUSTAR
1                                      **INPUT DATA**
              179M-HAFNIUM-72
+                                    HALFLIFE = 25.05 DAYS    
+                                                                  02-11-2005

            MODE OF DECAY: ISOMERIC LEVEL
 
                                MEAN
                                NUMBER/    TRANSITION
                TYPE OF    ID   TRANSFOR-  ENERGY
              TRANSITION   NO.  MATION     (MEV)       OTHER NUCLEAR PARAMETERS

           I.C.E. + GAMMA   1   9.39E-01   2.103E-02   M2 MULTIPOLE                             
+                                                                    AK= 0.0                    
                                                       AL1=5.54E+03  AL2=293.                   
                                                       AL3=3.19E+03  AM= 2.37E+03               
                                                       AN+=685.                                 
           I.C.E. + GAMMA   2   9.03E-01   1.227E-01   M1+E2 MULTIPOLE                          
                                                       MRS=0.0729    AK= 1.84                   
                                                       AL1=0.260     AL2=0.0488                 
                                                       AL3=0.0255    AM= 0.0768                 
                                                       AN+=0.0220                               
           I.C.E. + GAMMA   3   6.30E-01   1.462E-01   M1+E2 MULTIPOLE                          
                                                       MRS=0.152     AK= 1.07                   
                                                       AL1=0.150     AL2=0.0357                 
                                                       AL3=0.0203    AM= 0.0477                 
                                                       AN+=0.0136                               
           I.C.E. + GAMMA   4   3.64E-01   1.698E-01   M1+E2 MULTIPOLE                          
                                                       MRS=0.109     AK= 0.721                  
                                                       AL1=0.101     AL2=0.0172                 
                                                       AL3=0.00779   AM= 0.0289                 
                                                       AN+=0.00832                              
           I.C.E. + GAMMA   5   3.49E-01   1.927E-01   M1+E2 MULTIPOLE                          
                                                       MRS=0.0676    AK= 0.520                  
                                                       AL1=0.0729    AL2=0.00932                
                                                       AL3=0.00312   AM= 0.0194                 
                                                       AN+=0.00562                              
           I.C.E. + GAMMA   6   1.29E-01   2.170E-01   M1+E2 MULTIPOLE                          
                                                       MRS=0.137     AK= 0.358                  
                                                       AL1=0.0501    AL2=0.00772                
                                                       AL3=0.00304   AM= 0.0140                 
                                                       AN+=0.00402                              
           I.C.E. + GAMMA   7   2.53E-01   2.365E-01   M1+E2 MULTIPOLE                          
                                                       MRS=0.0900    AK= 0.291                  
                                                       AL1=0.0408    AL2=0.00503                
                                                       AL3=0.00157   AM= 0.0108                 
                                                       AN+=0.00312                              
           I.C.E. + GAMMA   8   5.45E-02   2.574E-01   E3 MULTIPOLE                             
+                                                                    AK= 0.247                  
                                                       AL1=0.0362    AL2=0.193                  
                                                       AL3=0.0971    AM= 0.0833                 
                                                       AN+=0.0229                               
           I.C.E. + GAMMA   9   1.25E-01   2.689E-01   E2 MULTIPOLE                             
+                                                                    AK= 0.0740                 
                                                       AL1=0.00883   AL2=0.0122                 
                                                       AL3=0.00768   AM= 0.00697                
                                                       AN+=0.00193                              
           I.C.E. + GAMMA  10   2.16E-01   3.159E-01   E2 MULTIPOLE                             
+                                                                    AK= 0.0480                 
                                                       AL1=0.00588   AL2=0.00618                
                                                       AL3=0.00363   AM= 0.00378                
                                                       AN+=0.00105                              
           I.C.E. + GAMMA  11   4.13E-01   3.625E-01   E2 MULTIPOLE                             
+                                                                    AK= 0.0335                 
                                                       AL1=0.00419   AL2=0.00351                
                                                       AL3=0.00193   AM= 0.00230                
           I.C.E. + GAMMA  12   2.21E-01   4.097E-01   E2 MULTIPOLE                             
+                                                                    AK= 0.0245                 
                                                       AL1=0.00312   AL2=0.00214                
                                                       AL3=0.00112   AM= 0.00151                
           I.C.E. + GAMMA  13   6.93E-01   4.536E-01   E2 MULTIPOLE                             
+                                                                    AK= 0.0190                 
                                                       AL1=0.00245   AL2=0.00143                
                                                       AM= 0.00108                              
 
           - - - - - - - - - -
           Reference: Evaluated Nuclear Structure Data File (ENSDF)
                DATE DATA WERE ENTERED INTO ENSDF: Dec-1994
%%%% 179 HF  72 M  IT           2.16432E+06 25.05 D    02-11-2005       INPUEND 
%%%% 179 HF  72 M  IT           2.16432E+06 25.05 D    02-11-2005       OUTPSTAR
1                                      **OUTPUT DATA**
              179M-HAFNIUM-72
+                                    HALFLIFE = 25.05 DAYS    
+                                                                  02-11-2005

            MODE OF DECAY: ISOMERIC LEVEL
 
                                              MEAN
                                              NUMBER/                  MEV/
                                         ID   TRANSFOR-   ENERGY       TRANSFOR-
                  TYPE OF RADIATION      NO.  MATION      (MEV)        MATION

           L1 CONV. ELECTRON, GAMMA-RAY   1   4.30E-01    9.785E-03    4.21E-03
           L2 CONV. ELECTRON, GAMMA-RAY   1   2.27E-02    1.027E-02    2.34E-04
           L3 CONV. ELECTRON, GAMMA-RAY   1   2.48E-01    1.147E-02    2.85E-03
           M CONV. ELECTRON, GAMMA-RAY    1   1.84E-01    1.893E-02*   3.49E-03
           N+ CONV. ELECTRON, GAMMA-RAY   1   5.32E-02    2.103E-02*   1.12E-03
           GAMMA-RAY                      2   2.76E-01    1.227E-01    3.38E-02
           K CONV. ELECTRON, GAMMA-RAY    2   5.08E-01    5.722E-02    2.91E-02
           L1 CONV. ELECTRON, GAMMA-RAY   2   7.16E-02    1.115E-01    7.98E-03
           L2 CONV. ELECTRON, GAMMA-RAY   2   1.35E-02    1.119E-01    1.51E-03
           L3 CONV. ELECTRON, GAMMA-RAY   2   7.04E-03    1.131E-01    7.97E-04
           M CONV. ELECTRON, GAMMA-RAY    2   2.12E-02    1.206E-01*   2.55E-03
           N+ CONV. ELECTRON, GAMMA-RAY   2   6.08E-03    1.227E-01*   7.46E-04
           GAMMA-RAY                      3   2.70E-01    1.462E-01    3.94E-02
           K CONV. ELECTRON, GAMMA-RAY    3   2.89E-01    8.067E-02    2.33E-02
           L1 CONV. ELECTRON, GAMMA-RAY   3   4.05E-02    1.349E-01    5.47E-03
           L2 CONV. ELECTRON, GAMMA-RAY   3   9.63E-03    1.354E-01    1.30E-03
           L3 CONV. ELECTRON, GAMMA-RAY   3   5.48E-03    1.366E-01    7.48E-04
           M CONV. ELECTRON, GAMMA-RAY    3   1.29E-02    1.441E-01*   1.85E-03
           N+ CONV. ELECTRON, GAMMA-RAY   3   3.67E-03    1.462E-01*   5.37E-04
           GAMMA-RAY                      4   1.93E-01    1.698E-01    3.28E-02
           K CONV. ELECTRON, GAMMA-RAY    4   1.39E-01    1.043E-01    1.45E-02
           L1 CONV. ELECTRON, GAMMA-RAY   4   1.96E-02    1.585E-01    3.10E-03
           L2 CONV. ELECTRON, GAMMA-RAY   4   3.33E-03    1.590E-01    5.30E-04
           L3 CONV. ELECTRON, GAMMA-RAY   4   1.51E-03    1.602E-01    2.41E-04
           M CONV. ELECTRON, GAMMA-RAY    4   5.59E-03    1.677E-01*   9.38E-04
           N+ CONV. ELECTRON, GAMMA-RAY   4   1.61E-03    1.698E-01*   2.73E-04
           GAMMA-RAY                      5   2.14E-01    1.927E-01    4.13E-02
           K CONV. ELECTRON, GAMMA-RAY    5   1.11E-01    1.272E-01    1.42E-02
           L1 CONV. ELECTRON, GAMMA-RAY   5   1.56E-02    1.814E-01    2.83E-03
           L2 CONV. ELECTRON, GAMMA-RAY   5   2.00E-03    1.819E-01    3.63E-04
           M CONV. ELECTRON, GAMMA-RAY    5   4.17E-03    1.906E-01*   7.94E-04
           N+ CONV. ELECTRON, GAMMA-RAY   5   1.20E-03    1.927E-01*   2.32E-04
           GAMMA-RAY                      6   8.99E-02    2.170E-01    1.95E-02
           K CONV. ELECTRON, GAMMA-RAY    6   3.22E-02    1.516E-01    4.88E-03
           L1 CONV. ELECTRON, GAMMA-RAY   6   4.51E-03    2.058E-01    9.28E-04
           M CONV. ELECTRON, GAMMA-RAY    6   1.26E-03    2.149E-01*   2.70E-04
           GAMMA-RAY                      7   1.87E-01    2.365E-01    4.43E-02
           K CONV. ELECTRON, GAMMA-RAY    7   5.44E-02    1.710E-01    9.31E-03
           L1 CONV. ELECTRON, GAMMA-RAY   7   7.64E-03    2.252E-01    1.72E-03
           L2 CONV. ELECTRON, GAMMA-RAY   7   9.43E-04    2.257E-01    2.13E-04
           M CONV. ELECTRON, GAMMA-RAY    7   2.03E-03    2.344E-01*   4.76E-04
           GAMMA-RAY                      8   3.24E-02    2.574E-01    8.35E-03
           K CONV. ELECTRON, GAMMA-RAY    8   8.02E-03    1.919E-01    1.54E-03
           L1 CONV. ELECTRON, GAMMA-RAY   8   1.17E-03    2.461E-01    2.89E-04
           L2 CONV. ELECTRON, GAMMA-RAY   8   6.25E-03    2.466E-01    1.54E-03
           L3 CONV. ELECTRON, GAMMA-RAY   8   3.15E-03    2.478E-01    7.81E-04
           M CONV. ELECTRON, GAMMA-RAY    8   2.70E-03    2.553E-01*   6.90E-04
           N+ CONV. ELECTRON, GAMMA-RAY   8   7.44E-04    2.574E-01*   1.91E-04
           GAMMA-RAY                      9   1.12E-01    2.689E-01    3.02E-02
           K CONV. ELECTRON, GAMMA-RAY    9   8.30E-03    2.034E-01    1.69E-03
           L1 CONV. ELECTRON, GAMMA-RAY   9   9.91E-04    2.576E-01    2.55E-04
           L2 CONV. ELECTRON, GAMMA-RAY   9   1.37E-03    2.581E-01    3.53E-04
           L3 CONV. ELECTRON, GAMMA-RAY   9   8.62E-04    2.593E-01    2.23E-04
           M CONV. ELECTRON, GAMMA-RAY    9   7.82E-04    2.668E-01*   2.09E-04
           GAMMA-RAY                     10   2.02E-01    3.159E-01    6.39E-02
           K CONV. ELECTRON, GAMMA-RAY   10   9.70E-03    2.504E-01    2.43E-03
           L1 CONV. ELECTRON, GAMMA-RAY  10   1.19E-03    3.047E-01    3.62E-04
           L2 CONV. ELECTRON, GAMMA-RAY  10   1.25E-03    3.052E-01    3.81E-04
           L3 CONV. ELECTRON, GAMMA-RAY  10   7.33E-04    3.064E-01    2.25E-04
           M CONV. ELECTRON, GAMMA-RAY   10   7.64E-04    3.138E-01*   2.40E-04
           GAMMA-RAY                     11   3.95E-01    3.625E-01    1.43E-01
           K CONV. ELECTRON, GAMMA-RAY   11   1.32E-02    2.971E-01    3.93E-03
           L1 CONV. ELECTRON, GAMMA-RAY  11   1.65E-03    3.513E-01    5.81E-04
           L2 CONV. ELECTRON, GAMMA-RAY  11   1.38E-03    3.518E-01    4.87E-04
           L3 CONV. ELECTRON, GAMMA-RAY  11   7.63E-04    3.530E-01    2.69E-04
           M CONV. ELECTRON, GAMMA-RAY   11   9.09E-04    3.605E-01*   3.28E-04
           GAMMA-RAY                     12   2.14E-01    4.097E-01    8.78E-02
           K CONV. ELECTRON, GAMMA-RAY   12   5.25E-03    3.442E-01    1.81E-03
           L1 CONV. ELECTRON, GAMMA-RAY  12   6.68E-04    3.985E-01    2.66E-04
           GAMMA-RAY                     13   6.76E-01    4.536E-01    3.07E-01
           K CONV. ELECTRON, GAMMA-RAY   13   1.29E-02    3.881E-01    5.00E-03
           L1 CONV. ELECTRON, GAMMA-RAY  13   1.66E-03    4.423E-01    7.32E-04
           L2 CONV. ELECTRON, GAMMA-RAY  13   9.65E-04    4.428E-01    4.27E-04
           L3 CONV. ELECTRON, GAMMA-RAY  13   4.82E-04    4.440E-01    2.14E-04
           M CONV. ELECTRON, GAMMA-RAY   13   7.33E-04    4.515E-01*   3.31E-04
           K -L2 X-RAY                        3.28E-01    5.472E-02    1.79E-02
           K -L3 X-RAY                        5.74E-01    5.592E-02    3.21E-02
           K -M2 X-RAY                        6.11E-02    6.312E-02    3.85E-03
           K -M3 X-RAY                        1.18E-01    6.338E-02    7.48E-03
           K -N3 X-RAY                        2.66E-02    6.511E-02    1.73E-03
           L2-M4 X-RAY                        1.07E-01    9.038E-03    9.68E-04
           L3-M5 X-RAY                        2.31E-01    7.890E-03    1.82E-03
           AUGER KLL                          3.64E-02    4.453E-02*   1.62E-03
           AUGER KLX                          1.88E-02    5.310E-02*   1.00E-03
           CK LLX                             5.25E-01    5.276E-04*   2.77E-04
           AUGER LMM                          1.01E+00    6.137E-03*   6.23E-03
           AUGER LMX                          3.76E-01    7.759E-03*   2.92E-03
           AUGER LXY                          3.52E-02    9.412E-03*   3.32E-04
           CK MMX                             1.30E+00    3.033E-04*   3.93E-04
           AUGER MNN                          3.27E+00    1.362E-03*   4.46E-03
           AUGER MNX                          1.72E-01    1.541E-03*   2.65E-04
           CK NNX                             7.57E+00    1.596E-04*   1.21E-03
 
           ALL LISTED X-RAYS, GAMMA-RAYS AND ANNIHILATION RADIATION    9.17E-01
           ALL NEGLECTED X-RAYS, GAMMA-RAYS AND ANNIH. RADIATION**     3.72E-03
           ALL LISTED BETAS, INTERNAL CONVERSION AND AUGER ELECTRONS   1.88E-01
           ALL NEGLECTED BETAS, INT. CONVERSION AND AUGER ELECTRONS**  1.68E-03
           ALL LISTED RADIATIONS                                       1.10E+00
           ALL NEGLECTED RADIATIONS**                                  5.40E-03
 
           *  AVERAGE ENERGY (MEV)
           ** EACH NEGLECTED TRANSITION CONTRIBUTES LESS THAN  0.100%
              TO THE TOTAL MEV/TRANSFORMATION FOR THIS CATEGORY.
           TOTAL FEEDING OF GROUND STATE LEVEL IN 179-HAFNIUM
             DAUGHTER IS 1.0000E+00  PER TRANSFORMATION OF 179M-HAFNIUM.
             THIS DAUGHTER GROUND STATE IS STABLE.
           - - - - - - - - - -
           INPUT DATA SOURCE: EVALUATED NUCLEAR STRUCTURE DATA FILE (ENSDF)
             DATE INPUT DATA WERE ENTERED INTO ENSDF: Dec-1994
%%%% 179 HF  72 M  IT           2.16432E+06 25.05 D    02-11-2005       OUTPEND 
%%%% 179 HF  72 M  IT           2.16432E+06 25.05 D    02-11-2005       SEEISTAR
179.M HAFNIUM      72.  2.505E+01 DAYS     165 IT                   179.HF 72.   0
 1 1  7.77400E-03  2.10300E-02  2.10300E-02  0.00000E+00            179.HF 72.   1   1
 6 5  4.30370E+01  9.78500E-03  9.78500E-03  1.00000E+00            179.HF 72.   2   5
 6 6  2.27453E+00  1.02670E-02  1.02670E-02  1.00000E+00            179.HF 72.   3   6
 6 7  2.48259E+01  1.14717E-02  1.14717E-02  1.00000E+00            179.HF 72.   4   7
 6 3  1.84384E+01  1.89310E-02  1.89310E-02  1.00000E+00            179.HF 72.   5   3
 6 4  5.32401E+00  2.10300E-02  2.10300E-02  1.00000E+00            179.HF 72.   6   4
 1 2  2.75808E+01  1.22700E-01  1.22700E-01  0.00000E+00            179.HF 72.   7   2
 6 1  5.08197E+01  5.72180E-02  5.72180E-02  2.00000E+00            179.HF 72.   8   1
 6 5  7.16157E+00  1.11455E-01  1.11455E-01  2.00000E+00            179.HF 72.   9   5
 6 6  1.34538E+00  1.11937E-01  1.11937E-01  2.00000E+00            179.HF 72.  10   6
 6 7  7.04081E-01  1.13142E-01  1.13142E-01  2.00000E+00            179.HF 72.  11   7
 6 3  2.11821E+00  1.20601E-01  1.20601E-01  2.00000E+00            179.HF 72.  12   3
 6 4  6.07870E-01  1.22700E-01  1.22700E-01  2.00000E+00            179.HF 72.  13   4
 1 3  2.69724E+01  1.46150E-01  1.46150E-01  0.00000E+00            179.HF 72.  14   3
 6 1  2.88562E+01  8.06680E-02  8.06680E-02  3.00000E+00            179.HF 72.  15   1
 6 5  4.05174E+00  1.34905E-01  1.34905E-01  3.00000E+00            179.HF 72.  16   5
 6 6  9.62799E-01  1.35387E-01  1.35387E-01  3.00000E+00            179.HF 72.  17   6
 6 7  5.47887E-01  1.36592E-01  1.36592E-01  3.00000E+00            179.HF 72.  18   7
 6 3  1.28695E+00  1.44051E-01  1.44051E-01  3.00000E+00            179.HF 72.  19   3
 6 4  3.67283E-01  1.46150E-01  1.46150E-01  3.00000E+00            179.HF 72.  20   4
 1 4  1.93336E+01  1.69780E-01  1.69780E-01  0.00000E+00            179.HF 72.  21   4
 6 1  1.39327E+01  1.04298E-01  1.04298E-01  4.00000E+00            179.HF 72.  22   1
 6 5  1.95575E+00  1.58535E-01  1.58535E-01  4.00000E+00            179.HF 72.  23   5
 6 6  3.33398E-01  1.59017E-01  1.59017E-01  4.00000E+00            179.HF 72.  24   6
 6 7  1.50605E-01  1.60222E-01  1.60222E-01  4.00000E+00            179.HF 72.  25   7
 6 3  5.59114E-01  1.67681E-01  1.67681E-01  4.00000E+00            179.HF 72.  26   3
 6 4  1.60783E-01  1.69780E-01  1.69780E-01  4.00000E+00            179.HF 72.  27   4
 1 5  2.14292E+01  1.92660E-01  1.92660E-01  0.00000E+00            179.HF 72.  28   5
 6 1  1.11374E+01  1.27178E-01  1.27178E-01  5.00000E+00            179.HF 72.  29   1
 6 5  1.56224E+00  1.81415E-01  1.81415E-01  5.00000E+00            179.HF 72.  30   5
 6 6  1.99821E-01  1.81897E-01  1.81897E-01  5.00000E+00            179.HF 72.  31   6
 6 7  6.68083E-02  1.83102E-01  1.83102E-01  5.00000E+00            179.HF 72.  32   7
 6 3  4.16750E-01  1.90561E-01  1.90561E-01  5.00000E+00            179.HF 72.  33   3
 6 4  1.20464E-01  1.92660E-01  1.92660E-01  5.00000E+00            179.HF 72.  34   4
 1 6  8.99080E+00  2.17040E-01  2.17040E-01  0.00000E+00            179.HF 72.  35   6
 6 1  3.22259E+00  1.51558E-01  1.51558E-01  6.00000E+00            179.HF 72.  36   1
 6 5  4.50784E-01  2.05795E-01  2.05795E-01  6.00000E+00            179.HF 72.  37   5
 6 6  6.94115E-02  2.06277E-01  2.06277E-01  6.00000E+00            179.HF 72.  38   6
 6 7  2.73574E-02  2.07482E-01  2.07482E-01  6.00000E+00            179.HF 72.  39   7
 6 3  1.25634E-01  2.14941E-01  2.14941E-01  6.00000E+00            179.HF 72.  40   3
 6 4  3.61007E-02  2.17040E-01  2.17040E-01  6.00000E+00            179.HF 72.  41   4
 1 7  1.87252E+01  2.36480E-01  2.36480E-01  0.00000E+00            179.HF 72.  42   7
 6 1  5.44181E+00  1.70998E-01  1.70998E-01  7.00000E+00            179.HF 72.  43   1
 6 5  7.63576E-01  2.25235E-01  2.25235E-01  7.00000E+00            179.HF 72.  44   5
 6 6  9.42813E-02  2.25717E-01  2.25717E-01  7.00000E+00            179.HF 72.  45   6
 6 7  2.93176E-02  2.26922E-01  2.26922E-01  7.00000E+00            179.HF 72.  46   7
 6 3  2.03033E-01  2.34381E-01  2.34381E-01  7.00000E+00            179.HF 72.  47   3
 6 4  5.84174E-02  2.36480E-01  2.36480E-01  7.00000E+00            179.HF 72.  48   4
 1 8  3.24480E+00  2.57380E-01  2.57380E-01  0.00000E+00            179.HF 72.  49   8
 6 1  8.01776E-01  1.91898E-01  1.91898E-01  8.00000E+00            179.HF 72.  50   1
 6 5  1.17442E-01  2.46135E-01  2.46135E-01  8.00000E+00            179.HF 72.  51   5
 6 6  6.25001E-01  2.46617E-01  2.46617E-01  8.00000E+00            179.HF 72.  52   6
 6 7  3.15191E-01  2.47822E-01  2.47822E-01  8.00000E+00            179.HF 72.  53   7
 6 3  2.70438E-01  2.55281E-01  2.55281E-01  8.00000E+00            179.HF 72.  54   3
 6 4  7.43796E-02  2.57380E-01  2.57380E-01  8.00000E+00            179.HF 72.  55   4
 1 9  1.12216E+01  2.68850E-01  2.68850E-01  0.00000E+00            179.HF 72.  56   9
 6 1  8.30112E-01  2.03368E-01  2.03368E-01  9.00000E+00            179.HF 72.  57   1
 6 5  9.90719E-02  2.57605E-01  2.57605E-01  9.00000E+00            179.HF 72.  58   5
 6 6  1.36659E-01  2.58087E-01  2.58087E-01  9.00000E+00            179.HF 72.  59   6
 6 7  8.61578E-02  2.59292E-01  2.59292E-01  9.00000E+00            179.HF 72.  60   7
 6 3  7.82055E-02  2.66751E-01  2.66751E-01  9.00000E+00            179.HF 72.  61   3
 6 4  2.16531E-02  2.68850E-01  2.68850E-01  9.00000E+00            179.HF 72.  62   4
 110  2.02124E+01  3.15930E-01  3.15930E-01  0.00000E+00            179.HF 72.  63  10
 6 1  9.70171E-01  2.50448E-01  2.50448E-01  1.00000E+01            179.HF 72.  64   1
 6 5  1.18944E-01  3.04685E-01  3.04685E-01  1.00000E+01            179.HF 72.  65   5
 6 6  1.24918E-01  3.05167E-01  3.05167E-01  1.00000E+01            179.HF 72.  66   6
 6 7  7.33218E-02  3.06372E-01  3.06372E-01  1.00000E+01            179.HF 72.  67   7
 6 3  7.64288E-02  3.13831E-01  3.13831E-01  1.00000E+01            179.HF 72.  68   3
 6 4  2.12859E-02  3.15930E-01  3.15930E-01  1.00000E+01            179.HF 72.  69   4
 111  3.94784E+01  3.62550E-01  3.62550E-01  0.00000E+00            179.HF 72.  70  11
 6 1  1.32165E+00  2.97068E-01  2.97068E-01  1.10000E+01            179.HF 72.  71   1
 6 5  1.65436E-01  3.51305E-01  3.51305E-01  1.10000E+01            179.HF 72.  72   5
 6 6  1.38417E-01  3.51787E-01  3.51787E-01  1.10000E+01            179.HF 72.  73   6
 6 7  7.63306E-02  3.52992E-01  3.52992E-01  1.10000E+01            179.HF 72.  74   7
 6 3  9.09245E-02  3.60451E-01  3.60451E-01  1.10000E+01            179.HF 72.  75   3
 6 4  2.54302E-02  3.62550E-01  3.62550E-01  1.10000E+01            179.HF 72.  76   4
 112  2.14292E+01  4.09720E-01  4.09720E-01  0.00000E+00            179.HF 72.  77  12
 6 1  5.25202E-01  3.44238E-01  3.44238E-01  1.20000E+01            179.HF 72.  78   1
 6 5  6.68010E-02  3.98475E-01  3.98475E-01  1.20000E+01            179.HF 72.  79   5
 6 6  4.58200E-02  3.98957E-01  3.98957E-01  1.20000E+01            179.HF 72.  80   6
 6 7  2.39178E-02  4.00162E-01  4.00162E-01  1.20000E+01            179.HF 72.  81   7
 6 3  3.24359E-02  4.07621E-01  4.07621E-01  1.20000E+01            179.HF 72.  82   3
 6 4  9.10356E-03  4.09720E-01  4.09720E-01  1.20000E+01            179.HF 72.  83   4
 113  6.76000E+01  4.53590E-01  4.53590E-01  0.00000E+00            179.HF 72.  84  13
 6 1  1.28721E+00  3.88108E-01  3.88108E-01  1.30000E+01            179.HF 72.  85   1
 6 5  1.65569E-01  4.42345E-01  4.42345E-01  1.30000E+01            179.HF 72.  86   5
 6 6  9.64505E-02  4.42827E-01  4.42827E-01  1.30000E+01            179.HF 72.  87   6
 6 7  4.81569E-02  4.44032E-01  4.44032E-01  1.30000E+01            179.HF 72.  88   7
 6 3  7.32795E-02  4.51491E-01  4.51491E-01  1.30000E+01            179.HF 72.  89   3
 6 4  2.06251E-02  4.53590E-01  4.53590E-01  1.30000E+01            179.HF 72.  90   4
 2 1  3.27865E+01  5.47191E-02  5.47191E-02  0.00000E+00            179.HF 72.  91   1
 2 2  5.73638E+01  5.59237E-02  5.59237E-02  0.00000E+00            179.HF 72.  92   2
 2 3  6.10679E+00  6.31238E-02  6.31238E-02  0.00000E+00            179.HF 72.  93   3
 2 4  1.18031E+01  6.33831E-02  6.33831E-02  0.00000E+00            179.HF 72.  94   4
 2 5  1.23911E-01  6.37565E-02  6.37565E-02  0.00000E+00            179.HF 72.  95   5
 2 6  1.57725E-01  6.38133E-02  6.38133E-02  0.00000E+00            179.HF 72.  96   6
 2 7  1.37339E+00  6.50467E-02  6.50467E-02  0.00000E+00            179.HF 72.  97   7
 2 8  2.65861E+00  6.51063E-02  6.51063E-02  0.00000E+00            179.HF 72.  98   8
 2 9  2.91942E-02  6.52562E-02  6.52562E-02  0.00000E+00            179.HF 72.  99   9
 210  3.69779E-02  6.52671E-02  6.52671E-02  0.00000E+00            179.HF 72. 100  10
 211  3.10362E-01  6.54356E-02  6.54356E-02  0.00000E+00            179.HF 72. 101  11
 212  6.43063E-01  6.54439E-02  6.54439E-02  0.00000E+00            179.HF 72. 102  12
 213  3.23182E-04  6.54762E-02  6.54762E-02  0.00000E+00            179.HF 72. 103  13
 214  3.87199E-04  6.54766E-02  6.54766E-02  0.00000E+00            179.HF 72. 104  14
 221  8.20503E-04  4.82000E-04  4.82000E-04  0.00000E+00            179.HF 72. 105  21
 222  8.20062E-02  1.68670E-03  1.68670E-03  0.00000E+00            179.HF 72. 106  22
 223  1.51230E+00  8.88688E-03  8.88688E-03  0.00000E+00            179.HF 72. 107  23
 224  1.94970E+00  9.14599E-03  9.14599E-03  0.00000E+00            179.HF 72. 108  24
 225  4.14015E-02  9.51950E-03  9.51950E-03  0.00000E+00            179.HF 72. 109  25
 226  6.19735E-02  9.57630E-03  9.57630E-03  0.00000E+00            179.HF 72. 110  26
 227  3.66960E-01  1.08097E-02  1.08097E-02  0.00000E+00            179.HF 72. 111  27
 228  4.98431E-01  1.08692E-02  1.08692E-02  0.00000E+00            179.HF 72. 112  28
 229  5.74354E-03  1.10194E-02  1.10194E-02  0.00000E+00            179.HF 72. 113  29
 230  8.93791E-03  1.10303E-02  1.10303E-02  0.00000E+00            179.HF 72. 114  30
 231  5.25022E-02  1.11987E-02  1.11987E-02  0.00000E+00            179.HF 72. 115  31
 232  6.87395E-02  1.12069E-02  1.12069E-02  0.00000E+00            179.HF 72. 116  32
 233  5.87464E-05  1.12392E-02  1.12392E-02  0.00000E+00            179.HF 72. 117  33
 234  8.72025E-05  1.12398E-02  1.12398E-02  0.00000E+00            179.HF 72. 118  34
 241  1.12443E-04  1.20470E-03  1.20470E-03  0.00000E+00            179.HF 72. 119  41
 242  3.10854E-01  8.18701E-03  8.18701E-03  0.00000E+00            179.HF 72. 120  42
 243  8.91314E-03  8.66400E-03  8.66400E-03  0.00000E+00            179.HF 72. 121  43
 244  1.07057E+01  9.03750E-03  9.03750E-03  0.00000E+00            179.HF 72. 122  44
 245  7.18442E-02  1.02373E-02  1.02373E-02  0.00000E+00            179.HF 72. 123  45
 246  2.27084E-03  1.03871E-02  1.03871E-02  0.00000E+00            179.HF 72. 124  46
 247  1.94770E+00  1.05374E-02  1.05374E-02  0.00000E+00            179.HF 72. 125  47
 248  4.38148E-03  1.07357E-02  1.07357E-02  0.00000E+00            179.HF 72. 126  48
 249  1.34994E-02  1.06904E-02  1.06904E-02  0.00000E+00            179.HF 72. 127  49
 250  4.83941E-04  1.07249E-02  1.07249E-02  0.00000E+00            179.HF 72. 128  50
 251  2.08086E-02  1.07573E-02  1.07573E-02  0.00000E+00            179.HF 72. 129  51
 261  1.58199E+00  6.98230E-03  6.98230E-03  0.00000E+00            179.HF 72. 130  61
 262  1.29104E-02  7.20020E-03  7.20020E-03  0.00000E+00            179.HF 72. 131  62
 263  1.17394E-02  7.45930E-03  7.45930E-03  0.00000E+00            179.HF 72. 132  63
 264  2.61770E+00  7.83281E-03  7.83281E-03  0.00000E+00            179.HF 72. 133  64
 265  2.30995E+01  7.88959E-03  7.88959E-03  0.00000E+00            179.HF 72. 134  65
 266  2.77552E-01  9.03261E-03  9.03261E-03  0.00000E+00            179.HF 72. 135  66
 267  2.60249E-03  9.12305E-03  9.12305E-03  0.00000E+00            179.HF 72. 136  67
 268  2.54660E-03  9.18248E-03  9.18248E-03  0.00000E+00            179.HF 72. 137  68
 269  4.48142E-01  9.33272E-03  9.33272E-03  0.00000E+00            179.HF 72. 138  69
 270  4.01414E+00  9.34358E-03  9.34358E-03  0.00000E+00            179.HF 72. 139  70
 271  1.75941E-03  9.53105E-03  9.53105E-03  0.00000E+00            179.HF 72. 140  71
 272  9.87851E-03  9.53291E-03  9.53291E-03  0.00000E+00            179.HF 72. 141  72
 273  5.53435E-02  9.48574E-03  9.48574E-03  0.00000E+00            179.HF 72. 142  73
 274  5.65695E-04  9.51196E-03  9.51196E-03  0.00000E+00            179.HF 72. 143  74
 275  5.20006E-04  9.52019E-03  9.52019E-03  0.00000E+00            179.HF 72. 144  75
 276  4.74889E-03  9.55254E-03  9.55254E-03  0.00000E+00            179.HF 72. 145  76
 277  4.03921E-02  9.55311E-03  9.55311E-03  0.00000E+00            179.HF 72. 146  77
 291  6.51063E+00  1.63738E-03  1.63738E-03  0.00000E+00            179.HF 72. 147  91
 292  1.51924E-01  2.20091E-04  2.20091E-04  0.00000E+00            179.HF 72. 148  92
 293  1.56480E-04  3.31316E-05  3.31316E-05  0.00000E+00            179.HF 72. 149  93
 294  2.17854E+03  1.93602E-05  1.93602E-05  0.00000E+00            179.HF 72. 150  94
 7 1  3.63583E+00  4.45280E-02  4.45280E-02  0.00000E+00            179.HF 72. 151   1
 7 2  1.88226E+00  5.31026E-02  5.31026E-02  0.00000E+00            179.HF 72. 152   2
 7 3  2.34296E-01  6.16878E-02  6.16878E-02  0.00000E+00            179.HF 72. 153   3
 7 4  5.25210E+01  5.27583E-04  5.27583E-04  0.00000E+00            179.HF 72. 154   4
 7 5  1.01461E+02  6.13714E-03  6.13714E-03  0.00000E+00            179.HF 72. 155   5
 7 6  3.76227E+01  7.75895E-03  7.75895E-03  0.00000E+00            179.HF 72. 156   6
 7 7  3.52277E+00  9.41233E-03  9.41233E-03  0.00000E+00            179.HF 72. 157   7
 7 8  1.29598E+02  3.03256E-04  3.03256E-04  0.00000E+00            179.HF 72. 158   8
 7 9  3.27099E+02  1.36244E-03  1.36244E-03  0.00000E+00            179.HF 72. 159   9
 710  1.72072E+01  1.54088E-03  1.54088E-03  0.00000E+00            179.HF 72. 160  10
 711  1.06871E+00  1.76480E-03  1.76480E-03  0.00000E+00            179.HF 72. 161  11
 712  7.57393E+02  1.59568E-04  1.59568E-04  0.00000E+00            179.HF 72. 162  12
 713  2.40986E+01  2.85761E-04  2.85761E-04  0.00000E+00            179.HF 72. 163  13
 714  1.91159E+02  1.09267E-05  1.09267E-05  0.00000E+00            179.HF 72. 164  14
 715  2.70481E+02  2.44622E-05  2.44622E-05  0.00000E+00            179.HF 72. 165  15
%%%% 179 HF  72 M  IT           2.16432E+06 25.05 D    02-11-2005       SEEIEND 
 


   ***************************************************** 
   *                 Radiation Summary                 * 
   ***************************************************** 
 
  Energy released by
    Gamma-ray                       (MeV) =   8.51102E-01
    X-ray                           (MeV) =   6.91717E-02
    Free-bound X-ray                (MeV) =   4.21770E-04
    Annihilation photon             (MeV) =   0.00000E+00
    Beta+ particle                  (MeV) =   0.00000E+00
    Neutrino                        (MeV) =   0.00000E+00
    Beta- particle                  (MeV) =   0.00000E+00
    Neutrino-                       (MeV) =   0.00000E+00
    Internal conv. electron         (MeV) =   1.70678E-01
    Auger and CK electron           (MeV) =   1.90157E-02
    Alpha particle                  (MeV) =   0.00000E+00
    Recoil nucleus                  (MeV) =   0.00000E+00
  E-total (except unplaced radiat.) (MeV) =   1.11039E+00
  E-unplaced radiation              (MeV) =   0.00000E+00
  Q-value from ENSDF data           (MeV) =   1.10584E+00
  Ratio of E-total/Q-value          ( % ) =   1.00411E+02
  Ratio of E-unplaced radi./Q-value ( % ) =   0.00000E+00

 
  Total yield of
    Gamma-ray                             =   2.86226E+00
    X-ray                                 =   1.69975E+00
    Free-bound X-ray                      =   2.17854E+01
    Annihilation photon                   =   0.00000E+00
    Beta+ particle                        =   0.00000E+00
    Beta- particle                        =   0.00000E+00
    Internal conv. electron               =   2.42901E+00
    Auger and CK electron                 =   1.91898E+01
    Alpha particle                        =   0.00000E+00
  Yield of unplaced radiation             =   0.00000E+00


