%%%% 207 HG  80    B-           1.74000E+02 2.9 M      18-07-2007       BALASTAR
1 207   HG  80 2.9 M           B-         
           WARNING:                                                                             
 207 TL 81  GAMMA-RAY ENERGY =   0.11910 MEV                                                    
           HALF-LIFE OF INITIAL LEVEL ASSOCIATED WITH GAMMA-RAY TOO SHORT TO BE                 
           CONSIDERED ISOMERIC, AND INTENSITY = 0.0                                             
           TRANSITION IGNORED                                                                   
           WARNING:                                                                             
 207 TL 81  GAMMA-RAY ENERGY =   0.15260 MEV                                                    
           HALF-LIFE OF INITIAL LEVEL ASSOCIATED WITH GAMMA-RAY TOO SHORT TO BE                 
           CONSIDERED ISOMERIC, AND INTENSITY = 0.0                                             
           TRANSITION IGNORED                                                                   
           WARNING:                                                                             
 207 TL 81  GAMMA-RAY ENERGY =   0.15770 MEV                                                    
           HALF-LIFE OF INITIAL LEVEL ASSOCIATED WITH GAMMA-RAY TOO SHORT TO BE                 
           CONSIDERED ISOMERIC, AND INTENSITY = 0.0                                             
           TRANSITION IGNORED                                                                   
           WARNING:                                                                             
 207 TL 81  GAMMA-RAY ENERGY =   0.19120 MEV                                                    
           HALF-LIFE OF INITIAL LEVEL ASSOCIATED WITH GAMMA-RAY TOO SHORT TO BE                 
           CONSIDERED ISOMERIC, AND INTENSITY = 0.0                                             
           TRANSITION IGNORED                                                                   
           WARNING:                                                                             
 207 TL 81  GAMMA-RAY ENERGY =   0.19260 MEV                                                    
           HALF-LIFE OF INITIAL LEVEL ASSOCIATED WITH GAMMA-RAY TOO SHORT TO BE                 
           CONSIDERED ISOMERIC, AND INTENSITY = 0.0                                             
           TRANSITION IGNORED                                                                   
           WARNING:                                                                             
 207 TL 81  GAMMA-RAY ENERGY =   0.23110 MEV                                                    
           HALF-LIFE OF INITIAL LEVEL ASSOCIATED WITH GAMMA-RAY TOO SHORT TO BE                 
           CONSIDERED ISOMERIC, AND INTENSITY = 0.0                                             
           TRANSITION IGNORED                                                                   
           WARNING:                                                                             
 207 TL 81  GAMMA-RAY ENERGY =   0.23120 MEV                                                    
           HALF-LIFE OF INITIAL LEVEL ASSOCIATED WITH GAMMA-RAY TOO SHORT TO BE                 
           CONSIDERED ISOMERIC, AND INTENSITY = 0.0                                             
           TRANSITION IGNORED                                                                   
1INTENSITY AND ENERGY BALANCE DATA

              207-MERCURY-80
+                                    HALFLIFE = 2.9 MINUTES 
+                                                                  18-07-2007


    LEVEL       INTENSITY   INTENSITY
    ENERGY      ENTERING    LEAVING     PERCENT
    (MEV)       LEVEL       LEVEL       ERROR

   0.0000E+00  1.0041E+02
   3.5100E-01  8.9287E+01  9.6498E+01  7.7623E+00                      
   1.3481E+00  8.2286E+01  8.2197E+01  1.0764E-01                      
   1.6827E+00  6.0311E+00  5.2923E+00  1.3050E+01  ********************
   2.6752E+00  6.3093E-01  6.0939E-01  3.4741E+00                      
   2.7091E+00  9.7884E-01  5.0529E-01  6.3816E+01  ********************
   2.9119E+00  1.6851E+01  1.6003E+01  5.1626E+00                      
   2.9853E+00  3.6758E+01  3.3418E+01  9.5180E+00                      
   3.1044E+00  1.8213E+01  1.6904E+01  7.4558E+00                      
   3.1430E+00  7.6754E+00  7.4900E+00  2.4453E+00                      
   3.2727E+00  3.2895E+00  3.4214E+00  3.9328E+00                      
   3.2956E+00  5.4825E+00  5.5206E+00  6.9322E-01                      
   3.3356E+00  5.4825E+00  5.1061E+00  7.1081E+00                      
   3.3582E+00  4.3860E+00  4.5972E+00  4.7039E+00                      
   3.5919E+00  0.0000E+00  2.0239E-01  2.0000E+02  ********************


 INTENSITY TO GROUND AND ISOMERIC STATE(S) OF DAUGHTER(S)=  1.004E+02
 TOTAL INTENSITY FROM PARENT=  1.000E+02
 PERCENT ERROR =  4.116E-01                      


 TOTAL INTENSITY FROM PARENT =  1.000E+02
 VALUE IS WITHIN   1.53E-05% OF 100                      


 TOTAL ENERGY AVAILABLE =  4.820E+00 MEV
 TOTAL ENERGY CONTENT OF ALL RADIATIONS =  4.655E+00 MEV
 PERCENT ERROR =  3.550E+00                      
%%%% 207 HG  80    B-           1.74000E+02 2.9 M      18-07-2007       BALAEND 
%%%% 207 HG  80    B-           1.74000E+02 2.9 M      18-07-2007       INPUSTAR
1                                      **INPUT DATA**
              207-MERCURY-80
+                                    HALFLIFE = 2.9 MINUTES 
+                                                                  18-07-2007

            MODE OF DECAY: BETA MINUS
 
                                MEAN
                                NUMBER/    TRANSITION
                TYPE OF    ID   TRANSFOR-  ENERGY
              TRANSITION   NO.  MATION     (MEV)       OTHER NUCLEAR PARAMETERS

               BETA MINUS   1   4.39E-02   1.462E+00*  FIRST FORBIDDEN                          
               BETA MINUS   2   5.48E-02   1.484E+00*  FIRST FORBIDDEN                          
               BETA MINUS   3   5.48E-02   1.524E+00*  FIRST FORBIDDEN                          
               BETA MINUS   4   3.29E-02   1.547E+00*  ALLOWED                                  
+                                                              ASSUMED                          
               BETA MINUS   5   7.68E-02   1.677E+00*  FIRST FORBIDDEN                          
               BETA MINUS   6   1.75E-01   1.716E+00*  ALLOWED                                  
+                                                              ASSUMED                          
               BETA MINUS   7   3.51E-01   1.835E+00*  FIRST FORBIDDEN                          
               BETA MINUS   8   1.54E-01   1.908E+00*  FIRST FORBIDDEN                          
               BETA MINUS   9   2.19E-03   2.145E+00*  ALLOWED                                  
+                                                              ASSUMED                          
               BETA MINUS  10   3.29E-02   3.137E+00*  SECOND FORBIDDEN                         
               BETA MINUS  11   2.19E-02   3.472E+00*  FIRST FORBIDDEN                          
           I.C.E. + GAMMA   8   6.69E-03   2.538E-01   M1 MULTIPOLE ASSUMED                     
                                                       AK= 0.537     AL1=0.0821                 
                                                       AL2=0.00773   AM= 0.0212                 
                                                       AN+=0.00675                              
           I.C.E. + GAMMA   9   1.67E-02   3.103E-01   M1 MULTIPOLE                             
+                                                                    AK= 0.310                  
                                                       AL1=0.0473    AL2=0.00437                
                                                       AM= 0.0122    AN+=0.00387                
           I.C.E. + GAMMA  10   9.65E-01   3.510E-01   M1+E2 MULTIPOLE                          
                                                       MRS=0.0734    AK= 0.210                  
                                                       AL1=0.0320    AL2=0.00352                
                                                       AM= 0.00847   AN+=0.00268                
           I.C.E. + GAMMA  11   1.50E-02   4.463E-01   M1 MULTIPOLE                             
+                                                                    AK= 0.117                  
                                                       AL1=0.0178    AL2=0.00157                
                                                       AM= 0.00454   AN+=0.00145                
           I.C.E. + GAMMA  12   9.79E-03   5.638E-01   M1 MULTIPOLE ASSUMED                     
                                                       AK= 0.0632    AL1=0.00955                
                                                       AM= 0.00243                              
           I.C.E. + GAMMA  13   4.12E-03   5.964E-01   E2 MULTIPOLE ASSUMED                     
                                                       AK= 0.0141    AL1=0.00204                
                                                       AL2=0.00119                              
           I.C.E. + GAMMA  14   5.08E-03   9.930E-01   E2 MULTIPOLE ASSUMED                     
                                                       AK= 0.00520                              
           I.C.E. + GAMMA  15   7.91E-01   9.971E-01   M4 MULTIPOLE                             
+                                                                    AK= 0.113                  
                                                       AL1=0.0223    AL2=0.00444                
                                                       AL3=0.00226   AM= 0.00722                
                                                       AN+=0.00230                              
           I.C.E. + GAMMA  16   4.58E-02   1.332E+00   M1 MULTIPOLE                             
+                                                                    AK= 0.00702                
                                                       AL1=0.00105                              
           I.C.E. + GAMMA  17   3.11E-02   1.348E+00   E5 MULTIPOLE                             
+                                                                    AK= 0.0187                 
                                                       AL1=0.00347   AL2=0.00238                
           I.C.E. + GAMMA  18   1.52E-01   1.564E+00   E2 MULTIPOLE                             
+                                                                    AK= 0.00226                
           I.C.E. + GAMMA  19   2.03E-02   1.590E+00   M1 MULTIPOLE ASSUMED                     
                                                       AK= 0.00449                              
           I.C.E. + GAMMA  20   2.99E-01   1.637E+00   E2 MULTIPOLE                             
+                                                                    AK= 0.00208                
           I.C.E. + GAMMA  21   7.09E-03   1.683E+00   E2 MULTIPOLE                             
+                                                                    AK= 0.00198                
           I.C.E. + GAMMA  22   1.62E-01   1.756E+00   E2 MULTIPOLE ASSUMED                     
                                                       AK= 0.00184                              
           I.C.E. + GAMMA  23   7.49E-02   1.795E+00   E2 MULTIPOLE                             
+                                                                    AK= 0.00177                
           I.C.E. + GAMMA  24   2.02E-03   1.909E+00   E2 MULTIPOLE ASSUMED                     
                                                       AK= 0.00158                              
           I.C.E. + GAMMA  25   3.85E-02   1.948E+00   M1 MULTIPOLE                             
+                                                                    AK= 0.00270                
           I.C.E. + GAMMA  26   5.07E-02   1.987E+00   M1 MULTIPOLE                             
+                                                                    AK= 0.00257                
           I.C.E. + GAMMA  27   2.43E-02   2.010E+00   E2 MULTIPOLE                             
+                                                                    AK= 0.00144                
           I.C.E. + GAMMA  28   5.05E-03   2.358E+00   E1 MULTIPOLE                             
           I.C.E. + GAMMA  29   8.11E-03   2.561E+00   M2 MULTIPOLE                             
+                                                                    AK= 0.00319                
           I.C.E. + GAMMA  30   3.55E-02   2.634E+00   M2 MULTIPOLE                             
+                                                                    AK= 0.00298                
           I.C.E. + GAMMA  31   1.01E-03   2.675E+00   E2 MULTIPOLE ASSUMED                     
           I.C.E. + GAMMA  32   7.08E-03   2.753E+00   E2 MULTIPOLE ASSUMED                     
           I.C.E. + GAMMA  33   4.05E-04   2.985E+00   E3 MULTIPOLE                             
+                                                                    AK= 0.00127                
 
           * ENDPOINT ENERGY (MEV)
           - - - - - - - - - -
           Reference: Evaluated Nuclear Structure Data File (ENSDF)
                DATE DATA WERE ENTERED INTO ENSDF: Feb-1994
%%%% 207 HG  80    B-           1.74000E+02 2.9 M      18-07-2007       INPUEND 
%%%% 207 HG  80    B-           1.74000E+02 2.9 M      18-07-2007       OUTPSTAR
1                                      **OUTPUT DATA**
              207-MERCURY-80
+                                    HALFLIFE = 2.9 MINUTES 
+                                                                  18-07-2007

            MODE OF DECAY: BETA MINUS
 
                                              MEAN
                                              NUMBER/                  MEV/
                                         ID   TRANSFOR-   ENERGY       TRANSFOR-
                  TYPE OF RADIATION      NO.  MATION      (MEV)        MATION

           BETA MINUS                     1   4.39E-02    5.113E-01*   2.24E-02
           BETA MINUS                     2   5.48E-02    5.204E-01*   2.85E-02
           BETA MINUS                     3   5.48E-02    5.367E-01*   2.94E-02
           BETA MINUS                     4   3.29E-02    5.461E-01*   1.80E-02
           BETA MINUS                     5   7.68E-02    5.994E-01*   4.60E-02
           BETA MINUS                     6   1.75E-01    6.154E-01*   1.08E-01
           BETA MINUS                     7   3.51E-01    6.649E-01*   2.33E-01
           BETA MINUS                     8   1.54E-01    6.956E-01*   1.07E-01
           BETA MINUS                     9   2.19E-03    7.954E-01*   1.74E-03
           BETA MINUS                    10   3.29E-02    1.188E+00*   3.91E-02
           BETA MINUS                    11   2.19E-02    1.368E+00*   3.00E-02
           GAMMA-RAY                      8   4.04E-03    2.538E-01    1.03E-03
           K CONV. ELECTRON, GAMMA-RAY    8   2.17E-03    1.680E-01    3.65E-04
           GAMMA-RAY                      9   1.21E-02    3.103E-01    3.76E-03
           K CONV. ELECTRON, GAMMA-RAY    9   3.76E-03    2.245E-01    8.43E-04
           L1 CONV. ELECTRON, GAMMA-RAY   9   5.73E-04    2.950E-01    1.69E-04
           GAMMA-RAY                     10   7.68E-01    3.510E-01    2.69E-01
           K CONV. ELECTRON, GAMMA-RAY   10   1.61E-01    2.652E-01    4.27E-02
           L1 CONV. ELECTRON, GAMMA-RAY  10   2.45E-02    3.357E-01    8.24E-03
           L2 CONV. ELECTRON, GAMMA-RAY  10   2.70E-03    3.363E-01    9.08E-04
           L3 CONV. ELECTRON, GAMMA-RAY  10   4.03E-04    3.383E-01    1.36E-04
           M CONV. ELECTRON, GAMMA-RAY   10   6.50E-03    3.481E-01*   2.26E-03
           N+ CONV. ELECTRON, GAMMA-RAY  10   2.06E-03    3.510E-01*   7.23E-04
           GAMMA-RAY                     11   1.31E-02    4.463E-01    5.86E-03
           K CONV. ELECTRON, GAMMA-RAY   11   1.54E-03    3.605E-01    5.54E-04
           L1 CONV. ELECTRON, GAMMA-RAY  11   2.33E-04    4.310E-01    1.01E-04
           GAMMA-RAY                     12   9.09E-03    5.638E-01    5.12E-03
           K CONV. ELECTRON, GAMMA-RAY   12   5.74E-04    4.780E-01    2.75E-04
           GAMMA-RAY                     13   4.04E-03    5.964E-01    2.41E-03
           GAMMA-RAY                     14   5.05E-03    9.930E-01    5.01E-03
           GAMMA-RAY                     15   6.87E-01    9.971E-01    6.85E-01
           K CONV. ELECTRON, GAMMA-RAY   15   7.76E-02    9.113E-01    7.08E-02
           L1 CONV. ELECTRON, GAMMA-RAY  15   1.53E-02    9.818E-01    1.51E-02
           L2 CONV. ELECTRON, GAMMA-RAY  15   3.05E-03    9.824E-01    3.00E-03
           L3 CONV. ELECTRON, GAMMA-RAY  15   1.55E-03    9.844E-01    1.52E-03
           M CONV. ELECTRON, GAMMA-RAY   15   4.96E-03    9.942E-01*   4.93E-03
           N+ CONV. ELECTRON, GAMMA-RAY  15   1.58E-03    9.971E-01*   1.58E-03
           GAMMA-RAY                     16   4.54E-02    1.332E+00    6.05E-02
           K CONV. ELECTRON, GAMMA-RAY   16   3.19E-04    1.246E+00    3.97E-04
           GAMMA-RAY                     17   3.03E-02    1.348E+00    4.08E-02
           K CONV. ELECTRON, GAMMA-RAY   17   5.67E-04    1.262E+00    7.16E-04
           L1 CONV. ELECTRON, GAMMA-RAY  17   1.05E-04    1.333E+00    1.40E-04
           L2 CONV. ELECTRON, GAMMA-RAY  17   7.23E-05    1.333E+00    9.63E-05
           GAMMA-RAY                     18   1.52E-01    1.564E+00    2.37E-01
           K CONV. ELECTRON, GAMMA-RAY   18   3.43E-04    1.478E+00    5.07E-04
           GAMMA-RAY                     19   2.02E-02    1.590E+00    3.21E-02
           K CONV. ELECTRON, GAMMA-RAY   19   9.07E-05    1.505E+00    1.36E-04
           GAMMA-RAY                     20   2.98E-01    1.637E+00    4.88E-01
           K CONV. ELECTRON, GAMMA-RAY   20   6.21E-04    1.551E+00    9.63E-04
           L1 CONV. ELECTRON, GAMMA-RAY  20   8.82E-05    1.622E+00    1.43E-04
           GAMMA-RAY                     21   7.07E-03    1.683E+00    1.19E-02
           GAMMA-RAY                     22   1.62E-01    1.756E+00    2.84E-01
           K CONV. ELECTRON, GAMMA-RAY   22   2.97E-04    1.671E+00    4.96E-04
           GAMMA-RAY                     23   7.47E-02    1.795E+00    1.34E-01
           K CONV. ELECTRON, GAMMA-RAY   23   1.32E-04    1.709E+00    2.26E-04
           GAMMA-RAY                     24   2.02E-03    1.909E+00    3.86E-03
           GAMMA-RAY                     25   3.84E-02    1.948E+00    7.47E-02
           K CONV. ELECTRON, GAMMA-RAY   25   1.04E-04    1.862E+00    1.93E-04
           GAMMA-RAY                     26   5.05E-02    1.987E+00    1.00E-01
           K CONV. ELECTRON, GAMMA-RAY   26   1.30E-04    1.902E+00    2.47E-04
           GAMMA-RAY                     27   2.42E-02    2.010E+00    4.87E-02
           GAMMA-RAY                     28   5.05E-03    2.358E+00    1.19E-02
           GAMMA-RAY                     29   8.08E-03    2.561E+00    2.07E-02
           GAMMA-RAY                     30   3.53E-02    2.634E+00    9.31E-02
           K CONV. ELECTRON, GAMMA-RAY   30   1.05E-04    2.548E+00    2.69E-04
           GAMMA-RAY                     31   1.01E-03    2.675E+00    2.70E-03
           GAMMA-RAY                     32   7.07E-03    2.753E+00    1.95E-02
           GAMMA-RAY                     33   4.04E-04    2.985E+00    1.21E-03
           K -L2 X-RAY                        7.03E-02    7.105E-02    4.99E-03
           K -L3 X-RAY                        1.19E-01    7.314E-02    8.67E-03
           K -M2 X-RAY                        1.32E-02    8.239E-02    1.08E-03
           K -M3 X-RAY                        2.55E-02    8.285E-02    2.11E-03
           K -N3 X-RAY                        6.12E-03    8.520E-02    5.21E-04
           L2-M4 X-RAY                        2.59E-02    1.225E-02    3.18E-04
           L3-M5 X-RAY                        4.02E-02    1.027E-02    4.13E-04
           AUGER KLL                          6.09E-03    5.722E-02*   3.49E-04
           AUGER KLX                          3.31E-03    6.881E-02*   2.28E-04
           AUGER LMM                          1.08E-01    7.844E-03*   8.44E-04
           AUGER LMX                          4.68E-02    1.013E-02*   4.74E-04
           AUGER MNN                          3.60E-01    1.859E-03*   6.70E-04
           AUGER MNX                          4.24E-02    2.104E-03*   8.93E-05
           CK NNX                             6.84E-01    1.745E-04*   1.19E-04
           AUGER NXY                          1.30E+00    7.571E-05*   9.88E-05
 
           ALL LISTED X-RAYS, GAMMA-RAYS AND ANNIHILATION RADIATION    2.66E+00
           ALL NEGLECTED X-RAYS, GAMMA-RAYS AND ANNIH. RADIATION**     9.94E-04
           ALL LISTED BETAS, INTERNAL CONVERSION AND AUGER ELECTRONS   8.25E-01
           ALL NEGLECTED BETAS, INT. CONVERSION AND AUGER ELECTRONS**  1.48E-03
           ALL LISTED RADIATIONS                                       3.49E+00
           ALL NEGLECTED RADIATIONS**                                  2.47E-03
 
           *  AVERAGE ENERGY (MEV)
           ** EACH NEGLECTED TRANSITION CONTRIBUTES LESS THAN  0.010%
              TO THE TOTAL MEV/TRANSFORMATION FOR THIS CATEGORY.
           TOTAL FEEDING OF GROUND STATE LEVEL IN 207-THALLIUM
             DAUGHTER IS 1.0000E+00 PER TRANSFORMATION OF 207-MERCURY.
             DECAY OF THIS 4.77 MINUTES HALFLIFE LEVEL WILL CONTRIBUTE TO DOSE.
           - - - - - - - - - -
           INPUT DATA SOURCE: EVALUATED NUCLEAR STRUCTURE DATA FILE (ENSDF)
             DATE INPUT DATA WERE ENTERED INTO ENSDF: Feb-1994
%%%% 207 HG  80    B-           1.74000E+02 2.9 M      18-07-2007       OUTPEND 
%%%% 207 HG  80    B-           1.74000E+02 2.9 M      18-07-2007       BETASTAR
1
              207-MERCURY-80
+                                    HALFLIFE = 2.9 MINUTES 
+                                                                  18-07-2007

            BETA SPECTRUM DATA FOR ALL DECAY BRANCHES

                      BETAS PER                BETAS PER                BETAS PER
            ENERGY    MEV            ENERGY    MEV            ENERGY    MEV
            (MEV)     PER DECAY      (MEV)     PER DECAY      (MEV)     PER DECAY

            0.00000   6.208E-01      0.00320   6.224E-01      0.12000   7.326E-01
            0.00010   6.208E-01      0.00360   6.227E-01      0.13000   7.413E-01
            0.00011   6.208E-01      0.00400   6.229E-01      0.14000   7.498E-01
            0.00012   6.209E-01      0.00450   6.231E-01      0.15000   7.581E-01
            0.00013   6.209E-01      0.00500   6.234E-01      0.16000   7.661E-01
            0.00014   6.209E-01      0.00550   6.236E-01      0.18000   7.815E-01
            0.00015   6.209E-01      0.00600   6.239E-01      0.20000   7.959E-01
            0.00016   6.209E-01      0.00650   6.241E-01      0.22000   8.094E-01
            0.00018   6.209E-01      0.00700   6.244E-01      0.24000   8.220E-01
            0.00020   6.209E-01      0.00750   6.246E-01      0.26000   8.335E-01
            0.00022   6.209E-01      0.00800   6.249E-01      0.28000   8.441E-01
            0.00024   6.209E-01      0.00850   6.251E-01      0.30000   8.536E-01
            0.00026   6.209E-01      0.00900   6.254E-01      0.32000   8.621E-01
            0.00028   6.209E-01      0.01000   6.259E-01      0.36000   8.760E-01
            0.00030   6.209E-01      0.01100   6.264E-01      0.40000   8.858E-01
            0.00032   6.210E-01      0.01200   6.269E-01      0.45000   8.921E-01
            0.00036   6.210E-01      0.01300   6.274E-01      0.50000   8.919E-01
            0.00040   6.210E-01      0.01400   6.279E-01      0.55000   8.855E-01
            0.00045   6.210E-01      0.01500   6.283E-01      0.60000   8.729E-01
            0.00050   6.210E-01      0.01600   6.295E-01      0.65000   8.545E-01
            0.00055   6.211E-01      0.01800   6.318E-01      0.70000   8.305E-01
            0.00060   6.211E-01      0.02000   6.340E-01      0.75000   8.014E-01
            0.00065   6.211E-01      0.02200   6.361E-01      0.80000   7.676E-01
            0.00070   6.212E-01      0.02400   6.383E-01      0.85000   7.295E-01
            0.00075   6.212E-01      0.02600   6.405E-01      0.90000   6.877E-01
            0.00080   6.212E-01      0.02800   6.427E-01      1.00000   5.951E-01
            0.00085   6.212E-01      0.03000   6.448E-01      1.10000   4.947E-01
            0.00090   6.213E-01      0.03200   6.470E-01      1.20000   3.919E-01
            0.00100   6.213E-01      0.03600   6.512E-01      1.30000   2.927E-01
            0.00110   6.214E-01      0.04000   6.555E-01      1.40000   2.037E-01
            0.00120   6.214E-01      0.04500   6.607E-01      1.50000   1.315E-01
            0.00130   6.215E-01      0.05000   6.659E-01      1.60000   7.751E-02
            0.00140   6.215E-01      0.05500   6.710E-01      1.80000   2.402E-02
            0.00150   6.216E-01      0.06000   6.761E-01      2.00000   1.784E-02
            0.00160   6.216E-01      0.06500   6.811E-01      2.20000   1.484E-02
            0.00180   6.217E-01      0.07000   6.860E-01      2.40000   1.150E-02
            0.00200   6.218E-01      0.07500   6.909E-01      2.60000   7.939E-03
            0.00220   6.219E-01      0.08000   6.958E-01      2.80000   4.490E-03
            0.00240   6.220E-01      0.08500   7.006E-01      3.00000   1.735E-03
            0.00260   6.221E-01      0.09000   7.053E-01      3.20000   4.735E-04
            0.00280   6.222E-01      0.10000   7.146E-01      3.47190   0.000E+00
            0.00300   6.223E-01      0.11000   7.237E-01

            AVERAGE BETA ENERGY =   6.632E-01

            TOTAL BETAS PER DECAY FOR ALL BRANCHES =   1.000E+00
%%%% 207 HG  80    B-           1.74000E+02 2.9 M      18-07-2007       BETAEND 
%%%% 207 HG  80    B-           1.74000E+02 2.9 M      18-07-2007       SEEISTAR
207.  MERCURY      80.  2.900E+00 MINUTES  276 B-                   207.HG 80.   0
 5 1  4.38597E+00  5.11257E-01  1.46180E+00  0.00000E+00            207.HG 80.   1   1
 5 2  5.48246E+00  5.20436E-01  1.48440E+00  0.00000E+00            207.HG 80.   2   2
 5 3  5.48246E+00  5.36728E-01  1.52440E+00  0.00000E+00            207.HG 80.   3   3
 5 4  3.28947E+00  5.46081E-01  1.54730E+00  0.00000E+00            207.HG 80.   4   4
 5 5  7.67544E+00  5.99390E-01  1.67700E+00  0.00000E+00            207.HG 80.   5   5
 5 6  1.75439E+01  6.15357E-01  1.71560E+00  0.00000E+00            207.HG 80.   6   6
 5 7  3.50877E+01  6.64887E-01  1.83470E+00  0.00000E+00            207.HG 80.   7   7
 5 8  1.53509E+01  6.95593E-01  1.90810E+00  0.00000E+00            207.HG 80.   8   8
 5 9  2.19298E-01  7.95422E-01  2.14480E+00  0.00000E+00            207.HG 80.   9   9
 510  3.28947E+00  1.18755E+00  3.13730E+00  1.00000E+00            207.HG 80.  10  10
 511  2.19298E+00  1.36835E+00  3.47190E+00  0.00000E+00            207.HG 80.  11  11
 1 8  4.04000E-01  2.53800E-01  2.53800E-01  0.00000E+00            207.HG 80.  12   8
 6 1  2.17148E-01  1.68002E-01  1.68002E-01  8.00000E+00            207.HG 80.  13   1
 6 5  3.31578E-02  2.38470E-01  2.38470E-01  8.00000E+00            207.HG 80.  14   5
 6 6  3.12249E-03  2.39054E-01  2.39054E-01  8.00000E+00            207.HG 80.  15   6
 6 7  2.53463E-04  2.41140E-01  2.41140E-01  8.00000E+00            207.HG 80.  16   7
 6 3  8.57403E-03  2.50855E-01  2.50855E-01  8.00000E+00            207.HG 80.  17   3
 6 4  2.72577E-03  2.53800E-01  2.53800E-01  8.00000E+00            207.HG 80.  18   4
 1 9  1.21200E+00  3.10300E-01  3.10300E-01  0.00000E+00            207.HG 80.  19   9
 6 1  3.75513E-01  2.24502E-01  2.24502E-01  9.00000E+00            207.HG 80.  20   1
 6 5  5.73283E-02  2.94970E-01  2.94970E-01  9.00000E+00            207.HG 80.  21   5
 6 6  5.30196E-03  2.95554E-01  2.95554E-01  9.00000E+00            207.HG 80.  22   6
 6 7  4.23886E-04  2.97640E-01  2.97640E-01  9.00000E+00            207.HG 80.  23   7
 6 3  1.48030E-02  3.07355E-01  3.07355E-01  9.00000E+00            207.HG 80.  24   3
 6 4  4.69463E-03  3.10300E-01  3.10300E-01  9.00000E+00            207.HG 80.  25   4
 110  7.67600E+01  3.51000E-01  3.51000E-01  0.00000E+00            207.HG 80.  26  10
 6 1  1.61165E+01  2.65202E-01  2.65202E-01  1.00000E+01            207.HG 80.  27   1
 6 5  2.45480E+00  3.35670E-01  3.35670E-01  1.00000E+01            207.HG 80.  28   5
 6 6  2.70175E-01  3.36254E-01  3.36254E-01  1.00000E+01            207.HG 80.  29   6
 6 7  4.02746E-02  3.38340E-01  3.38340E-01  1.00000E+01            207.HG 80.  30   7
 6 3  6.49969E-01  3.48055E-01  3.48055E-01  1.00000E+01            207.HG 80.  31   3
 6 4  2.06066E-01  3.51000E-01  3.51000E-01  1.00000E+01            207.HG 80.  32   4
 111  1.31300E+00  4.46300E-01  4.46300E-01  0.00000E+00            207.HG 80.  33  11
 6 1  1.53621E-01  3.60502E-01  3.60502E-01  1.10000E+01            207.HG 80.  34   1
 6 5  2.33396E-02  4.30970E-01  4.30970E-01  1.10000E+01            207.HG 80.  35   5
 6 6  2.05889E-03  4.31554E-01  4.31554E-01  1.10000E+01            207.HG 80.  36   6
 6 7  1.62946E-04  4.33640E-01  4.33640E-01  1.10000E+01            207.HG 80.  37   7
 6 3  5.95854E-03  4.43355E-01  4.43355E-01  1.10000E+01            207.HG 80.  38   3
 6 4  1.89778E-03  4.46300E-01  4.46300E-01  1.10000E+01            207.HG 80.  39   4
 112  9.09000E-01  5.63800E-01  5.63800E-01  0.00000E+00            207.HG 80.  40  12
 6 1  5.74423E-02  4.78002E-01  4.78002E-01  1.20000E+01            207.HG 80.  41   1
 6 5  8.68545E-03  5.48470E-01  5.48470E-01  1.20000E+01            207.HG 80.  42   5
 6 6  7.37836E-04  5.49054E-01  5.49054E-01  1.20000E+01            207.HG 80.  43   6
 6 7  5.87822E-05  5.51140E-01  5.51140E-01  1.20000E+01            207.HG 80.  44   7
 6 3  2.21072E-03  5.60855E-01  5.60855E-01  1.20000E+01            207.HG 80.  45   3
 6 4  7.04369E-04  5.63800E-01  5.63800E-01  1.20000E+01            207.HG 80.  46   4
 113  4.04000E-01  5.96400E-01  5.96400E-01  0.00000E+00            207.HG 80.  47  13
 6 1  5.68647E-03  5.10602E-01  5.10602E-01  1.30000E+01            207.HG 80.  48   1
 6 5  8.22626E-04  5.81070E-01  5.81070E-01  1.30000E+01            207.HG 80.  49   5
 6 6  4.82656E-04  5.81654E-01  5.81654E-01  1.30000E+01            207.HG 80.  50   6
 6 7  1.69979E-04  5.83740E-01  5.83740E-01  1.30000E+01            207.HG 80.  51   7
 6 3  3.61596E-04  5.93455E-01  5.93455E-01  1.30000E+01            207.HG 80.  52   3
 6 4  1.13032E-04  5.96400E-01  5.96400E-01  1.30000E+01            207.HG 80.  53   4
 114  5.05000E-01  9.93000E-01  9.93000E-01  0.00000E+00            207.HG 80.  54  14
 6 1  2.62500E-03  9.07202E-01  9.07202E-01  1.40000E+01            207.HG 80.  55   1
 6 5  3.76667E-04  9.77670E-01  9.77670E-01  1.40000E+01            207.HG 80.  56   5
 6 6  9.82609E-05  9.78254E-01  9.78254E-01  1.40000E+01            207.HG 80.  57   6
 6 7  2.82966E-05  9.80340E-01  9.80340E-01  1.40000E+01            207.HG 80.  58   7
 6 3  1.19770E-04  9.90055E-01  9.90055E-01  1.40000E+01            207.HG 80.  59   3
 6 4  3.77473E-05  9.93000E-01  9.93000E-01  1.40000E+01            207.HG 80.  60   4
 115  6.86800E+01  9.97100E-01  9.97100E-01  0.00000E+00            207.HG 80.  61  15
 6 1  7.76447E+00  9.11302E-01  9.11302E-01  1.50000E+01            207.HG 80.  62   1
 6 5  1.53346E+00  9.81770E-01  9.81770E-01  1.50000E+01            207.HG 80.  63   5
 6 6  3.04998E-01  9.82354E-01  9.82354E-01  1.50000E+01            207.HG 80.  64   6
 6 7  1.54893E-01  9.84440E-01  9.84440E-01  1.50000E+01            207.HG 80.  65   7
 6 3  4.95749E-01  9.94155E-01  9.94155E-01  1.50000E+01            207.HG 80.  66   3
 6 4  1.58018E-01  9.97100E-01  9.97100E-01  1.50000E+01            207.HG 80.  67   4
 116  4.54500E+00  1.33170E+00  1.33170E+00  0.00000E+00            207.HG 80.  68  16
 6 1  3.19012E-02  1.24590E+00  1.24590E+00  1.60000E+01            207.HG 80.  69   1
 6 5  4.74979E-03  1.31637E+00  1.31637E+00  1.60000E+01            207.HG 80.  70   5
 6 6  3.25975E-04  1.31695E+00  1.31695E+00  1.60000E+01            207.HG 80.  71   6
 6 7  3.23293E-05  1.31904E+00  1.31904E+00  1.60000E+01            207.HG 80.  72   7
 6 3  1.18991E-03  1.32876E+00  1.32876E+00  1.60000E+01            207.HG 80.  73   3
 6 4  3.79404E-04  1.33170E+00  1.33170E+00  1.60000E+01            207.HG 80.  74   4
 117  3.03000E+00  1.34810E+00  1.34810E+00  0.00000E+00            207.HG 80.  75  17
 6 1  5.66836E-02  1.26230E+00  1.26230E+00  1.70000E+01            207.HG 80.  76   1
 6 5  1.05183E-02  1.33277E+00  1.33277E+00  1.70000E+01            207.HG 80.  77   5
 6 6  7.22504E-03  1.33335E+00  1.33335E+00  1.70000E+01            207.HG 80.  78   6
 6 7  8.65920E-04  1.33544E+00  1.33544E+00  1.70000E+01            207.HG 80.  79   7
 6 3  3.98122E-04  1.34516E+00  1.34516E+00  1.70000E+01            207.HG 80.  80   3
 118  1.51500E+01  1.56390E+00  1.56390E+00  0.00000E+00            207.HG 80.  81  18
 6 1  3.42891E-02  1.47810E+00  1.47810E+00  1.80000E+01            207.HG 80.  82   1
 6 5  4.87352E-03  1.54857E+00  1.54857E+00  1.80000E+01            207.HG 80.  83   5
 6 6  6.79382E-04  1.54915E+00  1.54915E+00  1.80000E+01            207.HG 80.  84   6
 6 7  1.77521E-04  1.55124E+00  1.55124E+00  1.80000E+01            207.HG 80.  85   7
 6 3  1.33886E-03  1.56096E+00  1.56096E+00  1.80000E+01            207.HG 80.  86   3
 6 4  4.19970E-04  1.56390E+00  1.56390E+00  1.80000E+01            207.HG 80.  87   4
 119  2.02000E+00  1.59030E+00  1.59030E+00  0.00000E+00            207.HG 80.  88  19
 6 1  9.06792E-03  1.50450E+00  1.50450E+00  1.90000E+01            207.HG 80.  89   1
 6 5  1.35237E-03  1.57497E+00  1.57497E+00  1.90000E+01            207.HG 80.  90   5
 6 6  8.67742E-05  1.57555E+00  1.57555E+00  1.90000E+01            207.HG 80.  91   6
 6 7  9.64584E-06  1.57764E+00  1.57764E+00  1.90000E+01            207.HG 80.  92   7
 6 3  3.37552E-04  1.58736E+00  1.58736E+00  1.90000E+01            207.HG 80.  93   3
 6 4  1.07015E-04  1.59030E+00  1.59030E+00  1.90000E+01            207.HG 80.  94   4
 120  2.97950E+01  1.63710E+00  1.63710E+00  0.00000E+00            207.HG 80.  95  20
 6 1  6.21087E-02  1.55130E+00  1.55130E+00  2.00000E+01            207.HG 80.  96   1
 6 5  8.82298E-03  1.62177E+00  1.62177E+00  2.00000E+01            207.HG 80.  97   5
 6 6  1.16204E-03  1.62235E+00  1.62235E+00  2.00000E+01            207.HG 80.  98   6
 6 7  3.02056E-04  1.62444E+00  1.62444E+00  2.00000E+01            207.HG 80.  99   7
 6 3  2.40033E-03  1.63416E+00  1.63416E+00  2.00000E+01            207.HG 80. 100   3
 6 4  7.52409E-04  1.63710E+00  1.63710E+00  2.00000E+01            207.HG 80. 101   4
 121  7.07000E-01  1.68270E+00  1.68270E+00  0.00000E+00            207.HG 80. 102  21
 6 1  1.40279E-03  1.59690E+00  1.59690E+00  2.10000E+01            207.HG 80. 103   1
 6 5  1.99228E-04  1.66737E+00  1.66737E+00  2.10000E+01            207.HG 80. 104   5
 6 6  2.53752E-05  1.66795E+00  1.66795E+00  2.10000E+01            207.HG 80. 105   6
 6 7  6.57799E-06  1.67004E+00  1.67004E+00  2.10000E+01            207.HG 80. 106   7
 6 3  5.39032E-05  1.67976E+00  1.67976E+00  2.10000E+01            207.HG 80. 107   3
 6 4  1.68895E-05  1.68270E+00  1.68270E+00  2.10000E+01            207.HG 80. 108   4
 122  1.61600E+01  1.75630E+00  1.75630E+00  0.00000E+00            207.HG 80. 109  22
 6 1  2.96920E-02  1.67050E+00  1.67050E+00  2.20000E+01            207.HG 80. 110   1
 6 5  4.21583E-03  1.74097E+00  1.74097E+00  2.20000E+01            207.HG 80. 111   5
 6 6  5.10133E-04  1.74155E+00  1.74155E+00  2.20000E+01            207.HG 80. 112   6
 6 7  1.31764E-04  1.74364E+00  1.74364E+00  2.20000E+01            207.HG 80. 113   7
 6 3  1.13145E-03  1.75336E+00  1.75336E+00  2.20000E+01            207.HG 80. 114   3
 6 4  3.54297E-04  1.75630E+00  1.75630E+00  2.20000E+01            207.HG 80. 115   4
 123  7.47400E+00  1.79490E+00  1.79490E+00  0.00000E+00            207.HG 80. 116  23
 6 1  1.32072E-02  1.70910E+00  1.70910E+00  2.30000E+01            207.HG 80. 117   1
 6 5  1.87509E-03  1.77957E+00  1.77957E+00  2.30000E+01            207.HG 80. 118   5
 6 6  2.21162E-04  1.78015E+00  1.78015E+00  2.30000E+01            207.HG 80. 119   6
 6 7  5.70372E-05  1.78224E+00  1.78224E+00  2.30000E+01            207.HG 80. 120   7
 6 3  5.01292E-04  1.79196E+00  1.79196E+00  2.30000E+01            207.HG 80. 121   3
 6 4  1.56923E-04  1.79490E+00  1.79490E+00  2.30000E+01            207.HG 80. 122   4
 124  2.02000E-01  1.90920E+00  1.90920E+00  0.00000E+00            207.HG 80. 123  24
 6 1  3.18878E-04  1.82340E+00  1.82340E+00  2.40000E+01            207.HG 80. 124   1
 6 5  4.53662E-05  1.89387E+00  1.89387E+00  2.40000E+01            207.HG 80. 125   5
 6 6  4.98424E-06  1.89445E+00  1.89445E+00  2.40000E+01            207.HG 80. 126   6
 6 7  1.28123E-06  1.89654E+00  1.89654E+00  2.40000E+01            207.HG 80. 127   7
 6 3  1.20048E-05  1.90626E+00  1.90626E+00  2.40000E+01            207.HG 80. 128   3
 6 4  3.75479E-06  1.90920E+00  1.90920E+00  2.40000E+01            207.HG 80. 129   4
 125  3.83800E+00  1.94750E+00  1.94750E+00  0.00000E+00            207.HG 80. 130  25
 6 1  1.03680E-02  1.86170E+00  1.86170E+00  2.50000E+01            207.HG 80. 131   1
 6 5  1.55079E-03  1.93217E+00  1.93217E+00  2.50000E+01            207.HG 80. 132   5
 6 6  9.09143E-05  1.93275E+00  1.93275E+00  2.50000E+01            207.HG 80. 133   6
 6 7  1.20094E-05  1.93484E+00  1.93484E+00  2.50000E+01            207.HG 80. 134   7
 6 3  3.85885E-04  1.94456E+00  1.94456E+00  2.50000E+01            207.HG 80. 135   3
 6 4  1.21708E-04  1.94750E+00  1.94750E+00  2.50000E+01            207.HG 80. 136   4
 126  5.05000E+00  1.98740E+00  1.98740E+00  0.00000E+00            207.HG 80. 137  26
 6 1  1.29679E-02  1.90160E+00  1.90160E+00  2.60000E+01            207.HG 80. 138   1
 6 5  1.94030E-03  1.97207E+00  1.97207E+00  2.60000E+01            207.HG 80. 139   5
 6 6  1.12628E-04  1.97265E+00  1.97265E+00  2.60000E+01            207.HG 80. 140   6
 6 7  1.51784E-05  1.97474E+00  1.97474E+00  2.60000E+01            207.HG 80. 141   7
 6 3  4.82701E-04  1.98446E+00  1.98446E+00  2.60000E+01            207.HG 80. 142   3
 6 4  1.52148E-04  1.98740E+00  1.98740E+00  2.60000E+01            207.HG 80. 143   4
 127  2.42400E+00  2.00950E+00  2.00950E+00  0.00000E+00            207.HG 80. 144  27
 6 1  3.49033E-03  1.92370E+00  1.92370E+00  2.70000E+01            207.HG 80. 145   1
 6 5  4.96756E-04  1.99417E+00  1.99417E+00  2.70000E+01            207.HG 80. 146   5
 6 6  5.15563E-05  1.99475E+00  1.99475E+00  2.70000E+01            207.HG 80. 147   6
 6 7  1.32335E-05  1.99684E+00  1.99684E+00  2.70000E+01            207.HG 80. 148   7
 6 3  1.30451E-04  2.00656E+00  2.00656E+00  2.70000E+01            207.HG 80. 149   3
 6 4  4.07758E-05  2.00950E+00  2.00950E+00  2.70000E+01            207.HG 80. 150   4
 128  5.05000E-01  2.35800E+00  2.35800E+00  0.00000E+00            207.HG 80. 151  28
 6 1  2.42300E-04  2.27220E+00  2.27220E+00  2.80000E+01            207.HG 80. 152   1
 6 5  3.13326E-05  2.34267E+00  2.34267E+00  2.80000E+01            207.HG 80. 153   5
 6 6  1.26589E-06  2.34325E+00  2.34325E+00  2.80000E+01            207.HG 80. 154   6
 6 7  9.56372E-07  2.34534E+00  2.34534E+00  2.80000E+01            207.HG 80. 155   7
 6 3  7.74020E-06  2.35506E+00  2.35506E+00  2.80000E+01            207.HG 80. 156   3
 6 4  2.40358E-06  2.35800E+00  2.35800E+00  2.80000E+01            207.HG 80. 157   4
 129  8.08000E-01  2.56050E+00  2.56050E+00  0.00000E+00            207.HG 80. 158  29
 6 1  2.57840E-03  2.47470E+00  2.47470E+00  2.90000E+01            207.HG 80. 159   1
 6 5  3.55244E-04  2.54517E+00  2.54517E+00  2.90000E+01            207.HG 80. 160   5
 6 6  2.73560E-05  2.54575E+00  2.54575E+00  2.90000E+01            207.HG 80. 161   6
 6 7  1.70452E-06  2.54784E+00  2.54784E+00  2.90000E+01            207.HG 80. 162   7
 6 3  8.91242E-05  2.55756E+00  2.55756E+00  2.90000E+01            207.HG 80. 163   3
 6 4  2.74224E-05  2.56050E+00  2.56050E+00  2.90000E+01            207.HG 80. 164   4
 130  3.53500E+00  2.63410E+00  2.63410E+00  0.00000E+00            207.HG 80. 165  30
 6 1  1.05388E-02  2.54830E+00  2.54830E+00  3.00000E+01            207.HG 80. 166   1
 6 5  1.44023E-03  2.61877E+00  2.61877E+00  3.00000E+01            207.HG 80. 167   5
 6 6  1.09737E-04  2.61935E+00  2.61935E+00  3.00000E+01            207.HG 80. 168   6
 6 7  6.69361E-06  2.62144E+00  2.62144E+00  3.00000E+01            207.HG 80. 169   7
 6 3  3.60749E-04  2.63116E+00  2.63116E+00  3.00000E+01            207.HG 80. 170   3
 6 4  1.10886E-04  2.63410E+00  2.63410E+00  3.00000E+01            207.HG 80. 171   4
 131  1.01000E-01  2.67520E+00  2.67520E+00  0.00000E+00            207.HG 80. 172  31
 6 1  8.71718E-05  2.58940E+00  2.58940E+00  3.10000E+01            207.HG 80. 173   1
 6 5  1.19867E-05  2.65987E+00  2.65987E+00  3.10000E+01            207.HG 80. 174   5
 6 6  7.88621E-07  2.66045E+00  2.66045E+00  3.10000E+01            207.HG 80. 175   6
 6 7  1.82344E-07  2.66254E+00  2.66254E+00  3.10000E+01            207.HG 80. 176   7
 6 3  2.98129E-06  2.67226E+00  2.67226E+00  3.10000E+01            207.HG 80. 177   3
 6 4  9.30517E-07  2.67520E+00  2.67520E+00  3.10000E+01            207.HG 80. 178   4
 132  7.07000E-01  2.75330E+00  2.75330E+00  0.00000E+00            207.HG 80. 179  32
 6 1  5.79673E-04  2.66750E+00  2.66750E+00  3.20000E+01            207.HG 80. 180   1
 6 5  7.95466E-05  2.73797E+00  2.73797E+00  3.20000E+01            207.HG 80. 181   5
 6 6  5.02839E-06  2.73855E+00  2.73855E+00  3.20000E+01            207.HG 80. 182   6
 6 7  1.15529E-06  2.74064E+00  2.74064E+00  3.20000E+01            207.HG 80. 183   7
 6 3  1.97121E-05  2.75036E+00  2.75036E+00  3.20000E+01            207.HG 80. 184   3
 6 4  6.15066E-06  2.75330E+00  2.75330E+00  3.20000E+01            207.HG 80. 185   4
 133  4.04000E-02  2.98540E+00  2.98540E+00  0.00000E+00            207.HG 80. 186  33
 6 1  5.14874E-05  2.89960E+00  2.89960E+00  3.30000E+01            207.HG 80. 187   1
 6 5  6.77834E-06  2.97007E+00  2.97007E+00  3.30000E+01            207.HG 80. 188   5
 6 6  6.32145E-07  2.97065E+00  2.97065E+00  3.30000E+01            207.HG 80. 189   6
 6 7  7.15210E-08  2.97274E+00  2.97274E+00  3.30000E+01            207.HG 80. 190   7
 6 3  1.71741E-06  2.98246E+00  2.98246E+00  3.30000E+01            207.HG 80. 191   3
 6 4  5.24571E-07  2.98540E+00  2.98540E+00  3.30000E+01            207.HG 80. 192   4
 2 1  7.02901E+00  7.10519E-02  7.10519E-02  0.00000E+00            207.HG 80. 193   1
 2 2  1.18582E+01  7.31380E-02  7.31380E-02  0.00000E+00            207.HG 80. 194   2
 2 3  1.31565E+00  8.23884E-02  8.23884E-02  0.00000E+00            207.HG 80. 195   3
 2 4  2.54696E+00  8.28534E-02  8.28534E-02  0.00000E+00            207.HG 80. 196   4
 2 5  3.48992E-02  8.33045E-02  8.33045E-02  0.00000E+00            207.HG 80. 197   5
 2 6  4.24634E-02  8.34039E-02  8.34039E-02  0.00000E+00            207.HG 80. 198   6
 2 7  3.11883E-01  8.50837E-02  8.50837E-02  0.00000E+00            207.HG 80. 199   7
 2 8  6.11876E-01  8.51979E-02  8.51979E-02  0.00000E+00            207.HG 80. 200   8
 2 9  9.17391E-03  8.53917E-02  8.53917E-02  0.00000E+00            207.HG 80. 201   9
 210  1.11423E-02  8.54128E-02  8.54128E-02  0.00000E+00            207.HG 80. 202  10
 211  7.22954E-02  8.56991E-02  8.56991E-02  0.00000E+00            207.HG 80. 203  11
 212  1.41015E-01  8.57200E-02  8.57200E-02  0.00000E+00            207.HG 80. 204  12
 213  1.08775E-03  8.57755E-02  8.57755E-02  0.00000E+00            207.HG 80. 205  13
 214  1.28361E-03  8.57781E-02  8.57781E-02  0.00000E+00            207.HG 80. 206  14
 215  6.13599E-04  8.57926E-02  8.57926E-02  0.00000E+00            207.HG 80. 207  15
 216  8.73315E-04  8.57936E-02  8.57936E-02  0.00000E+00            207.HG 80. 208  16
 221  5.39246E-05  5.84000E-04  5.84000E-04  0.00000E+00            207.HG 80. 209  21
 222  1.25771E-02  2.67000E-03  2.67000E-03  0.00000E+00            207.HG 80. 210  22
 223  1.45797E-01  1.19203E-02  1.19203E-02  0.00000E+00            207.HG 80. 211  23
 224  1.62235E-01  1.23854E-02  1.23854E-02  0.00000E+00            207.HG 80. 212  24
 225  5.12650E-03  1.28363E-02  1.28363E-02  0.00000E+00            207.HG 80. 213  25
 226  7.67376E-03  1.29361E-02  1.29361E-02  0.00000E+00            207.HG 80. 214  26
 227  3.72989E-02  1.46160E-02  1.46160E-02  0.00000E+00            207.HG 80. 215  27
 228  4.50926E-02  1.47297E-02  1.47297E-02  0.00000E+00            207.HG 80. 216  28
 229  7.79746E-04  1.49236E-02  1.49236E-02  0.00000E+00            207.HG 80. 217  29
 230  1.23154E-03  1.49449E-02  1.49449E-02  0.00000E+00            207.HG 80. 218  30
 231  7.09950E-03  1.52310E-02  1.52310E-02  0.00000E+00            207.HG 80. 219  31
 232  8.38981E-03  1.52520E-02  1.52520E-02  0.00000E+00            207.HG 80. 220  32
 233  8.52635E-05  1.53076E-02  1.53076E-02  0.00000E+00            207.HG 80. 221  33
 234  1.32527E-04  1.53100E-02  1.53100E-02  0.00000E+00            207.HG 80. 222  34
 235  7.45300E-05  1.53245E-02  1.53245E-02  0.00000E+00            207.HG 80. 223  35
 236  6.62377E-05  1.53257E-02  1.53257E-02  0.00000E+00            207.HG 80. 224  36
 241  7.83157E-05  2.08600E-03  2.08600E-03  0.00000E+00            207.HG 80. 225  41
 242  7.04153E-02  1.10673E-02  1.10673E-02  0.00000E+00            207.HG 80. 226  42
 243  2.81750E-03  1.18014E-02  1.18014E-02  0.00000E+00            207.HG 80. 227  43
 244  2.59325E+00  1.22523E-02  1.22523E-02  0.00000E+00            207.HG 80. 228  44
 245  1.80767E-02  1.39146E-02  1.39146E-02  0.00000E+00            207.HG 80. 229  45
 246  7.75365E-04  1.41457E-02  1.41457E-02  0.00000E+00            207.HG 80. 230  46
 247  5.23740E-01  1.43396E-02  1.43396E-02  0.00000E+00            207.HG 80. 231  47
 248  2.10337E-03  1.46130E-02  1.46130E-02  0.00000E+00            207.HG 80. 232  48
 249  3.78625E-03  1.46068E-02  1.46068E-02  0.00000E+00            207.HG 80. 233  49
 250  1.55387E-04  1.46680E-02  1.46680E-02  0.00000E+00            207.HG 80. 234  50
 251  5.97562E-02  1.47236E-02  1.47236E-02  0.00000E+00            207.HG 80. 235  51
 253  4.39303E-04  1.47336E-02  1.47336E-02  0.00000E+00            207.HG 80. 236  53
 254  1.13723E-06  1.47417E-02  1.47417E-02  0.00000E+00            207.HG 80. 237  54
 261  2.61379E-01  8.98130E-03  8.98130E-03  0.00000E+00            207.HG 80. 238  61
 262  2.66723E-03  9.25030E-03  9.25030E-03  0.00000E+00            207.HG 80. 239  62
 263  2.41236E-03  9.71540E-03  9.71540E-03  0.00000E+00            207.HG 80. 240  63
 264  4.56748E-01  1.01663E-02  1.01663E-02  0.00000E+00            207.HG 80. 241  64
 265  4.02224E+00  1.02661E-02  1.02661E-02  0.00000E+00            207.HG 80. 242  65
 266  5.71988E-02  1.18286E-02  1.18286E-02  0.00000E+00            207.HG 80. 243  66
 267  6.02936E-04  1.19460E-02  1.19460E-02  0.00000E+00            207.HG 80. 244  67
 268  6.14419E-04  1.20597E-02  1.20597E-02  0.00000E+00            207.HG 80. 245  68
 269  8.48434E-02  1.22537E-02  1.22537E-02  0.00000E+00            207.HG 80. 246  69
 270  7.66292E-01  1.22749E-02  1.22749E-02  0.00000E+00            207.HG 80. 247  70
 271  6.34833E-04  1.25271E-02  1.25271E-02  0.00000E+00            207.HG 80. 248  71
 272  3.54734E-03  1.25318E-02  1.25318E-02  0.00000E+00            207.HG 80. 249  72
 273  1.23067E-02  1.25208E-02  1.25208E-02  0.00000E+00            207.HG 80. 250  73
 274  1.26081E-04  1.25610E-02  1.25610E-02  0.00000E+00            207.HG 80. 251  74
 275  1.29064E-04  1.25820E-02  1.25820E-02  0.00000E+00            207.HG 80. 252  75
 276  9.54507E-03  1.26376E-02  1.26376E-02  0.00000E+00            207.HG 80. 253  76
 277  8.40299E-02  1.26400E-02  1.26400E-02  0.00000E+00            207.HG 80. 254  77
 280  1.37841E-03  1.26476E-02  1.26476E-02  0.00000E+00            207.HG 80. 255  80
 281  1.17024E-06  1.26545E-02  1.26545E-02  0.00000E+00            207.HG 80. 256  81
 282  8.85625E-07  1.26557E-02  1.26557E-02  0.00000E+00            207.HG 80. 257  82
 291  1.40120E+00  2.30026E-03  2.30026E-03  0.00000E+00            207.HG 80. 258  91
 292  2.96230E-02  3.26879E-04  3.26879E-04  0.00000E+00            207.HG 80. 259  92
 293  2.30716E-04  6.77233E-05  6.77233E-05  0.00000E+00            207.HG 80. 260  93
 294  3.97940E+02  2.07376E-05  2.07376E-05  0.00000E+00            207.HG 80. 261  94
 7 1  6.09184E-01  5.72241E-02  5.72241E-02  0.00000E+00            207.HG 80. 262   1
 7 2  3.31499E-01  6.88063E-02  6.88063E-02  0.00000E+00            207.HG 80. 263   2
 7 3  4.34741E-02  8.04012E-02  8.04012E-02  0.00000E+00            207.HG 80. 264   3
 7 4  4.59638E+00  9.04684E-04  9.04684E-04  0.00000E+00            207.HG 80. 265   4
 7 5  1.07562E+01  7.84414E-03  7.84414E-03  0.00000E+00            207.HG 80. 266   5
 7 6  4.67865E+00  1.01350E-02  1.01350E-02  0.00000E+00            207.HG 80. 267   6
 7 7  4.89230E-01  1.24533E-02  1.24533E-02  0.00000E+00            207.HG 80. 268   7
 7 8  1.48550E+01  4.17313E-04  4.17313E-04  0.00000E+00            207.HG 80. 269   8
 7 9  3.60439E+01  1.85884E-03  1.85884E-03  0.00000E+00            207.HG 80. 270   9
 710  4.24154E+00  2.10423E-03  2.10423E-03  0.00000E+00            207.HG 80. 271  10
 711  2.12111E-01  2.47595E-03  2.47595E-03  0.00000E+00            207.HG 80. 272  11
 712  6.83524E+01  1.74481E-04  1.74481E-04  0.00000E+00            207.HG 80. 273  12
 713  1.30430E+02  7.57149E-05  7.57149E-05  0.00000E+00            207.HG 80. 274  13
 714  8.73687E+01  4.30140E-05  4.30140E-05  0.00000E+00            207.HG 80. 275  14
 715  7.96862E-02  9.84758E-05  9.84758E-05  0.00000E+00            207.HG 80. 276  15
%%%% 207 HG  80    B-           1.74000E+02 2.9 M      18-07-2007       SEEIEND 
 


   ***************************************************** 
   *                 Radiation Summary                 * 
   ***************************************************** 
 
  Energy released by
    Gamma-ray                       (MeV) =   2.64226E+00
    X-ray                           (MeV) =   1.90247E-02
    Free-bound X-ray                (MeV) =   8.25230E-05
    Annihilation photon             (MeV) =   0.00000E+00
    Beta+ particle                  (MeV) =   0.00000E+00
    Neutrino                        (MeV) =   0.00000E+00
    Beta- particle                  (MeV) =   6.63198E-01
    Neutrino-                       (MeV) =   1.16718E+00
    Internal conv. electron         (MeV) =   1.59919E-01
    Auger and CK electron           (MeV) =   3.11424E-03
    Alpha particle                  (MeV) =   0.00000E+00
    Recoil nucleus                  (MeV) =   0.00000E+00
  E-total (except unplaced radiat.) (MeV) =   4.65478E+00
  E-unplaced radiation              (MeV) =   0.00000E+00
  Q-value from ENSDF data           (MeV) =   4.82000E+00
  Ratio of E-total/Q-value          ( % ) =   9.65721E+01
  Ratio of E-unplaced radi./Q-value ( % ) =   0.00000E+00

 
  Total yield of
    Gamma-ray                             =   2.46278E+00
    X-ray                                 =   3.48953E-01
    Free-bound X-ray                      =   3.97940E+00
    Annihilation photon                   =   0.00000E+00
    Beta+ particle                        =   0.00000E+00
    Beta- particle                        =   1.00000E+00
    Internal conv. electron               =   3.14862E-01
    Auger and CK electron                 =   3.63088E+00
    Alpha particle                        =   0.00000E+00
  Yield of unplaced radiation             =   0.00000E+00


