%%%% 193 IR  77 M  IT           9.09792E+05 10.53 D    02-11-2005       BALASTAR
1 193M  IR  77 10.53 D         IT         
1INTENSITY AND ENERGY BALANCE DATA

              193M-IRIDIUM-77
+                                    HALFLIFE = 10.53 DAYS    
+                                                                  02-11-2005


    LEVEL       INTENSITY   INTENSITY
    ENERGY      ENTERING    LEAVING     PERCENT
    (MEV)       LEVEL       LEVEL       ERROR

   0.0000E+00  1.0000E+02
   8.0220E-02  1.0000E+02  1.0000E+02  0.0000E+00                      


 INTENSITY TO GROUND AND ISOMERIC STATE(S) OF DAUGHTER(S)=  1.000E+02
 TOTAL INTENSITY FROM PARENT=  1.000E+02
 PERCENT ERROR =  0.000E+00                      


 TOTAL INTENSITY FROM PARENT =  1.000E+02
 VALUE IS WITHIN   0.00E+00% OF 100                      


 TOTAL ENERGY AVAILABLE =  8.022E-02 MEV
 TOTAL ENERGY CONTENT OF ALL RADIATIONS =  8.022E-02 MEV
 PERCENT ERROR =  0.000E+00                      
%%%% 193 IR  77 M  IT           9.09792E+05 10.53 D    02-11-2005       BALAEND 
%%%% 193 IR  77 M  IT           9.09792E+05 10.53 D    02-11-2005       INPUSTAR
1                                      **INPUT DATA**
              193M-IRIDIUM-77
+                                    HALFLIFE = 10.53 DAYS    
+                                                                  02-11-2005

            MODE OF DECAY: ISOMERIC LEVEL
 
                                MEAN
                                NUMBER/    TRANSITION
                TYPE OF    ID   TRANSFOR-  ENERGY
              TRANSITION   NO.  MATION     (MEV)       OTHER NUCLEAR PARAMETERS

           I.C.E. + GAMMA   1   1.00E+00   8.022E-02   M4 MULTIPOLE                             
+                                                                    AK= 103.                   
                                                       AL1=2.77E+03  AL2=494.                   
                                                       AL3=1.19E+04  AM= 5.31E+03               
                                                       AN+=1.62E+03                             
 
           - - - - - - - - - -
           Reference: Evaluated Nuclear Structure Data File (ENSDF)
                DATE DATA WERE ENTERED INTO ENSDF: May-1998
%%%% 193 IR  77 M  IT           9.09792E+05 10.53 D    02-11-2005       INPUEND 
%%%% 193 IR  77 M  IT           9.09792E+05 10.53 D    02-11-2005       OUTPSTAR
1                                      **OUTPUT DATA**
              193M-IRIDIUM-77
+                                    HALFLIFE = 10.53 DAYS    
+                                                                  02-11-2005

            MODE OF DECAY: ISOMERIC LEVEL
 
                                              MEAN
                                              NUMBER/                  MEV/
                                         ID   TRANSFOR-   ENERGY       TRANSFOR-
                  TYPE OF RADIATION      NO.  MATION      (MEV)        MATION

           GAMMA-RAY                      1   4.51E-05    8.022E-02    3.62E-06
           L1 CONV. ELECTRON, GAMMA-RAY   1   1.25E-01    6.682E-02    8.36E-03
           L2 CONV. ELECTRON, GAMMA-RAY   1   2.23E-02    6.736E-02    1.50E-03
           L3 CONV. ELECTRON, GAMMA-RAY   1   5.35E-01    6.901E-02    3.69E-02
           M CONV. ELECTRON, GAMMA-RAY    1   2.39E-01    7.768E-02*   1.86E-02
           N+ CONV. ELECTRON, GAMMA-RAY   1   7.32E-02    8.022E-02*   5.87E-03
           K -L2 X-RAY                        1.29E-03    6.345E-02    8.19E-05
           K -L3 X-RAY                        2.21E-03    6.510E-02    1.44E-04
           K -M2 X-RAY                        2.41E-04    7.341E-02    1.77E-05
           K -M3 X-RAY                        4.67E-04    7.377E-02    3.44E-05
           K -N2 X-RAY                        5.59E-05    7.574E-02    4.24E-06
           K -N3 X-RAY                        1.09E-04    7.583E-02    8.26E-06
           L1-M2 X-RAY                        3.15E-03    1.050E-02    3.30E-05
           L1-M3 X-RAY                        3.76E-03    1.086E-02    4.08E-05
           L1-N2 X-RAY                        7.87E-04    1.283E-02    1.01E-05
           L1-N3 X-RAY                        1.01E-03    1.291E-02    1.30E-05
           L2-M4 X-RAY                        8.73E-03    1.074E-02    9.37E-05
           L2-N4 X-RAY                        1.68E-03    1.255E-02    2.11E-05
           L3-M1 X-RAY                        8.67E-03    8.068E-03    6.99E-05
           L3-M4 X-RAY                        1.50E-02    9.091E-03    1.36E-04
           L3-M5 X-RAY                        1.32E-01    9.169E-03    1.21E-03
           L3-N1 X-RAY                        1.74E-03    1.054E-02    1.83E-05
           L3-N4 X-RAY                        2.69E-03    1.090E-02    2.93E-05
           L3-N5 X-RAY                        2.42E-02    1.092E-02    2.64E-04
           L3-O1 X-RAY                        3.61E-04    1.111E-02    4.01E-06
           L3-O5 X-RAY                        1.47E-03    1.121E-02    1.65E-05
           M X-RAY                            3.34E-02    1.989E-03*   6.64E-05
           Free-Bound X-RAY                   7.10E+00    4.535E-05*   3.22E-04
           AUGER LMM                          3.33E-01    6.752E-03*   2.25E-03
           AUGER LMX                          1.34E-01    8.702E-03*   1.16E-03
           AUGER LXY                          1.32E-02    1.067E-02*   1.41E-04
           CK MMX                             4.76E-01    3.318E-04*   1.58E-04
           AUGER MNN                          1.14E+00    1.637E-03*   1.87E-03
           AUGER MNX                          1.01E-01    1.836E-03*   1.85E-04
           CK NNX                             2.34E+00    1.700E-04*   3.97E-04
 
           ALL LISTED X-RAYS, GAMMA-RAYS AND ANNIHILATION RADIATION    2.64E-03
           ALL NEGLECTED X-RAYS, GAMMA-RAYS AND ANNIH. RADIATION**     2.17E-05
           ALL LISTED BETAS, INTERNAL CONVERSION AND AUGER ELECTRONS   7.74E-02
           ALL NEGLECTED BETAS, INT. CONVERSION AND AUGER ELECTRONS**  1.77E-04
           ALL LISTED RADIATIONS                                       8.01E-02
           ALL NEGLECTED RADIATIONS**                                  1.99E-04
 
           *  AVERAGE ENERGY (MEV)
           ** EACH NEGLECTED TRANSITION CONTRIBUTES LESS THAN  0.100%
              TO THE TOTAL MEV/TRANSFORMATION FOR THIS CATEGORY.
           TOTAL FEEDING OF GROUND STATE LEVEL IN 193-IRIDIUM
             DAUGHTER IS 1.0000E+00  PER TRANSFORMATION OF 193M-IRIDIUM.
             THIS DAUGHTER GROUND STATE IS STABLE.
           - - - - - - - - - -
           INPUT DATA SOURCE: EVALUATED NUCLEAR STRUCTURE DATA FILE (ENSDF)
             DATE INPUT DATA WERE ENTERED INTO ENSDF: May-1998
%%%% 193 IR  77 M  IT           9.09792E+05 10.53 D    02-11-2005       OUTPEND 
%%%% 193 IR  77 M  IT           9.09792E+05 10.53 D    02-11-2005       SEEISTAR
193.M IRIDIUM      77.  1.053E+01 DAYS      81 IT                   193.IR 77.   0
 1 1  4.51043E-03  8.02200E-02  8.02200E-02  0.00000E+00            193.IR 77.   1   1
 6 1  4.63073E-01  3.90600E-03  3.90600E-03  1.00000E+00            193.IR 77.   2   1
 6 5  1.25164E+01  6.68240E-02  6.68240E-02  1.00000E+00            193.IR 77.   3   5
 6 6  2.22765E+00  6.73610E-02  6.73610E-02  1.00000E+00            193.IR 77.   4   6
 6 7  5.35197E+01  6.90060E-02  6.90060E-02  1.00000E+00            193.IR 77.   5   7
 6 3  2.39497E+01  7.76810E-02  7.76810E-02  1.00000E+00            193.IR 77.   6   3
 6 4  7.31896E+00  8.02200E-02  8.02200E-02  1.00000E+00            193.IR 77.   7   4
 2 1  1.29072E-01  6.34550E-02  6.34550E-02  0.00000E+00            193.IR 77.   8   1
 2 2  2.21381E-01  6.50999E-02  6.50999E-02  0.00000E+00            193.IR 77.   9   2
 2 3  2.41437E-02  7.34138E-02  7.34138E-02  0.00000E+00            193.IR 77.  10   3
 2 4  4.66870E-02  7.37750E-02  7.37750E-02  0.00000E+00            193.IR 77.  11   4
 2 5  5.71617E-04  7.41908E-02  7.41908E-02  0.00000E+00            193.IR 77.  12   5
 2 6  7.09983E-04  7.42688E-02  7.42688E-02  0.00000E+00            193.IR 77.  13   6
 2 7  5.59392E-03  7.57436E-02  7.57436E-02  0.00000E+00            193.IR 77.  14   7
 2 8  1.08938E-02  7.58295E-02  7.58295E-02  0.00000E+00            193.IR 77.  15   8
 2 9  1.43316E-04  7.60034E-02  7.60034E-02  0.00000E+00            193.IR 77.  16   9
 210  1.77431E-04  7.60194E-02  7.60194E-02  0.00000E+00            193.IR 77.  17  10
 211  1.28095E-03  7.62483E-02  7.62483E-02  0.00000E+00            193.IR 77.  18  11
 212  2.56829E-03  7.62623E-02  7.62623E-02  0.00000E+00            193.IR 77.  19  12
 213  9.49391E-06  7.63057E-02  7.63057E-02  0.00000E+00            193.IR 77.  20  13
 214  1.13156E-05  7.63071E-02  7.63071E-02  0.00000E+00            193.IR 77.  21  14
 221  1.37294E-04  5.37000E-04  5.37000E-04  0.00000E+00            193.IR 77.  22  21
 222  2.19904E-02  2.18200E-03  2.18200E-03  0.00000E+00            193.IR 77.  23  22
 223  3.14779E-01  1.04958E-02  1.04958E-02  0.00000E+00            193.IR 77.  24  23
 224  3.75803E-01  1.08570E-02  1.08570E-02  0.00000E+00            193.IR 77.  25  24
 225  9.93847E-03  1.12728E-02  1.12728E-02  0.00000E+00            193.IR 77.  26  25
 226  1.48758E-02  1.13512E-02  1.13512E-02  0.00000E+00            193.IR 77.  27  26
 227  7.86797E-02  1.28256E-02  1.28256E-02  0.00000E+00            193.IR 77.  28  27
 228  1.00535E-01  1.29115E-02  1.29115E-02  0.00000E+00            193.IR 77.  29  28
 229  1.44924E-03  1.30855E-02  1.30855E-02  0.00000E+00            193.IR 77.  30  29
 230  2.27434E-03  1.31014E-02  1.31014E-02  0.00000E+00            193.IR 77.  31  30
 231  1.32634E-02  1.33303E-02  1.33303E-02  0.00000E+00            193.IR 77.  32  31
 232  1.63591E-02  1.33443E-02  1.33443E-02  0.00000E+00            193.IR 77.  33  32
 233  8.74931E-05  1.33880E-02  1.33880E-02  0.00000E+00            193.IR 77.  34  33
 234  1.33699E-04  1.33892E-02  1.33892E-02  0.00000E+00            193.IR 77.  35  34
 241  1.66446E-05  1.64500E-03  1.64500E-03  0.00000E+00            193.IR 77.  36  41
 242  2.38328E-02  9.71330E-03  9.71330E-03  0.00000E+00            193.IR 77.  37  42
 243  8.45804E-04  1.03200E-02  1.03200E-02  0.00000E+00            193.IR 77.  38  43
 244  8.73207E-01  1.07358E-02  1.07358E-02  0.00000E+00            193.IR 77.  39  44
 245  5.92738E-03  1.21837E-02  1.21837E-02  0.00000E+00            193.IR 77.  40  45
 246  2.24817E-04  1.23745E-02  1.23745E-02  0.00000E+00            193.IR 77.  41  46
 247  1.68403E-01  1.25485E-02  1.25485E-02  0.00000E+00            193.IR 77.  42  47
 248  5.42495E-04  1.27877E-02  1.27877E-02  0.00000E+00            193.IR 77.  43  48
 249  1.17076E-03  1.27599E-02  1.27599E-02  0.00000E+00            193.IR 77.  44  49
 250  4.53198E-05  1.28074E-02  1.28074E-02  0.00000E+00            193.IR 77.  45  50
 251  1.08897E-02  1.28510E-02  1.28510E-02  0.00000E+00            193.IR 77.  46  51
 261  8.66927E-01  8.06831E-03  8.06831E-03  0.00000E+00            193.IR 77.  47  61
 262  8.01662E-03  8.31379E-03  8.31379E-03  0.00000E+00            193.IR 77.  48  62
 263  7.25614E-03  8.67500E-03  8.67500E-03  0.00000E+00            193.IR 77.  49  63
 264  1.49719E+00  9.09081E-03  9.09081E-03  0.00000E+00            193.IR 77.  50  64
 265  1.32000E+01  9.16921E-03  9.16921E-03  0.00000E+00            193.IR 77.  51  65
 266  1.73795E-01  1.05387E-02  1.05387E-02  0.00000E+00            193.IR 77.  52  66
 267  1.75416E-03  1.06436E-02  1.06436E-02  0.00000E+00            193.IR 77.  53  67
 268  1.75094E-03  1.07295E-02  1.07295E-02  0.00000E+00            193.IR 77.  54  68
 269  2.68515E-01  1.09035E-02  1.09035E-02  0.00000E+00            193.IR 77.  55  69
 270  2.41614E+00  1.09194E-02  1.09194E-02  0.00000E+00            193.IR 77.  56  70
 271  1.56321E-03  1.11427E-02  1.11427E-02  0.00000E+00            193.IR 77.  57  71
 272  8.76260E-03  1.11459E-02  1.11459E-02  0.00000E+00            193.IR 77.  58  72
 273  3.60737E-02  1.11149E-02  1.11149E-02  0.00000E+00            193.IR 77.  59  73
 274  3.69206E-04  1.11483E-02  1.11483E-02  0.00000E+00            193.IR 77.  60  74
 275  3.60857E-04  1.11623E-02  1.11623E-02  0.00000E+00            193.IR 77.  61  75
 276  1.71122E-02  1.12060E-02  1.12060E-02  0.00000E+00            193.IR 77.  62  76
 277  1.47083E-01  1.12072E-02  1.12072E-02  0.00000E+00            193.IR 77.  63  77
 291  3.34047E+00  1.98857E-03  1.98857E-03  0.00000E+00            193.IR 77.  64  91
 292  6.91140E-02  2.71976E-04  2.71976E-04  0.00000E+00            193.IR 77.  65  92
 293  1.72947E-04  4.74124E-05  4.74124E-05  0.00000E+00            193.IR 77.  66  93
 294  7.09726E+02  4.53478E-05  4.53478E-05  0.00000E+00            193.IR 77.  67  94
 7 1  1.23849E-02  5.13520E-02  5.13520E-02  0.00000E+00            193.IR 77.  68   1
 7 2  6.59823E-03  6.15157E-02  6.15157E-02  0.00000E+00            193.IR 77.  69   2
 7 3  8.45746E-04  7.16899E-02  7.16899E-02  0.00000E+00            193.IR 77.  70   3
 7 4  1.01535E+01  5.27527E-04  5.27527E-04  0.00000E+00            193.IR 77.  71   4
 7 5  3.32758E+01  6.75236E-03  6.75236E-03  0.00000E+00            193.IR 77.  72   5
 7 6  1.33846E+01  8.70243E-03  8.70243E-03  0.00000E+00            193.IR 77.  73   6
 7 7  1.31928E+00  1.06723E-02  1.06723E-02  0.00000E+00            193.IR 77.  74   7
 7 8  4.76494E+01  3.31780E-04  3.31780E-04  0.00000E+00            193.IR 77.  75   8
 7 9  1.14081E+02  1.63659E-03  1.63659E-03  0.00000E+00            193.IR 77.  76   9
 710  1.00871E+01  1.83563E-03  1.83563E-03  0.00000E+00            193.IR 77.  77  10
 711  5.05838E-01  2.14603E-03  2.14603E-03  0.00000E+00            193.IR 77.  78  11
 712  2.33704E+02  1.69955E-04  1.69955E-04  0.00000E+00            193.IR 77.  79  12
 713  9.98578E+00  3.52627E-04  3.52627E-04  0.00000E+00            193.IR 77.  80  13
 714  1.35625E+02  3.54639E-05  3.54639E-05  0.00000E+00            193.IR 77.  81  14
%%%% 193 IR  77 M  IT           9.09792E+05 10.53 D    02-11-2005       SEEIEND 
 


   ***************************************************** 
   *                 Radiation Summary                 * 
   ***************************************************** 
 
  Energy released by
    Gamma-ray                       (MeV) =   3.61826E-06
    X-ray                           (MeV) =   2.33890E-03
    Free-bound X-ray                (MeV) =   3.21845E-04
    Annihilation photon             (MeV) =   0.00000E+00
    Beta+ particle                  (MeV) =   0.00000E+00
    Neutrino                        (MeV) =   0.00000E+00
    Beta- particle                  (MeV) =   0.00000E+00
    Neutrino-                       (MeV) =   0.00000E+00
    Internal conv. electron         (MeV) =   7.12901E-02
    Auger and CK electron           (MeV) =   6.31872E-03
    Alpha particle                  (MeV) =   0.00000E+00
    Recoil nucleus                  (MeV) =   0.00000E+00
  E-total (except unplaced radiat.) (MeV) =   8.02731E-02
  E-unplaced radiation              (MeV) =   0.00000E+00
  Q-value from ENSDF data           (MeV) =   8.02200E-02
  Ratio of E-total/Q-value          ( % ) =   1.00066E+02
  Ratio of E-unplaced radi./Q-value ( % ) =   0.00000E+00

 
  Total yield of
    Gamma-ray                             =   4.51043E-05
    X-ray                                 =   2.45411E-01
    Free-bound X-ray                      =   7.09726E+00
    Annihilation photon                   =   0.00000E+00
    Beta+ particle                        =   0.00000E+00
    Beta- particle                        =   0.00000E+00
    Internal conv. electron               =   9.99955E-01
    Auger and CK electron                 =   6.09791E+00
    Alpha particle                        =   0.00000E+00
  Yield of unplaced radiation             =   0.00000E+00


