%%%%  88 KR  36    B-           1.02240E+04 2.84 H     02-11-2005       BALASTAR
1  88   KR  36 2.84 H          B-         
           WARNING:                                                                             
  88 RB 37  GAMMA-RAY ENERGY =   1.24522 MEV                                                    
           HALF-LIFE OF INITIAL LEVEL ASSOCIATED WITH GAMMA-RAY TOO SHORT TO BE                 
           CONSIDERED ISOMERIC, AND INTENSITY = 0.0                                             
           TRANSITION IGNORED                                                                   
1INTENSITY AND ENERGY BALANCE DATA

              88-KRYPTON-36
+                                    HALFLIFE = 2.84 HOURS   
+                                                                  02-11-2005


    LEVEL       INTENSITY   INTENSITY
    ENERGY      ENTERING    LEAVING     PERCENT
    (MEV)       LEVEL       LEVEL       ERROR

   0.0000E+00  1.0002E+02
   2.7515E-02  1.4326E+01  1.4324E+01  1.3002E-02                      
   1.9629E-01  2.7445E+01  2.7310E+01  4.9295E-01                      
   2.6824E-01  2.9099E-01  2.9054E-01  1.5629E-01                      
   3.6224E-01  5.8343E+00  5.6266E+00  3.6257E+00                      
   3.9055E-01  1.1591E+00  1.1647E+00  4.8740E-01                      
   8.6235E-01  1.4533E+01  1.4569E+01  2.4577E-01                      
   1.1414E+00  1.6702E+00  1.6754E+00  3.0857E-01                      
   1.1821E+00  1.3037E+00  1.3155E+00  8.9880E-01                      
   1.2126E+00  1.1720E+00  1.1078E+00  5.6338E+00                      
   1.2453E+00  1.3107E-01  4.1548E-02  1.0372E+02  ********************
   1.3525E+00  5.3842E-01  5.4343E-01  9.2582E-01                      
   1.4415E+00  3.8042E-01  3.8768E-01  1.8906E+00                      
   1.6038E+00  7.3044E-01  5.4715E-01  2.8693E+01  ********************
   1.6612E+00  3.2458E-01  3.2534E-01  2.3103E-01                      
   1.7147E+00  2.2347E+00  2.2254E+00  4.1656E-01                      
   1.7933E+00  3.4641E-02  3.4606E-02  1.0283E-01                      
   1.9155E+00  2.0191E-01  2.0503E-01  1.5340E+00                      
   2.0891E+00  1.3856E-01  1.3842E-01  1.0423E-01                      
   2.2318E+00  9.0067E+00  9.0557E+00  5.4219E-01                      
   2.3921E+00  6.6313E+01  6.6866E+01  8.3095E-01                      
   2.4558E+00  6.5323E-02  6.5777E-02  6.9285E-01                      
   2.5484E+00  2.6228E+00  2.6540E+00  1.1821E+00                      
   2.7711E+00  3.4938E-01  3.5294E-01  1.0136E+00                      


 INTENSITY TO GROUND AND ISOMERIC STATE(S) OF DAUGHTER(S)=  1.000E+02
 TOTAL INTENSITY FROM PARENT=  1.000E+02
 PERCENT ERROR =  2.045E-02                      


 TOTAL INTENSITY FROM PARENT =  1.000E+02
 VALUE IS WITHIN   7.63E-06% OF 100                      


 TOTAL ENERGY AVAILABLE =  2.913E+00 MEV
 TOTAL ENERGY CONTENT OF ALL RADIATIONS =  2.923E+00 MEV
 PERCENT ERROR =  3.409E-01                      
%%%%  88 KR  36    B-           1.02240E+04 2.84 H     02-11-2005       BALAEND 
%%%%  88 KR  36    B-           1.02240E+04 2.84 H     02-11-2005       INPUSTAR
1                                      **INPUT DATA**
              88-KRYPTON-36
+                                    HALFLIFE = 2.84 HOURS   
+                                                                  02-11-2005

            MODE OF DECAY: BETA MINUS
 
                                MEAN
                                NUMBER/    TRANSITION
                TYPE OF    ID   TRANSFOR-  ENERGY
              TRANSITION   NO.  MATION     (MEV)       OTHER NUCLEAR PARAMETERS

               BETA MINUS   1   3.49E-03   1.419E-01*  ALLOWED                                  
               BETA MINUS   2   2.62E-02   3.646E-01*  ALLOWED                                  
               BETA MINUS   3   6.53E-04   4.572E-01*  FIRST FORBIDDEN                          
               BETA MINUS   4   6.63E-01   5.209E-01*  ALLOWED                                  
               BETA MINUS   5   9.01E-02   6.812E-01*  ALLOWED                                  
               BETA MINUS   6   1.39E-03   8.239E-01*  ALLOWED                                  
+                                                              ASSUMED                          
               BETA MINUS   7   2.02E-03   9.975E-01*  UNIQUE FIRST FORBIDDEN                   
               BETA MINUS   8   3.46E-04   1.120E+00*  FIRST FORBIDDEN                          
               BETA MINUS   9   1.93E-02   1.198E+00*  FIRST FORBIDDEN                          
               BETA MINUS  10   2.28E-03   1.252E+00*  FIRST FORBIDDEN                          
               BETA MINUS  11   8.91E-04   1.309E+00*  ALLOWED                                  
+                                                              ASSUMED                          
               BETA MINUS  12   2.18E-03   1.471E+00*  FIRST FORBIDDEN                          
               BETA MINUS  13   2.97E-04   1.561E+00*  FIRST FORBIDDEN                          
               BETA MINUS  14   6.53E-04   1.668E+00*  UNIQUE FIRST FORBIDDEN                   
               BETA MINUS  15   2.97E-04   1.700E+00*  UNIQUE FIRST FORBIDDEN                   
               BETA MINUS  16   1.01E-02   1.731E+00*  UNIQUE FIRST FORBIDDEN                   
               BETA MINUS  17   9.90E-04   1.772E+00*  FIRST FORBIDDEN                          
               BETA MINUS  18   1.29E-02   2.051E+00*  UNIQUE FIRST FORBIDDEN                   
               BETA MINUS  19   2.57E-03   2.522E+00*  UNIQUE FIRST FORBIDDEN                   
               BETA MINUS  20   8.91E-04   2.551E+00*  UNIQUE FIRST FORBIDDEN                   
               BETA MINUS  21   1.98E-05   2.645E+00*  UNIQUE THIRD FORBIDDEN                   
               BETA MINUS  22   2.08E-02   2.717E+00*  FIRST FORBIDDEN                          
               BETA MINUS  23   1.39E-01   2.913E+00*  UNIQUE FIRST FORBIDDEN                   
           I.C.E. + GAMMA   1   1.43E-01   2.751E-02   M1+E2 MULTIPOLE                          
                                                       MRS=0.00490   AK= 5.50                   
                                                       AL1=0.577     AL2=0.101                  
                                                       AL3=0.116     AM= 0.134                  
                                                       AN+=0.0178                               
           I.C.E. + GAMMA   2   1.81E-03   2.826E-02   M1 MULTIPOLE                             
+                                                                    AK= 4.86                   
                                                       AL1=0.516     AL2=0.0352                 
                                                       AL3=0.0121    AM= 0.0950                 
                                                       AN+=0.0133                               
           I.C.E. + GAMMA   3   2.89E-03   1.223E-01   E2 MULTIPOLE                             
+                                                                    AK= 0.397                  
                                                       AL1=0.0372    AL2=0.00887                
                                                       AL3=0.0116    AM= 0.00969                
                                                       AN+=0.00126                              
           I.C.E. + GAMMA   4   3.22E-02   1.660E-01   M1 MULTIPOLE                             
+                                                                    AK= 0.0330                 
                                                       AL1=0.00350                              
           I.C.E. + GAMMA   5   7.91E-05   1.685E-01   E2 MULTIPOLE                             
+                                                                    AK= 0.124                  
                                                       AL1=0.0119    AL2=0.00195                
                                                       AL3=0.00237   AM= 0.00273                
           I.C.E. + GAMMA   6   2.42E-04   1.767E-01   UNPLACED GAMMA                           
           I.C.E. + GAMMA   7   2.73E-01   1.963E-01   M1+E2 MULTIPOLE                          
                                                       MRS=0.846     AK= 0.0442                 
                                                       AL1=0.00440                              
           I.C.E. + GAMMA   8   2.59E-03   2.407E-01   M1+E2 MULTIPOLE                          
                                                       AK= 0.0239    AL1=0.00252                
           I.C.E. + GAMMA   9   3.11E-04   2.682E-01   E2 MULTIPOLE                             
+                                                                    AK= 0.0235                 
                                                       AL1=0.00234                              
           I.C.E. + GAMMA  10   1.08E-03   3.117E-01   M1 MULTIPOLE ASSUMED                     
                                                       AK= 0.00662                              
           I.C.E. + GAMMA  11   1.46E-03   3.347E-01   M1 MULTIPOLE                             
+                                                                    AK= 0.00555                
           I.C.E. + GAMMA  12   1.74E-04   3.500E-01   M1 MULTIPOLE                             
+                                                                    AK= 0.00498                
           I.C.E. + GAMMA  13   2.26E-02   3.622E-01   M1 MULTIPOLE                             
+                                                                    AK= 0.00458                
           I.C.E. + GAMMA  14   4.87E-04   3.635E-01   M1 MULTIPOLE                             
+                                                                    AK= 0.00454                
           I.C.E. + GAMMA  15   6.46E-03   3.905E-01   M1 MULTIPOLE                             
+                                                                    AK= 0.00382                
           I.C.E. + GAMMA  16   7.99E-04   3.912E-01   M1 MULTIPOLE ASSUMED                     
                                                       AK= 0.00381                              
           I.C.E. + GAMMA  17   1.04E-04   4.217E-01   M1 MULTIPOLE ASSUMED                     
                                                       AK= 0.00318                              
           I.C.E. + GAMMA  18   7.29E-03   4.718E-01   M1 MULTIPOLE                             
+                                                                    AK= 0.00244                
           I.C.E. + GAMMA  19   9.71E-04   5.000E-01   M1 MULTIPOLE                             
+                                                                    AK= 0.00213                
           I.C.E. + GAMMA  20   3.46E-04   5.170E-01   E1 MULTIPOLE                             
           I.C.E. + GAMMA  21   6.23E-04   5.706E-01   E1 MULTIPOLE                             
           I.C.E. + GAMMA  22   7.28E-04   5.733E-01   M1 MULTIPOLE                             
+                                                                    AK= 0.00156                
           I.C.E. + GAMMA  23   2.43E-04   5.790E-01   M1 MULTIPOLE                             
+                                                                    AK= 0.00152                
           I.C.E. + GAMMA  24   4.15E-04   6.032E-01   UNPLACED GAMMA                           
           I.C.E. + GAMMA  25   8.66E-04   6.659E-01   M1 MULTIPOLE                             
+                                                                    AK= 0.00111                
           I.C.E. + GAMMA  26   2.35E-03   6.773E-01   E1 MULTIPOLE                             
           I.C.E. + GAMMA  27   3.46E-04   7.310E-01   E1 MULTIPOLE                             
           I.C.E. + GAMMA  28   3.46E-04   7.413E-01   E0 MULTIPOLE                             
                                                       K/L1/M/N+ =                              
                                                       100./10.7/1.80/0.257                     
           I.C.E. + GAMMA  29   9.70E-04   7.741E-01   M1 MULTIPOLE                             
           I.C.E. + GAMMA  30   9.70E-04   7.791E-01   M1 MULTIPOLE                             
           I.C.E. + GAMMA  31   5.33E-03   7.883E-01   M1 MULTIPOLE ASSUMED                     
           I.C.E. + GAMMA  32   1.25E-03   7.903E-01   E1 MULTIPOLE                             
           I.C.E. + GAMMA  33   2.77E-04   7.987E-01   M1 MULTIPOLE                             
           I.C.E. + GAMMA  34   9.00E-04   8.220E-01   M1 MULTIPOLE                             
           I.C.E. + GAMMA  35   1.30E-01   8.348E-01   M1 MULTIPOLE                             
           I.C.E. + GAMMA  36   1.73E-03   8.503E-01   M1 MULTIPOLE                             
           I.C.E. + GAMMA  37   6.72E-03   8.623E-01   M1 MULTIPOLE                             
           I.C.E. + GAMMA  38   2.42E-04   8.795E-01   E1 MULTIPOLE                             
           I.C.E. + GAMMA  39   4.15E-04   8.831E-01   M1 MULTIPOLE                             
           I.C.E. + GAMMA  40   2.94E-03   9.449E-01   M1 MULTIPOLE                             
           I.C.E. + GAMMA  41   3.81E-04   9.505E-01   E1 MULTIPOLE                             
           I.C.E. + GAMMA  42   8.31E-04   9.618E-01   M1 MULTIPOLE                             
           I.C.E. + GAMMA  43   1.32E-02   9.858E-01   M1 MULTIPOLE                             
           I.C.E. + GAMMA  44   1.42E-03   9.901E-01   M1 MULTIPOLE                             
           I.C.E. + GAMMA  45   4.85E-03   1.040E+00   E1 MULTIPOLE                             
           I.C.E. + GAMMA  46   1.42E-03   1.049E+00   E1 MULTIPOLE                             
           I.C.E. + GAMMA  47   3.11E-04   1.055E+00   UNPLACED GAMMA                           
           I.C.E. + GAMMA  48   6.23E-04   1.091E+00   E1 MULTIPOLE                             
           I.C.E. + GAMMA  49   1.28E-02   1.141E+00   M1 MULTIPOLE                             
           I.C.E. + GAMMA  50   9.97E-03   1.180E+00   E1 MULTIPOLE                             
           I.C.E. + GAMMA  51   6.89E-03   1.185E+00   M1 MULTIPOLE                             
           I.C.E. + GAMMA  52   1.42E-03   1.210E+00   E1 MULTIPOLE                             
           I.C.E. + GAMMA  53   1.38E-03   1.213E+00   M1 MULTIPOLE                             
           I.C.E. + GAMMA  55   3.63E-03   1.245E+00   M1 MULTIPOLE                             
           I.C.E. + GAMMA  56   1.12E-02   1.251E+00   E1 MULTIPOLE                             
           I.C.E. + GAMMA  57   9.34E-04   1.299E+00   M1 MULTIPOLE                             
           I.C.E. + GAMMA  58   6.57E-04   1.303E+00   E1 MULTIPOLE                             
           I.C.E. + GAMMA  59   1.59E-03   1.325E+00   E2 MULTIPOLE                             
           I.C.E. + GAMMA  60   6.57E-04   1.336E+00   E1 MULTIPOLE                             
           I.C.E. + GAMMA  61   1.59E-03   1.352E+00   M1 MULTIPOLE                             
           I.C.E. + GAMMA  62   1.48E-02   1.370E+00   E1 MULTIPOLE                             
           I.C.E. + GAMMA  63   2.18E-03   1.407E+00   E1 MULTIPOLE                             
           I.C.E. + GAMMA  64   1.14E-03   1.465E+00   M1 MULTIPOLE                             
           I.C.E. + GAMMA  65   2.15E-02   1.518E+00   M1 MULTIPOLE                             
           I.C.E. + GAMMA  66   1.09E-01   1.530E+00   E1 MULTIPOLE                             
           I.C.E. + GAMMA  67   4.57E-03   1.604E+00   M1 MULTIPOLE ASSUMED                     
           I.C.E. + GAMMA  68   6.92E-04   1.608E+00   UNPLACED GAMMA                           
           I.C.E. + GAMMA  69   9.00E-04   1.661E+00   M1 MULTIPOLE                             
           I.C.E. + GAMMA  70   6.64E-03   1.686E+00   E1 MULTIPOLE                             
           I.C.E. + GAMMA  71   4.50E-04   1.789E+00   UNPLACED GAMMA                           
           I.C.E. + GAMMA  72   3.46E-04   1.793E+00   E2 MULTIPOLE                             
           I.C.E. + GAMMA  73   3.81E-04   1.801E+00   UNPLACED GAMMA                           
           I.C.E. + GAMMA  74   1.38E-03   1.893E+00   M1 MULTIPOLE ASSUMED                     
           I.C.E. + GAMMA  75   1.00E-03   1.909E+00   E1 MULTIPOLE                             
           I.C.E. + GAMMA  76   4.53E-02   2.030E+00   E1 MULTIPOLE                             
           I.C.E. + GAMMA  77   3.74E-02   2.035E+00   E1 MULTIPOLE                             
           I.C.E. + GAMMA  78   2.87E-03   2.187E+00   E1 MULTIPOLE                             
           I.C.E. + GAMMA  79   1.32E-01   2.196E+00   E1 MULTIPOLE                             
           I.C.E. + GAMMA  80   3.39E-02   2.232E+00   E1 MULTIPOLE                             
           I.C.E. + GAMMA  81   3.11E-04   2.260E+00   M1 MULTIPOLE                             
           I.C.E. + GAMMA  82   7.30E-03   2.352E+00   E1 MULTIPOLE                             
           I.C.E. + GAMMA  83   3.11E-04   2.365E+00   M2 MULTIPOLE                             
           I.C.E. + GAMMA  84   3.46E-01   2.392E+00   E1 MULTIPOLE                             
           I.C.E. + GAMMA  85   1.04E-03   2.409E+00   E1 MULTIPOLE                             
           I.C.E. + GAMMA  86   4.15E-04   2.536E+00   UNPLACED GAMMA                           
           I.C.E. + GAMMA  87   6.23E-03   2.548E+00   E1 MULTIPOLE                             
           I.C.E. + GAMMA  88   1.49E-03   2.771E+00   E1 MULTIPOLE                             
 
           * ENDPOINT ENERGY (MEV)
           - - - - - - - - - -
           Reference: Evaluated Nuclear Structure Data File (ENSDF)
                DATE DATA WERE ENTERED INTO ENSDF: Aug-1988
%%%%  88 KR  36    B-           1.02240E+04 2.84 H     02-11-2005       INPUEND 
%%%%  88 KR  36    B-           1.02240E+04 2.84 H     02-11-2005       OUTPSTAR
1                                      **OUTPUT DATA**
              88-KRYPTON-36
+                                    HALFLIFE = 2.84 HOURS   
+                                                                  02-11-2005

            MODE OF DECAY: BETA MINUS
 
                                              MEAN
                                              NUMBER/                  MEV/
                                         ID   TRANSFOR-   ENERGY       TRANSFOR-
                  TYPE OF RADIATION      NO.  MATION      (MEV)        MATION

           BETA MINUS                     2   2.62E-02    1.095E-01*   2.87E-03
           BETA MINUS                     4   6.63E-01    1.654E-01*   1.10E-01
           BETA MINUS                     5   9.01E-02    2.265E-01*   2.04E-02
           BETA MINUS                     6   1.39E-03    2.835E-01*   3.93E-04
           BETA MINUS                     7   2.02E-03    3.763E-01*   7.60E-04
           BETA MINUS                     9   1.93E-02    4.410E-01*   8.51E-03
           BETA MINUS                    10   2.28E-03    4.643E-01*   1.06E-03
           BETA MINUS                    11   8.91E-04    4.894E-01*   4.36E-04
           BETA MINUS                    12   2.18E-03    5.612E-01*   1.22E-03
           BETA MINUS                    14   6.53E-04    6.638E-01*   4.34E-04
           BETA MINUS                    16   1.01E-02    6.919E-01*   6.98E-03
           BETA MINUS                    17   9.90E-04    6.964E-01*   6.89E-04
           BETA MINUS                    18   1.29E-02    8.354E-01*   1.07E-02
           BETA MINUS                    19   2.57E-03    1.051E+00*   2.71E-03
           BETA MINUS                    20   8.91E-04    1.065E+00*   9.48E-04
           BETA MINUS                    22   2.08E-02    1.136E+00*   2.36E-02
           BETA MINUS                    23   1.39E-01    1.233E+00*   1.71E-01
           K CONV. ELECTRON, GAMMA-RAY    1   1.06E-01    1.235E-02    1.31E-03
           GAMMA-RAY                      4   3.10E-02    1.660E-01    5.15E-03
           GAMMA-RAY                      7   2.60E-01    1.963E-01    5.10E-02
           K CONV. ELECTRON, GAMMA-RAY    7   1.15E-02    1.811E-01    2.08E-03
           GAMMA-RAY                     13   2.25E-02    3.622E-01    8.15E-03
           GAMMA-RAY                     15   6.44E-03    3.905E-01    2.51E-03
           GAMMA-RAY                     18   7.27E-03    4.718E-01    3.43E-03
           GAMMA-RAY                     31   5.33E-03    7.883E-01    4.20E-03
           GAMMA-RAY                     35   1.30E-01    8.348E-01    1.08E-01
           GAMMA-RAY                     37   6.71E-03    8.623E-01    5.79E-03
           GAMMA-RAY                     40   2.94E-03    9.449E-01    2.78E-03
           GAMMA-RAY                     43   1.31E-02    9.858E-01    1.30E-02
           GAMMA-RAY                     45   4.84E-03    1.040E+00    5.04E-03
           GAMMA-RAY                     49   1.28E-02    1.141E+00    1.47E-02
           GAMMA-RAY                     50   9.96E-03    1.180E+00    1.18E-02
           GAMMA-RAY                     51   6.89E-03    1.185E+00    8.16E-03
           GAMMA-RAY                     55   3.63E-03    1.245E+00    4.52E-03
           GAMMA-RAY                     56   1.12E-02    1.251E+00    1.40E-02
           GAMMA-RAY                     59   1.59E-03    1.325E+00    2.11E-03
           GAMMA-RAY                     61   1.59E-03    1.352E+00    2.15E-03
           GAMMA-RAY                     62   1.48E-02    1.370E+00    2.02E-02
           GAMMA-RAY                     63   2.18E-03    1.407E+00    3.07E-03
           GAMMA-RAY                     65   2.15E-02    1.518E+00    3.27E-02
           GAMMA-RAY                     66   1.09E-01    1.530E+00    1.67E-01
           GAMMA-RAY                     67   4.57E-03    1.604E+00    7.32E-03
           GAMMA-RAY                     70   6.64E-03    1.686E+00    1.12E-02
           GAMMA-RAY                     74   1.38E-03    1.893E+00    2.62E-03
           GAMMA-RAY                     76   4.53E-02    2.030E+00    9.19E-02
           GAMMA-RAY                     77   3.74E-02    2.035E+00    7.61E-02
           GAMMA-RAY                     78   2.87E-03    2.187E+00    6.28E-03
           GAMMA-RAY                     79   1.32E-01    2.196E+00    2.89E-01
           GAMMA-RAY                     80   3.39E-02    2.232E+00    7.57E-02
           GAMMA-RAY                     82   7.30E-03    2.352E+00    1.72E-02
           GAMMA-RAY                     84   3.46E-01    2.392E+00    8.28E-01
           GAMMA-RAY                     85   1.04E-03    2.409E+00    2.50E-03
           GAMMA-RAY                     87   6.23E-03    2.548E+00    1.59E-02
           GAMMA-RAY                     88   1.49E-03    2.771E+00    4.12E-03
 
           ALL LISTED X-RAYS, GAMMA-RAYS AND ANNIHILATION RADIATION    1.92E+00
           ALL NEGLECTED X-RAYS, GAMMA-RAYS AND ANNIH. RADIATION**     3.60E-02
           ALL LISTED BETAS, INTERNAL CONVERSION AND AUGER ELECTRONS   3.66E-01
           ALL NEGLECTED BETAS, INT. CONVERSION AND AUGER ELECTRONS**  3.20E-03
           ALL LISTED RADIATIONS                                       2.28E+00
           ALL NEGLECTED RADIATIONS**                                  3.92E-02
 
           *  AVERAGE ENERGY (MEV)
           ** EACH NEGLECTED TRANSITION CONTRIBUTES LESS THAN  0.100%
              TO THE TOTAL MEV/TRANSFORMATION FOR THIS CATEGORY.
           TOTAL FEEDING OF GROUND STATE LEVEL IN 88-RUBIDIUM
             DAUGHTER IS 1.0000E+00 PER TRANSFORMATION OF  88-KRYPTON.
             DECAY OF THIS 17.78 MINUTES HALFLIFE LEVEL WILL CONTRIBUTE TO DOSE.
           - - - - - - - - - -
           INPUT DATA SOURCE: EVALUATED NUCLEAR STRUCTURE DATA FILE (ENSDF)
             DATE INPUT DATA WERE ENTERED INTO ENSDF: Aug-1988
%%%%  88 KR  36    B-           1.02240E+04 2.84 H     02-11-2005       OUTPEND 
%%%%  88 KR  36    B-           1.02240E+04 2.84 H     02-11-2005       BETASTAR
1
              88-KRYPTON-36
+                                    HALFLIFE = 2.84 HOURS   
+                                                                  02-11-2005

            BETA SPECTRUM DATA FOR ALL DECAY BRANCHES

                      BETAS PER                BETAS PER                BETAS PER
            ENERGY    MEV            ENERGY    MEV            ENERGY    MEV
            (MEV)     PER DECAY      (MEV)     PER DECAY      (MEV)     PER DECAY

            0.00000   2.843E+00      0.00300   2.826E+00      0.10000   2.610E+00
            0.00010   2.843E+00      0.00320   2.825E+00      0.11000   2.576E+00
            0.00011   2.843E+00      0.00360   2.822E+00      0.12000   2.539E+00
            0.00012   2.843E+00      0.00400   2.820E+00      0.13000   2.499E+00
            0.00013   2.843E+00      0.00450   2.817E+00      0.14000   2.457E+00
            0.00014   2.843E+00      0.00500   2.814E+00      0.15000   2.411E+00
            0.00015   2.843E+00      0.00550   2.812E+00      0.16000   2.361E+00
            0.00016   2.843E+00      0.00600   2.811E+00      0.18000   2.252E+00
            0.00018   2.842E+00      0.00650   2.811E+00      0.20000   2.130E+00
            0.00020   2.842E+00      0.00700   2.810E+00      0.22000   1.997E+00
            0.00022   2.842E+00      0.00750   2.809E+00      0.24000   1.856E+00
            0.00024   2.842E+00      0.00800   2.808E+00      0.26000   1.707E+00
            0.00026   2.842E+00      0.00850   2.807E+00      0.28000   1.553E+00
            0.00028   2.842E+00      0.00900   2.806E+00      0.30000   1.396E+00
            0.00030   2.842E+00      0.01000   2.804E+00      0.32000   1.239E+00
            0.00032   2.842E+00      0.01100   2.802E+00      0.36000   9.343E-01
            0.00036   2.841E+00      0.01200   2.800E+00      0.40000   6.565E-01
            0.00040   2.841E+00      0.01300   2.798E+00      0.45000   3.716E-01
            0.00045   2.841E+00      0.01400   2.796E+00      0.50000   1.997E-01
            0.00050   2.841E+00      0.01500   2.794E+00      0.55000   1.593E-01
            0.00055   2.840E+00      0.01600   2.792E+00      0.60000   1.388E-01
            0.00060   2.840E+00      0.01800   2.788E+00      0.65000   1.256E-01
            0.00065   2.840E+00      0.02000   2.784E+00      0.70000   1.219E-01
            0.00070   2.839E+00      0.02200   2.780E+00      0.75000   1.201E-01
            0.00075   2.839E+00      0.02400   2.777E+00      0.80000   1.178E-01
            0.00080   2.839E+00      0.02600   2.773E+00      0.85000   1.153E-01
            0.00085   2.838E+00      0.02800   2.770E+00      0.90000   1.126E-01
            0.00090   2.838E+00      0.03000   2.766E+00      1.00000   1.070E-01
            0.00100   2.838E+00      0.03200   2.763E+00      1.10000   1.019E-01
            0.00110   2.837E+00      0.03600   2.756E+00      1.20000   9.794E-02
            0.00120   2.836E+00      0.04000   2.749E+00      1.30000   9.448E-02
            0.00130   2.836E+00      0.04500   2.741E+00      1.40000   9.029E-02
            0.00140   2.835E+00      0.05000   2.732E+00      1.50000   8.544E-02
            0.00150   2.835E+00      0.05500   2.723E+00      1.60000   8.006E-02
            0.00160   2.834E+00      0.06000   2.713E+00      1.80000   6.887E-02
            0.00180   2.833E+00      0.06500   2.703E+00      2.00000   5.628E-02
            0.00200   2.832E+00      0.07000   2.692E+00      2.20000   4.254E-02
            0.00220   2.830E+00      0.07500   2.680E+00      2.40000   2.716E-02
            0.00240   2.829E+00      0.08000   2.668E+00      2.60000   1.238E-02
            0.00260   2.828E+00      0.08500   2.655E+00      2.80000   2.013E-03
            0.00280   2.827E+00      0.09000   2.641E+00      2.91300   0.000E+00

            AVERAGE BETA ENERGY =   3.631E-01

            TOTAL BETAS PER DECAY FOR ALL BRANCHES =   1.000E+00
%%%%  88 KR  36    B-           1.02240E+04 2.84 H     02-11-2005       BETAEND 
%%%%  88 KR  36    B-           1.02240E+04 2.84 H     02-11-2005       SEEISTAR
 88.  KRYPTON      36.  2.840E+00 HOURS    632 B-                    88.KR 36.   0
 5 1  3.49380E-01  3.83279E-02  1.41890E-01  0.00000E+00             88.KR 36.   1   1
 5 2  2.62283E+00  1.09454E-01  3.64579E-01  0.00000E+00             88.KR 36.   2   2
 5 3  6.53232E-02  1.42104E-01  4.57200E-01  0.00000E+00             88.KR 36.   3   3
 5 4  6.63130E+01  1.65376E-01  5.20853E-01  0.00000E+00             88.KR 36.   4   4
 5 5  9.00669E+00  2.26544E-01  6.81239E-01  0.00000E+00             88.KR 36.   5   5
 5 6  1.38564E-01  2.83477E-01  8.23930E-01  0.00000E+00             88.KR 36.   6   6
 5 7  2.01908E-01  3.76274E-01  9.97480E-01  1.00000E+00             88.KR 36.   7   7
 5 8  3.46411E-02  4.07106E-01  1.11970E+00  0.00000E+00             88.KR 36.   8   8
 5 9  1.93001E+00  4.41025E-01  1.19829E+00  0.00000E+00             88.KR 36.   9   9
 510  2.27642E-01  4.64297E-01  1.25185E+00  0.00000E+00             88.KR 36.  10  10
 511  8.90772E-02  4.89365E-01  1.30917E+00  0.00000E+00             88.KR 36.  11  11
 512  2.17744E-01  5.61166E-01  1.47149E+00  0.00000E+00             88.KR 36.  12  12
 513  2.96924E-02  6.00993E-01  1.56051E+00  0.00000E+00             88.KR 36.  13  13
 514  6.53232E-02  6.63838E-01  1.66768E+00  1.00000E+00             88.KR 36.  14  14
 515  2.96924E-02  6.78345E-01  1.70042E+00  1.00000E+00             88.KR 36.  15  15
 516  1.00954E+00  6.91884E-01  1.73091E+00  1.00000E+00             88.KR 36.  16  16
 517  9.89746E-02  6.96385E-01  1.77164E+00  0.00000E+00             88.KR 36.  17  17
 518  1.28667E+00  8.35443E-01  2.05065E+00  1.00000E+00             88.KR 36.  18  18
 519  2.57334E-01  1.05144E+00  2.52245E+00  1.00000E+00             88.KR 36.  19  19
 520  8.90772E-02  1.06453E+00  2.55076E+00  1.00000E+00             88.KR 36.  20  20
 521  1.97949E-03  1.14689E+00  2.64476E+00  3.00000E+00             88.KR 36.  21  21
 522  2.07847E+00  1.13590E+00  2.71671E+00  0.00000E+00             88.KR 36.  22  22
 523  1.38564E+01  1.23297E+00  2.91300E+00  1.00000E+00             88.KR 36.  23  23
 1 1  1.92381E+00  2.75130E-02  2.75130E-02  0.00000E+00             88.KR 36.  24   1
 6 1  1.05789E+01  1.23540E-02  1.23540E-02  1.00000E+00             88.KR 36.  25   1
 6 5  1.11090E+00  2.54650E-02  2.54650E-02  1.00000E+00             88.KR 36.  26   5
 6 6  1.95134E-01  2.56459E-02  2.56459E-02  1.00000E+00             88.KR 36.  27   6
 6 7  2.23030E-01  2.57079E-02  2.57079E-02  1.00000E+00             88.KR 36.  28   7
 6 3  2.58374E-01  2.72757E-02  2.72757E-02  1.00000E+00             88.KR 36.  29   3
 6 4  3.42885E-02  2.75130E-02  2.75130E-02  1.00000E+00             88.KR 36.  30   4
 1 2  2.76800E-02  2.82600E-02  2.82600E-02  0.00000E+00             88.KR 36.  31   2
 6 1  1.34412E-01  1.31010E-02  1.31010E-02  2.00000E+00             88.KR 36.  32   1
 6 5  1.42768E-02  2.62120E-02  2.62120E-02  2.00000E+00             88.KR 36.  33   5
 6 6  9.73732E-04  2.63929E-02  2.63929E-02  2.00000E+00             88.KR 36.  34   6
 6 7  3.35170E-04  2.64549E-02  2.64549E-02  2.00000E+00             88.KR 36.  35   7
 6 3  2.63060E-03  2.80227E-02  2.80227E-02  2.00000E+00             88.KR 36.  36   3
 6 4  3.67782E-04  2.82600E-02  2.82600E-02  2.00000E+00             88.KR 36.  37   4
 1 3  1.97220E-01  1.22270E-01  1.22270E-01  0.00000E+00             88.KR 36.  38   3
 6 1  7.82810E-02  1.07111E-01  1.07111E-01  3.00000E+00             88.KR 36.  39   1
 6 5  7.32677E-03  1.20222E-01  1.20222E-01  3.00000E+00             88.KR 36.  40   5
 6 6  1.74898E-03  1.20403E-01  1.20403E-01  3.00000E+00             88.KR 36.  41   6
 6 7  2.27863E-03  1.20465E-01  1.20465E-01  3.00000E+00             88.KR 36.  42   7
 6 3  1.91169E-03  1.22033E-01  1.22033E-01  3.00000E+00             88.KR 36.  43   3
 6 4  2.47512E-04  1.22270E-01  1.22270E-01  3.00000E+00             88.KR 36.  44   4
 1 4  3.10362E+00  1.65980E-01  1.65980E-01  0.00000E+00             88.KR 36.  45   4
 6 1  1.02410E-01  1.50821E-01  1.50821E-01  4.00000E+00             88.KR 36.  46   1
 6 5  1.08640E-02  1.63932E-01  1.63932E-01  4.00000E+00             88.KR 36.  47   5
 6 6  4.40326E-04  1.64113E-01  1.64113E-01  4.00000E+00             88.KR 36.  48   6
 6 7  1.65221E-04  1.64175E-01  1.64175E-01  4.00000E+00             88.KR 36.  49   7
 6 3  1.93047E-03  1.65743E-01  1.65743E-01  4.00000E+00             88.KR 36.  50   3
 6 4  2.71766E-04  1.65980E-01  1.65980E-01  4.00000E+00             88.KR 36.  51   4
 1 5  6.92000E-03  1.68500E-01  1.68500E-01  0.00000E+00             88.KR 36.  52   5
 6 1  8.57279E-04  1.53341E-01  1.53341E-01  5.00000E+00             88.KR 36.  53   1
 6 5  8.24134E-05  1.66452E-01  1.66452E-01  5.00000E+00             88.KR 36.  54   5
 6 6  1.35268E-05  1.66633E-01  1.66633E-01  5.00000E+00             88.KR 36.  55   6
 6 7  1.64211E-05  1.66695E-01  1.66695E-01  5.00000E+00             88.KR 36.  56   7
 6 3  1.88943E-05  1.68263E-01  1.68263E-01  5.00000E+00             88.KR 36.  57   3
 6 4  2.51170E-06  1.68500E-01  1.68500E-01  5.00000E+00             88.KR 36.  58   4
 1 6  2.42200E-02  1.76710E-01  1.76710E-01  0.00000E+00             88.KR 36.  59   6
 1 7  2.59846E+01  1.96301E-01  1.96301E-01  0.00000E+00             88.KR 36.  60   7
 6 1  1.14958E+00  1.81142E-01  1.81142E-01  7.00000E+00             88.KR 36.  61   1
 6 5  1.14383E-01  1.94253E-01  1.94253E-01  7.00000E+00             88.KR 36.  62   5
 6 6  1.26674E-02  1.94434E-01  1.94434E-01  7.00000E+00             88.KR 36.  63   6
 6 7  1.38990E-02  1.94496E-01  1.94496E-01  7.00000E+00             88.KR 36.  64   7
 6 3  2.36996E-02  1.96064E-01  1.96064E-01  7.00000E+00             88.KR 36.  65   3
 6 4  3.22075E-03  1.96301E-01  1.96301E-01  7.00000E+00             88.KR 36.  66   4
 1 8  2.52580E-01  2.40710E-01  2.40710E-01  0.00000E+00             88.KR 36.  67   8
 6 1  6.02546E-03  2.25551E-01  2.25551E-01  8.00000E+00             88.KR 36.  68   1
 6 5  6.36339E-04  2.38662E-01  2.38662E-01  8.00000E+00             88.KR 36.  69   5
 6 6  2.15636E-05  2.38843E-01  2.38843E-01  8.00000E+00             88.KR 36.  70   6
 6 7  8.41060E-06  2.38905E-01  2.38905E-01  8.00000E+00             88.KR 36.  71   7
 6 3  1.12047E-04  2.40473E-01  2.40473E-01  8.00000E+00             88.KR 36.  72   3
 6 4  1.58414E-05  2.40710E-01  2.40710E-01  8.00000E+00             88.KR 36.  73   4
 1 9  3.03248E-02  2.68240E-01  2.68240E-01  0.00000E+00             88.KR 36.  74   9
 6 1  7.12922E-04  2.53081E-01  2.53081E-01  9.00000E+00             88.KR 36.  75   1
 6 5  7.10296E-05  2.66192E-01  2.66192E-01  9.00000E+00             88.KR 36.  76   5
 6 6  7.11835E-06  2.66373E-01  2.66373E-01  9.00000E+00             88.KR 36.  77   6
 6 7  7.71099E-06  2.66435E-01  2.66435E-01  9.00000E+00             88.KR 36.  78   7
 6 3  1.44060E-05  2.68003E-01  2.68003E-01  9.00000E+00             88.KR 36.  79   3
 6 4  1.96580E-06  2.68240E-01  2.68240E-01  9.00000E+00             88.KR 36.  80   4
 110  1.07260E-01  3.11690E-01  3.11690E-01  0.00000E+00             88.KR 36.  81  10
 6 1  7.09586E-04  2.96531E-01  2.96531E-01  1.00000E+01             88.KR 36.  82   1
 6 5  7.48601E-05  3.09642E-01  3.09642E-01  1.00000E+01             88.KR 36.  83   5
 6 6  2.20714E-06  3.09823E-01  3.09823E-01  1.00000E+01             88.KR 36.  84   6
 6 7  8.92957E-07  3.09885E-01  3.09885E-01  1.00000E+01             88.KR 36.  85   7
 6 3  1.31276E-05  3.11453E-01  3.11453E-01  1.00000E+01             88.KR 36.  86   3
 6 4  1.85788E-06  3.11690E-01  3.11690E-01  1.00000E+01             88.KR 36.  87   4
 111  1.45320E-01  3.34710E-01  3.34710E-01  0.00000E+00             88.KR 36.  88  11
 6 1  8.06921E-04  3.19551E-01  3.19551E-01  1.10000E+01             88.KR 36.  89   1
 6 5  8.50758E-05  3.32662E-01  3.32662E-01  1.10000E+01             88.KR 36.  90   5
 6 6  2.41014E-06  3.32843E-01  3.32843E-01  1.10000E+01             88.KR 36.  91   6
 6 7  9.86525E-07  3.32905E-01  3.32905E-01  1.10000E+01             88.KR 36.  92   7
 6 3  1.48989E-05  3.34473E-01  3.34473E-01  1.10000E+01             88.KR 36.  93   3
 6 4  2.10963E-06  3.34710E-01  3.34710E-01  1.10000E+01             88.KR 36.  94   4
 112  1.73000E-02  3.50040E-01  3.50040E-01  0.00000E+00             88.KR 36.  95  12
 6 1  8.61183E-05  3.34881E-01  3.34881E-01  1.20000E+01             88.KR 36.  96   1
 6 5  9.07497E-06  3.47992E-01  3.47992E-01  1.20000E+01             88.KR 36.  97   5
 6 6  2.50641E-07  3.48173E-01  3.48173E-01  1.20000E+01             88.KR 36.  98   6
 6 7  1.03388E-07  3.48235E-01  3.48235E-01  1.20000E+01             88.KR 36.  99   7
 6 3  1.58776E-06  3.49803E-01  3.49803E-01  1.20000E+01             88.KR 36. 100   3
 6 4  2.24912E-07  3.50040E-01  3.50040E-01  1.20000E+01             88.KR 36. 101   4
 113  2.24900E+00  3.62226E-01  3.62226E-01  0.00000E+00             88.KR 36. 102  13
 6 1  1.03027E-02  3.47067E-01  3.47067E-01  1.30000E+01             88.KR 36. 103   1
 6 5  1.08523E-03  3.60178E-01  3.60178E-01  1.30000E+01             88.KR 36. 104   5
 6 6  2.93908E-05  3.60359E-01  3.60359E-01  1.30000E+01             88.KR 36. 105   6
 6 7  1.21984E-05  3.60421E-01  3.60421E-01  1.30000E+01             88.KR 36. 106   7
 6 3  1.89732E-04  3.61989E-01  3.61989E-01  1.30000E+01             88.KR 36. 107   3
 6 4  2.68849E-05  3.62226E-01  3.62226E-01  1.30000E+01             88.KR 36. 108   4
 114  4.84400E-02  3.63500E-01  3.63500E-01  0.00000E+00             88.KR 36. 109  14
 6 1  2.20025E-04  3.48341E-01  3.48341E-01  1.40000E+01             88.KR 36. 110   1
 6 5  2.31752E-05  3.61452E-01  3.61452E-01  1.40000E+01             88.KR 36. 111   5
 6 6  6.26376E-07  3.61633E-01  3.61633E-01  1.40000E+01             88.KR 36. 112   6
 6 7  2.60140E-07  3.61695E-01  3.61695E-01  1.40000E+01             88.KR 36. 113   7
 6 3  4.05143E-06  3.63263E-01  3.63263E-01  1.40000E+01             88.KR 36. 114   3
 6 4  5.74105E-07  3.63500E-01  3.63500E-01  1.40000E+01             88.KR 36. 115   4
 115  6.43560E-01  3.90543E-01  3.90543E-01  0.00000E+00             88.KR 36. 116  15
 6 1  2.45875E-03  3.75384E-01  3.75384E-01  1.50000E+01             88.KR 36. 117   1
 6 5  2.58747E-04  3.88495E-01  3.88495E-01  1.50000E+01             88.KR 36. 118   5
 6 6  6.70743E-06  3.88676E-01  3.88676E-01  1.50000E+01             88.KR 36. 119   6
 6 7  2.82435E-06  3.88738E-01  3.88738E-01  1.50000E+01             88.KR 36. 120   7
 6 3  4.51616E-05  3.90306E-01  3.90306E-01  1.50000E+01             88.KR 36. 121   3
 6 4  6.40417E-06  3.90543E-01  3.90543E-01  1.50000E+01             88.KR 36. 122   4
 116  7.95800E-02  3.91200E-01  3.91200E-01  0.00000E+00             88.KR 36. 123  16
 6 1  3.02815E-04  3.76041E-01  3.76041E-01  1.60000E+01             88.KR 36. 124   1
 6 5  3.18661E-05  3.89152E-01  3.89152E-01  1.60000E+01             88.KR 36. 125   5
 6 6  8.25240E-07  3.89333E-01  3.89333E-01  1.60000E+01             88.KR 36. 126   6
 6 7  3.47607E-07  3.89395E-01  3.89395E-01  1.60000E+01             88.KR 36. 127   7
 6 3  5.56168E-06  3.90963E-01  3.90963E-01  1.60000E+01             88.KR 36. 128   3
 6 4  7.88692E-07  3.91200E-01  3.91200E-01  1.60000E+01             88.KR 36. 129   4
 117  1.03800E-02  4.21700E-01  4.21700E-01  0.00000E+00             88.KR 36. 130  17
 6 1  3.30146E-05  4.06541E-01  4.06541E-01  1.70000E+01             88.KR 36. 131   1
 6 5  3.47091E-06  4.19652E-01  4.19652E-01  1.70000E+01             88.KR 36. 132   5
 6 6  8.59657E-08  4.19833E-01  4.19833E-01  1.70000E+01             88.KR 36. 133   6
 6 7  3.67860E-08  4.19895E-01  4.19895E-01  1.70000E+01             88.KR 36. 134   7
 6 3  6.04746E-07  4.21463E-01  4.21463E-01  1.70000E+01             88.KR 36. 135   3
 6 4  8.58252E-08  4.21700E-01  4.21700E-01  1.70000E+01             88.KR 36. 136   4
 118  7.26600E-01  4.71800E-01  4.71800E-01  0.00000E+00             88.KR 36. 137  18
 6 1  1.77345E-03  4.56641E-01  4.56641E-01  1.80000E+01             88.KR 36. 138   1
 6 5  1.86202E-04  4.69752E-01  4.69752E-01  1.80000E+01             88.KR 36. 139   5
 6 6  4.30585E-06  4.69933E-01  4.69933E-01  1.80000E+01             88.KR 36. 140   6
 6 7  1.89210E-06  4.69995E-01  4.69995E-01  1.80000E+01             88.KR 36. 141   7
 6 3  3.23557E-05  4.71563E-01  4.71563E-01  1.80000E+01             88.KR 36. 142   3
 6 4  4.59772E-06  4.71800E-01  4.71800E-01  1.80000E+01             88.KR 36. 143   4
 119  9.68800E-02  5.00020E-01  5.00020E-01  0.00000E+00             88.KR 36. 144  19
 6 1  2.06524E-04  4.84861E-01  4.84861E-01  1.90000E+01             88.KR 36. 145   1
 6 5  2.16725E-05  4.97972E-01  4.97972E-01  1.90000E+01             88.KR 36. 146   5
 6 6  4.83138E-07  4.98153E-01  4.98153E-01  1.90000E+01             88.KR 36. 147   6
 6 7  2.15604E-07  4.98215E-01  4.98215E-01  1.90000E+01             88.KR 36. 148   7
 6 3  3.76042E-06  4.99783E-01  4.99783E-01  1.90000E+01             88.KR 36. 149   3
 6 4  5.34763E-07  5.00020E-01  5.00020E-01  1.90000E+01             88.KR 36. 150   4
 120  3.46000E-02  5.17000E-01  5.17000E-01  0.00000E+00             88.KR 36. 151  20
 6 1  2.98517E-05  5.01841E-01  5.01841E-01  2.00000E+01             88.KR 36. 152   1
 6 5  3.04492E-06  5.14952E-01  5.14952E-01  2.00000E+01             88.KR 36. 153   5
 6 6  5.28292E-08  5.15133E-01  5.15133E-01  2.00000E+01             88.KR 36. 154   6
 6 7  8.98323E-08  5.15195E-01  5.15195E-01  2.00000E+01             88.KR 36. 155   7
 6 3  5.35049E-07  5.16763E-01  5.16763E-01  2.00000E+01             88.KR 36. 156   3
 6 4  7.56605E-08  5.17000E-01  5.17000E-01  2.00000E+01             88.KR 36. 157   4
 121  6.22800E-02  5.70570E-01  5.70570E-01  0.00000E+00             88.KR 36. 158  21
 6 1  4.24772E-05  5.55411E-01  5.55411E-01  2.10000E+01             88.KR 36. 159   1
 6 5  4.34271E-06  5.68522E-01  5.68522E-01  2.10000E+01             88.KR 36. 160   5
 6 6  6.97277E-08  5.68703E-01  5.68703E-01  2.10000E+01             88.KR 36. 161   6
 6 7  1.20568E-07  5.68765E-01  5.68765E-01  2.10000E+01             88.KR 36. 162   7
 6 3  7.60942E-07  5.70333E-01  5.70333E-01  2.10000E+01             88.KR 36. 163   3
 6 4  1.07499E-07  5.70570E-01  5.70570E-01  2.10000E+01             88.KR 36. 164   4
 122  7.26600E-02  5.73270E-01  5.73270E-01  0.00000E+00             88.KR 36. 165  22
 6 1  1.13114E-04  5.58111E-01  5.58111E-01  2.20000E+01             88.KR 36. 166   1
 6 5  1.18574E-05  5.71222E-01  5.71222E-01  2.20000E+01             88.KR 36. 167   5
 6 6  2.41955E-07  5.71403E-01  5.71403E-01  2.20000E+01             88.KR 36. 168   6
 6 7  1.12436E-07  5.71465E-01  5.71465E-01  2.20000E+01             88.KR 36. 169   7
 6 3  2.05046E-06  5.73033E-01  5.73033E-01  2.20000E+01             88.KR 36. 170   3
 6 4  2.92057E-07  5.73270E-01  5.73270E-01  2.20000E+01             88.KR 36. 171   4
 123  2.42200E-02  5.79040E-01  5.79040E-01  0.00000E+00             88.KR 36. 172  23
 6 1  3.68548E-05  5.63881E-01  5.63881E-01  2.30000E+01             88.KR 36. 173   1
 6 5  3.86312E-06  5.76992E-01  5.76992E-01  2.30000E+01             88.KR 36. 174   5
 6 6  7.83103E-08  5.77173E-01  5.77173E-01  2.30000E+01             88.KR 36. 175   6
 6 7  3.65073E-08  5.77235E-01  5.77235E-01  2.30000E+01             88.KR 36. 176   7
 6 3  6.67878E-07  5.78803E-01  5.78803E-01  2.30000E+01             88.KR 36. 177   3
 6 4  9.51383E-08  5.79040E-01  5.79040E-01  2.30000E+01             88.KR 36. 178   4
 124  4.15200E-02  6.03210E-01  6.03210E-01  0.00000E+00             88.KR 36. 179  24
 125  8.65000E-02  6.65940E-01  6.65940E-01  0.00000E+00             88.KR 36. 180  25
 6 1  9.60583E-05  6.50781E-01  6.50781E-01  2.50000E+01             88.KR 36. 181   1
 6 5  1.00601E-05  6.63892E-01  6.63892E-01  2.50000E+01             88.KR 36. 182   5
 6 6  1.85699E-07  6.64073E-01  6.64073E-01  2.50000E+01             88.KR 36. 183   6
 6 7  9.08458E-08  6.64135E-01  6.64135E-01  2.50000E+01             88.KR 36. 184   7
 6 3  1.73390E-06  6.65703E-01  6.65703E-01  2.50000E+01             88.KR 36. 185   3
 6 4  2.47221E-07  6.65940E-01  6.65940E-01  2.50000E+01             88.KR 36. 186   4
 126  2.35280E-01  6.77340E-01  6.77340E-01  0.00000E+00             88.KR 36. 187  26
 6 1  1.08461E-04  6.62181E-01  6.62181E-01  2.60000E+01             88.KR 36. 188   1
 6 5  1.11300E-05  6.75292E-01  6.75292E-01  2.60000E+01             88.KR 36. 189   5
 6 6  1.55471E-07  6.75473E-01  6.75473E-01  2.60000E+01             88.KR 36. 190   6
 6 7  2.78304E-07  6.75535E-01  6.75535E-01  2.60000E+01             88.KR 36. 191   7
 6 3  1.94064E-06  6.77103E-01  6.77103E-01  2.60000E+01             88.KR 36. 192   3
 6 4  2.73755E-07  6.77340E-01  6.77340E-01  2.60000E+01             88.KR 36. 193   4
 127  3.46000E-02  7.31010E-01  7.31010E-01  0.00000E+00             88.KR 36. 194  27
 6 1  1.35160E-05  7.15851E-01  7.15851E-01  2.70000E+01             88.KR 36. 195   1
 6 5  1.38823E-06  7.28962E-01  7.28962E-01  2.70000E+01             88.KR 36. 196   5
 6 6  1.81783E-08  7.29143E-01  7.29143E-01  2.70000E+01             88.KR 36. 197   6
 6 7  3.31620E-08  7.29205E-01  7.29205E-01  2.70000E+01             88.KR 36. 198   7
 6 3  2.41433E-07  7.30773E-01  7.30773E-01  2.70000E+01             88.KR 36. 199   3
 6 4  3.40795E-08  7.31010E-01  7.31010E-01  2.70000E+01             88.KR 36. 200   4
 128  0.00000E+00  7.41340E-01  7.41340E-01  0.00000E+00             88.KR 36. 201  28
 6 1  3.07045E-02  7.26181E-01  7.26181E-01  2.80000E+01             88.KR 36. 202   1
 6 5  3.29771E-03  7.39292E-01  7.39292E-01  2.80000E+01             88.KR 36. 203   5
 6 3  5.53124E-04  7.41103E-01  7.41103E-01  2.80000E+01             88.KR 36. 204   3
 6 4  7.87874E-05  7.41340E-01  7.41340E-01  2.80000E+01             88.KR 36. 205   4
 129  9.68800E-02  7.74140E-01  7.74140E-01  0.00000E+00             88.KR 36. 206  29
 6 1  7.71455E-05  7.58981E-01  7.58981E-01  2.90000E+01             88.KR 36. 207   1
 6 5  8.07538E-06  7.72092E-01  7.72092E-01  2.90000E+01             88.KR 36. 208   5
 6 6  1.34396E-07  7.72273E-01  7.72273E-01  2.90000E+01             88.KR 36. 209   6
 6 7  6.98072E-08  7.72335E-01  7.72335E-01  2.90000E+01             88.KR 36. 210   7
 6 3  1.38883E-06  7.73903E-01  7.73903E-01  2.90000E+01             88.KR 36. 211   3
 6 4  1.97703E-07  7.74140E-01  7.74140E-01  2.90000E+01             88.KR 36. 212   4
 130  9.68800E-02  7.79120E-01  7.79120E-01  0.00000E+00             88.KR 36. 213  30
 6 1  7.60724E-05  7.63961E-01  7.63961E-01  3.00000E+01             88.KR 36. 214   1
 6 5  7.96292E-06  7.77072E-01  7.77072E-01  3.00000E+01             88.KR 36. 215   5
 6 6  1.31933E-07  7.77253E-01  7.77253E-01  3.00000E+01             88.KR 36. 216   6
 6 7  6.87152E-08  7.77315E-01  7.77315E-01  3.00000E+01             88.KR 36. 217   7
 6 3  1.36938E-06  7.78883E-01  7.78883E-01  3.00000E+01             88.KR 36. 218   3
 6 4  1.94916E-07  7.79120E-01  7.79120E-01  3.00000E+01             88.KR 36. 219   4
 131  5.32840E-01  7.88280E-01  7.88280E-01  0.00000E+00             88.KR 36. 220  31
 6 1  4.07864E-04  7.73121E-01  7.73121E-01  3.10000E+01             88.KR 36. 221   1
 6 5  4.26919E-05  7.86232E-01  7.86232E-01  3.10000E+01             88.KR 36. 222   5
 6 6  7.01582E-07  7.86413E-01  7.86413E-01  3.10000E+01             88.KR 36. 223   6
 6 7  3.67247E-07  7.86475E-01  7.86475E-01  3.10000E+01             88.KR 36. 224   7
 6 3  7.34078E-06  7.88043E-01  7.88043E-01  3.10000E+01             88.KR 36. 225   3
 6 4  1.04469E-06  7.88280E-01  7.88280E-01  3.10000E+01             88.KR 36. 226   4
 132  1.24560E-01  7.90320E-01  7.90320E-01  0.00000E+00             88.KR 36. 227  32
 6 1  4.12676E-05  7.75161E-01  7.75161E-01  3.20000E+01             88.KR 36. 228   1
 6 5  4.24150E-06  7.88272E-01  7.88272E-01  3.20000E+01             88.KR 36. 229   5
 6 6  5.19317E-08  7.88453E-01  7.88453E-01  3.20000E+01             88.KR 36. 230   6
 6 7  9.67529E-08  7.88515E-01  7.88515E-01  3.20000E+01             88.KR 36. 231   7
 6 3  7.35754E-07  7.90083E-01  7.90083E-01  3.20000E+01             88.KR 36. 232   3
 6 4  1.03962E-07  7.90320E-01  7.90320E-01  3.20000E+01             88.KR 36. 233   4
 133  2.76800E-02  7.98650E-01  7.98650E-01  0.00000E+00             88.KR 36. 234  33
 6 1  2.05933E-05  7.83491E-01  7.83491E-01  3.30000E+01             88.KR 36. 235   1
 6 5  2.15545E-06  7.96602E-01  7.96602E-01  3.30000E+01             88.KR 36. 236   5
 6 6  3.50991E-08  7.96783E-01  7.96783E-01  3.30000E+01             88.KR 36. 237   6
 6 7  1.84773E-08  7.96845E-01  7.96845E-01  3.30000E+01             88.KR 36. 238   7
 6 3  3.70572E-07  7.98413E-01  7.98413E-01  3.30000E+01             88.KR 36. 239   3
 6 4  5.27270E-08  7.98650E-01  7.98650E-01  3.30000E+01             88.KR 36. 240   4
 134  8.99600E-02  8.22010E-01  8.22010E-01  0.00000E+00             88.KR 36. 241  34
 6 1  6.28680E-05  8.06851E-01  8.06851E-01  3.40000E+01             88.KR 36. 242   1
 6 5  6.57968E-06  8.19962E-01  8.19962E-01  3.40000E+01             88.KR 36. 243   5
 6 6  1.04993E-07  8.20143E-01  8.20143E-01  3.40000E+01             88.KR 36. 244   6
 6 7  5.59798E-08  8.20205E-01  8.20205E-01  3.40000E+01             88.KR 36. 245   7
 6 3  1.13086E-06  8.21773E-01  8.21773E-01  3.40000E+01             88.KR 36. 246   3
 6 4  1.60834E-07  8.22010E-01  8.22010E-01  3.40000E+01             88.KR 36. 247   4
 135  1.29750E+01  8.34830E-01  8.34830E-01  0.00000E+00             88.KR 36. 248  35
 6 1  8.76892E-03  8.19671E-01  8.19671E-01  3.50000E+01             88.KR 36. 249   1
 6 5  9.17697E-04  8.32782E-01  8.32782E-01  3.50000E+01             88.KR 36. 250   5
 6 6  1.44848E-05  8.32963E-01  8.32963E-01  3.50000E+01             88.KR 36. 251   6
 6 7  7.77814E-06  8.33025E-01  8.33025E-01  3.50000E+01             88.KR 36. 252   7
 6 3  1.57703E-04  8.34593E-01  8.34593E-01  3.50000E+01             88.KR 36. 253   3
 6 4  2.24235E-05  8.34830E-01  8.34830E-01  3.50000E+01             88.KR 36. 254   4
 136  1.73000E-01  8.50340E-01  8.50340E-01  0.00000E+00             88.KR 36. 255  36
 6 1  1.12365E-04  8.35181E-01  8.35181E-01  3.60000E+01             88.KR 36. 256   1
 6 5  1.17587E-05  8.48292E-01  8.48292E-01  3.60000E+01             88.KR 36. 257   5
 6 6  1.83195E-07  8.48473E-01  8.48473E-01  3.60000E+01             88.KR 36. 258   6
 6 7  9.92014E-08  8.48535E-01  8.48535E-01  3.60000E+01             88.KR 36. 259   7
 6 3  2.02033E-06  8.50103E-01  8.50103E-01  3.60000E+01             88.KR 36. 260   3
 6 4  2.87187E-07  8.50340E-01  8.50340E-01  3.60000E+01             88.KR 36. 261   4
 137  6.71240E-01  8.62327E-01  8.62327E-01  0.00000E+00             88.KR 36. 262  37
 6 1  4.23036E-04  8.47168E-01  8.47168E-01  3.70000E+01             88.KR 36. 263   1
 6 5  4.42672E-05  8.60279E-01  8.60279E-01  3.70000E+01             88.KR 36. 264   5
 6 6  6.82844E-07  8.60460E-01  8.60460E-01  3.70000E+01             88.KR 36. 265   6
 6 7  3.72162E-07  8.60522E-01  8.60522E-01  3.70000E+01             88.KR 36. 266   7
 6 3  7.60483E-06  8.62090E-01  8.62090E-01  3.70000E+01             88.KR 36. 267   3
 6 4  1.08079E-06  8.62327E-01  8.62327E-01  3.70000E+01             88.KR 36. 268   4
 138  2.42200E-02  8.79510E-01  8.79510E-01  0.00000E+00             88.KR 36. 269  38
 6 1  6.44918E-06  8.64351E-01  8.64351E-01  3.80000E+01             88.KR 36. 270   1
 6 5  6.63288E-07  8.77462E-01  8.77462E-01  3.80000E+01             88.KR 36. 271   5
 6 6  7.39653E-09  8.77643E-01  8.77643E-01  3.80000E+01             88.KR 36. 272   6
 6 7  1.42261E-08  8.77705E-01  8.77705E-01  3.80000E+01             88.KR 36. 273   7
 6 3  1.14679E-07  8.79273E-01  8.79273E-01  3.80000E+01             88.KR 36. 274   3
 6 4  1.62339E-08  8.79510E-01  8.79510E-01  3.80000E+01             88.KR 36. 275   4
 139  4.15200E-02  8.83060E-01  8.83060E-01  0.00000E+00             88.KR 36. 276  39
 6 1  2.48662E-05  8.67901E-01  8.67901E-01  3.90000E+01             88.KR 36. 277   1
 6 5  2.60180E-06  8.81012E-01  8.81012E-01  3.90000E+01             88.KR 36. 278   5
 6 6  3.94610E-08  8.81193E-01  8.81193E-01  3.90000E+01             88.KR 36. 279   6
 6 7  2.17476E-08  8.81255E-01  8.81255E-01  3.90000E+01             88.KR 36. 280   7
 6 3  4.46880E-07  8.82823E-01  8.82823E-01  3.90000E+01             88.KR 36. 281   3
 6 4  6.34882E-08  8.83060E-01  8.83060E-01  3.90000E+01             88.KR 36. 282   4
 140  2.94100E-01  9.44920E-01  9.44920E-01  0.00000E+00             88.KR 36. 283  40
 6 1  1.52468E-04  9.29761E-01  9.29761E-01  4.00000E+01             88.KR 36. 284   1
 6 5  1.59481E-05  9.42872E-01  9.42872E-01  4.00000E+01             88.KR 36. 285   5
 6 6  2.30415E-07  9.43053E-01  9.43053E-01  4.00000E+01             88.KR 36. 286   6
 6 7  1.31230E-07  9.43115E-01  9.43115E-01  4.00000E+01             88.KR 36. 287   7
 6 3  2.73774E-06  9.44683E-01  9.44683E-01  4.00000E+01             88.KR 36. 288   3
 6 4  3.88603E-07  9.44920E-01  9.44920E-01  4.00000E+01             88.KR 36. 289   4
 141  3.80600E-02  9.50490E-01  9.50490E-01  0.00000E+00             88.KR 36. 290  41
 6 1  8.69181E-06  9.35331E-01  9.35331E-01  4.10000E+01             88.KR 36. 291   1
 6 5  8.94231E-07  9.48442E-01  9.48442E-01  4.10000E+01             88.KR 36. 292   5
 6 6  9.31093E-09  9.48623E-01  9.48623E-01  4.10000E+01             88.KR 36. 293   6
 6 7  1.83534E-08  9.48685E-01  9.48685E-01  4.10000E+01             88.KR 36. 294   7
 6 3  1.54282E-07  9.50253E-01  9.50253E-01  4.10000E+01             88.KR 36. 295   3
 6 4  2.18737E-08  9.50490E-01  9.50490E-01  4.10000E+01             88.KR 36. 296   4
 142  8.30400E-02  9.61830E-01  9.61830E-01  0.00000E+00             88.KR 36. 297  42
 6 1  4.14632E-05  9.46671E-01  9.46671E-01  4.20000E+01             88.KR 36. 298   1
 6 5  4.33663E-06  9.59782E-01  9.59782E-01  4.20000E+01             88.KR 36. 299   5
 6 6  6.18574E-08  9.59963E-01  9.59963E-01  4.20000E+01             88.KR 36. 300   6
 6 7  3.55449E-08  9.60025E-01  9.60025E-01  4.20000E+01             88.KR 36. 301   7
 6 3  7.44354E-07  9.61593E-01  9.61593E-01  4.20000E+01             88.KR 36. 302   3
 6 4  1.05634E-07  9.61830E-01  9.61830E-01  4.20000E+01             88.KR 36. 303   4
 143  1.31480E+00  9.85780E-01  9.85780E-01  0.00000E+00             88.KR 36. 304  43
 6 1  6.23303E-04  9.70621E-01  9.70621E-01  4.30000E+01             88.KR 36. 305   1
 6 5  6.51818E-05  9.83732E-01  9.83732E-01  4.30000E+01             88.KR 36. 306   5
 6 6  9.13328E-07  9.83913E-01  9.83913E-01  4.30000E+01             88.KR 36. 307   6
 6 7  5.31446E-07  9.83975E-01  9.83975E-01  4.30000E+01             88.KR 36. 308   7
 6 3  1.11861E-05  9.85543E-01  9.85543E-01  4.30000E+01             88.KR 36. 309   3
 6 4  1.58707E-06  9.85780E-01  9.85780E-01  4.30000E+01             88.KR 36. 310   4
 144  1.41860E-01  9.90090E-01  9.90090E-01  0.00000E+00             88.KR 36. 311  44
 6 1  6.66364E-05  9.74931E-01  9.74931E-01  4.40000E+01             88.KR 36. 312   1
 6 5  6.96829E-06  9.88042E-01  9.88042E-01  4.40000E+01             88.KR 36. 313   5
 6 6  9.73310E-08  9.88223E-01  9.88223E-01  4.40000E+01             88.KR 36. 314   6
 6 7  5.67623E-08  9.88285E-01  9.88285E-01  4.40000E+01             88.KR 36. 315   7
 6 3  1.19582E-06  9.89853E-01  9.89853E-01  4.40000E+01             88.KR 36. 316   3
 6 4  1.69654E-07  9.90090E-01  9.90090E-01  4.40000E+01             88.KR 36. 317   4
 145  4.84400E-01  1.03959E+00  1.03959E+00  0.00000E+00             88.KR 36. 318  45
 6 1  9.31203E-05  1.02443E+00  1.02443E+00  4.50000E+01             88.KR 36. 319   1
 6 5  9.58292E-06  1.03754E+00  1.03754E+00  4.50000E+01             88.KR 36. 320   5
 6 6  9.21381E-08  1.03772E+00  1.03772E+00  4.50000E+01             88.KR 36. 321   6
 6 7  1.87193E-07  1.03778E+00  1.03778E+00  4.50000E+01             88.KR 36. 322   7
 6 3  1.65000E-06  1.03935E+00  1.03935E+00  4.50000E+01             88.KR 36. 323   3
 6 4  2.34385E-07  1.03959E+00  1.03959E+00  4.50000E+01             88.KR 36. 324   4
 146  1.41860E-01  1.04948E+00  1.04948E+00  0.00000E+00             88.KR 36. 325  46
 6 1  2.67873E-05  1.03432E+00  1.03432E+00  4.60000E+01             88.KR 36. 326   1
 6 5  2.75672E-06  1.04743E+00  1.04743E+00  4.60000E+01             88.KR 36. 327   5
 6 6  2.62826E-08  1.04761E+00  1.04761E+00  4.60000E+01             88.KR 36. 328   6
 6 7  5.35743E-08  1.04768E+00  1.04768E+00  4.60000E+01             88.KR 36. 329   7
 6 3  4.74570E-07  1.04924E+00  1.04924E+00  4.60000E+01             88.KR 36. 330   3
 6 4  6.74274E-08  1.04948E+00  1.04948E+00  4.60000E+01             88.KR 36. 331   4
 147  3.11400E-02  1.05454E+00  1.05454E+00  0.00000E+00             88.KR 36. 332  47
 148  6.22800E-02  1.09053E+00  1.09053E+00  0.00000E+00             88.KR 36. 333  48
 6 1  1.09395E-05  1.07537E+00  1.07537E+00  4.80000E+01             88.KR 36. 334   1
 6 5  1.12637E-06  1.08848E+00  1.08848E+00  4.80000E+01             88.KR 36. 335   5
 6 6  1.03775E-08  1.08866E+00  1.08866E+00  4.80000E+01             88.KR 36. 336   6
 6 7  2.14444E-08  1.08872E+00  1.08872E+00  4.80000E+01             88.KR 36. 337   7
 6 3  1.93774E-07  1.09029E+00  1.09029E+00  4.80000E+01             88.KR 36. 338   3
 6 4  2.75553E-08  1.09053E+00  1.09053E+00  4.80000E+01             88.KR 36. 339   4
 149  1.28366E+00  1.14133E+00  1.14133E+00  0.00000E+00             88.KR 36. 340  49
 6 1  4.48749E-04  1.12617E+00  1.12617E+00  4.90000E+01             88.KR 36. 341   1
 6 5  4.68603E-05  1.13928E+00  1.13928E+00  4.90000E+01             88.KR 36. 342   5
 6 6  5.89673E-07  1.13946E+00  1.13946E+00  4.90000E+01             88.KR 36. 343   6
 6 7  3.71572E-07  1.13952E+00  1.13952E+00  4.90000E+01             88.KR 36. 344   7
 6 3  8.03483E-06  1.14109E+00  1.14109E+00  4.90000E+01             88.KR 36. 345   3
 6 4  1.13931E-06  1.14133E+00  1.14133E+00  4.90000E+01             88.KR 36. 346   4
 150  9.96480E-01  1.17951E+00  1.17951E+00  0.00000E+00             88.KR 36. 347  50
 6 1  1.51487E-04  1.16435E+00  1.16435E+00  5.00000E+01             88.KR 36. 348   1
 6 5  1.56046E-05  1.17746E+00  1.17746E+00  5.00000E+01             88.KR 36. 349   5
 6 6  1.34048E-07  1.17764E+00  1.17764E+00  5.00000E+01             88.KR 36. 350   6
 6 7  2.85182E-07  1.17771E+00  1.17771E+00  5.00000E+01             88.KR 36. 351   7
 6 3  2.68181E-06  1.17927E+00  1.17927E+00  5.00000E+01             88.KR 36. 352   3
 6 4  3.82036E-07  1.17951E+00  1.17951E+00  5.00000E+01             88.KR 36. 353   4
 151  6.88540E-01  1.18495E+00  1.18495E+00  0.00000E+00             88.KR 36. 354  51
 6 1  2.22912E-04  1.16979E+00  1.16979E+00  5.10000E+01             88.KR 36. 355   1
 6 5  2.32664E-05  1.18290E+00  1.18290E+00  5.10000E+01             88.KR 36. 356   5
 6 6  2.84725E-07  1.18308E+00  1.18308E+00  5.10000E+01             88.KR 36. 357   6
 6 7  1.83368E-07  1.18314E+00  1.18314E+00  5.10000E+01             88.KR 36. 358   7
 6 3  3.98854E-06  1.18471E+00  1.18471E+00  5.10000E+01             88.KR 36. 359   3
 6 4  5.65663E-07  1.18495E+00  1.18495E+00  5.10000E+01             88.KR 36. 360   4
 152  1.41860E-01  1.20984E+00  1.20984E+00  0.00000E+00             88.KR 36. 361  52
 6 1  2.05978E-05  1.19468E+00  1.19468E+00  5.20000E+01             88.KR 36. 362   1
 6 5  2.12198E-06  1.20779E+00  1.20779E+00  5.20000E+01             88.KR 36. 363   5
 6 6  1.78203E-08  1.20797E+00  1.20797E+00  5.20000E+01             88.KR 36. 364   6
 6 7  3.82841E-08  1.20803E+00  1.20803E+00  5.20000E+01             88.KR 36. 365   7
 6 3  3.64609E-07  1.20960E+00  1.20960E+00  5.20000E+01             88.KR 36. 366   3
 6 4  5.19697E-08  1.20984E+00  1.20984E+00  5.20000E+01             88.KR 36. 367   4
 153  1.38400E-01  1.21273E+00  1.21273E+00  0.00000E+00             88.KR 36. 368  53
 6 1  4.27404E-05  1.19757E+00  1.19757E+00  5.30000E+01             88.KR 36. 369   1
 6 5  4.45964E-06  1.21068E+00  1.21068E+00  5.30000E+01             88.KR 36. 370   5
 6 6  5.36392E-08  1.21086E+00  1.21086E+00  5.30000E+01             88.KR 36. 371   6
 6 7  3.50233E-08  1.21092E+00  1.21092E+00  5.30000E+01             88.KR 36. 372   7
 6 3  7.64420E-07  1.21249E+00  1.21249E+00  5.30000E+01             88.KR 36. 373   3
 6 4  1.08433E-07  1.21273E+00  1.21273E+00  5.30000E+01             88.KR 36. 374   4
 155  3.63300E-01  1.24522E+00  1.24522E+00  0.00000E+00             88.KR 36. 375  55
 6 1  1.06335E-04  1.23006E+00  1.23006E+00  5.50000E+01             88.KR 36. 376   1
 6 5  1.10911E-05  1.24317E+00  1.24317E+00  5.50000E+01             88.KR 36. 377   5
 6 6  1.30785E-07  1.24335E+00  1.24335E+00  5.50000E+01             88.KR 36. 378   6
 6 7  8.67698E-08  1.24341E+00  1.24341E+00  5.50000E+01             88.KR 36. 379   7
 6 3  1.90084E-06  1.24498E+00  1.24498E+00  5.50000E+01             88.KR 36. 380   3
 6 4  2.69718E-07  1.24522E+00  1.24522E+00  5.50000E+01             88.KR 36. 381   4
 156  1.12104E+00  1.25067E+00  1.25067E+00  0.00000E+00             88.KR 36. 382  56
 6 1  1.53381E-04  1.23551E+00  1.23551E+00  5.60000E+01             88.KR 36. 383   1
 6 5  1.58029E-05  1.24862E+00  1.24862E+00  5.60000E+01             88.KR 36. 384   5
 6 6  1.28844E-07  1.24880E+00  1.24880E+00  5.60000E+01             88.KR 36. 385   6
 6 7  2.80429E-07  1.24887E+00  1.24887E+00  5.60000E+01             88.KR 36. 386   7
 6 3  2.71484E-06  1.25043E+00  1.25043E+00  5.60000E+01             88.KR 36. 387   3
 6 4  3.87245E-07  1.25067E+00  1.25067E+00  5.60000E+01             88.KR 36. 388   4
 157  9.34200E-02  1.29878E+00  1.29878E+00  0.00000E+00             88.KR 36. 389  57
 6 1  2.51168E-05  1.28362E+00  1.28362E+00  5.70000E+01             88.KR 36. 390   1
 6 5  2.61807E-06  1.29673E+00  1.29673E+00  5.70000E+01             88.KR 36. 391   5
 6 6  2.99091E-08  1.29691E+00  1.29691E+00  5.70000E+01             88.KR 36. 392   6
 6 7  2.03673E-08  1.29698E+00  1.29698E+00  5.70000E+01             88.KR 36. 393   7
 6 3  4.48599E-07  1.29854E+00  1.29854E+00  5.70000E+01             88.KR 36. 394   3
 6 4  6.36975E-08  1.29878E+00  1.29878E+00  5.70000E+01             88.KR 36. 395   4
 158  6.57400E-02  1.30309E+00  1.30309E+00  0.00000E+00             88.KR 36. 396  58
 6 1  8.36491E-06  1.28793E+00  1.28793E+00  5.80000E+01             88.KR 36. 397   1
 6 5  8.61902E-07  1.30104E+00  1.30104E+00  5.80000E+01             88.KR 36. 398   5
 6 6  6.77516E-09  1.30122E+00  1.30122E+00  5.80000E+01             88.KR 36. 399   6
 6 7  1.49917E-08  1.30128E+00  1.30128E+00  5.80000E+01             88.KR 36. 400   7
 6 3  1.48059E-07  1.30285E+00  1.30285E+00  5.80000E+01             88.KR 36. 401   3
 6 4  2.11381E-08  1.30309E+00  1.30309E+00  5.80000E+01             88.KR 36. 402   4
 159  1.59160E-01  1.32498E+00  1.32498E+00  0.00000E+00             88.KR 36. 403  59
 6 1  4.09998E-05  1.30982E+00  1.30982E+00  5.90000E+01             88.KR 36. 404   1
 6 5  4.23803E-06  1.32293E+00  1.32293E+00  5.90000E+01             88.KR 36. 405   5
 6 6  7.06346E-08  1.32311E+00  1.32311E+00  5.90000E+01             88.KR 36. 406   6
 6 7  7.03984E-08  1.32317E+00  1.32317E+00  5.90000E+01             88.KR 36. 407   7
 6 3  7.34359E-07  1.32474E+00  1.32474E+00  5.90000E+01             88.KR 36. 408   3
 6 4  1.04172E-07  1.32498E+00  1.32498E+00  5.90000E+01             88.KR 36. 409   4
 160  6.57400E-02  1.33581E+00  1.33581E+00  0.00000E+00             88.KR 36. 410  60
 6 1  8.01019E-06  1.32065E+00  1.32065E+00  6.00000E+01             88.KR 36. 411   1
 6 5  8.25359E-07  1.33376E+00  1.33376E+00  6.00000E+01             88.KR 36. 412   5
 6 6  6.34660E-09  1.33394E+00  1.33394E+00  6.00000E+01             88.KR 36. 413   6
 6 7  1.41873E-08  1.33400E+00  1.33400E+00  6.00000E+01             88.KR 36. 414   7
 6 3  1.41789E-07  1.33557E+00  1.33557E+00  6.00000E+01             88.KR 36. 415   3
 6 4  2.02535E-08  1.33581E+00  1.33581E+00  6.00000E+01             88.KR 36. 416   4
 161  1.59160E-01  1.35232E+00  1.35232E+00  0.00000E+00             88.KR 36. 417  61
 6 1  3.94660E-05  1.33716E+00  1.33716E+00  6.10000E+01             88.KR 36. 418   1
 6 5  4.11100E-06  1.35027E+00  1.35027E+00  6.10000E+01             88.KR 36. 419   5
 6 6  4.55515E-08  1.35045E+00  1.35045E+00  6.10000E+01             88.KR 36. 420   6
 6 7  3.18275E-08  1.35051E+00  1.35051E+00  6.10000E+01             88.KR 36. 421   7
 6 3  7.04260E-07  1.35208E+00  1.35208E+00  6.10000E+01             88.KR 36. 422   3
 6 4  1.00091E-07  1.35232E+00  1.35232E+00  6.10000E+01             88.KR 36. 423   4
 162  1.47742E+00  1.36950E+00  1.36950E+00  0.00000E+00             88.KR 36. 424  62
 6 1  1.72418E-04  1.35434E+00  1.35434E+00  6.20000E+01             88.KR 36. 425   1
 6 5  1.77653E-05  1.36745E+00  1.36745E+00  6.20000E+01             88.KR 36. 426   5
 6 6  1.33624E-07  1.36763E+00  1.36763E+00  6.20000E+01             88.KR 36. 427   6
 6 7  3.01827E-07  1.36769E+00  1.36769E+00  6.20000E+01             88.KR 36. 428   7
 6 3  3.05227E-06  1.36926E+00  1.36926E+00  6.20000E+01             88.KR 36. 429   3
 6 4  4.36220E-07  1.36950E+00  1.36950E+00  6.20000E+01             88.KR 36. 430   4
 163  2.17980E-01  1.40694E+00  1.40694E+00  0.00000E+00             88.KR 36. 431  63
 6 1  2.42880E-05  1.39178E+00  1.39178E+00  6.30000E+01             88.KR 36. 432   1
 6 5  2.50240E-06  1.40489E+00  1.40489E+00  6.30000E+01             88.KR 36. 433   5
 6 6  1.83785E-08  1.40507E+00  1.40507E+00  6.30000E+01             88.KR 36. 434   6
 6 7  4.19912E-08  1.40513E+00  1.40513E+00  6.30000E+01             88.KR 36. 435   7
 6 3  4.30030E-07  1.40670E+00  1.40670E+00  6.30000E+01             88.KR 36. 436   3
 6 4  6.14920E-08  1.40694E+00  1.40694E+00  6.30000E+01             88.KR 36. 437   4
 164  1.14180E-01  1.46484E+00  1.46484E+00  0.00000E+00             88.KR 36. 438  64
 6 1  2.41645E-05  1.44968E+00  1.44968E+00  6.40000E+01             88.KR 36. 439   1
 6 5  2.51336E-06  1.46279E+00  1.46279E+00  6.40000E+01             88.KR 36. 440   5
 6 6  2.62041E-08  1.46297E+00  1.46297E+00  6.40000E+01             88.KR 36. 441   6
 6 7  1.93057E-08  1.46303E+00  1.46303E+00  6.40000E+01             88.KR 36. 442   7
 6 3  4.30377E-07  1.46460E+00  1.46460E+00  6.40000E+01             88.KR 36. 443   3
 6 4  6.13261E-08  1.46484E+00  1.46484E+00  6.40000E+01             88.KR 36. 444   4
 165  2.15212E+00  1.51839E+00  1.51839E+00  0.00000E+00             88.KR 36. 445  65
 6 1  4.24477E-04  1.50323E+00  1.50323E+00  6.50000E+01             88.KR 36. 446   1
 6 5  4.41175E-05  1.51634E+00  1.51634E+00  6.50000E+01             88.KR 36. 447   5
 6 6  4.47472E-07  1.51652E+00  1.51652E+00  6.50000E+01             88.KR 36. 448   6
 6 7  3.37931E-07  1.51658E+00  1.51658E+00  6.50000E+01             88.KR 36. 449   7
 6 3  7.55287E-06  1.51815E+00  1.51815E+00  6.50000E+01             88.KR 36. 450   3
 6 4  1.07277E-06  1.51839E+00  1.51839E+00  6.50000E+01             88.KR 36. 451   4
 166  1.09336E+01  1.52977E+00  1.52977E+00  0.00000E+00             88.KR 36. 452  66
 6 1  1.05819E-03  1.51461E+00  1.51461E+00  6.60000E+01             88.KR 36. 453   1
 6 5  1.08978E-04  1.52772E+00  1.52772E+00  6.60000E+01             88.KR 36. 454   5
 6 6  7.43592E-07  1.52790E+00  1.52790E+00  6.60000E+01             88.KR 36. 455   6
 6 7  1.76264E-06  1.52797E+00  1.52797E+00  6.60000E+01             88.KR 36. 456   7
 6 3  1.87506E-05  1.52953E+00  1.52953E+00  6.60000E+01             88.KR 36. 457   3
 6 4  2.65899E-06  1.52977E+00  1.52977E+00  6.60000E+01             88.KR 36. 458   4
 167  4.56720E-01  1.60379E+00  1.60379E+00  0.00000E+00             88.KR 36. 459  67
 6 1  8.09791E-05  1.58863E+00  1.58863E+00  6.70000E+01             88.KR 36. 460   1
 6 5  8.40626E-06  1.60174E+00  1.60174E+00  6.70000E+01             88.KR 36. 461   5
 6 6  8.17410E-08  1.60192E+00  1.60192E+00  6.70000E+01             88.KR 36. 462   6
 6 7  6.41755E-08  1.60199E+00  1.60199E+00  6.70000E+01             88.KR 36. 463   7
 6 3  1.43863E-06  1.60355E+00  1.60355E+00  6.70000E+01             88.KR 36. 464   3
 6 4  2.04708E-07  1.60379E+00  1.60379E+00  6.70000E+01             88.KR 36. 465   4
 168  6.92000E-02  1.60801E+00  1.60801E+00  0.00000E+00             88.KR 36. 466  68
 169  8.99600E-02  1.66130E+00  1.66130E+00  0.00000E+00             88.KR 36. 467  69
 6 1  1.49012E-05  1.64614E+00  1.64614E+00  6.90000E+01             88.KR 36. 468   1
 6 5  1.54556E-06  1.65925E+00  1.65925E+00  6.90000E+01             88.KR 36. 469   5
 6 6  1.46242E-08  1.65943E+00  1.65943E+00  6.90000E+01             88.KR 36. 470   6
 6 7  1.17810E-08  1.65950E+00  1.65950E+00  6.90000E+01             88.KR 36. 471   7
 6 3  2.64439E-07  1.66106E+00  1.66106E+00  6.90000E+01             88.KR 36. 472   3
 6 4  3.76829E-08  1.66130E+00  1.66130E+00  6.90000E+01             88.KR 36. 473   4
 170  6.64320E-01  1.68560E+00  1.68560E+00  0.00000E+00             88.KR 36. 474  70
 6 1  5.48942E-05  1.67044E+00  1.67044E+00  7.00000E+01             88.KR 36. 475   1
 6 5  5.64733E-06  1.68355E+00  1.68355E+00  7.00000E+01             88.KR 36. 476   5
 6 6  3.54212E-08  1.68373E+00  1.68373E+00  7.00000E+01             88.KR 36. 477   6
 6 7  8.78337E-08  1.68379E+00  1.68379E+00  7.00000E+01             88.KR 36. 478   7
 6 3  9.74227E-07  1.68536E+00  1.68536E+00  7.00000E+01             88.KR 36. 479   3
 6 4  1.37817E-07  1.68560E+00  1.68560E+00  7.00000E+01             88.KR 36. 480   4
 171  4.49800E-02  1.78914E+00  1.78914E+00  0.00000E+00             88.KR 36. 481  71
 172  3.46000E-02  1.79330E+00  1.79330E+00  0.00000E+00             88.KR 36. 482  72
 6 1  4.89165E-06  1.77814E+00  1.77814E+00  7.20000E+01             88.KR 36. 483   1
 6 5  5.09702E-07  1.79125E+00  1.79125E+00  7.20000E+01             88.KR 36. 484   5
 6 6  5.90662E-09  1.79143E+00  1.79143E+00  7.20000E+01             88.KR 36. 485   6
 6 7  6.58746E-09  1.79150E+00  1.79150E+00  7.20000E+01             88.KR 36. 486   7
 6 3  8.78257E-08  1.79306E+00  1.79306E+00  7.20000E+01             88.KR 36. 487   3
 6 4  1.23889E-08  1.79330E+00  1.79330E+00  7.20000E+01             88.KR 36. 488   4
 173  3.80600E-02  1.80130E+00  1.80130E+00  0.00000E+00             88.KR 36. 489  73
 174  1.38400E-01  1.89276E+00  1.89276E+00  0.00000E+00             88.KR 36. 490  74
 6 1  1.78757E-05  1.87760E+00  1.87760E+00  7.40000E+01             88.KR 36. 491   1
 6 5  1.84862E-06  1.89071E+00  1.89071E+00  7.40000E+01             88.KR 36. 492   5
 6 6  1.57973E-08  1.89089E+00  1.89089E+00  7.40000E+01             88.KR 36. 493   6
 6 7  1.35758E-08  1.89096E+00  1.89096E+00  7.40000E+01             88.KR 36. 494   7
 6 3  3.15846E-07  1.89252E+00  1.89252E+00  7.40000E+01             88.KR 36. 495   3
 6 4  4.53588E-08  1.89276E+00  1.89276E+00  7.40000E+01             88.KR 36. 496   4
 175  1.00340E-01  1.90870E+00  1.90870E+00  0.00000E+00             88.KR 36. 497  75
 6 1  6.83851E-06  1.89354E+00  1.89354E+00  7.50000E+01             88.KR 36. 498   1
 6 5  7.00431E-07  1.90665E+00  1.90665E+00  7.50000E+01             88.KR 36. 499   5
 6 6  3.95260E-09  1.90683E+00  1.90683E+00  7.50000E+01             88.KR 36. 500   6
 6 7  9.90089E-09  1.90689E+00  1.90689E+00  7.50000E+01             88.KR 36. 501   7
 6 3  1.21402E-07  1.90846E+00  1.90846E+00  7.50000E+01             88.KR 36. 502   3
 6 4  1.70949E-08  1.90870E+00  1.90870E+00  7.50000E+01             88.KR 36. 503   4
 176  4.52914E+00  2.02984E+00  2.02984E+00  0.00000E+00             88.KR 36. 504  76
 6 1  2.81257E-04  2.01468E+00  2.01468E+00  7.60000E+01             88.KR 36. 505   1
 6 5  2.87554E-05  2.02779E+00  2.02779E+00  7.60000E+01             88.KR 36. 506   5
 6 6  1.54172E-07  2.02797E+00  2.02797E+00  7.60000E+01             88.KR 36. 507   6
 6 7  3.90118E-07  2.02803E+00  2.02803E+00  7.60000E+01             88.KR 36. 508   7
 6 3  5.00093E-06  2.02960E+00  2.02960E+00  7.60000E+01             88.KR 36. 509   3
 6 4  7.02039E-07  2.02984E+00  2.02984E+00  7.60000E+01             88.KR 36. 510   4
 177  3.73680E+00  2.03541E+00  2.03541E+00  0.00000E+00             88.KR 36. 511  77
 6 1  2.31103E-04  2.02025E+00  2.02025E+00  7.70000E+01             88.KR 36. 512   1
 6 5  2.36258E-05  2.03336E+00  2.03336E+00  7.70000E+01             88.KR 36. 513   5
 6 6  1.26384E-07  2.03354E+00  2.03354E+00  7.70000E+01             88.KR 36. 514   6
 6 7  3.19927E-07  2.03361E+00  2.03361E+00  7.70000E+01             88.KR 36. 515   7
 6 3  4.10951E-06  2.03517E+00  2.03517E+00  7.70000E+01             88.KR 36. 516   3
 6 4  5.76814E-07  2.03541E+00  2.03541E+00  7.70000E+01             88.KR 36. 517   4
 178  2.87180E-01  2.18650E+00  2.18650E+00  0.00000E+00             88.KR 36. 518  78
 6 1  1.59758E-05  2.17134E+00  2.17134E+00  7.80000E+01             88.KR 36. 519   1
 6 5  1.62960E-06  2.18445E+00  2.18445E+00  7.80000E+01             88.KR 36. 520   5
 6 6  8.22283E-09  2.18463E+00  2.18463E+00  7.80000E+01             88.KR 36. 521   6
 6 7  2.09908E-08  2.18470E+00  2.18470E+00  7.80000E+01             88.KR 36. 522   7
 6 3  2.84825E-07  2.18626E+00  2.18626E+00  7.80000E+01             88.KR 36. 523   3
 6 4  3.98075E-08  2.18650E+00  2.18650E+00  7.80000E+01             88.KR 36. 524   4
 179  1.31826E+01  2.19584E+00  2.19584E+00  0.00000E+00             88.KR 36. 525  79
 6 1  7.28791E-04  2.18068E+00  2.18068E+00  7.90000E+01             88.KR 36. 526   1
 6 5  7.43296E-05  2.19379E+00  2.19379E+00  7.90000E+01             88.KR 36. 527   5
 6 6  3.73775E-07  2.19397E+00  2.19397E+00  7.90000E+01             88.KR 36. 528   6
 6 7  9.54522E-07  2.19404E+00  2.19404E+00  7.90000E+01             88.KR 36. 529   7
 6 3  1.29956E-05  2.19560E+00  2.19560E+00  7.90000E+01             88.KR 36. 530   3
 6 4  1.81578E-06  2.19584E+00  2.19584E+00  7.90000E+01             88.KR 36. 531   4
 180  3.39080E+00  2.23177E+00  2.23177E+00  0.00000E+00             88.KR 36. 532  80
 6 1  1.83075E-04  2.21661E+00  2.21661E+00  8.00000E+01             88.KR 36. 533   1
 6 5  1.86623E-05  2.22972E+00  2.22972E+00  8.00000E+01             88.KR 36. 534   5
 6 6  9.26299E-08  2.22991E+00  2.22991E+00  8.00000E+01             88.KR 36. 535   6
 6 7  2.36875E-07  2.22997E+00  2.22997E+00  8.00000E+01             88.KR 36. 536   7
 6 3  3.26693E-06  2.23153E+00  2.23153E+00  8.00000E+01             88.KR 36. 537   3
 6 4  4.55965E-07  2.23177E+00  2.23177E+00  8.00000E+01             88.KR 36. 538   4
 181  3.11400E-02  2.25950E+00  2.25950E+00  0.00000E+00             88.KR 36. 539  81
 6 1  2.89846E-06  2.24434E+00  2.24434E+00  8.10000E+01             88.KR 36. 540   1
 6 5  2.83056E-07  2.25745E+00  2.25745E+00  8.10000E+01             88.KR 36. 541   5
 6 6  2.13285E-09  2.25763E+00  2.25763E+00  8.10000E+01             88.KR 36. 542   6
 6 7  2.09445E-09  2.25769E+00  2.25769E+00  8.10000E+01             88.KR 36. 543   7
 6 3  4.84099E-08  2.25926E+00  2.25926E+00  8.10000E+01             88.KR 36. 544   3
 6 4  6.87834E-09  2.25950E+00  2.25950E+00  8.10000E+01             88.KR 36. 545   4
 182  7.30060E-01  2.35208E+00  2.35208E+00  0.00000E+00             88.KR 36. 546  82
 6 1  3.65411E-05  2.33692E+00  2.33692E+00  8.20000E+01             88.KR 36. 547   1
 6 5  3.35833E-06  2.35003E+00  2.35003E+00  8.20000E+01             88.KR 36. 548   5
 6 6  1.56308E-08  2.35021E+00  2.35021E+00  8.20000E+01             88.KR 36. 549   6
 6 7  4.54169E-08  2.35028E+00  2.35028E+00  8.20000E+01             88.KR 36. 550   7
 6 3  5.77761E-07  2.35184E+00  2.35184E+00  8.20000E+01             88.KR 36. 551   3
 6 4  8.19179E-08  2.35208E+00  2.35208E+00  8.20000E+01             88.KR 36. 552   4
 183  3.11400E-02  2.36470E+00  2.36470E+00  0.00000E+00             88.KR 36. 553  83
 6 1  4.68031E-06  2.34954E+00  2.34954E+00  8.30000E+01             88.KR 36. 554   1
 6 5  4.41542E-07  2.36265E+00  2.36265E+00  8.30000E+01             88.KR 36. 555   5
 6 6  4.95986E-09  2.36283E+00  2.36283E+00  8.30000E+01             88.KR 36. 556   6
 6 7  2.16207E-09  2.36290E+00  2.36290E+00  8.30000E+01             88.KR 36. 557   7
 6 3  7.57886E-08  2.36446E+00  2.36446E+00  8.30000E+01             88.KR 36. 558   3
 6 4  1.07216E-08  2.36470E+00  2.36470E+00  8.30000E+01             88.KR 36. 559   4
 184  3.46000E+01  2.39211E+00  2.39211E+00  0.00000E+00             88.KR 36. 560  84
 6 1  1.69055E-03  2.37695E+00  2.37695E+00  8.40000E+01             88.KR 36. 561   1
 6 5  1.54422E-04  2.39006E+00  2.39006E+00  8.40000E+01             88.KR 36. 562   5
 6 6  7.08032E-07  2.39024E+00  2.39024E+00  8.40000E+01             88.KR 36. 563   6
 6 7  2.07372E-06  2.39031E+00  2.39031E+00  8.40000E+01             88.KR 36. 564   7
 6 3  2.65674E-05  2.39187E+00  2.39187E+00  8.40000E+01             88.KR 36. 565   3
 6 4  3.76680E-06  2.39211E+00  2.39211E+00  8.40000E+01             88.KR 36. 566   4
 185  1.03800E-01  2.40891E+00  2.40891E+00  0.00000E+00             88.KR 36. 567  85
 6 1  5.02137E-06  2.39375E+00  2.39375E+00  8.50000E+01             88.KR 36. 568   1
 6 5  4.57491E-07  2.40686E+00  2.40686E+00  8.50000E+01             88.KR 36. 569   5
 6 6  2.08462E-09  2.40704E+00  2.40704E+00  8.50000E+01             88.KR 36. 570   6
 6 7  6.12574E-09  2.40710E+00  2.40710E+00  8.50000E+01             88.KR 36. 571   7
 6 3  7.87101E-08  2.40867E+00  2.40867E+00  8.50000E+01             88.KR 36. 572   3
 6 4  1.11597E-08  2.40891E+00  2.40891E+00  8.50000E+01             88.KR 36. 573   4
 186  4.15200E-02  2.53552E+00  2.53552E+00  0.00000E+00             88.KR 36. 574  86
 187  6.22800E-01  2.54840E+00  2.54840E+00  0.00000E+00             88.KR 36. 575  87
 6 1  2.78270E-05  2.53324E+00  2.53324E+00  8.70000E+01             88.KR 36. 576   1
 6 5  2.48157E-06  2.54635E+00  2.54635E+00  8.70000E+01             88.KR 36. 577   5
 6 6  1.07559E-08  2.54653E+00  2.54653E+00  8.70000E+01             88.KR 36. 578   6
 6 7  3.24578E-08  2.54659E+00  2.54659E+00  8.70000E+01             88.KR 36. 579   7
 6 3  4.27005E-07  2.54816E+00  2.54816E+00  8.70000E+01             88.KR 36. 580   3
 6 4  6.05389E-08  2.54840E+00  2.54840E+00  8.70000E+01             88.KR 36. 581   4
 188  1.48780E-01  2.77102E+00  2.77102E+00  0.00000E+00             88.KR 36. 582  88
 6 1  5.91917E-06  2.75586E+00  2.75586E+00  8.80000E+01             88.KR 36. 583   1
 6 5  5.10207E-07  2.76897E+00  2.76897E+00  8.80000E+01             88.KR 36. 584   5
 6 6  2.05278E-09  2.76915E+00  2.76915E+00  8.80000E+01             88.KR 36. 585   6
 6 7  6.44448E-09  2.76922E+00  2.76922E+00  8.80000E+01             88.KR 36. 586   7
 6 3  8.78125E-08  2.77078E+00  2.77078E+00  8.80000E+01             88.KR 36. 587   3
 6 4  1.24489E-08  2.77102E+00  2.77102E+00  8.80000E+01             88.KR 36. 588   4
 2 1  2.36648E+00  1.32919E-02  1.32919E-02  0.00000E+00             88.KR 36. 589   1
 2 2  4.55265E+00  1.33539E-02  1.33539E-02  0.00000E+00             88.KR 36. 590   2
 2 3  3.39299E-01  1.49123E-02  1.49123E-02  0.00000E+00             88.KR 36. 591   3
 2 4  6.61404E-01  1.49217E-02  1.49217E-02  0.00000E+00             88.KR 36. 592   4
 2 5  1.08998E-03  1.50398E-02  1.50398E-02  0.00000E+00             88.KR 36. 593   5
 2 6  1.55867E-03  1.50414E-02  1.50414E-02  0.00000E+00             88.KR 36. 594   6
 2 7  3.69675E-02  1.51383E-02  1.51383E-02  0.00000E+00             88.KR 36. 595   7
 2 8  7.12402E-02  1.51392E-02  1.51392E-02  0.00000E+00             88.KR 36. 596   8
 221  4.15835E-05  1.80900E-04  1.80900E-04  0.00000E+00             88.KR 36. 597  21
 222  2.44637E-04  2.42900E-04  2.42900E-04  0.00000E+00             88.KR 36. 598  22
 223  3.54294E-03  1.80131E-03  1.80131E-03  0.00000E+00             88.KR 36. 599  23
 224  6.26846E-03  1.81071E-03  1.81071E-03  0.00000E+00             88.KR 36. 600  24
 225  2.23999E-05  1.92881E-03  1.92881E-03  0.00000E+00             88.KR 36. 601  25
 226  3.33363E-05  1.93043E-03  1.93043E-03  0.00000E+00             88.KR 36. 602  26
 227  3.94845E-04  2.02727E-03  2.02727E-03  0.00000E+00             88.KR 36. 603  27
 228  7.00762E-04  2.02825E-03  2.02825E-03  0.00000E+00             88.KR 36. 604  28
 241  1.06909E-08  6.20000E-05  6.20000E-05  0.00000E+00             88.KR 36. 605  41
 242  1.64584E-02  1.55392E-03  1.55392E-03  0.00000E+00             88.KR 36. 606  42
 243  1.22862E-04  1.62981E-03  1.62981E-03  0.00000E+00             88.KR 36. 607  43
 244  1.00302E-01  1.74790E-03  1.74790E-03  0.00000E+00             88.KR 36. 608  44
 245  8.87249E-04  1.83038E-03  1.83038E-03  0.00000E+00             88.KR 36. 609  45
 246  2.48494E-06  1.84735E-03  1.84735E-03  0.00000E+00             88.KR 36. 610  46
 261  4.34512E-02  1.49192E-03  1.49192E-03  0.00000E+00             88.KR 36. 611  61
 262  1.53524E-04  1.55841E-03  1.55841E-03  0.00000E+00             88.KR 36. 612  62
 263  1.46261E-04  1.56780E-03  1.56780E-03  0.00000E+00             88.KR 36. 613  63
 264  1.99669E-02  1.68590E-03  1.68590E-03  0.00000E+00             88.KR 36. 614  64
 265  1.88900E-01  1.68753E-03  1.68753E-03  0.00000E+00             88.KR 36. 615  65
 266  1.70804E-03  1.76838E-03  1.76838E-03  0.00000E+00             88.KR 36. 616  66
 267  2.54041E-06  1.78437E-03  1.78437E-03  0.00000E+00             88.KR 36. 617  67
 268  2.42795E-06  1.78535E-03  1.78535E-03  0.00000E+00             88.KR 36. 618  68
 291  3.98168E-03  1.35859E-04  1.35859E-04  0.00000E+00             88.KR 36. 619  91
 292  4.34259E-05  1.66827E-05  1.66827E-05  0.00000E+00             88.KR 36. 620  92
 294  1.26574E+02  1.52794E-05  1.52794E-05  0.00000E+00             88.KR 36. 621  94
 7 1  3.01658E+00  1.14024E-02  1.14024E-02  0.00000E+00             88.KR 36. 622   1
 7 2  9.89992E-01  1.30522E-02  1.30522E-02  0.00000E+00             88.KR 36. 623   2
 7 3  7.93276E-02  1.47045E-02  1.47045E-02  0.00000E+00             88.KR 36. 624   3
 7 4  2.88479E+00  1.05863E-04  1.05863E-04  0.00000E+00             88.KR 36. 625   4
 7 5  1.40974E+01  1.48954E-03  1.48954E-03  0.00000E+00             88.KR 36. 626   5
 7 6  1.14117E+00  1.61107E-03  1.61107E-03  0.00000E+00             88.KR 36. 627   6
 7 7  3.70206E-02  1.79088E-03  1.79088E-03  0.00000E+00             88.KR 36. 628   7
 7 8  1.50179E+01  7.35551E-05  7.35551E-05  0.00000E+00             88.KR 36. 629   8
 7 9  3.72118E+01  6.49791E-05  6.49791E-05  0.00000E+00             88.KR 36. 630   9
 710  6.62847E-01  9.22463E-05  9.22463E-05  0.00000E+00             88.KR 36. 631  10
 712  3.70909E+01  1.26043E-05  1.26043E-05  0.00000E+00             88.KR 36. 632  12
%%%%  88 KR  36    B-           1.02240E+04 2.84 H     02-11-2005       SEEIEND 
 


   ***************************************************** 
   *                 Radiation Summary                 * 
   ***************************************************** 
 
  Energy released by
    Gamma-ray                       (MeV) =   1.94844E+00
    X-ray                           (MeV) =   1.09502E-03
    Free-bound X-ray                (MeV) =   1.93398E-05
    Annihilation photon             (MeV) =   0.00000E+00
    Beta+ particle                  (MeV) =   0.00000E+00
    Neutrino                        (MeV) =   0.00000E+00
    Beta- particle                  (MeV) =   3.63057E-01
    Neutrino-                       (MeV) =   6.04531E-01
    Internal conv. electron         (MeV) =   5.06336E-03
    Auger and CK electron           (MeV) =   7.57445E-04
    Alpha particle                  (MeV) =   0.00000E+00
    Recoil nucleus                  (MeV) =   0.00000E+00
  E-total (except unplaced radiat.) (MeV) =   2.92296E+00
  E-unplaced radiation              (MeV) =   4.27746E-03
  Q-value from ENSDF data           (MeV) =   2.91300E+00
  Ratio of E-total/Q-value          ( % ) =   1.00342E+02
  Ratio of E-unplaced radi./Q-value ( % ) =   1.46840E-01

 
  Total yield of
    Gamma-ray                             =   1.36666E+00
    X-ray                                 =   8.41807E-02
    Free-bound X-ray                      =   1.26574E+00
    Annihilation photon                   =   0.00000E+00
    Beta+ particle                        =   0.00000E+00
    Beta- particle                        =   1.00000E+00
    Internal conv. electron               =   1.41614E-01
    Auger and CK electron                 =   1.12230E+00
    Alpha particle                        =   0.00000E+00
  Yield of unplaced radiation             =   2.90640E-03


