%%%% 173 LU  71    EC           4.32339E+07 1.37 Y     02-11-2005       BALASTAR
1 173   LU  71 1.37 Y          EC         
1INTENSITY AND ENERGY BALANCE DATA

              173-LUTETIUM-71
+                                    HALFLIFE = 1.37 YEARS   
+                                                                  02-11-2005


    LEVEL       INTENSITY   INTENSITY
    ENERGY      ENTERING    LEAVING     PERCENT
    (MEV)       LEVEL       LEVEL       ERROR

   0.0000E+00  1.0196E+02
   7.8647E-02  9.4990E+01  9.6079E+01  1.1393E+00                      
   1.7936E-01  2.4589E+01  2.5086E+01  2.0037E+00                      
   3.0186E-01  7.3153E-02  6.4371E-02  1.2772E+01  ********************
   3.5076E-01  2.5097E+01  2.5203E+01  4.2192E-01                      
   4.1297E-01  3.1507E+00  3.3852E+00  7.1782E+00                      
   6.3613E-01  2.8961E+00  2.9333E+00  1.2761E+00                      


 INTENSITY TO GROUND AND ISOMERIC STATE(S) OF DAUGHTER(S)=  1.020E+02
 TOTAL INTENSITY FROM PARENT=  1.000E+02
 PERCENT ERROR =  1.918E+00                      


 TOTAL INTENSITY FROM PARENT =  1.000E+02
 VALUE IS WITHIN   0.00E+00% OF 100                      


 TOTAL ENERGY AVAILABLE =  6.708E-01 MEV
 TOTAL ENERGY CONTENT OF ALL RADIATIONS =  6.741E-01 MEV
 PERCENT ERROR =  4.868E-01                      
%%%% 173 LU  71    EC           4.32339E+07 1.37 Y     02-11-2005       BALAEND 
%%%% 173 LU  71    EC           4.32339E+07 1.37 Y     02-11-2005       INPUSTAR
1                                      **INPUT DATA**
              173-LUTETIUM-71
+                                    HALFLIFE = 1.37 YEARS   
+                                                                  02-11-2005

            MODE OF DECAY: ELECTRON CAPTURE
 
                                MEAN
                                NUMBER/    TRANSITION
                TYPE OF    ID   TRANSFOR-  ENERGY
              TRANSITION   NO.  MATION     (MEV)       OTHER NUCLEAR PARAMETERS

           ELECT. CAPTURE   1   2.90E-02   3.467E-02   FIRST FORBIDDEN                          
           ELECT. CAPTURE   2   3.00E-02   2.578E-01   ALLOWED                                  
           ELECT. CAPTURE   3   2.18E-01   3.200E-01   ALLOWED                                  
           ELECT. CAPTURE   4   2.07E-01   4.914E-01   FIRST FORBIDDEN                          
           ELECT. CAPTURE   5   4.94E-01   5.922E-01   FIRST FORBIDDEN                          
           ELECT. CAPTURE   6   2.17E-02   6.708E-01   FIRST FORBIDDEN                          
           I.C.E. + GAMMA   1   2.63E-02   6.217E-02   M1+E2 MULTIPOLE                          
                                                       MRS=0.0841    AK= 10.9                   
                                                       AL1=1.51      AL2=0.733                  
                                                       AL3=0.663     AM= 0.683                  
                                                       AN+=0.187                                
           I.C.E. + GAMMA   2   9.61E-01   7.863E-02   M1+E2 MULTIPOLE                          
                                                       MRS=0.0502    AK= 5.66                   
                                                       AL1=0.787     AL2=0.191                  
                                                       AL3=0.133     AM= 0.255                  
                                                       AN+=0.0711                               
           I.C.E. + GAMMA   3   2.32E-01   1.007E-01   M1+E2 MULTIPOLE                          
                                                       MRS=0.0420    AK= 2.79                   
                                                       AL1=0.387     AL2=0.0659                 
                                                       AL3=0.0352    AM= 0.111                  
                                                       AN+=0.0312                               
           I.C.E. + GAMMA   4   6.73E-04   1.111E-01   E1 MULTIPOLE                             
+                                                                    AK= 0.215                  
                                                       AL1=0.0230    AL2=0.00570                
                                                       AL3=0.00649   AM= 0.00789                
                                                       AN+=0.00217                              
           I.C.E. + GAMMA   5   4.92E-04   1.226E-01   M1+E2 MULTIPOLE                          
                                                       MRS=0.0484    AK= 1.59                   
                                                       AL1=0.220     AL2=0.0338                 
                                                       AL3=0.0159    AM= 0.0612                 
                                                       AN+=0.0172                               
           I.C.E. + GAMMA   6   3.16E-02   1.714E-01   E1+M2 MULTIPOLE                          
                                                       MRS=0.000676  AK= 0.0718                 
                                                       AL1=0.00825   AL2=0.00148                
                                                       AL3=0.00158   AM= 0.00254                
           I.C.E. + GAMMA   7   1.91E-02   1.794E-01   E2 MULTIPOLE                             
+                                                                    AK= 0.224                  
                                                       AL1=0.0240    AL2=0.0585                 
                                                       AL3=0.0450    AM= 0.0311                 
                                                       AN+=0.00833                              
           I.C.E. + GAMMA   8   6.36E-06   2.088E-01   UNPLACED GAMMA                           
           I.C.E. + GAMMA   9   1.51E-04   2.232E-01   E2 MULTIPOLE                             
+                                                                    AK= 0.121                  
                                                       AL1=0.0137    AL2=0.0225                 
                                                       AL3=0.0158    AM= 0.0125                 
                                                       AN+=0.00337                              
           I.C.E. + GAMMA  10   1.46E-03   2.232E-01   E1 MULTIPOLE                             
+                                                                    AK= 0.0353                 
                                                       AL1=0.00408   AM= 0.00119                
           I.C.E. + GAMMA  11   5.79E-03   2.336E-01   E1+M2 MULTIPOLE                          
                                                       MRS=0.00640   AK= 0.0388                 
                                                       AL1=0.00497   AM= 0.00143                
           I.C.E. + GAMMA  12   2.17E-01   2.721E-01   E1 MULTIPOLE                             
+                                                                    AK= 0.0214                 
                                                       AL1=0.00252                              
           I.C.E. + GAMMA  13   6.25E-03   2.854E-01   E1+M2 MULTIPOLE                          
                                                       MRS=0.000676  AK= 0.0195                 
                                                       AL1=0.00232                              
           I.C.E. + GAMMA  14   5.30E-06   3.194E-01   UNPLACED GAMMA                           
           I.C.E. + GAMMA  15   5.81E-05   3.343E-01   E2 MULTIPOLE                             
+                                                                    AK= 0.0395                 
                                                       AL1=0.00477   AL2=0.00404                
                                                       AL3=0.00240   AM= 0.00266                
           I.C.E. + GAMMA  16   1.11E-03   3.343E-01   E1+M2 MULTIPOLE                          
                                                       MRS=0.00706   AK= 0.0155                 
                                                       AL1=0.00197                              
           I.C.E. + GAMMA  17   3.06E-03   3.508E-01   E1+M2 MULTIPOLE                          
                                                       MRS=0.00810   AK= 0.0140                 
                                                       AL1=0.00180                              
           I.C.E. + GAMMA  18   2.10E-06   4.129E-01   M2 MULTIPOLE                             
+                                                                    AK= 0.192                  
                                                       AL1=0.0305    AL2=0.00350                
                                                       AL3=0.00130   AM= 0.00811                
                                                       AN+=0.00230                              
           I.C.E. + GAMMA  19   4.24E-06   4.421E-01   UNPLACED GAMMA                           
           I.C.E. + GAMMA  20   1.47E-03   4.568E-01   M1+E2 MULTIPOLE                          
                                                       MRS=0.422     AK= 0.0369                 
                                                       AL1=0.00500   AM= 0.00133                
           I.C.E. + GAMMA  21   6.36E-06   5.432E-01   UNPLACED GAMMA                           
           I.C.E. + GAMMA  22   5.29E-03   5.575E-01   M1+E2 MULTIPOLE                          
                                                       MRS=3.28      AK= 0.0147                 
                                                       AL1=0.00193                              
           I.C.E. + GAMMA  23   1.70E-06   6.218E-01   UNPLACED GAMMA                           
           I.C.E. + GAMMA  24   1.48E-02   6.361E-01   M1+E2 MULTIPOLE                          
                                                       MRS=0.292     AK= 0.0168                 
                                                       AL1=0.00227                              
 
           - - - - - - - - - -
           Reference: Evaluated Nuclear Structure Data File (ENSDF)
                DATE DATA WERE ENTERED INTO ENSDF: Sep-1995
%%%% 173 LU  71    EC           4.32339E+07 1.37 Y     02-11-2005       INPUEND 
%%%% 173 LU  71    EC           4.32339E+07 1.37 Y     02-11-2005       OUTPSTAR
1                                      **OUTPUT DATA**
              173-LUTETIUM-71
+                                    HALFLIFE = 1.37 YEARS   
+                                                                  02-11-2005

            MODE OF DECAY: ELECTRON CAPTURE
 
                                              MEAN
                                              NUMBER/                  MEV/
                                         ID   TRANSFOR-   ENERGY       TRANSFOR-
                  TYPE OF RADIATION      NO.  MATION      (MEV)        MATION

           L1 CONV. ELECTRON, GAMMA-RAY   1   2.54E-03    5.172E-02    1.31E-04
           L2 CONV. ELECTRON, GAMMA-RAY   1   1.23E-03    5.218E-02    6.40E-05
           L3 CONV. ELECTRON, GAMMA-RAY   1   1.11E-03    5.324E-02    5.91E-05
           M CONV. ELECTRON, GAMMA-RAY    1   1.14E-03    6.023E-02*   6.89E-05
           GAMMA-RAY                      2   1.19E-01    7.863E-02    9.33E-03
           K CONV. ELECTRON, GAMMA-RAY    2   6.72E-01    1.719E-02    1.15E-02
           L1 CONV. ELECTRON, GAMMA-RAY   2   9.34E-02    6.818E-02    6.37E-03
           L2 CONV. ELECTRON, GAMMA-RAY   2   2.26E-02    6.864E-02    1.55E-03
           L3 CONV. ELECTRON, GAMMA-RAY   2   1.58E-02    6.970E-02    1.10E-03
           M CONV. ELECTRON, GAMMA-RAY    2   3.03E-02    7.669E-02*   2.32E-03
           N+ CONV. ELECTRON, GAMMA-RAY   2   8.44E-03    7.863E-02*   6.64E-04
           GAMMA-RAY                      3   5.24E-02    1.007E-01    5.27E-03
           K CONV. ELECTRON, GAMMA-RAY    3   1.46E-01    3.928E-02    5.75E-03
           L1 CONV. ELECTRON, GAMMA-RAY   3   2.03E-02    9.027E-02    1.83E-03
           L2 CONV. ELECTRON, GAMMA-RAY   3   3.45E-03    9.073E-02    3.13E-04
           L3 CONV. ELECTRON, GAMMA-RAY   3   1.84E-03    9.179E-02    1.69E-04
           M CONV. ELECTRON, GAMMA-RAY    3   5.82E-03    9.879E-02*   5.75E-04
           N+ CONV. ELECTRON, GAMMA-RAY   3   1.64E-03    1.007E-01*   1.65E-04
           GAMMA-RAY                      6   2.90E-02    1.714E-01    4.98E-03
           K CONV. ELECTRON, GAMMA-RAY    6   2.08E-03    1.100E-01    2.29E-04
           GAMMA-RAY                      7   1.38E-02    1.794E-01    2.47E-03
           K CONV. ELECTRON, GAMMA-RAY    7   3.08E-03    1.179E-01    3.64E-04
           L1 CONV. ELECTRON, GAMMA-RAY   7   3.30E-04    1.689E-01    5.58E-05
           L2 CONV. ELECTRON, GAMMA-RAY   7   8.05E-04    1.694E-01    1.36E-04
           L3 CONV. ELECTRON, GAMMA-RAY   7   6.19E-04    1.704E-01    1.05E-04
           M CONV. ELECTRON, GAMMA-RAY    7   4.28E-04    1.774E-01*   7.59E-05
           GAMMA-RAY                     10   1.40E-03    2.232E-01    3.12E-04
           GAMMA-RAY                     11   5.53E-03    2.336E-01    1.29E-03
           GAMMA-RAY                     12   2.12E-01    2.721E-01    5.77E-02
           K CONV. ELECTRON, GAMMA-RAY   12   4.54E-03    2.107E-01    9.57E-04
           L1 CONV. ELECTRON, GAMMA-RAY  12   5.35E-04    2.617E-01    1.40E-04
           GAMMA-RAY                     13   6.11E-03    2.854E-01    1.74E-03
           GAMMA-RAY                     16   1.09E-03    3.343E-01    3.64E-04
           GAMMA-RAY                     17   3.01E-03    3.508E-01    1.06E-03
           GAMMA-RAY                     20   1.41E-03    4.568E-01    6.42E-04
           GAMMA-RAY                     22   5.19E-03    5.575E-01    2.90E-03
           GAMMA-RAY                     24   1.45E-02    6.361E-01    9.24E-03
           K CONV. ELECTRON, GAMMA-RAY   24   2.44E-04    5.747E-01    1.40E-04
           K -L2 X-RAY                        4.43E-01    5.145E-02    2.28E-02
           K -L3 X-RAY                        7.80E-01    5.251E-02    4.10E-02
           K -M2 X-RAY                        8.23E-02    5.928E-02    4.88E-03
           K -M3 X-RAY                        1.59E-01    5.951E-02    9.46E-03
           K -N2 X-RAY                        1.83E-02    6.105E-02    1.12E-03
           K -N3 X-RAY                        3.54E-02    6.111E-02    2.16E-03
           K -O2 X-RAY                        4.11E-03    6.140E-02    2.53E-04
           K -O3 X-RAY                        8.53E-03    6.141E-02    5.24E-04
           L2-M4 X-RAY                        1.13E-01    8.415E-03    9.48E-04
           L2-N4 X-RAY                        2.01E-02    9.799E-03    1.97E-04
           L3-M5 X-RAY                        1.77E-01    7.405E-03    1.31E-03
           L3-N5 X-RAY                        3.02E-02    8.749E-03    2.64E-04
           AUGER KLL                          5.35E-02    4.196E-02*   2.24E-03
           AUGER KLX                          2.73E-02    4.995E-02*   1.36E-03
           AUGER KXY                          3.36E-03    5.795E-02*   1.95E-04
           CK LLX                             1.94E-01    8.863E-04*   1.72E-04
           AUGER LMM                          9.23E-01    5.809E-03*   5.36E-03
           AUGER LMX                          3.33E-01    7.301E-03*   2.43E-03
           AUGER LXY                          3.05E-02    8.824E-03*   2.69E-04
           CK MMX                             1.21E+00    2.612E-04*   3.17E-04
           AUGER MNN                          2.80E+00    1.257E-03*   3.52E-03
           AUGER MNX                          1.26E-01    1.429E-03*   1.81E-04
           CK NNX                             6.94E+00    1.548E-04*   1.07E-03
 
           ALL LISTED X-RAYS, GAMMA-RAYS AND ANNIHILATION RADIATION    1.82E-01
           ALL NEGLECTED X-RAYS, GAMMA-RAYS AND ANNIH. RADIATION**     1.26E-03
           ALL LISTED BETAS, INTERNAL CONVERSION AND AUGER ELECTRONS   5.20E-02
           ALL NEGLECTED BETAS, INT. CONVERSION AND AUGER ELECTRONS**  5.88E-04
           ALL LISTED RADIATIONS                                       2.34E-01
           ALL NEGLECTED RADIATIONS**                                  1.85E-03
 
           *  AVERAGE ENERGY (MEV)
           ** EACH NEGLECTED TRANSITION CONTRIBUTES LESS THAN  0.100%
              TO THE TOTAL MEV/TRANSFORMATION FOR THIS CATEGORY.
           TOTAL FEEDING OF GROUND STATE LEVEL IN 173-YTTERBIUM
             DAUGHTER IS 1.0000E+00 PER TRANSFORMATION OF 173-LUTETIUM.
             THIS DAUGHTER GROUND STATE IS STABLE.
           - - - - - - - - - -
           INPUT DATA SOURCE: EVALUATED NUCLEAR STRUCTURE DATA FILE (ENSDF)
             DATE INPUT DATA WERE ENTERED INTO ENSDF: Sep-1995
%%%% 173 LU  71    EC           4.32339E+07 1.37 Y     02-11-2005       OUTPEND 
%%%% 173 LU  71    EC           4.32339E+07 1.37 Y     02-11-2005       SEEISTAR
173.  LUTETIUM     71.  1.370E+00 YEARS    206 EC                   173.LU 71.   0
 1 1  1.67480E-01  6.21700E-02  6.21700E-02  0.00000E+00            173.LU 71.   1   1
 6 1  1.82681E+00  7.29002E-04  7.29002E-04  1.00000E+00            173.LU 71.   2   1
 6 5  2.53690E-01  5.17160E-02  5.17160E-02  1.00000E+00            173.LU 71.   3   5
 6 6  1.22682E-01  5.21774E-02  5.21774E-02  1.00000E+00            173.LU 71.   4   6
 6 7  1.11052E-01  5.32362E-02  5.32362E-02  1.00000E+00            173.LU 71.   5   7
 6 3  1.14329E-01  6.02348E-02  6.02348E-02  1.00000E+00            173.LU 71.   6   3
 6 4  3.13341E-02  6.21700E-02  6.21700E-02  1.00000E+00            173.LU 71.   7   4
 1 2  1.18720E+01  7.86300E-02  7.86300E-02  0.00000E+00            173.LU 71.   8   2
 6 1  6.71511E+01  1.71890E-02  1.71890E-02  2.00000E+00            173.LU 71.   9   1
 6 5  9.33927E+00  6.81760E-02  6.81760E-02  2.00000E+00            173.LU 71.  10   5
 6 6  2.26481E+00  6.86374E-02  6.86374E-02  2.00000E+00            173.LU 71.  11   6
 6 7  1.57899E+00  6.96962E-02  6.96962E-02  2.00000E+00            173.LU 71.  12   7
 6 3  3.02836E+00  7.66948E-02  7.66948E-02  2.00000E+00            173.LU 71.  13   3
 6 4  8.44293E-01  7.86300E-02  7.86300E-02  2.00000E+00            173.LU 71.  14   4
 1 3  5.23640E+00  1.00724E-01  1.00724E-01  0.00000E+00            173.LU 71.  15   3
 6 1  1.46320E+01  3.92830E-02  3.92830E-02  3.00000E+00            173.LU 71.  16   1
 6 5  2.02868E+00  9.02700E-02  9.02700E-02  3.00000E+00            173.LU 71.  17   5
 6 6  3.44954E-01  9.07314E-02  9.07314E-02  3.00000E+00            173.LU 71.  18   6
 6 7  1.84301E-01  9.17902E-02  9.17902E-02  3.00000E+00            173.LU 71.  19   7
 6 3  5.82488E-01  9.87888E-02  9.87888E-02  3.00000E+00            173.LU 71.  20   3
 6 4  1.63536E-01  1.00724E-01  1.00724E-01  3.00000E+00            173.LU 71.  21   4
 1 4  5.34240E-02  1.11109E-01  1.11109E-01  0.00000E+00            173.LU 71.  22   4
 6 1  1.15023E-02  4.96680E-02  4.96680E-02  4.00000E+00            173.LU 71.  23   1
 6 5  1.22794E-03  1.00655E-01  1.00655E-01  4.00000E+00            173.LU 71.  24   5
 6 6  3.04698E-04  1.01116E-01  1.01116E-01  4.00000E+00            173.LU 71.  25   6
 6 7  3.46863E-04  1.02175E-01  1.02175E-01  4.00000E+00            173.LU 71.  26   7
 6 3  4.21646E-04  1.09174E-01  1.09174E-01  4.00000E+00            173.LU 71.  27   3
 6 4  1.15664E-04  1.11109E-01  1.11109E-01  4.00000E+00            173.LU 71.  28   4
 1 5  1.67480E-02  1.22550E-01  1.22550E-01  0.00000E+00            173.LU 71.  29   5
 6 1  2.66671E-02  6.11090E-02  6.11090E-02  5.00000E+00            173.LU 71.  30   1
 6 5  3.68779E-03  1.12096E-01  1.12096E-01  5.00000E+00            173.LU 71.  31   5
 6 6  5.65562E-04  1.12557E-01  1.12557E-01  5.00000E+00            173.LU 71.  32   6
 6 7  2.65729E-04  1.13616E-01  1.13616E-01  5.00000E+00            173.LU 71.  33   7
 6 3  1.02571E-03  1.20615E-01  1.20615E-01  5.00000E+00            173.LU 71.  34   3
 6 4  2.88650E-04  1.22550E-01  1.22550E-01  5.00000E+00            173.LU 71.  35   4
 1 6  2.90440E+00  1.71393E-01  1.71393E-01  0.00000E+00            173.LU 71.  36   6
 6 1  2.08406E-01  1.09952E-01  1.09952E-01  6.00000E+00            173.LU 71.  37   1
 6 5  2.39701E-02  1.60939E-01  1.60939E-01  6.00000E+00            173.LU 71.  38   5
 6 6  4.30008E-03  1.61400E-01  1.61400E-01  6.00000E+00            173.LU 71.  39   6
 6 7  4.57611E-03  1.62459E-01  1.62459E-01  6.00000E+00            173.LU 71.  40   7
 6 3  7.38239E-03  1.69458E-01  1.69458E-01  6.00000E+00            173.LU 71.  41   3
 6 4  2.04460E-03  1.71393E-01  1.71393E-01  6.00000E+00            173.LU 71.  42   4
 1 7  1.37588E+00  1.79365E-01  1.79365E-01  0.00000E+00            173.LU 71.  43   7
 6 1  3.08492E-01  1.17924E-01  1.17924E-01  7.00000E+00            173.LU 71.  44   1
 6 5  3.30453E-02  1.68911E-01  1.68911E-01  7.00000E+00            173.LU 71.  45   5
 6 6  8.05383E-02  1.69372E-01  1.69372E-01  7.00000E+00            173.LU 71.  46   6
 6 7  6.18565E-02  1.70431E-01  1.70431E-01  7.00000E+00            173.LU 71.  47   7
 6 3  4.27726E-02  1.77430E-01  1.77430E-01  7.00000E+00            173.LU 71.  48   3
 6 4  1.14614E-02  1.79365E-01  1.79365E-01  7.00000E+00            173.LU 71.  49   4
 1 8  6.36000E-04  2.08780E-01  2.08780E-01  0.00000E+00            173.LU 71.  50   8
 1 9  1.27200E-02  2.23163E-01  2.23163E-01  0.00000E+00            173.LU 71.  51   9
 6 1  1.53930E-03  1.61722E-01  1.61722E-01  9.00000E+00            173.LU 71.  52   1
 6 5  1.74076E-04  2.12709E-01  2.12709E-01  9.00000E+00            173.LU 71.  53   5
 6 6  2.85718E-04  2.13170E-01  2.13170E-01  9.00000E+00            173.LU 71.  54   6
 6 7  2.00864E-04  2.14229E-01  2.14229E-01  9.00000E+00            173.LU 71.  55   7
 6 3  1.59353E-04  2.21228E-01  2.21228E-01  9.00000E+00            173.LU 71.  56   3
 6 4  4.29234E-05  2.23163E-01  2.23163E-01  9.00000E+00            173.LU 71.  57   4
 110  1.39920E-01  2.23163E-01  2.23163E-01  0.00000E+00            173.LU 71.  58  10
 6 1  4.93887E-03  1.61722E-01  1.61722E-01  1.00000E+01            173.LU 71.  59   1
 6 5  5.70219E-04  2.12709E-01  2.12709E-01  1.00000E+01            173.LU 71.  60   5
 6 6  8.68374E-05  2.13170E-01  2.13170E-01  1.00000E+01            173.LU 71.  61   6
 6 7  8.93473E-05  2.14229E-01  2.14229E-01  1.00000E+01            173.LU 71.  62   7
 6 3  1.66939E-04  2.21228E-01  2.21228E-01  1.00000E+01            173.LU 71.  63   3
 6 4  4.65013E-05  2.23163E-01  2.23163E-01  1.00000E+01            173.LU 71.  64   4
 111  5.53320E-01  2.33605E-01  2.33605E-01  0.00000E+00            173.LU 71.  65  11
 6 1  2.14844E-02  1.72164E-01  1.72164E-01  1.10000E+01            173.LU 71.  66   1
 6 5  2.74801E-03  2.23151E-01  2.23151E-01  1.10000E+01            173.LU 71.  67   5
 6 6  3.88613E-04  2.23612E-01  2.23612E-01  1.10000E+01            173.LU 71.  68   6
 6 7  3.68050E-04  2.24671E-01  2.24671E-01  1.10000E+01            173.LU 71.  69   7
 6 3  7.93021E-04  2.31670E-01  2.31670E-01  1.10000E+01            173.LU 71.  70   3
 6 4  2.22174E-04  2.33605E-01  2.33605E-01  1.10000E+01            173.LU 71.  71   4
 112  2.12000E+01  2.72105E-01  2.72105E-01  0.00000E+00            173.LU 71.  72  12
 6 1  4.54367E-01  2.10664E-01  2.10664E-01  1.20000E+01            173.LU 71.  73   1
 6 5  5.34961E-02  2.61651E-01  2.61651E-01  1.20000E+01            173.LU 71.  74   5
 6 6  7.10378E-03  2.62112E-01  2.62112E-01  1.20000E+01            173.LU 71.  75   6
 6 7  7.13059E-03  2.63171E-01  2.63171E-01  1.20000E+01            173.LU 71.  76   7
 6 3  1.51226E-02  2.70170E-01  2.70170E-01  1.20000E+01            173.LU 71.  77   3
 6 4  4.22269E-03  2.72105E-01  2.72105E-01  1.20000E+01            173.LU 71.  78   4
 113  6.10560E-01  2.85362E-01  2.85362E-01  0.00000E+00            173.LU 71.  79  13
 6 1  1.18790E-02  2.23921E-01  2.23921E-01  1.30000E+01            173.LU 71.  80   1
 6 5  1.41781E-03  2.74908E-01  2.74908E-01  1.30000E+01            173.LU 71.  81   5
 6 6  1.81907E-04  2.75369E-01  2.75369E-01  1.30000E+01            173.LU 71.  82   6
 6 7  1.79255E-04  2.76428E-01  2.76428E-01  1.30000E+01            173.LU 71.  83   7
 6 3  3.97536E-04  2.83427E-01  2.83427E-01  1.30000E+01            173.LU 71.  84   3
 6 4  1.11099E-04  2.85362E-01  2.85362E-01  1.30000E+01            173.LU 71.  85   4
 114  5.30000E-04  3.19400E-01  3.19400E-01  0.00000E+00            173.LU 71.  86  14
 115  5.51200E-03  3.34263E-01  3.34263E-01  0.00000E+00            173.LU 71.  87  15
 6 1  2.17509E-04  2.72822E-01  2.72822E-01  1.50000E+01            173.LU 71.  88   1
 6 5  2.63178E-05  3.23809E-01  3.23809E-01  1.50000E+01            173.LU 71.  89   5
 6 6  2.22617E-05  3.24270E-01  3.24270E-01  1.50000E+01            173.LU 71.  90   6
 6 7  1.32256E-05  3.25329E-01  3.25329E-01  1.50000E+01            173.LU 71.  91   7
 6 3  1.46431E-05  3.32328E-01  3.32328E-01  1.50000E+01            173.LU 71.  92   3
 6 4  3.99578E-06  3.34263E-01  3.34263E-01  1.50000E+01            173.LU 71.  93   4
 116  1.08968E-01  3.34321E-01  3.34321E-01  0.00000E+00            173.LU 71.  94  16
 6 1  1.68658E-03  2.72880E-01  2.72880E-01  1.60000E+01            173.LU 71.  95   1
 6 5  2.14647E-04  3.23867E-01  3.23867E-01  1.60000E+01            173.LU 71.  96   5
 6 6  2.49281E-05  3.24328E-01  3.24328E-01  1.60000E+01            173.LU 71.  97   6
 6 7  2.15773E-05  3.25387E-01  3.25387E-01  1.60000E+01            173.LU 71.  98   7
 6 3  5.86807E-05  3.32386E-01  3.32386E-01  1.60000E+01            173.LU 71.  99   3
 6 4  1.64673E-05  3.34321E-01  3.34321E-01  1.60000E+01            173.LU 71. 100   4
 117  3.01040E-01  3.50774E-01  3.50774E-01  0.00000E+00            173.LU 71. 101  17
 6 1  4.22818E-03  2.89333E-01  2.89333E-01  1.70000E+01            173.LU 71. 102   1
 6 5  5.41011E-04  3.40320E-01  3.40320E-01  1.70000E+01            173.LU 71. 103   5
 6 6  6.11383E-05  3.40781E-01  3.40781E-01  1.70000E+01            173.LU 71. 104   6
 6 7  5.16748E-05  3.41840E-01  3.41840E-01  1.70000E+01            173.LU 71. 105   7
 6 3  1.46904E-04  3.48839E-01  3.48839E-01  1.70000E+01            173.LU 71. 106   3
 6 4  4.12599E-05  3.50774E-01  3.50774E-01  1.70000E+01            173.LU 71. 107   4
 118  1.69600E-04  4.12900E-01  4.12900E-01  0.00000E+00            173.LU 71. 108  18
 6 1  3.25636E-05  3.51459E-01  3.51459E-01  1.80000E+01            173.LU 71. 109   1
 6 5  5.17202E-06  4.02446E-01  4.02446E-01  1.80000E+01            173.LU 71. 110   5
 6 6  5.93416E-07  4.02907E-01  4.02907E-01  1.80000E+01            173.LU 71. 111   6
 6 7  2.19677E-07  4.03966E-01  4.03966E-01  1.80000E+01            173.LU 71. 112   7
 6 3  1.37583E-06  4.10965E-01  4.10965E-01  1.80000E+01            173.LU 71. 113   3
 6 4  3.90446E-07  4.12900E-01  4.12900E-01  1.80000E+01            173.LU 71. 114   4
 119  4.24000E-04  4.42080E-01  4.42080E-01  0.00000E+00            173.LU 71. 115  19
 120  1.40556E-01  4.56790E-01  4.56790E-01  0.00000E+00            173.LU 71. 116  20
 6 1  5.19218E-03  3.95349E-01  3.95349E-01  2.00000E+01            173.LU 71. 117   1
 6 5  7.03410E-04  4.46336E-01  4.46336E-01  2.00000E+01            173.LU 71. 118   5
 6 6  9.07828E-05  4.46797E-01  4.46797E-01  2.00000E+01            173.LU 71. 119   6
 6 7  3.05952E-05  4.47856E-01  4.47856E-01  2.00000E+01            173.LU 71. 120   7
 6 3  1.86374E-04  4.54855E-01  4.54855E-01  2.00000E+01            173.LU 71. 121   3
 6 4  5.25380E-05  4.56790E-01  4.56790E-01  2.00000E+01            173.LU 71. 122   4
 121  6.36000E-04  5.43240E-01  5.43240E-01  0.00000E+00            173.LU 71. 123  21
 122  5.19400E-01  5.57497E-01  5.57497E-01  0.00000E+00            173.LU 71. 124  22
 6 1  7.62873E-03  4.96056E-01  4.96056E-01  2.20000E+01            173.LU 71. 125   1
 6 5  1.00302E-03  5.47043E-01  5.47043E-01  2.20000E+01            173.LU 71. 126   5
 6 6  2.39279E-04  5.47504E-01  5.47504E-01  2.20000E+01            173.LU 71. 127   6
 6 7  1.04853E-04  5.48563E-01  5.48563E-01  2.20000E+01            173.LU 71. 128   7
 6 3  3.07683E-04  5.55562E-01  5.55562E-01  2.20000E+01            173.LU 71. 129   3
 6 4  8.59516E-05  5.57497E-01  5.57497E-01  2.20000E+01            173.LU 71. 130   4
 123  1.69600E-04  6.21800E-01  6.21800E-01  0.00000E+00            173.LU 71. 131  23
 124  1.45220E+00  6.36110E-01  6.36110E-01  0.00000E+00            173.LU 71. 132  24
 6 1  2.44473E-02  5.74669E-01  5.74669E-01  2.40000E+01            173.LU 71. 133   1
 6 5  3.29693E-03  6.25656E-01  6.25656E-01  2.40000E+01            173.LU 71. 134   5
 6 6  2.96164E-04  6.26117E-01  6.26117E-01  2.40000E+01            173.LU 71. 135   6
 6 7  7.48064E-05  6.27176E-01  6.27176E-01  2.40000E+01            173.LU 71. 136   7
 6 3  8.24025E-04  6.34175E-01  6.34175E-01  2.40000E+01            173.LU 71. 137   3
 6 4  2.33338E-04  6.36110E-01  6.36110E-01  2.40000E+01            173.LU 71. 138   4
 2 1  4.42893E+01  5.14483E-02  5.14483E-02  0.00000E+00            173.LU 71. 139   1
 2 2  7.80474E+01  5.25072E-02  5.25072E-02  0.00000E+00            173.LU 71. 140   2
 2 3  8.22579E+00  5.92804E-02  5.92804E-02  0.00000E+00            173.LU 71. 141   3
 2 4  1.58945E+01  5.95058E-02  5.95058E-02  0.00000E+00            173.LU 71. 142   4
 2 5  1.56161E-01  5.98629E-02  5.98629E-02  0.00000E+00            173.LU 71. 143   5
 2 6  2.00597E-01  5.99125E-02  5.99125E-02  0.00000E+00            173.LU 71. 144   6
 2 7  1.82961E+00  6.10550E-02  6.10550E-02  0.00000E+00            173.LU 71. 145   7
 2 8  3.53890E+00  6.11060E-02  6.11060E-02  0.00000E+00            173.LU 71. 146   8
 2 9  3.59671E-02  6.12472E-02  6.12472E-02  0.00000E+00            173.LU 71. 147   9
 210  4.59524E-02  6.12567E-02  6.12567E-02  0.00000E+00            173.LU 71. 148  10
 211  4.11331E-01  6.14047E-02  6.14047E-02  0.00000E+00            173.LU 71. 149  11
 212  8.52684E-01  6.14110E-02  6.14110E-02  0.00000E+00            173.LU 71. 150  12
 221  4.39004E-04  4.61401E-04  4.61401E-04  0.00000E+00            173.LU 71. 151  21
 222  3.63421E-02  1.52020E-03  1.52020E-03  0.00000E+00            173.LU 71. 152  22
 223  7.37934E-01  8.29331E-03  8.29331E-03  0.00000E+00            173.LU 71. 153  23
 224  9.78075E-01  8.51880E-03  8.51880E-03  0.00000E+00            173.LU 71. 154  24
 225  1.90349E-02  8.87590E-03  8.87590E-03  0.00000E+00            173.LU 71. 155  25
 226  2.85079E-02  8.92550E-03  8.92550E-03  0.00000E+00            173.LU 71. 156  26
 227  1.77178E-01  1.00680E-02  1.00680E-02  0.00000E+00            173.LU 71. 157  27
 228  2.46201E-01  1.01191E-02  1.01191E-02  0.00000E+00            173.LU 71. 158  28
 229  2.59632E-03  1.02603E-02  1.02603E-02  0.00000E+00            173.LU 71. 159  29
 230  4.02688E-03  1.02696E-02  1.02696E-02  0.00000E+00            173.LU 71. 160  30
 231  2.31266E-02  1.04176E-02  1.04176E-02  0.00000E+00            173.LU 71. 161  31
 232  3.06814E-02  1.04240E-02  1.04240E-02  0.00000E+00            173.LU 71. 162  32
 241  9.25772E-05  1.05880E-03  1.05880E-03  0.00000E+00            173.LU 71. 163  41
 242  3.39259E-01  7.62453E-03  7.62453E-03  0.00000E+00            173.LU 71. 164  42
 243  8.96221E-03  8.05741E-03  8.05741E-03  0.00000E+00            173.LU 71. 165  43
 244  1.12721E+01  8.41451E-03  8.41451E-03  0.00000E+00            173.LU 71. 166  44
 245  7.60384E-02  9.52160E-03  9.52160E-03  0.00000E+00            173.LU 71. 167  45
 246  2.21069E-03  9.65769E-03  9.65769E-03  0.00000E+00            173.LU 71. 168  46
 247  2.00846E+00  9.79888E-03  9.79888E-03  0.00000E+00            173.LU 71. 169  47
 248  3.74700E-03  9.98149E-03  9.98149E-03  0.00000E+00            173.LU 71. 170  48
 249  1.39900E-02  9.93270E-03  9.93270E-03  0.00000E+00            173.LU 71. 171  49
 250  4.85634E-04  9.96258E-03  9.96258E-03  0.00000E+00            173.LU 71. 172  50
 261  1.25602E+00  6.56570E-03  6.56570E-03  0.00000E+00            173.LU 71. 173  61
 262  9.74929E-03  6.77310E-03  6.77310E-03  0.00000E+00            173.LU 71. 174  62
 263  8.86317E-03  6.99861E-03  6.99861E-03  0.00000E+00            173.LU 71. 175  63
 264  2.00575E+00  7.35570E-03  7.35570E-03  0.00000E+00            173.LU 71. 176  64
 265  1.77022E+01  7.40530E-03  7.40530E-03  0.00000E+00            173.LU 71. 177  65
 266  2.06006E-01  8.46278E-03  8.46278E-03  0.00000E+00            173.LU 71. 178  66
 267  1.86111E-03  8.54775E-03  8.54775E-03  0.00000E+00            173.LU 71. 179  67
 268  1.81227E-03  8.59888E-03  8.59888E-03  0.00000E+00            173.LU 71. 180  68
 269  3.37719E-01  8.74007E-03  8.74007E-03  0.00000E+00            173.LU 71. 181  69
 270  3.02212E+00  8.74938E-03  8.74938E-03  0.00000E+00            173.LU 71. 182  70
 271  1.08549E-03  8.92271E-03  8.92271E-03  0.00000E+00            173.LU 71. 183  71
 272  6.08149E-03  8.92412E-03  8.92412E-03  0.00000E+00            173.LU 71. 184  72
 273  4.04060E-02  8.87391E-03  8.87391E-03  0.00000E+00            173.LU 71. 185  73
 274  4.12782E-04  8.89738E-03  8.89738E-03  0.00000E+00            173.LU 71. 186  74
 275  3.69803E-04  8.90379E-03  8.90379E-03  0.00000E+00            173.LU 71. 187  75
 291  4.72999E+00  1.50151E-03  1.50151E-03  0.00000E+00            173.LU 71. 188  91
 292  1.12149E-01  2.00975E-04  2.00975E-04  0.00000E+00            173.LU 71. 189  92
 293  8.33634E-05  2.86526E-05  2.86526E-05  0.00000E+00            173.LU 71. 190  93
 294  1.91839E+03  8.63377E-06  8.63377E-06  0.00000E+00            173.LU 71. 191  94
 7 1  5.34508E+00  4.19611E-02  4.19611E-02  0.00000E+00            173.LU 71. 192   1
 7 2  2.73222E+00  4.99512E-02  4.99512E-02  0.00000E+00            173.LU 71. 193   2
 7 3  3.35704E-01  5.79518E-02  5.79518E-02  0.00000E+00            173.LU 71. 194   3
 7 4  1.94253E+01  8.86338E-04  8.86338E-04  0.00000E+00            173.LU 71. 195   4
 7 5  9.23271E+01  5.80912E-03  5.80912E-03  0.00000E+00            173.LU 71. 196   5
 7 6  3.32850E+01  7.30141E-03  7.30141E-03  0.00000E+00            173.LU 71. 197   6
 7 7  3.05298E+00  8.82424E-03  8.82424E-03  0.00000E+00            173.LU 71. 198   7
 7 8  1.21364E+02  2.61241E-04  2.61241E-04  0.00000E+00            173.LU 71. 199   8
 7 9  2.80351E+02  1.25656E-03  1.25656E-03  0.00000E+00            173.LU 71. 200   9
 710  1.26461E+01  1.42921E-03  1.42921E-03  0.00000E+00            173.LU 71. 201  10
 711  8.40785E-01  1.61899E-03  1.61899E-03  0.00000E+00            173.LU 71. 202  11
 712  6.93628E+02  1.54785E-04  1.54785E-04  0.00000E+00            173.LU 71. 203  12
 713  2.10114E+01  2.46730E-04  2.46730E-04  0.00000E+00            173.LU 71. 204  13
 714  1.67725E+02  9.42952E-06  9.42952E-06  0.00000E+00            173.LU 71. 205  14
 715  2.37759E+02  1.88617E-05  1.88617E-05  0.00000E+00            173.LU 71. 206  15
%%%% 173 LU  71    EC           4.32339E+07 1.37 Y     02-11-2005       SEEIEND 
 


   ***************************************************** 
   *                 Radiation Summary                 * 
   ***************************************************** 
 
  Energy released by
    Gamma-ray                       (MeV) =   9.75155E-02
    X-ray                           (MeV) =   8.57296E-02
    Free-bound X-ray                (MeV) =   1.65630E-04
    Annihilation photon             (MeV) =   0.00000E+00
    Beta+ particle                  (MeV) =   0.00000E+00
    Neutrino                        (MeV) =   4.36370E-01
    Beta- particle                  (MeV) =   0.00000E+00
    Neutrino-                       (MeV) =   0.00000E+00
    Internal conv. electron         (MeV) =   3.53419E-02
    Auger and CK electron           (MeV) =   1.72577E-02
    Alpha particle                  (MeV) =   0.00000E+00
    Recoil nucleus                  (MeV) =   0.00000E+00
  E-total (except unplaced radiat.) (MeV) =   6.72380E-01
  E-unplaced radiation              (MeV) =   9.40466E-06
  Q-value from ENSDF data           (MeV) =   6.70800E-01
  Ratio of E-total/Q-value          ( % ) =   1.00236E+02
  Ratio of E-unplaced radi./Q-value ( % ) =   1.40201E-03

 
  Total yield of
    Gamma-ray                             =   4.66707E-01
    X-ray                                 =   1.98980E+00
    Free-bound X-ray                      =   1.91839E+01
    Annihilation photon                   =   0.00000E+00
    Beta+ particle                        =   0.00000E+00
    Beta- particle                        =   0.00000E+00
    Internal conv. electron               =   1.06080E+00
    Auger and CK electron                 =   1.69183E+01
    Alpha particle                        =   0.00000E+00
  Yield of unplaced radiation             =   2.39560E-05


