%%%% 181 LU  71    B-           2.10000E+02   3.5 M    18-07-2007       BALASTAR
1 181   LU  71   3.5 M         B-         
1INTENSITY AND ENERGY BALANCE DATA

              181-LUTETIUM-71
+                                    HALFLIFE = 3.5 MINUTES 
+                                                                  18-07-2007


    LEVEL       INTENSITY   INTENSITY
    ENERGY      ENTERING    LEAVING     PERCENT
    (MEV)       LEVEL       LEVEL       ERROR

   0.0000E+00  1.0027E+02
   4.5820E-02  6.8509E+01  7.5888E+01  1.0220E+01  ********************
   9.8820E-02  5.0749E+01  5.0206E+01  1.0762E+00                      
   2.0440E-01  2.0861E+01  2.0563E+01  1.4417E+00                      
   2.5180E-01  3.3338E+01  3.2937E+01  1.2106E+00                      
   3.2940E-01  2.0219E+01  1.5900E+01  2.3915E+01  ********************
   4.4060E-01  4.9015E+00  3.7507E+00  2.6602E+01  ********************
   6.6390E-01  6.2478E+00  4.2811E+00  3.7359E+01  ********************
   9.0430E-01  6.8687E+01  7.0257E+01  2.2598E+00                      


 INTENSITY TO GROUND AND ISOMERIC STATE(S) OF DAUGHTER(S)=  1.003E+02
 TOTAL INTENSITY FROM PARENT=  1.000E+02
 PERCENT ERROR =  2.686E-01                      


 TOTAL INTENSITY FROM PARENT =  1.000E+02
 VALUE IS WITHIN   0.00E+00% OF 100                      


 TOTAL ENERGY AVAILABLE =  2.670E+00 MEV
 TOTAL ENERGY CONTENT OF ALL RADIATIONS =  2.653E+00 MEV
 PERCENT ERROR =  6.374E-01                      
%%%% 181 LU  71    B-           2.10000E+02   3.5 M    18-07-2007       BALAEND 
%%%% 181 LU  71    B-           2.10000E+02   3.5 M    18-07-2007       INPUSTAR
1                                      **INPUT DATA**
              181-LUTETIUM-71
+                                    HALFLIFE = 3.5 MINUTES 
+                                                                  18-07-2007

            MODE OF DECAY: BETA MINUS
 
                                MEAN
                                NUMBER/    TRANSITION
                TYPE OF    ID   TRANSFOR-  ENERGY
              TRANSITION   NO.  MATION     (MEV)       OTHER NUCLEAR PARAMETERS

               BETA MINUS   1   6.87E-01   1.766E+00*  FIRST FORBIDDEN                          
               BETA MINUS   2   1.11E-01   2.418E+00*  UNIQUE FIRST FORBIDDEN                   
               BETA MINUS   3   6.06E-02   2.466E+00*  FIRST FORBIDDEN                          
               BETA MINUS   4   1.41E-01   2.571E+00*  FIRST FORBIDDEN                          
           I.C.E. + GAMMA   1   7.59E-01   4.580E-02   M1+E2 MULTIPOLE                          
                                                       MRS=0.0361    AK= 0.0                    
                                                       AL1=4.65      AL2=1.80                   
                                                       AL3=1.61      AM= 1.90                   
                                                       AN+=0.534                                
           I.C.E. + GAMMA   2   3.35E-01   5.290E-02   M1+E2 MULTIPOLE                          
                                                       MRS=0.0625    AK= 0.0                    
                                                       AL1=2.98      AL2=1.44                   
                                                       AL3=1.31      AM= 1.36                   
                                                       AN+=0.380                                
           I.C.E. + GAMMA   3   1.67E-01   9.890E-02   E2 MULTIPOLE                             
+                                                                    AK= 0.969                  
                                                       AL1=0.0991    AL2=1.04                   
                                                       AL3=0.964     AM= 0.527                  
                                                       AN+=0.143                                
           I.C.E. + GAMMA   4   1.80E-01   1.057E-01   M1 MULTIPOLE                             
+                                                                    AK= 2.96                   
                                                       AL1=0.420     AL2=0.0373                 
                                                       AL3=0.00482   AM= 0.104                  
                                                       AN+=0.0304                               
           I.C.E. + GAMMA   5   1.05E-01   1.252E-01   M1 MULTIPOLE                             
+                                                                    AK= 1.82                   
                                                       AL1=0.259     AL2=0.0227                 
                                                       AL3=0.00290   AM= 0.0643                 
                                                       AN+=0.0187                               
           I.C.E. + GAMMA   6   5.89E-02   1.534E-01   M1 MULTIPOLE                             
+                                                                    AK= 1.02                   
                                                       AL1=0.145     AL2=0.0126                 
                                                       AL3=0.00158   AM= 0.0361                 
                                                       AN+=0.0105                               
           I.C.E. + GAMMA   7   2.52E-02   1.591E-01   E2 MULTIPOLE                             
+                                                                    AK= 0.312                  
                                                       AL1=0.0333    AL2=0.120                  
                                                       AL3=0.0939    AM= 0.0613                 
                                                       AN+=0.0167                               
           I.C.E. + GAMMA   8   2.47E-01   2.059E-01   M1 MULTIPOLE                             
+                                                                    AK= 0.451                  
                                                       AL1=0.0636    AL2=0.00535                
                                                       AM= 0.0158    AN+=0.00457                
           I.C.E. + GAMMA   9   6.25E-02   2.404E-01   M1 MULTIPOLE                             
+                                                                    AK= 0.294                  
                                                       AL1=0.0414    AL2=0.00343                
                                                       AM= 0.0103    AN+=0.00298                
           I.C.E. + GAMMA  10   2.31E-02   2.520E-01   M1 MULTIPOLE                             
+                                                                    AK= 0.258                  
                                                       AL1=0.0364    AL2=0.00299                
                                                       AM= 0.00905   AN+=0.00261                
           I.C.E. + GAMMA  11   5.37E-02   3.290E-01   E2 MULTIPOLE                             
+                                                                    AK= 0.0431                 
                                                       AL1=0.00532   AL2=0.00522                
                                                       AL3=0.00301   AM= 0.00326                
           I.C.E. + GAMMA  12   4.28E-02   3.344E-01   M1 MULTIPOLE                             
+                                                                    AK= 0.121                  
                                                       AL1=0.0169    AL2=0.00133                
                                                       AM= 0.00415   AN+=0.00121                
           I.C.E. + GAMMA  13   3.75E-02   3.417E-01   M1 MULTIPOLE                             
+                                                                    AK= 0.114                  
                                                       AL1=0.0159    AL2=0.00125                
                                                       AM= 0.00392   AN+=0.00114                
           I.C.E. + GAMMA  14   4.90E-02   4.635E-01   M1 MULTIPOLE                             
+                                                                    AK= 0.0510                 
                                                       AL1=0.00712   AM= 0.00173                
           I.C.E. + GAMMA  15   1.59E-01   5.748E-01   M1 MULTIPOLE                             
+                                                                    AK= 0.0293                 
                                                       AL1=0.00407                              
           I.C.E. + GAMMA  16   3.30E-02   5.900E-01   UNPLACED GAMMA                           
           I.C.E. + GAMMA  17   2.22E-01   6.524E-01   E2 MULTIPOLE                             
+                                                                    AK= 0.00825                
                                                       AL1=0.00108                              
           I.C.E. + GAMMA  18   4.27E-02   7.004E-01   M1 MULTIPOLE                             
+                                                                    AK= 0.0177                 
                                                       AL1=0.00246                              
           I.C.E. + GAMMA  19   8.93E-02   8.060E-01   M1 MULTIPOLE                             
+                                                                    AK= 0.0125                 
                                                       AL1=0.00173                              
           I.C.E. + GAMMA  20   7.74E-02   8.585E-01   E2 MULTIPOLE                             
+                                                                    AK= 0.00463                
 
           * ENDPOINT ENERGY (MEV)
           - - - - - - - - - -
           Reference: Evaluated Nuclear Structure Data File (ENSDF)
                DATE DATA WERE ENTERED INTO ENSDF: Jan-2006
%%%% 181 LU  71    B-           2.10000E+02   3.5 M    18-07-2007       INPUEND 
%%%% 181 LU  71    B-           2.10000E+02   3.5 M    18-07-2007       OUTPSTAR
1                                      **OUTPUT DATA**
              181-LUTETIUM-71
+                                    HALFLIFE = 3.5 MINUTES 
+                                                                  18-07-2007

            MODE OF DECAY: BETA MINUS
 
                                              MEAN
                                              NUMBER/                  MEV/
                                         ID   TRANSFOR-   ENERGY       TRANSFOR-
                  TYPE OF RADIATION      NO.  MATION      (MEV)        MATION

           BETA MINUS                     1   6.87E-01    6.497E-01*   4.46E-01
           BETA MINUS                     2   1.11E-01    9.130E-01*   1.01E-01
           BETA MINUS                     3   6.06E-02    9.541E-01*   5.78E-02
           BETA MINUS                     4   1.41E-01    1.001E+00*   1.42E-01
           GAMMA-RAY                      1   6.60E-02    4.580E-02    3.02E-03
           L1 CONV. ELECTRON, GAMMA-RAY   1   3.07E-01    3.455E-02    1.06E-02
           L2 CONV. ELECTRON, GAMMA-RAY   1   1.19E-01    3.504E-02    4.17E-03
           L3 CONV. ELECTRON, GAMMA-RAY   1   1.06E-01    3.624E-02    3.84E-03
           M CONV. ELECTRON, GAMMA-RAY    1   1.25E-01    4.370E-02*   5.48E-03
           N+ CONV. ELECTRON, GAMMA-RAY   1   3.53E-02    4.580E-02*   1.62E-03
           GAMMA-RAY                      2   3.96E-02    5.290E-02    2.09E-03
           L1 CONV. ELECTRON, GAMMA-RAY   2   1.18E-01    4.166E-02    4.91E-03
           L2 CONV. ELECTRON, GAMMA-RAY   2   5.69E-02    4.214E-02    2.40E-03
           L3 CONV. ELECTRON, GAMMA-RAY   2   5.18E-02    4.334E-02    2.25E-03
           M CONV. ELECTRON, GAMMA-RAY    2   5.37E-02    5.080E-02*   2.73E-03
           N+ CONV. ELECTRON, GAMMA-RAY   2   1.51E-02    5.290E-02*   7.97E-04
           GAMMA-RAY                      3   3.52E-02    9.890E-02    3.48E-03
           K CONV. ELECTRON, GAMMA-RAY    3   3.41E-02    3.342E-02    1.14E-03
           L1 CONV. ELECTRON, GAMMA-RAY   3   3.49E-03    8.766E-02    3.06E-04
           L2 CONV. ELECTRON, GAMMA-RAY   3   3.67E-02    8.814E-02    3.24E-03
           L3 CONV. ELECTRON, GAMMA-RAY   3   3.39E-02    8.934E-02    3.03E-03
           M CONV. ELECTRON, GAMMA-RAY    3   1.86E-02    9.680E-02*   1.80E-03
           N+ CONV. ELECTRON, GAMMA-RAY   3   5.03E-03    9.890E-02*   4.98E-04
           GAMMA-RAY                      4   3.96E-02    1.057E-01    4.19E-03
           K CONV. ELECTRON, GAMMA-RAY    4   1.17E-01    4.022E-02    4.71E-03
           L1 CONV. ELECTRON, GAMMA-RAY   4   1.66E-02    9.446E-02    1.57E-03
           L2 CONV. ELECTRON, GAMMA-RAY   4   1.48E-03    9.494E-02    1.40E-04
           M CONV. ELECTRON, GAMMA-RAY    4   4.13E-03    1.036E-01*   4.28E-04
           N+ CONV. ELECTRON, GAMMA-RAY   4   1.20E-03    1.057E-01*   1.27E-04
           GAMMA-RAY                      5   3.30E-02    1.252E-01    4.13E-03
           K CONV. ELECTRON, GAMMA-RAY    5   6.02E-02    5.972E-02    3.59E-03
           L1 CONV. ELECTRON, GAMMA-RAY   5   8.54E-03    1.140E-01    9.73E-04
           L2 CONV. ELECTRON, GAMMA-RAY   5   7.49E-04    1.144E-01    8.58E-05
           M CONV. ELECTRON, GAMMA-RAY    5   2.12E-03    1.231E-01*   2.61E-04
           GAMMA-RAY                      6   2.64E-02    1.534E-01    4.05E-03
           K CONV. ELECTRON, GAMMA-RAY    6   2.70E-02    8.792E-02    2.37E-03
           L1 CONV. ELECTRON, GAMMA-RAY   6   3.84E-03    1.422E-01    5.46E-04
           M CONV. ELECTRON, GAMMA-RAY    6   9.53E-04    1.513E-01*   1.44E-04
           GAMMA-RAY                      7   1.54E-02    1.591E-01    2.45E-03
           K CONV. ELECTRON, GAMMA-RAY    7   4.81E-03    9.362E-02    4.50E-04
           L2 CONV. ELECTRON, GAMMA-RAY   7   1.85E-03    1.483E-01    2.74E-04
           L3 CONV. ELECTRON, GAMMA-RAY   7   1.45E-03    1.495E-01    2.16E-04
           M CONV. ELECTRON, GAMMA-RAY    7   9.44E-04    1.570E-01*   1.48E-04
           GAMMA-RAY                      8   1.61E-01    2.059E-01    3.31E-02
           K CONV. ELECTRON, GAMMA-RAY    8   7.24E-02    1.404E-01    1.02E-02
           L1 CONV. ELECTRON, GAMMA-RAY   8   1.02E-02    1.947E-01    1.99E-03
           L2 CONV. ELECTRON, GAMMA-RAY   8   8.59E-04    1.951E-01    1.68E-04
           M CONV. ELECTRON, GAMMA-RAY    8   2.53E-03    2.038E-01*   5.16E-04
           N+ CONV. ELECTRON, GAMMA-RAY   8   7.34E-04    2.059E-01*   1.51E-04
           GAMMA-RAY                      9   4.62E-02    2.404E-01    1.11E-02
           K CONV. ELECTRON, GAMMA-RAY    9   1.36E-02    1.749E-01    2.37E-03
           L1 CONV. ELECTRON, GAMMA-RAY   9   1.91E-03    2.292E-01    4.39E-04
           M CONV. ELECTRON, GAMMA-RAY    9   4.76E-04    2.383E-01*   1.13E-04
           GAMMA-RAY                     10   1.76E-02    2.520E-01    4.44E-03
           K CONV. ELECTRON, GAMMA-RAY   10   4.55E-03    1.865E-01    8.48E-04
           L1 CONV. ELECTRON, GAMMA-RAY  10   6.41E-04    2.408E-01    1.54E-04
           GAMMA-RAY                     11   5.06E-02    3.290E-01    1.66E-02
           K CONV. ELECTRON, GAMMA-RAY   11   2.18E-03    2.635E-01    5.75E-04
           L1 CONV. ELECTRON, GAMMA-RAY  11   2.69E-04    3.178E-01    8.55E-05
           GAMMA-RAY                     12   3.74E-02    3.344E-01    1.25E-02
           K CONV. ELECTRON, GAMMA-RAY   12   4.52E-03    2.689E-01    1.22E-03
           L1 CONV. ELECTRON, GAMMA-RAY  12   6.31E-04    3.232E-01    2.04E-04
           GAMMA-RAY                     13   3.30E-02    3.417E-01    1.13E-02
           K CONV. ELECTRON, GAMMA-RAY   13   3.77E-03    2.762E-01    1.04E-03
           L1 CONV. ELECTRON, GAMMA-RAY  13   5.26E-04    3.305E-01    1.74E-04
           GAMMA-RAY                     14   4.62E-02    4.635E-01    2.14E-02
           K CONV. ELECTRON, GAMMA-RAY   14   2.36E-03    3.980E-01    9.37E-04
           L1 CONV. ELECTRON, GAMMA-RAY  14   3.29E-04    4.523E-01    1.49E-04
           GAMMA-RAY                     15   1.54E-01    5.748E-01    8.85E-02
           K CONV. ELECTRON, GAMMA-RAY   15   4.51E-03    5.093E-01    2.30E-03
           L1 CONV. ELECTRON, GAMMA-RAY  15   6.27E-04    5.636E-01    3.53E-04
           M CONV. ELECTRON, GAMMA-RAY   15   1.52E-04    5.727E-01*   8.71E-05
           GAMMA-RAY                     16   3.30E-02    5.900E-01    1.95E-02
           GAMMA-RAY                     17   2.20E-01    6.524E-01    1.44E-01
           K CONV. ELECTRON, GAMMA-RAY   17   1.82E-03    5.869E-01    1.07E-03
           L1 CONV. ELECTRON, GAMMA-RAY  17   2.38E-04    6.412E-01    1.53E-04
           GAMMA-RAY                     18   4.18E-02    7.004E-01    2.93E-02
           K CONV. ELECTRON, GAMMA-RAY   18   7.41E-04    6.349E-01    4.70E-04
           GAMMA-RAY                     19   8.80E-02    8.060E-01    7.09E-02
           K CONV. ELECTRON, GAMMA-RAY   19   1.10E-03    7.405E-01    8.13E-04
           L1 CONV. ELECTRON, GAMMA-RAY  19   1.52E-04    7.948E-01    1.21E-04
           GAMMA-RAY                     20   7.70E-02    8.585E-01    6.61E-02
           K CONV. ELECTRON, GAMMA-RAY   20   3.56E-04    7.930E-01    2.83E-04
           K -L2 X-RAY                        9.77E-02    5.472E-02    5.35E-03
           K -L3 X-RAY                        1.71E-01    5.592E-02    9.56E-03
           K -M2 X-RAY                        1.82E-02    6.312E-02    1.15E-03
           K -M3 X-RAY                        3.52E-02    6.338E-02    2.23E-03
           K -N2 X-RAY                        4.09E-03    6.505E-02    2.66E-04
           K -N3 X-RAY                        7.93E-03    6.511E-02    5.16E-04
           K -O2 X-RAY                        9.25E-04    6.544E-02    6.05E-05
           K -O3 X-RAY                        1.92E-03    6.544E-02    1.25E-04
           L1-M2 X-RAY                        1.16E-02    8.887E-03    1.03E-04
           L1-M3 X-RAY                        1.50E-02    9.146E-03    1.37E-04
           L2-M4 X-RAY                        8.29E-02    9.038E-03    7.49E-04
           L2-N4 X-RAY                        1.51E-02    1.054E-02    1.59E-04
           L3-M1 X-RAY                        8.61E-03    6.982E-03    6.01E-05
           L3-M4 X-RAY                        1.42E-02    7.833E-03    1.12E-04
           L3-M5 X-RAY                        1.26E-01    7.890E-03    9.92E-04
           L3-N5 X-RAY                        2.18E-02    9.344E-03    2.04E-04
           M X-RAY                            4.07E-02    1.639E-03*   6.67E-05
           Free-Bound X-RAY                   1.37E+01    1.935E-05*   2.66E-04
           AUGER KLL                          1.08E-02    4.453E-02*   4.83E-04
           AUGER KLX                          5.61E-03    5.310E-02*   2.98E-04
           CK LLX                             4.04E-01    5.280E-04*   2.13E-04
           AUGER LMM                          6.19E-01    6.222E-03*   3.85E-03
           AUGER LMX                          2.30E-01    7.850E-03*   1.81E-03
           AUGER LXY                          2.16E-02    9.513E-03*   2.06E-04
           CK MMX                             8.36E-01    3.068E-04*   2.57E-04
           AUGER MNN                          2.04E+00    1.364E-03*   2.78E-03
           AUGER MNX                          1.07E-01    1.544E-03*   1.66E-04
           CK NNX                             4.78E+00    1.597E-04*   7.63E-04
 
           ALL LISTED X-RAYS, GAMMA-RAYS AND ANNIHILATION RADIATION    5.74E-01
           ALL NEGLECTED X-RAYS, GAMMA-RAYS AND ANNIH. RADIATION**     2.32E-04
           ALL LISTED BETAS, INTERNAL CONVERSION AND AUGER ELECTRONS   8.50E-01
           ALL NEGLECTED BETAS, INT. CONVERSION AND AUGER ELECTRONS**  1.46E-03
           ALL LISTED RADIATIONS                                       1.42E+00
           ALL NEGLECTED RADIATIONS**                                  1.69E-03
 
           *  AVERAGE ENERGY (MEV)
           ** EACH NEGLECTED TRANSITION CONTRIBUTES LESS THAN  0.010%
              TO THE TOTAL MEV/TRANSFORMATION FOR THIS CATEGORY.
           TOTAL FEEDING OF GROUND STATE LEVEL IN 181-HAFNIUM
             DAUGHTER IS 1.0000E+00 PER TRANSFORMATION OF 181-LUTETIUM.
             DECAY OF THIS 42.39 DAYS HALFLIFE LEVEL WILL CONTRIBUTE TO DOSE.
           - - - - - - - - - -
           INPUT DATA SOURCE: EVALUATED NUCLEAR STRUCTURE DATA FILE (ENSDF)
             DATE INPUT DATA WERE ENTERED INTO ENSDF: Jan-2006
%%%% 181 LU  71    B-           2.10000E+02   3.5 M    18-07-2007       OUTPEND 
%%%% 181 LU  71    B-           2.10000E+02   3.5 M    18-07-2007       BETASTAR
1
              181-LUTETIUM-71
+                                    HALFLIFE = 3.5 MINUTES 
+                                                                  18-07-2007

            BETA SPECTRUM DATA FOR ALL DECAY BRANCHES

                      BETAS PER                BETAS PER                BETAS PER
            ENERGY    MEV            ENERGY    MEV            ENERGY    MEV
            (MEV)     PER DECAY      (MEV)     PER DECAY      (MEV)     PER DECAY

            0.00000   5.031E-01      0.00300   5.044E-01      0.10000   5.894E-01
            0.00010   5.031E-01      0.00320   5.045E-01      0.11000   5.981E-01
            0.00011   5.031E-01      0.00360   5.046E-01      0.12000   6.066E-01
            0.00012   5.031E-01      0.00400   5.048E-01      0.13000   6.150E-01
            0.00013   5.031E-01      0.00450   5.050E-01      0.14000   6.233E-01
            0.00014   5.031E-01      0.00500   5.052E-01      0.15000   6.314E-01
            0.00015   5.031E-01      0.00550   5.054E-01      0.16000   6.394E-01
            0.00016   5.032E-01      0.00600   5.056E-01      0.18000   6.549E-01
            0.00018   5.032E-01      0.00650   5.059E-01      0.20000   6.698E-01
            0.00020   5.032E-01      0.00700   5.061E-01      0.22000   6.840E-01
            0.00022   5.032E-01      0.00750   5.063E-01      0.24000   6.975E-01
            0.00024   5.032E-01      0.00800   5.065E-01      0.26000   7.103E-01
            0.00026   5.032E-01      0.00850   5.067E-01      0.28000   7.223E-01
            0.00028   5.032E-01      0.00900   5.069E-01      0.30000   7.336E-01
            0.00030   5.032E-01      0.01000   5.073E-01      0.32000   7.441E-01
            0.00032   5.032E-01      0.01100   5.077E-01      0.36000   7.626E-01
            0.00036   5.032E-01      0.01200   5.081E-01      0.40000   7.779E-01
            0.00040   5.033E-01      0.01300   5.085E-01      0.45000   7.923E-01
            0.00045   5.033E-01      0.01400   5.097E-01      0.50000   8.014E-01
            0.00050   5.033E-01      0.01500   5.107E-01      0.55000   8.053E-01
            0.00055   5.033E-01      0.01600   5.117E-01      0.60000   8.041E-01
            0.00060   5.033E-01      0.01800   5.136E-01      0.65000   7.978E-01
            0.00065   5.034E-01      0.02000   5.156E-01      0.70000   7.866E-01
            0.00070   5.034E-01      0.02200   5.176E-01      0.75000   7.708E-01
            0.00075   5.034E-01      0.02400   5.195E-01      0.80000   7.506E-01
            0.00080   5.034E-01      0.02600   5.215E-01      0.85000   7.262E-01
            0.00085   5.035E-01      0.02800   5.234E-01      0.90000   6.980E-01
            0.00090   5.035E-01      0.03000   5.253E-01      1.00000   6.317E-01
            0.00100   5.035E-01      0.03200   5.273E-01      1.10000   5.549E-01
            0.00110   5.036E-01      0.03600   5.311E-01      1.20000   4.713E-01
            0.00120   5.036E-01      0.04000   5.349E-01      1.30000   3.851E-01
            0.00130   5.036E-01      0.04500   5.396E-01      1.40000   3.009E-01
            0.00140   5.037E-01      0.05000   5.443E-01      1.50000   2.237E-01
            0.00150   5.037E-01      0.05500   5.490E-01      1.60000   1.590E-01
            0.00160   5.038E-01      0.06000   5.536E-01      1.80000   8.941E-02
            0.00180   5.039E-01      0.06500   5.582E-01      2.00000   5.420E-02
            0.00200   5.039E-01      0.07000   5.627E-01      2.20000   2.270E-02
            0.00220   5.040E-01      0.07500   5.673E-01      2.40000   3.333E-03
            0.00240   5.041E-01      0.08000   5.718E-01      2.57118   0.000E+00
            0.00260   5.042E-01      0.08500   5.762E-01
            0.00280   5.043E-01      0.09000   5.807E-01

            AVERAGE BETA ENERGY =   7.471E-01

            TOTAL BETAS PER DECAY FOR ALL BRANCHES =   1.000E+00
%%%% 181 LU  71    B-           2.10000E+02   3.5 M    18-07-2007       BETAEND 
%%%% 181 LU  71    B-           2.10000E+02   3.5 M    18-07-2007       SEEISTAR
181.  LUTETIUM     71.  3.500E+00 MINUTES  211 B-                   181.LU 71.   0
 5 1  6.86869E+01  6.49732E-01  1.76570E+00  0.00000E+00            181.LU 71.   1   1
 5 2  1.11111E+01  9.13048E-01  2.41820E+00  1.00000E+00            181.LU 71.   2   2
 5 3  6.06061E+00  9.54060E-01  2.46560E+00  0.00000E+00            181.LU 71.   3   3
 5 4  1.41414E+01  1.00069E+00  2.57118E+00  0.00000E+00            181.LU 71.   4   4
 1 1  6.60000E+00  4.58000E-02  4.58000E-02  0.00000E+00            181.LU 71.   5   1
 6 5  3.06952E+01  3.45550E-02  3.45550E-02  1.00000E+00            181.LU 71.   6   5
 6 6  1.19081E+01  3.50370E-02  3.50370E-02  1.00000E+00            181.LU 71.   7   6
 6 7  1.06086E+01  3.62417E-02  3.62417E-02  1.00000E+00            181.LU 71.   8   7
 6 3  1.25500E+01  4.37010E-02  4.37010E-02  1.00000E+00            181.LU 71.   9   3
 6 4  3.52630E+00  4.58000E-02  4.58000E-02  1.00000E+00            181.LU 71.  10   4
 1 2  3.96000E+00  5.29000E-02  5.29000E-02  0.00000E+00            181.LU 71.  11   2
 6 5  1.17926E+01  4.16550E-02  4.16550E-02  2.00000E+00            181.LU 71.  12   5
 6 6  5.68864E+00  4.21370E-02  4.21370E-02  2.00000E+00            181.LU 71.  13   6
 6 7  5.18144E+00  4.33417E-02  4.33417E-02  2.00000E+00            181.LU 71.  14   7
 6 3  5.36890E+00  5.08010E-02  5.08010E-02  2.00000E+00            181.LU 71.  15   3
 6 4  1.50606E+00  5.29000E-02  5.29000E-02  2.00000E+00            181.LU 71.  16   4
 1 3  3.52000E+00  9.89000E-02  9.89000E-02  0.00000E+00            181.LU 71.  17   3
 6 1  3.40979E+00  3.34180E-02  3.34180E-02  3.00000E+00            181.LU 71.  18   1
 6 5  3.48935E-01  8.76550E-02  8.76550E-02  3.00000E+00            181.LU 71.  19   5
 6 6  3.67499E+00  8.81370E-02  8.81370E-02  3.00000E+00            181.LU 71.  20   6
 6 7  3.39429E+00  8.93417E-02  8.93417E-02  3.00000E+00            181.LU 71.  21   7
 6 3  1.85679E+00  9.68010E-02  9.68010E-02  3.00000E+00            181.LU 71.  22   3
 6 4  5.03422E-01  9.89000E-02  9.89000E-02  3.00000E+00            181.LU 71.  23   4
 1 4  3.96000E+00  1.05700E-01  1.05700E-01  0.00000E+00            181.LU 71.  24   4
 6 1  1.17192E+01  4.02180E-02  4.02180E-02  4.00000E+00            181.LU 71.  25   1
 6 5  1.66164E+00  9.44550E-02  9.44550E-02  4.00000E+00            181.LU 71.  26   5
 6 6  1.47712E-01  9.49370E-02  9.49370E-02  4.00000E+00            181.LU 71.  27   6
 6 7  1.90710E-02  9.61417E-02  9.61417E-02  4.00000E+00            181.LU 71.  28   7
 6 3  4.13047E-01  1.03601E-01  1.03601E-01  4.00000E+00            181.LU 71.  29   3
 6 4  1.20229E-01  1.05700E-01  1.05700E-01  4.00000E+00            181.LU 71.  30   4
 1 5  3.30000E+00  1.25200E-01  1.25200E-01  0.00000E+00            181.LU 71.  31   5
 6 1  6.01986E+00  5.97180E-02  5.97180E-02  5.00000E+00            181.LU 71.  32   1
 6 5  8.54020E-01  1.13955E-01  1.13955E-01  5.00000E+00            181.LU 71.  33   5
 6 6  7.49387E-02  1.14437E-01  1.14437E-01  5.00000E+00            181.LU 71.  34   6
 6 7  9.56021E-03  1.15642E-01  1.15642E-01  5.00000E+00            181.LU 71.  35   7
 6 3  2.12310E-01  1.23101E-01  1.23101E-01  5.00000E+00            181.LU 71.  36   3
 6 4  6.15673E-02  1.25200E-01  1.25200E-01  5.00000E+00            181.LU 71.  37   4
 1 6  2.64000E+00  1.53400E-01  1.53400E-01  0.00000E+00            181.LU 71.  38   6
 6 1  2.70131E+00  8.79180E-02  8.79180E-02  6.00000E+00            181.LU 71.  39   1
 6 5  3.83957E-01  1.42155E-01  1.42155E-01  6.00000E+00            181.LU 71.  40   5
 6 6  3.31423E-02  1.42637E-01  1.42637E-01  6.00000E+00            181.LU 71.  41   6
 6 7  4.17417E-03  1.43842E-01  1.43842E-01  6.00000E+00            181.LU 71.  42   7
 6 3  9.52545E-02  1.51301E-01  1.51301E-01  6.00000E+00            181.LU 71.  43   3
 6 4  2.75885E-02  1.53400E-01  1.53400E-01  6.00000E+00            181.LU 71.  44   4
 1 7  1.54000E+00  1.59100E-01  1.59100E-01  0.00000E+00            181.LU 71.  45   7
 6 1  4.81131E-01  9.36180E-02  9.36180E-02  7.00000E+00            181.LU 71.  46   1
 6 5  5.12305E-02  1.47855E-01  1.47855E-01  7.00000E+00            181.LU 71.  47   5
 6 6  1.84565E-01  1.48337E-01  1.48337E-01  7.00000E+00            181.LU 71.  48   6
 6 7  1.44623E-01  1.49542E-01  1.49542E-01  7.00000E+00            181.LU 71.  49   7
 6 3  9.44188E-02  1.57001E-01  1.57001E-01  7.00000E+00            181.LU 71.  50   3
 6 4  2.57885E-02  1.59100E-01  1.59100E-01  7.00000E+00            181.LU 71.  51   4
 1 8  1.60600E+01  2.05900E-01  2.05900E-01  0.00000E+00            181.LU 71.  52   8
 6 1  7.24242E+00  1.40418E-01  1.40418E-01  8.00000E+00            181.LU 71.  53   1
 6 5  1.02067E+00  1.94655E-01  1.94655E-01  8.00000E+00            181.LU 71.  54   5
 6 6  8.59247E-02  1.95137E-01  1.95137E-01  8.00000E+00            181.LU 71.  55   6
 6 7  1.06477E-02  1.96342E-01  1.96342E-01  8.00000E+00            181.LU 71.  56   7
 6 3  2.53333E-01  2.03801E-01  2.03801E-01  8.00000E+00            181.LU 71.  57   3
 6 4  7.34077E-02  2.05900E-01  2.05900E-01  8.00000E+00            181.LU 71.  58   4
 1 9  4.62000E+00  2.40400E-01  2.40400E-01  0.00000E+00            181.LU 71.  59   9
 6 1  1.35727E+00  1.74918E-01  1.74918E-01  9.00000E+00            181.LU 71.  60   1
 6 5  1.91422E-01  2.29155E-01  2.29155E-01  9.00000E+00            181.LU 71.  61   5
 6 6  1.58263E-02  2.29637E-01  2.29637E-01  9.00000E+00            181.LU 71.  62   6
 6 7  1.94652E-03  2.30842E-01  2.30842E-01  9.00000E+00            181.LU 71.  63   7
 6 3  4.75940E-02  2.38301E-01  2.38301E-01  9.00000E+00            181.LU 71.  64   3
 6 4  1.37460E-02  2.40400E-01  2.40400E-01  9.00000E+00            181.LU 71.  65   4
 110  1.76000E+00  2.52000E-01  2.52000E-01  0.00000E+00            181.LU 71.  66  10
 6 1  4.54538E-01  1.86518E-01  1.86518E-01  1.00000E+01            181.LU 71.  67   1
 6 5  6.40798E-02  2.40755E-01  2.40755E-01  1.00000E+01            181.LU 71.  68   5
 6 6  5.26648E-03  2.41237E-01  2.41237E-01  1.00000E+01            181.LU 71.  69   6
 6 7  6.46384E-04  2.42442E-01  2.42442E-01  1.00000E+01            181.LU 71.  70   7
 6 3  1.59319E-02  2.49901E-01  2.49901E-01  1.00000E+01            181.LU 71.  71   3
 6 4  4.59922E-03  2.52000E-01  2.52000E-01  1.00000E+01            181.LU 71.  72   4
 111  5.06000E+00  3.29000E-01  3.29000E-01  0.00000E+00            181.LU 71.  73  11
 6 1  2.18220E-01  2.63518E-01  2.63518E-01  1.10000E+01            181.LU 71.  74   1
 6 5  2.69207E-02  3.17755E-01  3.17755E-01  1.10000E+01            181.LU 71.  75   5
 6 6  2.64338E-02  3.18237E-01  3.18237E-01  1.10000E+01            181.LU 71.  76   6
 6 7  1.52341E-02  3.19442E-01  3.19442E-01  1.10000E+01            181.LU 71.  77   7
 6 3  1.64891E-02  3.26901E-01  3.26901E-01  1.10000E+01            181.LU 71.  78   3
 6 4  4.59871E-03  3.29000E-01  3.29000E-01  1.10000E+01            181.LU 71.  79   4
 112  3.74000E+00  3.34400E-01  3.34400E-01  0.00000E+00            181.LU 71.  80  12
 6 1  4.52293E-01  2.68918E-01  2.68918E-01  1.20000E+01            181.LU 71.  81   1
 6 5  6.31270E-02  3.23155E-01  3.23155E-01  1.20000E+01            181.LU 71.  82   5
 6 6  4.97864E-03  3.23637E-01  3.23637E-01  1.20000E+01            181.LU 71.  83   6
 6 7  6.06315E-04  3.24842E-01  3.24842E-01  1.20000E+01            181.LU 71.  84   7
 6 3  1.55352E-02  3.32301E-01  3.32301E-01  1.20000E+01            181.LU 71.  85   3
 6 4  4.51941E-03  3.34400E-01  3.34400E-01  1.20000E+01            181.LU 71.  86   4
 113  3.30000E+00  3.41700E-01  3.41700E-01  0.00000E+00            181.LU 71.  87  13
 6 1  3.76781E-01  2.76218E-01  2.76218E-01  1.30000E+01            181.LU 71.  88   1
 6 5  5.25660E-02  3.30455E-01  3.30455E-01  1.30000E+01            181.LU 71.  89   5
 6 6  4.12956E-03  3.30937E-01  3.30937E-01  1.30000E+01            181.LU 71.  90   6
 6 7  5.02825E-04  3.32142E-01  3.32142E-01  1.30000E+01            181.LU 71.  91   7
 6 3  1.29268E-02  3.39601E-01  3.39601E-01  1.30000E+01            181.LU 71.  92   3
 6 4  3.76168E-03  3.41700E-01  3.41700E-01  1.30000E+01            181.LU 71.  93   4
 114  4.62000E+00  4.63500E-01  4.63500E-01  0.00000E+00            181.LU 71.  94  14
 6 1  2.35532E-01  3.98018E-01  3.98018E-01  1.40000E+01            181.LU 71.  95   1
 6 5  3.28833E-02  4.52255E-01  4.52255E-01  1.40000E+01            181.LU 71.  96   5
 6 6  2.41882E-03  4.52737E-01  4.52737E-01  1.40000E+01            181.LU 71.  97   6
 6 7  2.96721E-04  4.53942E-01  4.53942E-01  1.40000E+01            181.LU 71.  98   7
 6 3  8.01519E-03  4.61401E-01  4.61401E-01  1.40000E+01            181.LU 71.  99   3
 6 4  2.32944E-03  4.63500E-01  4.63500E-01  1.40000E+01            181.LU 71. 100   4
 115  1.54000E+01  5.74800E-01  5.74800E-01  0.00000E+00            181.LU 71. 101  15
 6 1  4.50717E-01  5.09318E-01  5.09318E-01  1.50000E+01            181.LU 71. 102   1
 6 5  6.27161E-02  5.63555E-01  5.63555E-01  1.50000E+01            181.LU 71. 103   5
 6 6  4.36761E-03  5.64037E-01  5.64037E-01  1.50000E+01            181.LU 71. 104   6
 6 7  5.46505E-04  5.65242E-01  5.65242E-01  1.50000E+01            181.LU 71. 105   7
 6 3  1.52158E-02  5.72701E-01  5.72701E-01  1.50000E+01            181.LU 71. 106   3
 6 4  4.41538E-03  5.74800E-01  5.74800E-01  1.50000E+01            181.LU 71. 107   4
 116  3.30000E+00  5.90000E-01  5.90000E-01  0.00000E+00            181.LU 71. 108  16
 117  2.20000E+01  6.52400E-01  6.52400E-01  0.00000E+00            181.LU 71. 109  17
 6 1  1.81508E-01  5.86918E-01  5.86918E-01  1.70000E+01            181.LU 71. 110   1
 6 5  2.38315E-02  6.41155E-01  6.41155E-01  1.70000E+01            181.LU 71. 111   5
 6 6  7.79605E-03  6.41637E-01  6.41637E-01  1.70000E+01            181.LU 71. 112   6
 6 7  3.38086E-03  6.42842E-01  6.42842E-01  1.70000E+01            181.LU 71. 113   7
 6 3  8.10903E-03  6.50301E-01  6.50301E-01  1.70000E+01            181.LU 71. 114   3
 6 4  2.30925E-03  6.52400E-01  6.52400E-01  1.70000E+01            181.LU 71. 115   4
 118  4.18000E+00  7.00400E-01  7.00400E-01  0.00000E+00            181.LU 71. 116  18
 6 1  7.41039E-02  6.34918E-01  6.34918E-01  1.80000E+01            181.LU 71. 117   1
 6 5  1.02782E-02  6.89155E-01  6.89155E-01  1.80000E+01            181.LU 71. 118   5
 6 6  6.76728E-04  6.89637E-01  6.89637E-01  1.80000E+01            181.LU 71. 119   6
 6 7  8.73638E-05  6.90842E-01  6.90842E-01  1.80000E+01            181.LU 71. 120   7
 6 3  2.48335E-03  6.98301E-01  6.98301E-01  1.80000E+01            181.LU 71. 121   3
 6 4  7.19554E-04  7.00400E-01  7.00400E-01  1.80000E+01            181.LU 71. 122   4
 119  8.80000E+00  8.06000E-01  8.06000E-01  0.00000E+00            181.LU 71. 123  19
 6 1  1.09724E-01  7.40518E-01  7.40518E-01  1.90000E+01            181.LU 71. 124   1
 6 5  1.51970E-02  7.94755E-01  7.94755E-01  1.90000E+01            181.LU 71. 125   5
 6 6  9.58541E-04  7.95237E-01  7.95237E-01  1.90000E+01            181.LU 71. 126   6
 6 7  1.27565E-04  7.96442E-01  7.96442E-01  1.90000E+01            181.LU 71. 127   7
 6 3  3.65932E-03  8.03901E-01  8.03901E-01  1.90000E+01            181.LU 71. 128   3
 6 4  1.05949E-03  8.06000E-01  8.06000E-01  1.90000E+01            181.LU 71. 129   4
 120  7.70000E+00  8.58500E-01  8.58500E-01  0.00000E+00            181.LU 71. 130  20
 6 1  3.56430E-02  7.93018E-01  7.93018E-01  2.00000E+01            181.LU 71. 131   1
 6 5  4.69340E-03  8.47255E-01  8.47255E-01  2.00000E+01            181.LU 71. 132   5
 6 6  1.01065E-03  8.47737E-01  8.47737E-01  2.00000E+01            181.LU 71. 133   6
 6 7  4.03233E-04  8.48942E-01  8.48942E-01  2.00000E+01            181.LU 71. 134   7
 6 3  1.39870E-03  8.56401E-01  8.56401E-01  2.00000E+01            181.LU 71. 135   3
 6 4  4.00188E-04  8.58500E-01  8.58500E-01  2.00000E+01            181.LU 71. 136   4
 2 1  9.77432E+00  5.47191E-02  5.47191E-02  0.00000E+00            181.LU 71. 137   1
 2 2  1.71013E+01  5.59237E-02  5.59237E-02  0.00000E+00            181.LU 71. 138   2
 2 3  1.82056E+00  6.31238E-02  6.31238E-02  0.00000E+00            181.LU 71. 139   3
 2 4  3.51875E+00  6.33831E-02  6.33831E-02  0.00000E+00            181.LU 71. 140   4
 2 5  3.69404E-02  6.37565E-02  6.37565E-02  0.00000E+00            181.LU 71. 141   5
 2 6  4.70210E-02  6.38133E-02  6.38133E-02  0.00000E+00            181.LU 71. 142   6
 2 7  4.09435E-01  6.50467E-02  6.50467E-02  0.00000E+00            181.LU 71. 143   7
 2 8  7.92586E-01  6.51064E-02  6.51064E-02  0.00000E+00            181.LU 71. 144   8
 2 9  8.70339E-03  6.52562E-02  6.52562E-02  0.00000E+00            181.LU 71. 145   9
 210  1.10239E-02  6.52671E-02  6.52671E-02  0.00000E+00            181.LU 71. 146  10
 211  9.25253E-02  6.54356E-02  6.54356E-02  0.00000E+00            181.LU 71. 147  11
 212  1.91710E-01  6.54439E-02  6.54439E-02  0.00000E+00            181.LU 71. 148  12
 213  9.63473E-05  6.54762E-02  6.54762E-02  0.00000E+00            181.LU 71. 149  13
 214  1.15432E-04  6.54766E-02  6.54766E-02  0.00000E+00            181.LU 71. 150  14
 221  6.30068E-04  4.82000E-04  4.82000E-04  0.00000E+00            181.LU 71. 151  21
 222  6.29730E-02  1.68670E-03  1.68670E-03  0.00000E+00            181.LU 71. 152  22
 223  1.16130E+00  8.88688E-03  8.88688E-03  0.00000E+00            181.LU 71. 153  23
 224  1.49718E+00  9.14599E-03  9.14599E-03  0.00000E+00            181.LU 71. 154  24
 225  3.17924E-02  9.51950E-03  9.51950E-03  0.00000E+00            181.LU 71. 155  25
 226  4.75898E-02  9.57630E-03  9.57630E-03  0.00000E+00            181.LU 71. 156  26
 227  2.81790E-01  1.08097E-02  1.08097E-02  0.00000E+00            181.LU 71. 157  27
 228  3.82747E-01  1.08692E-02  1.08692E-02  0.00000E+00            181.LU 71. 158  28
 229  4.41049E-03  1.10194E-02  1.10194E-02  0.00000E+00            181.LU 71. 159  29
 230  6.86346E-03  1.10303E-02  1.10303E-02  0.00000E+00            181.LU 71. 160  30
 231  4.03166E-02  1.11987E-02  1.11987E-02  0.00000E+00            181.LU 71. 161  31
 232  5.27853E-02  1.12069E-02  1.12069E-02  0.00000E+00            181.LU 71. 162  32
 233  4.51116E-05  1.12392E-02  1.12392E-02  0.00000E+00            181.LU 71. 163  33
 234  6.69632E-05  1.12398E-02  1.12398E-02  0.00000E+00            181.LU 71. 164  34
 241  8.70937E-05  1.20470E-03  1.20470E-03  0.00000E+00            181.LU 71. 165  41
 242  2.40775E-01  8.18700E-03  8.18700E-03  0.00000E+00            181.LU 71. 166  42
 243  6.90377E-03  8.66399E-03  8.66399E-03  0.00000E+00            181.LU 71. 167  43
 244  8.29223E+00  9.03751E-03  9.03751E-03  0.00000E+00            181.LU 71. 168  44
 245  5.56477E-02  1.02373E-02  1.02373E-02  0.00000E+00            181.LU 71. 169  45
 246  1.75890E-03  1.03872E-02  1.03872E-02  0.00000E+00            181.LU 71. 170  46
 247  1.50862E+00  1.05374E-02  1.05374E-02  0.00000E+00            181.LU 71. 171  47
 248  3.39372E-03  1.07357E-02  1.07357E-02  0.00000E+00            181.LU 71. 172  48
 249  1.04561E-02  1.06904E-02  1.06904E-02  0.00000E+00            181.LU 71. 173  49
 250  3.74842E-04  1.07249E-02  1.07249E-02  0.00000E+00            181.LU 71. 174  50
 251  1.61175E-02  1.07573E-02  1.07573E-02  0.00000E+00            181.LU 71. 175  51
 261  8.61102E-01  6.98230E-03  6.98230E-03  0.00000E+00            181.LU 71. 176  61
 262  7.02737E-03  7.20020E-03  7.20020E-03  0.00000E+00            181.LU 71. 177  62
 263  6.38998E-03  7.45930E-03  7.45930E-03  0.00000E+00            181.LU 71. 178  63
 264  1.42486E+00  7.83280E-03  7.83280E-03  0.00000E+00            181.LU 71. 179  64
 265  1.25735E+01  7.88958E-03  7.88958E-03  0.00000E+00            181.LU 71. 180  65
 266  1.51076E-01  9.03262E-03  9.03262E-03  0.00000E+00            181.LU 71. 181  66
 267  1.41658E-03  9.12304E-03  9.12304E-03  0.00000E+00            181.LU 71. 182  67
 268  1.38616E-03  9.18249E-03  9.18249E-03  0.00000E+00            181.LU 71. 183  68
 269  2.43932E-01  9.33271E-03  9.33271E-03  0.00000E+00            181.LU 71. 184  69
 270  2.18496E+00  9.34358E-03  9.34358E-03  0.00000E+00            181.LU 71. 185  70
 271  9.57676E-04  9.53105E-03  9.53105E-03  0.00000E+00            181.LU 71. 186  71
 272  5.37705E-03  9.53291E-03  9.53291E-03  0.00000E+00            181.LU 71. 187  72
 273  3.01244E-02  9.48574E-03  9.48574E-03  0.00000E+00            181.LU 71. 188  73
 274  3.07918E-04  9.51196E-03  9.51196E-03  0.00000E+00            181.LU 71. 189  74
 275  2.83048E-04  9.52020E-03  9.52020E-03  0.00000E+00            181.LU 71. 190  75
 276  2.58490E-03  9.55254E-03  9.55254E-03  0.00000E+00            181.LU 71. 191  76
 277  2.19861E-02  9.55311E-03  9.55311E-03  0.00000E+00            181.LU 71. 192  77
 291  4.06807E+00  1.63854E-03  1.63854E-03  0.00000E+00            181.LU 71. 193  91
 292  9.70797E-02  2.20682E-04  2.20682E-04  0.00000E+00            181.LU 71. 194  92
 293  9.91754E-05  3.31322E-05  3.31322E-05  0.00000E+00            181.LU 71. 195  93
 294  1.37473E+03  1.93452E-05  1.93452E-05  0.00000E+00            181.LU 71. 196  94
 7 1  1.08391E+00  4.45280E-02  4.45280E-02  0.00000E+00            181.LU 71. 197   1
 7 2  5.61141E-01  5.31026E-02  5.31026E-02  0.00000E+00            181.LU 71. 198   2
 7 3  6.98483E-02  6.16878E-02  6.16878E-02  0.00000E+00            181.LU 71. 199   3
 7 4  4.03776E+01  5.28017E-04  5.28017E-04  0.00000E+00            181.LU 71. 200   4
 7 5  6.18863E+01  6.22196E-03  6.22196E-03  0.00000E+00            181.LU 71. 201   5
 7 6  2.30214E+01  7.85045E-03  7.85045E-03  0.00000E+00            181.LU 71. 202   6
 7 7  2.16043E+00  9.51301E-03  9.51301E-03  0.00000E+00            181.LU 71. 203   7
 7 8  8.36214E+01  3.06793E-04  3.06793E-04  0.00000E+00            181.LU 71. 204   8
 7 9  2.04092E+02  1.36392E-03  1.36392E-03  0.00000E+00            181.LU 71. 205   9
 710  1.07407E+01  1.54421E-03  1.54421E-03  0.00000E+00            181.LU 71. 206  10
 711  6.65109E-01  1.76694E-03  1.76694E-03  0.00000E+00            181.LU 71. 207  11
 712  4.77565E+02  1.59702E-04  1.59702E-04  0.00000E+00            181.LU 71. 208  12
 713  1.54605E+01  2.87643E-04  2.87643E-04  0.00000E+00            181.LU 71. 209  13
 714  1.21431E+02  1.09046E-05  1.09046E-05  0.00000E+00            181.LU 71. 210  14
 715  1.70978E+02  2.44625E-05  2.44625E-05  0.00000E+00            181.LU 71. 211  15
%%%% 181 LU  71    B-           2.10000E+02   3.5 M    18-07-2007       SEEIEND 
 


   ***************************************************** 
   *                 Radiation Summary                 * 
   ***************************************************** 
 
  Energy released by
    Gamma-ray                       (MeV) =   5.32226E-01
    X-ray                           (MeV) =   2.20752E-02
    Free-bound X-ray                (MeV) =   2.65944E-04
    Annihilation photon             (MeV) =   0.00000E+00
    Beta+ particle                  (MeV) =   0.00000E+00
    Neutrino                        (MeV) =   0.00000E+00
    Beta- particle                  (MeV) =   7.47063E-01
    Neutrino-                       (MeV) =   1.24746E+00
    Internal conv. electron         (MeV) =   9.31063E-02
    Auger and CK electron           (MeV) =   1.09803E-02
    Alpha particle                  (MeV) =   0.00000E+00
    Recoil nucleus                  (MeV) =   0.00000E+00
  E-total (except unplaced radiat.) (MeV) =   2.65318E+00
  E-unplaced radiation              (MeV) =   1.94700E-02
  Q-value from ENSDF data           (MeV) =   2.67000E+00
  Ratio of E-total/Q-value          ( % ) =   9.93699E+01
  Ratio of E-unplaced radi./Q-value ( % ) =   7.29213E-01

 
  Total yield of
    Gamma-ray                             =   1.22760E+00
    X-ray                                 =   6.91945E-01
    Free-bound X-ray                      =   1.37473E+01
    Annihilation photon                   =   0.00000E+00
    Beta+ particle                        =   0.00000E+00
    Beta- particle                        =   1.00000E+00
    Internal conv. electron               =   1.51022E+00
    Auger and CK electron                 =   1.21371E+01
    Alpha particle                        =   0.00000E+00
  Yield of unplaced radiation             =   3.30000E-02


