%%%%  90 MO  42    EC B+        2.00160E+04 5.56 H     02-11-2005       BALASTAR
1  90   MO  42 5.56 H          EC B+      
1INTENSITY AND ENERGY BALANCE DATA

              90-MOLYBDENUM-42
+                                    HALFLIFE = 5.56 HOURS   
+                                                                  02-11-2005


    LEVEL       INTENSITY   INTENSITY
    ENERGY      ENTERING    LEAVING     PERCENT
    (MEV)       LEVEL       LEVEL       ERROR

   0.0000E+00  1.0064E+02
   1.2237E-01  9.9641E+01  1.0064E+02  9.9399E-01                      
   1.2470E-01  9.2895E+01  9.3240E+01  3.7017E-01                      
   2.8530E-01  9.5633E+00  6.4007E+00  3.9621E+01  ********************
   3.2800E-01  6.3728E+00  9.5633E+00  4.0041E+01  ********************
   3.8200E-01  9.3883E+01  9.2895E+01  1.0573E+00                      
   6.5120E-01  6.6336E+00  6.3728E+00  4.0098E+00                      
   8.2260E-01  6.9991E-01  9.3706E-01  2.8975E+01  ********************
   8.2740E-01  5.7547E+00  6.0121E+00  4.3738E+00                      
   8.5432E-01  7.7374E+00  8.0615E+00  4.1035E+00                      
   1.3441E+00  7.3823E-01  7.3322E-01  6.8143E-01                      
   1.7691E+00  8.6013E+00  8.4463E+00  1.8175E+00                      
   1.8448E+00  1.7305E+00  1.7182E+00  7.1212E-01                      
   2.1256E+00  4.1982E+00  4.1200E+00  1.8809E+00                      
   2.3090E+00  2.1503E+00  2.0986E+00  2.4328E+00                      


 INTENSITY TO GROUND AND ISOMERIC STATE(S) OF DAUGHTER(S)=  1.006E+02
 TOTAL INTENSITY FROM PARENT=  1.000E+02
 PERCENT ERROR =  6.321E-01                      


 TOTAL INTENSITY FROM PARENT =  1.000E+02
 VALUE IS WITHIN   1.53E-05% OF 100                      


 TOTAL ENERGY AVAILABLE =  2.489E+00 MEV
 TOTAL ENERGY CONTENT OF ALL RADIATIONS =  2.488E+00 MEV
 PERCENT ERROR =  5.713E-02                      
%%%%  90 MO  42    EC B+        2.00160E+04 5.56 H     02-11-2005       BALAEND 
%%%%  90 MO  42    EC B+        2.00160E+04 5.56 H     02-11-2005       INPUSTAR
1                                      **INPUT DATA**
              90-MOLYBDENUM-42
+                                    HALFLIFE = 5.56 HOURS   
+                                                                  02-11-2005

            MODES OF DECAY: ELECTRON CAPTURE, BETA PLUS
 
                                MEAN
                                NUMBER/    TRANSITION
                TYPE OF    ID   TRANSFOR-  ENERGY
              TRANSITION   NO.  MATION     (MEV)       OTHER NUCLEAR PARAMETERS

           ELECT. CAPTURE   1   2.15E-02   1.800E-01   ALLOWED                                  
           ELECT. CAPTURE   2   4.20E-02   3.634E-01   ALLOWED                                  
           ELECT. CAPTURE   3   1.73E-02   6.442E-01   ALLOWED                                  
           ELECT. CAPTURE   4   8.60E-02   7.199E-01   ALLOWED                                  
           ELECT. CAPTURE   5   3.79E-03   1.145E+00   ALLOWED                                  
           ELECT. CAPTURE   6   5.73E-01   2.107E+00   ALLOWED                                  
                BETA PLUS   1   2.56E-01   1.085E+00*  ALLOWED                                  
           I.C.E. + GAMMA   1   9.32E-01   2.300E-03   M2+E3 MULTIPOLE                          
                                                       AK= 0.0       AL1=0.0                    
                                                       AL2=0.0       AL3=0.0                    
                                                       AM= 1.60E+06  AN+=2.64E+05               
           I.C.E. + GAMMA   2   9.56E-02   4.270E-02   M1+E2 MULTIPOLE                          
                                                       MRS=0.0324    AK= 2.78                   
                                                       AL1=0.292     AL2=0.0948                 
                                                       AL3=0.123     AM= 0.0921                 
                                                       AN+=0.0150                               
           I.C.E. + GAMMA   3   1.01E+00   1.224E-01   E2 MULTIPOLE                             
+                                                                    AK= 0.466                  
                                                       AL1=0.0438    AL2=0.0153                 
                                                       AL3=0.0192    AM= 0.0141                 
                                                       AN+=0.00228                              
           I.C.E. + GAMMA   4   6.40E-02   1.629E-01   M1+E2 MULTIPOLE                          
                                                       MRS=0.0576    AK= 0.0609                 
                                                       AL1=0.00657   AM= 0.00132                
           I.C.E. + GAMMA   5   6.63E-02   2.031E-01   M1+E2 MULTIPOLE                          
                                                       MRS=0.130     AK= 0.0359                 
                                                       AL1=0.00384                              
           I.C.E. + GAMMA   6   9.29E-01   2.573E-01   E3+M4 MULTIPOLE                          
                                                       MRS=0.0144    AK= 0.160                  
                                                       AL1=0.0167    AL2=0.00675                
                                                       AL3=0.00606   AM= 0.00537                
           I.C.E. + GAMMA   7   6.37E-02   3.232E-01   M1+E2 MULTIPOLE                          
                                                       MRS=0.360     AK= 0.0110                 
                                                       AL1=0.00117                              
           I.C.E. + GAMMA   8   2.49E-03   4.210E-01   UNPLACED GAMMA                           
           I.C.E. + GAMMA   9   3.59E-03   4.251E-01   M1 MULTIPOLE                             
+                                                                    AK= 0.00479                
           I.C.E. + GAMMA  10   9.37E-03   4.405E-01   M1 MULTIPOLE ASSUMED                     
                                                       AK= 0.00440                              
           I.C.E. + GAMMA  11   6.01E-02   4.454E-01   M1 MULTIPOLE ASSUMED                     
                                                       AK= 0.00429                              
           I.C.E. + GAMMA  12   1.43E-02   4.722E-01   M1+E2 MULTIPOLE                          
                                                       AK= 0.00373                              
           I.C.E. + GAMMA  13   7.33E-03   4.898E-01   M1+E2 MULTIPOLE                          
                                                       AK= 0.00342                              
           I.C.E. + GAMMA  14   1.55E-03   5.177E-01   UNPLACED GAMMA                           
           I.C.E. + GAMMA  15   5.52E-02   9.415E-01   M1 MULTIPOLE ASSUMED                     
           I.C.E. + GAMMA  16   7.00E-03   9.464E-01   M1 MULTIPOLE ASSUMED                     
           I.C.E. + GAMMA  17   1.40E-03   9.873E-01   UNPLACED GAMMA                           
           I.C.E. + GAMMA  18   1.02E-02   9.902E-01   M1+E2 MULTIPOLE                          
           I.C.E. + GAMMA  19   4.12E-02   1.271E+00   M1+E2 MULTIPOLE                          
           I.C.E. + GAMMA  20   1.87E-02   1.387E+00   M1+E2 MULTIPOLE                          
           I.C.E. + GAMMA  21   4.66E-04   1.446E+00   UNPLACED GAMMA                           
           I.C.E. + GAMMA  22   1.87E-02   1.455E+00   M1 MULTIPOLE                             
           I.C.E. + GAMMA  23   7.00E-03   1.464E+00   M1 MULTIPOLE                             
           I.C.E. + GAMMA  24   2.33E-03   1.482E+00   M1 MULTIPOLE ASSUMED                     
 
           * ENDPOINT ENERGY (MEV)
           - - - - - - - - - -
           Reference: Evaluated Nuclear Structure Data File (ENSDF)
                DATE DATA WERE ENTERED INTO ENSDF: Jan-1998
%%%%  90 MO  42    EC B+        2.00160E+04 5.56 H     02-11-2005       INPUEND 
%%%%  90 MO  42    EC B+        2.00160E+04 5.56 H     02-11-2005       OUTPSTAR
1                                      **OUTPUT DATA**
              90-MOLYBDENUM-42
+                                    HALFLIFE = 5.56 HOURS   
+                                                                  02-11-2005

            MODES OF DECAY: ELECTRON CAPTURE, BETA PLUS
 
                                              MEAN
                                              NUMBER/                  MEV/
                                         ID   TRANSFOR-   ENERGY       TRANSFOR-
                  TYPE OF RADIATION      NO.  MATION      (MEV)        MATION

           BETA PLUS                      1   2.56E-01    4.779E-01*   1.22E-01
           ANNIHILATION RADIATION             5.12E-01    5.110E-01    2.62E-01
           M CONV. ELECTRON, GAMMA-RAY    1   8.00E-01    1.941E-03*   1.55E-03
           N+ CONV. ELECTRON, GAMMA-RAY   1   1.32E-01    2.300E-03*   3.04E-04
           GAMMA-RAY                      2   2.18E-02    4.270E-02    9.29E-04
           K CONV. ELECTRON, GAMMA-RAY    2   6.04E-02    2.375E-02    1.44E-03
           L1 CONV. ELECTRON, GAMMA-RAY   2   6.36E-03    4.002E-02    2.55E-04
           GAMMA-RAY                      3   6.45E-01    1.224E-01    7.89E-02
           K CONV. ELECTRON, GAMMA-RAY    3   3.00E-01    1.034E-01    3.11E-02
           L1 CONV. ELECTRON, GAMMA-RAY   3   2.83E-02    1.197E-01    3.38E-03
           L2 CONV. ELECTRON, GAMMA-RAY   3   9.89E-03    1.199E-01    1.19E-03
           L3 CONV. ELECTRON, GAMMA-RAY   3   1.24E-02    1.200E-01    1.49E-03
           M CONV. ELECTRON, GAMMA-RAY    3   9.09E-03    1.220E-01*   1.11E-03
           GAMMA-RAY                      4   5.98E-02    1.629E-01    9.75E-03
           K CONV. ELECTRON, GAMMA-RAY    4   3.64E-03    1.440E-01    5.25E-04
           GAMMA-RAY                      5   6.37E-02    2.031E-01    1.29E-02
           K CONV. ELECTRON, GAMMA-RAY    5   2.29E-03    1.842E-01    4.21E-04
           GAMMA-RAY                      6   7.77E-01    2.573E-01    2.00E-01
           K CONV. ELECTRON, GAMMA-RAY    6   1.24E-01    2.384E-01    2.96E-02
           L1 CONV. ELECTRON, GAMMA-RAY   6   1.29E-02    2.547E-01    3.30E-03
           L2 CONV. ELECTRON, GAMMA-RAY   6   5.24E-03    2.549E-01    1.34E-03
           L3 CONV. ELECTRON, GAMMA-RAY   6   4.71E-03    2.550E-01    1.20E-03
           M CONV. ELECTRON, GAMMA-RAY    6   4.17E-03    2.570E-01*   1.07E-03
           GAMMA-RAY                      7   6.29E-02    3.232E-01    2.03E-02
           GAMMA-RAY                      8   2.49E-03    4.210E-01    1.05E-03
           GAMMA-RAY                      9   3.57E-03    4.251E-01    1.52E-03
           GAMMA-RAY                     10   9.32E-03    4.405E-01    4.11E-03
           GAMMA-RAY                     11   5.98E-02    4.454E-01    2.66E-02
           GAMMA-RAY                     12   1.42E-02    4.722E-01    6.71E-03
           GAMMA-RAY                     13   7.30E-03    4.898E-01    3.58E-03
           GAMMA-RAY                     15   5.52E-02    9.415E-01    5.19E-02
           GAMMA-RAY                     16   6.99E-03    9.464E-01    6.62E-03
           GAMMA-RAY                     17   1.40E-03    9.873E-01    1.38E-03
           GAMMA-RAY                     18   1.02E-02    9.902E-01    1.01E-02
           GAMMA-RAY                     19   4.12E-02    1.271E+00    5.24E-02
           GAMMA-RAY                     20   1.86E-02    1.387E+00    2.59E-02
           GAMMA-RAY                     22   1.86E-02    1.455E+00    2.71E-02
           GAMMA-RAY                     23   6.99E-03    1.464E+00    1.02E-02
           GAMMA-RAY                     24   2.33E-03    1.482E+00    3.45E-03
           K -L2 X-RAY                        2.47E-01    1.648E-02    4.07E-03
           K -L3 X-RAY                        4.71E-01    1.658E-02    7.81E-03
           K -M3 X-RAY                        7.35E-02    1.859E-02    1.37E-03
           AUGER KLL                          2.07E-01    1.401E-02*   2.91E-03
           AUGER KLX                          7.52E-02    1.614E-02*   1.21E-03
           AUGER LMM                          1.17E+00    1.853E-03*   2.16E-03
           AUGER LMX                          1.49E-01    2.074E-03*   3.10E-04
           CK MMX                             2.23E+00    9.861E-05*   2.19E-04
           AUGER MNN                          3.69E+00    1.529E-04*   5.65E-04
           CK NNX                             1.01E+01    2.531E-05*   2.55E-04
 
           ALL LISTED X-RAYS, GAMMA-RAYS AND ANNIHILATION RADIATION    8.30E-01
           ALL NEGLECTED X-RAYS, GAMMA-RAYS AND ANNIH. RADIATION**     2.78E-03
           ALL LISTED BETAS, INTERNAL CONVERSION AND AUGER ELECTRONS   2.09E-01
           ALL NEGLECTED BETAS, INT. CONVERSION AND AUGER ELECTRONS**  1.51E-03
           ALL LISTED RADIATIONS                                       1.04E+00
           ALL NEGLECTED RADIATIONS**                                  4.29E-03
 
           *  AVERAGE ENERGY (MEV)
           ** EACH NEGLECTED TRANSITION CONTRIBUTES LESS THAN  0.100%
              TO THE TOTAL MEV/TRANSFORMATION FOR THIS CATEGORY.
           TOTAL FEEDING OF GROUND STATE LEVEL IN 90-NIOBIUM
             DAUGHTER IS 1.0000E+00 PER TRANSFORMATION OF  90-MOLYBDENUM.
             DECAY OF THIS 14.6 HOURS HALFLIFE LEVEL WILL CONTRIBUTE TO DOSE.
           - - - - - - - - - -
           INPUT DATA SOURCE: EVALUATED NUCLEAR STRUCTURE DATA FILE (ENSDF)
             DATE INPUT DATA WERE ENTERED INTO ENSDF: Jan-1998
%%%%  90 MO  42    EC B+        2.00160E+04 5.56 H     02-11-2005       OUTPEND 
%%%%  90 MO  42    EC B+        2.00160E+04 5.56 H     02-11-2005       BETASTAR
1
              90-MOLYBDENUM-42
+                                    HALFLIFE = 5.56 HOURS   
+                                                                  02-11-2005

            BETA SPECTRUM DATA FOR ALL DECAY BRANCHES

                      BETAS PER                BETAS PER                BETAS PER
            ENERGY    MEV            ENERGY    MEV            ENERGY    MEV
            (MEV)     PER DECAY      (MEV)     PER DECAY      (MEV)     PER DECAY

            0.00000   0.000E+00      0.00220   1.038E-06      0.05500   5.223E-02
            0.00010   0.000E+00      0.00240   1.984E-06      0.06000   6.042E-02
            0.00011   0.000E+00      0.00260   3.435E-06      0.06500   6.879E-02
            0.00012   0.000E+00      0.00280   5.511E-06      0.07000   7.728E-02
            0.00013   0.000E+00      0.00300   8.327E-06      0.07500   8.585E-02
            0.00014   0.000E+00      0.00320   1.199E-05      0.08000   9.448E-02
            0.00015   0.000E+00      0.00360   2.224E-05      0.08500   1.031E-01
            0.00016   0.000E+00      0.00400   3.694E-05      0.09000   1.118E-01
            0.00018   0.000E+00      0.00450   6.244E-05      0.10000   1.290E-01
            0.00020   0.000E+00      0.00500   9.669E-05      0.11000   1.460E-01
            0.00022   0.000E+00      0.00550   1.404E-04      0.12000   1.627E-01
            0.00024   7.226E-27      0.00600   1.942E-04      0.13000   1.790E-01
            0.00026   8.237E-26      0.00650   2.586E-04      0.14000   1.949E-01
            0.00028   7.329E-25      0.00700   3.341E-04      0.15000   2.103E-01
            0.00030   5.338E-24      0.00750   4.208E-04      0.16000   2.252E-01
            0.00032   3.302E-23      0.00800   5.193E-04      0.18000   2.535E-01
            0.00036   8.611E-22      0.00850   6.297E-04      0.20000   2.797E-01
            0.00040   1.525E-20      0.00900   7.522E-04      0.22000   3.036E-01
            0.00045   3.694E-19      0.01000   1.034E-03      0.24000   3.253E-01
            0.00050   6.269E-18      0.01100   1.366E-03      0.26000   3.447E-01
            0.00055   7.881E-17      0.01200   1.749E-03      0.28000   3.618E-01
            0.00060   7.602E-16      0.01300   2.182E-03      0.30000   3.768E-01
            0.00065   5.780E-15      0.01400   2.666E-03      0.32000   3.895E-01
            0.00070   3.548E-14      0.01500   3.200E-03      0.36000   4.084E-01
            0.00075   1.798E-13      0.01600   3.783E-03      0.40000   4.189E-01
            0.00080   7.684E-13      0.01800   5.092E-03      0.45000   4.208E-01
            0.00085   2.825E-12      0.02000   6.585E-03      0.50000   4.110E-01
            0.00090   9.099E-12      0.02200   8.252E-03      0.55000   3.908E-01
            0.00100   6.751E-11      0.02400   1.008E-02      0.60000   3.615E-01
            0.00110   3.493E-10      0.02600   1.207E-02      0.65000   3.245E-01
            0.00120   1.368E-09      0.02800   1.419E-02      0.70000   2.816E-01
            0.00130   4.312E-09      0.03000   1.645E-02      0.75000   2.348E-01
            0.00140   1.145E-08      0.03200   1.883E-02      0.80000   1.861E-01
            0.00150   2.651E-08      0.03600   2.391E-02      0.85000   1.379E-01
            0.00160   5.499E-08      0.04000   2.937E-02      0.90000   9.273E-02
            0.00180   1.835E-07      0.04500   3.663E-02      1.00000   2.280E-02
            0.00200   4.770E-07      0.05000   4.428E-02      1.08500   0.000E+00

            AVERAGE BETA ENERGY =   4.779E-01

            TOTAL BETAS PER DECAY FOR ALL BRANCHES =   2.560E-01
%%%%  90 MO  42    EC B+        2.00160E+04 5.56 H     02-11-2005       BETAEND 
%%%%  90 MO  42    EC B+        2.00160E+04 5.56 H     02-11-2005       SEEISTAR
 90.  MOLYBDENUM   42.  5.560E+00 HOURS    193 EC B+                 90.MO 42.   0
 4 1  2.55990E+01  4.77861E-01  1.08500E+00  0.00000E+00             90.MO 42.   1   1
 3 3  5.11980E+01  5.11000E-01  5.11000E-01  0.00000E+00             90.MO 42.   2   3
 1 1  5.00161E-05  2.30000E-03  2.30000E-03  0.00000E+00             90.MO 42.   3   1
 6 3  8.00363E+01  1.94072E-03  1.94072E-03  1.00000E+00             90.MO 42.   4   3
 6 4  1.32036E+01  2.30000E-03  2.30000E-03  1.00000E+00             90.MO 42.   5   4
 1 2  2.17560E+00  4.27000E-02  4.27000E-02  0.00000E+00             90.MO 42.   6   2
 6 1  6.04433E+00  2.37520E-02  2.37520E-02  2.00000E+00             90.MO 42.   7   1
 6 5  6.35944E-01  4.00237E-02  4.00237E-02  2.00000E+00             90.MO 42.   8   5
 6 6  2.06270E-01  4.02334E-02  4.02334E-02  2.00000E+00             90.MO 42.   9   6
 6 7  2.67991E-01  4.03309E-02  4.03309E-02  2.00000E+00             90.MO 42.  10   7
 6 3  2.00445E-01  4.23407E-02  4.23407E-02  2.00000E+00             90.MO 42.  11   3
 6 4  3.27183E-02  4.27000E-02  4.27000E-02  2.00000E+00             90.MO 42.  12   4
 1 3  6.44910E+01  1.22370E-01  1.22370E-01  0.00000E+00             90.MO 42.  13   3
 6 1  3.00367E+01  1.03422E-01  1.03422E-01  3.00000E+00             90.MO 42.  14   1
 6 5  2.82514E+00  1.19694E-01  1.19694E-01  3.00000E+00             90.MO 42.  15   5
 6 6  9.89219E-01  1.19903E-01  1.19903E-01  3.00000E+00             90.MO 42.  16   6
 6 7  1.23809E+00  1.20001E-01  1.20001E-01  3.00000E+00             90.MO 42.  17   7
 6 3  9.08678E-01  1.22011E-01  1.22011E-01  3.00000E+00             90.MO 42.  18   3
 6 4  1.47304E-01  1.22370E-01  1.22370E-01  3.00000E+00             90.MO 42.  19   4
 1 4  5.98290E+00  1.62930E-01  1.62930E-01  0.00000E+00             90.MO 42.  20   4
 6 1  3.64330E-01  1.43982E-01  1.43982E-01  4.00000E+00             90.MO 42.  21   1
 6 5  3.93023E-02  1.60254E-01  1.60254E-01  4.00000E+00             90.MO 42.  22   5
 6 6  2.85692E-03  1.60463E-01  1.60463E-01  4.00000E+00             90.MO 42.  23   6
 6 7  2.04863E-03  1.60561E-01  1.60561E-01  4.00000E+00             90.MO 42.  24   7
 6 3  7.91270E-03  1.62571E-01  1.62571E-01  4.00000E+00             90.MO 42.  25   3
 6 4  1.38172E-03  1.62930E-01  1.62930E-01  4.00000E+00             90.MO 42.  26   4
 1 5  6.37140E+00  2.03130E-01  2.03130E-01  0.00000E+00             90.MO 42.  27   5
 6 1  2.28581E-01  1.84182E-01  1.84182E-01  5.00000E+00             90.MO 42.  28   1
 6 5  2.44801E-02  2.00454E-01  2.00454E-01  5.00000E+00             90.MO 42.  29   5
 6 6  1.85141E-03  2.00663E-01  2.00663E-01  5.00000E+00             90.MO 42.  30   6
 6 7  1.43950E-03  2.00761E-01  2.00761E-01  5.00000E+00             90.MO 42.  31   7
 6 3  4.95356E-03  2.02771E-01  2.02771E-01  5.00000E+00             90.MO 42.  32   3
 6 4  8.66305E-04  2.03130E-01  2.03130E-01  5.00000E+00             90.MO 42.  33   4
 1 6  7.77000E+01  2.57340E-01  2.57340E-01  0.00000E+00             90.MO 42.  34   6
 6 1  1.24213E+01  2.38392E-01  2.38392E-01  6.00000E+00             90.MO 42.  35   1
 6 5  1.29408E+00  2.54664E-01  2.54664E-01  6.00000E+00             90.MO 42.  36   5
 6 6  5.24418E-01  2.54873E-01  2.54873E-01  6.00000E+00             90.MO 42.  37   6
 6 7  4.70664E-01  2.54971E-01  2.54971E-01  6.00000E+00             90.MO 42.  38   7
 6 3  4.17131E-01  2.56981E-01  2.56981E-01  6.00000E+00             90.MO 42.  39   3
 6 4  6.78743E-02  2.57340E-01  2.57340E-01  6.00000E+00             90.MO 42.  40   4
 1 7  6.29370E+00  3.23200E-01  3.23200E-01  0.00000E+00             90.MO 42.  41   7
 6 1  6.92048E-02  3.04252E-01  3.04252E-01  7.00000E+00             90.MO 42.  42   1
 6 5  7.35642E-03  3.20524E-01  3.20524E-01  7.00000E+00             90.MO 42.  43   5
 6 6  4.64908E-04  3.20733E-01  3.20733E-01  7.00000E+00             90.MO 42.  44   6
 6 7  3.56357E-04  3.20831E-01  3.20831E-01  7.00000E+00             90.MO 42.  45   7
 6 3  1.46446E-03  3.22841E-01  3.22841E-01  7.00000E+00             90.MO 42.  46   3
 6 4  2.56588E-04  3.23200E-01  3.23200E-01  7.00000E+00             90.MO 42.  47   4
 1 8  2.48640E-01  4.21000E-01  4.21000E-01  0.00000E+00             90.MO 42.  48   8
 1 9  3.57420E-01  4.25100E-01  4.25100E-01  0.00000E+00             90.MO 42.  49   9
 6 1  1.71303E-03  4.06152E-01  4.06152E-01  9.00000E+00             90.MO 42.  50   1
 6 5  1.85942E-04  4.22424E-01  4.22424E-01  9.00000E+00             90.MO 42.  51   5
 6 6  5.41469E-06  4.22633E-01  4.22633E-01  9.00000E+00             90.MO 42.  52   6
 6 7  2.04232E-06  4.22731E-01  4.22731E-01  9.00000E+00             90.MO 42.  53   7
 6 3  3.44944E-05  4.24741E-01  4.24741E-01  9.00000E+00             90.MO 42.  54   3
 6 4  6.11565E-06  4.25100E-01  4.25100E-01  9.00000E+00             90.MO 42.  55   4
 110  9.32400E-01  4.40500E-01  4.40500E-01  0.00000E+00             90.MO 42.  56  10
 6 1  4.10398E-03  4.21552E-01  4.21552E-01  1.00000E+01             90.MO 42.  57   1
 6 5  4.45508E-04  4.37824E-01  4.37824E-01  1.00000E+01             90.MO 42.  58   5
 6 6  1.27147E-05  4.38033E-01  4.38033E-01  1.00000E+01             90.MO 42.  59   6
 6 7  4.82995E-06  4.38131E-01  4.38131E-01  1.00000E+01             90.MO 42.  60   7
 6 3  8.25278E-05  4.40141E-01  4.40141E-01  1.00000E+01             90.MO 42.  61   3
 6 4  1.46328E-05  4.40500E-01  4.40500E-01  1.00000E+01             90.MO 42.  62   4
 111  5.98290E+00  4.45370E-01  4.45370E-01  0.00000E+00             90.MO 42.  63  11
 6 1  2.56519E-02  4.26422E-01  4.26422E-01  1.10000E+01             90.MO 42.  64   1
 6 5  2.78471E-03  4.42694E-01  4.42694E-01  1.10000E+01             90.MO 42.  65   5
 6 6  7.89792E-05  4.42903E-01  4.42903E-01  1.10000E+01             90.MO 42.  66   6
 6 7  3.00698E-05  4.43001E-01  4.43001E-01  1.10000E+01             90.MO 42.  67   7
 6 3  5.15624E-04  4.45011E-01  4.45011E-01  1.10000E+01             90.MO 42.  68   3
 6 4  9.14271E-05  4.45370E-01  4.45370E-01  1.10000E+01             90.MO 42.  69   4
 112  1.42191E+00  4.72200E-01  4.72200E-01  0.00000E+00             90.MO 42.  70  12
 6 1  5.30478E-03  4.53252E-01  4.53252E-01  1.20000E+01             90.MO 42.  71   1
 6 5  5.75789E-04  4.69524E-01  4.69524E-01  1.20000E+01             90.MO 42.  72   5
 6 6  1.57931E-05  4.69733E-01  4.69733E-01  1.20000E+01             90.MO 42.  73   6
 6 7  6.08866E-06  4.69831E-01  4.69831E-01  1.20000E+01             90.MO 42.  74   7
 6 3  1.06403E-04  4.71841E-01  4.71841E-01  1.20000E+01             90.MO 42.  75   3
 6 4  1.88730E-05  4.72200E-01  4.72200E-01  1.20000E+01             90.MO 42.  76   4
 113  7.30380E-01  4.89800E-01  4.89800E-01  0.00000E+00             90.MO 42.  77  13
 6 1  2.49884E-03  4.70852E-01  4.70852E-01  1.30000E+01             90.MO 42.  78   1
 6 5  2.71141E-04  4.87124E-01  4.87124E-01  1.30000E+01             90.MO 42.  79   5
 6 6  7.28198E-06  4.87333E-01  4.87333E-01  1.30000E+01             90.MO 42.  80   6
 6 7  2.83076E-06  4.87431E-01  4.87431E-01  1.30000E+01             90.MO 42.  81   7
 6 3  5.00581E-05  4.89441E-01  4.89441E-01  1.30000E+01             90.MO 42.  82   3
 6 4  8.88200E-06  4.89800E-01  4.89800E-01  1.30000E+01             90.MO 42.  83   4
 114  1.55400E-01  5.17700E-01  5.17700E-01  0.00000E+00             90.MO 42.  84  14
 115  5.51670E+00  9.41500E-01  9.41500E-01  0.00000E+00             90.MO 42.  85  15
 6 1  4.27558E-03  9.22552E-01  9.22552E-01  1.50000E+01             90.MO 42.  86   1
 6 5  4.61636E-04  9.38824E-01  9.38824E-01  1.50000E+01             90.MO 42.  87   5
 6 6  8.31003E-06  9.39033E-01  9.39033E-01  1.50000E+01             90.MO 42.  88   6
 6 7  4.05847E-06  9.39131E-01  9.39131E-01  1.50000E+01             90.MO 42.  89   7
 6 3  8.40939E-05  9.41141E-01  9.41141E-01  1.50000E+01             90.MO 42.  90   3
 6 4  1.50410E-05  9.41500E-01  9.41500E-01  1.50000E+01             90.MO 42.  91   4
 116  6.99300E-01  9.46400E-01  9.46400E-01  0.00000E+00             90.MO 42.  92  16
 6 1  5.35881E-04  9.27452E-01  9.27452E-01  1.60000E+01             90.MO 42.  93   1
 6 5  5.78581E-05  9.43724E-01  9.43724E-01  1.60000E+01             90.MO 42.  94   5
 6 6  1.03800E-06  9.43933E-01  9.43933E-01  1.60000E+01             90.MO 42.  95   6
 6 7  5.08208E-07  9.44031E-01  9.44031E-01  1.60000E+01             90.MO 42.  96   7
 6 3  1.05387E-05  9.46041E-01  9.46041E-01  1.60000E+01             90.MO 42.  97   3
 6 4  1.88504E-06  9.46400E-01  9.46400E-01  1.60000E+01             90.MO 42.  98   4
 117  1.39860E-01  9.87300E-01  9.87300E-01  0.00000E+00             90.MO 42.  99  17
 118  1.01787E+00  9.90200E-01  9.90200E-01  0.00000E+00             90.MO 42. 100  18
 6 1  7.07047E-04  9.71252E-01  9.71252E-01  1.80000E+01             90.MO 42. 101   1
 6 5  7.63231E-05  9.87524E-01  9.87524E-01  1.80000E+01             90.MO 42. 102   5
 6 6  1.32920E-06  9.87733E-01  9.87733E-01  1.80000E+01             90.MO 42. 103   6
 6 7  6.65464E-07  9.87831E-01  9.87831E-01  1.80000E+01             90.MO 42. 104   7
 6 3  1.38915E-05  9.89841E-01  9.89841E-01  1.80000E+01             90.MO 42. 105   3
 6 4  2.48554E-06  9.90200E-01  9.90200E-01  1.80000E+01             90.MO 42. 106   4
 119  4.11810E+00  1.27130E+00  1.27130E+00  0.00000E+00             90.MO 42. 107  19
 6 1  1.68336E-03  1.25235E+00  1.25235E+00  1.90000E+01             90.MO 42. 108   1
 6 5  1.81361E-04  1.26862E+00  1.26862E+00  1.90000E+01             90.MO 42. 109   5
 6 6  2.66166E-06  1.26883E+00  1.26883E+00  1.90000E+01             90.MO 42. 110   6
 6 7  1.53549E-06  1.26893E+00  1.26893E+00  1.90000E+01             90.MO 42. 111   7
 6 3  3.29078E-05  1.27094E+00  1.27094E+00  1.90000E+01             90.MO 42. 112   3
 6 4  5.88944E-06  1.27130E+00  1.27130E+00  1.90000E+01             90.MO 42. 113   4
 120  1.86480E+00  1.38740E+00  1.38740E+00  0.00000E+00             90.MO 42. 114  20
 6 1  6.36294E-04  1.36845E+00  1.36845E+00  2.00000E+01             90.MO 42. 115   1
 6 5  6.84951E-05  1.38472E+00  1.38472E+00  2.00000E+01             90.MO 42. 116   5
 6 6  9.43780E-07  1.38493E+00  1.38493E+00  2.00000E+01             90.MO 42. 117   6
 6 7  5.76864E-07  1.38503E+00  1.38503E+00  2.00000E+01             90.MO 42. 118   7
 6 3  1.24221E-05  1.38704E+00  1.38704E+00  2.00000E+01             90.MO 42. 119   3
 6 4  2.22163E-06  1.38740E+00  1.38740E+00  2.00000E+01             90.MO 42. 120   4
 121  4.66200E-02  1.44600E+00  1.44600E+00  0.00000E+00             90.MO 42. 121  21
 122  1.86480E+00  1.45460E+00  1.45460E+00  0.00000E+00             90.MO 42. 122  22
 6 1  5.77629E-04  1.43565E+00  1.43565E+00  2.20000E+01             90.MO 42. 123   1
 6 5  6.21500E-05  1.45192E+00  1.45192E+00  2.20000E+01             90.MO 42. 124   5
 6 6  8.26956E-07  1.45213E+00  1.45213E+00  2.20000E+01             90.MO 42. 125   6
 6 7  5.22549E-07  1.45223E+00  1.45223E+00  2.20000E+01             90.MO 42. 126   7
 6 3  1.12699E-05  1.45424E+00  1.45424E+00  2.20000E+01             90.MO 42. 127   3
 6 4  2.01441E-06  1.45460E+00  1.45460E+00  2.20000E+01             90.MO 42. 128   4
 123  6.99300E-01  1.46350E+00  1.46350E+00  0.00000E+00             90.MO 42. 129  23
 6 1  2.13937E-04  1.44455E+00  1.44455E+00  2.30000E+01             90.MO 42. 130   1
 6 5  2.30171E-05  1.46082E+00  1.46082E+00  2.30000E+01             90.MO 42. 131   5
 6 6  3.04872E-07  1.46103E+00  1.46103E+00  2.30000E+01             90.MO 42. 132   6
 6 7  1.93495E-07  1.46113E+00  1.46113E+00  2.30000E+01             90.MO 42. 133   7
 6 3  4.17375E-06  1.46314E+00  1.46314E+00  2.30000E+01             90.MO 42. 134   3
 6 4  7.45964E-07  1.46350E+00  1.46350E+00  2.30000E+01             90.MO 42. 135   4
 124  2.33100E-01  1.48160E+00  1.48160E+00  0.00000E+00             90.MO 42. 136  24
 6 1  6.95523E-05  1.46265E+00  1.46265E+00  2.40000E+01             90.MO 42. 137   1
 6 5  7.48204E-06  1.47892E+00  1.47892E+00  2.40000E+01             90.MO 42. 138   5
 6 6  9.81963E-08  1.47913E+00  1.47913E+00  2.40000E+01             90.MO 42. 139   6
 6 7  6.28814E-08  1.47923E+00  1.47923E+00  2.40000E+01             90.MO 42. 140   7
 6 3  1.35672E-06  1.48124E+00  1.48124E+00  2.40000E+01             90.MO 42. 141   3
 6 4  2.41492E-07  1.48160E+00  1.48160E+00  2.40000E+01             90.MO 42. 142   4
 2 1  2.46667E+01  1.64814E-02  1.64814E-02  0.00000E+00             90.MO 42. 143   1
 2 2  4.71037E+01  1.65789E-02  1.65789E-02  0.00000E+00             90.MO 42. 144   2
 2 3  3.77635E+00  1.85728E-02  1.85728E-02  0.00000E+00             90.MO 42. 145   3
 2 4  7.35367E+00  1.85887E-02  1.85887E-02  0.00000E+00             90.MO 42. 146   4
 2 5  1.70279E-02  1.87332E-02  1.87332E-02  0.00000E+00             90.MO 42. 147   5
 2 6  2.41284E-02  1.87362E-02  1.87362E-02  0.00000E+00             90.MO 42. 148   6
 2 7  6.67617E-01  1.89073E-02  1.89073E-02  0.00000E+00             90.MO 42. 149   7
 2 8  1.27658E+00  1.89096E-02  1.89096E-02  0.00000E+00             90.MO 42. 150   8
 2 9  4.87767E-04  1.89420E-02  1.89420E-02  0.00000E+00             90.MO 42. 151   9
 210  6.83721E-04  1.89422E-02  1.89422E-02  0.00000E+00             90.MO 42. 152  10
 221  3.55639E-04  2.09700E-04  2.09700E-04  0.00000E+00             90.MO 42. 153  21
 222  2.24196E-03  3.07200E-04  3.07200E-04  0.00000E+00             90.MO 42. 154  22
 223  4.52482E-02  2.30108E-03  2.30108E-03  0.00000E+00             90.MO 42. 155  23
 224  7.83284E-02  2.31702E-03  2.31702E-03  0.00000E+00             90.MO 42. 156  24
 225  3.68022E-04  2.46148E-03  2.46148E-03  0.00000E+00             90.MO 42. 157  25
 226  5.48317E-04  2.46449E-03  2.46449E-03  0.00000E+00             90.MO 42. 158  26
 227  6.76621E-03  2.63572E-03  2.63572E-03  0.00000E+00             90.MO 42. 159  27
 228  1.18035E-02  2.63794E-03  2.63794E-03  0.00000E+00             90.MO 42. 160  28
 229  8.12060E-06  2.67036E-03  2.67036E-03  0.00000E+00             90.MO 42. 161  29
 230  1.20539E-05  2.67054E-03  2.67054E-03  0.00000E+00             90.MO 42. 162  30
 241  1.82146E-07  9.75000E-05  9.75000E-05  0.00000E+00             90.MO 42. 163  41
 242  1.26446E-01  2.01062E-03  2.01062E-03  0.00000E+00             90.MO 42. 164  42
 243  1.18667E-03  2.10732E-03  2.10732E-03  0.00000E+00             90.MO 42. 165  43
 244  1.22421E+00  2.25178E-03  2.25178E-03  0.00000E+00             90.MO 42. 166  44
 245  9.37730E-03  2.40315E-03  2.40315E-03  0.00000E+00             90.MO 42. 167  45
 246  4.40422E-05  2.42824E-03  2.42824E-03  0.00000E+00             90.MO 42. 168  46
 247  3.02467E-02  2.46066E-03  2.46066E-03  0.00000E+00             90.MO 42. 169  47
 261  4.48066E-01  1.91312E-03  1.91312E-03  0.00000E+00             90.MO 42. 170  61
 262  1.85587E-03  1.99389E-03  1.99389E-03  0.00000E+00             90.MO 42. 171  62
 263  1.74844E-03  2.00982E-03  2.00982E-03  0.00000E+00             90.MO 42. 172  63
 264  2.90328E-01  2.15428E-03  2.15428E-03  0.00000E+00             90.MO 42. 173  64
 265  2.57924E+00  2.15729E-03  2.15729E-03  0.00000E+00             90.MO 42. 174  65
 266  2.15680E-02  2.30565E-03  2.30565E-03  0.00000E+00             90.MO 42. 175  66
 267  5.29116E-05  2.32852E-03  2.32852E-03  0.00000E+00             90.MO 42. 176  67
 268  5.06368E-05  2.33074E-03  2.33074E-03  0.00000E+00             90.MO 42. 177  68
 269  7.10294E-03  2.36316E-03  2.36316E-03  0.00000E+00             90.MO 42. 178  69
 270  6.26504E-02  2.36333E-03  2.36333E-03  0.00000E+00             90.MO 42. 179  70
 291  1.33153E-01  2.09140E-04  2.09140E-04  0.00000E+00             90.MO 42. 180  91
 292  1.94595E-03  2.62648E-05  2.62648E-05  0.00000E+00             90.MO 42. 181  92
 294  2.01751E+03  5.83005E-06  5.83005E-06  0.00000E+00             90.MO 42. 182  94
 7 1  2.07385E+01  1.40095E-02  1.40095E-02  0.00000E+00             90.MO 42. 183   1
 7 2  7.52375E+00  1.61428E-02  1.61428E-02  0.00000E+00             90.MO 42. 184   2
 7 3  6.58495E-01  1.82785E-02  1.82785E-02  0.00000E+00             90.MO 42. 185   3
 7 4  2.56310E+01  1.06930E-04  1.06930E-04  0.00000E+00             90.MO 42. 186   4
 7 5  1.16782E+02  1.85292E-03  1.85292E-03  0.00000E+00             90.MO 42. 187   5
 7 6  1.49464E+01  2.07360E-03  2.07360E-03  0.00000E+00             90.MO 42. 188   6
 7 7  6.03882E-01  2.33412E-03  2.33412E-03  0.00000E+00             90.MO 42. 189   7
 7 8  2.22564E+02  9.86067E-05  9.86067E-05  0.00000E+00             90.MO 42. 190   8
 7 9  3.69467E+02  1.52898E-04  1.52898E-04  0.00000E+00             90.MO 42. 191   9
 710  4.16573E+00  1.98278E-04  1.98278E-04  0.00000E+00             90.MO 42. 192  10
 712  1.00788E+03  2.53077E-05  2.53077E-05  0.00000E+00             90.MO 42. 193  12
%%%%  90 MO  42    EC B+        2.00160E+04 5.56 H     02-11-2005       SEEIEND 
 


   ***************************************************** 
   *                 Radiation Summary                 * 
   ***************************************************** 
 
  Energy released by
    Gamma-ray                       (MeV) =   5.53071E-01
    X-ray                           (MeV) =   1.44260E-02
    Free-bound X-ray                (MeV) =   1.17622E-04
    Annihilation photon             (MeV) =   2.61622E-01
    Beta+ particle                  (MeV) =   1.22328E-01
    Neutrino                        (MeV) =   1.44613E+00
    Beta- particle                  (MeV) =   0.00000E+00
    Neutrino-                       (MeV) =   0.00000E+00
    Internal conv. electron         (MeV) =   8.05751E-02
    Auger and CK electron           (MeV) =   7.80326E-03
    Alpha particle                  (MeV) =   0.00000E+00
    Recoil nucleus                  (MeV) =   0.00000E+00
  E-total (except unplaced radiat.) (MeV) =   2.48607E+00
  E-unplaced radiation              (MeV) =   3.90624E-03
  Q-value from ENSDF data           (MeV) =   2.48900E+00
  Ratio of E-total/Q-value          ( % ) =   9.98824E+01
  Ratio of E-unplaced radi./Q-value ( % ) =   1.56940E-01

 
  Total yield of
    Gamma-ray                             =   1.88454E+00
    X-ray                                 =   8.99719E-01
    Free-bound X-ray                      =   2.01751E+01
    Annihilation photon                   =   5.11980E-01
    Beta+ particle                        =   2.55990E-01
    Beta- particle                        =   0.00000E+00
    Internal conv. electron               =   1.52782E+00
    Auger and CK electron                 =   1.79096E+01
    Alpha particle                        =   0.00000E+00
  Yield of unplaced radiation             =   5.90520E-03


