%%%%  91 NB  41    EC B+        2.14592E+10 680 Y      02-11-2005       BALASTAR
1  91   NB  41 680 Y           EC B+      
1INTENSITY AND ENERGY BALANCE DATA

              91-NIOBIUM-41
+                                    HALFLIFE = 680 YEARS   
+                                                                  02-11-2005


    LEVEL       INTENSITY   INTENSITY
    ENERGY      ENTERING    LEAVING     PERCENT
    (MEV)       LEVEL       LEVEL       ERROR

   0.0000E+00  1.0000E+02


 INTENSITY TO GROUND AND ISOMERIC STATE(S) OF DAUGHTER(S)=  1.000E+02
 TOTAL INTENSITY FROM PARENT=  1.000E+02
 PERCENT ERROR =  0.000E+00                      


 TOTAL INTENSITY FROM PARENT =  1.000E+02
 VALUE IS WITHIN   0.00E+00% OF 100                      


 TOTAL ENERGY AVAILABLE =  1.253E+00 MEV
 TOTAL ENERGY CONTENT OF ALL RADIATIONS =  1.253E+00 MEV
 PERCENT ERROR =  0.000E+00                      
%%%%  91 NB  41    EC B+        2.14592E+10 680 Y      02-11-2005       BALAEND 
%%%%  91 NB  41    EC B+        2.14592E+10 680 Y      02-11-2005       INPUSTAR
1                                      **INPUT DATA**
              91-NIOBIUM-41
+                                    HALFLIFE = 680 YEARS   
+                                                                  02-11-2005

            MODES OF DECAY: ELECTRON CAPTURE, BETA PLUS
 
                                MEAN
                                NUMBER/    TRANSITION
                TYPE OF    ID   TRANSFOR-  ENERGY
              TRANSITION   NO.  MATION     (MEV)       OTHER NUCLEAR PARAMETERS

           ELECT. CAPTURE   1   9.98E-01   1.253E+00   SECOND FORBIDDEN                         
                BETA PLUS   1   1.57E-03   2.314E-01*  SECOND FORBIDDEN                         
 
           * ENDPOINT ENERGY (MEV)
           - - - - - - - - - -
           Reference: Evaluated Nuclear Structure Data File (ENSDF)
                DATE DATA WERE ENTERED INTO ENSDF: Feb-2001
%%%%  91 NB  41    EC B+        2.14592E+10 680 Y      02-11-2005       INPUEND 
%%%%  91 NB  41    EC B+        2.14592E+10 680 Y      02-11-2005       OUTPSTAR
1                                      **OUTPUT DATA**
              91-NIOBIUM-41
+                                    HALFLIFE = 680 YEARS   
+                                                                  02-11-2005

            MODES OF DECAY: ELECTRON CAPTURE, BETA PLUS
 
                                              MEAN
                                              NUMBER/                  MEV/
                                         ID   TRANSFOR-   ENERGY       TRANSFOR-
                  TYPE OF RADIATION      NO.  MATION      (MEV)        MATION

           BETA PLUS                      1   1.57E-03    1.185E-01*   1.86E-04
           ANNIHILATION RADIATION             3.14E-03    5.110E-01    1.60E-03
           K -L2 X-RAY                        1.83E-01    1.565E-02    2.87E-03
           K -L3 X-RAY                        3.51E-01    1.574E-02    5.52E-03
           K -M2 X-RAY                        2.77E-02    1.762E-02    4.87E-04
           K -M3 X-RAY                        5.38E-02    1.763E-02    9.49E-04
           K -N2 X-RAY                        4.53E-03    1.792E-02    8.12E-05
           K -N3 X-RAY                        8.70E-03    1.793E-02    1.56E-04
           L2-M4 X-RAY                        8.31E-03    2.119E-03    1.76E-05
           L3-M5 X-RAY                        1.81E-02    2.034E-03    3.68E-05
           Free-Bound X-RAY                   1.20E+01    6.524E-06*   7.85E-05
           AUGER KLL                          1.70E-01    1.333E-02*   2.27E-03
           AUGER KLX                          6.06E-02    1.533E-02*   9.29E-04
           AUGER KXY                          5.18E-03    1.734E-02*   8.99E-05
           CK LLX                             2.05E-01    1.067E-04*   2.19E-05
           AUGER LMM                          9.04E-01    1.754E-03*   1.59E-03
           AUGER LMX                          1.01E-01    1.945E-03*   1.97E-04
           AUGER LXY                          3.97E-03    2.187E-03*   8.67E-06
           CK MMX                             9.54E-01    9.831E-05*   9.38E-05
           AUGER MNN                          2.18E+00    1.179E-04*   2.58E-04
           AUGER MNX                          6.45E-02    1.582E-04*   1.02E-05
           CK NNX                             6.38E+00    2.224E-05*   1.42E-04
 
           ALL LISTED X-RAYS, GAMMA-RAYS AND ANNIHILATION RADIATION    1.18E-02
           ALL NEGLECTED X-RAYS, GAMMA-RAYS AND ANNIH. RADIATION**     2.06E-05
           ALL LISTED BETAS, INTERNAL CONVERSION AND AUGER ELECTRONS   5.79E-03
           ALL LISTED RADIATIONS                                       1.76E-02
           ALL NEGLECTED RADIATIONS**                                  2.06E-05
 
           *  AVERAGE ENERGY (MEV)
           ** EACH NEGLECTED TRANSITION CONTRIBUTES LESS THAN  0.100%
              TO THE TOTAL MEV/TRANSFORMATION FOR THIS CATEGORY.
           TOTAL FEEDING OF GROUND STATE LEVEL IN 91-ZIRCONIUM
             DAUGHTER IS 1.0000E+00 PER TRANSFORMATION OF  91-NIOBIUM.
             THIS DAUGHTER GROUND STATE IS STABLE.
           - - - - - - - - - -
           INPUT DATA SOURCE: EVALUATED NUCLEAR STRUCTURE DATA FILE (ENSDF)
             DATE INPUT DATA WERE ENTERED INTO ENSDF: Feb-2001
%%%%  91 NB  41    EC B+        2.14592E+10 680 Y      02-11-2005       OUTPEND 
%%%%  91 NB  41    EC B+        2.14592E+10 680 Y      02-11-2005       BETASTAR
1
              91-NIOBIUM-41
+                                    HALFLIFE = 680 YEARS   
+                                                                  02-11-2005

            BETA SPECTRUM DATA FOR ALL DECAY BRANCHES

                      BETAS PER                BETAS PER                BETAS PER
            ENERGY    MEV            ENERGY    MEV            ENERGY    MEV
            (MEV)     PER DECAY      (MEV)     PER DECAY      (MEV)     PER DECAY

            0.00000   0.000E+00      0.00130   6.992E-10      0.01800   6.934E-04
            0.00010   0.000E+00      0.00140   1.832E-09      0.02000   8.902E-04
            0.00011   0.000E+00      0.00150   4.199E-09      0.02200   1.108E-03
            0.00012   0.000E+00      0.00160   8.632E-09      0.02400   1.344E-03
            0.00013   0.000E+00      0.00180   2.841E-08      0.02600   1.598E-03
            0.00014   0.000E+00      0.00200   7.310E-08      0.02800   1.866E-03
            0.00015   0.000E+00      0.00220   1.578E-07      0.03000   2.149E-03
            0.00016   0.000E+00      0.00240   2.996E-07      0.03200   2.443E-03
            0.00018   0.000E+00      0.00260   5.159E-07      0.03600   3.061E-03
            0.00020   0.000E+00      0.00280   8.240E-07      0.04000   3.709E-03
            0.00022   2.549E-28      0.00300   1.240E-06      0.04500   4.546E-03
            0.00024   3.694E-27      0.00320   1.779E-06      0.05000   5.397E-03
            0.00026   3.952E-26      0.00360   3.280E-06      0.05500   6.245E-03
            0.00028   3.316E-25      0.00400   5.421E-06      0.06000   7.079E-03
            0.00030   2.284E-24      0.00450   9.114E-06      0.06500   7.885E-03
            0.00032   1.339E-23      0.00500   1.405E-05      0.07000   8.654E-03
            0.00036   3.156E-22      0.00550   2.032E-05      0.07500   9.378E-03
            0.00040   5.079E-21      0.00600   2.800E-05      0.08000   1.005E-02
            0.00045   1.102E-19      0.00650   3.715E-05      0.08500   1.065E-02
            0.00050   1.694E-18      0.00700   4.783E-05      0.09000   1.119E-02
            0.00055   1.954E-17      0.00750   6.007E-05      0.10000   1.204E-02
            0.00060   1.751E-16      0.00800   7.390E-05      0.11000   1.256E-02
            0.00065   1.252E-15      0.00850   8.936E-05      0.12000   1.272E-02
            0.00070   7.296E-15      0.00900   1.065E-04      0.13000   1.252E-02
            0.00075   3.542E-14      0.01000   1.456E-04      0.14000   1.195E-02
            0.00080   1.461E-13      0.01100   1.915E-04      0.15000   1.103E-02
            0.00085   5.216E-13      0.01200   2.440E-04      0.16000   9.795E-03
            0.00090   1.638E-12      0.01300   3.032E-04      0.18000   6.627E-03
            0.00100   1.169E-11      0.01400   3.688E-04      0.20000   3.157E-03
            0.00110   5.883E-11      0.01500   4.408E-04      0.22000   5.215E-04
            0.00120   2.256E-10      0.01600   5.190E-04      0.23140   0.000E+00

            AVERAGE BETA ENERGY =   1.185E-01

            TOTAL BETAS PER DECAY FOR ALL BRANCHES =   1.570E-03
%%%%  91 NB  41    EC B+        2.14592E+10 680 Y      02-11-2005       BETAEND 
%%%%  91 NB  41    EC B+        2.14592E+10 680 Y      02-11-2005       SEEISTAR
 91.  NIOBIUM      41.  6.800E+02 YEARS     53 EC B+                 91.NB 41.   0
 4 1  1.57000E-01  1.18499E-01  2.31400E-01  1.00000E+00             91.NB 41.   1   1
 3 3  3.14000E-01  5.11000E-01  5.11000E-01  0.00000E+00             91.NB 41.   2   3
 2 1  1.83217E+01  1.56498E-02  1.56498E-02  0.00000E+00             91.NB 41.   3   1
 2 2  3.50617E+01  1.57372E-02  1.57372E-02  0.00000E+00             91.NB 41.   4   2
 2 3  2.76508E+00  1.76171E-02  1.76171E-02  0.00000E+00             91.NB 41.   5   3
 2 4  5.38435E+00  1.76312E-02  1.76312E-02  0.00000E+00             91.NB 41.   6   4
 2 5  1.15264E-02  1.77689E-02  1.77689E-02  0.00000E+00             91.NB 41.   7   5
 2 6  1.63725E-02  1.77715E-02  1.77715E-02  0.00000E+00             91.NB 41.   8   6
 2 7  4.52789E-01  1.79234E-02  1.79234E-02  0.00000E+00             91.NB 41.   9   7
 2 8  8.69601E-01  1.79252E-02  1.79252E-02  0.00000E+00             91.NB 41.  10   8
 2 9  1.62800E-04  1.79553E-02  1.79553E-02  0.00000E+00             91.NB 41.  11   9
 210  2.29707E-04  1.79555E-02  1.79555E-02  0.00000E+00             91.NB 41.  12  10
 221  2.89869E-04  2.02400E-04  2.02400E-04  0.00000E+00             91.NB 41.  13  21
 222  1.81094E-03  2.89800E-04  2.89800E-04  0.00000E+00             91.NB 41.  14  22
 223  3.36865E-02  2.16967E-03  2.16967E-03  0.00000E+00             91.NB 41.  15  23
 224  5.86312E-02  2.18372E-03  2.18372E-03  0.00000E+00             91.NB 41.  16  24
 225  2.58465E-04  2.32150E-03  2.32150E-03  0.00000E+00             91.NB 41.  17  25
 226  3.84858E-04  2.32411E-03  2.32411E-03  0.00000E+00             91.NB 41.  18  26
 227  4.87396E-03  2.47597E-03  2.47597E-03  0.00000E+00             91.NB 41.  19  27
 228  8.56050E-03  2.47787E-03  2.47787E-03  0.00000E+00             91.NB 41.  20  28
 229  2.85514E-06  2.50793E-03  2.50793E-03  0.00000E+00             91.NB 41.  21  29
 230  4.25218E-06  2.50808E-03  2.50808E-03  0.00000E+00             91.NB 41.  22  30
 241  1.12068E-07  8.73999E-05  8.73999E-05  0.00000E+00             91.NB 41.  23  41
 242  9.46120E-02  1.89014E-03  1.89014E-03  0.00000E+00             91.NB 41.  24  42
 243  8.40326E-04  1.98132E-03  1.98132E-03  0.00000E+00             91.NB 41.  25  43
 244  8.31129E-01  2.11911E-03  2.11911E-03  0.00000E+00             91.NB 41.  26  44
 245  6.50023E-03  2.25224E-03  2.25224E-03  0.00000E+00             91.NB 41.  27  45
 246  2.82073E-05  2.27546E-03  2.27546E-03  0.00000E+00             91.NB 41.  28  46
 247  1.04418E-02  2.30552E-03  2.30552E-03  0.00000E+00             91.NB 41.  29  47
 261  3.28070E-01  1.80274E-03  1.80274E-03  0.00000E+00             91.NB 41.  30  61
 262  1.31460E-03  1.87987E-03  1.87987E-03  0.00000E+00             91.NB 41.  31  62
 263  1.24248E-03  1.89392E-03  1.89392E-03  0.00000E+00             91.NB 41.  32  63
 264  1.98764E-01  2.03171E-03  2.03171E-03  0.00000E+00             91.NB 41.  33  64
 265  1.80883E+00  2.03430E-03  2.03430E-03  0.00000E+00             91.NB 41.  34  65
 266  1.50215E-02  2.16484E-03  2.16484E-03  0.00000E+00             91.NB 41.  35  66
 267  3.41620E-05  2.18617E-03  2.18617E-03  0.00000E+00             91.NB 41.  36  67
 268  3.27544E-05  2.18806E-03  2.18806E-03  0.00000E+00             91.NB 41.  37  68
 269  2.47638E-03  2.21813E-03  2.21813E-03  0.00000E+00             91.NB 41.  38  69
 270  2.19303E-02  2.21828E-03  2.21828E-03  0.00000E+00             91.NB 41.  39  70
 291  5.30451E-02  1.80290E-04  1.80290E-04  0.00000E+00             91.NB 41.  40  91
 292  8.45594E-04  2.37001E-05  2.37001E-05  0.00000E+00             91.NB 41.  41  92
 294  1.20313E+03  6.52412E-06  6.52412E-06  0.00000E+00             91.NB 41.  42  94
 7 1  1.70143E+01  1.33271E-02  1.33271E-02  0.00000E+00             91.NB 41.  43   1
 7 2  6.05960E+00  1.53342E-02  1.53342E-02  0.00000E+00             91.NB 41.  44   2
 7 3  5.18455E-01  1.73432E-02  1.73432E-02  0.00000E+00             91.NB 41.  45   3
 7 4  2.04800E+01  1.06747E-04  1.06747E-04  0.00000E+00             91.NB 41.  46   4
 7 5  9.04020E+01  1.75392E-03  1.75392E-03  0.00000E+00             91.NB 41.  47   5
 7 6  1.01395E+01  1.94487E-03  1.94487E-03  0.00000E+00             91.NB 41.  48   6
 7 7  3.96605E-01  2.18664E-03  2.18664E-03  0.00000E+00             91.NB 41.  49   7
 7 8  9.54220E+01  9.83128E-05  9.83128E-05  0.00000E+00             91.NB 41.  50   8
 7 9  2.18447E+02  1.17900E-04  1.17900E-04  0.00000E+00             91.NB 41.  51   9
 710  6.45168E+00  1.58219E-04  1.58219E-04  0.00000E+00             91.NB 41.  52  10
 712  6.37953E+02  2.22352E-05  2.22352E-05  0.00000E+00             91.NB 41.  53  12
%%%%  91 NB  41    EC B+        2.14592E+10 680 Y      02-11-2005       SEEIEND 
 


   ***************************************************** 
   *                 Radiation Summary                 * 
   ***************************************************** 
 
  Energy released by
    Gamma-ray                       (MeV) =   0.00000E+00
    X-ray                           (MeV) =   1.01335E-02
    Free-bound X-ray                (MeV) =   7.84934E-05
    Annihilation photon             (MeV) =   1.60454E-03
    Beta+ particle                  (MeV) =   1.86044E-04
    Neutrino                        (MeV) =   1.23398E+00
    Beta- particle                  (MeV) =   0.00000E+00
    Neutrino-                       (MeV) =   0.00000E+00
    Internal conv. electron         (MeV) =   0.00000E+00
    Auger and CK electron           (MeV) =   5.60336E-03
    Alpha particle                  (MeV) =   0.00000E+00
    Recoil nucleus                  (MeV) =   0.00000E+00
  E-total (except unplaced radiat.) (MeV) =   1.25159E+00
  E-unplaced radiation              (MeV) =   0.00000E+00
  Q-value from ENSDF data           (MeV) =   1.25340E+00
  Ratio of E-total/Q-value          ( % ) =   9.98557E+01
  Ratio of E-unplaced radi./Q-value ( % ) =   0.00000E+00

 
  Total yield of
    Gamma-ray                             =   0.00000E+00
    X-ray                                 =   6.63672E-01
    Free-bound X-ray                      =   1.20313E+01
    Annihilation photon                   =   3.14000E-03
    Beta+ particle                        =   1.57000E-03
    Beta- particle                        =   0.00000E+00
    Internal conv. electron               =   0.00000E+00
    Auger and CK electron                 =   1.10328E+01
    Alpha particle                        =   0.00000E+00
  Yield of unplaced radiation             =   0.00000E+00


%%%%  91 NB  41 M  IT EC B+     5.25830E+06 60.86 D    02-11-2005       BALASTAR
1  91M  NB  41 60.86 D         IT EC B+   
1INTENSITY AND ENERGY BALANCE DATA

              91M-NIOBIUM-41
+                                    HALFLIFE = 60.86 DAYS    
+                                                                  02-11-2005


    LEVEL       INTENSITY   INTENSITY
    ENERGY      ENTERING    LEAVING     PERCENT
    (MEV)       LEVEL       LEVEL       ERROR

   0.0000E+00  1.0075E+02
   1.0460E-01  1.0075E+02  1.0075E+02  0.0000E+00                      
   0.0000E+00  3.4134E+00
   1.2047E+00  2.0075E+00  2.0209E+00  6.6628E-01                      


 INTENSITY TO GROUND AND ISOMERIC STATE(S) OF DAUGHTER(S)=  1.042E+02
 TOTAL INTENSITY FROM PARENT=  1.041E+02
 PERCENT ERROR =  1.288E-02                      


 TOTAL INTENSITY FROM PARENT =  1.041E+02
 VALUE IS WITHIN   4.15E+00% OF 100                      


 TOTAL ENERGY AVAILABLE =  1.516E-01 MEV
 TOTAL ENERGY CONTENT OF ALL RADIATIONS =  1.517E-01 MEV
 PERCENT ERROR =  1.197E-01                      
%%%%  91 NB  41 M  IT EC B+     5.25830E+06 60.86 D    02-11-2005       BALAEND 
%%%%  91 NB  41 M  IT EC B+     5.25830E+06 60.86 D    02-11-2005       INPUSTAR
1                                      **INPUT DATA**
              91M-NIOBIUM-41
+                                    HALFLIFE = 60.86 DAYS    
+                                                                  02-11-2005

            MODES OF DECAY: ISOMERIC LEVEL, ELECTRON CAPTURE, BETA PLUS
 
                                MEAN
                                NUMBER/    TRANSITION
                TYPE OF    ID   TRANSFOR-  ENERGY
              TRANSITION   NO.  MATION     (MEV)       OTHER NUCLEAR PARAMETERS

           I.C.E. + GAMMA   1   1.01E+00   1.046E-01   M4 MULTIPOLE                             
+                                                                    AK= 118.                   
                                                       AL1=22.1      AL2=4.69                   
                                                       AL3=18.5      AM= 8.83                   
                                                       AN+=1.42                                 
           ELECT. CAPTURE   1   2.01E-02   1.533E-01   FIRST FORBIDDEN                          
           ELECT. CAPTURE   2   1.39E-02   1.358E+00   UNIQUE FIRST FORBIDDEN                   
                BETA PLUS   1   1.19E-05   3.360E-01*  UNIQUE FIRST FORBIDDEN                   
           I.C.E. + GAMMA   1   2.02E-02   1.205E+00   E2 MULTIPOLE                             
 
           * ENDPOINT ENERGY (MEV)
           - - - - - - - - - -
           Reference: Evaluated Nuclear Structure Data File (ENSDF)
                DATE DATA WERE ENTERED INTO ENSDF: Feb-2001
%%%%  91 NB  41 M  IT EC B+     5.25830E+06 60.86 D    02-11-2005       INPUEND 
%%%%  91 NB  41 M  IT EC B+     5.25830E+06 60.86 D    02-11-2005       OUTPSTAR
1                                      **OUTPUT DATA**
              91M-NIOBIUM-41
+                                    HALFLIFE = 60.86 DAYS    
+                                                                  02-11-2005

            MODES OF DECAY: ISOMERIC LEVEL, ELECTRON CAPTURE, BETA PLUS
 
                                              MEAN
                                              NUMBER/                  MEV/
                                         ID   TRANSFOR-   ENERGY       TRANSFOR-
                  TYPE OF RADIATION      NO.  MATION      (MEV)        MATION

           GAMMA-RAY                      1   5.79E-03    1.046E-01    6.05E-04
           K CONV. ELECTRON, GAMMA-RAY    1   6.80E-01    8.567E-02    5.83E-02
           L1 CONV. ELECTRON, GAMMA-RAY   1   1.28E-01    1.019E-01    1.30E-02
           L2 CONV. ELECTRON, GAMMA-RAY   1   2.71E-02    1.022E-01    2.77E-03
           L3 CONV. ELECTRON, GAMMA-RAY   1   1.07E-01    1.023E-01    1.10E-02
           M CONV. ELECTRON, GAMMA-RAY    1   5.11E-02    1.043E-01*   5.32E-03
           N+ CONV. ELECTRON, GAMMA-RAY   1   8.22E-03    1.046E-01*   8.60E-04
           K -L2 X-RAY                        1.47E-01    1.648E-02    2.43E-03
           K -L3 X-RAY                        2.82E-01    1.658E-02    4.67E-03
           K -M2 X-RAY                        2.26E-02    1.857E-02    4.19E-04
           K -M3 X-RAY                        4.40E-02    1.859E-02    8.17E-04
           K -N2 X-RAY                        3.99E-03    1.891E-02    7.54E-05
           K -N3 X-RAY                        7.63E-03    1.891E-02    1.44E-04
           L3-M5 X-RAY                        1.91E-02    2.157E-03    4.11E-05
           Free-Bound X-RAY                   1.05E+01    5.830E-06    6.12E-05
           AUGER KLL                          1.24E-01    1.401E-02*   1.74E-03
           AUGER KLX                          4.50E-02    1.614E-02*   7.26E-04
           AUGER LMM                          8.37E-01    1.852E-03*   1.55E-03
           AUGER LMX                          1.07E-01    2.072E-03*   2.22E-04
           AUGER MNN                          2.09E+00    1.490E-04*   3.12E-04
           CK NNX                             5.17E+00    2.532E-05*   1.31E-04
           GAMMA-RAY                      1   2.02E-02    1.205E+00    2.43E-02
           K -L2 X-RAY                        6.15E-03    1.565E-02    9.62E-05
           K -L3 X-RAY                        1.18E-02    1.574E-02    1.85E-04
 
           ALL LISTED X-RAYS, GAMMA-RAYS AND ANNIHILATION RADIATION    3.39E-02
           ALL NEGLECTED X-RAYS, GAMMA-RAYS AND ANNIH. RADIATION**     1.14E-04
           ALL LISTED BETAS, INTERNAL CONVERSION AND AUGER ELECTRONS   9.59E-02
           ALL NEGLECTED BETAS, INT. CONVERSION AND AUGER ELECTRONS**  4.01E-04
           ALL LISTED RADIATIONS                                       1.30E-01
           ALL NEGLECTED RADIATIONS**                                  5.15E-04
 
           *  AVERAGE ENERGY (MEV)
           ** EACH NEGLECTED TRANSITION CONTRIBUTES LESS THAN  0.100%
              TO THE TOTAL MEV/TRANSFORMATION FOR THIS CATEGORY.
           TOTAL FEEDING OF GROUND STATE LEVEL IN 91-NIOBIUM
             DAUGHTER IS 9.6600E-01  PER TRANSFORMATION OF  91M-NIOBIUM.
             DECAY OF THIS 680 YEARS HALFLIFE LEVEL WILL CONTRIBUTE TO DOSE.
           TOTAL FEEDING OF GROUND STATE LEVEL IN 91-ZIRCONIUM
             DAUGHTER IS 3.4000E-02  PER TRANSFORMATION OF  91M-NIOBIUM.
             THIS DAUGHTER GROUND STATE IS STABLE.
           - - - - - - - - - -
           INPUT DATA SOURCE: EVALUATED NUCLEAR STRUCTURE DATA FILE (ENSDF)
             DATE INPUT DATA WERE ENTERED INTO ENSDF: Feb-2001
%%%%  91 NB  41 M  IT EC B+     5.25830E+06 60.86 D    02-11-2005       OUTPEND 
%%%%  91 NB  41 M  IT EC B+     5.25830E+06 60.86 D    02-11-2005       BETASTAR
1
              91M-NIOBIUM-41
+                                    HALFLIFE = 60.86 DAYS    
+                                                                  02-11-2005

            BETA SPECTRUM DATA FOR ALL DECAY BRANCHES

                      BETAS PER                BETAS PER                BETAS PER
            ENERGY    MEV            ENERGY    MEV            ENERGY    MEV
            (MEV)     PER DECAY      (MEV)     PER DECAY      (MEV)     PER DECAY

            0.00000   0.000E+00      0.00150   1.526E-11      0.02600   5.577E-06
            0.00010   0.000E+00      0.00160   3.135E-11      0.02800   6.510E-06
            0.00011   0.000E+00      0.00180   1.030E-10      0.03000   7.490E-06
            0.00012   0.000E+00      0.00200   2.648E-10      0.03200   8.512E-06
            0.00013   0.000E+00      0.00220   5.710E-10      0.03600   1.066E-05
            0.00014   0.000E+00      0.00240   1.083E-09      0.04000   1.292E-05
            0.00015   0.000E+00      0.00260   1.862E-09      0.04500   1.586E-05
            0.00016   0.000E+00      0.00280   2.971E-09      0.05000   1.888E-05
            0.00018   0.000E+00      0.00300   4.467E-09      0.05500   2.194E-05
            0.00020   0.000E+00      0.00320   6.402E-09      0.06000   2.500E-05
            0.00022   9.335E-31      0.00360   1.178E-08      0.06500   2.804E-05
            0.00024   1.353E-29      0.00400   1.945E-08      0.07000   3.104E-05
            0.00026   1.447E-28      0.00450   3.264E-08      0.07500   3.398E-05
            0.00028   1.214E-27      0.00500   5.023E-08      0.08000   3.683E-05
            0.00030   8.364E-27      0.00550   7.255E-08      0.08500   3.960E-05
            0.00032   4.904E-26      0.00600   9.986E-08      0.09000   4.226E-05
            0.00036   1.156E-24      0.00650   1.324E-07      0.10000   4.723E-05
            0.00040   1.859E-23      0.00700   1.702E-07      0.11000   5.166E-05
            0.00045   4.034E-22      0.00750   2.136E-07      0.12000   5.551E-05
            0.00050   6.201E-21      0.00800   2.625E-07      0.13000   5.871E-05
            0.00055   7.150E-20      0.00850   3.172E-07      0.14000   6.122E-05
            0.00060   6.406E-19      0.00900   3.776E-07      0.15000   6.301E-05
            0.00065   4.577E-18      0.01000   5.157E-07      0.16000   6.404E-05
            0.00070   2.668E-17      0.01100   6.771E-07      0.18000   6.375E-05
            0.00075   1.295E-16      0.01200   8.617E-07      0.20000   6.029E-05
            0.00080   5.339E-16      0.01300   1.069E-06      0.22000   5.378E-05
            0.00085   1.905E-15      0.01400   1.299E-06      0.24000   4.462E-05
            0.00090   5.983E-15      0.01500   1.551E-06      0.26000   3.353E-05
            0.00100   4.267E-14      0.01600   1.825E-06      0.28000   2.163E-05
            0.00110   2.145E-13      0.01800   2.433E-06      0.30000   1.054E-05
            0.00120   8.217E-13      0.02000   3.119E-06      0.32000   2.436E-06
            0.00130   2.545E-12      0.02200   3.876E-06      0.33600   0.000E+00
            0.00140   6.665E-12      0.02400   4.697E-06

            AVERAGE BETA ENERGY =   1.677E-01

            TOTAL BETAS PER DECAY FOR ALL BRANCHES =   1.193E-05
%%%%  91 NB  41 M  IT EC B+     5.25830E+06 60.86 D    02-11-2005       BETAEND 
%%%%  91 NB  41 M  IT EC B+     5.25830E+06 60.86 D    02-11-2005       SEEISTAR
 91.M NIOBIUM      41.  6.086E+01 DAYS     118 IT EC B+              91.NB 41.   0
 1 1  5.78634E-01  1.04620E-01  1.04620E-01  0.00000E+00             91.NB 41.   1   1
 6 1  6.80245E+01  8.56720E-02  8.56720E-02  1.00000E+00             91.NB 41.   2   1
 6 5  1.27709E+01  1.01944E-01  1.01944E-01  1.00000E+00             91.NB 41.   3   5
 6 6  2.71139E+00  1.02153E-01  1.02153E-01  1.00000E+00             91.NB 41.   4   6
 6 7  1.07320E+01  1.02251E-01  1.02251E-01  1.00000E+00             91.NB 41.   5   7
 6 3  5.10678E+00  1.04261E-01  1.04261E-01  1.00000E+00             91.NB 41.   6   3
 6 4  8.21785E-01  1.04620E-01  1.04620E-01  1.00000E+00             91.NB 41.   7   4
 2 1  1.47436E+01  1.64814E-02  1.64814E-02  0.00000E+00             91.NB 41.   8   1
 2 2  2.81546E+01  1.65789E-02  1.65789E-02  0.00000E+00             91.NB 41.   9   2
 2 3  2.25718E+00  1.85728E-02  1.85728E-02  0.00000E+00             91.NB 41.  10   3
 2 4  4.39540E+00  1.85887E-02  1.85887E-02  0.00000E+00             91.NB 41.  11   4
 2 5  1.01778E-02  1.87332E-02  1.87332E-02  0.00000E+00             91.NB 41.  12   5
 2 6  1.44219E-02  1.87362E-02  1.87362E-02  0.00000E+00             91.NB 41.  13   6
 2 7  3.99045E-01  1.89073E-02  1.89073E-02  0.00000E+00             91.NB 41.  14   7
 2 8  7.63031E-01  1.89096E-02  1.89096E-02  0.00000E+00             91.NB 41.  15   8
 2 9  2.91546E-04  1.89420E-02  1.89420E-02  0.00000E+00             91.NB 41.  16   9
 210  4.08670E-04  1.89422E-02  1.89422E-02  0.00000E+00             91.NB 41.  17  10
 221  2.87522E-04  2.09700E-04  2.09700E-04  0.00000E+00             91.NB 41.  18  21
 222  1.81254E-03  3.07200E-04  3.07200E-04  0.00000E+00             91.NB 41.  19  22
 223  3.65816E-02  2.30108E-03  2.30108E-03  0.00000E+00             91.NB 41.  20  23
 224  6.33257E-02  2.31702E-03  2.31702E-03  0.00000E+00             91.NB 41.  21  24
 225  2.97533E-04  2.46148E-03  2.46148E-03  0.00000E+00             91.NB 41.  22  25
 226  4.43295E-04  2.46449E-03  2.46449E-03  0.00000E+00             91.NB 41.  23  26
 227  5.47024E-03  2.63572E-03  2.63572E-03  0.00000E+00             91.NB 41.  24  27
 228  9.54274E-03  2.63794E-03  2.63794E-03  0.00000E+00             91.NB 41.  25  28
 229  6.56522E-06  2.67036E-03  2.67036E-03  0.00000E+00             91.NB 41.  26  29
 230  9.74515E-06  2.67054E-03  2.67054E-03  0.00000E+00             91.NB 41.  27  30
 241  1.17401E-07  9.74999E-05  9.74999E-05  0.00000E+00             91.NB 41.  28  41
 242  8.15004E-02  2.01062E-03  2.01062E-03  0.00000E+00             91.NB 41.  29  42
 243  7.64864E-04  2.10732E-03  2.10732E-03  0.00000E+00             91.NB 41.  30  43
 244  7.89060E-01  2.25178E-03  2.25178E-03  0.00000E+00             91.NB 41.  31  44
 245  6.04409E-03  2.40315E-03  2.40315E-03  0.00000E+00             91.NB 41.  32  45
 246  2.83872E-05  2.42824E-03  2.42824E-03  0.00000E+00             91.NB 41.  33  46
 247  1.94954E-02  2.46066E-03  2.46066E-03  0.00000E+00             91.NB 41.  34  47
 261  3.31340E-01  1.91312E-03  1.91312E-03  0.00000E+00             91.NB 41.  35  61
 262  1.37239E-03  1.99389E-03  1.99389E-03  0.00000E+00             91.NB 41.  36  62
 263  1.29295E-03  2.00982E-03  2.00982E-03  0.00000E+00             91.NB 41.  37  63
 264  2.14694E-01  2.15428E-03  2.15428E-03  0.00000E+00             91.NB 41.  38  64
 265  1.90732E+00  2.15729E-03  2.15729E-03  0.00000E+00             91.NB 41.  39  65
 266  1.59493E-02  2.30565E-03  2.30565E-03  0.00000E+00             91.NB 41.  40  66
 267  3.91275E-05  2.32852E-03  2.32852E-03  0.00000E+00             91.NB 41.  41  67
 268  3.74453E-05  2.33074E-03  2.33074E-03  0.00000E+00             91.NB 41.  42  68
 269  5.25254E-03  2.36316E-03  2.36316E-03  0.00000E+00             91.NB 41.  43  69
 270  4.63292E-02  2.36333E-03  2.36333E-03  0.00000E+00             91.NB 41.  44  70
 291  6.21913E-02  2.01805E-04  2.01805E-04  0.00000E+00             91.NB 41.  45  91
 292  9.96532E-04  2.62818E-05  2.62818E-05  0.00000E+00             91.NB 41.  46  92
 294  1.04940E+03  5.83022E-06  5.83022E-06  0.00000E+00             91.NB 41.  47  94
 7 1  1.23957E+01  1.40095E-02  1.40095E-02  0.00000E+00             91.NB 41.  48   1
 7 2  4.49706E+00  1.61428E-02  1.61428E-02  0.00000E+00             91.NB 41.  49   2
 7 3  3.93593E-01  1.82785E-02  1.82785E-02  0.00000E+00             91.NB 41.  50   3
 7 4  1.98592E+01  1.08895E-04  1.08895E-04  0.00000E+00             91.NB 41.  51   4
 7 5  8.37165E+01  1.85152E-03  1.85152E-03  0.00000E+00             91.NB 41.  52   5
 7 6  1.07154E+01  2.07243E-03  2.07243E-03  0.00000E+00             91.NB 41.  53   6
 7 7  4.32870E-01  2.33310E-03  2.33310E-03  0.00000E+00             91.NB 41.  54   7
 7 8  8.86621E+01  1.03286E-04  1.03286E-04  0.00000E+00             91.NB 41.  55   8
 7 9  2.09375E+02  1.48991E-04  1.48991E-04  0.00000E+00             91.NB 41.  56   9
 710  2.30656E+00  1.89295E-04  1.89295E-04  0.00000E+00             91.NB 41.  57  10
 712  5.16915E+02  2.53216E-05  2.53216E-05  0.00000E+00             91.NB 41.  58  12
 4 1  1.19256E-03  1.67691E-01  3.36000E-01  1.00000E+00             91.NB 41.  59   1
 3 3  2.38513E-03  5.11000E-01  5.11000E-01  0.00000E+00             91.NB 41.  60   3
 1 1  2.02000E+00  1.20467E+00  1.20467E+00  0.00000E+00             91.NB 41.  61   1
 6 1  7.94630E-04  1.18671E+00  1.18671E+00  1.00000E+00             91.NB 41.  62   1
 6 5  8.40225E-05  1.20216E+00  1.20216E+00  1.00000E+00             91.NB 41.  63   5
 6 6  1.94525E-06  1.20236E+00  1.20236E+00  1.00000E+00             91.NB 41.  64   6
 6 7  1.76186E-06  1.20245E+00  1.20245E+00  1.00000E+00             91.NB 41.  65   7
 6 3  1.53669E-05  1.20434E+00  1.20434E+00  1.00000E+00             91.NB 41.  66   3
 6 4  2.64764E-06  1.20467E+00  1.20467E+00  1.00000E+00             91.NB 41.  67   4
 2 1  6.14900E-01  1.56498E-02  1.56498E-02  0.00000E+00             91.NB 41.  68   1
 2 2  1.17671E+00  1.57372E-02  1.57372E-02  0.00000E+00             91.NB 41.  69   2
 2 3  9.27993E-02  1.76171E-02  1.76171E-02  0.00000E+00             91.NB 41.  70   3
 2 4  1.80705E-01  1.76312E-02  1.76312E-02  0.00000E+00             91.NB 41.  71   4
 2 5  3.86839E-04  1.77689E-02  1.77689E-02  0.00000E+00             91.NB 41.  72   5
 2 6  5.49480E-04  1.77715E-02  1.77715E-02  0.00000E+00             91.NB 41.  73   6
 2 7  1.51961E-02  1.79234E-02  1.79234E-02  0.00000E+00             91.NB 41.  74   7
 2 8  2.91849E-02  1.79252E-02  1.79252E-02  0.00000E+00             91.NB 41.  75   8
 2 9  5.46375E-06  1.79553E-02  1.79553E-02  0.00000E+00             91.NB 41.  76   9
 210  7.70924E-06  1.79555E-02  1.79555E-02  0.00000E+00             91.NB 41.  77  10
 221  1.02940E-05  2.02400E-04  2.02400E-04  0.00000E+00             91.NB 41.  78  21
 222  6.43111E-05  2.89800E-04  2.89800E-04  0.00000E+00             91.NB 41.  79  22
 223  1.19629E-03  2.16967E-03  2.16967E-03  0.00000E+00             91.NB 41.  80  23
 224  2.08215E-03  2.18372E-03  2.18372E-03  0.00000E+00             91.NB 41.  81  24
 225  9.17875E-06  2.32150E-03  2.32150E-03  0.00000E+00             91.NB 41.  82  25
 226  1.36673E-05  2.32411E-03  2.32411E-03  0.00000E+00             91.NB 41.  83  26
 227  1.73087E-04  2.47597E-03  2.47597E-03  0.00000E+00             91.NB 41.  84  27
 228  3.04006E-04  2.47787E-03  2.47787E-03  0.00000E+00             91.NB 41.  85  28
 229  1.01393E-07  2.50793E-03  2.50793E-03  0.00000E+00             91.NB 41.  86  29
 230  1.51006E-07  2.50808E-03  2.50808E-03  0.00000E+00             91.NB 41.  87  30
 241  3.77204E-09  8.73999E-05  8.73999E-05  0.00000E+00             91.NB 41.  88  41
 242  3.18450E-03  1.89014E-03  1.89014E-03  0.00000E+00             91.NB 41.  89  42
 243  2.82841E-05  1.98132E-03  1.98132E-03  0.00000E+00             91.NB 41.  90  43
 244  2.79746E-02  2.11911E-03  2.11911E-03  0.00000E+00             91.NB 41.  91  44
 245  2.18788E-04  2.25224E-03  2.25224E-03  0.00000E+00             91.NB 41.  92  45
 246  9.49415E-07  2.27546E-03  2.27546E-03  0.00000E+00             91.NB 41.  93  46
 247  3.51457E-04  2.30552E-03  2.30552E-03  0.00000E+00             91.NB 41.  94  47
 261  1.11400E-02  1.80274E-03  1.80274E-03  0.00000E+00             91.NB 41.  95  61
 262  4.46386E-05  1.87987E-03  1.87987E-03  0.00000E+00             91.NB 41.  96  62
 263  4.21898E-05  1.89392E-03  1.89392E-03  0.00000E+00             91.NB 41.  97  63
 264  6.74923E-03  2.03171E-03  2.03171E-03  0.00000E+00             91.NB 41.  98  64
 265  6.14207E-02  2.03430E-03  2.03430E-03  0.00000E+00             91.NB 41.  99  65
 266  5.10070E-04  2.16484E-03  2.16484E-03  0.00000E+00             91.NB 41. 100  66
 267  1.16001E-06  2.18617E-03  2.18617E-03  0.00000E+00             91.NB 41. 101  67
 268  1.11221E-06  2.18806E-03  2.18806E-03  0.00000E+00             91.NB 41. 102  68
 269  8.40881E-05  2.21813E-03  2.21813E-03  0.00000E+00             91.NB 41. 103  69
 270  7.44666E-04  2.21828E-03  2.21828E-03  0.00000E+00             91.NB 41. 104  70
 291  1.80320E-03  1.80370E-04  1.80370E-04  0.00000E+00             91.NB 41. 105  91
 292  2.88034E-05  2.36994E-05  2.36994E-05  0.00000E+00             91.NB 41. 106  92
 294  4.09618E+01  6.52411E-06  6.52411E-06  0.00000E+00             91.NB 41. 107  94
 7 1  5.71021E-01  1.33271E-02  1.33271E-02  0.00000E+00             91.NB 41. 108   1
 7 2  2.03368E-01  1.53342E-02  1.53342E-02  0.00000E+00             91.NB 41. 109   2
 7 3  1.74000E-02  1.73432E-02  1.73432E-02  0.00000E+00             91.NB 41. 110   3
 7 4  7.20499E-01  1.07281E-04  1.07281E-04  0.00000E+00             91.NB 41. 111   4
 7 5  3.06745E+00  1.75408E-03  1.75408E-03  0.00000E+00             91.NB 41. 112   5
 7 6  3.44196E-01  1.94519E-03  1.94519E-03  0.00000E+00             91.NB 41. 113   6
 7 7  1.34658E-02  2.18706E-03  2.18706E-03  0.00000E+00             91.NB 41. 114   7
 7 8  3.24730E+00  9.82224E-05  9.82224E-05  0.00000E+00             91.NB 41. 115   8
 7 9  7.43604E+00  1.17920E-04  1.17920E-04  0.00000E+00             91.NB 41. 116   9
 710  2.19659E-01  1.58277E-04  1.58277E-04  0.00000E+00             91.NB 41. 117  10
 712  2.17217E+01  2.22340E-05  2.22340E-05  0.00000E+00             91.NB 41. 118  12
%%%%  91 NB  41 M  IT EC B+     5.25830E+06 60.86 D    02-11-2005       SEEIEND 
 


   ***************************************************** 
   *                 Radiation Summary                 * 
   ***************************************************** 
 
  Energy released by
    Gamma-ray                       (MeV) =   2.49397E-02
    X-ray                           (MeV) =   8.97520E-03
    Free-bound X-ray                (MeV) =   6.38548E-05
    Annihilation photon             (MeV) =   1.21880E-05
    Beta+ particle                  (MeV) =   1.99982E-06
    Neutrino                        (MeV) =   2.13986E-02
    Beta- particle                  (MeV) =   0.00000E+00
    Neutrino-                       (MeV) =   0.00000E+00
    Internal conv. electron         (MeV) =   9.12353E-02
    Auger and CK electron           (MeV) =   5.06608E-03
    Alpha particle                  (MeV) =   0.00000E+00
    Recoil nucleus                  (MeV) =   0.00000E+00
  E-total (except unplaced radiat.) (MeV) =   1.51693E-01
  E-unplaced radiation              (MeV) =   0.00000E+00
  Q-value from ENSDF data           (MeV) =   1.47216E-01
  Ratio of E-total/Q-value          ( % ) =   1.03041E+02
  Ratio of E-unplaced radi./Q-value ( % ) =   0.00000E+00

 
  Total yield of
    Gamma-ray                             =   2.59864E-02
    X-ray                                 =   5.65683E-01
    Free-bound X-ray                      =   1.09036E+01
    Annihilation photon                   =   2.38513E-05
    Beta+ particle                        =   1.19256E-05
    Beta- particle                        =   0.00000E+00
    Internal conv. electron               =   1.00168E+00
    Auger and CK electron                 =   9.86831E+00
    Alpha particle                        =   0.00000E+00
  Yield of unplaced radiation             =   0.00000E+00


