%%%%  97 NB  41    B-           4.32600E+03    72.1 M  02-11-2005       BALASTAR
1  97   NB  41    72.1 M       B-         
1INTENSITY AND ENERGY BALANCE DATA

              97-NIOBIUM-41
+                                    HALFLIFE = 72.1 MINUTES 
+                                                                  02-11-2005


    LEVEL       INTENSITY   INTENSITY
    ENERGY      ENTERING    LEAVING     PERCENT
    (MEV)       LEVEL       LEVEL       ERROR

   0.0000E+00  9.9995E+01
   6.5797E-01  9.8426E+01  9.8433E+01  7.1853E-03                      
   7.1949E-01  1.0558E-01  9.0524E-02  1.5357E+01  ********************
   1.0244E+00  1.0899E+00  1.0912E+00  1.1884E-01                      
   1.1170E+00  8.4992E-02  8.5512E-02  6.0946E-01                      
   1.2687E+00  1.9598E-01  1.9669E-01  3.5890E-01                      
   1.5156E+00  1.6698E-01  1.6708E-01  5.7942E-02                      
   1.6291E+00  6.4994E-02  6.4879E-02  1.7661E-01                      


 INTENSITY TO GROUND AND ISOMERIC STATE(S) OF DAUGHTER(S)=  9.999E+01
 TOTAL INTENSITY FROM PARENT=  1.000E+02
 PERCENT ERROR =  5.493E-03                      


 TOTAL INTENSITY FROM PARENT =  1.000E+02
 VALUE IS WITHIN   0.00E+00% OF 100                      


 TOTAL ENERGY AVAILABLE =  1.934E+00 MEV
 TOTAL ENERGY CONTENT OF ALL RADIATIONS =  1.934E+00 MEV
 PERCENT ERROR =  3.273E-03                      
%%%%  97 NB  41    B-           4.32600E+03    72.1 M  02-11-2005       BALAEND 
%%%%  97 NB  41    B-           4.32600E+03    72.1 M  02-11-2005       INPUSTAR
1                                      **INPUT DATA**
              97-NIOBIUM-41
+                                    HALFLIFE = 72.1 MINUTES 
+                                                                  02-11-2005

            MODE OF DECAY: BETA MINUS
 
                                MEAN
                                NUMBER/    TRANSITION
                TYPE OF    ID   TRANSFOR-  ENERGY
              TRANSITION   NO.  MATION     (MEV)       OTHER NUCLEAR PARAMETERS

               BETA MINUS   1   6.50E-04   3.047E-01*  ALLOWED                                  
               BETA MINUS   2   1.67E-03   4.182E-01*  ALLOWED                                  
               BETA MINUS   3   1.96E-03   6.652E-01*  ALLOWED                                  
               BETA MINUS   4   8.50E-04   8.168E-01*  ALLOWED                                  
               BETA MINUS   5   1.09E-02   9.094E-01*  ALLOWED                                  
               BETA MINUS   6   1.60E-04   1.214E+00*  SECOND FORBIDDEN                         
               BETA MINUS   7   9.84E-01   1.276E+00*  ALLOWED                                  
           I.C.E. + GAMMA   1   4.91E-04   1.780E-01   UNPLACED GAMMA                           
           I.C.E. + GAMMA   2   4.91E-04   2.384E-01   UNPLACED GAMMA                           
           I.C.E. + GAMMA   3   4.93E-04   5.493E-01   M1 MULTIPOLE                             
+                                                                    AK= 0.00276                
           I.C.E. + GAMMA   4   9.84E-01   6.579E-01   M1+E2 MULTIPOLE                          
                                                       MRS=0.00250   AK= 0.00182                
           I.C.E. + GAMMA   5   9.05E-04   7.195E-01   M1 MULTIPOLE                             
+                                                                    AK= 0.00149                
           I.C.E. + GAMMA   6   4.52E-04   8.575E-01   M1 MULTIPOLE                             
+                                                                    AK= 0.00101                
           I.C.E. + GAMMA   7   4.03E-04   9.096E-01   M1 MULTIPOLE                             
           I.C.E. + GAMMA   8   1.09E-02   1.024E+00   M1 MULTIPOLE                             
           I.C.E. + GAMMA   9   8.55E-04   1.117E+00   E2 MULTIPOLE                             
           I.C.E. + GAMMA  10   4.91E-04   1.149E+00   UNPLACED GAMMA                           
           I.C.E. + GAMMA  11   1.47E-03   1.269E+00   M1 MULTIPOLE                             
           I.C.E. + GAMMA  12   1.22E-03   1.516E+00   E2 MULTIPOLE                             
           I.C.E. + GAMMA  13   2.46E-04   1.629E+00   M1 MULTIPOLE                             
 
           * ENDPOINT ENERGY (MEV)
           - - - - - - - - - -
           Reference: Evaluated Nuclear Structure Data File (ENSDF)
                DATE DATA WERE ENTERED INTO ENSDF: Nov-1993
%%%%  97 NB  41    B-           4.32600E+03    72.1 M  02-11-2005       INPUEND 
%%%%  97 NB  41    B-           4.32600E+03    72.1 M  02-11-2005       OUTPSTAR
1                                      **OUTPUT DATA**
              97-NIOBIUM-41
+                                    HALFLIFE = 72.1 MINUTES 
+                                                                  02-11-2005

            MODE OF DECAY: BETA MINUS
 
                                              MEAN
                                              NUMBER/                  MEV/
                                         ID   TRANSFOR-   ENERGY       TRANSFOR-
                  TYPE OF RADIATION      NO.  MATION      (MEV)        MATION

           BETA MINUS                     5   1.09E-02    3.152E-01*   3.44E-03
           BETA MINUS                     7   9.84E-01    4.702E-01*   4.63E-01
           GAMMA-RAY                      4   9.82E-01    6.579E-01    6.46E-01
           K CONV. ELECTRON, GAMMA-RAY    4   1.79E-03    6.380E-01    1.14E-03
           GAMMA-RAY                      8   1.09E-02    1.024E+00    1.12E-02
           GAMMA-RAY                      9   8.55E-04    1.117E+00    9.55E-04
           GAMMA-RAY                     11   1.47E-03    1.269E+00    1.87E-03
           GAMMA-RAY                     12   1.22E-03    1.516E+00    1.85E-03
 
           ALL LISTED X-RAYS, GAMMA-RAYS AND ANNIHILATION RADIATION    6.62E-01
           ALL NEGLECTED X-RAYS, GAMMA-RAYS AND ANNIH. RADIATION**     2.87E-03
           ALL LISTED BETAS, INTERNAL CONVERSION AND AUGER ELECTRONS   4.67E-01
           ALL NEGLECTED BETAS, INT. CONVERSION AND AUGER ELECTRONS**  1.19E-03
           ALL LISTED RADIATIONS                                       1.13E+00
           ALL NEGLECTED RADIATIONS**                                  4.06E-03
 
           *  AVERAGE ENERGY (MEV)
           ** EACH NEGLECTED TRANSITION CONTRIBUTES LESS THAN  0.100%
              TO THE TOTAL MEV/TRANSFORMATION FOR THIS CATEGORY.
           TOTAL FEEDING OF GROUND STATE LEVEL IN 97-MOLYBDENUM
             DAUGHTER IS 1.0000E+00 PER TRANSFORMATION OF  97-NIOBIUM.
             THIS DAUGHTER GROUND STATE IS STABLE.
           - - - - - - - - - -
           INPUT DATA SOURCE: EVALUATED NUCLEAR STRUCTURE DATA FILE (ENSDF)
             DATE INPUT DATA WERE ENTERED INTO ENSDF: Nov-1993
%%%%  97 NB  41    B-           4.32600E+03    72.1 M  02-11-2005       OUTPEND 
%%%%  97 NB  41    B-           4.32600E+03    72.1 M  02-11-2005       BETASTAR
1
              97-NIOBIUM-41
+                                    HALFLIFE = 72.1 MINUTES 
+                                                                  02-11-2005

            BETA SPECTRUM DATA FOR ALL DECAY BRANCHES

                      BETAS PER                BETAS PER                BETAS PER
            ENERGY    MEV            ENERGY    MEV            ENERGY    MEV
            (MEV)     PER DECAY      (MEV)     PER DECAY      (MEV)     PER DECAY

            0.00000   8.561E-01      0.00240   8.568E-01      0.06500   9.503E-01
            0.00010   8.562E-01      0.00260   8.569E-01      0.07000   9.586E-01
            0.00011   8.562E-01      0.00280   8.569E-01      0.07500   9.668E-01
            0.00012   8.562E-01      0.00300   8.570E-01      0.08000   9.751E-01
            0.00013   8.562E-01      0.00320   8.570E-01      0.08500   9.833E-01
            0.00014   8.562E-01      0.00360   8.571E-01      0.09000   9.914E-01
            0.00015   8.562E-01      0.00400   8.572E-01      0.10000   1.007E+00
            0.00016   8.562E-01      0.00450   8.574E-01      0.11000   1.023E+00
            0.00018   8.562E-01      0.00500   8.575E-01      0.12000   1.039E+00
            0.00020   8.562E-01      0.00550   8.576E-01      0.13000   1.053E+00
            0.00022   8.562E-01      0.00600   8.578E-01      0.14000   1.068E+00
            0.00024   8.562E-01      0.00650   8.584E-01      0.15000   1.082E+00
            0.00026   8.562E-01      0.00700   8.591E-01      0.16000   1.095E+00
            0.00028   8.562E-01      0.00750   8.599E-01      0.18000   1.120E+00
            0.00030   8.562E-01      0.00800   8.606E-01      0.20000   1.143E+00
            0.00032   8.562E-01      0.00850   8.614E-01      0.22000   1.164E+00
            0.00036   8.562E-01      0.00900   8.621E-01      0.24000   1.182E+00
            0.00040   8.562E-01      0.01000   8.636E-01      0.26000   1.197E+00
            0.00045   8.563E-01      0.01100   8.651E-01      0.28000   1.210E+00
            0.00050   8.563E-01      0.01200   8.666E-01      0.30000   1.221E+00
            0.00055   8.563E-01      0.01300   8.681E-01      0.32000   1.229E+00
            0.00060   8.563E-01      0.01400   8.696E-01      0.36000   1.237E+00
            0.00065   8.563E-01      0.01500   8.711E-01      0.40000   1.236E+00
            0.00070   8.563E-01      0.01600   8.725E-01      0.45000   1.219E+00
            0.00075   8.563E-01      0.01800   8.755E-01      0.50000   1.187E+00
            0.00080   8.564E-01      0.02000   8.784E-01      0.55000   1.141E+00
            0.00085   8.564E-01      0.02200   8.814E-01      0.60000   1.080E+00
            0.00090   8.564E-01      0.02400   8.844E-01      0.65000   1.008E+00
            0.00100   8.564E-01      0.02600   8.874E-01      0.70000   9.244E-01
            0.00110   8.564E-01      0.02800   8.905E-01      0.75000   8.325E-01
            0.00120   8.565E-01      0.03000   8.935E-01      0.80000   7.338E-01
            0.00130   8.565E-01      0.03200   8.966E-01      0.85000   6.310E-01
            0.00140   8.565E-01      0.03600   9.029E-01      0.90000   5.265E-01
            0.00150   8.566E-01      0.04000   9.093E-01      1.00000   3.235E-01
            0.00160   8.566E-01      0.04500   9.173E-01      1.10000   1.487E-01
            0.00180   8.566E-01      0.05000   9.255E-01      1.20000   3.102E-02
            0.00200   8.567E-01      0.05500   9.337E-01      1.27583   0.000E+00
            0.00220   8.567E-01      0.06000   9.420E-01

            AVERAGE BETA ENERGY =   4.670E-01

            TOTAL BETAS PER DECAY FOR ALL BRANCHES =   1.000E+00
%%%%  97 NB  41    B-           4.32600E+03    72.1 M  02-11-2005       BETAEND 
%%%%  97 NB  41    B-           4.32600E+03    72.1 M  02-11-2005       SEEISTAR
 97.  NIOBIUM      41.  7.210E+01 MINUTES  131 B-                    97.NB 41.   0
 5 1  6.49941E-02  8.84545E-02  3.04740E-01  0.00000E+00             97.NB 41.   1   1
 5 2  1.66985E-01  1.26926E-01  4.18240E-01  0.00000E+00             97.NB 41.   2   2
 5 3  1.95982E-01  2.17945E-01  6.65150E-01  0.00000E+00             97.NB 41.   3   3
 5 4  8.49923E-02  2.77650E-01  8.16770E-01  0.00000E+00             97.NB 41.   4   4
 5 5  1.08990E+00  3.15237E-01  9.09400E-01  0.00000E+00             97.NB 41.   5   5
 5 6  1.59986E-02  4.59943E-01  1.21431E+00  1.00000E+00             97.NB 41.   6   6
 5 7  9.83811E+01  4.70164E-01  1.27583E+00  0.00000E+00             97.NB 41.   7   7
 1 1  4.91150E-02  1.78000E-01  1.78000E-01  0.00000E+00             97.NB 41.   8   1
 1 2  4.91150E-02  2.38400E-01  2.38400E-01  0.00000E+00             97.NB 41.   9   2
 1 3  4.91150E-02  5.49250E-01  5.49250E-01  0.00000E+00             97.NB 41.  10   3
 6 1  1.35716E-04  5.29285E-01  5.29285E-01  3.00000E+00             97.NB 41.  11   1
 6 5  1.48242E-05  5.46404E-01  5.46404E-01  3.00000E+00             97.NB 41.  12   5
 6 6  3.98746E-07  5.46620E-01  5.46620E-01  3.00000E+00             97.NB 41.  13   6
 6 7  1.56913E-07  5.46729E-01  5.46729E-01  3.00000E+00             97.NB 41.  14   7
 6 3  2.77975E-06  5.48858E-01  5.48858E-01  3.00000E+00             97.NB 41.  15   3
 6 4  5.09305E-07  5.49250E-01  5.49250E-01  3.00000E+00             97.NB 41.  16   4
 1 4  9.82300E+01  6.57940E-01  6.57940E-01  0.00000E+00             97.NB 41.  17   4
 6 1  1.78975E-01  6.37975E-01  6.37975E-01  4.00000E+00             97.NB 41.  18   1
 6 5  1.94937E-02  6.55094E-01  6.55094E-01  4.00000E+00             97.NB 41.  19   5
 6 6  4.71905E-04  6.55311E-01  6.55311E-01  4.00000E+00             97.NB 41.  20   6
 6 7  1.97439E-04  6.55419E-01  6.55419E-01  4.00000E+00             97.NB 41.  21   7
 6 3  3.64525E-03  6.57548E-01  6.57548E-01  4.00000E+00             97.NB 41.  22   3
 6 4  6.68936E-04  6.57940E-01  6.57940E-01  4.00000E+00             97.NB 41.  23   4
 1 5  9.03716E-02  7.19530E-01  7.19530E-01  0.00000E+00             97.NB 41.  24   5
 6 1  1.34377E-04  6.99565E-01  6.99565E-01  5.00000E+00             97.NB 41.  25   1
 6 5  1.46241E-05  7.16684E-01  7.16684E-01  5.00000E+00             97.NB 41.  26   5
 6 6  3.33787E-07  7.16901E-01  7.16901E-01  5.00000E+00             97.NB 41.  27   6
 6 7  1.43337E-07  7.17009E-01  7.17009E-01  5.00000E+00             97.NB 41.  28   7
 6 3  2.72733E-06  7.19138E-01  7.19138E-01  5.00000E+00             97.NB 41.  29   3
 6 4  5.00917E-07  7.19530E-01  7.19530E-01  5.00000E+00             97.NB 41.  30   4
 1 6  4.51858E-02  8.57460E-01  8.57460E-01  0.00000E+00             97.NB 41.  31   6
 6 1  4.54329E-05  8.37495E-01  8.37495E-01  6.00000E+00             97.NB 41.  32   1
 6 5  4.93930E-06  8.54614E-01  8.54614E-01  6.00000E+00             97.NB 41.  33   5
 6 6  1.00801E-07  8.54831E-01  8.54831E-01  6.00000E+00             97.NB 41.  34   6
 6 7  4.65182E-08  8.54939E-01  8.54939E-01  6.00000E+00             97.NB 41.  35   7
 6 3  9.15597E-07  8.57068E-01  8.57068E-01  6.00000E+00             97.NB 41.  36   3
 6 4  1.68369E-07  8.57460E-01  8.57460E-01  6.00000E+00             97.NB 41.  37   4
 1 7  4.02743E-02  9.09550E-01  9.09550E-01  0.00000E+00             97.NB 41.  38   7
 6 1  3.55767E-05  8.89585E-01  8.89585E-01  7.00000E+00             97.NB 41.  39   1
 6 5  3.86655E-06  9.06704E-01  9.06704E-01  7.00000E+00             97.NB 41.  40   5
 6 6  7.59233E-08  9.06920E-01  9.06920E-01  7.00000E+00             97.NB 41.  41   6
 6 7  3.59923E-08  9.07029E-01  9.07029E-01  7.00000E+00             97.NB 41.  42   7
 6 3  7.15382E-07  9.09158E-01  9.09158E-01  7.00000E+00             97.NB 41.  43   3
 6 4  1.31573E-07  9.09550E-01  9.09550E-01  7.00000E+00             97.NB 41.  44   4
 1 8  1.09035E+00  1.02440E+00  1.02440E+00  0.00000E+00             97.NB 41.  45   8
 6 1  7.44316E-04  1.00444E+00  1.00444E+00  8.00000E+00             97.NB 41.  46   1
 6 5  8.08373E-05  1.02155E+00  1.02155E+00  8.00000E+00             97.NB 41.  47   5
 6 6  1.46653E-06  1.02177E+00  1.02177E+00  8.00000E+00             97.NB 41.  48   6
 6 7  7.37260E-07  1.02188E+00  1.02188E+00  8.00000E+00             97.NB 41.  49   7
 6 3  1.49080E-05  1.02401E+00  1.02401E+00  8.00000E+00             97.NB 41.  50   3
 6 4  2.73788E-06  1.02440E+00  1.02440E+00  8.00000E+00             97.NB 41.  51   4
 1 9  8.54601E-02  1.11702E+00  1.11702E+00  0.00000E+00             97.NB 41.  52   9
 6 1  4.55845E-05  1.09706E+00  1.09706E+00  9.00000E+00             97.NB 41.  53   1
 6 5  4.88482E-06  1.11417E+00  1.11417E+00  9.00000E+00             97.NB 41.  54   5
 6 6  1.41452E-07  1.11439E+00  1.11439E+00  9.00000E+00             97.NB 41.  55   6
 6 7  1.20710E-07  1.11450E+00  1.11450E+00  9.00000E+00             97.NB 41.  56   7
 6 3  9.31173E-07  1.11663E+00  1.11663E+00  9.00000E+00             97.NB 41.  57   3
 6 4  1.67739E-07  1.11702E+00  1.11702E+00  9.00000E+00             97.NB 41.  58   4
 110  4.91150E-02  1.14860E+00  1.14860E+00  0.00000E+00             97.NB 41.  59  10
 111  1.47345E-01  1.26862E+00  1.26862E+00  0.00000E+00             97.NB 41.  60  11
 6 1  6.39911E-05  1.24865E+00  1.24865E+00  1.10000E+01             97.NB 41.  61   1
 6 5  6.93721E-06  1.26577E+00  1.26577E+00  1.10000E+01             97.NB 41.  62   5
 6 6  1.08657E-07  1.26599E+00  1.26599E+00  1.10000E+01             97.NB 41.  63   6
 6 7  6.17081E-08  1.26610E+00  1.26610E+00  1.10000E+01             97.NB 41.  64   7
 6 3  1.27632E-06  1.26823E+00  1.26823E+00  1.10000E+01             97.NB 41.  65   3
 6 4  2.33645E-07  1.26862E+00  1.26862E+00  1.10000E+01             97.NB 41.  66   4
 112  1.21805E-01  1.51566E+00  1.51566E+00  0.00000E+00             97.NB 41.  67  12
 6 1  3.44864E-05  1.49569E+00  1.49569E+00  1.20000E+01             97.NB 41.  68   1
 6 5  3.69987E-06  1.51281E+00  1.51281E+00  1.20000E+01             97.NB 41.  69   5
 6 6  7.36573E-08  1.51303E+00  1.51303E+00  1.20000E+01             97.NB 41.  70   6
 6 7  6.76614E-08  1.51314E+00  1.51314E+00  1.20000E+01             97.NB 41.  71   7
 6 3  6.91536E-07  1.51527E+00  1.51527E+00  1.20000E+01             97.NB 41.  72   3
 6 4  1.23871E-07  1.51566E+00  1.51566E+00  1.20000E+01             97.NB 41.  73   4
 113  2.45575E-02  1.62909E+00  1.62909E+00  0.00000E+00             97.NB 41.  74  13
 6 1  6.40856E-06  1.60913E+00  1.60913E+00  1.30000E+01             97.NB 41.  75   1
 6 5  6.91541E-07  1.62624E+00  1.62624E+00  1.30000E+01             97.NB 41.  76   5
 6 6  9.05546E-09  1.62646E+00  1.62646E+00  1.30000E+01             97.NB 41.  77   6
 6 7  6.10956E-09  1.62657E+00  1.62657E+00  1.30000E+01             97.NB 41.  78   7
 6 3  1.28047E-07  1.62870E+00  1.62870E+00  1.30000E+01             97.NB 41.  79   3
 6 4  2.32485E-08  1.62909E+00  1.62909E+00  1.30000E+01             97.NB 41.  80   4
 2 1  3.98846E-02  1.73355E-02  1.73355E-02  0.00000E+00             97.NB 41.  81   1
 2 2  7.60025E-02  1.74440E-02  1.74440E-02  0.00000E+00             97.NB 41.  82   2
 2 3  6.19220E-03  1.95554E-02  1.95554E-02  0.00000E+00             97.NB 41.  83   3
 2 4  1.20546E-02  1.95734E-02  1.95734E-02  0.00000E+00             97.NB 41.  84   4
 2 5  3.00823E-05  1.97245E-02  1.97245E-02  0.00000E+00             97.NB 41.  85   5
 2 6  4.25392E-05  1.97280E-02  1.97280E-02  0.00000E+00             97.NB 41.  86   6
 2 7  1.14285E-03  1.99200E-02  1.99200E-02  0.00000E+00             97.NB 41.  87   7
 2 8  2.20337E-03  1.99225E-02  1.99225E-02  0.00000E+00             97.NB 41.  88   8
 2 9  1.20897E-06  1.99581E-02  1.99581E-02  0.00000E+00             97.NB 41.  89   9
 210  1.69146E-06  1.99582E-02  1.99582E-02  0.00000E+00             97.NB 41.  90  10
 221  5.46983E-07  2.17000E-04  2.17000E-04  0.00000E+00             97.NB 41.  91  21
 222  3.52166E-06  3.25500E-04  3.25500E-04  0.00000E+00             97.NB 41.  92  22
 223  7.71250E-05  2.43686E-03  2.43686E-03  0.00000E+00             97.NB 41.  93  23
 224  1.32645E-04  2.45487E-03  2.45487E-03  0.00000E+00             97.NB 41.  94  24
 225  6.63018E-07  2.60605E-03  2.60605E-03  0.00000E+00             97.NB 41.  95  25
 226  9.87864E-07  2.60950E-03  2.60950E-03  0.00000E+00             97.NB 41.  96  26
 227  1.20164E-05  2.80143E-03  2.80143E-03  0.00000E+00             97.NB 41.  97  27
 228  2.08478E-05  2.80404E-03  2.80404E-03  0.00000E+00             97.NB 41.  98  28
 229  2.01978E-08  2.83950E-03  2.83950E-03  0.00000E+00             97.NB 41.  99  29
 230  3.00249E-08  2.83973E-03  2.83973E-03  0.00000E+00             97.NB 41. 100  30
 241  3.35148E-10  1.08500E-04  1.08500E-04  0.00000E+00             97.NB 41. 101  41
 242  1.94099E-04  2.13542E-03  2.13542E-03  0.00000E+00             97.NB 41. 102  42
 243  1.90352E-06  2.23787E-03  2.23787E-03  0.00000E+00             97.NB 41. 103  43
 244  2.00553E-03  2.38905E-03  2.38905E-03  0.00000E+00             97.NB 41. 104  44
 245  1.53588E-05  2.55987E-03  2.55987E-03  0.00000E+00             97.NB 41. 105  45
 246  7.90991E-08  2.58704E-03  2.58704E-03  0.00000E+00             97.NB 41. 106  46
 247  6.89665E-05  2.62250E-03  2.62250E-03  0.00000E+00             97.NB 41. 107  47
 261  7.11485E-04  2.02691E-03  2.02691E-03  0.00000E+00             97.NB 41. 108  61
 262  3.02199E-06  2.11136E-03  2.11136E-03  0.00000E+00             97.NB 41. 109  62
 263  2.85889E-06  2.12937E-03  2.12937E-03  0.00000E+00             97.NB 41. 110  63
 264  4.81428E-04  2.28055E-03  2.28055E-03  0.00000E+00             97.NB 41. 111  64
 265  4.27610E-03  2.28400E-03  2.28400E-03  0.00000E+00             97.NB 41. 112  65
 266  3.61034E-05  2.45137E-03  2.45137E-03  0.00000E+00             97.NB 41. 113  66
 267  9.61612E-08  2.47592E-03  2.47592E-03  0.00000E+00             97.NB 41. 114  67
 268  9.19311E-08  2.47854E-03  2.47854E-03  0.00000E+00             97.NB 41. 115  68
 269  1.63850E-05  2.51400E-03  2.51400E-03  0.00000E+00             97.NB 41. 116  69
 270  1.44534E-04  2.51422E-03  2.51422E-03  0.00000E+00             97.NB 41. 117  70
 291  1.60227E-04  2.24971E-04  2.24971E-04  0.00000E+00             97.NB 41. 118  91
 292  2.61577E-06  2.94409E-05  2.94409E-05  0.00000E+00             97.NB 41. 119  92
 294  2.06455E+00  6.84803E-06  6.84803E-06  0.00000E+00             97.NB 41. 120  94
 7 1  3.03984E-02  1.47064E-02  1.47064E-02  0.00000E+00             97.NB 41. 121   1
 7 2  1.12605E-02  1.69714E-02  1.69714E-02  0.00000E+00             97.NB 41. 122   2
 7 3  1.00667E-03  1.92385E-02  1.92385E-02  0.00000E+00             97.NB 41. 123   3
 7 4  3.91443E-02  1.06385E-04  1.06385E-04  0.00000E+00             97.NB 41. 124   4
 7 5  1.74308E-01  1.95182E-03  1.95182E-03  0.00000E+00             97.NB 41. 125   5
 7 6  2.46837E-02  2.20101E-03  2.20101E-03  0.00000E+00             97.NB 41. 126   6
 7 7  1.05329E-03  2.48505E-03  2.48505E-03  0.00000E+00             97.NB 41. 127   7
 7 8  1.81764E-01  1.06803E-04  1.06803E-04  0.00000E+00             97.NB 41. 128   8
 7 9  4.35996E-01  1.76203E-04  1.76203E-04  0.00000E+00             97.NB 41. 129   9
 710  4.17530E-03  2.18021E-04  2.18021E-04  0.00000E+00             97.NB 41. 130  10
 712  9.55939E-01  2.73628E-05  2.73628E-05  0.00000E+00             97.NB 41. 131  12
%%%%  97 NB  41    B-           4.32600E+03    72.1 M  02-11-2005       SEEIEND 
 


   ***************************************************** 
   *                 Radiation Summary                 * 
   ***************************************************** 
 
  Energy released by
    Gamma-ray                       (MeV) =   6.64208E-01
    X-ray                           (MeV) =   2.46129E-05
    Free-bound X-ray                (MeV) =   1.41381E-07
    Annihilation photon             (MeV) =   0.00000E+00
    Beta+ particle                  (MeV) =   0.00000E+00
    Neutrino                        (MeV) =   0.00000E+00
    Beta- particle                  (MeV) =   4.66995E-01
    Neutrino-                       (MeV) =   8.01181E-01
    Internal conv. electron         (MeV) =   1.31565E-03
    Auger and CK electron           (MeV) =   1.18216E-05
    Alpha particle                  (MeV) =   0.00000E+00
    Recoil nucleus                  (MeV) =   0.00000E+00
  E-total (except unplaced radiat.) (MeV) =   1.93374E+00
  E-unplaced radiation              (MeV) =   7.68650E-04
  Q-value from ENSDF data           (MeV) =   1.93380E+00
  Ratio of E-total/Q-value          ( % ) =   9.99967E+01
  Ratio of E-unplaced radi./Q-value ( % ) =   3.97481E-02

 
  Total yield of
    Gamma-ray                             =   9.99245E-01
    X-ray                                 =   1.45925E-03
    Free-bound X-ray                      =   2.06455E-02
    Annihilation photon                   =   0.00000E+00
    Beta+ particle                        =   0.00000E+00
    Beta- particle                        =   1.00000E+00
    Internal conv. electron               =   2.04867E-03
    Auger and CK electron                 =   1.85973E-02
    Alpha particle                        =   0.00000E+00
  Yield of unplaced radiation             =   1.47345E-03


