%%%% 185 OS  76    EC           8.08704E+06 93.6 D     02-11-2005       BALASTAR
1 185   OS  76 93.6 D          EC         
           WARNING:                                                                             
 185 RE 75  GAMMA-RAY ENERGY =   0.04740 MEV                                                    
           HALF-LIFE OF INITIAL LEVEL ASSOCIATED WITH GAMMA-RAY TOO SHORT TO BE                 
           CONSIDERED ISOMERIC, AND INTENSITY = 0.0                                             
           TRANSITION IGNORED                                                                   
           WARNING:                                                                             
 185 RE 75  GAMMA-RAY ENERGY =   0.06750 MEV                                                    
           HALF-LIFE OF INITIAL LEVEL ASSOCIATED WITH GAMMA-RAY TOO SHORT TO BE                 
           CONSIDERED ISOMERIC, AND INTENSITY = 0.0                                             
           TRANSITION IGNORED                                                                   
           WARNING:                                                                             
 185 RE 75  GAMMA-RAY ENERGY =   0.11470 MEV                                                    
           HALF-LIFE OF INITIAL LEVEL ASSOCIATED WITH GAMMA-RAY TOO SHORT TO BE                 
           CONSIDERED ISOMERIC, AND INTENSITY = 0.0                                             
           TRANSITION IGNORED                                                                   
           WARNING:                                                                             
 185 RE 75  GAMMA-RAY ENERGY =   0.11750 MEV                                                    
           HALF-LIFE OF INITIAL LEVEL ASSOCIATED WITH GAMMA-RAY TOO SHORT TO BE                 
           CONSIDERED ISOMERIC, AND INTENSITY = 0.0                                             
           TRANSITION IGNORED                                                                   
           WARNING:                                                                             
 185 RE 75  GAMMA-RAY ENERGY =   0.14870 MEV                                                    
           HALF-LIFE OF INITIAL LEVEL ASSOCIATED WITH GAMMA-RAY TOO SHORT TO BE                 
           CONSIDERED ISOMERIC, AND INTENSITY = 0.0                                             
           TRANSITION IGNORED                                                                   
           WARNING:                                                                             
 185 RE 75  GAMMA-RAY ENERGY =   0.15770 MEV                                                    
           HALF-LIFE OF INITIAL LEVEL ASSOCIATED WITH GAMMA-RAY TOO SHORT TO BE                 
           CONSIDERED ISOMERIC, AND INTENSITY = 0.0                                             
           TRANSITION IGNORED                                                                   
           WARNING:                                                                             
 185 RE 75  GAMMA-RAY ENERGY =   0.15940 MEV                                                    
           HALF-LIFE OF INITIAL LEVEL ASSOCIATED WITH GAMMA-RAY TOO SHORT TO BE                 
           CONSIDERED ISOMERIC, AND INTENSITY = 0.0                                             
           TRANSITION IGNORED                                                                   
           WARNING:                                                                             
 185 RE 75  GAMMA-RAY ENERGY =   0.18570 MEV                                                    
           HALF-LIFE OF INITIAL LEVEL ASSOCIATED WITH GAMMA-RAY TOO SHORT TO BE                 
           CONSIDERED ISOMERIC, AND INTENSITY = 0.0                                             
           TRANSITION IGNORED                                                                   
           WARNING:                                                                             
 185 RE 75  GAMMA-RAY ENERGY =   0.18910 MEV                                                    
           HALF-LIFE OF INITIAL LEVEL ASSOCIATED WITH GAMMA-RAY TOO SHORT TO BE                 
           CONSIDERED ISOMERIC, AND INTENSITY = 0.0                                             
           TRANSITION IGNORED                                                                   
           WARNING:                                                                             
 185 RE 75  GAMMA-RAY ENERGY =   0.22910 MEV                                                    
           HALF-LIFE OF INITIAL LEVEL ASSOCIATED WITH GAMMA-RAY TOO SHORT TO BE                 
           CONSIDERED ISOMERIC, AND INTENSITY = 0.0                                             
           TRANSITION IGNORED                                                                   
           WARNING:                                                                             
 185 RE 75  GAMMA-RAY ENERGY =   0.59490 MEV                                                    
           HALF-LIFE OF INITIAL LEVEL ASSOCIATED WITH GAMMA-RAY TOO SHORT TO BE                 
           CONSIDERED ISOMERIC, AND INTENSITY = 0.0                                             
           TRANSITION IGNORED                                                                   
           WARNING:                                                                             
 185 RE 75  GAMMA-RAY ENERGY =   0.71010 MEV                                                    
           HALF-LIFE OF INITIAL LEVEL ASSOCIATED WITH GAMMA-RAY TOO SHORT TO BE                 
           CONSIDERED ISOMERIC, AND INTENSITY = 0.0                                             
           TRANSITION IGNORED                                                                   
           WARNING:                                                                             
 185 RE 75  GAMMA-RAY ENERGY =   0.75500 MEV                                                    
           HALF-LIFE OF INITIAL LEVEL ASSOCIATED WITH GAMMA-RAY TOO SHORT TO BE                 
           CONSIDERED ISOMERIC, AND INTENSITY = 0.0                                             
           TRANSITION IGNORED                                                                   
           WARNING:                                                                             
 185 RE 75  GAMMA-RAY ENERGY =   0.83620 MEV                                                    
           HALF-LIFE OF INITIAL LEVEL ASSOCIATED WITH GAMMA-RAY TOO SHORT TO BE                 
           CONSIDERED ISOMERIC, AND INTENSITY = 0.0                                             
           TRANSITION IGNORED                                                                   
1INTENSITY AND ENERGY BALANCE DATA

              185-OSMIUM-76
+                                    HALFLIFE = 93.6 DAYS    
+                                                                  02-11-2005


    LEVEL       INTENSITY   INTENSITY
    ENERGY      ENTERING    LEAVING     PERCENT
    (MEV)       LEVEL       LEVEL       ERROR

   0.0000E+00  1.0360E+02
   1.2536E-01  1.3408E+00  1.2965E+00  3.3615E+00                      
   6.4612E-01  7.5974E+01  7.8941E+01  3.8306E+00                      
   7.1743E-01  6.1554E+00  6.3084E+00  2.4539E+00                      
   7.6893E-01  6.7555E-02  7.2976E-02  7.7152E+00                      
   8.7482E-01  6.1765E+00  6.3942E+00  3.4641E+00                      
   8.8028E-01  6.8520E+00  7.1481E+00  4.2293E+00                      
   9.3106E-01  4.7289E-02  4.9033E-02  3.6222E+00                      


 INTENSITY TO GROUND AND ISOMERIC STATE(S) OF DAUGHTER(S)=  1.036E+02
 TOTAL INTENSITY FROM PARENT=  1.000E+02
 PERCENT ERROR =  3.472E+00                      


 TOTAL INTENSITY FROM PARENT =  1.000E+02
 VALUE IS WITHIN   1.53E-05% OF 100                      


 TOTAL ENERGY AVAILABLE =  1.013E+00 MEV
 TOTAL ENERGY CONTENT OF ALL RADIATIONS =  1.038E+00 MEV
 PERCENT ERROR =  2.389E+00                      
%%%% 185 OS  76    EC           8.08704E+06 93.6 D     02-11-2005       BALAEND 
%%%% 185 OS  76    EC           8.08704E+06 93.6 D     02-11-2005       INPUSTAR
1                                      **INPUT DATA**
              185-OSMIUM-76
+                                    HALFLIFE = 93.6 DAYS    
+                                                                  02-11-2005

            MODE OF DECAY: ELECTRON CAPTURE
 
                                MEAN
                                NUMBER/    TRANSITION
                TYPE OF    ID   TRANSFOR-  ENERGY
              TRANSITION   NO.  MATION     (MEV)       OTHER NUCLEAR PARAMETERS

           ELECT. CAPTURE   1   4.73E-04   8.174E-02   FIRST FORBIDDEN                          
           ELECT. CAPTURE   2   6.85E-02   1.325E-01   FIRST FORBIDDEN                          
           ELECT. CAPTURE   3   6.18E-02   1.380E-01   FIRST FORBIDDEN                          
           ELECT. CAPTURE   4   6.76E-04   2.439E-01   UNIQUE FIRST FORBIDDEN                   
           ELECT. CAPTURE   5   4.83E-02   2.954E-01   FIRST FORBIDDEN                          
           ELECT. CAPTURE   6   7.43E-01   3.667E-01   FIRST FORBIDDEN                          
           ELECT. CAPTURE   7   7.72E-02   1.013E+00   UNIQUE FIRST FORBIDDEN                   
           I.C.E. + GAMMA   3   9.79E-03   7.131E-02   M1+E2 MULTIPOLE                          
                                                       MRS=0.0144    AK= 0.0                    
                                                       AL1=1.72      AL2=0.248                  
                                                       AL3=0.105     AM= 0.480                  
                                                       AN+=0.141                                
           I.C.E. + GAMMA   6   6.94E-04   1.212E-01   E2 MULTIPOLE                             
+                                                                    AK= 0.583                  
                                                       AL1=0.0641    AL2=0.535                  
                                                       AL3=0.444     AM= 0.266                  
                                                       AN+=0.0749                               
           I.C.E. + GAMMA   7   1.30E-02   1.254E-01   M1+E2 MULTIPOLE                          
                                                       MRS=0.0324    AK= 2.29                   
                                                       AL1=0.333     AL2=0.0445                 
                                                       AL3=0.0152    AM= 0.0907                 
                                                       AN+=0.0266                               
           I.C.E. + GAMMA  11   1.33E-02   1.629E-01   M1 MULTIPOLE                             
+                                                                    AK= 1.12                   
                                                       AL1=0.162     AL2=0.0145                 
                                                       AL3=0.00161   AM= 0.0409                 
                                                       AN+=0.0121                               
           I.C.E. + GAMMA  15   6.15E-03   2.342E-01   M1 MULTIPOLE                             
+                                                                    AK= 0.406                  
                                                       AL1=0.0589    AL2=0.00510                
                                                       AM= 0.0147    AN+=0.00436                
           I.C.E. + GAMMA  16   1.34E-02   5.921E-01   E2 MULTIPOLE                             
+                                                                    AK= 0.0115                 
                                                       AL1=0.00154                              
           I.C.E. + GAMMA  18   7.89E-01   6.461E-01   E2 MULTIPOLE                             
+                                                                    AK= 0.00949                
                                                       AL1=0.00128                              
           I.C.E. + GAMMA  20   3.99E-02   7.174E-01   M1+E2 MULTIPOLE                          
                                                       MRS=3.24      AK= 0.0108                 
                                                       AL1=0.00149                              
           I.C.E. + GAMMA  21   3.15E-05   7.495E-01   E2 MULTIPOLE                             
+                                                                    AK= 0.00696                
           I.C.E. + GAMMA  23   3.56E-05   7.689E-01   M1 MULTIPOLE                             
+                                                                    AK= 0.0125                 
                                                       AL1=0.00178                              
           I.C.E. + GAMMA  24   3.93E-07   8.057E-01   E2 MULTIPOLE                             
+                                                                    AK= 0.00600                
           I.C.E. + GAMMA  26   6.39E-02   8.748E-01   M1 MULTIPOLE                             
+                                                                    AK= 0.0128                 
                                                       AL1=0.00182                              
           I.C.E. + GAMMA  27   5.20E-02   8.805E-01   E2 MULTIPOLE                             
+                                                                    AK= 0.00502                
           I.C.E. + GAMMA  28   4.90E-04   9.311E-01   M1 MULTIPOLE                             
+                                                                    AK= 0.0109                 
                                                       AL1=0.00155                              
 
           - - - - - - - - - -
           Reference: Evaluated Nuclear Structure Data File (ENSDF)
                DATE DATA WERE ENTERED INTO ENSDF: Mar-1995
%%%% 185 OS  76    EC           8.08704E+06 93.6 D     02-11-2005       INPUEND 
%%%% 185 OS  76    EC           8.08704E+06 93.6 D     02-11-2005       OUTPSTAR
1                                      **OUTPUT DATA**
              185-OSMIUM-76
+                                    HALFLIFE = 93.6 DAYS    
+                                                                  02-11-2005

            MODE OF DECAY: ELECTRON CAPTURE
 
                                              MEAN
                                              NUMBER/                  MEV/
                                         ID   TRANSFOR-   ENERGY       TRANSFOR-
                  TYPE OF RADIATION      NO.  MATION      (MEV)        MATION

           L1 CONV. ELECTRON, GAMMA-RAY   3   4.56E-03    5.881E-02    2.68E-04
           L2 CONV. ELECTRON, GAMMA-RAY   3   6.58E-04    5.932E-02    3.90E-05
           M CONV. ELECTRON, GAMMA-RAY    3   1.27E-03    6.895E-02*   8.77E-05
           N+ CONV. ELECTRON, GAMMA-RAY   3   3.75E-04    7.131E-02*   2.67E-05
           K CONV. ELECTRON, GAMMA-RAY    7   7.81E-03    5.350E-02    4.18E-04
           L1 CONV. ELECTRON, GAMMA-RAY   7   1.14E-03    1.129E-01    1.28E-04
           M CONV. ELECTRON, GAMMA-RAY    7   3.10E-04    1.230E-01*   3.81E-05
           GAMMA-RAY                     11   5.66E-03    1.629E-01    9.22E-04
           K CONV. ELECTRON, GAMMA-RAY   11   6.33E-03    9.100E-02    5.76E-04
           L1 CONV. ELECTRON, GAMMA-RAY  11   9.18E-04    1.503E-01    1.38E-04
           M CONV. ELECTRON, GAMMA-RAY   11   2.32E-04    1.605E-01*   3.72E-05
           GAMMA-RAY                     15   4.13E-03    2.342E-01    9.66E-04
           K CONV. ELECTRON, GAMMA-RAY   15   1.67E-03    1.623E-01    2.72E-04
           L1 CONV. ELECTRON, GAMMA-RAY  15   2.43E-04    2.216E-01    5.39E-05
           GAMMA-RAY                     16   1.32E-02    5.921E-01    7.80E-03
           K CONV. ELECTRON, GAMMA-RAY   16   1.51E-04    5.202E-01    7.85E-05
           GAMMA-RAY                     18   7.80E-01    6.461E-01    5.04E-01
           K CONV. ELECTRON, GAMMA-RAY   18   7.40E-03    5.743E-01    4.25E-03
           L1 CONV. ELECTRON, GAMMA-RAY  18   9.99E-04    6.336E-01    6.33E-04
           L2 CONV. ELECTRON, GAMMA-RAY  18   3.86E-04    6.341E-01    2.45E-04
           L3 CONV. ELECTRON, GAMMA-RAY  18   1.55E-04    6.356E-01    9.83E-05
           M CONV. ELECTRON, GAMMA-RAY   18   3.64E-04    6.438E-01*   2.34E-04
           N+ CONV. ELECTRON, GAMMA-RAY  18   1.06E-04    6.461E-01*   6.82E-05
           GAMMA-RAY                     20   3.94E-02    7.174E-01    2.83E-02
           K CONV. ELECTRON, GAMMA-RAY   20   4.25E-04    6.456E-01    2.75E-04
           L1 CONV. ELECTRON, GAMMA-RAY  20   5.88E-05    7.049E-01    4.15E-05
           GAMMA-RAY                     26   6.29E-02    8.748E-01    5.51E-02
           K CONV. ELECTRON, GAMMA-RAY   26   8.05E-04    8.030E-01    6.47E-04
           L1 CONV. ELECTRON, GAMMA-RAY  26   1.14E-04    8.623E-01    9.86E-05
           M CONV. ELECTRON, GAMMA-RAY   26   2.80E-05    8.725E-01*   2.44E-05
           GAMMA-RAY                     27   5.17E-02    8.805E-01    4.55E-02
           K CONV. ELECTRON, GAMMA-RAY   27   2.60E-04    8.087E-01    2.10E-04
           L1 CONV. ELECTRON, GAMMA-RAY  27   3.51E-05    8.680E-01    3.05E-05
           K -L2 X-RAY                        2.10E-01    5.986E-02    1.26E-02
           K -L3 X-RAY                        3.63E-01    6.132E-02    2.23E-02
           K -M2 X-RAY                        3.92E-02    6.918E-02    2.71E-03
           K -M3 X-RAY                        7.58E-02    6.950E-02    5.27E-03
           K -N3 X-RAY                        1.74E-02    7.141E-02    1.25E-03
           L3-M5 X-RAY                        1.11E-01    8.645E-03    9.59E-04
           AUGER KLL                          2.14E-02    4.855E-02*   1.04E-03
           AUGER KLX                          1.13E-02    5.805E-02*   6.53E-04
           AUGER KXY                          1.43E-03    6.757E-02*   9.63E-05
           CK LLX                             2.00E-01    5.406E-04*   1.08E-04
           AUGER LMM                          4.12E-01    6.682E-03*   2.75E-03
           AUGER LMX                          1.61E-01    8.508E-03*   1.37E-03
           AUGER LXY                          1.55E-02    1.036E-02*   1.61E-04
           CK MMX                             5.68E-01    3.263E-04*   1.85E-04
           AUGER MNN                          1.35E+00    1.525E-03*   2.07E-03
           AUGER MNX                          9.61E-02    1.715E-03*   1.65E-04
           CK NNX                             2.87E+00    1.623E-04*   4.65E-04
           AUGER NXY                          1.07E-01    3.304E-04*   3.54E-05
           CK OOX                             1.69E+00    2.731E-05*   4.61E-05
 
           ALL LISTED X-RAYS, GAMMA-RAYS AND ANNIHILATION RADIATION    6.88E-01
           ALL NEGLECTED X-RAYS, GAMMA-RAYS AND ANNIH. RADIATION**     4.18E-03
           ALL LISTED BETAS, INTERNAL CONVERSION AND AUGER ELECTRONS   1.82E-02
           ALL NEGLECTED BETAS, INT. CONVERSION AND AUGER ELECTRONS**  2.49E-04
           ALL LISTED RADIATIONS                                       7.06E-01
           ALL NEGLECTED RADIATIONS**                                  4.43E-03
 
           *  AVERAGE ENERGY (MEV)
           ** EACH NEGLECTED TRANSITION CONTRIBUTES LESS THAN  0.100%
              TO THE TOTAL MEV/TRANSFORMATION FOR THIS CATEGORY.
           TOTAL FEEDING OF GROUND STATE LEVEL IN 185-RHENIUM
             DAUGHTER IS 1.0000E+00 PER TRANSFORMATION OF 185-OSMIUM.
             THIS DAUGHTER GROUND STATE IS STABLE.
           - - - - - - - - - -
           INPUT DATA SOURCE: EVALUATED NUCLEAR STRUCTURE DATA FILE (ENSDF)
             DATE INPUT DATA WERE ENTERED INTO ENSDF: Mar-1995
%%%% 185 OS  76    EC           8.08704E+06 93.6 D     02-11-2005       OUTPEND 
%%%% 185 OS  76    EC           8.08704E+06 93.6 D     02-11-2005       SEEISTAR
185.  OSMIUM       76.  9.360E+01 DAYS     172 EC                   185.OS 76.   0
 1 3  2.65200E-01  7.13130E-02  7.13130E-02  0.00000E+00            185.OS 76.   1   3
 6 5  4.55870E-01  5.88050E-02  5.88050E-02  3.00000E+00            185.OS 76.   2   5
 6 6  6.57649E-02  5.93200E-02  5.93200E-02  3.00000E+00            185.OS 76.   3   6
 6 7  2.79171E-02  6.07750E-02  6.07750E-02  3.00000E+00            185.OS 76.   4   7
 6 3  1.27215E-01  6.89525E-02  6.89525E-02  3.00000E+00            185.OS 76.   5   3
 6 4  3.74763E-02  7.13130E-02  7.13130E-02  3.00000E+00            185.OS 76.   6   4
 1 6  2.34000E-02  1.21200E-01  1.21200E-01  0.00000E+00            185.OS 76.   7   6
 6 1  1.36313E-02  4.93440E-02  4.93440E-02  6.00000E+00            185.OS 76.   8   1
 6 5  1.49986E-03  1.08692E-01  1.08692E-01  6.00000E+00            185.OS 76.   9   5
 6 6  1.25306E-02  1.09207E-01  1.09207E-01  6.00000E+00            185.OS 76.  10   6
 6 7  1.03829E-02  1.10662E-01  1.10662E-01  6.00000E+00            185.OS 76.  11   7
 6 3  6.21675E-03  1.18840E-01  1.18840E-01  6.00000E+00            185.OS 76.  12   3
 6 4  1.75230E-03  1.21200E-01  1.21200E-01  6.00000E+00            185.OS 76.  13   4
 1 7  3.41640E-01  1.25358E-01  1.25358E-01  0.00000E+00            185.OS 76.  14   7
 6 1  7.80689E-01  5.35021E-02  5.35021E-02  7.00000E+00            185.OS 76.  15   1
 6 5  1.13694E-01  1.12850E-01  1.12850E-01  7.00000E+00            185.OS 76.  16   5
 6 6  1.51876E-02  1.13365E-01  1.13365E-01  7.00000E+00            185.OS 76.  17   6
 6 7  5.19823E-03  1.14820E-01  1.14820E-01  7.00000E+00            185.OS 76.  18   7
 6 3  3.09794E-02  1.22998E-01  1.22998E-01  7.00000E+00            185.OS 76.  19   3
 6 4  9.09384E-03  1.25358E-01  1.25358E-01  7.00000E+00            185.OS 76.  20   4
 111  5.66280E-01  1.62852E-01  1.62852E-01  0.00000E+00            185.OS 76.  21  11
 6 1  6.32885E-01  9.09960E-02  9.09960E-02  1.10000E+01            185.OS 76.  22   1
 6 5  9.17950E-02  1.50344E-01  1.50344E-01  1.10000E+01            185.OS 76.  23   5
 6 6  8.21355E-03  1.50859E-01  1.50859E-01  1.10000E+01            185.OS 76.  24   6
 6 7  9.09503E-04  1.52314E-01  1.52314E-01  1.10000E+01            185.OS 76.  25   7
 6 3  2.31638E-02  1.60492E-01  1.60492E-01  1.10000E+01            185.OS 76.  26   3
 6 4  6.82792E-03  1.62852E-01  1.62852E-01  1.10000E+01            185.OS 76.  27   4
 115  4.12620E-01  2.34157E-01  2.34157E-01  0.00000E+00            185.OS 76.  28  15
 6 1  1.67457E-01  1.62301E-01  1.62301E-01  1.50000E+01            185.OS 76.  29   1
 6 5  2.43013E-02  2.21649E-01  2.21649E-01  1.50000E+01            185.OS 76.  30   5
 6 6  2.10492E-03  2.22164E-01  2.22164E-01  1.50000E+01            185.OS 76.  31   6
 6 7  2.27600E-04  2.23619E-01  2.23619E-01  1.50000E+01            185.OS 76.  32   7
 6 3  6.07075E-03  2.31797E-01  2.31797E-01  1.50000E+01            185.OS 76.  33   3
 6 4  1.79804E-03  2.34157E-01  2.34157E-01  1.50000E+01            185.OS 76.  34   4
 116  1.31820E+00  5.92074E-01  5.92074E-01  0.00000E+00            185.OS 76.  35  16
 6 1  1.50962E-02  5.20218E-01  5.20218E-01  1.60000E+01            185.OS 76.  36   1
 6 5  2.03299E-03  5.79566E-01  5.79566E-01  1.60000E+01            185.OS 76.  37   5
 6 6  9.04275E-04  5.80081E-01  5.80081E-01  1.60000E+01            185.OS 76.  38   6
 6 7  3.74779E-04  5.81536E-01  5.81536E-01  1.60000E+01            185.OS 76.  39   7
 6 3  7.85692E-04  5.89713E-01  5.89713E-01  1.60000E+01            185.OS 76.  40   3
 6 4  2.27786E-04  5.92074E-01  5.92074E-01  1.60000E+01            185.OS 76.  41   4
 118  7.80000E+01  6.46116E-01  6.46116E-01  0.00000E+00            185.OS 76.  42  18
 6 1  7.40371E-01  5.74260E-01  5.74260E-01  1.80000E+01            185.OS 76.  43   1
 6 5  9.98703E-02  6.33608E-01  6.33608E-01  1.80000E+01            185.OS 76.  44   5
 6 6  3.86140E-02  6.34123E-01  6.34123E-01  1.80000E+01            185.OS 76.  45   6
 6 7  1.54586E-02  6.35578E-01  6.35578E-01  1.80000E+01            185.OS 76.  46   7
 6 3  3.63659E-02  6.43756E-01  6.43756E-01  1.80000E+01            185.OS 76.  47   3
 6 4  1.05538E-02  6.46116E-01  6.46116E-01  1.80000E+01            185.OS 76.  48   4
 120  3.93900E+00  7.17424E-01  7.17424E-01  0.00000E+00            185.OS 76.  49  20
 6 1  4.25405E-02  6.45568E-01  6.45568E-01  2.00000E+01            185.OS 76.  50   1
 6 5  5.88438E-03  7.04916E-01  7.04916E-01  2.00000E+01            185.OS 76.  51   5
 6 6  1.21180E-03  7.05431E-01  7.05431E-01  2.00000E+01            185.OS 76.  52   6
 6 7  4.13007E-04  7.06886E-01  7.06886E-01  2.00000E+01            185.OS 76.  53   7
 6 3  1.74314E-03  7.15064E-01  7.15064E-01  2.00000E+01            185.OS 76.  54   3
 6 4  5.09685E-04  7.17424E-01  7.17424E-01  2.00000E+01            185.OS 76.  55   4
 121  3.12000E-03  7.49460E-01  7.49460E-01  0.00000E+00            185.OS 76.  56  21
 6 1  2.17076E-05  6.77604E-01  6.77604E-01  2.10000E+01            185.OS 76.  57   1
 6 5  2.93403E-06  7.36952E-01  7.36952E-01  2.10000E+01            185.OS 76.  58   5
 6 6  8.98809E-07  7.37467E-01  7.37467E-01  2.10000E+01            185.OS 76.  59   6
 6 7  3.40960E-07  7.38922E-01  7.38922E-01  2.10000E+01            185.OS 76.  60   7
 6 3  9.78611E-07  7.47100E-01  7.47100E-01  2.10000E+01            185.OS 76.  61   3
 6 4  2.84634E-07  7.49460E-01  7.49460E-01  2.10000E+01            185.OS 76.  62   4
 123  3.51000E-03  7.68930E-01  7.68930E-01  0.00000E+00            185.OS 76.  63  23
 6 1  4.39432E-05  6.97074E-01  6.97074E-01  2.30000E+01            185.OS 76.  64   1
 6 5  6.24296E-06  7.56422E-01  7.56422E-01  2.30000E+01            185.OS 76.  65   5
 6 6  4.31910E-07  7.56937E-01  7.56937E-01  2.30000E+01            185.OS 76.  66   6
 6 7  4.89508E-08  7.58392E-01  7.58392E-01  2.30000E+01            185.OS 76.  67   7
 6 3  1.53129E-06  7.66569E-01  7.66569E-01  2.30000E+01            185.OS 76.  68   3
 6 4  4.51685E-07  7.68930E-01  7.68930E-01  2.30000E+01            185.OS 76.  69   4
 124  3.90000E-05  8.05700E-01  8.05700E-01  0.00000E+00            185.OS 76.  70  24
 6 1  2.34041E-07  7.33844E-01  7.33844E-01  2.40000E+01            185.OS 76.  71   1
 6 5  3.16533E-08  7.93192E-01  7.93192E-01  2.40000E+01            185.OS 76.  72   5
 6 6  8.67667E-09  7.93707E-01  7.93707E-01  2.40000E+01            185.OS 76.  73   6
 6 7  3.21462E-09  7.95162E-01  7.95162E-01  2.40000E+01            185.OS 76.  74   7
 6 3  1.01727E-08  8.03340E-01  8.03340E-01  2.40000E+01            185.OS 76.  75   3
 6 4  2.96215E-09  8.05700E-01  8.05700E-01  2.40000E+01            185.OS 76.  76   4
 126  6.29460E+00  8.74813E-01  8.74813E-01  0.00000E+00            185.OS 76.  77  26
 6 1  8.05365E-02  8.02957E-01  8.02957E-01  2.60000E+01            185.OS 76.  78   1
 6 5  1.14378E-02  8.62305E-01  8.62305E-01  2.60000E+01            185.OS 76.  79   5
 6 6  7.62273E-04  8.62820E-01  8.62820E-01  2.60000E+01            185.OS 76.  80   6
 6 7  8.89770E-05  8.64275E-01  8.64275E-01  2.60000E+01            185.OS 76.  81   7
 6 3  2.79606E-03  8.72452E-01  8.72452E-01  2.60000E+01            185.OS 76.  82   3
 6 4  8.35702E-04  8.74813E-01  8.74813E-01  2.60000E+01            185.OS 76.  83   4
 127  5.17140E+00  8.80523E-01  8.80523E-01  0.00000E+00            185.OS 76.  84  27
 6 1  2.59633E-02  8.08667E-01  8.08667E-01  2.70000E+01            185.OS 76.  85   1
 6 5  3.51283E-03  8.68015E-01  8.68015E-01  2.70000E+01            185.OS 76.  86   5
 6 6  8.41864E-04  8.68530E-01  8.68530E-01  2.70000E+01            185.OS 76.  87   6
 6 7  3.03805E-04  8.69985E-01  8.69985E-01  2.70000E+01            185.OS 76.  88   7
 6 3  1.08370E-03  8.78163E-01  8.78163E-01  2.70000E+01            185.OS 76.  89   3
 6 4  3.19519E-04  8.80523E-01  8.80523E-01  2.70000E+01            185.OS 76.  90   4
 128  4.83600E-02  9.31057E-01  9.31057E-01  0.00000E+00            185.OS 76.  91  28
 6 1  5.29341E-04  8.59201E-01  8.59201E-01  2.80000E+01            185.OS 76.  92   1
 6 5  7.51587E-05  9.18549E-01  9.18549E-01  2.80000E+01            185.OS 76.  93   5
 6 6  4.91445E-06  9.19064E-01  9.19064E-01  2.80000E+01            185.OS 76.  94   6
 6 7  5.83749E-07  9.20519E-01  9.20519E-01  2.80000E+01            185.OS 76.  95   7
 6 3  1.83424E-05  9.28697E-01  9.28697E-01  2.80000E+01            185.OS 76.  96   3
 6 4  5.48105E-06  9.31057E-01  9.31057E-01  2.80000E+01            185.OS 76.  97   4
 2 1  2.09997E+01  5.98631E-02  5.98631E-02  0.00000E+00            185.OS 76.  98   1
 2 2  3.63097E+01  6.13181E-02  6.13181E-02  0.00000E+00            185.OS 76.  99   2
 2 3  3.92413E+00  6.91788E-02  6.91788E-02  0.00000E+00            185.OS 76. 100   3
 2 4  7.58301E+00  6.94956E-02  6.94956E-02  0.00000E+00            185.OS 76. 101   4
 2 5  8.74860E-02  6.98942E-02  6.98942E-02  0.00000E+00            185.OS 76. 102   5
 2 6  1.09797E-01  6.99636E-02  6.99636E-02  0.00000E+00            185.OS 76. 103   6
 2 7  8.98110E-01  7.13392E-02  7.13392E-02  0.00000E+00            185.OS 76. 104   7
 2 8  1.74471E+00  7.14134E-02  7.14134E-02  0.00000E+00            185.OS 76. 105   8
 2 9  2.13965E-02  7.15776E-02  7.15776E-02  0.00000E+00            185.OS 76. 106   9
 210  2.67395E-02  7.15916E-02  7.15916E-02  0.00000E+00            185.OS 76. 107  10
 211  2.04628E-01  7.17951E-02  7.17951E-02  0.00000E+00            185.OS 76. 108  11
 212  4.16200E-01  7.18066E-02  7.18066E-02  0.00000E+00            185.OS 76. 109  12
 213  8.52443E-04  7.18465E-02  7.18465E-02  0.00000E+00            185.OS 76. 110  13
 214  1.01996E-03  7.18475E-02  7.18475E-02  0.00000E+00            185.OS 76. 111  14
 221  2.30533E-04  5.14999E-04  5.14999E-04  0.00000E+00            185.OS 76. 112  21
 222  3.05847E-02  1.97000E-03  1.97000E-03  0.00000E+00            185.OS 76. 113  22
 223  4.85239E-01  9.83057E-03  9.83057E-03  0.00000E+00            185.OS 76. 114  23
 224  5.98264E-01  1.01475E-02  1.01475E-02  0.00000E+00            185.OS 76. 115  24
 225  1.44851E-02  1.05462E-02  1.05462E-02  0.00000E+00            185.OS 76. 116  25
 226  2.16885E-02  1.06153E-02  1.06153E-02  0.00000E+00            185.OS 76. 117  26
 227  1.19903E-01  1.19912E-02  1.19912E-02  0.00000E+00            185.OS 76. 118  27
 228  1.57051E-01  1.20654E-02  1.20654E-02  0.00000E+00            185.OS 76. 119  28
 229  2.06944E-03  1.22297E-02  1.22297E-02  0.00000E+00            185.OS 76. 120  29
 230  3.23679E-03  1.22434E-02  1.22434E-02  0.00000E+00            185.OS 76. 121  30
 231  1.92267E-02  1.24470E-02  1.24470E-02  0.00000E+00            185.OS 76. 122  31
 232  2.44419E-02  1.24586E-02  1.24586E-02  0.00000E+00            185.OS 76. 123  32
 233  7.80090E-05  1.24985E-02  1.24985E-02  0.00000E+00            185.OS 76. 124  33
 234  1.18202E-04  1.24995E-02  1.24995E-02  0.00000E+00            185.OS 76. 125  34
 241  9.65532E-05  1.45500E-03  1.45500E-03  0.00000E+00            185.OS 76. 126  41
 242  1.78679E-01  9.08140E-03  9.08140E-03  0.00000E+00            185.OS 76. 127  42
 243  5.85249E-03  9.63250E-03  9.63250E-03  0.00000E+00            185.OS 76. 128  43
 244  6.41197E+00  1.00312E-02  1.00312E-02  0.00000E+00            185.OS 76. 129  44
 245  4.31812E-02  1.13772E-02  1.13772E-02  0.00000E+00            185.OS 76. 130  45
 246  1.52862E-03  1.15504E-02  1.15504E-02  0.00000E+00            185.OS 76. 131  46
 247  1.20768E+00  1.17147E-02  1.17147E-02  0.00000E+00            185.OS 76. 132  47
 248  3.41975E-03  1.19373E-02  1.19373E-02  0.00000E+00            185.OS 76. 133  48
 249  8.36330E-03  1.19014E-02  1.19014E-02  0.00000E+00            185.OS 76. 134  49
 250  3.14142E-04  1.19436E-02  1.19436E-02  0.00000E+00            185.OS 76. 135  50
 251  4.63574E-02  1.19835E-02  1.19835E-02  0.00000E+00            185.OS 76. 136  51
 261  7.35307E-01  7.62641E-03  7.62641E-03  0.00000E+00            185.OS 76. 137  61
 262  6.45990E-03  7.86060E-03  7.86060E-03  0.00000E+00            185.OS 76. 138  62
 263  5.84890E-03  8.17750E-03  8.17750E-03  0.00000E+00            185.OS 76. 139  63
 264  1.25717E+00  8.57622E-03  8.57622E-03  0.00000E+00            185.OS 76. 140  64
 265  1.10897E+01  8.64532E-03  8.64532E-03  0.00000E+00            185.OS 76. 141  65
 266  1.40679E-01  9.92215E-03  9.92215E-03  0.00000E+00            185.OS 76. 142  66
 267  1.38165E-03  1.00212E-02  1.00212E-02  0.00000E+00            185.OS 76. 143  67
 268  1.36714E-03  1.00954E-02  1.00954E-02  0.00000E+00            185.OS 76. 144  68
 269  2.21270E-01  1.02598E-02  1.02598E-02  0.00000E+00            185.OS 76. 145  69
 270  1.98735E+00  1.02735E-02  1.02735E-02  0.00000E+00            185.OS 76. 146  70
 271  1.11665E-03  1.04824E-02  1.04824E-02  0.00000E+00            185.OS 76. 147  71
 272  6.26704E-03  1.04850E-02  1.04850E-02  0.00000E+00            185.OS 76. 148  72
 273  2.86928E-02  1.04464E-02  1.04464E-02  0.00000E+00            185.OS 76. 149  73
 274  2.93516E-04  1.04770E-02  1.04770E-02  0.00000E+00            185.OS 76. 150  74
 275  2.80061E-04  1.04886E-02  1.04886E-02  0.00000E+00            185.OS 76. 151  75
 276  8.45454E-03  1.05285E-02  1.05285E-02  0.00000E+00            185.OS 76. 152  76
 277  7.23645E-02  1.05295E-02  1.05295E-02  0.00000E+00            185.OS 76. 153  77
 291  3.43313E+00  1.84773E-03  1.84773E-03  0.00000E+00            185.OS 76. 154  91
 292  7.43169E-02  2.51241E-04  2.51241E-04  0.00000E+00            185.OS 76. 155  92
 293  1.28304E-04  4.14674E-05  4.14674E-05  0.00000E+00            185.OS 76. 156  93
 294  8.55599E+02  3.75759E-05  3.75759E-05  0.00000E+00            185.OS 76. 157  94
 7 1  2.13621E+00  4.85493E-02  4.85493E-02  0.00000E+00            185.OS 76. 158   1
 7 2  1.12537E+00  5.80540E-02  5.80540E-02  0.00000E+00            185.OS 76. 159   2
 7 3  1.42539E-01  6.75681E-02  6.75681E-02  0.00000E+00            185.OS 76. 160   3
 7 4  2.00095E+01  5.40641E-04  5.40641E-04  0.00000E+00            185.OS 76. 161   4
 7 5  4.11898E+01  6.68163E-03  6.68163E-03  0.00000E+00            185.OS 76. 162   5
 7 6  1.60616E+01  8.50814E-03  8.50814E-03  0.00000E+00            185.OS 76. 163   6
 7 7  1.55425E+00  1.03647E-02  1.03647E-02  0.00000E+00            185.OS 76. 164   7
 7 8  5.67987E+01  3.26344E-04  3.26344E-04  0.00000E+00            185.OS 76. 165   8
 7 9  1.35495E+02  1.52529E-03  1.52529E-03  0.00000E+00            185.OS 76. 166   9
 710  9.60734E+00  1.71514E-03  1.71514E-03  0.00000E+00            185.OS 76. 167  10
 711  5.16547E-01  1.98850E-03  1.98850E-03  0.00000E+00            185.OS 76. 168  11
 712  2.86765E+02  1.62289E-04  1.62289E-04  0.00000E+00            185.OS 76. 169  12
 713  1.07294E+01  3.30391E-04  3.30391E-04  0.00000E+00            185.OS 76. 170  13
 714  1.68791E+02  2.73063E-05  2.73063E-05  0.00000E+00            185.OS 76. 171  14
 715  4.89448E-01  5.25526E-05  5.25526E-05  0.00000E+00            185.OS 76. 172  15
%%%% 185 OS  76    EC           8.08704E+06 93.6 D     02-11-2005       SEEIEND 
 


   ***************************************************** 
   *                 Radiation Summary                 * 
   ***************************************************** 
 
  Energy released by
    Gamma-ray                       (MeV) =   6.43671E-01
    X-ray                           (MeV) =   4.77328E-02
    Free-bound X-ray                (MeV) =   3.21499E-04
    Annihilation photon             (MeV) =   0.00000E+00
    Beta+ particle                  (MeV) =   0.00000E+00
    Neutrino                        (MeV) =   3.25750E-01
    Beta- particle                  (MeV) =   0.00000E+00
    Neutrino-                       (MeV) =   0.00000E+00
    Internal conv. electron         (MeV) =   9.25574E-03
    Auger and CK electron           (MeV) =   9.14899E-03
    Alpha particle                  (MeV) =   0.00000E+00
    Recoil nucleus                  (MeV) =   0.00000E+00
  E-total (except unplaced radiat.) (MeV) =   1.03588E+00
  E-unplaced radiation              (MeV) =   0.00000E+00
  Q-value from ENSDF data           (MeV) =   1.01280E+00
  Ratio of E-total/Q-value          ( % ) =   1.02279E+02
  Ratio of E-unplaced radi./Q-value ( % ) =   0.00000E+00

 
  Total yield of
    Gamma-ray                             =   9.63874E-01
    X-ray                                 =   1.00783E+00
    Free-bound X-ray                      =   8.55599E+00
    Annihilation photon                   =   0.00000E+00
    Beta+ particle                        =   0.00000E+00
    Beta- particle                        =   0.00000E+00
    Internal conv. electron               =   3.82301E-02
    Auger and CK electron                 =   7.51411E+00
    Alpha particle                        =   0.00000E+00
  Yield of unplaced radiation             =   0.00000E+00


