%%%% 227 PA  91    A  EC        2.29800E+03 38.3 M     02-11-2005       BALASTAR
1 227   PA  91 38.3 M          A  EC      
           WARNING:                                                                             
 223 AC 89  GAMMA-RAY ENERGY =   0.00800 MEV                                                    
           HALF-LIFE OF INITIAL LEVEL ASSOCIATED WITH GAMMA-RAY TOO SHORT TO BE                 
           CONSIDERED ISOMERIC, AND INTENSITY = 0.0                                             
           TRANSITION IGNORED                                                                   
           WARNING:                                                                             
 223 AC 89  GAMMA-RAY ENERGY =   0.01250 MEV                                                    
           HALF-LIFE OF INITIAL LEVEL ASSOCIATED WITH GAMMA-RAY TOO SHORT TO BE                 
           CONSIDERED ISOMERIC, AND INTENSITY = 0.0                                             
           TRANSITION IGNORED                                                                   
           WARNING:                                                                             
 223 AC 89  GAMMA-RAY ENERGY =   0.05070 MEV                                                    
           HALF-LIFE OF INITIAL LEVEL ASSOCIATED WITH GAMMA-RAY TOO SHORT TO BE                 
           CONSIDERED ISOMERIC, AND INTENSITY = 0.0                                             
           TRANSITION IGNORED                                                                   
           WARNING:                                                                             
 223 AC 89  GAMMA-RAY ENERGY =   0.05750 MEV                                                    
           HALF-LIFE OF INITIAL LEVEL ASSOCIATED WITH GAMMA-RAY TOO SHORT TO BE                 
           CONSIDERED ISOMERIC, AND INTENSITY = 0.0                                             
           TRANSITION IGNORED                                                                   
1INTENSITY AND ENERGY BALANCE DATA

              227-PROTACTINIUM-91
+                                    HALFLIFE = 38.3 MINUTES 
+                                                                  02-11-2005


    LEVEL       INTENSITY   INTENSITY
    ENERGY      ENTERING    LEAVING     PERCENT
    (MEV)       LEVEL       LEVEL       ERROR

   0.0000E+00  8.8725E+01
   4.1000E-03  4.3375E+00  0.0000E+00  2.0000E+02  ********************
   1.2500E-02  4.6913E-01  0.0000E+00  2.0000E+02  ********************
   4.2400E-02  1.4763E+01  2.7989E+01  6.1872E+01  ********************
   5.0700E-02  1.8563E+01  8.2708E+00  7.6712E+01  ********************
   6.4620E-02  9.2358E+00  9.3875E+00  1.6294E+00                      
   8.8900E-02  0.0000E+00  1.0104E+00  2.0000E+02  ********************
   8.9100E-02  5.4444E-01  3.0902E+00  1.4008E+02  ********************
   9.0700E-02  2.2971E+00  2.7299E+00  1.7218E+01  ********************
   9.7300E-02  0.0000E+00  7.2958E-01  2.0000E+02  ********************
   1.0720E-01  0.0000E+00  3.7453E+00  2.0000E+02  ********************
   1.1006E-01  7.0413E+00  3.5891E+00  6.4950E+01  ********************
   1.1020E-01  0.0000E+00  7.6785E-01  2.0000E+02  ********************
   1.3070E-01  8.3533E-01  5.0870E-01  4.8605E+01  ********************
   1.4100E-01  3.4413E-01  0.0000E+00  2.0000E+02  ********************
   1.6750E-01  6.8826E-01  5.4872E-01  2.2562E+01  ********************
   1.8500E-01  0.0000E+00  4.7780E-01  2.0000E+02  ********************
   0.0000E+00  1.5000E+01


 INTENSITY TO GROUND AND ISOMERIC STATE(S) OF DAUGHTER(S)=  1.037E+02
 TOTAL INTENSITY FROM PARENT=  1.000E+02
 PERCENT ERROR =  3.592E+00                      


 TOTAL INTENSITY FROM PARENT =  1.000E+02
 VALUE IS WITHIN   0.00E+00% OF 100                      


 TOTAL ENERGY AVAILABLE =  5.747E+00 MEV
 TOTAL ENERGY CONTENT OF ALL RADIATIONS =  5.752E+00 MEV
 PERCENT ERROR =  9.247E-02                      
%%%% 227 PA  91    A  EC        2.29800E+03 38.3 M     02-11-2005       BALAEND 
%%%% 227 PA  91    A  EC        2.29800E+03 38.3 M     02-11-2005       INPUSTAR
1                                      **INPUT DATA**
              227-PROTACTINIUM-91
+                                    HALFLIFE = 38.3 MINUTES 
+                                                                  02-11-2005

            MODES OF DECAY: ALPHA, ELECTRON CAPTURE
 
                                MEAN
                                NUMBER/    TRANSITION
                TYPE OF    ID   TRANSFOR-  ENERGY
              TRANSITION   NO.  MATION     (MEV)       OTHER NUCLEAR PARAMETERS

                    ALPHA   1   6.88E-03   6.413E+00                                            
                    ALPHA   2   3.44E-03   6.439E+00                                            
                    ALPHA   3   6.02E-03   6.449E+00                                            
                    ALPHA   4   6.80E-02   6.470E+00                                            
                    ALPHA   5   2.24E-02   6.489E+00                                            
                    ALPHA   6   8.09E-02   6.515E+00                                            
                    ALPHA   7   1.30E-01   6.529E+00                                            
                    ALPHA   8   1.01E-01   6.538E+00                                            
                    ALPHA   9   4.32E-01   6.580E+00                                            
           I.C.E. + GAMMA   3   5.44E-03   2.110E-02   E1 MULTIPOLE                             
+                                                                    AK= 0.0                    
                                                       AL1=0.863     AL2=1.82                   
                                                       AL3=2.57      AM= 1.39                   
                                                       AN+=0.449                                
           I.C.E. + GAMMA   4   9.18E-03   2.230E-02   E1 MULTIPOLE                             
+                                                                    AK= 0.0                    
                                                       AL1=0.792     AL2=1.58                   
                                                       AL3=2.19      AM= 1.20                   
                                                       AN+=0.388                                
           I.C.E. + GAMMA   5   2.26E-02   3.840E-02   M1 MULTIPOLE                             
+                                                                    AK= 0.0                    
                                                       AL1=41.2      AL2=4.29                   
                                                       AL3=0.283     AM= 11.0                   
                                                       AN+=3.87                                 
           I.C.E. + GAMMA   6   2.80E-01   4.240E-02   M1+E2 MULTIPOLE                          
                                                       MRS=0.397     AK= 0.0                    
                                                       AL1=24.1      AL2=71.1                   
                                                       AL3=64.3      AM= 42.7                   
                                                       AN+=14.6                                 
           I.C.E. + GAMMA   7   1.15E-02   4.560E-02   M1 MULTIPOLE                             
+                                                                    AK= 0.0                    
                                                       AL1=24.8      AL2=2.58                   
                                                       AL3=0.167     AM= 6.63                   
                                                       AN+=2.33                                 
           I.C.E. + GAMMA   8   2.60E-03   4.560E-02   E1 MULTIPOLE                             
+                                                                    AK= 0.0                    
                                                       AL1=0.225     AL2=0.224                  
                                                       AL3=0.253     AM= 0.174                  
                                                       AN+=0.0580                               
           I.C.E. + GAMMA   9   3.24E-02   4.660E-02   M1 MULTIPOLE                             
+                                                                    AK= 0.0                    
                                                       AL1=23.3      AL2=2.42                   
                                                       AL3=0.157     AM= 6.22                   
                                                       AN+=2.19                                 
           I.C.E. + GAMMA  10   2.73E-02   4.830E-02   M1 MULTIPOLE                             
+                                                                    AK= 0.0                    
                                                       AL1=21.0      AL2=2.17                   
                                                       AL3=0.141     AM= 5.60                   
                                                       AN+=1.97                                 
           I.C.E. + GAMMA  11   5.03E-02   5.070E-02   M1+E2 MULTIPOLE                          
                                                       MRS=0.0676    AK= 0.0                    
                                                       AL1=17.2      AL2=8.31                   
                                                       AL3=5.95      AM= 7.99                   
                                                       AN+=2.77                                 
           I.C.E. + GAMMA  13   2.33E-03   5.430E-02   E1 MULTIPOLE                             
+                                                                    AK= 0.0                    
                                                       AL1=0.159     AL2=0.137                  
                                                       AL3=0.147     AM= 0.109                  
                                                       AN+=0.0365                               
           I.C.E. + GAMMA  14   2.50E-02   5.660E-02   M1 MULTIPOLE                             
+                                                                    AK= 0.0                    
                                                       AL1=13.2      AL2=1.37                   
                                                       AL3=0.0869    AM= 3.52                   
                                                       AN+=1.24                                 
           I.C.E. + GAMMA  16   2.23E-03   5.950E-02   E1 MULTIPOLE                             
+                                                                    AK= 0.0                    
                                                       AL1=0.132     AL2=0.105                  
                                                       AL3=0.110     AM= 0.0851                 
                                                       AN+=0.0286                               
           I.C.E. + GAMMA  17   1.52E-03   5.950E-02   E1 MULTIPOLE                             
+                                                                    AK= 0.0                    
                                                       AL1=0.132     AL2=0.105                  
                                                       AL3=0.110     AM= 0.0851                 
                                                       AN+=0.0286                               
           I.C.E. + GAMMA  18   8.81E-04   6.050E-02   E1 MULTIPOLE                             
+                                                                    AK= 0.0                    
                                                       AL1=0.127     AL2=0.100                  
                                                       AL3=0.104     AM= 0.0814                 
                                                       AN+=0.0274                               
           I.C.E. + GAMMA  19   8.38E-02   6.462E-02   E1 MULTIPOLE                             
+                                                                    AK= 0.0                    
                                                       AL1=0.111     AL2=0.0827                 
                                                       AL3=0.0846    AM= 0.0682                 
                                                       AN+=0.0230                               
           I.C.E. + GAMMA  20   5.61E-03   6.760E-02   E1 MULTIPOLE                             
+                                                                    AK= 0.0                    
                                                       AL1=0.101     AL2=0.0725                 
                                                       AL3=0.0734    AM= 0.0604                 
                                                       AN+=0.0204                               
           I.C.E. + GAMMA  21   2.45E-03   7.490E-02   E1 MULTIPOLE                             
+                                                                    AK= 0.0                    
                                                       AL1=0.0813    AL2=0.0538                 
                                                       AL3=0.0529    AM= 0.0459                 
                                                       AN+=0.0155                               
           I.C.E. + GAMMA  22   6.03E-04   7.700E-02   E1 MULTIPOLE                             
+                                                                    AK= 0.0                    
                                                       AL1=0.0766    AL2=0.0496                 
                                                       AL3=0.0485    AM= 0.0427                 
                                                       AN+=0.0144                               
           I.C.E. + GAMMA  23   1.78E-03   8.000E-02   E1 MULTIPOLE                             
+                                                                    AK= 0.0                    
                                                       AL1=0.0706    AL2=0.0444                 
                                                       AL3=0.0429    AM= 0.0385                 
                                                       AN+=0.0130                               
           I.C.E. + GAMMA  24   1.01E-02   8.480E-02   E1 MULTIPOLE                             
+                                                                    AK= 0.0                    
                                                       AL1=0.0622    AL2=0.0374                 
                                                       AL3=0.0356    AM= 0.0330                 
                                                       AN+=0.0112                               
           I.C.E. + GAMMA  25   4.69E-03   8.480E-02   E1 MULTIPOLE                             
+                                                                    AK= 0.0                    
                                                       AL1=0.0622    AL2=0.0374                 
                                                       AL3=0.0356    AM= 0.0330                 
                                                       AN+=0.0112                               
           I.C.E. + GAMMA  26   8.26E-03   8.910E-02   M1 MULTIPOLE                             
+                                                                    AK= 0.0                    
                                                       AL1=3.49      AL2=0.366                  
                                                       AL3=0.0221    AM= 0.933                  
                                                       AN+=0.328                                
           I.C.E. + GAMMA  27   1.25E-02   1.070E-01   M1 MULTIPOLE                             
+                                                                    AK= 0.0                    
                                                       AL1=4.87      AL2=0.510                  
                                                       AL3=0.0302    AM= 1.30                   
                                                       AN+=0.457                                
           I.C.E. + GAMMA  28   1.73E-02   1.101E-01   E1 MULTIPOLE                             
+                                                                    AK= 0.301                  
                                                       AL1=0.0351    AL2=0.0173                 
                                                       AL3=0.0154    AM= 0.0165                 
                                                       AN+=0.00561                              
           I.C.E. + GAMMA  29   4.88E-03   1.251E-01   E1 MULTIPOLE                             
+                                                                    AK= 0.223                  
                                                       AL1=0.0264    AL2=0.0119                 
                                                       AL3=0.0102    AM= 0.0118                 
                                                       AN+=0.00401                              
           I.C.E. + GAMMA  30   3.31E-03   1.307E-01   E1 MULTIPOLE                             
+                                                                    AK= 0.201                  
                                                       AL1=0.0240    AL2=0.0105                 
                                                       AL3=0.00890   AM= 0.0105                 
                                                       AN+=0.00358                              
           ELECT. CAPTURE   1   1.50E-01   1.024E+00   UNIQUE FIRST FORBIDDEN                   
 
           - - - - - - - - - -
           Reference: Evaluated Nuclear Structure Data File (ENSDF)
                DATE DATA WERE ENTERED INTO ENSDF: Dec-2003
%%%% 227 PA  91    A  EC        2.29800E+03 38.3 M     02-11-2005       INPUEND 
%%%% 227 PA  91    A  EC        2.29800E+03 38.3 M     02-11-2005       OUTPSTAR
1                                      **OUTPUT DATA**
              227-PROTACTINIUM-91
+                                    HALFLIFE = 38.3 MINUTES 
+                                                                  02-11-2005

            MODES OF DECAY: ALPHA, ELECTRON CAPTURE
 
                                              MEAN
                                              NUMBER/                  MEV/
                                         ID   TRANSFOR-   ENERGY       TRANSFOR-
                  TYPE OF RADIATION      NO.  MATION      (MEV)        MATION

           ALPHA                          1   6.88E-03    6.299E+00    4.34E-02
           RECOIL ATOM                        6.88E-03    1.131E-01    7.78E-04
           ALPHA                          2   3.44E-03    6.325E+00    2.18E-02
           RECOIL ATOM                        3.44E-03    1.135E-01    3.91E-04
           ALPHA                          3   6.02E-03    6.336E+00    3.82E-02
           RECOIL ATOM                        6.02E-03    1.137E-01    6.85E-04
           ALPHA                          4   6.80E-02    6.356E+00    4.32E-01
           RECOIL ATOM                        6.80E-02    1.141E-01    7.75E-03
           ALPHA                          5   2.24E-02    6.375E+00    1.43E-01
           RECOIL ATOM                        2.24E-02    1.144E-01    2.56E-03
           ALPHA                          6   8.09E-02    6.400E+00    5.18E-01
           RECOIL ATOM                        8.09E-02    1.149E-01    9.29E-03
           ALPHA                          7   1.30E-01    6.414E+00    8.33E-01
           RECOIL ATOM                        1.30E-01    1.151E-01    1.50E-02
           ALPHA                          8   1.01E-01    6.422E+00    6.46E-01
           RECOIL ATOM                        1.01E-01    1.153E-01    1.16E-02
           ALPHA                          9   4.32E-01    6.464E+00    2.79E+00
           RECOIL ATOM                        4.32E-01    1.160E-01    5.01E-02
           GAMMA-RAY                      4   1.29E-03    2.230E-02    2.87E-05
           M CONV. ELECTRON, GAMMA-RAY    4   1.54E-03    1.840E-02*   2.83E-05
           L1 CONV. ELECTRON, GAMMA-RAY   5   1.51E-02    1.855E-02    2.81E-04
           L2 CONV. ELECTRON, GAMMA-RAY   5   1.57E-03    1.924E-02    3.03E-05
           M CONV. ELECTRON, GAMMA-RAY    5   4.04E-03    3.450E-02*   1.39E-04
           N+ CONV. ELECTRON, GAMMA-RAY   5   1.42E-03    3.840E-02*   5.46E-05
           GAMMA-RAY                      6   1.29E-03    4.240E-02    5.45E-05
           L1 CONV. ELECTRON, GAMMA-RAY   6   3.10E-02    2.255E-02    7.00E-04
           L2 CONV. ELECTRON, GAMMA-RAY   6   9.14E-02    2.324E-02    2.12E-03
           L3 CONV. ELECTRON, GAMMA-RAY   6   8.26E-02    2.652E-02    2.19E-03
           M CONV. ELECTRON, GAMMA-RAY    6   5.48E-02    3.850E-02*   2.11E-03
           N+ CONV. ELECTRON, GAMMA-RAY   6   1.88E-02    4.240E-02*   7.97E-04
           L1 CONV. ELECTRON, GAMMA-RAY   7   7.60E-03    2.575E-02    1.96E-04
           M CONV. ELECTRON, GAMMA-RAY    7   2.03E-03    4.170E-02*   8.47E-05
           N+ CONV. ELECTRON, GAMMA-RAY   7   7.14E-04    4.560E-02*   3.26E-05
           GAMMA-RAY                      8   1.35E-03    4.560E-02    6.14E-05
           GAMMA-RAY                      9   9.18E-04    4.660E-02    4.28E-05
           L1 CONV. ELECTRON, GAMMA-RAY   9   2.14E-02    2.675E-02    5.72E-04
           L2 CONV. ELECTRON, GAMMA-RAY   9   2.22E-03    2.744E-02    6.08E-05
           M CONV. ELECTRON, GAMMA-RAY    9   5.71E-03    4.270E-02*   2.44E-04
           N+ CONV. ELECTRON, GAMMA-RAY   9   2.01E-03    4.660E-02*   9.36E-05
           GAMMA-RAY                     10   8.57E-04    4.830E-02    4.14E-05
           L1 CONV. ELECTRON, GAMMA-RAY  10   1.80E-02    2.845E-02    5.11E-04
           L2 CONV. ELECTRON, GAMMA-RAY  10   1.86E-03    2.914E-02    5.43E-05
           M CONV. ELECTRON, GAMMA-RAY   10   4.80E-03    4.440E-02*   2.13E-04
           N+ CONV. ELECTRON, GAMMA-RAY  10   1.69E-03    4.830E-02*   8.15E-05
           GAMMA-RAY                     11   1.16E-03    5.070E-02    5.90E-05
           L1 CONV. ELECTRON, GAMMA-RAY  11   2.01E-02    3.085E-02    6.19E-04
           L2 CONV. ELECTRON, GAMMA-RAY  11   9.67E-03    3.154E-02    3.05E-04
           L3 CONV. ELECTRON, GAMMA-RAY  11   6.92E-03    3.482E-02    2.41E-04
           M CONV. ELECTRON, GAMMA-RAY   11   9.29E-03    4.680E-02*   4.35E-04
           N+ CONV. ELECTRON, GAMMA-RAY  11   3.22E-03    5.070E-02*   1.63E-04
           GAMMA-RAY                     13   1.47E-03    5.430E-02    7.98E-05
           GAMMA-RAY                     14   1.22E-03    5.660E-02    6.93E-05
           L1 CONV. ELECTRON, GAMMA-RAY  14   1.61E-02    3.675E-02    5.93E-04
           L2 CONV. ELECTRON, GAMMA-RAY  14   1.67E-03    3.744E-02    6.26E-05
           M CONV. ELECTRON, GAMMA-RAY   14   4.31E-03    5.270E-02*   2.27E-04
           N+ CONV. ELECTRON, GAMMA-RAY  14   1.51E-03    5.660E-02*   8.56E-05
           GAMMA-RAY                     16   1.53E-03    5.950E-02    9.10E-05
           GAMMA-RAY                     17   1.04E-03    5.950E-02    6.19E-05
           GAMMA-RAY                     18   6.12E-04    6.050E-02    3.70E-05
           GAMMA-RAY                     19   6.12E-02    6.462E-02    3.95E-03
           L1 CONV. ELECTRON, GAMMA-RAY  19   6.79E-03    4.477E-02    3.04E-04
           L2 CONV. ELECTRON, GAMMA-RAY  19   5.06E-03    4.546E-02    2.30E-04
           L3 CONV. ELECTRON, GAMMA-RAY  19   5.18E-03    4.874E-02    2.52E-04
           M CONV. ELECTRON, GAMMA-RAY   19   4.17E-03    6.072E-02*   2.53E-04
           N+ CONV. ELECTRON, GAMMA-RAY  19   1.41E-03    6.462E-02*   9.08E-05
           GAMMA-RAY                     20   4.22E-03    6.760E-02    2.85E-04
           GAMMA-RAY                     21   1.96E-03    7.490E-02    1.47E-04
           GAMMA-RAY                     22   4.90E-04    7.700E-02    3.77E-05
           GAMMA-RAY                     23   1.47E-03    8.000E-02    1.18E-04
           GAMMA-RAY                     24   8.57E-03    8.480E-02    7.27E-04
           L1 CONV. ELECTRON, GAMMA-RAY  24   5.33E-04    6.495E-02    3.46E-05
           M CONV. ELECTRON, GAMMA-RAY   24   2.82E-04    8.090E-02*   2.28E-05
           GAMMA-RAY                     25   3.98E-03    8.480E-02    3.37E-04
           GAMMA-RAY                     26   1.35E-03    8.910E-02    1.20E-04
           L1 CONV. ELECTRON, GAMMA-RAY  26   4.70E-03    6.925E-02    3.25E-04
           L2 CONV. ELECTRON, GAMMA-RAY  26   4.92E-04    6.994E-02    3.44E-05
           M CONV. ELECTRON, GAMMA-RAY   26   1.26E-03    8.520E-02*   1.07E-04
           N+ CONV. ELECTRON, GAMMA-RAY  26   4.42E-04    8.910E-02*   3.94E-05
           GAMMA-RAY                     27   1.53E-03    1.070E-01    1.64E-04
           L1 CONV. ELECTRON, GAMMA-RAY  27   7.45E-03    8.715E-02    6.50E-04
           L2 CONV. ELECTRON, GAMMA-RAY  27   7.81E-04    8.784E-02    6.86E-05
           M CONV. ELECTRON, GAMMA-RAY   27   1.99E-03    1.031E-01*   2.05E-04
           N+ CONV. ELECTRON, GAMMA-RAY  27   6.99E-04    1.070E-01*   7.48E-05
           GAMMA-RAY                     28   1.24E-02    1.101E-01    1.37E-03
           L1 CONV. ELECTRON, GAMMA-RAY  28   4.37E-04    9.020E-02    3.94E-05
           GAMMA-RAY                     29   3.79E-03    1.251E-01    4.75E-04
           GAMMA-RAY                     30   2.63E-03    1.307E-01    3.44E-04
           K -L2 X-RAY                        1.47E-03    8.803E-02    1.29E-04
           K -L3 X-RAY                        2.38E-03    9.131E-02    2.17E-04
           K -M2 X-RAY                        2.72E-04    1.025E-01    2.79E-05
           K -M3 X-RAY                        5.30E-04    1.033E-01    5.47E-05
           L1-M2 X-RAY                        6.99E-03    1.519E-02    1.06E-04
           L1-M3 X-RAY                        6.56E-03    1.594E-02    1.05E-04
           L1-N2 X-RAY                        1.86E-03    1.874E-02    3.49E-05
           L1-N3 X-RAY                        1.97E-03    1.894E-02    3.73E-05
           L2-M4 X-RAY                        4.80E-02    1.578E-02    7.57E-04
           L2-N4 X-RAY                        1.06E-02    1.849E-02    1.95E-04
           L2-O4 X-RAY                        1.90E-03    1.907E-02    3.62E-05
           L3-M1 X-RAY                        4.46E-03    1.091E-02    4.86E-05
           L3-M4 X-RAY                        7.51E-03    1.250E-02    9.39E-05
           L3-M5 X-RAY                        6.60E-02    1.266E-02    8.36E-04
           L3-N5 X-RAY                        1.35E-02    1.524E-02    2.06E-04
           L3-O5 X-RAY                        2.38E-03    1.580E-02    3.76E-05
           M X-RAY                            3.18E-02    2.975E-03    9.46E-05
           Free-Bound X-RAY                   6.04E+00    7.956E-05    4.81E-04
           CK LLX                             1.30E-01    1.296E-03*   1.69E-04
           AUGER LMM                          1.30E-01    9.657E-03*   1.25E-03
           AUGER LMX                          6.37E-02    1.269E-02*   8.09E-04
           AUGER LXY                          7.41E-03    1.577E-02*   1.17E-04
           CK MMX                             2.52E-01    4.907E-04*   1.24E-04
           AUGER MNN                          5.23E-01    2.268E-03*   1.19E-03
           AUGER MNX                          8.68E-02    2.662E-03*   2.31E-04
           CK NNX                             9.09E-01    1.866E-04*   1.70E-04
           AUGER NXY                          1.64E+00    1.259E-04*   2.06E-04
           CK OOX                             1.38E+00    3.114E-05*   4.30E-05
           K -L2 X-RAY                        3.10E-02    9.033E-02    2.80E-03
           K -L3 X-RAY                        5.02E-02    9.379E-02    4.70E-03
           K -M2 X-RAY                        5.75E-03    1.053E-01    6.05E-04
           K -M3 X-RAY                        1.12E-02    1.061E-01    1.19E-03
           K -M5 X-RAY                        2.22E-04    1.068E-01    2.37E-05
           K -N2 X-RAY                        1.43E-03    1.089E-01    1.55E-04
           K -N3 X-RAY                        2.87E-03    1.092E-01    3.13E-04
           K -O2 X-RAY                        3.45E-04    1.099E-01    3.79E-05
           K -O3 X-RAY                        6.75E-04    1.099E-01    7.42E-05
           L2-M4 X-RAY                        1.39E-02    1.628E-02    2.27E-04
           L2-N4 X-RAY                        3.10E-03    1.907E-02    5.91E-05
           L3-M4 X-RAY                        2.62E-03    1.281E-02    3.36E-05
           L3-M5 X-RAY                        2.31E-02    1.298E-02    2.99E-04
           L3-N5 X-RAY                        4.77E-03    1.564E-02    7.45E-05
           M X-RAY                            9.55E-03    3.060E-03    2.92E-05
           Free-Bound X-RAY                   1.72E+00    8.224E-05    1.42E-04
           AUGER KLL                          2.23E-03    7.187E-02*   1.60E-04
           AUGER KLX                          1.27E-03    8.720E-02*   1.11E-04
           CK LLX                             2.68E-02    1.432E-03*   3.83E-05
           AUGER LMM                          3.96E-02    9.691E-03*   3.84E-04
           AUGER LMX                          1.97E-02    1.281E-02*   2.52E-04
           AUGER LXY                          2.31E-03    1.597E-02*   3.69E-05
           CK MMX                             6.76E-02    4.928E-04*   3.33E-05
           AUGER MNN                          1.50E-01    2.312E-03*   3.48E-04
           AUGER MNX                          2.58E-02    2.725E-03*   7.02E-05
           CK NNX                             2.59E-01    1.879E-04*   4.87E-05
           AUGER NXY                          4.58E-01    1.323E-04*   6.07E-05
 
           ALL LISTED X-RAYS, GAMMA-RAYS AND ANNIHILATION RADIATION    2.30E-02
           ALL NEGLECTED X-RAYS, GAMMA-RAYS AND ANNIH. RADIATION**     3.87E-04
           ALL LISTED BETAS, INTERNAL CONVERSION AND AUGER ELECTRONS   2.19E-02
           ALL NEGLECTED BETAS, INT. CONVERSION AND AUGER ELECTRONS**  7.10E-04
           ALL LISTED ALPHA PARTICLES AND  RECOIL NUCLEI               5.56E+00
           ALL LISTED RADIATIONS                                       5.61E+00
           ALL NEGLECTED RADIATIONS**                                  1.10E-03
 
           *  AVERAGE ENERGY (MEV)
           ** EACH NEGLECTED TRANSITION CONTRIBUTES LESS THAN  0.100%
              TO THE TOTAL MEV/TRANSFORMATION FOR THIS CATEGORY.
           TOTAL FEEDING OF GROUND STATE LEVEL IN 223-ACTINIUM
             DAUGHTER IS 8.5000E-01 PER TRANSFORMATION OF 227-PROTACTINIUM.
             DECAY OF THIS 2.1 MINUTES HALFLIFE LEVEL WILL CONTRIBUTE TO DOSE.
           TOTAL FEEDING OF GROUND STATE LEVEL IN 227-THORIUM
             DAUGHTER IS 1.5000E-01 PER TRANSFORMATION OF 227-PROTACTINIUM.
             DECAY OF THIS 18.68 DAYS HALFLIFE LEVEL WILL CONTRIBUTE TO DOSE.
           - - - - - - - - - -
           INPUT DATA SOURCE: EVALUATED NUCLEAR STRUCTURE DATA FILE (ENSDF)
             DATE INPUT DATA WERE ENTERED INTO ENSDF: Dec-2003
%%%% 227 PA  91    A  EC        2.29800E+03 38.3 M     02-11-2005       OUTPEND 
%%%% 227 PA  91    A  EC        2.29800E+03 38.3 M     02-11-2005       SEEISTAR
227.  PROTACTINIUM 91.  3.830E+01 MINUTES  340 A  EC                227.PA 91.   0
 8 1  6.88259E-01  6.29943E+00  1.13068E-01  0.00000E+00            227.PA 91.   1   1
 8 2  3.44130E-01  6.32547E+00  1.13535E-01  0.00000E+00            227.PA 91.   2   2
 8 3  6.02227E-01  6.33558E+00  1.13717E-01  0.00000E+00            227.PA 91.   3   3
 8 4  6.79656E+00  6.35586E+00  1.14081E-01  0.00000E+00            227.PA 91.   4   4
 8 5  2.23684E+00  6.37488E+00  1.14422E-01  0.00000E+00            227.PA 91.   5   5
 8 6  8.08704E+00  6.40050E+00  1.14882E-01  0.00000E+00            227.PA 91.   6   6
 8 7  1.29909E+01  6.41417E+00  1.15127E-01  0.00000E+00            227.PA 91.   7   7
 8 8  1.00658E+01  6.42233E+00  1.15274E-01  0.00000E+00            227.PA 91.   8   8
 8 9  4.31883E+01  6.46398E+00  1.16021E-01  0.00000E+00            227.PA 91.   9   9
 1 3  6.73200E-02  2.11000E-02  2.11000E-02  0.00000E+00            227.PA 91.  10   3
 6 5  5.80706E-02  1.25200E-03  1.25200E-03  3.00000E+00            227.PA 91.  11   5
 6 6  1.22245E-01  1.93700E-03  1.93700E-03  3.00000E+00            227.PA 91.  12   6
 6 7  1.73219E-01  5.21700E-03  5.21700E-03  3.00000E+00            227.PA 91.  13   7
 6 3  9.33662E-02  1.71961E-02  1.71961E-02  3.00000E+00            227.PA 91.  14   3
 6 4  3.02203E-02  2.11000E-02  2.11000E-02  3.00000E+00            227.PA 91.  15   4
 1 4  1.28520E-01  2.23000E-02  2.23000E-02  0.00000E+00            227.PA 91.  16   4
 6 5  1.01848E-01  2.45200E-03  2.45200E-03  4.00000E+00            227.PA 91.  17   5
 6 6  2.02618E-01  3.13700E-03  3.13700E-03  4.00000E+00            227.PA 91.  18   6
 6 7  2.81694E-01  6.41700E-03  6.41700E-03  4.00000E+00            227.PA 91.  19   7
 6 3  1.53667E-01  1.83961E-02  1.83961E-02  4.00000E+00            227.PA 91.  20   3
 6 4  4.98391E-02  2.23000E-02  2.23000E-02  4.00000E+00            227.PA 91.  21   4
 1 5  3.67200E-02  3.84000E-02  3.84000E-02  0.00000E+00            227.PA 91.  22   5
 6 5  1.51305E+00  1.85520E-02  1.85520E-02  5.00000E+00            227.PA 91.  23   5
 6 6  1.57365E-01  1.92370E-02  1.92370E-02  5.00000E+00            227.PA 91.  24   6
 6 7  1.03760E-02  2.25170E-02  2.25170E-02  5.00000E+00            227.PA 91.  25   7
 6 3  4.04125E-01  3.44961E-02  3.44961E-02  5.00000E+00            227.PA 91.  26   3
 6 4  1.42152E-01  3.84000E-02  3.84000E-02  5.00000E+00            227.PA 91.  27   4
 1 6  1.28520E-01  4.24000E-02  4.24000E-02  0.00000E+00            227.PA 91.  28   6
 6 5  3.10236E+00  2.25520E-02  2.25520E-02  6.00000E+00            227.PA 91.  29   5
 6 6  9.13804E+00  2.32370E-02  2.32370E-02  6.00000E+00            227.PA 91.  30   6
 6 7  8.25772E+00  2.65170E-02  2.65170E-02  6.00000E+00            227.PA 91.  31   7
 6 3  5.48237E+00  3.84961E-02  3.84961E-02  6.00000E+00            227.PA 91.  32   3
 6 4  1.87973E+00  4.24000E-02  4.24000E-02  6.00000E+00            227.PA 91.  33   4
 1 7  3.06000E-02  4.56000E-02  4.56000E-02  0.00000E+00            227.PA 91.  34   7
 6 5  7.59779E-01  2.57520E-02  2.57520E-02  7.00000E+00            227.PA 91.  35   5
 6 6  7.88138E-02  2.64370E-02  2.64370E-02  7.00000E+00            227.PA 91.  36   6
 6 7  5.12210E-03  2.97170E-02  2.97170E-02  7.00000E+00            227.PA 91.  37   7
 6 3  2.03022E-01  4.16961E-02  4.16961E-02  7.00000E+00            227.PA 91.  38   3
 6 4  7.14014E-02  4.56000E-02  4.56000E-02  7.00000E+00            227.PA 91.  39   4
 1 8  1.34640E-01  4.56000E-02  4.56000E-02  0.00000E+00            227.PA 91.  40   8
 6 5  3.02698E-02  2.57520E-02  2.57520E-02  8.00000E+00            227.PA 91.  41   5
 6 6  3.02254E-02  2.64370E-02  2.64370E-02  8.00000E+00            227.PA 91.  42   6
 6 7  3.40340E-02  2.97170E-02  2.97170E-02  8.00000E+00            227.PA 91.  43   7
 6 3  2.34654E-02  4.16961E-02  4.16961E-02  8.00000E+00            227.PA 91.  44   3
 6 4  7.81541E-03  4.56000E-02  4.56000E-02  8.00000E+00            227.PA 91.  45   4
 1 9  9.18000E-02  4.66000E-02  4.66000E-02  0.00000E+00            227.PA 91.  46   9
 6 5  2.13855E+00  2.67520E-02  2.67520E-02  9.00000E+00            227.PA 91.  47   5
 6 6  2.21767E-01  2.74370E-02  2.74370E-02  9.00000E+00            227.PA 91.  48   6
 6 7  1.43851E-02  3.07170E-02  3.07170E-02  9.00000E+00            227.PA 91.  49   7
 6 3  5.71433E-01  4.26961E-02  4.26961E-02  9.00000E+00            227.PA 91.  50   3
 6 4  2.00959E-01  4.66000E-02  4.66000E-02  9.00000E+00            227.PA 91.  51   4
 110  8.56800E-02  4.83000E-02  4.83000E-02  0.00000E+00            227.PA 91.  52  10
 6 5  1.79712E+00  2.84520E-02  2.84520E-02  1.00000E+01            227.PA 91.  53   5
 6 6  1.86306E-01  2.91370E-02  2.91370E-02  1.00000E+01            227.PA 91.  54   6
 6 7  1.20404E-02  3.24170E-02  3.24170E-02  1.00000E+01            227.PA 91.  55   7
 6 3  4.80008E-01  4.43961E-02  4.43961E-02  1.00000E+01            227.PA 91.  56   3
 6 4  1.68759E-01  4.83000E-02  4.83000E-02  1.00000E+01            227.PA 91.  57   4
 111  1.16280E-01  5.07000E-02  5.07000E-02  0.00000E+00            227.PA 91.  58  11
 6 5  2.00557E+00  3.08520E-02  3.08520E-02  1.10000E+01            227.PA 91.  59   5
 6 6  9.66745E-01  3.15370E-02  3.15370E-02  1.10000E+01            227.PA 91.  60   6
 6 7  6.91993E-01  3.48170E-02  3.48170E-02  1.10000E+01            227.PA 91.  61   7
 6 3  9.28941E-01  4.67961E-02  4.67961E-02  1.10000E+01            227.PA 91.  62   3
 6 4  3.22416E-01  5.07000E-02  5.07000E-02  1.10000E+01            227.PA 91.  63   4
 113  1.46880E-01  5.43000E-02  5.43000E-02  0.00000E+00            227.PA 91.  64  13
 6 5  2.33009E-02  3.44520E-02  3.44520E-02  1.30000E+01            227.PA 91.  65   5
 6 6  2.00567E-02  3.51370E-02  3.51370E-02  1.30000E+01            227.PA 91.  66   6
 6 7  2.15182E-02  3.84170E-02  3.84170E-02  1.30000E+01            227.PA 91.  67   7
 6 3  1.59921E-02  5.03961E-02  5.03961E-02  1.30000E+01            227.PA 91.  68   3
 6 4  5.35716E-03  5.43000E-02  5.43000E-02  1.30000E+01            227.PA 91.  69   4
 114  1.22400E-01  5.66000E-02  5.66000E-02  0.00000E+00            227.PA 91.  70  14
 6 5  1.61326E+00  3.67520E-02  3.67520E-02  1.40000E+01            227.PA 91.  71   5
 6 6  1.67297E-01  3.74370E-02  3.74370E-02  1.40000E+01            227.PA 91.  72   6
 6 7  1.06378E-02  4.07170E-02  4.07170E-02  1.40000E+01            227.PA 91.  73   7
 6 3  4.30511E-01  5.26961E-02  5.26961E-02  1.40000E+01            227.PA 91.  74   3
 6 4  1.51190E-01  5.66000E-02  5.66000E-02  1.40000E+01            227.PA 91.  75   4
 116  1.53000E-01  5.95000E-02  5.95000E-02  0.00000E+00            227.PA 91.  76  16
 6 5  2.01431E-02  3.96520E-02  3.96520E-02  1.60000E+01            227.PA 91.  77   5
 6 6  1.60641E-02  4.03370E-02  4.03370E-02  1.60000E+01            227.PA 91.  78   6
 6 7  1.68088E-02  4.36170E-02  4.36170E-02  1.60000E+01            227.PA 91.  79   7
 6 3  1.30227E-02  5.55961E-02  5.55961E-02  1.60000E+01            227.PA 91.  80   3
 6 4  4.37545E-03  5.95000E-02  5.95000E-02  1.60000E+01            227.PA 91.  81   4
 117  1.04040E-01  5.95000E-02  5.95000E-02  0.00000E+00            227.PA 91.  82  17
 6 5  1.36973E-02  3.96520E-02  3.96520E-02  1.70000E+01            227.PA 91.  83   5
 6 6  1.09236E-02  4.03370E-02  4.03370E-02  1.70000E+01            227.PA 91.  84   6
 6 7  1.14300E-02  4.36170E-02  4.36170E-02  1.70000E+01            227.PA 91.  85   7
 6 3  8.85545E-03  5.55961E-02  5.55961E-02  1.70000E+01            227.PA 91.  86   3
 6 4  2.97530E-03  5.95000E-02  5.95000E-02  1.70000E+01            227.PA 91.  87   4
 118  6.12000E-02  6.05000E-02  6.05000E-02  0.00000E+00            227.PA 91.  88  18
 6 5  7.78605E-03  4.06520E-02  4.06520E-02  1.80000E+01            227.PA 91.  89   5
 6 6  6.12397E-03  4.13370E-02  4.13370E-02  1.80000E+01            227.PA 91.  90   6
 6 7  6.37901E-03  4.46170E-02  4.46170E-02  1.80000E+01            227.PA 91.  91   7
 6 3  4.98084E-03  5.65961E-02  5.65961E-02  1.80000E+01            227.PA 91.  92   3
 6 4  1.67426E-03  6.05000E-02  6.05000E-02  1.80000E+01            227.PA 91.  93   4
 119  6.12000E+00  6.46200E-02  6.46200E-02  0.00000E+00            227.PA 91.  94  19
 6 5  6.79425E-01  4.47720E-02  4.47720E-02  1.90000E+01            227.PA 91.  95   5
 6 6  5.06003E-01  4.54570E-02  4.54570E-02  1.90000E+01            227.PA 91.  96   6
 6 7  5.17943E-01  4.87370E-02  4.87370E-02  1.90000E+01            227.PA 91.  97   7
 6 3  4.17289E-01  6.07161E-02  6.07161E-02  1.90000E+01            227.PA 91.  98   3
 6 4  1.40513E-01  6.46200E-02  6.46200E-02  1.90000E+01            227.PA 91.  99   4
 120  4.22280E-01  6.76000E-02  6.76000E-02  0.00000E+00            227.PA 91. 100  20
 6 5  4.26683E-02  4.77520E-02  4.77520E-02  2.00000E+01            227.PA 91. 101   5
 6 6  3.06296E-02  4.84370E-02  4.84370E-02  2.00000E+01            227.PA 91. 102   6
 6 7  3.09787E-02  5.17170E-02  5.17170E-02  2.00000E+01            227.PA 91. 103   7
 6 3  2.55124E-02  6.36961E-02  6.36961E-02  2.00000E+01            227.PA 91. 104   3
 6 4  8.60017E-03  6.76000E-02  6.76000E-02  2.00000E+01            227.PA 91. 105   4
 121  1.95840E-01  7.49000E-02  7.49000E-02  0.00000E+00            227.PA 91. 106  21
 6 5  1.59197E-02  5.50520E-02  5.50520E-02  2.10000E+01            227.PA 91. 107   5
 6 6  1.05340E-02  5.57370E-02  5.57370E-02  2.10000E+01            227.PA 91. 108   6
 6 7  1.03672E-02  5.90170E-02  5.90170E-02  2.10000E+01            227.PA 91. 109   7
 6 3  8.99524E-03  7.09961E-02  7.09961E-02  2.10000E+01            227.PA 91. 110   3
 6 4  3.03865E-03  7.49000E-02  7.49000E-02  2.10000E+01            227.PA 91. 111   4
 122  4.89600E-02  7.70000E-02  7.70000E-02  0.00000E+00            227.PA 91. 112  22
 6 5  3.75099E-03  5.71520E-02  5.71520E-02  2.20000E+01            227.PA 91. 113   5
 6 6  2.42888E-03  5.78370E-02  5.78370E-02  2.20000E+01            227.PA 91. 114   6
 6 7  2.37302E-03  6.11170E-02  6.11170E-02  2.20000E+01            227.PA 91. 115   7
 6 3  2.08838E-03  7.30961E-02  7.30961E-02  2.20000E+01            227.PA 91. 116   3
 6 4  7.05865E-04  7.70000E-02  7.70000E-02  2.20000E+01            227.PA 91. 117   4
 123  1.46880E-01  8.00000E-02  8.00000E-02  0.00000E+00            227.PA 91. 118  23
 6 5  1.03645E-02  6.01520E-02  6.01520E-02  2.30000E+01            227.PA 91. 119   5
 6 6  6.51482E-03  6.08370E-02  6.08370E-02  2.30000E+01            227.PA 91. 120   6
 6 7  6.30130E-03  6.41170E-02  6.41170E-02  2.30000E+01            227.PA 91. 121   7
 6 3  5.65636E-03  7.60961E-02  7.60961E-02  2.30000E+01            227.PA 91. 122   3
 6 4  1.91327E-03  8.00000E-02  8.00000E-02  2.30000E+01            227.PA 91. 123   4
 124  8.56800E-01  8.48000E-02  8.48000E-02  0.00000E+00            227.PA 91. 124  24
 6 5  5.33030E-02  6.49520E-02  6.49520E-02  2.40000E+01            227.PA 91. 125   5
 6 6  3.20137E-02  6.56370E-02  6.56370E-02  2.40000E+01            227.PA 91. 126   6
 6 7  3.05110E-02  6.89170E-02  6.89170E-02  2.40000E+01            227.PA 91. 127   7
 6 3  2.82416E-02  8.08961E-02  8.08961E-02  2.40000E+01            227.PA 91. 128   3
 6 4  9.56277E-03  8.48000E-02  8.48000E-02  2.40000E+01            227.PA 91. 129   4
 125  3.97800E-01  8.48000E-02  8.48000E-02  0.00000E+00            227.PA 91. 130  25
 6 5  2.47478E-02  6.49520E-02  6.49520E-02  2.50000E+01            227.PA 91. 131   5
 6 6  1.48635E-02  6.56370E-02  6.56370E-02  2.50000E+01            227.PA 91. 132   6
 6 7  1.41658E-02  6.89170E-02  6.89170E-02  2.50000E+01            227.PA 91. 133   7
 6 3  1.31122E-02  8.08961E-02  8.08961E-02  2.50000E+01            227.PA 91. 134   3
 6 4  4.43986E-03  8.48000E-02  8.48000E-02  2.50000E+01            227.PA 91. 135   4
 126  1.34640E-01  8.91000E-02  8.91000E-02  0.00000E+00            227.PA 91. 136  26
 6 5  4.69782E-01  6.92520E-02  6.92520E-02  2.60000E+01            227.PA 91. 137   5
 6 6  4.92339E-02  6.99370E-02  6.99370E-02  2.60000E+01            227.PA 91. 138   6
 6 7  2.97184E-03  7.32170E-02  7.32170E-02  2.60000E+01            227.PA 91. 139   7
 6 3  1.25617E-01  8.51961E-02  8.51961E-02  2.60000E+01            227.PA 91. 140   3
 6 4  4.41806E-02  8.91000E-02  8.91000E-02  2.60000E+01            227.PA 91. 141   4
 127  1.53000E-01  1.07000E-01  1.07000E-01  0.00000E+00            227.PA 91. 142  27
 6 5  7.45438E-01  8.71520E-02  8.71520E-02  2.70000E+01            227.PA 91. 143   5
 6 6  7.81030E-02  8.78370E-02  8.78370E-02  2.70000E+01            227.PA 91. 144   6
 6 7  4.61380E-03  9.11170E-02  9.11170E-02  2.70000E+01            227.PA 91. 145   7
 6 3  1.98933E-01  1.03096E-01  1.03096E-01  2.70000E+01            227.PA 91. 146   3
 6 4  6.99228E-02  1.07000E-01  1.07000E-01  2.70000E+01            227.PA 91. 147   4
 128  1.24236E+00  1.10050E-01  1.10050E-01  0.00000E+00            227.PA 91. 148  28
 6 1  3.73523E-01  2.86001E-03  2.86001E-03  2.80000E+01            227.PA 91. 149   1
 6 5  4.36550E-02  9.02020E-02  9.02020E-02  2.80000E+01            227.PA 91. 150   5
 6 6  2.15528E-02  9.08870E-02  9.08870E-02  2.80000E+01            227.PA 91. 151   6
 6 7  1.91919E-02  9.41670E-02  9.41670E-02  2.80000E+01            227.PA 91. 152   7
 6 3  2.04789E-02  1.06146E-01  1.06146E-01  2.80000E+01            227.PA 91. 153   3
 6 4  6.97040E-03  1.10050E-01  1.10050E-01  2.80000E+01            227.PA 91. 154   4
 129  3.79440E-01  1.25100E-01  1.25100E-01  0.00000E+00            227.PA 91. 155  29
 6 1  8.45518E-02  1.79100E-02  1.79100E-02  2.90000E+01            227.PA 91. 156   1
 6 5  1.00296E-02  1.05252E-01  1.05252E-01  2.90000E+01            227.PA 91. 157   5
 6 6  4.52074E-03  1.05937E-01  1.05937E-01  2.90000E+01            227.PA 91. 158   6
 6 7  3.88648E-03  1.09217E-01  1.09217E-01  2.90000E+01            227.PA 91. 159   7
 6 3  4.45927E-03  1.21196E-01  1.21196E-01  2.90000E+01            227.PA 91. 160   3
 6 4  1.52215E-03  1.25100E-01  1.25100E-01  2.90000E+01            227.PA 91. 161   4
 130  2.63160E-01  1.30700E-01  1.30700E-01  0.00000E+00            227.PA 91. 162  30
 6 1  5.28013E-02  2.35100E-02  2.35100E-02  3.00000E+01            227.PA 91. 163   1
 6 5  6.30818E-03  1.10852E-01  1.10852E-01  3.00000E+01            227.PA 91. 164   5
 6 6  2.75738E-03  1.11537E-01  1.11537E-01  3.00000E+01            227.PA 91. 165   6
 6 7  2.34265E-03  1.14817E-01  1.14817E-01  3.00000E+01            227.PA 91. 166   7
 6 3  2.75700E-03  1.26796E-01  1.26796E-01  3.00000E+01            227.PA 91. 167   3
 6 4  9.41985E-04  1.30700E-01  1.30700E-01  3.00000E+01            227.PA 91. 168   4
 2 1  1.46569E-01  8.80271E-02  8.80271E-02  0.00000E+00            227.PA 91. 169   1
 2 2  2.38174E-01  9.13071E-02  9.13071E-02  0.00000E+00            227.PA 91. 170   2
 2 3  2.72116E-02  1.02535E-01  1.02535E-01  0.00000E+00            227.PA 91. 171   3
 2 4  5.29927E-02  1.03286E-01  1.03286E-01  0.00000E+00            227.PA 91. 172   4
 2 5  8.86825E-04  1.03810E-01  1.03810E-01  0.00000E+00            227.PA 91. 173   5
 2 6  1.03059E-03  1.03966E-01  1.03966E-01  0.00000E+00            227.PA 91. 174   6
 2 7  6.72103E-03  1.06085E-01  1.06085E-01  0.00000E+00            227.PA 91. 175   7
 2 8  1.34579E-02  1.06279E-01  1.06279E-01  0.00000E+00            227.PA 91. 176   8
 2 9  2.53802E-04  1.06515E-01  1.06515E-01  0.00000E+00            227.PA 91. 177   9
 210  2.95489E-04  1.06550E-01  1.06550E-01  0.00000E+00            227.PA 91. 178  10
 211  1.61487E-03  1.06971E-01  1.06971E-01  0.00000E+00            227.PA 91. 179  11
 212  3.14253E-03  1.07015E-01  1.07015E-01  0.00000E+00            227.PA 91. 180  12
 213  4.80471E-05  1.07097E-01  1.07097E-01  0.00000E+00            227.PA 91. 181  13
 214  5.55011E-05  1.07103E-01  1.07103E-01  0.00000E+00            227.PA 91. 182  14
 215  2.72326E-04  1.07161E-01  1.07161E-01  0.00000E+00            227.PA 91. 183  15
 216  4.88685E-04  1.07168E-01  1.07168E-01  0.00000E+00            227.PA 91. 184  16
 221  1.87954E-04  6.85000E-04  6.85000E-04  0.00000E+00            227.PA 91. 185  21
 222  9.30723E-02  3.96499E-03  3.96499E-03  0.00000E+00            227.PA 91. 186  22
 223  6.99007E-01  1.51933E-02  1.51933E-02  0.00000E+00            227.PA 91. 187  23
 224  6.55641E-01  1.59441E-02  1.59441E-02  0.00000E+00            227.PA 91. 188  24
 225  3.00774E-02  1.64684E-02  1.64684E-02  0.00000E+00            227.PA 91. 189  25
 226  4.48912E-02  1.66239E-02  1.66239E-02  0.00000E+00            227.PA 91. 190  26
 227  1.86408E-01  1.87432E-02  1.87432E-02  0.00000E+00            227.PA 91. 191  27
 228  1.97074E-01  1.89366E-02  1.89366E-02  0.00000E+00            227.PA 91. 192  28
 229  4.96883E-03  1.91725E-02  1.91725E-02  0.00000E+00            227.PA 91. 193  29
 230  7.94168E-03  1.92084E-02  1.92084E-02  0.00000E+00            227.PA 91. 194  30
 231  4.31131E-02  1.96292E-02  1.96292E-02  0.00000E+00            227.PA 91. 195  31
 232  4.60113E-02  1.96733E-02  1.96733E-02  0.00000E+00            227.PA 91. 196  32
 233  8.33632E-04  1.97552E-02  1.97552E-02  0.00000E+00            227.PA 91. 197  33
 234  1.34430E-03  1.97616E-02  1.97616E-02  0.00000E+00            227.PA 91. 198  34
 235  7.64467E-03  1.98187E-02  1.98187E-02  0.00000E+00            227.PA 91. 199  35
 236  7.61024E-03  1.98260E-02  1.98260E-02  0.00000E+00            227.PA 91. 200  36
 241  3.50688E-04  3.28000E-03  3.28000E-03  0.00000E+00            227.PA 91. 201  41
 242  1.33456E-01  1.41887E-02  1.41887E-02  0.00000E+00            227.PA 91. 202  42
 243  6.44572E-03  1.52591E-02  1.52591E-02  0.00000E+00            227.PA 91. 203  43
 244  4.79689E+00  1.57834E-02  1.57834E-02  0.00000E+00            227.PA 91. 204  44
 245  3.56921E-02  1.79135E-02  1.79135E-02  0.00000E+00            227.PA 91. 205  45
 246  1.90038E-03  1.82515E-02  1.82515E-02  0.00000E+00            227.PA 91. 206  46
 247  1.05545E+00  1.84875E-02  1.84875E-02  0.00000E+00            227.PA 91. 207  47
 248  5.93871E-03  1.88341E-02  1.88341E-02  0.00000E+00            227.PA 91. 208  48
 249  8.81078E-03  1.88889E-02  1.88889E-02  0.00000E+00            227.PA 91. 209  49
 250  4.42068E-04  1.89883E-02  1.89883E-02  0.00000E+00            227.PA 91. 210  50
 251  1.89685E-01  1.90702E-02  1.90702E-02  0.00000E+00            227.PA 91. 211  51
 253  1.76761E-03  1.91178E-02  1.91178E-02  0.00000E+00            227.PA 91. 212  53
 254  6.83970E-05  1.91410E-02  1.91410E-02  0.00000E+00            227.PA 91. 213  54
 255  1.17582E-04  1.91576E-02  1.91576E-02  0.00000E+00            227.PA 91. 214  55
 261  4.45888E-01  1.09087E-02  1.09087E-02  0.00000E+00            227.PA 91. 215  61
 262  5.42011E-03  1.12283E-02  1.12283E-02  0.00000E+00            227.PA 91. 216  62
 263  4.91391E-03  1.19791E-02  1.19791E-02  0.00000E+00            227.PA 91. 217  63
 264  7.51324E-01  1.25034E-02  1.25034E-02  0.00000E+00            227.PA 91. 218  64
 265  6.60400E+00  1.26589E-02  1.26589E-02  0.00000E+00            227.PA 91. 219  65
 266  1.09890E-01  1.46335E-02  1.46335E-02  0.00000E+00            227.PA 91. 220  66
 267  1.21647E-03  1.47782E-02  1.47782E-02  0.00000E+00            227.PA 91. 221  67
 268  1.31389E-03  1.49716E-02  1.49716E-02  0.00000E+00            227.PA 91. 222  68
 269  1.48367E-01  1.52075E-02  1.52075E-02  0.00000E+00            227.PA 91. 223  69
 270  1.35320E+00  1.52434E-02  1.52434E-02  0.00000E+00            227.PA 91. 224  70
 271  1.66833E-03  1.55541E-02  1.55541E-02  0.00000E+00            227.PA 91. 225  71
 272  9.23852E-03  1.55633E-02  1.55633E-02  0.00000E+00            227.PA 91. 226  72
 273  2.68495E-02  1.56089E-02  1.56089E-02  0.00000E+00            227.PA 91. 227  73
 274  2.70812E-04  1.56642E-02  1.56642E-02  0.00000E+00            227.PA 91. 228  74
 275  2.99234E-04  1.57083E-02  1.57083E-02  0.00000E+00            227.PA 91. 229  75
 276  2.61179E-02  1.57902E-02  1.57902E-02  0.00000E+00            227.PA 91. 230  76
 277  2.37960E-01  1.57966E-02  1.57966E-02  0.00000E+00            227.PA 91. 231  77
 280  5.33535E-03  1.58378E-02  1.58378E-02  0.00000E+00            227.PA 91. 232  80
 281  4.62129E-05  1.58537E-02  1.58537E-02  0.00000E+00            227.PA 91. 233  81
 282  4.84280E-05  1.58611E-02  1.58611E-02  0.00000E+00            227.PA 91. 234  82
 283  5.18860E-04  1.58776E-02  1.58776E-02  0.00000E+00            227.PA 91. 235  83
 291  3.17987E+00  2.97508E-03  2.97508E-03  0.00000E+00            227.PA 91. 236  91
 292  7.38108E-02  4.50441E-04  4.50441E-04  0.00000E+00            227.PA 91. 237  92
 293  2.22908E-03  1.18680E-04  1.18680E-04  0.00000E+00            227.PA 91. 238  93
 294  6.04349E+02  7.95587E-05  7.95587E-05  0.00000E+00            227.PA 91. 239  94
 7 1  1.07266E-02  7.01355E-02  7.01355E-02  0.00000E+00            227.PA 91. 240   1
 7 2  6.09296E-03  8.50099E-02  8.50099E-02  0.00000E+00            227.PA 91. 241   2
 7 3  8.41224E-04  9.99053E-02  9.99053E-02  0.00000E+00            227.PA 91. 242   3
 7 4  1.30157E+01  1.29567E-03  1.29567E-03  0.00000E+00            227.PA 91. 243   4
 7 5  1.29618E+01  9.65672E-03  9.65672E-03  0.00000E+00            227.PA 91. 244   5
 7 6  6.37277E+00  1.26942E-02  1.26942E-02  0.00000E+00            227.PA 91. 245   6
 7 7  7.41497E-01  1.57731E-02  1.57731E-02  0.00000E+00            227.PA 91. 246   7
 7 8  2.52285E+01  4.90702E-04  4.90702E-04  0.00000E+00            227.PA 91. 247   8
 7 9  5.22785E+01  2.26826E-03  2.26826E-03  0.00000E+00            227.PA 91. 248   9
 710  8.68408E+00  2.66167E-03  2.66167E-03  0.00000E+00            227.PA 91. 249  10
 711  4.95823E-01  3.21542E-03  3.21542E-03  0.00000E+00            227.PA 91. 250  11
 712  9.09306E+01  1.86641E-04  1.86641E-04  0.00000E+00            227.PA 91. 251  12
 713  1.63585E+02  1.25901E-04  1.25901E-04  0.00000E+00            227.PA 91. 252  13
 714  1.37973E+02  3.11369E-05  3.11369E-05  0.00000E+00            227.PA 91. 253  14
 715  8.22478E-01  1.42958E-04  1.42958E-04  0.00000E+00            227.PA 91. 254  15
 2 1  3.10290E+00  9.03299E-02  9.03299E-02  0.00000E+00            227.PA 91. 255   1
 2 2  5.01586E+00  9.37949E-02  9.37949E-02  0.00000E+00            227.PA 91. 256   2
 2 3  5.74954E-01  1.05278E-01  1.05278E-01  0.00000E+00            227.PA 91. 257   3
 2 4  1.12135E+00  1.06073E-01  1.06073E-01  0.00000E+00            227.PA 91. 258   4
 2 5  1.91878E-02  1.06607E-01  1.06607E-01  0.00000E+00            227.PA 91. 259   5
 2 6  2.21648E-02  1.06771E-01  1.06771E-01  0.00000E+00            227.PA 91. 260   6
 2 7  1.42628E-01  1.08947E-01  1.08947E-01  0.00000E+00            227.PA 91. 261   7
 2 8  2.86582E-01  1.09154E-01  1.09154E-01  0.00000E+00            227.PA 91. 262   8
 2 9  5.54665E-03  1.09395E-01  1.09395E-01  0.00000E+00            227.PA 91. 263   9
 210  6.42110E-03  1.09433E-01  1.09433E-01  0.00000E+00            227.PA 91. 264  10
 211  3.44763E-02  1.09872E-01  1.09872E-01  0.00000E+00            227.PA 91. 265  11
 212  6.75224E-02  1.09920E-01  1.09920E-01  0.00000E+00            227.PA 91. 266  12
 213  1.09114E-03  1.10006E-01  1.10006E-01  0.00000E+00            227.PA 91. 267  13
 214  1.25456E-03  1.10013E-01  1.10013E-01  0.00000E+00            227.PA 91. 268  14
 215  6.02686E-03  1.10076E-01  1.10076E-01  0.00000E+00            227.PA 91. 269  15
 216  1.10991E-02  1.10085E-01  1.10085E-01  0.00000E+00            227.PA 91. 270  16
 221  3.71447E-05  6.98000E-04  6.98000E-04  0.00000E+00            227.PA 91. 271  21
 222  2.02388E-02  4.16300E-03  4.16300E-03  0.00000E+00            227.PA 91. 272  22
 223  1.43774E-01  1.56464E-02  1.56464E-02  0.00000E+00            227.PA 91. 273  23
 224  1.31751E-01  1.64418E-02  1.64418E-02  0.00000E+00            227.PA 91. 274  24
 225  6.34074E-03  1.69756E-02  1.69756E-02  0.00000E+00            227.PA 91. 275  25
 226  9.46093E-03  1.71394E-02  1.71394E-02  0.00000E+00            227.PA 91. 276  26
 227  3.85454E-02  1.93157E-02  1.93157E-02  0.00000E+00            227.PA 91. 277  27
 228  3.99763E-02  1.95218E-02  1.95218E-02  0.00000E+00            227.PA 91. 278  28
 229  1.05840E-03  1.97632E-02  1.97632E-02  0.00000E+00            227.PA 91. 279  29
 230  1.69322E-03  1.98014E-02  1.98014E-02  0.00000E+00            227.PA 91. 280  30
 231  9.08609E-03  2.02406E-02  2.02406E-02  0.00000E+00            227.PA 91. 281  31
 232  9.54570E-03  2.02886E-02  2.02886E-02  0.00000E+00            227.PA 91. 282  32
 233  1.84102E-04  2.03738E-02  2.03738E-02  0.00000E+00            227.PA 91. 283  33
 234  2.97809E-04  2.03809E-02  2.03809E-02  0.00000E+00            227.PA 91. 284  34
 235  1.65814E-03  2.04444E-02  2.04444E-02  0.00000E+00            227.PA 91. 285  35
 236  1.65315E-03  2.04530E-02  2.04530E-02  0.00000E+00            227.PA 91. 286  36
 241  1.13568E-04  3.46500E-03  3.46500E-03  0.00000E+00            227.PA 91. 287  41
 242  3.89277E-02  1.46221E-02  1.46221E-02  0.00000E+00            227.PA 91. 288  42
 243  1.92237E-03  1.57438E-02  1.57438E-02  0.00000E+00            227.PA 91. 289  43
 244  1.39466E+00  1.62775E-02  1.62775E-02  0.00000E+00            227.PA 91. 290  44
 245  1.04693E-02  1.84694E-02  1.84694E-02  0.00000E+00            227.PA 91. 291  45
 246  5.71421E-04  1.88239E-02  1.88239E-02  0.00000E+00            227.PA 91. 292  46
 247  3.09979E-01  1.90652E-02  1.90652E-02  0.00000E+00            227.PA 91. 293  47
 248  1.80618E-03  1.94214E-02  1.94214E-02  0.00000E+00            227.PA 91. 294  48
 249  2.62533E-03  1.94852E-02  1.94852E-02  0.00000E+00            227.PA 91. 295  49
 250  1.35938E-04  1.95906E-02  1.95906E-02  0.00000E+00            227.PA 91. 296  50
 251  5.77994E-02  1.96758E-02  1.96758E-02  0.00000E+00            227.PA 91. 297  51
 253  5.50478E-04  1.97295E-02  1.97295E-02  0.00000E+00            227.PA 91. 298  53
 254  2.14778E-05  1.97549E-02  1.97549E-02  0.00000E+00            227.PA 91. 299  54
 255  4.59351E-05  1.97740E-02  1.97740E-02  0.00000E+00            227.PA 91. 300  55
 261  1.57530E-01  1.11571E-02  1.11571E-02  0.00000E+00            227.PA 91. 301  61
 262  1.94012E-03  1.14834E-02  1.14834E-02  0.00000E+00            227.PA 91. 302  62
 263  1.76086E-03  1.22788E-02  1.22788E-02  0.00000E+00            227.PA 91. 303  63
 264  2.62473E-01  1.28126E-02  1.28126E-02  0.00000E+00            227.PA 91. 304  64
 265  2.30712E+00  1.29764E-02  1.29764E-02  0.00000E+00            227.PA 91. 305  65
 266  3.91457E-02  1.50044E-02  1.50044E-02  0.00000E+00            227.PA 91. 306  66
 267  4.34405E-04  1.51527E-02  1.51527E-02  0.00000E+00            227.PA 91. 307  67
 268  4.73517E-04  1.53588E-02  1.53588E-02  0.00000E+00            227.PA 91. 308  68
 269  5.21880E-02  1.56002E-02  1.56002E-02  0.00000E+00            227.PA 91. 309  69
 270  4.76589E-01  1.56384E-02  1.56384E-02  0.00000E+00            227.PA 91. 310  70
 271  6.13533E-04  1.59565E-02  1.59565E-02  0.00000E+00            227.PA 91. 311  71
 272  3.39390E-03  1.59663E-02  1.59663E-02  0.00000E+00            227.PA 91. 312  72
 273  9.70767E-03  1.60202E-02  1.60202E-02  0.00000E+00            227.PA 91. 313  73
 274  9.83293E-05  1.60776E-02  1.60776E-02  0.00000E+00            227.PA 91. 314  74
 275  1.10210E-04  1.61256E-02  1.61256E-02  0.00000E+00            227.PA 91. 315  75
 276  9.52094E-03  1.62107E-02  1.62107E-02  0.00000E+00            227.PA 91. 316  76
 277  8.70788E-02  1.62179E-02  1.62179E-02  0.00000E+00            227.PA 91. 317  77
 280  1.97537E-03  1.62644E-02  1.62644E-02  0.00000E+00            227.PA 91. 318  80
 281  1.75021E-05  1.62814E-02  1.62814E-02  0.00000E+00            227.PA 91. 319  81
 282  1.84824E-05  1.62900E-02  1.62900E-02  0.00000E+00            227.PA 91. 320  82
 283  2.15922E-04  1.63091E-02  1.63091E-02  0.00000E+00            227.PA 91. 321  83
 291  9.55228E-01  3.06024E-03  3.06024E-03  0.00000E+00            227.PA 91. 322  91
 292  2.21110E-02  4.63584E-04  4.63584E-04  0.00000E+00            227.PA 91. 323  92
 293  7.49805E-04  1.26292E-04  1.26292E-04  0.00000E+00            227.PA 91. 324  93
 294  1.72091E+02  8.22404E-05  8.22404E-05  0.00000E+00            227.PA 91. 325  94
 7 1  2.22690E-01  7.18676E-02  7.18676E-02  0.00000E+00            227.PA 91. 326   1
 7 2  1.26977E-01  8.72018E-02  8.72018E-02  0.00000E+00            227.PA 91. 327   2
 7 3  1.76062E-02  1.02556E-01  1.02556E-01  0.00000E+00            227.PA 91. 328   3
 7 4  2.67791E+00  1.43166E-03  1.43166E-03  0.00000E+00            227.PA 91. 329   4
 7 5  3.96103E+00  9.69095E-03  9.69095E-03  0.00000E+00            227.PA 91. 330   5
 7 6  1.96945E+00  1.28128E-02  1.28128E-02  0.00000E+00            227.PA 91. 331   6
 7 7  2.30996E-01  1.59663E-02  1.59663E-02  0.00000E+00            227.PA 91. 332   7
 7 8  6.75730E+00  4.92788E-04  4.92788E-04  0.00000E+00            227.PA 91. 333   8
 7 9  1.50356E+01  2.31238E-03  2.31238E-03  0.00000E+00            227.PA 91. 334   9
 710  2.57719E+00  2.72493E-03  2.72493E-03  0.00000E+00            227.PA 91. 335  10
 711  1.49513E-01  3.30208E-03  3.30208E-03  0.00000E+00            227.PA 91. 336  11
 712  2.59320E+01  1.87940E-04  1.87940E-04  0.00000E+00            227.PA 91. 337  12
 713  4.58321E+01  1.32341E-04  1.32341E-04  0.00000E+00            227.PA 91. 338  13
 714  4.14542E+01  5.13466E-05  5.13466E-05  0.00000E+00            227.PA 91. 339  14
 715  2.63523E-01  1.50373E-04  1.50373E-04  0.00000E+00            227.PA 91. 340  15
%%%% 227 PA  91    A  EC        2.29800E+03 38.3 M     02-11-2005       SEEIEND 
 


   ***************************************************** 
   *                 Radiation Summary                 * 
   ***************************************************** 
 
  Energy released by
    Gamma-ray                       (MeV) =   8.74444E-03
    X-ray                           (MeV) =   1.39917E-02
    Free-bound X-ray                (MeV) =   6.22341E-04
    Annihilation photon             (MeV) =   0.00000E+00
    Beta+ particle                  (MeV) =   0.00000E+00
    Neutrino                        (MeV) =   1.40707E-01
    Beta- particle                  (MeV) =   0.00000E+00
    Neutrino-                       (MeV) =   0.00000E+00
    Internal conv. electron         (MeV) =   1.66949E-02
    Auger and CK electron           (MeV) =   5.92377E-03
    Alpha particle                  (MeV) =   5.46686E+00
    Recoil nucleus                  (MeV) =   9.81240E-02
  E-total (except unplaced radiat.) (MeV) =   5.75167E+00
  E-unplaced radiation              (MeV) =   0.00000E+00
  Q-value from ENSDF data           (MeV) =   5.74660E+00
  Ratio of E-total/Q-value          ( % ) =   1.00088E+02
  Ratio of E-unplaced radi./Q-value ( % ) =   0.00000E+00

 
  Total yield of
    Gamma-ray                             =   1.17688E-01
    X-ray                                 =   3.87903E-01
    Free-bound X-ray                      =   7.76440E+00
    Annihilation photon                   =   0.00000E+00
    Beta+ particle                        =   0.00000E+00
    Beta- particle                        =   0.00000E+00
    Internal conv. electron               =   5.10759E-01
    Auger and CK electron                 =   6.60316E+00
    Alpha particle                        =   8.50000E-01
  Yield of unplaced radiation             =   0.00000E+00


