%%%% 200 PB  82    EC           7.74000E+04 21.5 H     02-11-2005       BALASTAR
1 200   PB  82 21.5 H          EC         
1INTENSITY AND ENERGY BALANCE DATA

              200-LEAD-82
+                                    HALFLIFE = 21.5 HOURS   
+                                                                  02-11-2005


    LEVEL       INTENSITY   INTENSITY
    ENERGY      ENTERING    LEAVING     PERCENT
    (MEV)       LEVEL       LEVEL       ERROR

   0.0000E+00  1.0106E+02
   1.4760E-01  8.4445E+01  8.4962E+01  6.1022E-01                      
   2.5720E-01  1.0055E+01  1.0042E+01  1.3148E-01                      
   2.8910E-01  1.5013E+00  1.5540E+00  3.4501E+00                      
   2.8990E-01  1.7192E+01  1.7368E+01  1.0174E+00                      
   4.5050E-01  5.2316E+00  5.1107E+00  2.3375E+00                      
   5.2550E-01  1.4201E+01  1.4432E+01  1.6165E+00                      
   6.0540E-01  1.1917E+00  1.4056E+00  1.6471E+01  ********************


 INTENSITY TO GROUND AND ISOMERIC STATE(S) OF DAUGHTER(S)=  1.011E+02
 TOTAL INTENSITY FROM PARENT=  1.000E+02
 PERCENT ERROR =  1.046E+00                      


 TOTAL INTENSITY FROM PARENT =  1.000E+02
 VALUE IS WITHIN   0.00E+00% OF 100                      


 TOTAL ENERGY AVAILABLE =  8.100E-01 MEV
 TOTAL ENERGY CONTENT OF ALL RADIATIONS =  8.134E-01 MEV
 PERCENT ERROR =  4.154E-01                      
%%%% 200 PB  82    EC           7.74000E+04 21.5 H     02-11-2005       BALAEND 
%%%% 200 PB  82    EC           7.74000E+04 21.5 H     02-11-2005       INPUSTAR
1                                      **INPUT DATA**
              200-LEAD-82
+                                    HALFLIFE = 21.5 HOURS   
+                                                                  02-11-2005

            MODE OF DECAY: ELECTRON CAPTURE
 
                                MEAN
                                NUMBER/    TRANSITION
                TYPE OF    ID   TRANSFOR-  ENERGY
              TRANSITION   NO.  MATION     (MEV)       OTHER NUCLEAR PARAMETERS

           ELECT. CAPTURE   1   1.19E-02   2.046E-01   FIRST FORBIDDEN                          
           ELECT. CAPTURE   2   1.42E-01   2.845E-01   FIRST FORBIDDEN                          
           ELECT. CAPTURE   3   5.06E-02   3.595E-01   FIRST FORBIDDEN                          
           ELECT. CAPTURE   4   9.14E-02   5.201E-01   FIRST FORBIDDEN                          
           ELECT. CAPTURE   5   4.97E-03   5.209E-01   FIRST FORBIDDEN                          
           ELECT. CAPTURE   6   2.38E-02   5.528E-01   FIRST FORBIDDEN                          
           ELECT. CAPTURE   7   6.65E-01   6.624E-01   FIRST FORBIDDEN                          
           ELECT. CAPTURE   8   9.93E-03   8.100E-01   UNIQUE FIRST FORBIDDEN                   
           I.C.E. + GAMMA   1   1.20E-02   3.274E-02   M1 MULTIPOLE                             
+                                                                    AK= 0.0                    
                                                       AL1=30.4      AL2=3.00                   
                                                       AL3=0.293     AM= 7.89                   
                                                       AN+=2.51                                 
           I.C.E. + GAMMA   2   3.86E-02   1.095E-01   M1 MULTIPOLE                             
+                                                                    AK= 5.72                   
                                                       AL1=0.885     AL2=0.0860                 
                                                       AL3=0.00756   AM= 0.229                  
                                                       AN+=0.0730                               
           I.C.E. + GAMMA   3   1.36E-01   1.423E-01   M1 MULTIPOLE                             
+                                                                    AK= 2.71                   
                                                       AL1=0.418     AL2=0.0404                 
                                                       AL3=0.00346   AM= 0.108                  
                                                       AN+=0.0345                               
           I.C.E. + GAMMA   4   8.50E-01   1.476E-01   E2 MULTIPOLE                             
+                                                                    AK= 0.332                  
                                                       AL1=0.0458    AL2=0.377                  
                                                       AL3=0.263     AM= 0.180                  
                                                       AN+=0.0549                               
           I.C.E. + GAMMA   5   1.67E-03   1.553E-01   M1 MULTIPOLE                             
+                                                                    AK= 2.11                   
                                                       AL1=0.326     AL2=0.0314                 
                                                       AL3=0.00267   AM= 0.0845                 
                                                       AN+=0.0269                               
           I.C.E. + GAMMA   6   1.00E-02   1.614E-01   M1 MULTIPOLE                             
+                                                                    AK= 1.89                   
                                                       AL1=0.293     AL2=0.0281                 
                                                       AL3=0.00238   AM= 0.0758                 
                                                       AN+=0.0241                               
           I.C.E. + GAMMA   7   7.96E-04   1.934E-01   M1 MULTIPOLE                             
+                                                                    AK= 1.14                   
                                                       AL1=0.175     AL2=0.0168                 
                                                       AL3=0.00139   AM= 0.0453                 
                                                       AN+=0.0144                               
           I.C.E. + GAMMA   8   7.75E-02   2.356E-01   M1 MULTIPOLE                             
+                                                                    AK= 0.659                  
                                                       AL1=0.101     AL2=0.00954                
                                                       AM= 0.0261    AN+=0.00830                
           I.C.E. + GAMMA   9   6.18E-02   2.572E-01   M1+E2 MULTIPOLE                          
                                                       MRS=1.21      AK= 0.285                  
                                                       AL1=0.0429    AL2=0.0220                 
                                                       AL3=0.0103    AM= 0.0185                 
                                                       AN+=0.00577                              
           I.C.E. + GAMMA  10   6.19E-02   2.684E-01   M1 MULTIPOLE                             
+                                                                    AK= 0.460                  
                                                       AL1=0.0704    AL2=0.00660                
                                                       AM= 0.0182    AN+=0.00578                
           I.C.E. + GAMMA  11   1.55E-02   2.891E-01   M1 MULTIPOLE                             
+                                                                    AK= 0.376                  
                                                       AL1=0.0574    AL2=0.00534                
                                                       AM= 0.0148    AN+=0.00471                
           I.C.E. + GAMMA  12   2.52E-02   2.899E-01   M1 MULTIPOLE                             
+                                                                    AK= 0.373                  
                                                       AL1=0.0569    AL2=0.00530                
                                                       AM= 0.0147    AN+=0.00467                
           I.C.E. + GAMMA  13   2.34E-03   3.029E-01   M1 MULTIPOLE                             
+                                                                    AK= 0.331                  
                                                       AL1=0.0505    AL2=0.00468                
                                                       AM= 0.0130    AN+=0.00414                
           I.C.E. + GAMMA  14   3.04E-03   3.154E-01   M1 MULTIPOLE                             
+                                                                    AK= 0.296                  
                                                       AL1=0.0453    AL2=0.00418                
                                                       AM= 0.0117    AN+=0.00370                
           I.C.E. + GAMMA  15   2.04E-03   3.482E-01   M1 MULTIPOLE                             
+                                                                    AK= 0.227                  
                                                       AL1=0.0346    AL2=0.00316                
                                                       AM= 0.00891   AN+=0.00283                
           I.C.E. + GAMMA  16   3.26E-04   3.779E-01   M1 MULTIPOLE                             
+                                                                    AK= 0.182                  
                                                       AL1=0.0277    AL2=0.00251                
                                                       AM= 0.00712   AN+=0.00226                
           I.C.E. + GAMMA  17   3.79E-02   4.505E-01   M1 MULTIPOLE                             
+                                                                    AK= 0.114                  
                                                       AL1=0.0173    AL2=0.00153                
                                                       AM= 0.00442   AN+=0.00141                
           I.C.E. + GAMMA  18   1.32E-03   4.577E-01   M1 MULTIPOLE                             
+                                                                    AK= 0.109                  
                                                       AL1=0.0166    AL2=0.00146                
                                                       AM= 0.00424   AN+=0.00135                
           I.C.E. + GAMMA  19   4.58E-03   5.255E-01   M1 MULTIPOLE                             
+                                                                    AK= 0.0760                 
                                                       AL1=0.0115    AM= 0.00293                
           I.C.E. + GAMMA  20   5.99E-03   6.054E-01   M1 MULTIPOLE                             
+                                                                    AK= 0.0525                 
                                                       AL1=0.00792   AM= 0.00201                
 
           - - - - - - - - - -
           Reference: Evaluated Nuclear Structure Data File (ENSDF)
                DATE DATA WERE ENTERED INTO ENSDF: Oct-1995
%%%% 200 PB  82    EC           7.74000E+04 21.5 H     02-11-2005       INPUEND 
%%%% 200 PB  82    EC           7.74000E+04 21.5 H     02-11-2005       OUTPSTAR
1                                      **OUTPUT DATA**
              200-LEAD-82
+                                    HALFLIFE = 21.5 HOURS   
+                                                                  02-11-2005

            MODE OF DECAY: ELECTRON CAPTURE
 
                                              MEAN
                                              NUMBER/                  MEV/
                                         ID   TRANSFOR-   ENERGY       TRANSFOR-
                  TYPE OF RADIATION      NO.  MATION      (MEV)        MATION

           L1 CONV. ELECTRON, GAMMA-RAY   1   8.08E-03    1.741E-02    1.41E-04
           GAMMA-RAY                      2   4.83E-03    1.095E-01    5.29E-04
           K CONV. ELECTRON, GAMMA-RAY    2   2.76E-02    2.374E-02    6.56E-04
           L1 CONV. ELECTRON, GAMMA-RAY   2   4.27E-03    9.421E-02    4.02E-04
           M CONV. ELECTRON, GAMMA-RAY    2   1.11E-03    1.066E-01*   1.18E-04
           GAMMA-RAY                      3   3.16E-02    1.423E-01    4.50E-03
           K CONV. ELECTRON, GAMMA-RAY    3   8.57E-02    5.649E-02    4.84E-03
           L1 CONV. ELECTRON, GAMMA-RAY   3   1.32E-02    1.270E-01    1.68E-03
           L2 CONV. ELECTRON, GAMMA-RAY   3   1.28E-03    1.275E-01    1.63E-04
           M CONV. ELECTRON, GAMMA-RAY    3   3.43E-03    1.393E-01*   4.78E-04
           N+ CONV. ELECTRON, GAMMA-RAY   3   1.09E-03    1.423E-01*   1.55E-04
           GAMMA-RAY                      4   3.77E-01    1.476E-01    5.57E-02
           K CONV. ELECTRON, GAMMA-RAY    4   1.25E-01    6.182E-02    7.74E-03
           L1 CONV. ELECTRON, GAMMA-RAY   4   1.73E-02    1.323E-01    2.29E-03
           L2 CONV. ELECTRON, GAMMA-RAY   4   1.42E-01    1.329E-01    1.89E-02
           L3 CONV. ELECTRON, GAMMA-RAY   4   9.91E-02    1.350E-01    1.34E-02
           M CONV. ELECTRON, GAMMA-RAY    4   6.79E-02    1.447E-01*   9.82E-03
           N+ CONV. ELECTRON, GAMMA-RAY   4   2.07E-02    1.476E-01*   3.06E-03
           GAMMA-RAY                      6   3.03E-03    1.614E-01    4.89E-04
           K CONV. ELECTRON, GAMMA-RAY    6   5.74E-03    7.555E-02    4.33E-04
           L1 CONV. ELECTRON, GAMMA-RAY   6   8.87E-04    1.460E-01    1.29E-04
           GAMMA-RAY                      8   4.30E-02    2.356E-01    1.01E-02
           K CONV. ELECTRON, GAMMA-RAY    8   2.83E-02    1.498E-01    4.24E-03
           L1 CONV. ELECTRON, GAMMA-RAY   8   4.33E-03    2.203E-01    9.54E-04
           M CONV. ELECTRON, GAMMA-RAY    8   1.12E-03    2.327E-01*   2.61E-04
           GAMMA-RAY                      9   4.46E-02    2.572E-01    1.15E-02
           K CONV. ELECTRON, GAMMA-RAY    9   1.27E-02    1.714E-01    2.18E-03
           L1 CONV. ELECTRON, GAMMA-RAY   9   1.91E-03    2.418E-01    4.63E-04
           L2 CONV. ELECTRON, GAMMA-RAY   9   9.80E-04    2.424E-01    2.38E-04
           L3 CONV. ELECTRON, GAMMA-RAY   9   4.60E-04    2.445E-01    1.12E-04
           M CONV. ELECTRON, GAMMA-RAY    9   8.24E-04    2.542E-01*   2.09E-04
           GAMMA-RAY                     10   3.96E-02    2.684E-01    1.06E-02
           K CONV. ELECTRON, GAMMA-RAY   10   1.82E-02    1.826E-01    3.33E-03
           L1 CONV. ELECTRON, GAMMA-RAY  10   2.79E-03    2.531E-01    7.06E-04
           M CONV. ELECTRON, GAMMA-RAY   10   7.21E-04    2.654E-01*   1.91E-04
           GAMMA-RAY                     11   1.07E-02    2.891E-01    3.08E-03
           K CONV. ELECTRON, GAMMA-RAY   11   4.00E-03    2.033E-01    8.14E-04
           L1 CONV. ELECTRON, GAMMA-RAY  11   6.11E-04    2.738E-01    1.67E-04
           GAMMA-RAY                     12   1.73E-02    2.899E-01    5.02E-03
           K CONV. ELECTRON, GAMMA-RAY   12   6.45E-03    2.041E-01    1.32E-03
           L1 CONV. ELECTRON, GAMMA-RAY  12   9.86E-04    2.746E-01    2.71E-04
           GAMMA-RAY                     13   1.66E-03    3.029E-01    5.04E-04
           K CONV. ELECTRON, GAMMA-RAY   13   5.51E-04    2.171E-01    1.20E-04
           GAMMA-RAY                     14   2.23E-03    3.154E-01    7.04E-04
           K CONV. ELECTRON, GAMMA-RAY   14   6.61E-04    2.296E-01    1.52E-04
           GAMMA-RAY                     15   1.60E-03    3.482E-01    5.57E-04
           GAMMA-RAY                     17   3.33E-02    4.505E-01    1.50E-02
           K CONV. ELECTRON, GAMMA-RAY   17   3.80E-03    3.647E-01    1.39E-03
           L1 CONV. ELECTRON, GAMMA-RAY  17   5.77E-04    4.352E-01    2.51E-04
           GAMMA-RAY                     18   1.17E-03    4.577E-01    5.33E-04
           GAMMA-RAY                     19   4.20E-03    5.255E-01    2.21E-03
           K CONV. ELECTRON, GAMMA-RAY   19   3.19E-04    4.397E-01    1.40E-04
           GAMMA-RAY                     20   5.63E-03    6.054E-01    3.41E-03
           K CONV. ELECTRON, GAMMA-RAY   20   2.95E-04    5.196E-01    1.53E-04
           K -L2 X-RAY                        3.04E-01    7.105E-02    2.16E-02
           K -L3 X-RAY                        5.13E-01    7.314E-02    3.75E-02
           K -M2 X-RAY                        5.69E-02    8.239E-02    4.69E-03
           K -M3 X-RAY                        1.10E-01    8.285E-02    9.12E-03
           K -N2 X-RAY                        1.35E-02    8.508E-02    1.15E-03
           K -N3 X-RAY                        2.64E-02    8.520E-02    2.25E-03
           K -O2 X-RAY                        3.12E-03    8.570E-02    2.68E-04
           K -O3 X-RAY                        6.10E-03    8.572E-02    5.22E-04
           L2-M4 X-RAY                        1.54E-01    1.225E-02    1.89E-03
           L2-N4 X-RAY                        3.12E-02    1.434E-02    4.47E-04
           L3-M4 X-RAY                        2.35E-02    1.017E-02    2.39E-04
           L3-M5 X-RAY                        2.07E-01    1.027E-02    2.12E-03
           L3-N5 X-RAY                        3.94E-02    1.227E-02    4.84E-04
           Free-Bound X-RAY                   2.16E+01    2.074E-05*   4.48E-04
           AUGER KLL                          2.63E-02    5.722E-02*   1.51E-03
           AUGER KLX                          1.43E-02    6.881E-02*   9.86E-04
           AUGER KXY                          1.88E-03    8.040E-02*   1.51E-04
           CK LLX                             2.48E-01    9.253E-04*   2.30E-04
           AUGER LMM                          5.76E-01    7.892E-03*   4.54E-03
           AUGER LMX                          2.51E-01    1.019E-02*   2.55E-03
           AUGER LXY                          2.62E-02    1.251E-02*   3.28E-04
           CK MMX                             8.16E-01    4.206E-04*   3.43E-04
           AUGER MNN                          1.95E+00    1.861E-03*   3.62E-03
           AUGER MNX                          2.29E-01    2.107E-03*   4.83E-04
           CK NNX                             3.72E+00    1.747E-04*   6.49E-04
           AUGER NXY                          7.08E+00    7.585E-05*   5.37E-04
           CK OOX                             4.75E+00    4.303E-05*   2.04E-04
 
           ALL LISTED X-RAYS, GAMMA-RAYS AND ANNIHILATION RADIATION    2.07E-01
           ALL NEGLECTED X-RAYS, GAMMA-RAYS AND ANNIH. RADIATION**     1.48E-03
           ALL LISTED BETAS, INTERNAL CONVERSION AND AUGER ELECTRONS   9.82E-02
           ALL NEGLECTED BETAS, INT. CONVERSION AND AUGER ELECTRONS**  1.49E-03
           ALL LISTED RADIATIONS                                       3.05E-01
           ALL NEGLECTED RADIATIONS**                                  2.97E-03
 
           *  AVERAGE ENERGY (MEV)
           ** EACH NEGLECTED TRANSITION CONTRIBUTES LESS THAN  0.100%
              TO THE TOTAL MEV/TRANSFORMATION FOR THIS CATEGORY.
           TOTAL FEEDING OF GROUND STATE LEVEL IN 200-THALLIUM
             DAUGHTER IS 1.0000E+00 PER TRANSFORMATION OF 200-LEAD.
             DECAY OF THIS 26.1 HOURS HALFLIFE LEVEL WILL CONTRIBUTE TO DOSE.
           - - - - - - - - - -
           INPUT DATA SOURCE: EVALUATED NUCLEAR STRUCTURE DATA FILE (ENSDF)
             DATE INPUT DATA WERE ENTERED INTO ENSDF: Oct-1995
%%%% 200 PB  82    EC           7.74000E+04 21.5 H     02-11-2005       OUTPEND 
%%%% 200 PB  82    EC           7.74000E+04 21.5 H     02-11-2005       SEEISTAR
200.  LEAD         82.  2.150E+01 HOURS    223 EC                   200.PB 82.   0
 1 1  2.65987E-02  3.27400E-02  3.27400E-02  0.00000E+00            200.PB 82.   1   1
 6 5  8.07893E-01  1.74100E-02  1.74100E-02  1.00000E+00            200.PB 82.   2   5
 6 6  7.97618E-02  1.79940E-02  1.79940E-02  1.00000E+00            200.PB 82.   3   6
 6 7  7.78991E-03  2.00800E-02  2.00800E-02  1.00000E+00            200.PB 82.   4   7
 6 3  2.09979E-01  2.97954E-02  2.97954E-02  1.00000E+00            200.PB 82.   5   3
 6 4  6.67780E-02  3.27400E-02  3.27400E-02  1.00000E+00            200.PB 82.   6   4
 1 2  4.82850E-01  1.09540E-01  1.09540E-01  0.00000E+00            200.PB 82.   7   2
 6 1  2.76168E+00  2.37420E-02  2.37420E-02  2.00000E+00            200.PB 82.   8   1
 6 5  4.27090E-01  9.42100E-02  9.42100E-02  2.00000E+00            200.PB 82.   9   5
 6 6  4.15105E-02  9.47940E-02  9.47940E-02  2.00000E+00            200.PB 82.  10   6
 6 7  3.65198E-03  9.68800E-02  9.68800E-02  2.00000E+00            200.PB 82.  11   7
 6 3  1.10807E-01  1.06595E-01  1.06595E-01  2.00000E+00            200.PB 82.  12   3
 6 4  3.52592E-02  1.09540E-01  1.09540E-01  2.00000E+00            200.PB 82.  13   4
 1 3  3.16350E+00  1.42290E-01  1.42290E-01  0.00000E+00            200.PB 82.  14   3
 6 1  8.57188E+00  5.64920E-02  5.64920E-02  3.00000E+00            200.PB 82.  15   1
 6 5  1.32360E+00  1.26960E-01  1.26960E-01  3.00000E+00            200.PB 82.  16   5
 6 6  1.27764E-01  1.27544E-01  1.27544E-01  3.00000E+00            200.PB 82.  17   6
 6 7  1.09560E-02  1.29630E-01  1.29630E-01  3.00000E+00            200.PB 82.  18   7
 6 3  3.42889E-01  1.39345E-01  1.39345E-01  3.00000E+00            200.PB 82.  19   3
 6 4  1.09177E-01  1.42290E-01  1.42290E-01  3.00000E+00            200.PB 82.  20   4
 1 4  3.77289E+01  1.47620E-01  1.47620E-01  0.00000E+00            200.PB 82.  21   4
 6 1  1.25128E+01  6.18220E-02  6.18220E-02  4.00000E+00            200.PB 82.  22   1
 6 5  1.72832E+00  1.32290E-01  1.32290E-01  4.00000E+00            200.PB 82.  23   5
 6 6  1.42193E+01  1.32874E-01  1.32874E-01  4.00000E+00            200.PB 82.  24   6
 6 7  9.91084E+00  1.34960E-01  1.34960E-01  4.00000E+00            200.PB 82.  25   7
 6 3  6.79005E+00  1.44675E-01  1.44675E-01  4.00000E+00            200.PB 82.  26   3
 6 4  2.07191E+00  1.47620E-01  1.47620E-01  4.00000E+00            200.PB 82.  27   4
 1 5  4.66200E-02  1.55290E-01  1.55290E-01  0.00000E+00            200.PB 82.  28   5
 6 1  9.83933E-02  6.94920E-02  6.94920E-02  5.00000E+00            200.PB 82.  29   1
 6 5  1.52076E-02  1.39960E-01  1.39960E-01  5.00000E+00            200.PB 82.  30   5
 6 6  1.46437E-03  1.40544E-01  1.40544E-01  5.00000E+00            200.PB 82.  31   6
 6 7  1.24488E-04  1.42630E-01  1.42630E-01  5.00000E+00            200.PB 82.  32   7
 6 3  3.93830E-03  1.52345E-01  1.52345E-01  5.00000E+00            200.PB 82.  33   3
 6 4  1.25430E-03  1.55290E-01  1.55290E-01  5.00000E+00            200.PB 82.  34   4
 1 6  3.03030E-01  1.61350E-01  1.61350E-01  0.00000E+00            200.PB 82.  35   6
 6 1  5.73532E-01  7.55520E-02  7.55520E-02  6.00000E+00            200.PB 82.  36   1
 6 5  8.86634E-02  1.46020E-01  1.46020E-01  6.00000E+00            200.PB 82.  37   5
 6 6  8.52776E-03  1.46604E-01  1.46604E-01  6.00000E+00            200.PB 82.  38   6
 6 7  7.22233E-04  1.48690E-01  1.48690E-01  6.00000E+00            200.PB 82.  39   7
 6 3  2.29579E-02  1.58405E-01  1.58405E-01  6.00000E+00            200.PB 82.  40   3
 6 4  7.31268E-03  1.61350E-01  1.61350E-01  6.00000E+00            200.PB 82.  41   4
 1 7  3.33000E-02  1.93390E-01  1.93390E-01  0.00000E+00            200.PB 82.  42   7
 6 1  3.78634E-02  1.07592E-01  1.07592E-01  7.00000E+00            200.PB 82.  43   1
 6 5  5.83372E-03  1.78060E-01  1.78060E-01  7.00000E+00            200.PB 82.  44   5
 6 6  5.57932E-04  1.78644E-01  1.78644E-01  7.00000E+00            200.PB 82.  45   6
 6 7  4.64340E-05  1.80730E-01  1.80730E-01  7.00000E+00            200.PB 82.  46   7
 6 3  1.50950E-03  1.90445E-01  1.90445E-01  7.00000E+00            200.PB 82.  47   3
 6 4  4.80903E-04  1.93390E-01  1.93390E-01  7.00000E+00            200.PB 82.  48   4
 1 8  4.29570E+00  2.35620E-01  2.35620E-01  0.00000E+00            200.PB 82.  49   8
 6 1  2.83117E+00  1.49822E-01  1.49822E-01  8.00000E+00            200.PB 82.  50   1
 6 5  4.33072E-01  2.20290E-01  2.20290E-01  8.00000E+00            200.PB 82.  51   5
 6 6  4.10007E-02  2.20874E-01  2.20874E-01  8.00000E+00            200.PB 82.  52   6
 6 7  3.35033E-03  2.22960E-01  2.22960E-01  8.00000E+00            200.PB 82.  53   7
 6 3  1.11999E-01  2.32675E-01  2.32675E-01  8.00000E+00            200.PB 82.  54   3
 6 4  3.56440E-02  2.35620E-01  2.35620E-01  8.00000E+00            200.PB 82.  55   4
 1 9  4.46220E+00  2.57170E-01  2.57170E-01  0.00000E+00            200.PB 82.  56   9
 6 1  1.27323E+00  1.71372E-01  1.71372E-01  9.00000E+00            200.PB 82.  57   1
 6 5  1.91319E-01  2.41840E-01  2.41840E-01  9.00000E+00            200.PB 82.  58   5
 6 6  9.80110E-02  2.42424E-01  2.42424E-01  9.00000E+00            200.PB 82.  59   6
 6 7  4.59704E-02  2.44510E-01  2.44510E-01  9.00000E+00            200.PB 82.  60   7
 6 3  8.23750E-02  2.54225E-01  2.54225E-01  9.00000E+00            200.PB 82.  61   3
 6 4  2.57495E-02  2.57170E-01  2.57170E-01  9.00000E+00            200.PB 82.  62   4
 110  3.96270E+00  2.68380E-01  2.68380E-01  0.00000E+00            200.PB 82.  63  10
 6 1  1.82438E+00  1.82582E-01  1.82582E-01  1.00000E+01            200.PB 82.  64   1
 6 5  2.78845E-01  2.53050E-01  2.53050E-01  1.00000E+01            200.PB 82.  65   5
 6 6  2.61416E-02  2.53634E-01  2.53634E-01  1.00000E+01            200.PB 82.  66   6
 6 7  2.11209E-03  2.55720E-01  2.55720E-01  1.00000E+01            200.PB 82.  67   7
 6 3  7.20898E-02  2.65435E-01  2.65435E-01  1.00000E+01            200.PB 82.  68   3
 6 4  2.28998E-02  2.68380E-01  2.68380E-01  1.00000E+01            200.PB 82.  69   4
 111  1.06560E+00  2.89110E-01  2.89110E-01  0.00000E+00            200.PB 82.  70  11
 6 1  4.00271E-01  2.03312E-01  2.03312E-01  1.10000E+01            200.PB 82.  71   1
 6 5  6.11402E-02  2.73780E-01  2.73780E-01  1.10000E+01            200.PB 82.  72   5
 6 6  5.69411E-03  2.74364E-01  2.74364E-01  1.10000E+01            200.PB 82.  73   6
 6 7  4.57424E-04  2.76450E-01  2.76450E-01  1.10000E+01            200.PB 82.  74   7
 6 3  1.57990E-02  2.86165E-01  2.86165E-01  1.10000E+01            200.PB 82.  75   3
 6 4  5.01392E-03  2.89110E-01  2.89110E-01  1.10000E+01            200.PB 82.  76   4
 112  1.73160E+00  2.89940E-01  2.89940E-01  0.00000E+00            200.PB 82.  77  12
 6 1  6.45372E-01  2.04142E-01  2.04142E-01  1.20000E+01            200.PB 82.  78   1
 6 5  9.85766E-02  2.74610E-01  2.74610E-01  1.20000E+01            200.PB 82.  79   5
 6 6  9.17816E-03  2.75194E-01  2.75194E-01  1.20000E+01            200.PB 82.  80   6
 6 7  7.37154E-04  2.77280E-01  2.77280E-01  1.20000E+01            200.PB 82.  81   7
 6 3  2.54721E-02  2.86995E-01  2.86995E-01  1.20000E+01            200.PB 82.  82   3
 6 4  8.08351E-03  2.89940E-01  2.89940E-01  1.20000E+01            200.PB 82.  83   4
 113  1.66500E-01  3.02890E-01  3.02890E-01  0.00000E+00            200.PB 82.  84  13
 6 1  5.50902E-02  2.17092E-01  2.17092E-01  1.30000E+01            200.PB 82.  85   1
 6 5  8.41192E-03  2.87560E-01  2.87560E-01  1.30000E+01            200.PB 82.  86   5
 6 6  7.79888E-04  2.88144E-01  2.88144E-01  1.30000E+01            200.PB 82.  87   6
 6 7  6.24484E-05  2.90230E-01  2.90230E-01  1.30000E+01            200.PB 82.  88   7
 6 3  2.17270E-03  2.99945E-01  2.99945E-01  1.30000E+01            200.PB 82.  89   3
 6 4  6.89194E-04  3.02890E-01  3.02890E-01  1.30000E+01            200.PB 82.  90   4
 114  2.23110E-01  3.15380E-01  3.15380E-01  0.00000E+00            200.PB 82.  91  14
 6 1  6.61446E-02  2.29582E-01  2.29582E-01  1.40000E+01            200.PB 82.  92   1
 6 5  1.00968E-02  3.00050E-01  3.00050E-01  1.40000E+01            200.PB 82.  93   5
 6 6  9.32213E-04  3.00634E-01  3.00634E-01  1.40000E+01            200.PB 82.  94   6
 6 7  7.44550E-05  3.02720E-01  3.02720E-01  1.40000E+01            200.PB 82.  95   7
 6 3  2.60658E-03  3.12435E-01  3.12435E-01  1.40000E+01            200.PB 82.  96   3
 6 4  8.26559E-04  3.15380E-01  3.15380E-01  1.40000E+01            200.PB 82.  97   4
 115  1.59840E-01  3.48230E-01  3.48230E-01  0.00000E+00            200.PB 82.  98  15
 6 1  3.62482E-02  2.62432E-01  2.62432E-01  1.50000E+01            200.PB 82.  99   1
 6 5  5.52966E-03  3.32900E-01  3.32900E-01  1.50000E+01            200.PB 82. 100   5
 6 6  5.04749E-04  3.33484E-01  3.33484E-01  1.50000E+01            200.PB 82. 101   6
 6 7  4.01189E-05  3.35570E-01  3.35570E-01  1.50000E+01            200.PB 82. 102   7
 6 3  1.42359E-03  3.45285E-01  3.45285E-01  1.50000E+01            200.PB 82. 103   3
 6 4  4.51767E-04  3.48230E-01  3.48230E-01  1.50000E+01            200.PB 82. 104   4
 116  2.66400E-02  3.77920E-01  3.77920E-01  0.00000E+00            200.PB 82. 105  16
 6 1  4.85314E-03  2.92122E-01  2.92122E-01  1.60000E+01            200.PB 82. 106   1
 6 5  7.39188E-04  3.62590E-01  3.62590E-01  1.60000E+01            200.PB 82. 107   5
 6 6  6.67729E-05  3.63174E-01  3.63174E-01  1.60000E+01            200.PB 82. 108   6
 6 7  5.29303E-06  3.65260E-01  3.65260E-01  1.60000E+01            200.PB 82. 109   7
 6 3  1.89778E-04  3.74975E-01  3.74975E-01  1.60000E+01            200.PB 82. 110   3
 6 4  6.02919E-05  3.77920E-01  3.77920E-01  1.60000E+01            200.PB 82. 111   4
 117  3.33000E+00  4.50530E-01  4.50530E-01  0.00000E+00            200.PB 82. 112  17
 6 1  3.79996E-01  3.64732E-01  3.64732E-01  1.70000E+01            200.PB 82. 113   1
 6 5  5.77235E-02  4.35200E-01  4.35200E-01  1.70000E+01            200.PB 82. 114   5
 6 6  5.08472E-03  4.35784E-01  4.35784E-01  1.70000E+01            200.PB 82. 115   6
 6 7  4.02446E-04  4.37870E-01  4.37870E-01  1.70000E+01            200.PB 82. 116   7
 6 3  1.47323E-02  4.47585E-01  4.47585E-01  1.70000E+01            200.PB 82. 117   3
 6 4  4.69283E-03  4.50530E-01  4.50530E-01  1.70000E+01            200.PB 82. 118   4
 118  1.16550E-01  4.57700E-01  4.57700E-01  0.00000E+00            200.PB 82. 119  18
 6 1  1.27554E-02  3.71902E-01  3.71902E-01  1.80000E+01            200.PB 82. 120   1
 6 5  1.93710E-03  4.42370E-01  4.42370E-01  1.80000E+01            200.PB 82. 121   5
 6 6  1.70220E-04  4.42954E-01  4.42954E-01  1.80000E+01            200.PB 82. 122   6
 6 7  1.34748E-05  4.45040E-01  4.45040E-01  1.80000E+01            200.PB 82. 123   7
 6 3  4.94153E-04  4.54755E-01  4.54755E-01  1.80000E+01            200.PB 82. 124   3
 6 4  1.57441E-04  4.57700E-01  4.57700E-01  1.80000E+01            200.PB 82. 125   4
 119  4.19580E-01  5.25540E-01  5.25540E-01  0.00000E+00            200.PB 82. 126  19
 6 1  3.18830E-02  4.39742E-01  4.39742E-01  1.90000E+01            200.PB 82. 127   1
 6 5  4.82838E-03  5.10210E-01  5.10210E-01  1.90000E+01            200.PB 82. 128   5
 6 6  4.15112E-04  5.10794E-01  5.10794E-01  1.90000E+01            200.PB 82. 129   6
 6 7  3.29594E-05  5.12880E-01  5.12880E-01  1.90000E+01            200.PB 82. 130   7
 6 3  1.22964E-03  5.22595E-01  5.22595E-01  1.90000E+01            200.PB 82. 131   3
 6 4  3.91835E-04  5.25540E-01  5.25540E-01  1.90000E+01            200.PB 82. 132   4
 120  5.62770E-01  6.05440E-01  6.05440E-01  0.00000E+00            200.PB 82. 133  20
 6 1  2.95224E-02  5.19642E-01  5.19642E-01  2.00000E+01            200.PB 82. 134   1
 6 5  4.45641E-03  5.90110E-01  5.90110E-01  2.00000E+01            200.PB 82. 135   5
 6 6  3.73769E-04  5.90694E-01  5.90694E-01  2.00000E+01            200.PB 82. 136   6
 6 7  2.99248E-05  5.92780E-01  5.92780E-01  2.00000E+01            200.PB 82. 137   7
 6 3  1.13376E-03  6.02495E-01  6.02495E-01  2.00000E+01            200.PB 82. 138   3
 6 4  3.61157E-04  6.05440E-01  6.05440E-01  2.00000E+01            200.PB 82. 139   4
 2 1  3.03830E+01  7.10519E-02  7.10519E-02  0.00000E+00            200.PB 82. 140   1
 2 2  5.12572E+01  7.31380E-02  7.31380E-02  0.00000E+00            200.PB 82. 141   2
 2 3  5.68693E+00  8.23883E-02  8.23883E-02  0.00000E+00            200.PB 82. 142   3
 2 4  1.10092E+01  8.28534E-02  8.28534E-02  0.00000E+00            200.PB 82. 143   4
 2 5  1.50852E-01  8.33045E-02  8.33045E-02  0.00000E+00            200.PB 82. 144   5
 2 6  1.83548E-01  8.34039E-02  8.34039E-02  0.00000E+00            200.PB 82. 145   6
 2 7  1.34812E+00  8.50837E-02  8.50837E-02  0.00000E+00            200.PB 82. 146   7
 2 8  2.64484E+00  8.51979E-02  8.51979E-02  0.00000E+00            200.PB 82. 147   8
 2 9  3.96543E-02  8.53917E-02  8.53917E-02  0.00000E+00            200.PB 82. 148   9
 210  4.81625E-02  8.54128E-02  8.54128E-02  0.00000E+00            200.PB 82. 149  10
 211  3.12498E-01  8.56991E-02  8.56991E-02  0.00000E+00            200.PB 82. 150  11
 212  6.09539E-01  8.57200E-02  8.57200E-02  0.00000E+00            200.PB 82. 151  12
 213  4.70183E-03  8.57755E-02  8.57755E-02  0.00000E+00            200.PB 82. 152  13
 214  5.54843E-03  8.57781E-02  8.57781E-02  0.00000E+00            200.PB 82. 153  14
 215  2.65229E-03  8.57925E-02  8.57925E-02  0.00000E+00            200.PB 82. 154  15
 216  3.77491E-03  8.57936E-02  8.57936E-02  0.00000E+00            200.PB 82. 155  16
 221  2.82758E-04  5.84000E-04  5.84000E-04  0.00000E+00            200.PB 82. 156  21
 222  6.59492E-02  2.67000E-03  2.67000E-03  0.00000E+00            200.PB 82. 157  22
 223  7.64497E-01  1.19203E-02  1.19203E-02  0.00000E+00            200.PB 82. 158  23
 224  8.50692E-01  1.23854E-02  1.23854E-02  0.00000E+00            200.PB 82. 159  24
 225  2.68812E-02  1.28363E-02  1.28363E-02  0.00000E+00            200.PB 82. 160  25
 226  4.02380E-02  1.29361E-02  1.29361E-02  0.00000E+00            200.PB 82. 161  26
 227  1.95580E-01  1.46160E-02  1.46160E-02  0.00000E+00            200.PB 82. 162  27
 228  2.36447E-01  1.47297E-02  1.47297E-02  0.00000E+00            200.PB 82. 163  28
 229  4.08867E-03  1.49236E-02  1.49236E-02  0.00000E+00            200.PB 82. 164  29
 230  6.45771E-03  1.49449E-02  1.49449E-02  0.00000E+00            200.PB 82. 165  30
 231  3.72268E-02  1.52310E-02  1.52310E-02  0.00000E+00            200.PB 82. 166  31
 232  4.39927E-02  1.52520E-02  1.52520E-02  0.00000E+00            200.PB 82. 167  32
 233  4.47087E-04  1.53076E-02  1.53076E-02  0.00000E+00            200.PB 82. 168  33
 234  6.94918E-04  1.53100E-02  1.53100E-02  0.00000E+00            200.PB 82. 169  34
 235  3.90804E-04  1.53245E-02  1.53245E-02  0.00000E+00            200.PB 82. 170  35
 236  3.47323E-04  1.53257E-02  1.53257E-02  0.00000E+00            200.PB 82. 171  36
 241  4.65927E-04  2.08600E-03  2.08600E-03  0.00000E+00            200.PB 82. 172  41
 242  4.18925E-01  1.10673E-02  1.10673E-02  0.00000E+00            200.PB 82. 173  42
 243  1.67622E-02  1.18014E-02  1.18014E-02  0.00000E+00            200.PB 82. 174  43
 244  1.54281E+01  1.22523E-02  1.22523E-02  0.00000E+00            200.PB 82. 175  44
 245  1.07544E-01  1.39146E-02  1.39146E-02  0.00000E+00            200.PB 82. 176  45
 246  4.61290E-03  1.41457E-02  1.41457E-02  0.00000E+00            200.PB 82. 177  46
 247  3.11591E+00  1.43397E-02  1.43397E-02  0.00000E+00            200.PB 82. 178  47
 248  1.25137E-02  1.46130E-02  1.46130E-02  0.00000E+00            200.PB 82. 179  48
 249  2.25257E-02  1.46068E-02  1.46068E-02  0.00000E+00            200.PB 82. 180  49
 250  9.24450E-04  1.46680E-02  1.46680E-02  0.00000E+00            200.PB 82. 181  50
 251  3.55510E-01  1.47236E-02  1.47236E-02  0.00000E+00            200.PB 82. 182  51
 253  2.61356E-03  1.47336E-02  1.47336E-02  0.00000E+00            200.PB 82. 183  53
 254  6.76575E-06  1.47417E-02  1.47417E-02  0.00000E+00            200.PB 82. 184  54
 261  1.34433E+00  8.98130E-03  8.98130E-03  0.00000E+00            200.PB 82. 185  61
 262  1.37182E-02  9.25030E-03  9.25030E-03  0.00000E+00            200.PB 82. 186  62
 263  1.24073E-02  9.71540E-03  9.71540E-03  0.00000E+00            200.PB 82. 187  63
 264  2.34916E+00  1.01663E-02  1.01663E-02  0.00000E+00            200.PB 82. 188  64
 265  2.06873E+01  1.02661E-02  1.02661E-02  0.00000E+00            200.PB 82. 189  65
 266  2.94186E-01  1.18286E-02  1.18286E-02  0.00000E+00            200.PB 82. 190  66
 267  3.10104E-03  1.19460E-02  1.19460E-02  0.00000E+00            200.PB 82. 191  67
 268  3.16010E-03  1.20597E-02  1.20597E-02  0.00000E+00            200.PB 82. 192  68
 269  4.36369E-01  1.22537E-02  1.22537E-02  0.00000E+00            200.PB 82. 193  69
 270  3.94121E+00  1.22749E-02  1.22749E-02  0.00000E+00            200.PB 82. 194  70
 271  3.26509E-03  1.25271E-02  1.25271E-02  0.00000E+00            200.PB 82. 195  71
 272  1.82448E-02  1.25318E-02  1.25318E-02  0.00000E+00            200.PB 82. 196  72
 273  6.32960E-02  1.25208E-02  1.25208E-02  0.00000E+00            200.PB 82. 197  73
 274  6.48461E-04  1.25610E-02  1.25610E-02  0.00000E+00            200.PB 82. 198  74
 275  6.63805E-04  1.25820E-02  1.25820E-02  0.00000E+00            200.PB 82. 199  75
 276  4.90925E-02  1.26376E-02  1.26376E-02  0.00000E+00            200.PB 82. 200  76
 277  4.32185E-01  1.26400E-02  1.26400E-02  0.00000E+00            200.PB 82. 201  77
 280  7.08949E-03  1.26476E-02  1.26476E-02  0.00000E+00            200.PB 82. 202  80
 281  6.01881E-06  1.26545E-02  1.26545E-02  0.00000E+00            200.PB 82. 203  81
 282  4.55497E-06  1.26557E-02  1.26557E-02  0.00000E+00            200.PB 82. 204  82
 291  7.57186E+00  2.30182E-03  2.30182E-03  0.00000E+00            200.PB 82. 205  91
 292  1.62198E-01  3.27405E-04  3.27405E-04  0.00000E+00            200.PB 82. 206  92
 293  1.25435E-03  6.77399E-05  6.77399E-05  0.00000E+00            200.PB 82. 207  93
 294  2.16005E+03  2.07398E-05  2.07398E-05  0.00000E+00            200.PB 82. 208  94
 7 1  2.63320E+00  5.72241E-02  5.72241E-02  0.00000E+00            200.PB 82. 209   1
 7 2  1.43291E+00  6.88063E-02  6.88063E-02  0.00000E+00            200.PB 82. 210   2
 7 3  1.87917E-01  8.04012E-02  8.04012E-02  0.00000E+00            200.PB 82. 211   3
 7 4  2.48367E+01  9.25327E-04  9.25327E-04  0.00000E+00            200.PB 82. 212   4
 7 5  5.75730E+01  7.89217E-03  7.89217E-03  0.00000E+00            200.PB 82. 213   5
 7 6  2.50645E+01  1.01861E-02  1.01861E-02  0.00000E+00            200.PB 82. 214   6
 7 7  2.62365E+00  1.25089E-02  1.25089E-02  0.00000E+00            200.PB 82. 215   7
 7 8  8.16441E+01  4.20627E-04  4.20627E-04  0.00000E+00            200.PB 82. 216   8
 7 9  1.94627E+02  1.86097E-03  1.86097E-03  0.00000E+00            200.PB 82. 217   9
 710  2.29316E+01  2.10746E-03  2.10746E-03  0.00000E+00            200.PB 82. 218  10
 711  1.14763E+00  2.47993E-03  2.47993E-03  0.00000E+00            200.PB 82. 219  11
 712  3.71705E+02  1.74707E-04  1.74707E-04  0.00000E+00            200.PB 82. 220  12
 713  7.07747E+02  7.58506E-05  7.58506E-05  0.00000E+00            200.PB 82. 221  13
 714  4.74520E+02  4.30294E-05  4.30294E-05  0.00000E+00            200.PB 82. 222  14
 715  4.32595E-01  9.84861E-05  9.84861E-05  0.00000E+00            200.PB 82. 223  15
%%%% 200 PB  82    EC           7.74000E+04 21.5 H     02-11-2005       SEEIEND 
 


   ***************************************************** 
   *                 Radiation Summary                 * 
   ***************************************************** 
 
  Energy released by
    Gamma-ray                       (MeV) =   1.24707E-01
    X-ray                           (MeV) =   8.34914E-02
    Free-bound X-ray                (MeV) =   4.47989E-04
    Annihilation photon             (MeV) =   0.00000E+00
    Beta+ particle                  (MeV) =   0.00000E+00
    Neutrino                        (MeV) =   5.02882E-01
    Beta- particle                  (MeV) =   0.00000E+00
    Neutrino-                       (MeV) =   0.00000E+00
    Internal conv. electron         (MeV) =   8.34907E-02
    Auger and CK electron           (MeV) =   1.61666E-02
    Alpha particle                  (MeV) =   0.00000E+00
    Recoil nucleus                  (MeV) =   0.00000E+00
  E-total (except unplaced radiat.) (MeV) =   8.11186E-01
  E-unplaced radiation              (MeV) =   0.00000E+00
  Q-value from ENSDF data           (MeV) =   8.10000E-01
  Ratio of E-total/Q-value          ( % ) =   1.00146E+02
  Ratio of E-unplaced radi./Q-value ( % ) =   0.00000E+00

 
  Total yield of
    Gamma-ray                             =   6.23076E-01
    X-ray                                 =   1.62846E+00
    Free-bound X-ray                      =   2.16005E+01
    Annihilation photon                   =   0.00000E+00
    Beta+ particle                        =   0.00000E+00
    Beta- particle                        =   0.00000E+00
    Internal conv. electron               =   7.25661E-01
    Auger and CK electron                 =   1.96911E+01
    Alpha particle                        =   0.00000E+00
  Yield of unplaced radiation             =   0.00000E+00


