%%%%  96 PD  46    EC B+        1.22000E+02 122 S      18-07-2007       BALASTAR
1  96   PD  46 122 S           EC B+      
1INTENSITY AND ENERGY BALANCE DATA

              96-PALLADIUM-46
+                                    HALFLIFE = 122 SECONDS 
+                                                                  18-07-2007


    LEVEL       INTENSITY   INTENSITY
    ENERGY      ENTERING    LEAVING     PERCENT
    (MEV)       LEVEL       LEVEL       ERROR

   0.0000E+00  0.0000E+00
   5.2000E-02  9.9206E+01  0.0000E+00  2.0000E+02  ********************
   1.7690E-01  7.8847E+01  7.7196E+01  2.1169E+00                      
   7.7550E-01  2.1080E+01  2.1568E+01  2.2882E+00                      
   9.3920E-01  5.3529E+01  5.2868E+01  1.2439E+00                      
   1.1857E+00  0.0000E+00  5.8561E-01  2.0000E+02  ********************
   1.2754E+00  3.9281E+01  3.9383E+01  2.5918E-01                      
   1.5647E+00  5.1107E+00  5.4071E+00  5.6352E+00                      
   1.8020E+00  4.6999E+00  4.7476E+00  1.0109E+00                      


 INTENSITY TO GROUND AND ISOMERIC STATE(S) OF DAUGHTER(S)=  9.921E+01
 TOTAL INTENSITY FROM PARENT=  1.000E+02
 PERCENT ERROR =  8.001E-01                      


 TOTAL INTENSITY FROM PARENT =  1.000E+02
 VALUE IS WITHIN   7.63E-06% OF 100                      


 TOTAL ENERGY AVAILABLE =  3.450E+00 MEV
 TOTAL ENERGY CONTENT OF ALL RADIATIONS =  3.458E+00 MEV
 PERCENT ERROR =  2.429E-01                      
%%%%  96 PD  46    EC B+        1.22000E+02 122 S      18-07-2007       BALAEND 
%%%%  96 PD  46    EC B+        1.22000E+02 122 S      18-07-2007       INPUSTAR
1                                      **INPUT DATA**
              96-PALLADIUM-46
+                                    HALFLIFE = 122 SECONDS 
+                                                                  18-07-2007

            MODES OF DECAY: ELECTRON CAPTURE, BETA PLUS
 
                                MEAN
                                NUMBER/    TRANSITION
                TYPE OF    ID   TRANSFOR-  ENERGY
              TRANSITION   NO.  MATION     (MEV)       OTHER NUCLEAR PARAMETERS

           ELECT. CAPTURE   1   4.51E-02   1.648E+00   ALLOWED                                  
           ELECT. CAPTURE   2   4.51E-02   1.885E+00   ALLOWED                                  
           ELECT. CAPTURE   3   2.91E-01   2.175E+00   ALLOWED                                  
           ELECT. CAPTURE   4   2.81E-01   2.511E+00   ALLOWED                                  
                BETA PLUS   1   1.90E-03   6.260E-01*  ALLOWED                                  
                BETA PLUS   2   6.01E-03   8.633E-01*  ALLOWED                                  
                BETA PLUS   3   1.00E-01   1.153E+00*  ALLOWED                                  
                BETA PLUS   4   2.30E-01   1.489E+00*  ALLOWED                                  
           I.C.E. + GAMMA   2   7.72E-01   1.249E-01   M1 MULTIPOLE                             
+                                                                    AK= 0.163                  
                                                       AL1=0.0185    AL2=0.00106                
                                                       AM= 0.00374                              
           I.C.E. + GAMMA   3   2.48E-03   1.638E-01   M1 MULTIPOLE                             
+                                                                    AK= 0.0780                 
                                                       AL1=0.00882   AM= 0.00177                
           I.C.E. + GAMMA   4   1.99E-03   2.890E-01   M1 MULTIPOLE                             
+                                                                    AK= 0.0176                 
                                                       AL1=0.00198                              
           I.C.E. + GAMMA   5   9.88E-03   3.361E-01   M1 MULTIPOLE                             
+                                                                    AK= 0.0120                 
                                                       AL1=0.00135                              
           I.C.E. + GAMMA   6   1.80E-01   4.997E-01   M1 MULTIPOLE                             
+                                                                    AK= 0.00454                
           I.C.E. + GAMMA   7   5.22E-02   5.988E-01   M1 MULTIPOLE                             
+                                                                    AK= 0.00296                
           I.C.E. + GAMMA   8   1.04E-02   6.253E-01   M1 MULTIPOLE                             
+                                                                    AK= 0.00267                
           I.C.E. + GAMMA   9   1.64E-01   7.234E-01   M1 MULTIPOLE                             
+                                                                    AK= 0.00191                
           I.C.E. + GAMMA  10   5.01E-01   7.623E-01   M1 MULTIPOLE                             
+                                                                    AK= 0.00169                
           I.C.E. + GAMMA  11   2.21E-02   7.889E-01   M1 MULTIPOLE                             
+                                                                    AK= 0.00157                
           I.C.E. + GAMMA  12   3.91E-03   8.623E-01   M1 MULTIPOLE                             
+                                                                    AK= 0.00129                
           I.C.E. + GAMMA  13   2.54E-02   8.871E-01   E2 MULTIPOLE                             
+                                                                    AK= 0.00110                
           I.C.E. + GAMMA  14   5.86E-03   1.009E+00   M1 MULTIPOLE ASSUMED                     
           I.C.E. + GAMMA  15   6.51E-03   1.027E+00   M1 MULTIPOLE                             
           I.C.E. + GAMMA  16   1.73E-01   1.099E+00   M1 MULTIPOLE                             
           I.C.E. + GAMMA  17   3.12E-02   1.223E+00   E2 MULTIPOLE                             
           I.C.E. + GAMMA  18   1.95E-02   1.389E+00   M1 MULTIPOLE                             
           I.C.E. + GAMMA  19   3.71E-02   1.626E+00   M1 MULTIPOLE                             
 
           * ENDPOINT ENERGY (MEV)
           - - - - - - - - - -
           Reference: Evaluated Nuclear Structure Data File (ENSDF)
                DATE DATA WERE ENTERED INTO ENSDF: Apr-1993
%%%%  96 PD  46    EC B+        1.22000E+02 122 S      18-07-2007       INPUEND 
%%%%  96 PD  46    EC B+        1.22000E+02 122 S      18-07-2007       OUTPSTAR
1                                      **OUTPUT DATA**
              96-PALLADIUM-46
+                                    HALFLIFE = 122 SECONDS 
+                                                                  18-07-2007

            MODES OF DECAY: ELECTRON CAPTURE, BETA PLUS
 
                                              MEAN
                                              NUMBER/                  MEV/
                                         ID   TRANSFOR-   ENERGY       TRANSFOR-
                  TYPE OF RADIATION      NO.  MATION      (MEV)        MATION

           BETA PLUS                      1   1.90E-03    2.807E-01*   5.34E-04
           BETA PLUS                      2   6.01E-03    3.838E-01*   2.31E-03
           BETA PLUS                      3   1.00E-01    5.111E-01*   5.12E-02
           BETA PLUS                      4   2.30E-01    6.612E-01*   1.52E-01
           ANNIHILATION RADIATION             6.77E-01    5.110E-01    3.46E-01
           GAMMA-RAY                      2   6.50E-01    1.249E-01    8.12E-02
           K CONV. ELECTRON, GAMMA-RAY    2   1.06E-01    1.017E-01    1.08E-02
           L1 CONV. ELECTRON, GAMMA-RAY   2   1.21E-02    1.215E-01    1.46E-03
           L2 CONV. ELECTRON, GAMMA-RAY   2   6.88E-04    1.217E-01    8.38E-05
           L3 CONV. ELECTRON, GAMMA-RAY   2   2.09E-04    1.219E-01    2.55E-05
           M CONV. ELECTRON, GAMMA-RAY    2   2.43E-03    1.244E-01*   3.03E-04
           N+ CONV. ELECTRON, GAMMA-RAY   2   4.74E-04    1.249E-01*   5.92E-05
           GAMMA-RAY                      3   2.27E-03    1.638E-01    3.73E-04
           K CONV. ELECTRON, GAMMA-RAY    3   1.77E-04    1.406E-01    2.49E-05
           GAMMA-RAY                      4   1.95E-03    2.890E-01    5.64E-04
           GAMMA-RAY                      5   9.75E-03    3.361E-01    3.28E-03
           K CONV. ELECTRON, GAMMA-RAY    5   1.17E-04    3.129E-01    3.67E-05
           GAMMA-RAY                      6   1.79E-01    4.997E-01    8.93E-02
           K CONV. ELECTRON, GAMMA-RAY    6   8.11E-04    4.765E-01    3.87E-04
           L1 CONV. ELECTRON, GAMMA-RAY   6   9.09E-05    4.963E-01    4.51E-05
           GAMMA-RAY                      7   5.20E-02    5.988E-01    3.11E-02
           K CONV. ELECTRON, GAMMA-RAY    7   1.54E-04    5.756E-01    8.85E-05
           GAMMA-RAY                      8   1.04E-02    6.253E-01    6.50E-03
           GAMMA-RAY                      9   1.63E-01    7.234E-01    1.18E-01
           K CONV. ELECTRON, GAMMA-RAY    9   3.11E-04    7.002E-01    2.18E-04
           L1 CONV. ELECTRON, GAMMA-RAY   9   3.48E-05    7.200E-01    2.51E-05
           GAMMA-RAY                     10   5.00E-01    7.623E-01    3.81E-01
           K CONV. ELECTRON, GAMMA-RAY   10   8.47E-04    7.391E-01    6.26E-04
           L1 CONV. ELECTRON, GAMMA-RAY  10   9.46E-05    7.589E-01    7.18E-05
           GAMMA-RAY                     11   2.21E-02    7.889E-01    1.74E-02
           K CONV. ELECTRON, GAMMA-RAY   11   3.47E-05    7.657E-01    2.65E-05
           GAMMA-RAY                     12   3.90E-03    8.623E-01    3.36E-03
           GAMMA-RAY                     13   2.54E-02    8.871E-01    2.25E-02
           K CONV. ELECTRON, GAMMA-RAY   13   2.78E-05    8.639E-01    2.40E-05
           GAMMA-RAY                     14   5.85E-03    1.009E+00    5.90E-03
           GAMMA-RAY                     15   6.50E-03    1.027E+00    6.67E-03
           GAMMA-RAY                     16   1.73E-01    1.099E+00    1.90E-01
           K CONV. ELECTRON, GAMMA-RAY   16   1.31E-04    1.076E+00    1.41E-04
           GAMMA-RAY                     17   3.12E-02    1.223E+00    3.82E-02
           GAMMA-RAY                     18   1.95E-02    1.389E+00    2.71E-02
           GAMMA-RAY                     19   3.70E-02    1.626E+00    6.02E-02
           K -L2 X-RAY                        1.59E-01    2.004E-02    3.19E-03
           K -L3 X-RAY                        3.01E-01    2.019E-02    6.07E-03
           K -M2 X-RAY                        2.56E-02    2.267E-02    5.80E-04
           K -M3 X-RAY                        4.98E-02    2.270E-02    1.13E-03
           K -N3 X-RAY                        9.83E-03    2.314E-02    2.27E-04
           AUGER KLL                          9.15E-02    1.691E-02*   1.55E-03
           AUGER KLX                          3.58E-02    1.960E-02*   7.02E-04
           AUGER KXY                          3.38E-03    2.228E-02*   7.53E-05
           AUGER LMM                          6.07E-01    2.267E-03*   1.38E-03
           AUGER LMX                          1.13E-01    2.608E-03*   2.93E-04
           CK MMX                             6.40E-01    1.182E-04*   7.57E-05
           AUGER MNN                          1.57E+00    2.604E-04*   4.08E-04
           CK NNX                             2.62E+00    3.352E-05*   8.79E-05
 
           ALL LISTED X-RAYS, GAMMA-RAYS AND ANNIHILATION RADIATION    1.44E+00
           ALL NEGLECTED X-RAYS, GAMMA-RAYS AND ANNIH. RADIATION**     2.99E-04
           ALL LISTED BETAS, INTERNAL CONVERSION AND AUGER ELECTRONS   2.25E-01
           ALL NEGLECTED BETAS, INT. CONVERSION AND AUGER ELECTRONS**  2.32E-04
           ALL LISTED RADIATIONS                                       1.67E+00
           ALL NEGLECTED RADIATIONS**                                  5.30E-04
 
           *  AVERAGE ENERGY (MEV)
           ** EACH NEGLECTED TRANSITION CONTRIBUTES LESS THAN  0.010%
              TO THE TOTAL MEV/TRANSFORMATION FOR THIS CATEGORY.
           TOTAL FEEDING OF 0.052000 MEV ISOMERIC LEVEL IN  96-RHODIUM     
             DAUGHTER IS 1.0000E+00 PER TRANSFORMATION OF  96-PALLADIUM.
             DECAY OF THIS 1.51 MINUTES HALFLIFE LEVEL WILL CONTRIBUTE TO DOSE.
           - - - - - - - - - -
           INPUT DATA SOURCE: EVALUATED NUCLEAR STRUCTURE DATA FILE (ENSDF)
             DATE INPUT DATA WERE ENTERED INTO ENSDF: Apr-1993
%%%%  96 PD  46    EC B+        1.22000E+02 122 S      18-07-2007       OUTPEND 
%%%%  96 PD  46    EC B+        1.22000E+02 122 S      18-07-2007       BETASTAR
1
              96-PALLADIUM-46
+                                    HALFLIFE = 122 SECONDS 
+                                                                  18-07-2007

            BETA SPECTRUM DATA FOR ALL DECAY BRANCHES

                      BETAS PER                BETAS PER                BETAS PER
            ENERGY    MEV            ENERGY    MEV            ENERGY    MEV
            (MEV)     PER DECAY      (MEV)     PER DECAY      (MEV)     PER DECAY

            0.00000   0.000E+00      0.00260   1.443E-06      0.07500   6.566E-02
            0.00010   0.000E+00      0.00280   2.366E-06      0.08000   7.284E-02
            0.00011   0.000E+00      0.00300   3.643E-06      0.08500   8.010E-02
            0.00012   0.000E+00      0.00320   5.336E-06      0.09000   8.742E-02
            0.00013   0.000E+00      0.00360   1.019E-05      0.10000   1.022E-01
            0.00014   0.000E+00      0.00400   1.736E-05      0.11000   1.169E-01
            0.00015   0.000E+00      0.00450   3.012E-05      0.12000   1.316E-01
            0.00016   0.000E+00      0.00500   4.769E-05      0.13000   1.461E-01
            0.00018   0.000E+00      0.00550   7.062E-05      0.14000   1.605E-01
            0.00020   0.000E+00      0.00600   9.937E-05      0.15000   1.746E-01
            0.00022   0.000E+00      0.00650   1.344E-04      0.16000   1.884E-01
            0.00024   0.000E+00      0.00700   1.760E-04      0.18000   2.150E-01
            0.00026   0.000E+00      0.00750   2.246E-04      0.20000   2.403E-01
            0.00028   3.449E-27      0.00800   2.804E-04      0.22000   2.641E-01
            0.00030   3.191E-26      0.00850   3.437E-04      0.24000   2.863E-01
            0.00032   2.488E-25      0.00900   4.148E-04      0.26000   3.069E-01
            0.00036   1.012E-23      0.01000   5.810E-04      0.28000   3.260E-01
            0.00040   2.723E-22      0.01100   7.804E-04      0.30000   3.434E-01
            0.00045   1.065E-20      0.01200   1.014E-03      0.32000   3.593E-01
            0.00050   2.750E-19      0.01300   1.282E-03      0.36000   3.861E-01
            0.00055   4.938E-18      0.01400   1.586E-03      0.40000   4.067E-01
            0.00060   6.407E-17      0.01500   1.926E-03      0.45000   4.240E-01
            0.00065   6.211E-16      0.01600   2.301E-03      0.50000   4.322E-01
            0.00070   4.647E-15      0.01800   3.158E-03      0.55000   4.322E-01
            0.00075   2.766E-14      0.02000   4.155E-03      0.60000   4.246E-01
            0.00080   1.349E-13      0.02200   5.287E-03      0.65000   4.104E-01
            0.00085   5.524E-13      0.02400   6.551E-03      0.70000   3.900E-01
            0.00090   1.946E-12      0.02600   7.939E-03      0.75000   3.642E-01
            0.00100   1.657E-11      0.02800   9.446E-03      0.80000   3.342E-01
            0.00110   9.478E-11      0.03000   1.106E-02      0.85000   3.011E-01
            0.00120   4.003E-10      0.03200   1.279E-02      0.90000   2.661E-01
            0.00130   1.338E-09      0.03600   1.653E-02      1.00000   1.938E-01
            0.00140   3.727E-09      0.04000   2.062E-02      1.10000   1.278E-01
            0.00150   8.977E-09      0.04500   2.616E-02      1.20000   7.831E-02
            0.00160   1.925E-08      0.05000   3.210E-02      1.30000   3.775E-02
            0.00180   6.776E-08      0.05500   3.836E-02      1.40000   9.347E-03
            0.00200   1.837E-07      0.06000   4.490E-02      1.48880   0.000E+00
            0.00220   4.137E-07      0.06500   5.165E-02
            0.00240   8.133E-07      0.07000   5.859E-02

            AVERAGE BETA ENERGY =   6.097E-01

            TOTAL BETAS PER DECAY FOR ALL BRANCHES =   3.386E-01
%%%%  96 PD  46    EC B+        1.22000E+02 122 S      18-07-2007       BETAEND 
%%%%  96 PD  46    EC B+        1.22000E+02 122 S      18-07-2007       SEEISTAR
 96.  PALLADIUM    46.  1.220E+02 SECONDS  182 EC B+                 96.PD 46.   0
 4 1  1.90400E-01  2.80662E-01  6.26000E-01  0.00000E+00             96.PD 46.   1   1
 4 2  6.01263E-01  3.83808E-01  8.63300E-01  0.00000E+00             96.PD 46.   2   2
 4 3  1.00210E+01  5.11127E-01  1.15260E+00  0.00000E+00             96.PD 46.   3   3
 4 4  2.30484E+01  6.61242E-01  1.48880E+00  0.00000E+00             96.PD 46.   4   4
 3 3  6.77222E+01  5.11000E-01  5.11000E-01  0.00000E+00             96.PD 46.   5   3
 1 2  6.50000E+01  1.24900E-01  1.24900E-01  0.00000E+00             96.PD 46.   6   2
 6 1  1.06100E+01  1.01709E-01  1.01709E-01  2.00000E+00             96.PD 46.   7   1
 6 5  1.20519E+00  1.21509E-01  1.21509E-01  2.00000E+00             96.PD 46.   8   5
 6 6  6.87923E-02  1.21749E-01  1.21749E-01  2.00000E+00             96.PD 46.   9   6
 6 7  2.08893E-02  1.21896E-01  1.21896E-01  2.00000E+00             96.PD 46.  10   7
 6 3  2.43264E-01  1.24405E-01  1.24405E-01  2.00000E+00             96.PD 46.  11   3
 6 4  4.73935E-02  1.24900E-01  1.24900E-01  2.00000E+00             96.PD 46.  12   4
 1 3  2.27500E-01  1.63800E-01  1.63800E-01  0.00000E+00             96.PD 46.  13   3
 6 1  1.77340E-02  1.40609E-01  1.40609E-01  3.00000E+00             96.PD 46.  14   1
 6 5  2.00683E-03  1.60409E-01  1.60409E-01  3.00000E+00             96.PD 46.  15   5
 6 6  1.05538E-04  1.60649E-01  1.60649E-01  3.00000E+00             96.PD 46.  16   6
 6 7  3.23066E-05  1.60796E-01  1.60796E-01  3.00000E+00             96.PD 46.  17   7
 6 3  4.03368E-04  1.63305E-01  1.63305E-01  3.00000E+00             96.PD 46.  18   3
 6 4  7.86905E-05  1.63800E-01  1.63800E-01  3.00000E+00             96.PD 46.  19   4
 1 4  1.95000E-01  2.89000E-01  2.89000E-01  0.00000E+00             96.PD 46.  20   4
 6 1  3.43294E-03  2.65809E-01  2.65809E-01  4.00000E+00             96.PD 46.  21   1
 6 5  3.86613E-04  2.85609E-01  2.85609E-01  4.00000E+00             96.PD 46.  22   5
 6 6  1.62588E-05  2.85848E-01  2.85848E-01  4.00000E+00             96.PD 46.  23   6
 6 7  5.19776E-06  2.85996E-01  2.85996E-01  4.00000E+00             96.PD 46.  24   7
 6 3  7.62901E-05  2.88505E-01  2.88505E-01  4.00000E+00             96.PD 46.  25   3
 6 4  1.49379E-05  2.89000E-01  2.89000E-01  4.00000E+00             96.PD 46.  26   4
 1 5  9.75000E-01  3.36100E-01  3.36100E-01  0.00000E+00             96.PD 46.  27   5
 6 1  1.17188E-02  3.12909E-01  3.12909E-01  5.00000E+00             96.PD 46.  28   1
 6 5  1.31769E-03  3.32709E-01  3.32709E-01  5.00000E+00             96.PD 46.  29   5
 6 6  5.16955E-05  3.32949E-01  3.32949E-01  5.00000E+00             96.PD 46.  30   6
 6 7  1.68624E-05  3.33096E-01  3.33096E-01  5.00000E+00             96.PD 46.  31   7
 6 3  2.59190E-04  3.35605E-01  3.35605E-01  5.00000E+00             96.PD 46.  32   3
 6 4  5.07091E-05  3.36100E-01  3.36100E-01  5.00000E+00             96.PD 46.  33   4
 1 6  1.78750E+01  4.99700E-01  4.99700E-01  0.00000E+00             96.PD 46.  34   6
 6 1  8.11202E-02  4.76509E-01  4.76509E-01  6.00000E+00             96.PD 46.  35   1
 6 5  9.08884E-03  4.96309E-01  4.96309E-01  6.00000E+00             96.PD 46.  36   5
 6 6  2.92815E-04  4.96549E-01  4.96549E-01  6.00000E+00             96.PD 46.  37   6
 6 7  1.02484E-04  4.96696E-01  4.96696E-01  6.00000E+00             96.PD 46.  38   7
 6 3  1.77574E-03  4.99205E-01  4.99205E-01  6.00000E+00             96.PD 46.  39   3
 6 4  3.47879E-04  4.99700E-01  4.99700E-01  6.00000E+00             96.PD 46.  40   4
 1 7  5.20000E+00  5.98800E-01  5.98800E-01  0.00000E+00             96.PD 46.  41   7
 6 1  1.53705E-02  5.75609E-01  5.75609E-01  7.00000E+00             96.PD 46.  42   1
 6 5  1.72036E-03  5.95409E-01  5.95409E-01  7.00000E+00             96.PD 46.  43   5
 6 6  5.01760E-05  5.95649E-01  5.95649E-01  7.00000E+00             96.PD 46.  44   6
 6 7  1.84271E-05  5.95796E-01  5.95796E-01  7.00000E+00             96.PD 46.  45   7
 6 3  3.34348E-04  5.98305E-01  5.98305E-01  7.00000E+00             96.PD 46.  46   3
 6 4  6.55851E-05  5.98800E-01  5.98800E-01  7.00000E+00             96.PD 46.  47   4
 1 8  1.04000E+00  6.25300E-01  6.25300E-01  0.00000E+00             96.PD 46.  48   8
 6 1  2.77840E-03  6.02109E-01  6.02109E-01  8.00000E+00             96.PD 46.  49   1
 6 5  3.10885E-04  6.21909E-01  6.21909E-01  8.00000E+00             96.PD 46.  50   5
 6 6  8.84712E-06  6.22149E-01  6.22149E-01  8.00000E+00             96.PD 46.  51   6
 6 7  3.29369E-06  6.22295E-01  6.22295E-01  8.00000E+00             96.PD 46.  52   7
 6 3  6.03447E-05  6.24805E-01  6.24805E-01  8.00000E+00             96.PD 46.  53   3
 6 4  1.18404E-05  6.25300E-01  6.25300E-01  8.00000E+00             96.PD 46.  54   4
 1 9  1.63150E+01  7.23400E-01  7.23400E-01  0.00000E+00             96.PD 46.  55   9
 6 1  3.11498E-02  7.00209E-01  7.00209E-01  9.00000E+00             96.PD 46.  56   1
 6 5  3.48007E-03  7.20009E-01  7.20009E-01  9.00000E+00             96.PD 46.  57   5
 6 6  9.10058E-05  7.20249E-01  7.20249E-01  9.00000E+00             96.PD 46.  58   6
 6 7  3.55345E-05  7.20396E-01  7.20396E-01  9.00000E+00             96.PD 46.  59   7
 6 3  6.73211E-04  7.22905E-01  7.22905E-01  9.00000E+00             96.PD 46.  60   3
 6 4  1.32148E-04  7.23400E-01  7.23400E-01  9.00000E+00             96.PD 46.  61   4
 110  4.99850E+01  7.62300E-01  7.62300E-01  0.00000E+00             96.PD 46.  62  10
 6 1  8.47232E-02  7.39109E-01  7.39109E-01  1.00000E+01             96.PD 46.  63   1
 6 5  9.45769E-03  7.58909E-01  7.58909E-01  1.00000E+01             96.PD 46.  64   5
 6 6  2.39766E-04  7.59149E-01  7.59149E-01  1.00000E+01             96.PD 46.  65   6
 6 7  9.54118E-05  7.59296E-01  7.59296E-01  1.00000E+01             96.PD 46.  66   7
 6 3  1.82803E-03  7.61805E-01  7.61805E-01  1.00000E+01             96.PD 46.  67   3
 6 4  3.58807E-04  7.62300E-01  7.62300E-01  1.00000E+01             96.PD 46.  68   4
 111  2.21000E+00  7.88900E-01  7.88900E-01  0.00000E+00             96.PD 46.  69  11
 6 1  3.46653E-03  7.65709E-01  7.65709E-01  1.10000E+01             96.PD 46.  70   1
 6 5  3.86757E-04  7.85509E-01  7.85509E-01  1.10000E+01             96.PD 46.  71   5
 6 6  9.60562E-06  7.85749E-01  7.85749E-01  1.10000E+01             96.PD 46.  72   6
 6 7  3.87238E-06  7.85896E-01  7.85896E-01  1.10000E+01             96.PD 46.  73   7
 6 3  7.47161E-05  7.88405E-01  7.88405E-01  1.10000E+01             96.PD 46.  74   3
 6 4  1.46643E-05  7.88900E-01  7.88900E-01  1.10000E+01             96.PD 46.  75   4
 112  3.90000E-01  8.62300E-01  8.62300E-01  0.00000E+00             96.PD 46.  76  12
 6 1  5.01181E-04  8.39109E-01  8.39109E-01  1.20000E+01             96.PD 46.  77   1
 6 5  5.58322E-05  8.58909E-01  8.58909E-01  1.20000E+01             96.PD 46.  78   5
 6 6  1.31378E-06  8.59149E-01  8.59149E-01  1.20000E+01             96.PD 46.  79   6
 6 7  5.48886E-07  8.59296E-01  8.59296E-01  1.20000E+01             96.PD 46.  80   7
 6 3  1.07730E-05  8.61805E-01  8.61805E-01  1.20000E+01             96.PD 46.  81   3
 6 4  2.11395E-06  8.62300E-01  8.62300E-01  1.20000E+01             96.PD 46.  82   4
 113  2.53500E+00  8.87100E-01  8.87100E-01  0.00000E+00             96.PD 46.  83  13
 6 1  2.77848E-03  8.63909E-01  8.63909E-01  1.30000E+01             96.PD 46.  84   1
 6 5  3.03163E-04  8.83709E-01  8.83709E-01  1.30000E+01             96.PD 46.  85   5
 6 6  1.41720E-05  8.83949E-01  8.83949E-01  1.30000E+01             96.PD 46.  86   6
 6 7  1.11493E-05  8.84096E-01  8.84096E-01  1.30000E+01             96.PD 46.  87   7
 6 3  6.14518E-05  8.86605E-01  8.86605E-01  1.30000E+01             96.PD 46.  88   3
 6 4  1.19361E-05  8.87100E-01  8.87100E-01  1.30000E+01             96.PD 46.  89   4
 114  5.85000E-01  1.00880E+00  1.00880E+00  0.00000E+00             96.PD 46.  90  14
 6 1  5.32031E-04  9.85609E-01  9.85609E-01  1.40000E+01             96.PD 46.  91   1
 6 5  5.91055E-05  1.00541E+00  1.00541E+00  1.40000E+01             96.PD 46.  92   5
 6 6  1.26117E-06  1.00565E+00  1.00565E+00  1.40000E+01             96.PD 46.  93   6
 6 7  5.66260E-07  1.00580E+00  1.00580E+00  1.40000E+01             96.PD 46.  94   7
 6 3  1.13831E-05  1.00831E+00  1.00831E+00  1.40000E+01             96.PD 46.  95   3
 6 4  2.23301E-06  1.00880E+00  1.00880E+00  1.40000E+01             96.PD 46.  96   4
 115  6.50000E-01  1.02670E+00  1.02670E+00  0.00000E+00             96.PD 46.  97  15
 6 1  5.68938E-04  1.00351E+00  1.00351E+00  1.50000E+01             96.PD 46.  98   1
 6 5  6.31861E-05  1.02331E+00  1.02331E+00  1.50000E+01             96.PD 46.  99   5
 6 6  1.33326E-06  1.02355E+00  1.02355E+00  1.50000E+01             96.PD 46. 100   6
 6 7  6.03920E-07  1.02370E+00  1.02370E+00  1.50000E+01             96.PD 46. 101   7
 6 3  1.21665E-05  1.02621E+00  1.02621E+00  1.50000E+01             96.PD 46. 102   3
 6 4  2.38665E-06  1.02670E+00  1.02670E+00  1.50000E+01             96.PD 46. 103   4
 116  1.72900E+01  1.09870E+00  1.09870E+00  0.00000E+00             96.PD 46. 104  16
 6 1  1.30658E-02  1.07551E+00  1.07551E+00  1.60000E+01             96.PD 46. 105   1
 6 5  1.44973E-03  1.09531E+00  1.09531E+00  1.60000E+01             96.PD 46. 106   5
 6 6  2.92895E-05  1.09555E+00  1.09555E+00  1.60000E+01             96.PD 46. 107   6
 6 7  1.37444E-05  1.09570E+00  1.09570E+00  1.60000E+01             96.PD 46. 108   7
 6 3  2.78926E-04  1.09821E+00  1.09821E+00  1.60000E+01             96.PD 46. 109   3
 6 4  5.47153E-05  1.09870E+00  1.09870E+00  1.60000E+01             96.PD 46. 110   4
 117  3.12000E+00  1.22340E+00  1.22340E+00  0.00000E+00             96.PD 46. 111  17
 6 1  1.67659E-03  1.20021E+00  1.20021E+00  1.70000E+01             96.PD 46. 112   1
 6 5  1.82908E-04  1.22001E+00  1.22001E+00  1.70000E+01             96.PD 46. 113   5
 6 6  5.70926E-06  1.22025E+00  1.22025E+00  1.70000E+01             96.PD 46. 114   6
 6 7  4.63593E-06  1.22040E+00  1.22040E+00  1.70000E+01             96.PD 46. 115   7
 6 3  3.61357E-05  1.22291E+00  1.22291E+00  1.70000E+01             96.PD 46. 116   3
 6 4  7.05516E-06  1.22340E+00  1.22340E+00  1.70000E+01             96.PD 46. 117   4
 118  1.95000E+00  1.38850E+00  1.38850E+00  0.00000E+00             96.PD 46. 118  18
 6 1  8.97027E-04  1.36531E+00  1.36531E+00  1.80000E+01             96.PD 46. 119   1
 6 5  9.91952E-05  1.38511E+00  1.38511E+00  1.80000E+01             96.PD 46. 120   5
 6 6  1.71681E-06  1.38535E+00  1.38535E+00  1.80000E+01             96.PD 46. 121   6
 6 7  9.27298E-07  1.38550E+00  1.38550E+00  1.80000E+01             96.PD 46. 122   7
 6 3  1.90242E-05  1.38801E+00  1.38801E+00  1.80000E+01             96.PD 46. 123   3
 6 4  3.73575E-06  1.38850E+00  1.38850E+00  1.80000E+01             96.PD 46. 124   4
 119  3.70500E+00  1.62560E+00  1.62560E+00  0.00000E+00             96.PD 46. 125  19
 6 1  1.23204E-03  1.60241E+00  1.60241E+00  1.90000E+01             96.PD 46. 126   1
 6 5  1.35931E-04  1.62221E+00  1.62221E+00  1.90000E+01             96.PD 46. 127   5
 6 6  2.11133E-06  1.62245E+00  1.62245E+00  1.90000E+01             96.PD 46. 128   6
 6 7  1.27593E-06  1.62260E+00  1.62260E+00  1.90000E+01             96.PD 46. 129   7
 6 3  2.59920E-05  1.62511E+00  1.62511E+00  1.90000E+01             96.PD 46. 130   3
 6 4  5.09626E-06  1.62560E+00  1.62560E+00  1.90000E+01             96.PD 46. 131   4
 2 1  1.58949E+01  2.00395E-02  2.00395E-02  0.00000E+00             96.PD 46. 132   1
 2 2  3.00900E+01  2.01865E-02  2.01865E-02  0.00000E+00             96.PD 46. 133   2
 2 3  2.55890E+00  2.26708E-02  2.26708E-02  0.00000E+00             96.PD 46. 134   3
 2 4  4.97570E+00  2.26963E-02  2.26963E-02  0.00000E+00             96.PD 46. 135   4
 2 5  1.52688E-02  2.28680E-02  2.28680E-02  0.00000E+00             96.PD 46. 136   5
 2 6  2.14320E-02  2.28731E-02  2.28731E-02  0.00000E+00             96.PD 46. 137   6
 2 7  5.08919E-01  2.31321E-02  2.31321E-02  0.00000E+00             96.PD 46. 138   7
 2 8  9.82905E-01  2.31362E-02  2.31362E-02  0.00000E+00             96.PD 46. 139   8
 2 9  1.24049E-03  2.31807E-02  2.31807E-02  0.00000E+00             96.PD 46. 140   9
 210  1.72124E-03  2.31812E-02  2.31812E-02  0.00000E+00             96.PD 46. 141  10
 221  2.09669E-04  2.39700E-04  2.39700E-04  0.00000E+00             96.PD 46. 142  21
 222  1.54492E-03  3.86700E-04  3.86700E-04  0.00000E+00             96.PD 46. 143  22
 223  4.12066E-02  2.87105E-03  2.87105E-03  0.00000E+00             96.PD 46. 144  23
 224  6.95116E-02  2.89654E-03  2.89654E-03  0.00000E+00             96.PD 46. 145  24
 225  4.13777E-04  3.06817E-03  3.06817E-03  0.00000E+00             96.PD 46. 146  25
 226  6.17056E-04  3.07324E-03  3.07324E-03  0.00000E+00             96.PD 46. 147  26
 227  7.04515E-03  3.33235E-03  3.33235E-03  0.00000E+00             96.PD 46. 148  27
 228  1.20011E-02  3.33643E-03  3.33643E-03  0.00000E+00             96.PD 46. 149  28
 229  2.44117E-05  3.38096E-03  3.38096E-03  0.00000E+00             96.PD 46. 150  29
 230  3.63733E-05  3.38139E-03  3.38139E-03  0.00000E+00             96.PD 46. 151  30
 241  2.30735E-07  1.47000E-04  1.47000E-04  0.00000E+00             96.PD 46. 152  41
 242  7.53514E-02  2.53556E-03  2.53556E-03  0.00000E+00             96.PD 46. 153  42
 243  8.38329E-04  2.65685E-03  2.65685E-03  0.00000E+00             96.PD 46. 154  43
 244  9.30254E-01  2.82846E-03  2.82846E-03  0.00000E+00             96.PD 46. 155  44
 245  7.17978E-03  3.06296E-03  3.06296E-03  0.00000E+00             96.PD 46. 156  45
 246  4.66764E-05  3.09671E-03  3.09671E-03  0.00000E+00             96.PD 46. 157  46
 247  6.33757E-02  3.14126E-03  3.14126E-03  0.00000E+00             96.PD 46. 158  47
 261  2.93432E-01  2.38855E-03  2.38855E-03  0.00000E+00             96.PD 46. 159  61
 262  1.33935E-03  2.48435E-03  2.48435E-03  0.00000E+00             96.PD 46. 160  62
 263  1.26526E-03  2.50984E-03  2.50984E-03  0.00000E+00             96.PD 46. 161  63
 264  2.22801E-01  2.68147E-03  2.68147E-03  0.00000E+00             96.PD 46. 162  64
 265  1.97793E+00  2.68654E-03  2.68654E-03  0.00000E+00             96.PD 46. 163  65
 266  1.73193E-02  2.91598E-03  2.91598E-03  0.00000E+00             96.PD 46. 164  66
 267  5.65208E-05  2.94566E-03  2.94566E-03  0.00000E+00             96.PD 46. 165  67
 268  5.38898E-05  2.94972E-03  2.94972E-03  0.00000E+00             96.PD 46. 166  68
 269  1.49724E-02  2.99426E-03  2.99426E-03  0.00000E+00             96.PD 46. 167  69
 270  1.32065E-01  2.99469E-03  2.99469E-03  0.00000E+00             96.PD 46. 168  70
 291  1.04897E-01  3.06568E-04  3.06568E-04  0.00000E+00             96.PD 46. 169  91
 292  1.89878E-03  3.99322E-05  3.99322E-05  0.00000E+00             96.PD 46. 170  92
 294  6.63084E+02  9.95810E-06  9.95810E-06  0.00000E+00             96.PD 46. 171  94
 7 1  9.15284E+00  1.69094E-02  1.69094E-02  0.00000E+00             96.PD 46. 172   1
 7 2  3.58327E+00  1.95952E-02  1.95952E-02  0.00000E+00             96.PD 46. 173   2
 7 3  3.37773E-01  2.22837E-02  2.22837E-02  0.00000E+00             96.PD 46. 174   3
 7 4  1.47202E+01  1.10574E-04  1.10574E-04  0.00000E+00             96.PD 46. 175   4
 7 5  6.06683E+01  2.26667E-03  2.26667E-03  0.00000E+00             96.PD 46. 176   5
 7 6  1.12511E+01  2.60785E-03  2.60785E-03  0.00000E+00             96.PD 46. 177   6
 7 7  5.71980E-01  2.97217E-03  2.97217E-03  0.00000E+00             96.PD 46. 178   7
 7 8  6.40162E+01  1.18212E-04  1.18212E-04  0.00000E+00             96.PD 46. 179   8
 7 9  1.56841E+02  2.60354E-04  2.60354E-04  0.00000E+00             96.PD 46. 180   9
 710  1.02328E+00  3.07768E-04  3.07768E-04  0.00000E+00             96.PD 46. 181  10
 712  2.62276E+02  3.35222E-05  3.35222E-05  0.00000E+00             96.PD 46. 182  12
%%%%  96 PD  46    EC B+        1.22000E+02 122 S      18-07-2007       SEEIEND 
 


   ***************************************************** 
   *                 Radiation Summary                 * 
   ***************************************************** 
 
  Energy released by
    Gamma-ray                       (MeV) =   1.08272E+00
    X-ray                           (MeV) =   1.14288E-02
    Free-bound X-ray                (MeV) =   6.60306E-05
    Annihilation photon             (MeV) =   3.46061E-01
    Beta+ particle                  (MeV) =   2.06468E-01
    Neutrino                        (MeV) =   1.74223E+00
    Beta- particle                  (MeV) =   0.00000E+00
    Neutrino-                       (MeV) =   0.00000E+00
    Internal conv. electron         (MeV) =   1.46362E-02
    Auger and CK electron           (MeV) =   4.60203E-03
    Alpha particle                  (MeV) =   0.00000E+00
    Recoil nucleus                  (MeV) =   0.00000E+00
  E-total (except unplaced radiat.) (MeV) =   3.40821E+00
  E-unplaced radiation              (MeV) =   0.00000E+00
  Q-value from ENSDF data           (MeV) =   3.45000E+00
  Ratio of E-total/Q-value          ( % ) =   9.87887E+01
  Ratio of E-unplaced radi./Q-value ( % ) =   0.00000E+00

 
  Total yield of
    Gamma-ray                             =   1.89247E+00
    X-ray                                 =   5.90286E-01
    Free-bound X-ray                      =   6.63084E+00
    Annihilation photon                   =   6.77222E-01
    Beta+ particle                        =   3.38611E-01
    Beta- particle                        =   0.00000E+00
    Internal conv. electron               =   1.25072E-01
    Auger and CK electron                 =   5.84442E+00
    Alpha particle                        =   0.00000E+00
  Yield of unplaced radiation             =   0.00000E+00


