%%%% 146 PM  61    EC B-        1.74514E+08 5.53 Y     02-11-2005       BALASTAR
1 146   PM  61 5.53 Y          EC B-      
1INTENSITY AND ENERGY BALANCE DATA

              146-PROMETHIUM-61
+                                    HALFLIFE = 5.53 YEARS   
+                                                                  02-11-2005


    LEVEL       INTENSITY   INTENSITY
    ENERGY      ENTERING    LEAVING     PERCENT
    (MEV)       LEVEL       LEVEL       ERROR

   0.0000E+00  6.6012E+01
   4.5388E-01  6.6051E+01  6.6012E+01  5.9504E-02                      
   1.0437E+00  4.4426E-01  4.2581E-01  4.2409E+00                      
   1.1896E+00  2.2697E+01  2.2766E+01  3.0725E-01                      
   0.0000E+00  3.4155E+01
   7.4724E-01  3.4018E+01  3.4155E+01  4.0226E-01                      
   1.3805E+00  2.1406E+00  2.1587E+00  8.4373E-01                      


 INTENSITY TO GROUND AND ISOMERIC STATE(S) OF DAUGHTER(S)=  1.002E+02
 TOTAL INTENSITY FROM PARENT=  1.000E+02
 PERCENT ERROR =  1.671E-01                      


 TOTAL INTENSITY FROM PARENT =  1.000E+02
 VALUE IS WITHIN   0.00E+00% OF 100                      


 TOTAL ENERGY AVAILABLE =  1.496E+00 MEV
 TOTAL ENERGY CONTENT OF ALL RADIATIONS =  1.498E+00 MEV
 PERCENT ERROR =  1.190E-01                      
%%%% 146 PM  61    EC B-        1.74514E+08 5.53 Y     02-11-2005       BALAEND 
%%%% 146 PM  61    EC B-        1.74514E+08 5.53 Y     02-11-2005       INPUSTAR
1                                      **INPUT DATA**
              146-PROMETHIUM-61
+                                    HALFLIFE = 5.53 YEARS   
+                                                                  02-11-2005

            MODES OF DECAY: ELECTRON CAPTURE, BETA MINUS
 
                                MEAN
                                NUMBER/    TRANSITION
                TYPE OF    ID   TRANSFOR-  ENERGY
              TRANSITION   NO.  MATION     (MEV)       OTHER NUCLEAR PARAMETERS

           ELECT. CAPTURE   1   2.27E-01   2.824E-01   ALLOWED                                  
           ELECT. CAPTURE   2   2.10E-03   4.283E-01   FIRST FORBIDDEN                          
           ELECT. CAPTURE   3   4.31E-01   1.018E+00   FIRST FORBIDDEN                          
           I.C.E. + GAMMA   1   2.34E-03   1.462E-01   E1 MULTIPOLE                             
+                                                                    AK= 0.0783                 
                                                       AL1=0.00835   AL2=0.00114                
                                                       AL3=0.00142   AM= 0.00231                
           I.C.E. + GAMMA   2   6.60E-01   4.539E-01   E2 MULTIPOLE                             
+                                                                    AK= 0.0127                 
                                                       AL1=0.00147                              
           I.C.E. + GAMMA   3   4.26E-03   5.898E-01   E2 MULTIPOLE                             
+                                                                    AK= 0.00642                
           I.C.E. + GAMMA   4   2.25E-01   7.359E-01   E1 MULTIPOLE                             
+                                                                    AK= 0.00148                
               BETA MINUS   1   2.14E-02   1.615E-01*  ALLOWED                                  
               BETA MINUS   2   3.19E-01   7.948E-01*  FIRST FORBIDDEN                          
           I.C.E. + GAMMA   1   2.16E-02   6.333E-01   E1 MULTIPOLE                             
+                                                                    AK= 0.00222                
           I.C.E. + GAMMA   2   3.42E-01   7.472E-01   E2 MULTIPOLE                             
+                                                                    AK= 0.00400                
 
           * ENDPOINT ENERGY (MEV)
           - - - - - - - - - -
           Reference: Evaluated Nuclear Structure Data File (ENSDF)
                DATE DATA WERE ENTERED INTO ENSDF: Dec-1997
%%%% 146 PM  61    EC B-        1.74514E+08 5.53 Y     02-11-2005       INPUEND 
%%%% 146 PM  61    EC B-        1.74514E+08 5.53 Y     02-11-2005       OUTPSTAR
1                                      **OUTPUT DATA**
              146-PROMETHIUM-61
+                                    HALFLIFE = 5.53 YEARS   
+                                                                  02-11-2005

            MODES OF DECAY: ELECTRON CAPTURE, BETA MINUS
 
                                              MEAN
                                              NUMBER/                  MEV/
                                         ID   TRANSFOR-   ENERGY       TRANSFOR-
                  TYPE OF RADIATION      NO.  MATION      (MEV)        MATION

           GAMMA-RAY                      2   6.50E-01    4.539E-01    2.95E-01
           K CONV. ELECTRON, GAMMA-RAY    2   8.22E-03    4.103E-01    3.37E-03
           L1 CONV. ELECTRON, GAMMA-RAY   2   9.56E-04    4.468E-01    4.27E-04
           L2 CONV. ELECTRON, GAMMA-RAY   2   2.75E-04    4.472E-01    1.23E-04
           M CONV. ELECTRON, GAMMA-RAY    2   3.06E-04    4.526E-01*   1.38E-04
           GAMMA-RAY                      3   4.23E-03    5.898E-01    2.49E-03
           GAMMA-RAY                      4   2.25E-01    7.359E-01    1.66E-01
           K CONV. ELECTRON, GAMMA-RAY    4   3.32E-04    6.923E-01    2.30E-04
           K -L2 X-RAY                        1.47E-01    3.687E-02    5.40E-03
           K -L3 X-RAY                        2.67E-01    3.740E-02    9.98E-03
           K -M2 X-RAY                        2.64E-02    4.220E-02    1.11E-03
           K -M3 X-RAY                        5.10E-02    4.231E-02    2.16E-03
           AUGER KLL                          2.82E-02    3.038E-02*   8.57E-04
           AUGER KLX                          1.35E-02    3.584E-02*   4.85E-04
           AUGER LMM                          3.61E-01    4.151E-03*   1.50E-03
           AUGER LMX                          1.21E-01    5.102E-03*   6.19E-04
           AUGER MNN                          9.51E-01    7.110E-04*   6.76E-04
           CK NNX                             2.70E+00    9.396E-05*   2.54E-04
           BETA MINUS                     1   2.14E-02    4.340E-02*   9.29E-04
           BETA MINUS                     2   3.19E-01    2.597E-01*   8.28E-02
           GAMMA-RAY                      1   2.15E-02    6.333E-01    1.36E-02
           GAMMA-RAY                      2   3.40E-01    7.472E-01    2.54E-01
           K CONV. ELECTRON, GAMMA-RAY    2   1.36E-03    7.004E-01    9.52E-04
           L1 CONV. ELECTRON, GAMMA-RAY   2   1.65E-04    7.395E-01    1.22E-04
 
           ALL LISTED X-RAYS, GAMMA-RAYS AND ANNIHILATION RADIATION    7.49E-01
           ALL NEGLECTED X-RAYS, GAMMA-RAYS AND ANNIH. RADIATION**     1.83E-03
           ALL LISTED BETAS, INTERNAL CONVERSION AND AUGER ELECTRONS   9.34E-02
           ALL NEGLECTED BETAS, INT. CONVERSION AND AUGER ELECTRONS**  6.68E-04
           ALL LISTED RADIATIONS                                       8.43E-01
           ALL NEGLECTED RADIATIONS**                                  2.50E-03
 
           *  AVERAGE ENERGY (MEV)
           ** EACH NEGLECTED TRANSITION CONTRIBUTES LESS THAN  0.100%
              TO THE TOTAL MEV/TRANSFORMATION FOR THIS CATEGORY.
           TOTAL FEEDING OF GROUND STATE LEVEL IN 146-NEODYMIUM
             DAUGHTER IS 6.6000E-01 PER TRANSFORMATION OF 146-PROMETHIUM.
             THIS DAUGHTER GROUND STATE IS STABLE.
           TOTAL FEEDING OF GROUND STATE LEVEL IN 146-SAMARIUM
             DAUGHTER IS 3.4000E-01 PER TRANSFORMATION OF 146-PROMETHIUM.
             DECAY OF THIS 0.103E+09 YEARS HALFLIFE LEVEL WILL CONTRIBUTE TO DOSE.
           - - - - - - - - - -
           INPUT DATA SOURCE: EVALUATED NUCLEAR STRUCTURE DATA FILE (ENSDF)
             DATE INPUT DATA WERE ENTERED INTO ENSDF: Dec-1997
%%%% 146 PM  61    EC B-        1.74514E+08 5.53 Y     02-11-2005       OUTPEND 
%%%% 146 PM  61    EC B-        1.74514E+08 5.53 Y     02-11-2005       BETASTAR
1
              146-PROMETHIUM-61
+                                    HALFLIFE = 5.53 YEARS   
+                                                                  02-11-2005

            BETA SPECTRUM DATA FOR ALL DECAY BRANCHES

                      BETAS PER                BETAS PER                BETAS PER
            ENERGY    MEV            ENERGY    MEV            ENERGY    MEV
            (MEV)     PER DECAY      (MEV)     PER DECAY      (MEV)     PER DECAY

            0.00000   1.021E+00      0.00200   1.013E+00      0.04500   8.851E-01
            0.00010   1.021E+00      0.00220   1.013E+00      0.05000   8.716E-01
            0.00011   1.021E+00      0.00240   1.012E+00      0.05500   8.582E-01
            0.00012   1.021E+00      0.00260   1.011E+00      0.06000   8.451E-01
            0.00013   1.021E+00      0.00280   1.010E+00      0.06500   8.321E-01
            0.00014   1.021E+00      0.00300   1.009E+00      0.07000   8.195E-01
            0.00015   1.021E+00      0.00320   1.008E+00      0.07500   8.071E-01
            0.00016   1.021E+00      0.00360   1.007E+00      0.08000   7.950E-01
            0.00018   1.021E+00      0.00400   1.005E+00      0.08500   7.832E-01
            0.00020   1.021E+00      0.00450   1.003E+00      0.09000   7.719E-01
            0.00022   1.020E+00      0.00500   1.001E+00      0.10000   7.504E-01
            0.00024   1.020E+00      0.00550   9.993E-01      0.11000   7.307E-01
            0.00026   1.020E+00      0.00600   9.973E-01      0.12000   7.133E-01
            0.00028   1.020E+00      0.00650   9.953E-01      0.13000   6.982E-01
            0.00030   1.020E+00      0.00700   9.933E-01      0.14000   6.859E-01
            0.00032   1.020E+00      0.00750   9.913E-01      0.15000   6.767E-01
            0.00036   1.020E+00      0.00800   9.894E-01      0.16000   6.708E-01
            0.00040   1.020E+00      0.00850   9.874E-01      0.18000   6.627E-01
            0.00045   1.020E+00      0.00900   9.854E-01      0.20000   6.525E-01
            0.00050   1.019E+00      0.01000   9.814E-01      0.22000   6.402E-01
            0.00055   1.019E+00      0.01100   9.782E-01      0.24000   6.258E-01
            0.00060   1.019E+00      0.01200   9.755E-01      0.26000   6.094E-01
            0.00065   1.019E+00      0.01300   9.728E-01      0.28000   5.911E-01
            0.00070   1.019E+00      0.01400   9.701E-01      0.30000   5.710E-01
            0.00075   1.018E+00      0.01500   9.673E-01      0.32000   5.491E-01
            0.00080   1.018E+00      0.01600   9.646E-01      0.36000   5.008E-01
            0.00085   1.018E+00      0.01800   9.591E-01      0.40000   4.474E-01
            0.00090   1.018E+00      0.02000   9.537E-01      0.45000   3.754E-01
            0.00100   1.017E+00      0.02200   9.482E-01      0.50000   3.004E-01
            0.00110   1.017E+00      0.02400   9.427E-01      0.55000   2.257E-01
            0.00120   1.017E+00      0.02600   9.372E-01      0.60000   1.551E-01
            0.00130   1.016E+00      0.02800   9.317E-01      0.65000   9.268E-02
            0.00140   1.016E+00      0.03000   9.261E-01      0.70000   4.280E-02
            0.00150   1.015E+00      0.03200   9.206E-01      0.75000   1.026E-02
            0.00160   1.015E+00      0.03600   9.096E-01      0.79476   0.000E+00
            0.00180   1.014E+00      0.04000   8.987E-01

            AVERAGE BETA ENERGY =   2.461E-01

            TOTAL BETAS PER DECAY FOR ALL BRANCHES =   3.400E-01
%%%% 146 PM  61    EC B-        1.74514E+08 5.53 Y     02-11-2005       BETAEND 
%%%% 146 PM  61    EC B-        1.74514E+08 5.53 Y     02-11-2005       SEEISTAR
146.  PROMETHIUM   61.  5.530E+00 YEARS    180 EC B-                146.PM 61.   0
 1 1  2.14533E-01  1.46200E-01  1.46200E-01  0.00000E+00            146.PM 61.   1   1
 6 1  1.67917E-02  1.02603E-01  1.02603E-01  1.00000E+00            146.PM 61.   2   1
 6 5  1.79183E-03  1.39107E-01  1.39107E-01  1.00000E+00            146.PM 61.   3   5
 6 6  2.45302E-04  1.39473E-01  1.39473E-01  1.00000E+00            146.PM 61.   4   6
 6 7  3.04536E-04  1.39999E-01  1.39999E-01  1.00000E+00            146.PM 61.   5   7
 6 3  4.95555E-04  1.44913E-01  1.44913E-01  1.00000E+00            146.PM 61.   6   3
 6 4  1.34514E-04  1.46200E-01  1.46200E-01  1.00000E+00            146.PM 61.   7   4
 1 2  6.50100E+01  4.53880E-01  4.53880E-01  0.00000E+00            146.PM 61.   8   2
 6 1  8.22427E-01  4.10283E-01  4.10283E-01  2.00000E+00            146.PM 61.   9   1
 6 5  9.56255E-02  4.46787E-01  4.46787E-01  2.00000E+00            146.PM 61.  10   5
 6 6  2.75046E-02  4.47153E-01  4.47153E-01  2.00000E+00            146.PM 61.  11   6
 6 7  1.77073E-02  4.47679E-01  4.47679E-01  2.00000E+00            146.PM 61.  12   7
 6 3  3.05577E-02  4.52593E-01  4.52593E-01  2.00000E+00            146.PM 61.  13   3
 6 4  8.28364E-03  4.53880E-01  4.53880E-01  2.00000E+00            146.PM 61.  14   4
 1 3  4.22565E-01  5.89800E-01  5.89800E-01  0.00000E+00            146.PM 61.  15   3
 6 1  2.71115E-03  5.46203E-01  5.46203E-01  3.00000E+00            146.PM 61.  16   1
 6 5  3.21282E-04  5.82707E-01  5.82707E-01  3.00000E+00            146.PM 61.  17   5
 6 6  6.38467E-05  5.83073E-01  5.83073E-01  3.00000E+00            146.PM 61.  18   6
 6 7  3.79808E-05  5.83599E-01  5.83599E-01  3.00000E+00            146.PM 61.  19   7
 6 3  9.08609E-05  5.88513E-01  5.88513E-01  3.00000E+00            146.PM 61.  20   3
 6 4  2.48486E-05  5.89800E-01  5.89800E-01  3.00000E+00            146.PM 61.  21   4
 1 4  2.24935E+01  7.35930E-01  7.35930E-01  0.00000E+00            146.PM 61.  22   4
 6 1  3.32362E-02  6.92333E-01  6.92333E-01  4.00000E+00            146.PM 61.  23   1
 6 5  3.90369E-03  7.28837E-01  7.28837E-01  4.00000E+00            146.PM 61.  24   5
 6 6  1.66743E-04  7.29203E-01  7.29203E-01  4.00000E+00            146.PM 61.  25   6
 6 7  1.97331E-04  7.29729E-01  7.29729E-01  4.00000E+00            146.PM 61.  26   7
 6 3  8.97909E-04  7.34643E-01  7.34643E-01  4.00000E+00            146.PM 61.  27   3
 6 4  2.47904E-04  7.35930E-01  7.35930E-01  4.00000E+00            146.PM 61.  28   4
 2 1  1.46595E+01  3.68696E-02  3.68696E-02  0.00000E+00            146.PM 61.  29   1
 2 2  2.66968E+01  3.73962E-02  3.73962E-02  0.00000E+00            146.PM 61.  30   2
 2 3  2.63720E+00  4.22041E-02  4.22041E-02  0.00000E+00            146.PM 61.  31   3
 2 4  5.10321E+00  4.23100E-02  4.23100E-02  0.00000E+00            146.PM 61.  32   4
 2 5  3.41963E-02  4.25898E-02  4.25898E-02  0.00000E+00            146.PM 61.  33   5
 2 6  4.57445E-02  4.26126E-02  4.26126E-02  0.00000E+00            146.PM 61.  34   6
 2 7  5.66287E-01  4.33442E-02  4.33442E-02  0.00000E+00            146.PM 61.  35   7
 2 8  1.10054E+00  4.33673E-02  4.33673E-02  0.00000E+00            146.PM 61.  36   8
 2 9  7.36582E-03  4.34682E-02  4.34682E-02  0.00000E+00            146.PM 61.  37   9
 210  9.83809E-03  4.34723E-02  4.34723E-02  0.00000E+00            146.PM 61.  38  10
 211  1.06318E-01  4.35688E-02  4.35688E-02  0.00000E+00            146.PM 61.  39  11
 212  2.10394E-01  4.35720E-02  4.35720E-02  0.00000E+00            146.PM 61.  40  12
 221  2.10333E-04  3.65900E-04  3.65900E-04  0.00000E+00            146.PM 61.  41  21
 222  6.79383E-03  8.92600E-04  8.92600E-04  0.00000E+00            146.PM 61.  42  22
 223  2.09850E-01  5.70049E-03  5.70049E-03  0.00000E+00            146.PM 61.  43  23
 224  3.12624E-01  5.80619E-03  5.80619E-03  0.00000E+00            146.PM 61.  44  24
 225  3.90842E-03  6.08600E-03  6.08600E-03  0.00000E+00            146.PM 61.  45  25
 226  5.84390E-03  6.10898E-03  6.10898E-03  0.00000E+00            146.PM 61.  46  26
 227  4.86660E-02  6.84054E-03  6.84054E-03  0.00000E+00            146.PM 61.  47  27
 228  7.51386E-02  6.86358E-03  6.86358E-03  0.00000E+00            146.PM 61.  48  28
 229  5.22668E-04  6.96462E-03  6.96462E-03  0.00000E+00            146.PM 61.  49  29
 230  8.01667E-04  6.96868E-03  6.96868E-03  0.00000E+00            146.PM 61.  50  30
 231  7.02563E-03  7.06518E-03  7.06518E-03  0.00000E+00            146.PM 61.  51  31
 232  1.06186E-02  7.06842E-03  7.06842E-03  0.00000E+00            146.PM 61.  52  32
 241  4.73296E-06  5.26700E-04  5.26700E-04  0.00000E+00            146.PM 61.  53  41
 242  8.94619E-02  5.17559E-03  5.17559E-03  0.00000E+00            146.PM 61.  54  42
 243  1.56267E-03  5.44030E-03  5.44030E-03  0.00000E+00            146.PM 61.  55  43
 244  2.12912E+00  5.72010E-03  5.72010E-03  0.00000E+00            146.PM 61.  56  44
 245  1.55786E-02  6.41383E-03  6.41383E-03  0.00000E+00            146.PM 61.  57  45
 246  2.81794E-04  6.49767E-03  6.49767E-03  0.00000E+00            146.PM 61.  58  46
 247  3.60349E-01  6.59872E-03  6.59872E-03  0.00000E+00            146.PM 61.  59  47
 248  9.25508E-05  6.71908E-03  6.71908E-03  0.00000E+00            146.PM 61.  60  48
 249  2.43838E-03  6.68259E-03  6.68259E-03  0.00000E+00            146.PM 61.  61  49
 250  5.61579E-05  6.70252E-03  6.70252E-03  0.00000E+00            146.PM 61.  62  50
 261  3.15307E-01  4.64891E-03  4.64891E-03  0.00000E+00            146.PM 61.  63  61
 262  1.94305E-03  4.80789E-03  4.80789E-03  0.00000E+00            146.PM 61.  64  62
 263  1.79382E-03  4.91360E-03  4.91360E-03  0.00000E+00            146.PM 61.  65  63
 264  3.89599E-01  5.19339E-03  5.19339E-03  0.00000E+00            146.PM 61.  66  64
 265  3.44839E+00  5.21638E-03  5.21638E-03  0.00000E+00            146.PM 61.  67  65
 266  3.59708E-02  5.88711E-03  5.88711E-03  0.00000E+00            146.PM 61.  68  66
 267  2.50914E-04  5.94794E-03  5.94794E-03  0.00000E+00            146.PM 61.  69  67
 268  2.42140E-04  5.97098E-03  5.97098E-03  0.00000E+00            146.PM 61.  70  68
 269  6.35926E-02  6.07202E-03  6.07202E-03  0.00000E+00            146.PM 61.  71  69
 270  5.68536E-01  6.07609E-03  6.07609E-03  0.00000E+00            146.PM 61.  72  70
 271  2.65899E-05  6.19238E-03  6.19238E-03  0.00000E+00            146.PM 61.  73  71
 272  1.52155E-04  6.19286E-03  6.19286E-03  0.00000E+00            146.PM 61.  74  72
 273  6.30112E-03  6.15588E-03  6.15588E-03  0.00000E+00            146.PM 61.  75  73
 274  5.01256E-05  6.17258E-03  6.17258E-03  0.00000E+00            146.PM 61.  76  74
 275  4.41732E-05  6.17582E-03  6.17582E-03  0.00000E+00            146.PM 61.  77  75
 291  6.27961E-01  8.64155E-04  8.64155E-04  0.00000E+00            146.PM 61.  78  91
 292  1.67844E-02  1.33619E-04  1.33619E-04  0.00000E+00            146.PM 61.  79  92
 293  1.68484E-06  1.91922E-05  1.91922E-05  0.00000E+00            146.PM 61.  80  93
 294  7.11713E+02  1.51996E-05  1.51996E-05  0.00000E+00            146.PM 61.  81  94
 7 1  2.82094E+00  3.03768E-02  3.03768E-02  0.00000E+00            146.PM 61.  82   1
 7 2  1.35315E+00  3.58432E-02  3.58432E-02  0.00000E+00            146.PM 61.  83   2
 7 3  1.55496E-01  4.13123E-02  4.13123E-02  0.00000E+00            146.PM 61.  84   3
 7 4  9.12993E+00  4.48060E-04  4.48060E-04  0.00000E+00            146.PM 61.  85   4
 7 5  3.60831E+01  4.15094E-03  4.15094E-03  0.00000E+00            146.PM 61.  86   5
 7 6  1.21331E+01  5.10239E-03  5.10239E-03  0.00000E+00            146.PM 61.  87   6
 7 7  1.00859E+00  6.08782E-03  6.08782E-03  0.00000E+00            146.PM 61.  88   7
 7 8  4.17653E+01  1.51212E-04  1.51212E-04  0.00000E+00            146.PM 61.  89   8
 7 9  9.51295E+01  7.10979E-04  7.10979E-04  0.00000E+00            146.PM 61.  90   9
 710  6.54038E+00  8.74171E-04  8.74171E-04  0.00000E+00            146.PM 61.  91  10
 711  1.44399E-01  1.05756E-03  1.05756E-03  0.00000E+00            146.PM 61.  92  11
 712  2.70011E+02  9.39591E-05  9.39591E-05  0.00000E+00            146.PM 61.  93  12
 713  7.24250E+01  7.82390E-05  7.82390E-05  0.00000E+00            146.PM 61.  94  13
 714  7.12704E+01  1.36628E-05  1.36628E-05  0.00000E+00            146.PM 61.  95  14
 715  5.74139E-01  3.48800E-05  3.48800E-05  0.00000E+00            146.PM 61.  96  15
 5 1  2.14056E+00  4.33969E-02  1.61500E-01  0.00000E+00            146.PM 61.  97   1
 5 2  3.18594E+01  2.59739E-01  7.94760E-01  0.00000E+00            146.PM 61.  98   2
 1 1  2.15312E+00  6.33250E-01  6.33250E-01  0.00000E+00            146.PM 61.  99   1
 6 1  4.77766E-03  5.86374E-01  5.86374E-01  1.00000E+00            146.PM 61. 100   1
 6 5  5.64146E-04  6.25548E-01  6.25548E-01  1.00000E+00            146.PM 61. 101   5
 6 6  2.95414E-05  6.25932E-01  6.25932E-01  1.00000E+00            146.PM 61. 102   6
 6 7  3.31031E-05  6.26542E-01  6.26542E-01  1.00000E+00            146.PM 61. 103   7
 6 3  1.33684E-04  6.31842E-01  6.31842E-01  1.00000E+00            146.PM 61. 104   3
 6 4  3.72159E-05  6.33250E-01  6.33250E-01  1.00000E+00            146.PM 61. 105   4
 1 2  3.39932E+01  7.47240E-01  7.47240E-01  0.00000E+00            146.PM 61. 106   2
 6 1  1.35889E-01  7.00364E-01  7.00364E-01  2.00000E+00            146.PM 61. 107   1
 6 5  1.65157E-02  7.39538E-01  7.39538E-01  2.00000E+00            146.PM 61. 108   5
 6 6  2.61301E-03  7.39922E-01  7.39922E-01  2.00000E+00            146.PM 61. 109   6
 6 7  1.40617E-03  7.40532E-01  7.40532E-01  2.00000E+00            146.PM 61. 110   7
 6 3  4.43977E-03  7.45832E-01  7.45832E-01  2.00000E+00            146.PM 61. 111   3
 6 4  1.22752E-03  7.47240E-01  7.47240E-01  2.00000E+00            146.PM 61. 112   4
 2 1  3.74526E-02  3.95578E-02  3.95578E-02  0.00000E+00            146.PM 61. 113   1
 2 2  6.77902E-02  4.01680E-02  4.01680E-02  0.00000E+00            146.PM 61. 114   2
 2 3  6.79337E-03  4.53440E-02  4.53440E-02  0.00000E+00            146.PM 61. 115   3
 2 4  1.31435E-02  4.54683E-02  4.54683E-02  0.00000E+00            146.PM 61. 116   4
 2 5  9.57632E-05  4.57630E-02  4.57630E-02  0.00000E+00            146.PM 61. 117   5
 2 6  1.27202E-04  4.57901E-02  4.57901E-02  0.00000E+00            146.PM 61. 118   6
 2 7  1.47320E-03  4.65986E-02  4.65986E-02  0.00000E+00            146.PM 61. 119   7
 2 8  2.85989E-03  4.66259E-02  4.66259E-02  0.00000E+00            146.PM 61. 120   8
 2 9  2.10254E-05  4.67346E-02  4.67346E-02  0.00000E+00            146.PM 61. 121   9
 210  2.78562E-05  4.67395E-02  4.67395E-02  0.00000E+00            146.PM 61. 122  10
 211  2.97355E-04  4.68462E-02  4.68462E-02  0.00000E+00            146.PM 61. 123  11
 212  6.01478E-04  4.68499E-02  4.68499E-02  0.00000E+00            146.PM 61. 124  12
 221  4.29085E-07  3.84100E-04  3.84100E-04  0.00000E+00            146.PM 61. 125  21
 222  1.66956E-05  9.94400E-04  9.94400E-04  0.00000E+00            146.PM 61. 126  22
 223  4.78977E-04  6.17039E-03  6.17039E-03  0.00000E+00            146.PM 61. 127  23
 224  6.98710E-04  6.29460E-03  6.29460E-03  0.00000E+00            146.PM 61. 128  24
 225  9.55862E-06  6.58940E-03  6.58940E-03  0.00000E+00            146.PM 61. 129  25
 226  1.42968E-05  6.61651E-03  6.61651E-03  0.00000E+00            146.PM 61. 130  26
 227  1.12169E-04  7.42487E-03  7.42487E-03  0.00000E+00            146.PM 61. 131  27
 228  1.69995E-04  7.45223E-03  7.45223E-03  0.00000E+00            146.PM 61. 132  28
 229  1.28697E-06  7.56090E-03  7.56090E-03  0.00000E+00            146.PM 61. 133  29
 230  1.97839E-06  7.56577E-03  7.56577E-03  0.00000E+00            146.PM 61. 134  30
 231  1.58696E-05  7.67250E-03  7.67250E-03  0.00000E+00            146.PM 61. 135  31
 232  2.34388E-05  7.67628E-03  7.67628E-03  0.00000E+00            146.PM 61. 136  32
 241  1.81684E-08  6.10298E-04  6.10298E-04  0.00000E+00            146.PM 61. 137  41
 242  2.41540E-04  5.61810E-03  5.61810E-03  0.00000E+00            146.PM 61. 138  42
 243  4.53119E-06  5.91049E-03  5.91049E-03  0.00000E+00            146.PM 61. 139  43
 244  6.21922E-03  6.20531E-03  6.20531E-03  0.00000E+00            146.PM 61. 140  44
 245  4.45512E-05  6.97541E-03  6.97541E-03  0.00000E+00            146.PM 61. 141  45
 246  8.97526E-07  7.06814E-03  7.06814E-03  0.00000E+00            146.PM 61. 142  46
 247  1.06793E-03  7.17680E-03  7.17680E-03  0.00000E+00            146.PM 61. 143  47
 248  4.95137E-07  7.30882E-03  7.30882E-03  0.00000E+00            146.PM 61. 144  48
 249  7.30610E-06  7.27045E-03  7.27045E-03  0.00000E+00            146.PM 61. 145  49
 250  1.91623E-07  7.29220E-03  7.29220E-03  0.00000E+00            146.PM 61. 146  50
 261  8.31815E-04  5.00780E-03  5.00780E-03  0.00000E+00            146.PM 61. 147  61
 262  5.38046E-06  5.17601E-03  5.17601E-03  0.00000E+00            146.PM 61. 148  62
 263  4.91834E-06  5.30021E-03  5.30021E-03  0.00000E+00            146.PM 61. 149  63
 264  1.09306E-03  5.59500E-03  5.59500E-03  0.00000E+00            146.PM 61. 150  64
 265  9.67014E-03  5.62210E-03  5.62210E-03  0.00000E+00            146.PM 61. 151  65
 266  1.02839E-04  6.36513E-03  6.36513E-03  0.00000E+00            146.PM 61. 152  66
 267  7.63738E-07  6.43047E-03  6.43047E-03  0.00000E+00            146.PM 61. 153  67
 268  7.37697E-07  6.45784E-03  6.45784E-03  0.00000E+00            146.PM 61. 154  68
 269  1.80314E-04  6.56650E-03  6.56650E-03  0.00000E+00            146.PM 61. 155  69
 270  1.61261E-03  6.57141E-03  6.57141E-03  0.00000E+00            146.PM 61. 156  70
 271  1.37464E-07  6.69853E-03  6.69853E-03  0.00000E+00            146.PM 61. 157  71
 272  7.87233E-07  6.69915E-03  6.69915E-03  0.00000E+00            146.PM 61. 158  72
 273  1.84913E-05  6.66014E-03  6.66014E-03  0.00000E+00            146.PM 61. 159  73
 274  1.64952E-07  6.67813E-03  6.67813E-03  0.00000E+00            146.PM 61. 160  74
 275  1.42648E-07  6.68188E-03  6.68188E-03  0.00000E+00            146.PM 61. 161  75
 291  1.91451E-03  9.69094E-04  9.69094E-04  0.00000E+00            146.PM 61. 162  91
 292  4.97469E-05  1.45336E-04  1.45336E-04  0.00000E+00            146.PM 61. 163  92
 293  9.51308E-09  2.08988E-05  2.08988E-05  0.00000E+00            146.PM 61. 164  93
 294  1.62864E+00  1.45256E-05  1.45256E-05  0.00000E+00            146.PM 61. 165  94
 7 1  6.46517E-03  3.25196E-02  3.25196E-02  0.00000E+00            146.PM 61. 166   1
 7 2  3.15012E-03  3.84443E-02  3.84443E-02  0.00000E+00            146.PM 61. 167   2
 7 3  3.67907E-04  4.43732E-02  4.43732E-02  0.00000E+00            146.PM 61. 168   3
 7 4  2.03147E-02  5.03996E-04  5.03996E-04  0.00000E+00            146.PM 61. 169   4
 7 5  8.74238E-02  4.45462E-03  4.45462E-03  0.00000E+00            146.PM 61. 170   5
 7 6  2.98795E-02  5.50412E-03  5.50412E-03  0.00000E+00            146.PM 61. 171   6
 7 7  2.54645E-03  6.58697E-03  6.58697E-03  0.00000E+00            146.PM 61. 172   7
 7 8  1.07991E-01  1.69029E-04  1.69029E-04  0.00000E+00            146.PM 61. 173   8
 7 9  2.34534E-01  8.03550E-04  8.03550E-04  0.00000E+00            146.PM 61. 174   9
 710  1.50021E-02  9.73200E-04  9.73200E-04  0.00000E+00            146.PM 61. 175  10
 711  4.34146E-04  1.15901E-03  1.15901E-03  0.00000E+00            146.PM 61. 176  11
 712  6.80478E-01  1.06733E-04  1.06733E-04  0.00000E+00            146.PM 61. 177  12
 713  1.04267E-01  9.40982E-05  9.40982E-05  0.00000E+00            146.PM 61. 178  13
 714  1.27335E-01  1.51033E-05  1.51033E-05  0.00000E+00            146.PM 61. 179  14
 715  1.01440E-03  3.75601E-05  3.75601E-05  0.00000E+00            146.PM 61. 180  15
%%%% 146 PM  61    EC B-        1.74514E+08 5.53 Y     02-11-2005       SEEIEND 
 


   ***************************************************** 
   *                 Radiation Summary                 * 
   ***************************************************** 
 
  Energy released by
    Gamma-ray                       (MeV) =   7.31055E-01
    X-ray                           (MeV) =   2.00714E-02
    Free-bound X-ray                (MeV) =   1.08414E-04
    Annihilation photon             (MeV) =   0.00000E+00
    Beta+ particle                  (MeV) =   0.00000E+00
    Neutrino                        (MeV) =   4.78372E-01
    Beta- particle                  (MeV) =   8.36802E-02
    Neutrino-                       (MeV) =   1.72983E-01
    Internal conv. electron         (MeV) =   5.66758E-03
    Auger and CK electron           (MeV) =   4.75619E-03
    Alpha particle                  (MeV) =   0.00000E+00
    Recoil nucleus                  (MeV) =   0.00000E+00
  E-total (except unplaced radiat.) (MeV) =   1.49669E+00
  E-unplaced radiation              (MeV) =   0.00000E+00
  Q-value from ENSDF data           (MeV) =   1.49580E+00
  Ratio of E-total/Q-value          ( % ) =   1.00060E+02
  Ratio of E-unplaced radi./Q-value ( % ) =   0.00000E+00

 
  Total yield of
    Gamma-ray                             =   1.24287E+00
    X-ray                                 =   6.00905E-01
    Free-bound X-ray                      =   7.13342E+00
    Annihilation photon                   =   0.00000E+00
    Beta+ particle                        =   0.00000E+00
    Beta- particle                        =   3.40000E-01
    Internal conv. electron               =   1.23144E-02
    Auger and CK electron                 =   6.21966E+00
    Alpha particle                        =   0.00000E+00
  Yield of unplaced radiation             =   0.00000E+00


