%%%% 143 PM  61    EC           2.28960E+07 265 D      02-11-2005       BALASTAR
1 143   PM  61 265 D           EC         
1INTENSITY AND ENERGY BALANCE DATA

              143-PROMETHIUM-61
+                                    HALFLIFE = 265 DAYS    
+                                                                  02-11-2005


    LEVEL       INTENSITY   INTENSITY
    ENERGY      ENTERING    LEAVING     PERCENT
    (MEV)       LEVEL       LEVEL       ERROR

   0.0000E+00  9.9969E+01
   7.4198E-01  3.8700E+01  3.8669E+01  7.9726E-02                      


 INTENSITY TO GROUND AND ISOMERIC STATE(S) OF DAUGHTER(S)=  9.997E+01
 TOTAL INTENSITY FROM PARENT=  1.000E+02
 PERCENT ERROR =  3.085E-02                      


 TOTAL INTENSITY FROM PARENT =  1.000E+02
 VALUE IS WITHIN   0.00E+00% OF 100                      


 TOTAL ENERGY AVAILABLE =  1.041E+00 MEV
 TOTAL ENERGY CONTENT OF ALL RADIATIONS =  1.041E+00 MEV
 PERCENT ERROR =  2.198E-02                      
%%%% 143 PM  61    EC           2.28960E+07 265 D      02-11-2005       BALAEND 
%%%% 143 PM  61    EC           2.28960E+07 265 D      02-11-2005       INPUSTAR
1                                      **INPUT DATA**
              143-PROMETHIUM-61
+                                    HALFLIFE = 265 DAYS    
+                                                                  02-11-2005

            MODE OF DECAY: ELECTRON CAPTURE
 
                                MEAN
                                NUMBER/    TRANSITION
                TYPE OF    ID   TRANSFOR-  ENERGY
              TRANSITION   NO.  MATION     (MEV)       OTHER NUCLEAR PARAMETERS

           ELECT. CAPTURE   1   3.87E-01   2.994E-01   FIRST FORBIDDEN                          
           ELECT. CAPTURE   2   6.13E-01   1.041E+00   FIRST FORBIDDEN                          
           I.C.E. + GAMMA   1   3.87E-01   7.420E-01   E2 MULTIPOLE                             
+                                                                    AK= 0.00370                
 
           - - - - - - - - - -
           Reference: Evaluated Nuclear Structure Data File (ENSDF)
                DATE DATA WERE ENTERED INTO ENSDF: Jan-2002
%%%% 143 PM  61    EC           2.28960E+07 265 D      02-11-2005       INPUEND 
%%%% 143 PM  61    EC           2.28960E+07 265 D      02-11-2005       OUTPSTAR
1                                      **OUTPUT DATA**
              143-PROMETHIUM-61
+                                    HALFLIFE = 265 DAYS    
+                                                                  02-11-2005

            MODE OF DECAY: ELECTRON CAPTURE
 
                                              MEAN
                                              NUMBER/                  MEV/
                                         ID   TRANSFOR-   ENERGY       TRANSFOR-
                  TYPE OF RADIATION      NO.  MATION      (MEV)        MATION

           GAMMA-RAY                      1   3.85E-01    7.420E-01    2.86E-01
           K CONV. ELECTRON, GAMMA-RAY    1   1.43E-03    6.984E-01    9.96E-04
           L1 CONV. ELECTRON, GAMMA-RAY   1   1.71E-04    7.349E-01    1.25E-04
           L2 CONV. ELECTRON, GAMMA-RAY   1   2.45E-05    7.353E-01    1.80E-05
           L3 CONV. ELECTRON, GAMMA-RAY   1   1.39E-05    7.358E-01    1.02E-05
           M CONV. ELECTRON, GAMMA-RAY    1   4.46E-05    7.407E-01*   3.30E-05
           N+ CONV. ELECTRON, GAMMA-RAY   1   1.23E-05    7.420E-01*   9.10E-06
           K -L2 X-RAY                        2.19E-01    3.687E-02    8.07E-03
           K -L3 X-RAY                        3.99E-01    3.740E-02    1.49E-02
           K -M2 X-RAY                        3.94E-02    4.220E-02    1.66E-03
           K -M3 X-RAY                        7.62E-02    4.231E-02    3.23E-03
           K -N2 X-RAY                        8.46E-03    4.334E-02    3.67E-04
           K -N3 X-RAY                        1.64E-02    4.337E-02    7.13E-04
           AUGER KLL                          4.21E-02    3.038E-02*   1.28E-03
           AUGER KLX                          2.02E-02    3.584E-02*   7.24E-04
           AUGER KXY                          2.32E-03    4.131E-02*   9.60E-05
           CK LLX                             1.37E-01    4.482E-04*   6.12E-05
           AUGER LMM                          5.39E-01    4.151E-03*   2.24E-03
           AUGER LMX                          1.81E-01    5.103E-03*   9.25E-04
           AUGER LXY                          1.51E-02    6.088E-03*   9.17E-05
           CK MMX                             6.24E-01    1.512E-04*   9.44E-05
           AUGER MNN                          1.42E+00    7.110E-04*   1.01E-03
           AUGER MNX                          9.77E-02    8.742E-04*   8.54E-05
           CK NNX                             4.03E+00    9.396E-05*   3.79E-04
           AUGER NXY                          1.08E+00    7.824E-05*   8.46E-05
           CK OOX                             1.06E+00    1.366E-05*   1.45E-05
 
           ALL LISTED X-RAYS, GAMMA-RAYS AND ANNIHILATION RADIATION    3.15E-01
           ALL NEGLECTED X-RAYS, GAMMA-RAYS AND ANNIH. RADIATION**     1.11E-03
           ALL LISTED BETAS, INTERNAL CONVERSION AND AUGER ELECTRONS   8.27E-03
           ALL NEGLECTED BETAS, INT. CONVERSION AND AUGER ELECTRONS**  2.58E-06
           ALL LISTED RADIATIONS                                       3.23E-01
           ALL NEGLECTED RADIATIONS**                                  1.11E-03
 
           *  AVERAGE ENERGY (MEV)
           ** EACH NEGLECTED TRANSITION CONTRIBUTES LESS THAN  0.100%
              TO THE TOTAL MEV/TRANSFORMATION FOR THIS CATEGORY.
           TOTAL FEEDING OF GROUND STATE LEVEL IN 143-NEODYMIUM
             DAUGHTER IS 1.0000E+00 PER TRANSFORMATION OF 143-PROMETHIUM.
             THIS DAUGHTER GROUND STATE IS STABLE.
           - - - - - - - - - -
           INPUT DATA SOURCE: EVALUATED NUCLEAR STRUCTURE DATA FILE (ENSDF)
             DATE INPUT DATA WERE ENTERED INTO ENSDF: Jan-2002
%%%% 143 PM  61    EC           2.28960E+07 265 D      02-11-2005       OUTPEND 
%%%% 143 PM  61    EC           2.28960E+07 265 D      02-11-2005       SEEISTAR
143.  PROMETHIUM   61.  2.650E+02 DAYS      75 EC                   143.PM 61.   0
 1 1  3.85000E+01  7.41980E-01  7.41980E-01  0.00000E+00            143.PM 61.   1   1
 6 1  1.42567E-01  6.98383E-01  6.98383E-01  1.00000E+00            143.PM 61.   2   1
 6 5  1.70697E-02  7.34887E-01  7.34887E-01  1.00000E+00            143.PM 61.   3   5
 6 6  2.45014E-03  7.35253E-01  7.35253E-01  1.00000E+00            143.PM 61.   4   6
 6 7  1.38651E-03  7.35779E-01  7.35779E-01  1.00000E+00            143.PM 61.   5   7
 6 3  4.45836E-03  7.40693E-01  7.40693E-01  1.00000E+00            143.PM 61.   6   3
 6 4  1.22668E-03  7.41980E-01  7.41980E-01  1.00000E+00            143.PM 61.   7   4
 2 1  2.18968E+01  3.68696E-02  3.68696E-02  0.00000E+00            143.PM 61.   8   1
 2 2  3.98768E+01  3.73962E-02  3.73962E-02  0.00000E+00            143.PM 61.   9   2
 2 3  3.93918E+00  4.22041E-02  4.22041E-02  0.00000E+00            143.PM 61.  10   3
 2 4  7.62265E+00  4.23100E-02  4.23100E-02  0.00000E+00            143.PM 61.  11   4
 2 5  5.10789E-02  4.25898E-02  4.25898E-02  0.00000E+00            143.PM 61.  12   5
 2 6  6.83285E-02  4.26126E-02  4.26126E-02  0.00000E+00            143.PM 61.  13   6
 2 7  8.45860E-01  4.33442E-02  4.33442E-02  0.00000E+00            143.PM 61.  14   7
 2 8  1.64387E+00  4.33673E-02  4.33673E-02  0.00000E+00            143.PM 61.  15   8
 2 9  1.10023E-02  4.34682E-02  4.34682E-02  0.00000E+00            143.PM 61.  16   9
 210  1.46951E-02  4.34723E-02  4.34723E-02  0.00000E+00            143.PM 61.  17  10
 211  1.58807E-01  4.35688E-02  4.35688E-02  0.00000E+00            143.PM 61.  18  11
 212  3.14265E-01  4.35720E-02  4.35720E-02  0.00000E+00            143.PM 61.  19  12
 221  3.15226E-04  3.65900E-04  3.65900E-04  0.00000E+00            143.PM 61.  20  21
 222  1.01819E-02  8.92600E-04  8.92600E-04  0.00000E+00            143.PM 61.  21  22
 223  3.14503E-01  5.70049E-03  5.70049E-03  0.00000E+00            143.PM 61.  22  23
 224  4.68530E-01  5.80620E-03  5.80620E-03  0.00000E+00            143.PM 61.  23  24
 225  5.85755E-03  6.08600E-03  6.08600E-03  0.00000E+00            143.PM 61.  24  25
 226  8.75826E-03  6.10898E-03  6.10898E-03  0.00000E+00            143.PM 61.  25  26
 227  7.29358E-02  6.84054E-03  6.84054E-03  0.00000E+00            143.PM 61.  26  27
 228  1.12610E-01  6.86358E-03  6.86358E-03  0.00000E+00            143.PM 61.  27  28
 229  7.83322E-04  6.96462E-03  6.96462E-03  0.00000E+00            143.PM 61.  28  29
 230  1.20146E-03  6.96868E-03  6.96868E-03  0.00000E+00            143.PM 61.  29  30
 231  1.05293E-02  7.06518E-03  7.06518E-03  0.00000E+00            143.PM 61.  30  31
 232  1.59141E-02  7.06842E-03  7.06842E-03  0.00000E+00            143.PM 61.  31  32
 241  7.06434E-06  5.26700E-04  5.26700E-04  0.00000E+00            143.PM 61.  32  41
 242  1.33529E-01  5.17559E-03  5.17559E-03  0.00000E+00            143.PM 61.  33  42
 243  2.33242E-03  5.44030E-03  5.44030E-03  0.00000E+00            143.PM 61.  34  43
 244  3.17789E+00  5.72010E-03  5.72010E-03  0.00000E+00            143.PM 61.  35  44
 245  2.32524E-02  6.41383E-03  6.41383E-03  0.00000E+00            143.PM 61.  36  45
 246  4.20601E-04  6.49767E-03  6.49767E-03  0.00000E+00            143.PM 61.  37  46
 247  5.37851E-01  6.59872E-03  6.59872E-03  0.00000E+00            143.PM 61.  38  47
 248  1.38140E-04  6.71907E-03  6.71907E-03  0.00000E+00            143.PM 61.  39  48
 249  3.63949E-03  6.68259E-03  6.68259E-03  0.00000E+00            143.PM 61.  40  49
 250  8.38204E-05  6.70252E-03  6.70252E-03  0.00000E+00            143.PM 61.  41  50
 261  4.70873E-01  4.64891E-03  4.64891E-03  0.00000E+00            143.PM 61.  42  61
 262  2.90171E-03  4.80789E-03  4.80789E-03  0.00000E+00            143.PM 61.  43  62
 263  2.67885E-03  4.91360E-03  4.91360E-03  0.00000E+00            143.PM 61.  44  63
 264  5.81818E-01  5.19339E-03  5.19339E-03  0.00000E+00            143.PM 61.  45  64
 265  5.14974E+00  5.21638E-03  5.21638E-03  0.00000E+00            143.PM 61.  46  65
 266  5.37179E-02  5.88711E-03  5.88711E-03  0.00000E+00            143.PM 61.  47  66
 267  3.74709E-04  5.94794E-03  5.94794E-03  0.00000E+00            143.PM 61.  48  67
 268  3.61607E-04  5.97098E-03  5.97098E-03  0.00000E+00            143.PM 61.  49  68
 269  9.49679E-02  6.07202E-03  6.07202E-03  0.00000E+00            143.PM 61.  50  69
 270  8.49040E-01  6.07608E-03  6.07608E-03  0.00000E+00            143.PM 61.  51  70
 271  3.97088E-05  6.19238E-03  6.19238E-03  0.00000E+00            143.PM 61.  52  71
 272  2.27225E-04  6.19286E-03  6.19286E-03  0.00000E+00            143.PM 61.  53  72
 273  9.40995E-03  6.15588E-03  6.15588E-03  0.00000E+00            143.PM 61.  54  73
 274  7.48565E-05  6.17258E-03  6.17258E-03  0.00000E+00            143.PM 61.  55  74
 275  6.59674E-05  6.17582E-03  6.17582E-03  0.00000E+00            143.PM 61.  56  75
 291  9.37953E-01  8.64166E-04  8.64166E-04  0.00000E+00            143.PM 61.  57  91
 292  2.50750E-02  1.33621E-04  1.33621E-04  0.00000E+00            143.PM 61.  58  92
 293  2.51693E-06  1.91922E-05  1.91922E-05  0.00000E+00            143.PM 61.  59  93
 294  1.06319E+03  1.51996E-05  1.51996E-05  0.00000E+00            143.PM 61.  60  94
 7 1  4.21362E+00  3.03768E-02  3.03768E-02  0.00000E+00            143.PM 61.  61   1
 7 2  2.02119E+00  3.58432E-02  3.58432E-02  0.00000E+00            143.PM 61.  62   2
 7 3  2.32264E-01  4.13124E-02  4.13124E-02  0.00000E+00            143.PM 61.  63   3
 7 4  1.36628E+01  4.48206E-04  4.48206E-04  0.00000E+00            143.PM 61.  64   4
 7 5  5.38944E+01  4.15104E-03  4.15104E-03  0.00000E+00            143.PM 61.  65   5
 7 6  1.81224E+01  5.10252E-03  5.10252E-03  0.00000E+00            143.PM 61.  66   6
 7 7  1.50648E+00  6.08798E-03  6.08798E-03  0.00000E+00            143.PM 61.  67   7
 7 8  6.24038E+01  1.51206E-04  1.51206E-04  0.00000E+00            143.PM 61.  68   8
 7 9  1.42089E+02  7.10986E-04  7.10986E-04  0.00000E+00            143.PM 61.  69   9
 710  9.76919E+00  8.74189E-04  8.74189E-04  0.00000E+00            143.PM 61.  70  10
 711  2.15694E-01  1.05758E-03  1.05758E-03  0.00000E+00            143.PM 61.  71  11
 712  4.03362E+02  9.39584E-05  9.39584E-05  0.00000E+00            143.PM 61.  72  12
 713  1.08188E+02  7.82421E-05  7.82421E-05  0.00000E+00            143.PM 61.  73  13
 714  1.06469E+02  1.36628E-05  1.36628E-05  0.00000E+00            143.PM 61.  74  14
 715  8.57688E-01  3.48800E-05  3.48800E-05  0.00000E+00            143.PM 61.  75  15
%%%% 143 PM  61    EC           2.28960E+07 265 D      02-11-2005       SEEIEND 
 


   ***************************************************** 
   *                 Radiation Summary                 * 
   ***************************************************** 
 
  Energy released by
    Gamma-ray                       (MeV) =   2.85662E-01
    X-ray                           (MeV) =   2.98983E-02
    Free-bound X-ray                (MeV) =   1.61600E-04
    Annihilation photon             (MeV) =   0.00000E+00
    Beta+ particle                  (MeV) =   0.00000E+00
    Neutrino                        (MeV) =   7.15533E-01
    Beta- particle                  (MeV) =   0.00000E+00
    Neutrino-                       (MeV) =   0.00000E+00
    Internal conv. electron         (MeV) =   1.19145E-03
    Auger and CK electron           (MeV) =   7.08596E-03
    Alpha particle                  (MeV) =   0.00000E+00
    Recoil nucleus                  (MeV) =   0.00000E+00
  E-total (except unplaced radiat.) (MeV) =   1.03953E+00
  E-unplaced radiation              (MeV) =   0.00000E+00
  Q-value from ENSDF data           (MeV) =   1.04140E+00
  Ratio of E-total/Q-value          ( % ) =   9.98207E+01
  Ratio of E-unplaced radi./Q-value ( % ) =   0.00000E+00

 
  Total yield of
    Gamma-ray                             =   3.85000E-01
    X-ray                                 =   8.95240E-01
    Free-bound X-ray                      =   1.06319E+01
    Annihilation photon                   =   0.00000E+00
    Beta+ particle                        =   0.00000E+00
    Beta- particle                        =   0.00000E+00
    Internal conv. electron               =   1.69158E-03
    Auger and CK electron                 =   9.27007E+00
    Alpha particle                        =   0.00000E+00
  Yield of unplaced radiation             =   0.00000E+00


