%%%% 140 PM  61 M  EC B+        3.57000E+02 5.95 M     18-07-2007       BALASTAR
1 140M  PM  61 5.95 M          EC B+      
1INTENSITY AND ENERGY BALANCE DATA

              140M-PROMETHIUM-61
+                                    HALFLIFE = 5.95 MINUTES 
+                                                                  18-07-2007


    LEVEL       INTENSITY   INTENSITY
    ENERGY      ENTERING    LEAVING     PERCENT
    (MEV)       LEVEL       LEVEL       ERROR

   0.0000E+00  1.0040E+02
   7.7374E-01  1.0021E+02  1.0040E+02  1.8527E-01                      
   1.8019E+00  9.8768E+01  1.0021E+02  1.4522E+00                      
   2.2215E+00  9.8678E+01  9.7562E+01  1.1377E+00                      
   2.2760E+00  9.8258E-01  1.0045E+00  2.2041E+00                      
   2.3664E+00  8.4825E-01  8.3996E-01  9.8275E-01                      
   2.8421E+00  2.9427E-01  2.9399E-01  9.4788E-02                      
   2.9434E+00  4.0589E-01  4.0335E-01  6.2821E-01                      
   3.0614E+00  7.1031E-01  7.0302E-01  1.0312E+00                      
   3.2393E+00  4.5663E-01  4.5151E-01  1.1277E+00                      
   3.4190E+00  3.9049E+00  3.8087E+00  2.4932E+00                      
   3.6733E+00  4.8707E-01  4.8057E-01  1.3435E+00                      
   4.3497E+00  1.5221E-01  1.5040E-01  1.1985E+00                      
   4.3672E+00  7.6003E-01  7.5038E-01  1.2771E+00                      


 INTENSITY TO GROUND AND ISOMERIC STATE(S) OF DAUGHTER(S)=  1.004E+02
 TOTAL INTENSITY FROM PARENT=  1.000E+02
 PERCENT ERROR =  3.970E-01                      


 TOTAL INTENSITY FROM PARENT =  1.000E+02
 VALUE IS WITHIN   7.63E-06% OF 100                      


 TOTAL ENERGY AVAILABLE =  6.465E+00 MEV
 TOTAL ENERGY CONTENT OF ALL RADIATIONS =  6.463E+00 MEV
 PERCENT ERROR =  2.356E-02                      
%%%% 140 PM  61 M  EC B+        3.57000E+02 5.95 M     18-07-2007       BALAEND 
%%%% 140 PM  61 M  EC B+        3.57000E+02 5.95 M     18-07-2007       INPUSTAR
1                                      **INPUT DATA**
              140M-PROMETHIUM-61
+                                    HALFLIFE = 5.95 MINUTES 
+                                                                  18-07-2007

            MODES OF DECAY: ELECTRON CAPTURE, BETA PLUS
 
                                MEAN
                                NUMBER/    TRANSITION
                TYPE OF    ID   TRANSFOR-  ENERGY
              TRANSITION   NO.  MATION     (MEV)       OTHER NUCLEAR PARAMETERS

           ELECT. CAPTURE   1   7.10E-03   2.098E+00   ALLOWED                                  
+                                                              ASSUMED                          
           ELECT. CAPTURE   2   1.42E-03   2.115E+00   ALLOWED                                  
+                                                              ASSUMED                          
           ELECT. CAPTURE   3   3.55E-03   2.792E+00   ALLOWED                                  
           ELECT. CAPTURE   4   2.44E-02   3.046E+00   ALLOWED                                  
           ELECT. CAPTURE   5   2.64E-03   3.226E+00   ALLOWED                                  
           ELECT. CAPTURE   6   3.75E-03   3.404E+00   ALLOWED                                  
           ELECT. CAPTURE   7   1.93E-03   3.522E+00   ALLOWED                                  
+                                                              ASSUMED                          
           ELECT. CAPTURE   8   1.32E-03   3.623E+00   SECOND FORBIDDEN                         
           ELECT. CAPTURE   9   1.83E-03   4.099E+00   UNIQUE FIRST FORBIDDEN                   
           ELECT. CAPTURE  10   3.04E-04   4.189E+00   UNIQUE SECOND FORBIDDEN                  
           ELECT. CAPTURE  11   2.84E-01   4.243E+00   ALLOWED                                  
                BETA PLUS   1   4.97E-04   1.076E+00*  ALLOWED                                  
+                                                              ASSUMED                          
                BETA PLUS   2   1.01E-04   1.093E+00*  ALLOWED                                  
+                                                              ASSUMED                          
                BETA PLUS   3   1.32E-03   1.770E+00*  ALLOWED                                  
                BETA PLUS   4   1.32E-02   2.024E+00*  ALLOWED                                  
                BETA PLUS   5   1.93E-03   2.204E+00*  ALLOWED                                  
                BETA PLUS   6   3.35E-03   2.382E+00*  ALLOWED                                  
                BETA PLUS   7   2.13E-03   2.500E+00*  ALLOWED                                  
+                                                              ASSUMED                          
                BETA PLUS   8   1.62E-03   2.601E+00*  SECOND FORBIDDEN                         
                BETA PLUS   9   3.55E-03   3.077E+00*  UNIQUE FIRST FORBIDDEN                   
                BETA PLUS  10   7.10E-04   3.167E+00*  UNIQUE SECOND FORBIDDEN                  
                BETA PLUS  11   6.39E-01   3.221E+00*  ALLOWED                                  
           I.C.E. + GAMMA   1   2.55E-03   9.040E-02   E1 MULTIPOLE                             
+                                                                    AK= 0.289                  
                                                       AL1=0.0292    AL2=0.00571                
                                                       AL3=0.00748   AM= 0.00897                
                                                       AN+=0.00241                              
           I.C.E. + GAMMA   2   3.83E-03   1.448E-01   E1 MULTIPOLE                             
+                                                                    AK= 0.0803                 
                                                       AL1=0.00857   AL2=0.00118                
                                                       AL3=0.00147   AM= 0.00237                
           I.C.E. + GAMMA   3   1.40E-02   2.579E-01   UNPLACED GAMMA                           
           I.C.E. + GAMMA   4   9.76E-01   4.196E-01   E3 MULTIPOLE                             
+                                                                    AK= 0.0439                 
                                                       AL1=0.00527   AL2=0.00512                
                                                       AL3=0.00245   AM= 0.00289                
           I.C.E. + GAMMA   5   1.00E-02   4.742E-01   E1 MULTIPOLE                             
+                                                                    AK= 0.00384                
           I.C.E. + GAMMA   6   2.02E-03   5.645E-01   E2 MULTIPOLE                             
+                                                                    AK= 0.00716                
           I.C.E. + GAMMA   7   2.94E-03   5.661E-01   M1 MULTIPOLE                             
+                                                                    AK= 0.0118                 
                                                       AL1=0.00148                              
           I.C.E. + GAMMA   8   4.00E-03   6.351E-01   UNPLACED GAMMA                           
           I.C.E. + GAMMA   9   5.00E-03   6.518E-01   UNPLACED GAMMA                           
           I.C.E. + GAMMA  10   2.02E-03   6.679E-01   M1 MULTIPOLE ASSUMED                     
                                                       AK= 0.00784                              
           I.C.E. + GAMMA  11   2.00E-03   6.950E-01   E1 MULTIPOLE                             
+                                                                    AK= 0.00166                
           I.C.E. + GAMMA  12   2.02E-03   7.217E-01   M1 MULTIPOLE ASSUMED                     
                                                       AK= 0.00649                              
           I.C.E. + GAMMA  13   1.00E+00   7.737E-01   E2 MULTIPOLE                             
+                                                                    AK= 0.00336                
           I.C.E. + GAMMA  14   5.03E-03   8.399E-01   M1 MULTIPOLE                             
+                                                                    AK= 0.00451                
           I.C.E. + GAMMA  15   5.00E-03   8.804E-01   UNPLACED GAMMA                           
           I.C.E. + GAMMA  16   1.50E-03   9.307E-01   E2 MULTIPOLE ASSUMED                     
                                                       AK= 0.00224                              
           I.C.E. + GAMMA  17   4.52E-03   1.018E+00   M1 MULTIPOLE                             
+                                                                    AK= 0.00287                
           I.C.E. + GAMMA  18   1.00E+00   1.028E+00   E2 MULTIPOLE                             
+                                                                    AK= 0.00181                
           I.C.E. + GAMMA  19   2.00E-03   1.110E+00   UNPLACED GAMMA                           
           I.C.E. + GAMMA  20   3.81E-02   1.198E+00   M1 MULTIPOLE                             
+                                                                    AK= 0.00197                
           I.C.E. + GAMMA  21   1.00E-02   1.262E+00   UNPLACED GAMMA                           
           I.C.E. + GAMMA  22   1.10E-03   1.307E+00   E1 MULTIPOLE                             
           I.C.E. + GAMMA  23   1.30E-03   1.397E+00   E2 MULTIPOLE                             
           I.C.E. + GAMMA  24   2.40E-03   1.452E+00   M1 MULTIPOLE                             
+                                                                    AK= 0.00127                
           I.C.E. + GAMMA  25   1.20E-03   1.486E+00   UNPLACED GAMMA                           
           I.C.E. + GAMMA  26   3.00E-03   1.734E+00   UNPLACED GAMMA                           
           I.C.E. + GAMMA  27   2.00E-03   1.838E+00   UNPLACED GAMMA                           
           I.C.E. + GAMMA  28   4.00E-03   1.907E+00   UNPLACED GAMMA                           
           I.C.E. + GAMMA  29   2.20E-03   1.957E+00   UNPLACED GAMMA                           
           I.C.E. + GAMMA  30   7.50E-03   2.146E+00   E2 MULTIPOLE ASSUMED                     
           I.C.E. + GAMMA  31   2.00E-03   2.240E+00   UNPLACED GAMMA                           
           I.C.E. + GAMMA  32   1.40E-03   2.248E+00   UNPLACED GAMMA                           
           I.C.E. + GAMMA  33   2.00E-04   2.408E+00   UNPLACED GAMMA                           
 
           * ENDPOINT ENERGY (MEV)
           - - - - - - - - - -
           Reference: Evaluated Nuclear Structure Data File (ENSDF)
                DATE DATA WERE ENTERED INTO ENSDF: Jan-1995
%%%% 140 PM  61 M  EC B+        3.57000E+02 5.95 M     18-07-2007       INPUEND 
%%%% 140 PM  61 M  EC B+        3.57000E+02 5.95 M     18-07-2007       OUTPSTAR
1                                      **OUTPUT DATA**
              140M-PROMETHIUM-61
+                                    HALFLIFE = 5.95 MINUTES 
+                                                                  18-07-2007

            MODES OF DECAY: ELECTRON CAPTURE, BETA PLUS
 
                                              MEAN
                                              NUMBER/                  MEV/
                                         ID   TRANSFOR-   ENERGY       TRANSFOR-
                  TYPE OF RADIATION      NO.  MATION      (MEV)        MATION

           BETA PLUS                      1   4.97E-04    4.884E-01*   2.43E-04
           BETA PLUS                      3   1.32E-03    7.973E-01*   1.05E-03
           BETA PLUS                      4   1.32E-02    9.120E-01*   1.20E-02
           BETA PLUS                      5   1.93E-03    9.936E-01*   1.92E-03
           BETA PLUS                      6   3.35E-03    1.075E+00*   3.60E-03
           BETA PLUS                      7   2.13E-03    1.129E+00*   2.40E-03
           BETA PLUS                      8   1.62E-03    1.178E+00*   1.91E-03
           BETA PLUS                      9   3.55E-03    1.391E+00*   4.94E-03
           BETA PLUS                     10   7.10E-04    1.447E+00*   1.03E-03
           BETA PLUS                     11   6.39E-01    1.462E+00*   9.34E-01
           ANNIHILATION RADIATION             1.34E+00    5.110E-01    6.82E-01
           GAMMA-RAY                      2   3.50E-03    1.448E-01    5.07E-04
           GAMMA-RAY                      3   1.40E-02    2.579E-01    3.61E-03
           GAMMA-RAY                      4   9.20E-01    4.196E-01    3.86E-01
           K CONV. ELECTRON, GAMMA-RAY    4   4.04E-02    3.760E-01    1.52E-02
           L1 CONV. ELECTRON, GAMMA-RAY   4   4.85E-03    4.125E-01    2.00E-03
           L2 CONV. ELECTRON, GAMMA-RAY   4   4.71E-03    4.128E-01    1.95E-03
           L3 CONV. ELECTRON, GAMMA-RAY   4   2.26E-03    4.134E-01    9.34E-04
           M CONV. ELECTRON, GAMMA-RAY    4   2.66E-03    4.183E-01*   1.11E-03
           N+ CONV. ELECTRON, GAMMA-RAY   4   7.08E-04    4.196E-01*   2.97E-04
           GAMMA-RAY                      5   1.00E-02    4.742E-01    4.74E-03
           GAMMA-RAY                      6   2.00E-03    5.645E-01    1.13E-03
           GAMMA-RAY                      7   2.90E-03    5.661E-01    1.64E-03
           GAMMA-RAY                      8   4.00E-03    6.351E-01    2.54E-03
           GAMMA-RAY                      9   5.00E-03    6.518E-01    3.26E-03
           GAMMA-RAY                     10   2.00E-03    6.679E-01    1.34E-03
           GAMMA-RAY                     11   2.00E-03    6.950E-01    1.39E-03
           GAMMA-RAY                     12   2.00E-03    7.217E-01    1.44E-03
           GAMMA-RAY                     13   1.00E+00    7.737E-01    7.74E-01
           K CONV. ELECTRON, GAMMA-RAY   13   3.36E-03    7.301E-01    2.46E-03
           L1 CONV. ELECTRON, GAMMA-RAY  13   4.03E-04    7.666E-01    3.09E-04
           GAMMA-RAY                     14   5.00E-03    8.399E-01    4.20E-03
           GAMMA-RAY                     15   5.00E-03    8.804E-01    4.40E-03
           GAMMA-RAY                     16   1.50E-03    9.307E-01    1.40E-03
           GAMMA-RAY                     17   4.50E-03    1.018E+00    4.58E-03
           GAMMA-RAY                     18   1.00E+00    1.028E+00    1.03E+00
           K CONV. ELECTRON, GAMMA-RAY   18   1.81E-03    9.846E-01    1.78E-03
           L1 CONV. ELECTRON, GAMMA-RAY  18   2.18E-04    1.021E+00    2.23E-04
           GAMMA-RAY                     19   2.00E-03    1.110E+00    2.22E-03
           GAMMA-RAY                     20   3.80E-02    1.198E+00    4.55E-02
           GAMMA-RAY                     21   1.00E-02    1.262E+00    1.26E-02
           GAMMA-RAY                     22   1.10E-03    1.307E+00    1.44E-03
           GAMMA-RAY                     23   1.30E-03    1.397E+00    1.82E-03
           GAMMA-RAY                     24   2.40E-03    1.452E+00    3.48E-03
           GAMMA-RAY                     25   1.20E-03    1.486E+00    1.78E-03
           GAMMA-RAY                     26   3.00E-03    1.734E+00    5.20E-03
           GAMMA-RAY                     27   2.00E-03    1.838E+00    3.68E-03
           GAMMA-RAY                     28   4.00E-03    1.907E+00    7.63E-03
           GAMMA-RAY                     29   2.20E-03    1.957E+00    4.31E-03
           GAMMA-RAY                     30   7.50E-03    2.146E+00    1.61E-02
           GAMMA-RAY                     31   2.00E-03    2.240E+00    4.48E-03
           GAMMA-RAY                     32   1.40E-03    2.248E+00    3.15E-03
           GAMMA-RAY                     33   2.00E-04    2.408E+00    4.82E-04
           K -L2 X-RAY                        8.67E-02    3.687E-02    3.20E-03
           K -L3 X-RAY                        1.58E-01    3.740E-02    5.90E-03
           K -M2 X-RAY                        1.56E-02    4.220E-02    6.58E-04
           K -M3 X-RAY                        3.02E-02    4.231E-02    1.28E-03
           AUGER KLL                          1.67E-02    3.038E-02*   5.07E-04
           AUGER KLX                          8.00E-03    3.584E-02*   2.87E-04
           AUGER LMM                          2.13E-01    4.148E-03*   8.83E-04
           AUGER LMX                          7.16E-02    5.099E-03*   3.65E-04
           AUGER MNN                          5.61E-01    7.108E-04*   3.99E-04
           CK NNX                             1.58E+00    9.398E-05*   1.49E-04
 
           ALL LISTED X-RAYS, GAMMA-RAYS AND ANNIHILATION RADIATION    3.03E+00
           ALL NEGLECTED X-RAYS, GAMMA-RAYS AND ANNIH. RADIATION**     1.04E-03
           ALL LISTED BETAS, INTERNAL CONVERSION AND AUGER ELECTRONS   9.92E-01
           ALL NEGLECTED BETAS, INT. CONVERSION AND AUGER ELECTRONS**  8.26E-04
           ALL LISTED RADIATIONS                                       4.02E+00
           ALL NEGLECTED RADIATIONS**                                  1.86E-03
 
           *  AVERAGE ENERGY (MEV)
           ** EACH NEGLECTED TRANSITION CONTRIBUTES LESS THAN  0.010%
              TO THE TOTAL MEV/TRANSFORMATION FOR THIS CATEGORY.
           TOTAL FEEDING OF GROUND STATE LEVEL IN 140-NEODYMIUM
             DAUGHTER IS 1.0000E+00  PER TRANSFORMATION OF 140M-PROMETHIUM.
             DECAY OF THIS 3.37 DAYS HALFLIFE LEVEL WILL CONTRIBUTE TO DOSE.
           - - - - - - - - - -
           INPUT DATA SOURCE: EVALUATED NUCLEAR STRUCTURE DATA FILE (ENSDF)
             DATE INPUT DATA WERE ENTERED INTO ENSDF: Jan-1995
%%%% 140 PM  61 M  EC B+        3.57000E+02 5.95 M     18-07-2007       OUTPEND 
%%%% 140 PM  61 M  EC B+        3.57000E+02 5.95 M     18-07-2007       BETASTAR
1
              140M-PROMETHIUM-61
+                                    HALFLIFE = 5.95 MINUTES 
+                                                                  18-07-2007

            BETA SPECTRUM DATA FOR ALL DECAY BRANCHES

                      BETAS PER                BETAS PER                BETAS PER
            ENERGY    MEV            ENERGY    MEV            ENERGY    MEV
            (MEV)     PER DECAY      (MEV)     PER DECAY      (MEV)     PER DECAY

            0.00000   0.000E+00      0.00320   1.651E-07      0.12000   2.778E-02
            0.00010   0.000E+00      0.00360   3.368E-07      0.13000   3.192E-02
            0.00011   0.000E+00      0.00400   6.091E-07      0.14000   3.616E-02
            0.00012   0.000E+00      0.00450   1.131E-06      0.15000   4.050E-02
            0.00013   0.000E+00      0.00500   1.903E-06      0.16000   4.491E-02
            0.00014   0.000E+00      0.00550   2.977E-06      0.18000   5.389E-02
            0.00015   0.000E+00      0.00600   4.405E-06      0.20000   6.303E-02
            0.00016   0.000E+00      0.00650   6.237E-06      0.22000   7.225E-02
            0.00018   0.000E+00      0.00700   8.524E-06      0.24000   8.152E-02
            0.00020   0.000E+00      0.00750   1.131E-05      0.26000   9.079E-02
            0.00022   0.000E+00      0.00800   1.465E-05      0.28000   1.000E-01
            0.00024   0.000E+00      0.00850   1.859E-05      0.30000   1.092E-01
            0.00026   0.000E+00      0.00900   2.317E-05      0.32000   1.184E-01
            0.00028   0.000E+00      0.01000   3.444E-05      0.36000   1.364E-01
            0.00030   0.000E+00      0.01100   4.881E-05      0.40000   1.540E-01
            0.00032   0.000E+00      0.01200   6.658E-05      0.45000   1.752E-01
            0.00036   0.000E+00      0.01300   8.805E-05      0.50000   1.957E-01
            0.00040   4.819E-27      0.01400   1.135E-04      0.55000   2.151E-01
            0.00045   1.413E-24      0.01500   1.432E-04      0.60000   2.336E-01
            0.00050   1.593E-22      0.01600   1.773E-04      0.65000   2.510E-01
            0.00055   8.176E-21      0.01800   2.597E-04      0.70000   2.672E-01
            0.00060   2.218E-19      0.02000   3.620E-04      0.75000   2.823E-01
            0.00065   3.597E-18      0.02200   4.853E-04      0.80000   2.963E-01
            0.00070   3.854E-17      0.02400   6.304E-04      0.85000   3.090E-01
            0.00075   2.951E-16      0.02600   7.979E-04      0.90000   3.205E-01
            0.00080   1.718E-15      0.02800   9.879E-04      1.00000   3.398E-01
            0.00085   7.987E-15      0.03000   1.201E-03      1.10000   3.541E-01
            0.00090   3.082E-14      0.03200   1.436E-03      1.20000   3.634E-01
            0.00100   2.952E-13      0.03600   1.975E-03      1.30000   3.676E-01
            0.00110   1.809E-12      0.04000   2.603E-03      1.40000   3.669E-01
            0.00120   7.994E-12      0.04500   3.507E-03      1.50000   3.615E-01
            0.00130   2.764E-11      0.05000   4.536E-03      1.60000   3.517E-01
            0.00140   7.912E-11      0.05500   5.682E-03      1.80000   3.205E-01
            0.00150   1.954E-10      0.06000   6.936E-03      2.00000   2.768E-01
            0.00160   4.291E-10      0.06500   8.291E-03      2.20000   2.243E-01
            0.00180   1.581E-09      0.07000   9.737E-03      2.40000   1.663E-01
            0.00200   4.481E-09      0.07500   1.127E-02      2.60000   1.082E-01
            0.00220   1.054E-08      0.08000   1.287E-02      2.80000   5.607E-02
            0.00240   2.161E-08      0.08500   1.455E-02      3.00000   1.728E-02
            0.00260   3.994E-08      0.09000   1.629E-02      3.20000   1.807E-04
            0.00280   6.807E-08      0.10000   1.994E-02      3.22150   0.000E+00
            0.00300   1.088E-07      0.11000   2.378E-02

            AVERAGE BETA ENERGY =   1.443E+00

            TOTAL BETAS PER DECAY FOR ALL BRANCHES =   6.677E-01
%%%% 140 PM  61 M  EC B+        3.57000E+02 5.95 M     18-07-2007       BETAEND 
%%%% 140 PM  61 M  EC B+        3.57000E+02 5.95 M     18-07-2007       SEEISTAR
140.M PROMETHIUM   61.  5.950E+00 MINUTES  227 EC B+                140.PM 61.   0
 4 1  4.97215E-02  4.88398E-01  1.07580E+00  0.00000E+00            140.PM 61.   1   1
 4 2  1.01472E-02  4.96112E-01  1.09330E+00  0.00000E+00            140.PM 61.   2   2
 4 3  1.31914E-01  7.97287E-01  1.76970E+00  0.00000E+00            140.PM 61.   3   3
 4 4  1.31914E+00  9.12030E-01  2.02400E+00  0.00000E+00            140.PM 61.   4   4
 4 5  1.92797E-01  9.93573E-01  2.20370E+00  0.00000E+00            140.PM 61.   5   5
 4 6  3.34859E-01  1.07465E+00  2.38160E+00  0.00000E+00            140.PM 61.   6   6
 4 7  2.13092E-01  1.12862E+00  2.49960E+00  0.00000E+00            140.PM 61.   7   7
 4 8  1.62356E-01  1.17779E+00  2.60090E+00  1.00000E+00            140.PM 61.   8   8
 4 9  3.55153E-01  1.39084E+00  3.07660E+00  1.00000E+00            140.PM 61.   9   9
 410  7.10307E-02  1.44705E+00  3.16700E+00  2.00000E+00            140.PM 61.  10  10
 411  6.39276E+01  1.46161E+00  3.22150E+00  0.00000E+00            140.PM 61.  11  11
 3 3  1.33536E+02  5.11000E-01  5.11000E-01  0.00000E+00            140.PM 61.  12   3
 1 1  1.90000E-01  9.04000E-02  9.04000E-02  0.00000E+00            140.PM 61.  13   1
 6 1  5.49203E-02  4.68030E-02  4.68030E-02  1.00000E+00            140.PM 61.  14   1
 6 5  5.54784E-03  8.33067E-02  8.33067E-02  1.00000E+00            140.PM 61.  15   5
 6 6  1.08442E-03  8.36726E-02  8.36726E-02  1.00000E+00            140.PM 61.  16   6
 6 7  1.42072E-03  8.41993E-02  8.41993E-02  1.00000E+00            140.PM 61.  17   7
 6 3  1.70515E-03  8.91129E-02  8.91129E-02  1.00000E+00            140.PM 61.  18   3
 6 4  4.58263E-04  9.04000E-02  9.04000E-02  1.00000E+00            140.PM 61.  19   4
 1 2  3.50000E-01  1.44800E-01  1.44800E-01  0.00000E+00            140.PM 61.  20   2
 6 1  2.81207E-02  1.01203E-01  1.01203E-01  2.00000E+00            140.PM 61.  21   1
 6 5  2.99780E-03  1.37707E-01  1.37707E-01  2.00000E+00            140.PM 61.  22   5
 6 6  4.13205E-04  1.38073E-01  1.38073E-01  2.00000E+00            140.PM 61.  23   6
 6 7  5.13511E-04  1.38599E-01  1.38599E-01  2.00000E+00            140.PM 61.  24   7
 6 3  8.30562E-04  1.43513E-01  1.43513E-01  2.00000E+00            140.PM 61.  25   3
 6 4  2.25398E-04  1.44800E-01  1.44800E-01  2.00000E+00            140.PM 61.  26   4
 1 3  1.40000E+00  2.57900E-01  2.57900E-01  0.00000E+00            140.PM 61.  27   3
 1 4  9.20000E+01  4.19570E-01  4.19570E-01  0.00000E+00            140.PM 61.  28   4
 6 1  4.04262E+00  3.75973E-01  3.75973E-01  4.00000E+00            140.PM 61.  29   1
 6 5  4.84942E-01  4.12477E-01  4.12477E-01  4.00000E+00            140.PM 61.  30   5
 6 6  4.71264E-01  4.12843E-01  4.12843E-01  4.00000E+00            140.PM 61.  31   6
 6 7  2.25854E-01  4.13369E-01  4.13369E-01  4.00000E+00            140.PM 61.  32   7
 6 3  2.66221E-01  4.18283E-01  4.18283E-01  4.00000E+00            140.PM 61.  33   3
 6 4  7.08393E-02  4.19570E-01  4.19570E-01  4.00000E+00            140.PM 61.  34   4
 1 5  1.00000E+00  4.74200E-01  4.74200E-01  0.00000E+00            140.PM 61.  35   5
 6 1  3.84095E-03  4.30603E-01  4.30603E-01  5.00000E+00            140.PM 61.  36   1
 6 5  4.45189E-04  4.67107E-01  4.67107E-01  5.00000E+00            140.PM 61.  37   5
 6 6  2.66483E-05  4.67473E-01  4.67473E-01  5.00000E+00            140.PM 61.  38   6
 6 7  3.08462E-05  4.67999E-01  4.67999E-01  5.00000E+00            140.PM 61.  39   7
 6 3  1.06069E-04  4.72913E-01  4.72913E-01  5.00000E+00            140.PM 61.  40   3
 6 4  2.91791E-05  4.74200E-01  4.74200E-01  5.00000E+00            140.PM 61.  41   4
 1 6  2.00000E-01  5.64500E-01  5.64500E-01  0.00000E+00            140.PM 61.  42   6
 6 1  1.43204E-03  5.20903E-01  5.20903E-01  6.00000E+00            140.PM 61.  43   1
 6 5  1.69241E-04  5.57407E-01  5.57407E-01  6.00000E+00            140.PM 61.  44   5
 6 6  3.57931E-05  5.57773E-01  5.57773E-01  6.00000E+00            140.PM 61.  45   6
 6 7  2.15467E-05  5.58299E-01  5.58299E-01  6.00000E+00            140.PM 61.  46   7
 6 3  4.87416E-05  5.63213E-01  5.63213E-01  6.00000E+00            140.PM 61.  47   3
 6 4  1.33101E-05  5.64500E-01  5.64500E-01  6.00000E+00            140.PM 61.  48   4
 1 7  2.90000E-01  5.66100E-01  5.66100E-01  0.00000E+00            140.PM 61.  49   7
 6 1  3.41308E-03  5.22503E-01  5.22503E-01  7.00000E+00            140.PM 61.  50   1
 6 5  4.28189E-04  5.59007E-01  5.59007E-01  7.00000E+00            140.PM 61.  51   5
 6 6  2.19973E-05  5.59373E-01  5.59373E-01  7.00000E+00            140.PM 61.  52   6
 6 7  4.60674E-06  5.59899E-01  5.59899E-01  7.00000E+00            140.PM 61.  53   7
 6 3  9.64569E-05  5.64813E-01  5.64813E-01  7.00000E+00            140.PM 61.  54   3
 6 4  2.67318E-05  5.66100E-01  5.66100E-01  7.00000E+00            140.PM 61.  55   4
 1 8  4.00000E-01  6.35100E-01  6.35100E-01  0.00000E+00            140.PM 61.  56   8
 1 9  5.00000E-01  6.51800E-01  6.51800E-01  0.00000E+00            140.PM 61.  57   9
 110  2.00000E-01  6.67900E-01  6.67900E-01  0.00000E+00            140.PM 61.  58  10
 6 1  1.56709E-03  6.24303E-01  6.24303E-01  1.00000E+01            140.PM 61.  59   1
 6 5  1.96241E-04  6.60807E-01  6.60807E-01  1.00000E+01            140.PM 61.  60   5
 6 6  9.43338E-06  6.61173E-01  6.61173E-01  1.00000E+01            140.PM 61.  61   6
 6 7  2.04787E-06  6.61699E-01  6.61699E-01  1.00000E+01            140.PM 61.  62   7
 6 3  4.40528E-05  6.66613E-01  6.66613E-01  1.00000E+01            140.PM 61.  63   3
 6 4  1.22098E-05  6.67900E-01  6.67900E-01  1.00000E+01            140.PM 61.  64   4
 111  2.00000E-01  6.95000E-01  6.95000E-01  0.00000E+00            140.PM 61.  65  11
 6 1  3.32527E-04  6.51403E-01  6.51403E-01  1.10000E+01            140.PM 61.  66   1
 6 5  3.90063E-05  6.87907E-01  6.87907E-01  1.10000E+01            140.PM 61.  67   5
 6 6  1.74396E-06  6.88273E-01  6.88273E-01  1.10000E+01            140.PM 61.  68   6
 6 7  2.05233E-06  6.88799E-01  6.88799E-01  1.10000E+01            140.PM 61.  69   7
 6 3  9.00992E-06  6.93713E-01  6.93713E-01  1.10000E+01            140.PM 61.  70   3
 6 4  2.48577E-06  6.95000E-01  6.95000E-01  1.10000E+01            140.PM 61.  71   4
 112  2.00000E-01  7.21700E-01  7.21700E-01  0.00000E+00            140.PM 61.  72  12
 6 1  1.29843E-03  6.78103E-01  6.78103E-01  1.20000E+01            140.PM 61.  73   1
 6 5  1.62414E-04  7.14607E-01  7.14607E-01  1.20000E+01            140.PM 61.  74   5
 6 6  7.55373E-06  7.14973E-01  7.14973E-01  1.20000E+01            140.PM 61.  75   6
 6 7  1.67467E-06  7.15499E-01  7.15499E-01  1.20000E+01            140.PM 61.  76   7
 6 3  3.63842E-05  7.20413E-01  7.20413E-01  1.20000E+01            140.PM 61.  77   3
 6 4  1.00847E-05  7.21700E-01  7.21700E-01  1.20000E+01            140.PM 61.  78   4
 113  1.00000E+02  7.73740E-01  7.73740E-01  0.00000E+00            140.PM 61.  79  13
 6 1  3.36433E-01  7.30143E-01  7.30143E-01  1.30000E+01            140.PM 61.  80   1
 6 5  4.03268E-02  7.66647E-01  7.66647E-01  1.30000E+01            140.PM 61.  81   5
 6 6  5.45684E-03  7.67013E-01  7.67013E-01  1.30000E+01            140.PM 61.  82   6
 6 7  3.06761E-03  7.67539E-01  7.67539E-01  1.30000E+01            140.PM 61.  83   7
 6 3  1.04106E-02  7.72453E-01  7.72453E-01  1.30000E+01            140.PM 61.  84   3
 6 4  2.86635E-03  7.73740E-01  7.73740E-01  1.30000E+01            140.PM 61.  85   4
 114  5.00000E-01  8.39900E-01  8.39900E-01  0.00000E+00            140.PM 61.  86  14
 6 1  2.25621E-03  7.96303E-01  7.96303E-01  1.40000E+01            140.PM 61.  87   1
 6 5  2.81520E-04  8.32807E-01  8.32807E-01  1.40000E+01            140.PM 61.  88   5
 6 6  1.22372E-05  8.33173E-01  8.33173E-01  1.40000E+01            140.PM 61.  89   6
 6 7  2.84943E-06  8.33699E-01  8.33699E-01  1.40000E+01            140.PM 61.  90   7
 6 3  6.27874E-05  8.38613E-01  8.38613E-01  1.40000E+01            140.PM 61.  91   3
 6 4  1.74054E-05  8.39900E-01  8.39900E-01  1.40000E+01            140.PM 61.  92   4
 115  5.00000E-01  8.80400E-01  8.80400E-01  0.00000E+00            140.PM 61.  93  15
 116  1.50000E-01  9.30700E-01  9.30700E-01  0.00000E+00            140.PM 61.  94  16
 6 1  3.35517E-04  8.87103E-01  8.87103E-01  1.60000E+01            140.PM 61.  95   1
 6 5  4.03434E-05  9.23607E-01  9.23607E-01  1.60000E+01            140.PM 61.  96   5
 6 6  4.22070E-06  9.23973E-01  9.23973E-01  1.60000E+01            140.PM 61.  97   6
 6 7  2.32338E-06  9.24499E-01  9.24499E-01  1.60000E+01            140.PM 61.  98   7
 6 3  9.97200E-06  9.29413E-01  9.29413E-01  1.60000E+01            140.PM 61.  99   3
 6 4  2.75677E-06  9.30700E-01  9.30700E-01  1.60000E+01            140.PM 61. 100   4
 117  4.50000E-01  1.01780E+00  1.01780E+00  0.00000E+00            140.PM 61. 101  17
 6 1  1.29117E-03  9.74203E-01  9.74203E-01  1.70000E+01            140.PM 61. 102   1
 6 5  1.60594E-04  1.01071E+00  1.01071E+00  1.70000E+01            140.PM 61. 103   5
 6 6  6.37809E-06  1.01107E+00  1.01107E+00  1.70000E+01            140.PM 61. 104   6
 6 7  1.60497E-06  1.01160E+00  1.01160E+00  1.70000E+01            140.PM 61. 105   7
 6 3  3.56134E-05  1.01651E+00  1.01651E+00  1.70000E+01            140.PM 61. 106   3
 6 4  9.81105E-06  1.01780E+00  1.01780E+00  1.70000E+01            140.PM 61. 107   4
 118  1.00000E+02  1.02819E+00  1.02819E+00  0.00000E+00            140.PM 61. 108  18
 6 1  1.81133E-01  9.84593E-01  9.84593E-01  1.80000E+01            140.PM 61. 109   1
 6 5  2.17959E-02  1.02110E+00  1.02110E+00  1.80000E+01            140.PM 61. 110   5
 6 6  1.98962E-03  1.02146E+00  1.02146E+00  1.80000E+01            140.PM 61. 111   6
 6 7  1.08884E-03  1.02199E+00  1.02199E+00  1.80000E+01            140.PM 61. 112   7
 6 3  5.28663E-03  1.02690E+00  1.02690E+00  1.80000E+01            140.PM 61. 113   3
 6 4  1.42993E-03  1.02819E+00  1.02819E+00  1.80000E+01            140.PM 61. 114   4
 119  2.00000E-01  1.11030E+00  1.11030E+00  0.00000E+00            140.PM 61. 115  19
 120  3.80000E+00  1.19750E+00  1.19750E+00  0.00000E+00            140.PM 61. 116  20
 6 1  7.48046E-03  1.15390E+00  1.15390E+00  2.00000E+01            140.PM 61. 117   1
 6 5  9.28302E-04  1.19041E+00  1.19041E+00  2.00000E+01            140.PM 61. 118   5
 6 6  3.40474E-05  1.19077E+00  1.19077E+00  2.00000E+01            140.PM 61. 119   6
 6 7  9.28142E-06  1.19130E+00  1.19130E+00  2.00000E+01            140.PM 61. 120   7
 6 3  2.04926E-04  1.19621E+00  1.19621E+00  2.00000E+01            140.PM 61. 121   3
 6 4  5.62479E-05  1.19750E+00  1.19750E+00  2.00000E+01            140.PM 61. 122   4
 121  1.00000E+00  1.26190E+00  1.26190E+00  0.00000E+00            140.PM 61. 123  21
 122  1.10000E-01  1.30690E+00  1.30690E+00  0.00000E+00            140.PM 61. 124  22
 6 1  5.49924E-05  1.26330E+00  1.26330E+00  2.20000E+01            140.PM 61. 125   1
 6 5  6.49518E-06  1.29981E+00  1.29981E+00  2.20000E+01            140.PM 61. 126   5
 6 6  1.73043E-07  1.30017E+00  1.30017E+00  2.20000E+01            140.PM 61. 127   6
 6 7  2.28573E-07  1.30070E+00  1.30070E+00  2.20000E+01            140.PM 61. 128   7
 6 3  1.44749E-06  1.30561E+00  1.30561E+00  2.20000E+01            140.PM 61. 129   3
 6 4  3.90665E-07  1.30690E+00  1.30690E+00  2.20000E+01            140.PM 61. 130   4
 123  1.30000E-01  1.39740E+00  1.39740E+00  0.00000E+00            140.PM 61. 131  23
 6 1  1.27467E-04  1.35380E+00  1.35380E+00  2.30000E+01            140.PM 61. 132   1
 6 5  1.53293E-05  1.39031E+00  1.39031E+00  2.30000E+01            140.PM 61. 133   5
 6 6  9.33940E-07  1.39067E+00  1.39067E+00  2.30000E+01            140.PM 61. 134   6
 6 7  5.14099E-07  1.39120E+00  1.39120E+00  2.30000E+01            140.PM 61. 135   7
 6 3  3.55512E-06  1.39611E+00  1.39611E+00  2.30000E+01            140.PM 61. 136   3
 6 4  9.47804E-07  1.39740E+00  1.39740E+00  2.30000E+01            140.PM 61. 137   4
 124  2.40000E-01  1.45160E+00  1.45160E+00  0.00000E+00            140.PM 61. 138  24
 6 1  3.04891E-04  1.40800E+00  1.40800E+00  2.40000E+01            140.PM 61. 139   1
 6 5  3.77396E-05  1.44451E+00  1.44451E+00  2.40000E+01            140.PM 61. 140   5
 6 6  1.25640E-06  1.44487E+00  1.44487E+00  2.40000E+01            140.PM 61. 141   6
 6 7  3.83399E-07  1.44540E+00  1.44540E+00  2.40000E+01            140.PM 61. 142   7
 6 3  8.29284E-06  1.45031E+00  1.45031E+00  2.40000E+01            140.PM 61. 143   3
 6 4  2.26543E-06  1.45160E+00  1.45160E+00  2.40000E+01            140.PM 61. 144   4
 125  1.20000E-01  1.48640E+00  1.48640E+00  0.00000E+00            140.PM 61. 145  25
 126  3.00000E-01  1.73380E+00  1.73380E+00  0.00000E+00            140.PM 61. 146  26
 127  2.00000E-01  1.83780E+00  1.83780E+00  0.00000E+00            140.PM 61. 147  27
 128  4.00000E-01  1.90710E+00  1.90710E+00  0.00000E+00            140.PM 61. 148  28
 129  2.20000E-01  1.95740E+00  1.95740E+00  0.00000E+00            140.PM 61. 149  29
 130  7.50000E-01  2.14570E+00  2.14570E+00  0.00000E+00            140.PM 61. 150  30
 6 1  3.29272E-04  2.10210E+00  2.10210E+00  3.00000E+01            140.PM 61. 151   1
 6 5  4.03219E-05  2.13861E+00  2.13861E+00  3.00000E+01            140.PM 61. 152   5
 6 6  1.47833E-06  2.13897E+00  2.13897E+00  3.00000E+01            140.PM 61. 153   6
 6 7  8.70625E-07  2.13950E+00  2.13950E+00  3.00000E+01            140.PM 61. 154   7
 6 3  8.89428E-06  2.14441E+00  2.14441E+00  3.00000E+01            140.PM 61. 155   3
 6 4  2.39207E-06  2.14570E+00  2.14570E+00  3.00000E+01            140.PM 61. 156   4
 131  2.00000E-01  2.24030E+00  2.24030E+00  0.00000E+00            140.PM 61. 157  31
 132  1.40000E-01  2.24760E+00  2.24760E+00  0.00000E+00            140.PM 61. 158  32
 133  2.00000E-02  2.40770E+00  2.40770E+00  0.00000E+00            140.PM 61. 159  33
 2 1  8.66595E+00  3.68696E-02  3.68696E-02  0.00000E+00            140.PM 61. 160   1
 2 2  1.57818E+01  3.73962E-02  3.73962E-02  0.00000E+00            140.PM 61. 161   2
 2 3  1.55898E+00  4.22041E-02  4.22041E-02  0.00000E+00            140.PM 61. 162   3
 2 4  3.01676E+00  4.23100E-02  4.23100E-02  0.00000E+00            140.PM 61. 163   4
 2 5  2.02151E-02  4.25898E-02  4.25898E-02  0.00000E+00            140.PM 61. 164   5
 2 6  2.70419E-02  4.26126E-02  4.26126E-02  0.00000E+00            140.PM 61. 165   6
 2 7  3.34760E-01  4.33442E-02  4.33442E-02  0.00000E+00            140.PM 61. 166   7
 2 8  6.50584E-01  4.33673E-02  4.33673E-02  0.00000E+00            140.PM 61. 167   8
 2 9  4.35430E-03  4.34682E-02  4.34682E-02  0.00000E+00            140.PM 61. 168   9
 210  5.81579E-03  4.34723E-02  4.34723E-02  0.00000E+00            140.PM 61. 169  10
 211  6.28501E-02  4.35688E-02  4.35688E-02  0.00000E+00            140.PM 61. 170  11
 212  1.24375E-01  4.35720E-02  4.35720E-02  0.00000E+00            140.PM 61. 171  12
 221  1.10447E-04  3.65900E-04  3.65900E-04  0.00000E+00            140.PM 61. 172  21
 222  3.56746E-03  8.92600E-04  8.92600E-04  0.00000E+00            140.PM 61. 173  22
 223  1.10193E-01  5.70049E-03  5.70049E-03  0.00000E+00            140.PM 61. 174  23
 224  1.64160E-01  5.80619E-03  5.80619E-03  0.00000E+00            140.PM 61. 175  24
 225  2.05233E-03  6.08600E-03  6.08600E-03  0.00000E+00            140.PM 61. 176  25
 226  3.06865E-03  6.10898E-03  6.10898E-03  0.00000E+00            140.PM 61. 177  26
 227  2.55547E-02  6.84054E-03  6.84054E-03  0.00000E+00            140.PM 61. 178  27
 228  3.94555E-02  6.86358E-03  6.86358E-03  0.00000E+00            140.PM 61. 179  28
 229  2.74455E-04  6.96462E-03  6.96462E-03  0.00000E+00            140.PM 61. 180  29
 230  4.20958E-04  6.96868E-03  6.96868E-03  0.00000E+00            140.PM 61. 181  30
 231  3.68919E-03  7.06518E-03  7.06518E-03  0.00000E+00            140.PM 61. 182  31
 232  5.57588E-03  7.06842E-03  7.06842E-03  0.00000E+00            140.PM 61. 183  32
 241  2.86496E-06  5.26700E-04  5.26700E-04  0.00000E+00            140.PM 61. 184  41
 242  5.41532E-02  5.17559E-03  5.17559E-03  0.00000E+00            140.PM 61. 185  42
 243  9.45918E-04  5.44030E-03  5.44030E-03  0.00000E+00            140.PM 61. 186  43
 244  1.28880E+00  5.72010E-03  5.72010E-03  0.00000E+00            140.PM 61. 187  44
 245  9.43008E-03  6.41383E-03  6.41383E-03  0.00000E+00            140.PM 61. 188  45
 246  1.70576E-04  6.49767E-03  6.49767E-03  0.00000E+00            140.PM 61. 189  46
 247  2.18127E-01  6.59872E-03  6.59872E-03  0.00000E+00            140.PM 61. 190  47
 248  5.60229E-05  6.71907E-03  6.71907E-03  0.00000E+00            140.PM 61. 191  48
 249  1.47600E-03  6.68259E-03  6.68259E-03  0.00000E+00            140.PM 61. 192  49
 250  3.39935E-05  6.70252E-03  6.70252E-03  0.00000E+00            140.PM 61. 193  50
 261  1.86666E-01  4.64891E-03  4.64891E-03  0.00000E+00            140.PM 61. 194  61
 262  1.15031E-03  4.80789E-03  4.80789E-03  0.00000E+00            140.PM 61. 195  62
 263  1.06196E-03  4.91360E-03  4.91360E-03  0.00000E+00            140.PM 61. 196  63
 264  2.30648E-01  5.19339E-03  5.19339E-03  0.00000E+00            140.PM 61. 197  64
 265  2.04149E+00  5.21638E-03  5.21638E-03  0.00000E+00            140.PM 61. 198  65
 266  2.12952E-02  5.88711E-03  5.88711E-03  0.00000E+00            140.PM 61. 199  66
 267  1.48544E-04  5.94794E-03  5.94794E-03  0.00000E+00            140.PM 61. 200  67
 268  1.43350E-04  5.97098E-03  5.97098E-03  0.00000E+00            140.PM 61. 201  68
 269  3.76477E-02  6.07202E-03  6.07202E-03  0.00000E+00            140.PM 61. 202  69
 270  3.36581E-01  6.07608E-03  6.07608E-03  0.00000E+00            140.PM 61. 203  70
 271  1.57416E-05  6.19238E-03  6.19238E-03  0.00000E+00            140.PM 61. 204  71
 272  9.00778E-05  6.19286E-03  6.19286E-03  0.00000E+00            140.PM 61. 205  72
 273  3.73035E-03  6.15588E-03  6.15588E-03  0.00000E+00            140.PM 61. 206  73
 274  2.96751E-05  6.17258E-03  6.17258E-03  0.00000E+00            140.PM 61. 207  74
 275  2.61512E-05  6.17582E-03  6.17582E-03  0.00000E+00            140.PM 61. 208  75
 291  3.70239E-01  8.63816E-04  8.63816E-04  0.00000E+00            140.PM 61. 209  91
 292  9.83635E-03  1.33572E-04  1.33572E-04  0.00000E+00            140.PM 61. 210  92
 293  9.88520E-07  1.91922E-05  1.91922E-05  0.00000E+00            140.PM 61. 211  93
 294  4.17932E+02  1.52003E-05  1.52003E-05  0.00000E+00            140.PM 61. 212  94
 7 1  1.66760E+00  3.03768E-02  3.03768E-02  0.00000E+00            140.PM 61. 213   1
 7 2  7.99913E-01  3.58432E-02  3.58432E-02  0.00000E+00            140.PM 61. 214   2
 7 3  9.19217E-02  4.13124E-02  4.13124E-02  0.00000E+00            140.PM 61. 215   3
 7 4  5.05899E+00  4.42876E-04  4.42876E-04  0.00000E+00            140.PM 61. 216   4
 7 5  2.12853E+01  4.14789E-03  4.14789E-03  0.00000E+00            140.PM 61. 217   5
 7 6  7.15578E+00  5.09880E-03  5.09880E-03  0.00000E+00            140.PM 61. 218   6
 7 7  5.94534E-01  6.08326E-03  6.08326E-03  0.00000E+00            140.PM 61. 219   7
 7 8  2.43668E+01  1.51414E-04  1.51414E-04  0.00000E+00            140.PM 61. 220   8
 7 9  5.61029E+01  7.10775E-04  7.10775E-04  0.00000E+00            140.PM 61. 221   9
 710  3.85389E+00  8.73611E-04  8.73611E-04  0.00000E+00            140.PM 61. 222  10
 711  8.49649E-02  1.05665E-03  1.05665E-03  0.00000E+00            140.PM 61. 223  11
 712  1.58439E+02  9.39792E-05  9.39792E-05  0.00000E+00            140.PM 61. 224  12
 713  4.25828E+01  7.81426E-05  7.81426E-05  0.00000E+00            140.PM 61. 225  13
 714  4.18154E+01  1.36628E-05  1.36628E-05  0.00000E+00            140.PM 61. 226  14
 715  3.36856E-01  3.48800E-05  3.48800E-05  0.00000E+00            140.PM 61. 227  15
%%%% 140 PM  61 M  EC B+        3.57000E+02 5.95 M     18-07-2007       SEEIEND 
 


   ***************************************************** 
   *                 Radiation Summary                 * 
   ***************************************************** 
 
  Energy released by
    Gamma-ray                       (MeV) =   2.27881E+00
    X-ray                           (MeV) =   1.18323E-02
    Free-bound X-ray                (MeV) =   6.35270E-05
    Annihilation photon             (MeV) =   6.82367E-01
    Beta+ particle                  (MeV) =   9.63549E-01
    Neutrino                        (MeV) =   2.49625E+00
    Beta- particle                  (MeV) =   0.00000E+00
    Neutrino-                       (MeV) =   0.00000E+00
    Internal conv. electron         (MeV) =   2.68296E-02
    Auger and CK electron           (MeV) =   2.79580E-03
    Alpha particle                  (MeV) =   0.00000E+00
    Recoil nucleus                  (MeV) =   0.00000E+00
  E-total (except unplaced radiat.) (MeV) =   6.46250E+00
  E-unplaced radiation              (MeV) =   5.93557E-02
  Q-value from ENSDF data           (MeV) =   6.46500E+00
  Ratio of E-total/Q-value          ( % ) =   9.99613E+01
  Ratio of E-unplaced radi./Q-value ( % ) =   9.18109E-01

 
  Total yield of
    Gamma-ray                             =   3.00760E+00
    X-ray                                 =   3.54256E-01
    Free-bound X-ray                      =   4.17932E+00
    Annihilation photon                   =   1.33536E+00
    Beta+ particle                        =   6.67678E-01
    Beta- particle                        =   0.00000E+00
    Internal conv. electron               =   6.29939E-02
    Auger and CK electron                 =   3.64237E+00
    Alpha particle                        =   0.00000E+00
  Yield of unplaced radiation             =   5.60000E-02


%%%% 140 PM  61    EC B+        9.20000E+00 9.2 S      02-11-2005       BALASTAR
1 140   PM  61 9.2 S           EC B+      
1INTENSITY AND ENERGY BALANCE DATA

              140-PROMETHIUM-61
+                                    HALFLIFE = 9.2 SECONDS 
+                                                                  02-11-2005


    LEVEL       INTENSITY   INTENSITY
    ENERGY      ENTERING    LEAVING     PERCENT
    (MEV)       LEVEL       LEVEL       ERROR

   0.0000E+00  9.9554E+01
   7.7370E-01  5.2859E+00  5.0400E+00  4.7632E+00                      
   1.4133E+00  6.5903E-01  6.2234E-01  5.7265E+00                      
   1.4901E+00  1.9983E+00  1.8628E+00  7.0164E+00                      
   2.1402E+00  6.9897E-02  7.0364E-02  6.6555E-01                      
   2.3325E+00  2.2667E-01  2.1603E-01  4.8066E+00                      
   2.5478E+00  3.1953E-01  3.0162E-01  5.7654E+00                      


 INTENSITY TO GROUND AND ISOMERIC STATE(S) OF DAUGHTER(S)=  9.955E+01
 TOTAL INTENSITY FROM PARENT=  1.000E+02
 PERCENT ERROR =  4.481E-01                      


 TOTAL INTENSITY FROM PARENT =  1.000E+02
 VALUE IS WITHIN   7.63E-06% OF 100                      


 TOTAL ENERGY AVAILABLE =  6.090E+00 MEV
 TOTAL ENERGY CONTENT OF ALL RADIATIONS =  6.085E+00 MEV
 PERCENT ERROR =  8.431E-02                      
%%%% 140 PM  61    EC B+        9.20000E+00 9.2 S      02-11-2005       BALAEND 
%%%% 140 PM  61    EC B+        9.20000E+00 9.2 S      02-11-2005       INPUSTAR
1                                      **INPUT DATA**
              140-PROMETHIUM-61
+                                    HALFLIFE = 9.2 SECONDS 
+                                                                  02-11-2005

            MODES OF DECAY: ELECTRON CAPTURE, BETA PLUS
 
                                MEAN
                                NUMBER/    TRANSITION
                TYPE OF    ID   TRANSFOR-  ENERGY
              TRANSITION   NO.  MATION     (MEV)       OTHER NUCLEAR PARAMETERS

           ELECT. CAPTURE   1   1.50E-03   3.542E+00   ALLOWED                                  
           ELECT. CAPTURE   2   9.69E-04   3.757E+00   ALLOWED                                  
           ELECT. CAPTURE   3   3.00E-04   3.950E+00   ALLOWED                                  
           ELECT. CAPTURE   4   4.39E-03   4.600E+00   ALLOWED                                  
           ELECT. CAPTURE   5   1.50E-03   4.677E+00   ALLOWED                                  
           ELECT. CAPTURE   6   5.39E-03   5.316E+00   ALLOWED                                  
           ELECT. CAPTURE   7   9.78E-02   6.090E+00   ALLOWED                                  
                BETA PLUS   1   1.70E-03   2.520E+00*  ALLOWED                                  
                BETA PLUS   2   1.30E-03   2.735E+00*  ALLOWED                                  
                BETA PLUS   3   3.99E-04   2.928E+00*  ALLOWED                                  
                BETA PLUS   4   1.40E-02   3.578E+00*  ALLOWED                                  
                BETA PLUS   5   5.09E-03   3.655E+00*  ALLOWED                                  
                BETA PLUS   6   2.90E-02   4.294E+00*  ALLOWED                                  
                BETA PLUS   7   8.37E-01   5.068E+00*  ALLOWED                                  
           I.C.E. + GAMMA   1   9.54E-03   1.598E-01   UNPLACED GAMMA                           
           I.C.E. + GAMMA   2   2.56E-02   4.771E-01   UNPLACED GAMMA                           
           I.C.E. + GAMMA   3   6.21E-03   6.396E-01   E2 MULTIPOLE                             
+                                                                    AK= 0.00526                
           I.C.E. + GAMMA   4   9.43E-03   7.166E-01   M1+E2 MULTIPOLE                          
                                                       AK= 0.00408                              
           I.C.E. + GAMMA   5   5.04E-02   7.738E-01   E2 MULTIPOLE                             
+                                                                    AK= 0.00336                
           I.C.E. + GAMMA   6   7.03E-03   1.014E+00   UNPLACED GAMMA                           
           I.C.E. + GAMMA   7   1.61E-03   1.058E+00   E2 MULTIPOLE                             
+                                                                    AK= 0.00171                
           I.C.E. + GAMMA   8   1.51E-02   1.139E+00   UNPLACED GAMMA                           
           I.C.E. + GAMMA   9   1.86E-02   1.205E+00   UNPLACED GAMMA                           
           I.C.E. + GAMMA  10   7.04E-04   1.367E+00   E2 MULTIPOLE                             
+                                                                    AK= 0.00102                
           I.C.E. + GAMMA  11   1.01E-05   1.413E+00   E0 MULTIPOLE                             
                                                       K/L1/M/N+ =                              
                                                       100./12.9/2.72/0.744                     
           I.C.E. + GAMMA  12   9.20E-03   1.490E+00   E2 MULTIPOLE                             
           I.C.E. + GAMMA  13   7.54E-04   1.559E+00   M1 MULTIPOLE                             
+                                                                    AK= 0.00108                
           I.C.E. + GAMMA  14   1.41E-03   1.585E+00   UNPLACED GAMMA                           
           I.C.E. + GAMMA  15   1.41E-03   1.774E+00   E2 MULTIPOLE                             
           I.C.E. + GAMMA  16   1.20E-03   1.942E+00   UNPLACED GAMMA                           
           I.C.E. + GAMMA  17   1.41E-03   2.333E+00   M1 MULTIPOLE                             
           I.C.E. + GAMMA  18   6.53E-04   2.467E+00   UNPLACED GAMMA                           
 
           * ENDPOINT ENERGY (MEV)
           - - - - - - - - - -
           Reference: Evaluated Nuclear Structure Data File (ENSDF)
                DATE DATA WERE ENTERED INTO ENSDF: Jan-1995
%%%% 140 PM  61    EC B+        9.20000E+00 9.2 S      02-11-2005       INPUEND 
%%%% 140 PM  61    EC B+        9.20000E+00 9.2 S      02-11-2005       OUTPSTAR
1                                      **OUTPUT DATA**
              140-PROMETHIUM-61
+                                    HALFLIFE = 9.2 SECONDS 
+                                                                  02-11-2005

            MODES OF DECAY: ELECTRON CAPTURE, BETA PLUS
 
                                              MEAN
                                              NUMBER/                  MEV/
                                         ID   TRANSFOR-   ENERGY       TRANSFOR-
                  TYPE OF RADIATION      NO.  MATION      (MEV)        MATION

           BETA PLUS                      4   1.40E-02    1.628E+00*   2.28E-02
           BETA PLUS                      5   5.09E-03    1.663E+00*   8.47E-03
           BETA PLUS                      6   2.90E-02    1.964E+00*   5.69E-02
           BETA PLUS                      7   8.37E-01    2.330E+00*   1.95E+00
           ANNIHILATION RADIATION             1.78E+00    5.110E-01    9.08E-01
           GAMMA-RAY                      1   9.54E-03    1.598E-01    1.52E-03
           GAMMA-RAY                      2   2.56E-02    4.771E-01    1.22E-02
           GAMMA-RAY                      3   6.17E-03    6.396E-01    3.95E-03
           GAMMA-RAY                      4   9.39E-03    7.166E-01    6.73E-03
           GAMMA-RAY                      5   5.02E-02    7.738E-01    3.88E-02
           GAMMA-RAY                      6   7.03E-03    1.014E+00    7.12E-03
           GAMMA-RAY                      7   1.61E-03    1.058E+00    1.70E-03
           GAMMA-RAY                      8   1.51E-02    1.139E+00    1.71E-02
           GAMMA-RAY                      9   1.86E-02    1.205E+00    2.24E-02
           GAMMA-RAY                     12   9.19E-03    1.490E+00    1.37E-02
           GAMMA-RAY                     13   7.53E-04    1.559E+00    1.17E-03
           GAMMA-RAY                     14   1.41E-03    1.585E+00    2.23E-03
           GAMMA-RAY                     15   1.41E-03    1.774E+00    2.49E-03
           GAMMA-RAY                     16   1.20E-03    1.942E+00    2.34E-03
           GAMMA-RAY                     17   1.41E-03    2.333E+00    3.28E-03
           GAMMA-RAY                     18   6.53E-04    2.467E+00    1.61E-03
           K -L3 X-RAY                        4.57E-02    3.740E-02    1.71E-03
 
           ALL LISTED X-RAYS, GAMMA-RAYS AND ANNIHILATION RADIATION    1.05E+00
           ALL NEGLECTED X-RAYS, GAMMA-RAYS AND ANNIH. RADIATION**     2.69E-03
           ALL LISTED BETAS, INTERNAL CONVERSION AND AUGER ELECTRONS   2.04E+00
           ALL NEGLECTED BETAS, INT. CONVERSION AND AUGER ELECTRONS**  5.10E-03
           ALL LISTED RADIATIONS                                       3.09E+00
           ALL NEGLECTED RADIATIONS**                                  7.80E-03
 
           *  AVERAGE ENERGY (MEV)
           ** EACH NEGLECTED TRANSITION CONTRIBUTES LESS THAN  0.100%
              TO THE TOTAL MEV/TRANSFORMATION FOR THIS CATEGORY.
           TOTAL FEEDING OF GROUND STATE LEVEL IN 140-NEODYMIUM
             DAUGHTER IS 1.0000E+00 PER TRANSFORMATION OF 140-PROMETHIUM.
             DECAY OF THIS 3.37 DAYS HALFLIFE LEVEL WILL CONTRIBUTE TO DOSE.
           - - - - - - - - - -
           INPUT DATA SOURCE: EVALUATED NUCLEAR STRUCTURE DATA FILE (ENSDF)
             DATE INPUT DATA WERE ENTERED INTO ENSDF: Jan-1995
%%%% 140 PM  61    EC B+        9.20000E+00 9.2 S      02-11-2005       OUTPEND 
%%%% 140 PM  61    EC B+        9.20000E+00 9.2 S      02-11-2005       BETASTAR
1
              140-PROMETHIUM-61
+                                    HALFLIFE = 9.2 SECONDS 
+                                                                  02-11-2005

            BETA SPECTRUM DATA FOR ALL DECAY BRANCHES

                      BETAS PER                BETAS PER                BETAS PER
            ENERGY    MEV            ENERGY    MEV            ENERGY    MEV
            (MEV)     PER DECAY      (MEV)     PER DECAY      (MEV)     PER DECAY

            0.00000   0.000E+00      0.00360   1.389E-07      0.14000   1.548E-02
            0.00010   0.000E+00      0.00400   2.511E-07      0.15000   1.738E-02
            0.00011   0.000E+00      0.00450   4.664E-07      0.16000   1.933E-02
            0.00012   0.000E+00      0.00500   7.849E-07      0.18000   2.333E-02
            0.00013   0.000E+00      0.00550   1.228E-06      0.20000   2.744E-02
            0.00014   0.000E+00      0.00600   1.817E-06      0.22000   3.164E-02
            0.00015   0.000E+00      0.00650   2.573E-06      0.24000   3.591E-02
            0.00016   0.000E+00      0.00700   3.517E-06      0.26000   4.023E-02
            0.00018   0.000E+00      0.00750   4.669E-06      0.28000   4.460E-02
            0.00020   0.000E+00      0.00800   6.048E-06      0.30000   4.900E-02
            0.00022   0.000E+00      0.00850   7.675E-06      0.32000   5.342E-02
            0.00024   0.000E+00      0.00900   9.567E-06      0.36000   6.231E-02
            0.00026   0.000E+00      0.01000   1.422E-05      0.40000   7.124E-02
            0.00028   0.000E+00      0.01100   2.016E-05      0.45000   8.242E-02
            0.00030   0.000E+00      0.01200   2.751E-05      0.50000   9.356E-02
            0.00032   0.000E+00      0.01300   3.639E-05      0.55000   1.046E-01
            0.00036   0.000E+00      0.01400   4.692E-05      0.60000   1.156E-01
            0.00040   1.985E-27      0.01500   5.921E-05      0.65000   1.265E-01
            0.00045   5.820E-25      0.01600   7.334E-05      0.70000   1.372E-01
            0.00050   6.561E-23      0.01800   1.075E-04      0.75000   1.477E-01
            0.00055   3.368E-21      0.02000   1.499E-04      0.80000   1.580E-01
            0.00060   9.136E-20      0.02200   2.011E-04      0.85000   1.682E-01
            0.00065   1.482E-18      0.02400   2.613E-04      0.90000   1.780E-01
            0.00070   1.588E-17      0.02600   3.309E-04      1.00000   1.970E-01
            0.00075   1.216E-16      0.02800   4.100E-04      1.10000   2.149E-01
            0.00080   7.077E-16      0.03000   4.986E-04      1.20000   2.315E-01
            0.00085   3.290E-15      0.03200   5.967E-04      1.30000   2.467E-01
            0.00090   1.270E-14      0.03600   8.215E-04      1.40000   2.605E-01
            0.00100   1.216E-13      0.04000   1.084E-03      1.50000   2.727E-01
            0.00110   7.453E-13      0.04500   1.462E-03      1.60000   2.833E-01
            0.00120   3.293E-12      0.05000   1.893E-03      1.80000   2.996E-01
            0.00130   1.139E-11      0.05500   2.375E-03      2.00000   3.092E-01
            0.00140   3.260E-11      0.06000   2.903E-03      2.20000   3.118E-01
            0.00150   8.053E-11      0.06500   3.475E-03      2.40000   3.079E-01
            0.00160   1.768E-10      0.07000   4.087E-03      2.60000   2.977E-01
            0.00180   6.516E-10      0.07500   4.735E-03      2.80000   2.816E-01
            0.00200   1.847E-09      0.08000   5.418E-03      3.00000   2.602E-01
            0.00220   4.344E-09      0.08500   6.132E-03      3.20000   2.345E-01
            0.00240   8.908E-09      0.09000   6.875E-03      3.60000   1.739E-01
            0.00260   1.646E-08      0.10000   8.438E-03      4.00000   1.088E-01
            0.00280   2.806E-08      0.11000   1.009E-02      4.50000   3.746E-02
            0.00300   4.485E-08      0.12000   1.182E-02      5.00000   6.446E-04
            0.00320   6.805E-08      0.13000   1.362E-02      5.06800   0.000E+00

            AVERAGE BETA ENERGY =   2.299E+00

            TOTAL BETAS PER DECAY FOR ALL BRANCHES =   8.882E-01
%%%% 140 PM  61    EC B+        9.20000E+00 9.2 S      02-11-2005       BETAEND 
%%%% 140 PM  61    EC B+        9.20000E+00 9.2 S      02-11-2005       SEEISTAR
140.  PROMETHIUM   61.  9.200E+00 SECONDS  152 EC B+                140.PM 61.   0
 4 1  1.69750E-01  1.13805E+00  2.52020E+00  0.00000E+00            140.PM 61.   1   1
 4 2  1.29809E-01  1.23691E+00  2.73550E+00  0.00000E+00            140.PM 61.   2   2
 4 3  3.99413E-02  1.32558E+00  2.92780E+00  0.00000E+00            140.PM 61.   3   3
 4 4  1.39794E+00  1.62760E+00  3.57790E+00  0.00000E+00            140.PM 61.   4   4
 4 5  5.09251E-01  1.66349E+00  3.65470E+00  0.00000E+00            140.PM 61.   5   5
 4 6  2.89574E+00  1.96389E+00  4.29430E+00  0.00000E+00            140.PM 61.   6   6
 4 7  8.36770E+01  2.33036E+00  5.06800E+00  0.00000E+00            140.PM 61.   7   7
 3 3  1.77639E+02  5.11000E-01  5.11000E-01  0.00000E+00            140.PM 61.   8   3
 1 1  9.53800E-01  1.59800E-01  1.59800E-01  0.00000E+00            140.PM 61.   9   1
 1 2  2.56020E+00  4.77100E-01  4.77100E-01  0.00000E+00            140.PM 61.  10   2
 1 3  6.17460E-01  6.39600E-01  6.39600E-01  0.00000E+00            140.PM 61.  11   3
 6 1  3.24695E-03  5.96003E-01  5.96003E-01  3.00000E+00            140.PM 61.  12   1
 6 5  3.86506E-04  6.32507E-01  6.32507E-01  3.00000E+00            140.PM 61.  13   5
 6 6  6.84530E-05  6.32873E-01  6.32873E-01  3.00000E+00            140.PM 61.  14   6
 6 7  3.99044E-05  6.33399E-01  6.33399E-01  3.00000E+00            140.PM 61.  15   7
 6 3  1.05945E-04  6.38313E-01  6.38313E-01  3.00000E+00            140.PM 61.  16   3
 6 4  2.90515E-05  6.39600E-01  6.39600E-01  3.00000E+00            140.PM 61.  17   4
 1 4  9.38740E-01  7.16600E-01  7.16600E-01  0.00000E+00            140.PM 61.  18   4
 6 1  3.83364E-03  6.73003E-01  6.73003E-01  4.00000E+00            140.PM 61.  19   1
 6 5  4.79584E-04  7.09507E-01  7.09507E-01  4.00000E+00            140.PM 61.  20   5
 6 6  2.23736E-05  7.09873E-01  7.09873E-01  4.00000E+00            140.PM 61.  21   6
 6 7  4.95013E-06  7.10399E-01  7.10399E-01  4.00000E+00            140.PM 61.  22   7
 6 3  1.07459E-04  7.15313E-01  7.15313E-01  4.00000E+00            140.PM 61.  23   3
 6 4  2.97844E-05  7.16600E-01  7.16600E-01  4.00000E+00            140.PM 61.  24   4
 1 5  5.02000E+00  7.73800E-01  7.73800E-01  0.00000E+00            140.PM 61.  25   5
 6 1  1.68860E-02  7.30203E-01  7.30203E-01  5.00000E+00            140.PM 61.  26   1
 6 5  2.02405E-03  7.66707E-01  7.66707E-01  5.00000E+00            140.PM 61.  27   5
 6 6  2.73856E-04  7.67073E-01  7.67073E-01  5.00000E+00            140.PM 61.  28   6
 6 7  1.53949E-04  7.67599E-01  7.67599E-01  5.00000E+00            140.PM 61.  29   7
 6 3  5.22510E-04  7.72513E-01  7.72513E-01  5.00000E+00            140.PM 61.  30   3
 6 4  1.43863E-04  7.73800E-01  7.73800E-01  5.00000E+00            140.PM 61.  31   4
 1 6  7.02800E-01  1.01380E+00  1.01380E+00  0.00000E+00            140.PM 61.  32   6
 1 7  1.60640E-01  1.05770E+00  1.05770E+00  0.00000E+00            140.PM 61.  33   7
 6 1  2.74348E-04  1.01410E+00  1.01410E+00  7.00000E+00            140.PM 61.  34   1
 6 5  3.30163E-05  1.05061E+00  1.05061E+00  7.00000E+00            140.PM 61.  35   5
 6 6  2.90049E-06  1.05097E+00  1.05097E+00  7.00000E+00            140.PM 61.  36   6
 6 7  1.58580E-06  1.05150E+00  1.05150E+00  7.00000E+00            140.PM 61.  37   7
 6 3  7.96910E-06  1.05641E+00  1.05641E+00  7.00000E+00            140.PM 61.  38   3
 6 4  2.15219E-06  1.05770E+00  1.05770E+00  7.00000E+00            140.PM 61.  39   4
 1 8  1.50600E+00  1.13870E+00  1.13870E+00  0.00000E+00            140.PM 61.  40   8
 1 9  1.85740E+00  1.20480E+00  1.20480E+00  0.00000E+00            140.PM 61.  41   9
 110  7.02800E-02  1.36650E+00  1.36650E+00  0.00000E+00            140.PM 61.  42  10
 6 1  7.19574E-05  1.32290E+00  1.32290E+00  1.00000E+01            140.PM 61.  43   1
 6 5  8.65293E-06  1.35941E+00  1.35941E+00  1.00000E+01            140.PM 61.  44   5
 6 6  5.42426E-07  1.35977E+00  1.35977E+00  1.00000E+01            140.PM 61.  45   6
 6 7  2.98098E-07  1.36030E+00  1.36030E+00  1.00000E+01            140.PM 61.  46   7
 6 3  2.01238E-06  1.36521E+00  1.36521E+00  1.00000E+01            140.PM 61.  47   3
 6 4  5.36902E-07  1.36650E+00  1.36650E+00  1.00000E+01            140.PM 61.  48   4
 111  0.00000E+00  1.41290E+00  1.41290E+00  0.00000E+00            140.PM 61.  49  11
 6 1  8.63955E-04  1.36930E+00  1.36930E+00  1.10000E+01            140.PM 61.  50   1
 6 5  1.11672E-04  1.40581E+00  1.40581E+00  1.10000E+01            140.PM 61.  51   5
 6 3  2.35209E-05  1.41161E+00  1.41161E+00  1.10000E+01            140.PM 61.  52   3
 6 4  6.42975E-06  1.41290E+00  1.41290E+00  1.10000E+01            140.PM 61.  53   4
 112  9.18660E-01  1.48980E+00  1.48980E+00  0.00000E+00            140.PM 61.  54  12
 6 1  7.96662E-04  1.44620E+00  1.44620E+00  1.20000E+01            140.PM 61.  55   1
 6 5  9.58529E-05  1.48271E+00  1.48271E+00  1.20000E+01            140.PM 61.  56   5
 6 6  5.38734E-06  1.48307E+00  1.48307E+00  1.20000E+01            140.PM 61.  57   6
 6 7  2.98254E-06  1.48360E+00  1.48360E+00  1.20000E+01            140.PM 61.  58   7
 6 3  2.20580E-05  1.48851E+00  1.48851E+00  1.20000E+01            140.PM 61.  59   3
 6 4  5.87099E-06  1.48980E+00  1.48980E+00  1.20000E+01            140.PM 61.  60   4
 113  7.53000E-02  1.55860E+00  1.55860E+00  0.00000E+00            140.PM 61.  61  13
 6 1  8.15388E-05  1.51500E+00  1.51500E+00  1.30000E+01            140.PM 61.  62   1
 6 5  1.00838E-05  1.55151E+00  1.55151E+00  1.30000E+01            140.PM 61.  63   5
 6 6  3.23740E-07  1.55187E+00  1.55187E+00  1.30000E+01            140.PM 61.  64   6
 6 7  1.03534E-07  1.55240E+00  1.55240E+00  1.30000E+01            140.PM 61.  65   7
 6 3  2.21270E-06  1.55731E+00  1.55731E+00  1.30000E+01            140.PM 61.  66   3
 6 4  6.03391E-07  1.55860E+00  1.55860E+00  1.30000E+01            140.PM 61.  67   4
 114  1.40560E-01  1.58520E+00  1.58520E+00  0.00000E+00            140.PM 61.  68  14
 115  1.40560E-01  1.77400E+00  1.77400E+00  0.00000E+00            140.PM 61.  69  15
 6 1  8.78077E-05  1.73040E+00  1.73040E+00  1.50000E+01            140.PM 61.  70   1
 6 5  1.06049E-05  1.76691E+00  1.76691E+00  1.50000E+01            140.PM 61.  71   5
 6 6  4.82245E-07  1.76727E+00  1.76727E+00  1.50000E+01            140.PM 61.  72   6
 6 7  2.73303E-07  1.76780E+00  1.76780E+00  1.50000E+01            140.PM 61.  73   7
 6 3  2.39182E-06  1.77271E+00  1.77271E+00  1.50000E+01            140.PM 61.  74   3
 6 4  6.36622E-07  1.77400E+00  1.77400E+00  1.50000E+01            140.PM 61.  75   4
 116  1.20480E-01  1.94190E+00  1.94190E+00  0.00000E+00            140.PM 61.  76  16
 117  1.40560E-01  2.33280E+00  2.33280E+00  0.00000E+00            140.PM 61.  77  17
 6 1  6.28510E-05  2.28920E+00  2.28920E+00  1.70000E+01            140.PM 61.  78   1
 6 5  7.41005E-06  2.32571E+00  2.32571E+00  1.70000E+01            140.PM 61.  79   5
 6 6  1.94770E-07  2.32607E+00  2.32607E+00  1.70000E+01            140.PM 61.  80   6
 6 7  7.73170E-08  2.32660E+00  2.32660E+00  1.70000E+01            140.PM 61.  81   7
 6 3  1.61139E-06  2.33151E+00  2.33151E+00  1.70000E+01            140.PM 61.  82   3
 6 4  4.35551E-07  2.33280E+00  2.33280E+00  1.70000E+01            140.PM 61.  83   4
 118  6.52600E-02  2.46720E+00  2.46720E+00  0.00000E+00            140.PM 61.  84  18
 2 1  2.51031E+00  3.68696E-02  3.68696E-02  0.00000E+00            140.PM 61.  85   1
 2 2  4.57158E+00  3.73962E-02  3.73962E-02  0.00000E+00            140.PM 61.  86   2
 2 3  4.51598E-01  4.22041E-02  4.22041E-02  0.00000E+00            140.PM 61.  87   3
 2 4  8.73880E-01  4.23100E-02  4.23100E-02  0.00000E+00            140.PM 61.  88   4
 2 5  5.85581E-03  4.25898E-02  4.25898E-02  0.00000E+00            140.PM 61.  89   5
 2 6  7.83335E-03  4.26126E-02  4.26126E-02  0.00000E+00            140.PM 61.  90   6
 2 7  9.69716E-02  4.33442E-02  4.33442E-02  0.00000E+00            140.PM 61.  91   7
 2 8  1.88458E-01  4.33673E-02  4.33673E-02  0.00000E+00            140.PM 61.  92   8
 2 9  1.26133E-03  4.34682E-02  4.34682E-02  0.00000E+00            140.PM 61.  93   9
 210  1.68469E-03  4.34723E-02  4.34723E-02  0.00000E+00            140.PM 61.  94  10
 211  1.82061E-02  4.35688E-02  4.35688E-02  0.00000E+00            140.PM 61.  95  11
 212  3.60282E-02  4.35720E-02  4.35720E-02  0.00000E+00            140.PM 61.  96  12
 221  3.22613E-05  3.65900E-04  3.65900E-04  0.00000E+00            140.PM 61.  97  21
 222  1.04205E-03  8.92600E-04  8.92600E-04  0.00000E+00            140.PM 61.  98  22
 223  3.21872E-02  5.70049E-03  5.70049E-03  0.00000E+00            140.PM 61.  99  23
 224  4.79509E-02  5.80620E-03  5.80620E-03  0.00000E+00            140.PM 61. 100  24
 225  5.99481E-04  6.08600E-03  6.08600E-03  0.00000E+00            140.PM 61. 101  25
 226  8.96349E-04  6.10898E-03  6.10898E-03  0.00000E+00            140.PM 61. 102  26
 227  7.46448E-03  6.84054E-03  6.84054E-03  0.00000E+00            140.PM 61. 103  27
 228  1.15249E-02  6.86358E-03  6.86358E-03  0.00000E+00            140.PM 61. 104  28
 229  8.01677E-05  6.96462E-03  6.96462E-03  0.00000E+00            140.PM 61. 105  29
 230  1.22961E-04  6.96868E-03  6.96868E-03  0.00000E+00            140.PM 61. 106  30
 231  1.07760E-03  7.06518E-03  7.06518E-03  0.00000E+00            140.PM 61. 107  31
 232  1.62871E-03  7.06842E-03  7.06842E-03  0.00000E+00            140.PM 61. 108  32
 241  7.97842E-07  5.26700E-04  5.26700E-04  0.00000E+00            140.PM 61. 109  41
 242  1.50807E-02  5.17559E-03  5.17559E-03  0.00000E+00            140.PM 61. 110  42
 243  2.63422E-04  5.44030E-03  5.44030E-03  0.00000E+00            140.PM 61. 111  43
 244  3.58909E-01  5.72010E-03  5.72010E-03  0.00000E+00            140.PM 61. 112  44
 245  2.62612E-03  6.41383E-03  6.41383E-03  0.00000E+00            140.PM 61. 113  45
 246  4.75025E-05  6.49767E-03  6.49767E-03  0.00000E+00            140.PM 61. 114  46
 247  6.07446E-02  6.59872E-03  6.59872E-03  0.00000E+00            140.PM 61. 115  47
 248  1.56014E-05  6.71907E-03  6.71907E-03  0.00000E+00            140.PM 61. 116  48
 249  4.11042E-04  6.68259E-03  6.68259E-03  0.00000E+00            140.PM 61. 117  49
 250  9.46662E-06  6.70252E-03  6.70252E-03  0.00000E+00            140.PM 61. 118  50
 261  5.33413E-02  4.64891E-03  4.64891E-03  0.00000E+00            140.PM 61. 119  61
 262  3.28711E-04  4.80789E-03  4.80789E-03  0.00000E+00            140.PM 61. 120  62
 263  3.03465E-04  4.91360E-03  4.91360E-03  0.00000E+00            140.PM 61. 121  63
 264  6.59094E-02  5.19339E-03  5.19339E-03  0.00000E+00            140.PM 61. 122  64
 265  5.83372E-01  5.21638E-03  5.21638E-03  0.00000E+00            140.PM 61. 123  65
 266  6.08527E-03  5.88711E-03  5.88711E-03  0.00000E+00            140.PM 61. 124  66
 267  4.24477E-05  5.94794E-03  5.94794E-03  0.00000E+00            140.PM 61. 125  67
 268  4.09635E-05  5.97098E-03  5.97098E-03  0.00000E+00            140.PM 61. 126  68
 269  1.07581E-02  6.07202E-03  6.07202E-03  0.00000E+00            140.PM 61. 127  69
 270  9.61808E-02  6.07608E-03  6.07608E-03  0.00000E+00            140.PM 61. 128  70
 271  4.49828E-06  6.19238E-03  6.19238E-03  0.00000E+00            140.PM 61. 129  71
 272  2.57404E-05  6.19286E-03  6.19286E-03  0.00000E+00            140.PM 61. 130  72
 273  1.06598E-03  6.15588E-03  6.15588E-03  0.00000E+00            140.PM 61. 131  73
 274  8.47988E-06  6.17258E-03  6.17258E-03  0.00000E+00            140.PM 61. 132  74
 275  7.47290E-06  6.17582E-03  6.17582E-03  0.00000E+00            140.PM 61. 133  75
 291  1.05169E-01  8.63847E-04  8.63847E-04  0.00000E+00            140.PM 61. 134  91
 292  2.79509E-03  1.33575E-04  1.33575E-04  0.00000E+00            140.PM 61. 135  92
 293  2.81033E-07  1.91922E-05  1.91922E-05  0.00000E+00            140.PM 61. 136  93
 294  1.18796E+02  1.51978E-05  1.51978E-05  0.00000E+00            140.PM 61. 137  94
 7 1  4.83061E-01  3.03768E-02  3.03768E-02  0.00000E+00            140.PM 61. 138   1
 7 2  2.31714E-01  3.58432E-02  3.58432E-02  0.00000E+00            140.PM 61. 139   2
 7 3  2.66274E-02  4.13124E-02  4.13124E-02  0.00000E+00            140.PM 61. 140   3
 7 4  1.45051E+00  4.44636E-04  4.44636E-04  0.00000E+00            140.PM 61. 141   4
 7 5  6.05010E+00  4.14675E-03  4.14675E-03  0.00000E+00            140.PM 61. 142   5
 7 6  2.03379E+00  5.09768E-03  5.09768E-03  0.00000E+00            140.PM 61. 143   6
 7 7  1.68963E-01  6.08222E-03  6.08222E-03  0.00000E+00            140.PM 61. 144   7
 7 8  6.92963E+00  1.51233E-04  1.51233E-04  0.00000E+00            140.PM 61. 145   8
 7 9  1.59390E+01  7.10777E-04  7.10777E-04  0.00000E+00            140.PM 61. 146   9
 710  1.09508E+00  8.73668E-04  8.73668E-04  0.00000E+00            140.PM 61. 147  10
 711  2.41599E-02  1.05675E-03  1.05675E-03  0.00000E+00            140.PM 61. 148  11
 712  4.50579E+01  9.39733E-05  9.39733E-05  0.00000E+00            140.PM 61. 149  12
 713  1.20890E+01  7.81662E-05  7.81662E-05  0.00000E+00            140.PM 61. 150  13
 714  1.18880E+01  1.36628E-05  1.36628E-05  0.00000E+00            140.PM 61. 151  14
 715  9.57669E-02  3.48800E-05  3.48800E-05  0.00000E+00            140.PM 61. 152  15
%%%% 140 PM  61    EC B+        9.20000E+00 9.2 S      02-11-2005       SEEIEND 
 


   ***************************************************** 
   *                 Radiation Summary                 * 
   ***************************************************** 
 
  Energy released by
    Gamma-ray                       (MeV) =   7.28128E-02
    X-ray                           (MeV) =   3.42594E-03
    Free-bound X-ray                (MeV) =   1.80543E-05
    Annihilation photon             (MeV) =   9.07735E-01
    Beta+ particle                  (MeV) =   2.04214E+00
    Neutrino                        (MeV) =   3.05781E+00
    Beta- particle                  (MeV) =   0.00000E+00
    Neutrino-                       (MeV) =   0.00000E+00
    Internal conv. electron         (MeV) =   2.37562E-04
    Auger and CK electron           (MeV) =   7.99121E-04
    Alpha particle                  (MeV) =   0.00000E+00
    Recoil nucleus                  (MeV) =   0.00000E+00
  E-total (except unplaced radiat.) (MeV) =   6.08497E+00
  E-unplaced radiation              (MeV) =   6.65685E-02
  Q-value from ENSDF data           (MeV) =   6.09000E+00
  Ratio of E-total/Q-value          ( % ) =   9.99174E+01
  Ratio of E-unplaced radi./Q-value ( % ) =   1.09308E+00

 
  Total yield of
    Gamma-ray                             =   8.08220E-02
    X-ray                                 =   1.02318E-01
    Free-bound X-ray                      =   1.18796E+00
    Annihilation photon                   =   1.77639E+00
    Beta+ particle                        =   8.88194E-01
    Beta- particle                        =   0.00000E+00
    Internal conv. electron               =   3.09688E-04
    Auger and CK electron                 =   1.03563E+00
    Alpha particle                        =   0.00000E+00
  Yield of unplaced radiation             =   7.90650E-02


