%%%% 142 PM  61    EC B+        4.05000E+01 40.5 S     02-11-2005       BALASTAR
1 142   PM  61 40.5 S          EC B+      
           WARNING:                                                                             
 142 ND 60  GAMMA-RAY ENERGY =   2.21900 MEV                                                    
           HALF-LIFE OF INITIAL LEVEL ASSOCIATED WITH GAMMA-RAY TOO SHORT TO BE                 
           CONSIDERED ISOMERIC, AND INTENSITY = 0.0                                             
           TRANSITION IGNORED                                                                   
1INTENSITY AND ENERGY BALANCE DATA

              142-PROMETHIUM-61
+                                    HALFLIFE = 40.5 SECONDS 
+                                                                  02-11-2005


    LEVEL       INTENSITY   INTENSITY
    ENERGY      ENTERING    LEAVING     PERCENT
    (MEV)       LEVEL       LEVEL       ERROR

   0.0000E+00  9.9978E+01
   1.5757E+00  3.3230E+00  3.3030E+00  6.0271E-01                      
   2.2172E+00  6.4995E-01  6.5083E-01  1.3523E-01                      
   2.3846E+00  1.3289E-01  1.3282E-01  4.9698E-02                      
   2.5832E+00  6.6995E-02  6.7080E-02  1.2697E-01                      
   2.8459E+00  7.9194E-02  7.9224E-02  3.7559E-02                      
   3.0457E+00  2.1468E-02  2.1456E-02  5.9059E-02                      
   3.1281E+00  4.6527E-02  4.6574E-02  1.0113E-01                      
   3.3580E+00  3.0058E-02  2.7410E-02  9.2142E+00                      


 INTENSITY TO GROUND AND ISOMERIC STATE(S) OF DAUGHTER(S)=  9.998E+01
 TOTAL INTENSITY FROM PARENT=  1.000E+02
 PERCENT ERROR =  2.166E-02                      


 TOTAL INTENSITY FROM PARENT =  1.000E+02
 VALUE IS WITHIN   0.00E+00% OF 100                      


 TOTAL ENERGY AVAILABLE =  4.798E+00 MEV
 TOTAL ENERGY CONTENT OF ALL RADIATIONS =  4.798E+00 MEV
 PERCENT ERROR =  7.902E-03                      
%%%% 142 PM  61    EC B+        4.05000E+01 40.5 S     02-11-2005       BALAEND 
%%%% 142 PM  61    EC B+        4.05000E+01 40.5 S     02-11-2005       INPUSTAR
1                                      **INPUT DATA**
              142-PROMETHIUM-61
+                                    HALFLIFE = 40.5 SECONDS 
+                                                                  02-11-2005

            MODES OF DECAY: ELECTRON CAPTURE, BETA PLUS
 
                                MEAN
                                NUMBER/    TRANSITION
                TYPE OF    ID   TRANSFOR-  ENERGY
              TRANSITION   NO.  MATION     (MEV)       OTHER NUCLEAR PARAMETERS

           ELECT. CAPTURE   1   3.00E-04   1.440E+00   ALLOWED                                  
           ELECT. CAPTURE   2   4.60E-04   1.670E+00   ALLOWED                                  
           ELECT. CAPTURE   3   2.11E-04   1.752E+00   ALLOWED                                  
           ELECT. CAPTURE   4   7.60E-04   1.952E+00   ALLOWED                                  
           ELECT. CAPTURE   5   6.10E-04   2.215E+00   ALLOWED                                  
           ELECT. CAPTURE   6   1.14E-03   2.413E+00   ALLOWED                                  
           ELECT. CAPTURE   7   5.20E-03   2.581E+00   ALLOWED                                  
           ELECT. CAPTURE   8   1.51E-02   3.222E+00   ALLOWED                                  
           ELECT. CAPTURE   9   2.09E-01   4.798E+00   ALLOWED                                  
                BETA PLUS   1   6.00E-07   4.180E-01*  ALLOWED                                  
                BETA PLUS   2   5.30E-06   6.479E-01*  ALLOWED                                  
                BETA PLUS   3   3.70E-06   7.303E-01*  ALLOWED                                  
                BETA PLUS   4   3.20E-05   9.301E-01*  ALLOWED                                  
                BETA PLUS   5   6.00E-05   1.193E+00*  ALLOWED                                  
                BETA PLUS   6   1.89E-04   1.391E+00*  ALLOWED                                  
                BETA PLUS   7   1.30E-03   1.559E+00*  ALLOWED                                  
                BETA PLUS   8   1.07E-02   2.200E+00*  ALLOWED                                  
                BETA PLUS   9   7.55E-01   3.776E+00*  ALLOWED                                  
           I.C.E. + GAMMA   1   6.51E-03   6.414E-01   E2 MULTIPOLE                             
+                                                                    AK= 0.00522                
           I.C.E. + GAMMA   2   2.06E-04   8.097E-01   M1 MULTIPOLE                             
+                                                                    AK= 0.00492                
           I.C.E. + GAMMA   3   2.09E-04   1.008E+00   M1 MULTIPOLE                             
+                                                                    AK= 0.00294                
           I.C.E. + GAMMA   4   3.11E-04   1.552E+00   M1 MULTIPOLE                             
+                                                                    AK= 0.00109                
           I.C.E. + GAMMA   5   3.30E-02   1.576E+00   E2 MULTIPOLE                             
           I.C.E. + GAMMA   6   1.98E-04   1.782E+00   M1 MULTIPOLE                             
           I.C.E. + GAMMA   8   1.12E-03   2.384E+00   E2 MULTIPOLE                             
           I.C.E. + GAMMA   9   4.62E-04   2.583E+00   M1 MULTIPOLE                             
           I.C.E. + GAMMA  10   7.92E-04   2.846E+00   E2 MULTIPOLE                             
           I.C.E. + GAMMA  11   2.15E-04   3.046E+00   E2 MULTIPOLE                             
           I.C.E. + GAMMA  12   1.55E-04   3.128E+00   M1 MULTIPOLE                             
           I.C.E. + GAMMA  13   7.59E-05   3.358E+00   E2 MULTIPOLE                             
 
           * ENDPOINT ENERGY (MEV)
           - - - - - - - - - -
           Reference: Evaluated Nuclear Structure Data File (ENSDF)
                DATE DATA WERE ENTERED INTO ENSDF: Mar-2000
%%%% 142 PM  61    EC B+        4.05000E+01 40.5 S     02-11-2005       INPUEND 
%%%% 142 PM  61    EC B+        4.05000E+01 40.5 S     02-11-2005       OUTPSTAR
1                                      **OUTPUT DATA**
              142-PROMETHIUM-61
+                                    HALFLIFE = 40.5 SECONDS 
+                                                                  02-11-2005

            MODES OF DECAY: ELECTRON CAPTURE, BETA PLUS
 
                                              MEAN
                                              NUMBER/                  MEV/
                                         ID   TRANSFOR-   ENERGY       TRANSFOR-
                  TYPE OF RADIATION      NO.  MATION      (MEV)        MATION

           BETA PLUS                      8   1.07E-02    9.920E-01*   1.06E-02
           BETA PLUS                      9   7.55E-01    1.720E+00*   1.30E+00
           ANNIHILATION RADIATION             1.53E+00    5.110E-01    7.84E-01
           GAMMA-RAY                      1   6.47E-03    6.414E-01    4.15E-03
           GAMMA-RAY                      5   3.30E-02    1.576E+00    5.20E-02
           GAMMA-RAY                      8   1.12E-03    2.384E+00    2.68E-03
           GAMMA-RAY                      9   4.62E-04    2.583E+00    1.19E-03
           GAMMA-RAY                     10   7.92E-04    2.846E+00    2.25E-03
           K -L2 X-RAY                        5.21E-02    3.687E-02    1.92E-03
           K -L3 X-RAY                        9.49E-02    3.740E-02    3.55E-03
 
           ALL LISTED X-RAYS, GAMMA-RAYS AND ANNIHILATION RADIATION    8.52E-01
           ALL NEGLECTED X-RAYS, GAMMA-RAYS AND ANNIH. RADIATION**     4.28E-03
           ALL LISTED BETAS, INTERNAL CONVERSION AND AUGER ELECTRONS   1.31E+00
           ALL NEGLECTED BETAS, INT. CONVERSION AND AUGER ELECTRONS**  2.82E-03
           ALL LISTED RADIATIONS                                       2.16E+00
           ALL NEGLECTED RADIATIONS**                                  7.10E-03
 
           *  AVERAGE ENERGY (MEV)
           ** EACH NEGLECTED TRANSITION CONTRIBUTES LESS THAN  0.100%
              TO THE TOTAL MEV/TRANSFORMATION FOR THIS CATEGORY.
           TOTAL FEEDING OF GROUND STATE LEVEL IN 142-NEODYMIUM
             DAUGHTER IS 1.0000E+00 PER TRANSFORMATION OF 142-PROMETHIUM.
             THIS DAUGHTER GROUND STATE IS STABLE.
           - - - - - - - - - -
           INPUT DATA SOURCE: EVALUATED NUCLEAR STRUCTURE DATA FILE (ENSDF)
             DATE INPUT DATA WERE ENTERED INTO ENSDF: Mar-2000
%%%% 142 PM  61    EC B+        4.05000E+01 40.5 S     02-11-2005       OUTPEND 
%%%% 142 PM  61    EC B+        4.05000E+01 40.5 S     02-11-2005       BETASTAR
1
              142-PROMETHIUM-61
+                                    HALFLIFE = 40.5 SECONDS 
+                                                                  02-11-2005

            BETA SPECTRUM DATA FOR ALL DECAY BRANCHES

                      BETAS PER                BETAS PER                BETAS PER
            ENERGY    MEV            ENERGY    MEV            ENERGY    MEV
            (MEV)     PER DECAY      (MEV)     PER DECAY      (MEV)     PER DECAY

            0.00000   0.000E+00      0.00320   1.243E-07      0.12000   2.120E-02
            0.00010   0.000E+00      0.00360   2.536E-07      0.13000   2.438E-02
            0.00011   0.000E+00      0.00400   4.586E-07      0.14000   2.765E-02
            0.00012   0.000E+00      0.00450   8.515E-07      0.15000   3.100E-02
            0.00013   0.000E+00      0.00500   1.433E-06      0.16000   3.442E-02
            0.00014   0.000E+00      0.00550   2.242E-06      0.18000   4.140E-02
            0.00015   0.000E+00      0.00600   3.317E-06      0.20000   4.854E-02
            0.00016   0.000E+00      0.00650   4.697E-06      0.22000   5.578E-02
            0.00018   0.000E+00      0.00700   6.420E-06      0.24000   6.309E-02
            0.00020   0.000E+00      0.00750   8.521E-06      0.26000   7.044E-02
            0.00022   0.000E+00      0.00800   1.104E-05      0.28000   7.781E-02
            0.00024   0.000E+00      0.00850   1.400E-05      0.30000   8.518E-02
            0.00026   0.000E+00      0.00900   1.746E-05      0.32000   9.254E-02
            0.00028   0.000E+00      0.01000   2.595E-05      0.36000   1.072E-01
            0.00030   0.000E+00      0.01100   3.678E-05      0.40000   1.216E-01
            0.00032   0.000E+00      0.01200   5.017E-05      0.45000   1.394E-01
            0.00036   0.000E+00      0.01300   6.636E-05      0.50000   1.568E-01
            0.00040   3.627E-27      0.01400   8.555E-05      0.55000   1.736E-01
            0.00045   1.063E-24      0.01500   1.079E-04      0.60000   1.900E-01
            0.00050   1.199E-22      0.01600   1.337E-04      0.65000   2.057E-01
            0.00055   6.153E-21      0.01800   1.958E-04      0.70000   2.208E-01
            0.00060   1.669E-19      0.02000   2.730E-04      0.75000   2.352E-01
            0.00065   2.708E-18      0.02200   3.661E-04      0.80000   2.489E-01
            0.00070   2.901E-17      0.02400   4.757E-04      0.85000   2.619E-01
            0.00075   2.221E-16      0.02600   6.022E-04      0.90000   2.742E-01
            0.00080   1.293E-15      0.02800   7.458E-04      1.00000   2.963E-01
            0.00085   6.011E-15      0.03000   9.067E-04      1.10000   3.151E-01
            0.00090   2.320E-14      0.03200   1.085E-03      1.20000   3.306E-01
            0.00100   2.222E-13      0.03600   1.493E-03      1.30000   3.426E-01
            0.00110   1.361E-12      0.04000   1.968E-03      1.40000   3.512E-01
            0.00120   6.017E-12      0.04500   2.652E-03      1.50000   3.564E-01
            0.00130   2.080E-11      0.05000   3.433E-03      1.60000   3.583E-01
            0.00140   5.956E-11      0.05500   4.302E-03      1.80000   3.520E-01
            0.00150   1.471E-10      0.06000   5.255E-03      2.00000   3.335E-01
            0.00160   3.230E-10      0.06500   6.285E-03      2.20000   3.046E-01
            0.00180   1.190E-09      0.07000   7.385E-03      2.40000   2.667E-01
            0.00200   3.373E-09      0.07500   8.550E-03      2.60000   2.216E-01
            0.00220   7.935E-09      0.08000   9.775E-03      2.80000   1.721E-01
            0.00240   1.627E-08      0.08500   1.105E-02      3.00000   1.218E-01
            0.00260   3.007E-08      0.09000   1.238E-02      3.20000   7.468E-02
            0.00280   5.124E-08      0.10000   1.518E-02      3.60000   8.487E-03
            0.00300   8.190E-08      0.11000   1.812E-02      3.77600   0.000E+00

            AVERAGE BETA ENERGY =   1.708E+00

            TOTAL BETAS PER DECAY FOR ALL BRANCHES =   7.672E-01
%%%% 142 PM  61    EC B+        4.05000E+01 40.5 S     02-11-2005       BETAEND 
%%%% 142 PM  61    EC B+        4.05000E+01 40.5 S     02-11-2005       SEEISTAR
142.  PROMETHIUM   61.  4.050E+01 SECONDS  162 EC B+                142.PM 61.   0
 4 1  5.99957E-05  1.99729E-01  4.18000E-01  0.00000E+00            142.PM 61.   1   1
 4 2  5.29962E-04  3.00651E-01  6.47900E-01  0.00000E+00            142.PM 61.   2   2
 4 3  3.69973E-04  3.36726E-01  7.30300E-01  0.00000E+00            142.PM 61.   3   3
 4 4  3.19977E-03  4.24311E-01  9.30100E-01  0.00000E+00            142.PM 61.   4   4
 4 5  5.99957E-03  5.40048E-01  1.19280E+00  0.00000E+00            142.PM 61.   5   5
 4 6  1.88986E-02  6.28115E-01  1.39140E+00  0.00000E+00            142.PM 61.   6   6
 4 7  1.29991E-01  7.02749E-01  1.55880E+00  0.00000E+00            142.PM 61.   7   7
 4 8  1.06992E+00  9.92046E-01  2.20030E+00  0.00000E+00            142.PM 61.   8   8
 4 9  7.54946E+01  1.72032E+00  3.77600E+00  0.00000E+00            142.PM 61.   9   9
 3 3  1.53447E+02  5.11000E-01  5.11000E-01  0.00000E+00            142.PM 61.  10   3
 1 1  6.46800E-01  6.41400E-01  6.41400E-01  0.00000E+00            142.PM 61.  11   1
 6 1  3.37817E-03  5.97803E-01  5.97803E-01  1.00000E+00            142.PM 61.  12   1
 6 5  4.02184E-04  6.34307E-01  6.34307E-01  1.00000E+00            142.PM 61.  13   5
 6 6  7.09459E-05  6.34673E-01  6.34673E-01  1.00000E+00            142.PM 61.  14   6
 6 7  4.13303E-05  6.35199E-01  6.35199E-01  1.00000E+00            142.PM 61.  15   7
 6 3  1.10129E-04  6.40113E-01  6.40113E-01  1.00000E+00            142.PM 61.  16   3
 6 4  3.02016E-05  6.41400E-01  6.41400E-01  1.00000E+00            142.PM 61.  17   4
 1 2  2.04600E-02  8.09700E-01  8.09700E-01  0.00000E+00            142.PM 61.  18   2
 6 1  1.00747E-04  7.66103E-01  7.66103E-01  2.00000E+00            142.PM 61.  19   1
 6 5  1.25784E-05  8.02607E-01  8.02607E-01  2.00000E+00            142.PM 61.  20   5
 6 6  5.55942E-07  8.02973E-01  8.02973E-01  2.00000E+00            142.PM 61.  21   6
 6 7  1.27804E-07  8.03499E-01  8.03499E-01  2.00000E+00            142.PM 61.  22   7
 6 3  2.80842E-06  8.08413E-01  8.08413E-01  2.00000E+00            142.PM 61.  23   3
 6 4  7.78485E-07  8.09700E-01  8.09700E-01  2.00000E+00            142.PM 61.  24   4
 1 3  2.07900E-02  1.00790E+00  1.00790E+00  0.00000E+00            142.PM 61.  25   3
 6 1  6.10291E-05  9.64303E-01  9.64303E-01  3.00000E+00            142.PM 61.  26   1
 6 5  7.59195E-06  1.00081E+00  1.00081E+00  3.00000E+00            142.PM 61.  27   5
 6 6  3.02940E-07  1.00117E+00  1.00117E+00  3.00000E+00            142.PM 61.  28   6
 6 7  7.58980E-08  1.00170E+00  1.00170E+00  3.00000E+00            142.PM 61.  29   7
 6 3  1.68408E-06  1.00661E+00  1.00661E+00  3.00000E+00            142.PM 61.  30   3
 6 4  4.64037E-07  1.00790E+00  1.00790E+00  3.00000E+00            142.PM 61.  31   4
 1 4  3.10200E-02  1.55220E+00  1.55220E+00  0.00000E+00            142.PM 61.  32   4
 6 1  3.39008E-05  1.50860E+00  1.50860E+00  4.00000E+00            142.PM 61.  33   1
 6 5  4.19269E-06  1.54511E+00  1.54511E+00  4.00000E+00            142.PM 61.  34   5
 6 6  1.34890E-07  1.54547E+00  1.54547E+00  4.00000E+00            142.PM 61.  35   6
 6 7  4.30184E-08  1.54600E+00  1.54600E+00  4.00000E+00            142.PM 61.  36   7
 6 3  9.20074E-07  1.55091E+00  1.55091E+00  4.00000E+00            142.PM 61.  37   3
 6 4  2.50925E-07  1.55220E+00  1.55220E+00  4.00000E+00            142.PM 61.  38   4
 1 5  3.30000E+00  1.57580E+00  1.57580E+00  0.00000E+00            142.PM 61.  39   5
 6 1  2.57279E-03  1.53220E+00  1.53220E+00  5.00000E+00            142.PM 61.  40   1
 6 5  3.09791E-04  1.56871E+00  1.56871E+00  5.00000E+00            142.PM 61.  41   5
 6 6  1.62435E-05  1.56907E+00  1.56907E+00  5.00000E+00            142.PM 61.  42   6
 6 7  9.04939E-06  1.56960E+00  1.56960E+00  5.00000E+00            142.PM 61.  43   7
 6 3  7.08230E-05  1.57451E+00  1.57451E+00  5.00000E+00            142.PM 61.  44   3
 6 4  1.88354E-05  1.57580E+00  1.57580E+00  5.00000E+00            142.PM 61.  45   4
 1 6  1.98000E-02  1.78200E+00  1.78200E+00  0.00000E+00            142.PM 61.  46   6
 6 1  1.59211E-05  1.73840E+00  1.73840E+00  6.00000E+00            142.PM 61.  47   1
 6 5  1.96564E-06  1.77491E+00  1.77491E+00  6.00000E+00            142.PM 61.  48   5
 6 6  5.89149E-08  1.77527E+00  1.77527E+00  6.00000E+00            142.PM 61.  49   6
 6 7  2.07452E-08  1.77580E+00  1.77580E+00  6.00000E+00            142.PM 61.  50   7
 6 3  4.30431E-07  1.78071E+00  1.78071E+00  6.00000E+00            142.PM 61.  51   3
 6 4  1.16999E-07  1.78200E+00  1.78200E+00  6.00000E+00            142.PM 61.  52   4
 1 8  1.12200E-01  2.38430E+00  2.38430E+00  0.00000E+00            142.PM 61.  53   8
 6 1  4.07620E-05  2.34070E+00  2.34070E+00  8.00000E+00            142.PM 61.  54   1
 6 5  4.59092E-06  2.37721E+00  2.37721E+00  8.00000E+00            142.PM 61.  55   5
 6 6  1.39387E-07  2.37757E+00  2.37757E+00  8.00000E+00            142.PM 61.  56   6
 6 7  7.81985E-08  2.37810E+00  2.37810E+00  8.00000E+00            142.PM 61.  57   7
 6 3  1.01463E-06  2.38301E+00  2.38301E+00  8.00000E+00            142.PM 61.  58   3
 6 4  2.65676E-07  2.38430E+00  2.38430E+00  8.00000E+00            142.PM 61.  59   4
 1 9  4.62000E-02  2.58300E+00  2.58300E+00  0.00000E+00            142.PM 61.  60   9
 6 1  1.66467E-05  2.53940E+00  2.53940E+00  9.00000E+00            142.PM 61.  61   1
 6 5  1.92547E-06  2.57591E+00  2.57591E+00  9.00000E+00            142.PM 61.  62   5
 6 6  4.81099E-08  2.57627E+00  2.57627E+00  9.00000E+00            142.PM 61.  63   6
 6 7  2.01934E-08  2.57680E+00  2.57680E+00  9.00000E+00            142.PM 61.  64   7
 6 3  4.17852E-07  2.58171E+00  2.58171E+00  9.00000E+00            142.PM 61.  65   3
 6 4  1.12700E-07  2.58300E+00  2.58300E+00  9.00000E+00            142.PM 61.  66   4
 110  7.92000E-02  2.84590E+00  2.84590E+00  0.00000E+00            142.PM 61.  67  10
 6 1  2.10836E-05  2.80230E+00  2.80230E+00  1.00000E+01            142.PM 61.  68   1
 6 5  2.27787E-06  2.83881E+00  2.83881E+00  1.00000E+01            142.PM 61.  69   5
 6 6  5.48444E-08  2.83917E+00  2.83917E+00  1.00000E+01            142.PM 61.  70   6
 6 7  3.09168E-08  2.83970E+00  2.83970E+00  1.00000E+01            142.PM 61.  71   7
 6 3  4.98429E-07  2.84461E+00  2.84461E+00  1.00000E+01            142.PM 61.  72   3
 6 4  1.29832E-07  2.84590E+00  2.84590E+00  1.00000E+01            142.PM 61.  73   4
 111  2.14500E-02  3.04570E+00  3.04570E+00  0.00000E+00            142.PM 61.  74  11
 6 1  5.07938E-06  3.00210E+00  3.00210E+00  1.10000E+01            142.PM 61.  75   1
 6 5  5.38929E-07  3.03861E+00  3.03861E+00  1.10000E+01            142.PM 61.  76   5
 6 6  1.18719E-08  3.03897E+00  3.03897E+00  1.10000E+01            142.PM 61.  77   6
 6 7  6.70473E-09  3.03950E+00  3.03950E+00  1.10000E+01            142.PM 61.  78   7
 6 3  1.17542E-07  3.04441E+00  3.04441E+00  1.10000E+01            142.PM 61.  79   3
 6 4  3.05603E-08  3.04570E+00  3.04570E+00  1.10000E+01            142.PM 61.  80   4
 112  1.55100E-02  3.12830E+00  3.12830E+00  0.00000E+00            142.PM 61.  81  12
 6 1  3.75952E-06  3.08470E+00  3.08470E+00  1.20000E+01            142.PM 61.  82   1
 6 5  4.15553E-07  3.12121E+00  3.12121E+00  1.20000E+01            142.PM 61.  83   5
 6 6  9.43967E-09  3.12157E+00  3.12157E+00  1.20000E+01            142.PM 61.  84   6
 6 7  4.40020E-09  3.12210E+00  3.12210E+00  1.20000E+01            142.PM 61.  85   7
 6 3  8.98479E-08  3.12701E+00  3.12701E+00  1.20000E+01            142.PM 61.  86   3
 6 4  2.41373E-08  3.12830E+00  3.12830E+00  1.20000E+01            142.PM 61.  87   4
 113  7.59000E-03  3.35800E+00  3.35800E+00  0.00000E+00            142.PM 61.  88  13
 6 1  1.52180E-06  3.31440E+00  3.31440E+00  1.30000E+01            142.PM 61.  89   1
 6 5  1.57000E-07  3.35091E+00  3.35091E+00  1.30000E+01            142.PM 61.  90   5
 6 6  3.04321E-09  3.35127E+00  3.35127E+00  1.30000E+01            142.PM 61.  91   6
 6 7  1.72323E-09  3.35180E+00  3.35180E+00  1.30000E+01            142.PM 61.  92   7
 6 3  3.40982E-08  3.35671E+00  3.35671E+00  1.30000E+01            142.PM 61.  93   3
 6 4  8.84266E-09  3.35800E+00  3.35800E+00  1.30000E+01            142.PM 61.  94   4
 2 1  5.21005E+00  3.68696E-02  3.68696E-02  0.00000E+00            142.PM 61.  95   1
 2 2  9.48816E+00  3.73962E-02  3.73962E-02  0.00000E+00            142.PM 61.  96   2
 2 3  9.37275E-01  4.22041E-02  4.22041E-02  0.00000E+00            142.PM 61.  97   3
 2 4  1.81371E+00  4.23100E-02  4.23100E-02  0.00000E+00            142.PM 61.  98   4
 2 5  1.21535E-02  4.25898E-02  4.25898E-02  0.00000E+00            142.PM 61.  99   5
 2 6  1.62578E-02  4.26126E-02  4.26126E-02  0.00000E+00            142.PM 61. 100   6
 2 7  2.01261E-01  4.33442E-02  4.33442E-02  0.00000E+00            142.PM 61. 101   7
 2 8  3.91137E-01  4.33673E-02  4.33673E-02  0.00000E+00            142.PM 61. 102   8
 2 9  2.61785E-03  4.34682E-02  4.34682E-02  0.00000E+00            142.PM 61. 103   9
 210  3.49651E-03  4.34723E-02  4.34723E-02  0.00000E+00            142.PM 61. 104  10
 211  3.77861E-02  4.35688E-02  4.35688E-02  0.00000E+00            142.PM 61. 105  11
 212  7.47752E-02  4.35720E-02  4.35720E-02  0.00000E+00            142.PM 61. 106  12
 221  6.71817E-05  3.65900E-04  3.65900E-04  0.00000E+00            142.PM 61. 107  21
 222  2.16999E-03  8.92600E-04  8.92600E-04  0.00000E+00            142.PM 61. 108  22
 223  6.70275E-02  5.70049E-03  5.70049E-03  0.00000E+00            142.PM 61. 109  23
 224  9.98541E-02  5.80619E-03  5.80619E-03  0.00000E+00            142.PM 61. 110  24
 225  1.24837E-03  6.08600E-03  6.08600E-03  0.00000E+00            142.PM 61. 111  25
 226  1.86658E-03  6.10898E-03  6.10898E-03  0.00000E+00            142.PM 61. 112  26
 227  1.55442E-02  6.84054E-03  6.84054E-03  0.00000E+00            142.PM 61. 113  27
 228  2.39997E-02  6.86358E-03  6.86358E-03  0.00000E+00            142.PM 61. 114  28
 229  1.66943E-04  6.96462E-03  6.96462E-03  0.00000E+00            142.PM 61. 115  29
 230  2.56057E-04  6.96868E-03  6.96868E-03  0.00000E+00            142.PM 61. 116  30
 231  2.24403E-03  7.06518E-03  7.06518E-03  0.00000E+00            142.PM 61. 117  31
 232  3.39166E-03  7.06842E-03  7.06842E-03  0.00000E+00            142.PM 61. 118  32
 241  1.65647E-06  5.26700E-04  5.26700E-04  0.00000E+00            142.PM 61. 119  41
 242  3.13105E-02  5.17559E-03  5.17559E-03  0.00000E+00            142.PM 61. 120  42
 243  5.46914E-04  5.44030E-03  5.44030E-03  0.00000E+00            142.PM 61. 121  43
 244  7.45164E-01  5.72010E-03  5.72010E-03  0.00000E+00            142.PM 61. 122  44
 245  5.45232E-03  6.41383E-03  6.41383E-03  0.00000E+00            142.PM 61. 123  45
 246  9.86242E-05  6.49767E-03  6.49767E-03  0.00000E+00            142.PM 61. 124  46
 247  1.26117E-01  6.59872E-03  6.59872E-03  0.00000E+00            142.PM 61. 125  47
 248  3.23915E-05  6.71908E-03  6.71908E-03  0.00000E+00            142.PM 61. 126  48
 249  8.53401E-04  6.68259E-03  6.68259E-03  0.00000E+00            142.PM 61. 127  49
 250  1.96545E-05  6.70252E-03  6.70252E-03  0.00000E+00            142.PM 61. 128  50
 261  1.10741E-01  4.64891E-03  4.64891E-03  0.00000E+00            142.PM 61. 129  61
 262  6.82433E-04  4.80789E-03  4.80789E-03  0.00000E+00            142.PM 61. 130  62
 263  6.30019E-04  4.91360E-03  4.91360E-03  0.00000E+00            142.PM 61. 131  63
 264  1.36834E-01  5.19339E-03  5.19339E-03  0.00000E+00            142.PM 61. 132  64
 265  1.21113E+00  5.21638E-03  5.21638E-03  0.00000E+00            142.PM 61. 133  65
 266  1.26335E-02  5.88711E-03  5.88711E-03  0.00000E+00            142.PM 61. 134  66
 267  8.81252E-05  5.94794E-03  5.94794E-03  0.00000E+00            142.PM 61. 135  67
 268  8.50437E-05  5.97098E-03  5.97098E-03  0.00000E+00            142.PM 61. 136  68
 269  2.23348E-02  6.07202E-03  6.07202E-03  0.00000E+00            142.PM 61. 137  69
 270  1.99680E-01  6.07609E-03  6.07609E-03  0.00000E+00            142.PM 61. 138  70
 271  9.33883E-06  6.19238E-03  6.19238E-03  0.00000E+00            142.PM 61. 139  71
 272  5.34394E-05  6.19286E-03  6.19286E-03  0.00000E+00            142.PM 61. 140  72
 273  2.21306E-03  6.15588E-03  6.15588E-03  0.00000E+00            142.PM 61. 141  73
 274  1.76050E-05  6.17258E-03  6.17258E-03  0.00000E+00            142.PM 61. 142  74
 275  1.55144E-05  6.17582E-03  6.17582E-03  0.00000E+00            142.PM 61. 143  75
 291  2.18403E-01  8.63857E-04  8.63857E-04  0.00000E+00            142.PM 61. 144  91
 292  5.80548E-03  1.33577E-04  1.33577E-04  0.00000E+00            142.PM 61. 145  92
 293  5.83685E-07  1.91922E-05  1.91922E-05  0.00000E+00            142.PM 61. 146  93
 294  2.46725E+02  1.51978E-05  1.51978E-05  0.00000E+00            142.PM 61. 147  94
 7 1  1.00258E+00  3.03768E-02  3.03768E-02  0.00000E+00            142.PM 61. 148   1
 7 2  4.80915E-01  3.58432E-02  3.58432E-02  0.00000E+00            142.PM 61. 149   2
 7 3  5.52642E-02  4.13124E-02  4.13124E-02  0.00000E+00            142.PM 61. 150   3
 7 4  3.01712E+00  4.44746E-04  4.44746E-04  0.00000E+00            142.PM 61. 151   4
 7 5  1.25637E+01  4.14687E-03  4.14687E-03  0.00000E+00            142.PM 61. 152   5
 7 6  4.22343E+00  5.09782E-03  5.09782E-03  0.00000E+00            142.PM 61. 153   6
 7 7  3.50879E-01  6.08238E-03  6.08238E-03  0.00000E+00            142.PM 61. 154   7
 7 8  1.43947E+01  1.51232E-04  1.51232E-04  0.00000E+00            142.PM 61. 155   8
 7 9  3.30997E+01  7.10783E-04  7.10783E-04  0.00000E+00            142.PM 61. 156   9
 710  2.27415E+00  8.73683E-04  8.73683E-04  0.00000E+00            142.PM 61. 157  10
 711  5.01739E-02  1.05678E-03  1.05678E-03  0.00000E+00            142.PM 61. 158  11
 712  9.35810E+01  9.39729E-05  9.39729E-05  0.00000E+00            142.PM 61. 159  12
 713  2.51074E+01  7.81684E-05  7.81684E-05  0.00000E+00            142.PM 61. 160  13
 714  2.46905E+01  1.36628E-05  1.36628E-05  0.00000E+00            142.PM 61. 161  14
 715  1.98901E-01  3.48800E-05  3.48800E-05  0.00000E+00            142.PM 61. 162  15
%%%% 142 PM  61    EC B+        4.05000E+01 40.5 S     02-11-2005       SEEIEND 
 


   ***************************************************** 
   *                 Radiation Summary                 * 
   ***************************************************** 
 
  Energy released by
    Gamma-ray                       (MeV) =   6.48754E-02
    X-ray                           (MeV) =   7.11050E-03
    Free-bound X-ray                (MeV) =   3.74968E-05
    Annihilation photon             (MeV) =   7.84115E-01
    Beta+ particle                  (MeV) =   1.31044E+00
    Neutrino                        (MeV) =   2.62905E+00
    Beta- particle                  (MeV) =   0.00000E+00
    Neutrino-                       (MeV) =   0.00000E+00
    Internal conv. electron         (MeV) =   7.55902E-05
    Auger and CK electron           (MeV) =   1.65926E-03
    Alpha particle                  (MeV) =   0.00000E+00
    Recoil nucleus                  (MeV) =   0.00000E+00
  E-total (except unplaced radiat.) (MeV) =   4.79737E+00
  E-unplaced radiation              (MeV) =   0.00000E+00
  Q-value from ENSDF data           (MeV) =   4.79800E+00
  Ratio of E-total/Q-value          ( % ) =   9.99868E+01
  Ratio of E-unplaced radi./Q-value ( % ) =   0.00000E+00

 
  Total yield of
    Gamma-ray                             =   4.32102E-02
    X-ray                                 =   2.12375E-01
    Free-bound X-ray                      =   2.46725E+00
    Annihilation photon                   =   1.53447E+00
    Beta+ particle                        =   7.67236E-01
    Beta- particle                        =   0.00000E+00
    Internal conv. electron               =   7.37911E-05
    Auger and CK electron                 =   2.15090E+00
    Alpha particle                        =   0.00000E+00
  Yield of unplaced radiation             =   0.00000E+00


