%%%% 144 PM  61    EC           3.13632E+07 363 D      02-11-2005       BALASTAR
1 144   PM  61 363 D           EC         
1INTENSITY AND ENERGY BALANCE DATA

              144-PROMETHIUM-61
+                                    HALFLIFE = 363 DAYS    
+                                                                  02-11-2005


    LEVEL       INTENSITY   INTENSITY
    ENERGY      ENTERING    LEAVING     PERCENT
    (MEV)       LEVEL       LEVEL       ERROR

   0.0000E+00  9.9998E+01
   6.9656E-01  9.9721E+01  9.9998E+01  2.7665E-01                      
   1.3147E+00  1.0132E+02  9.9169E+01  2.1430E+00                      
   1.5108E+00  7.4177E-01  5.4809E-01  3.0031E+01  ********************
   1.7914E+00  4.2264E+01  4.4365E+01  4.8506E+00                      
   2.0933E+00  1.9037E+00  1.8771E+00  1.4079E+00                      
   2.1100E+00  4.3084E-03  4.2829E-03  5.9527E-01                      
   2.2048E+00  6.0118E-01  5.9029E-01  1.8282E+00                      


 INTENSITY TO GROUND AND ISOMERIC STATE(S) OF DAUGHTER(S)=  1.000E+02
 TOTAL INTENSITY FROM PARENT=  1.000E+02
 PERCENT ERROR =  2.129E-03                      


 TOTAL INTENSITY FROM PARENT =  1.000E+02
 VALUE IS WITHIN   7.63E-06% OF 100                      


 TOTAL ENERGY AVAILABLE =  2.332E+00 MEV
 TOTAL ENERGY CONTENT OF ALL RADIATIONS =  2.339E+00 MEV
 PERCENT ERROR =  3.180E-01                      
%%%% 144 PM  61    EC           3.13632E+07 363 D      02-11-2005       BALAEND 
%%%% 144 PM  61    EC           3.13632E+07 363 D      02-11-2005       INPUSTAR
1                                      **INPUT DATA**
              144-PROMETHIUM-61
+                                    HALFLIFE = 363 DAYS    
+                                                                  02-11-2005

            MODE OF DECAY: ELECTRON CAPTURE
 
                                MEAN
                                NUMBER/    TRANSITION
                TYPE OF    ID   TRANSFOR-  ENERGY
              TRANSITION   NO.  MATION     (MEV)       OTHER NUCLEAR PARAMETERS

           ELECT. CAPTURE   1   6.01E-03   1.269E-01   ALLOWED                                  
           ELECT. CAPTURE   2   4.31E-05   2.217E-01   FIRST FORBIDDEN                          
           ELECT. CAPTURE   3   1.90E-02   2.384E-01   ALLOWED                                  
           ELECT. CAPTURE   4   4.21E-01   5.403E-01   FIRST FORBIDDEN                          
           ELECT. CAPTURE   5   5.54E-01   1.017E+00   FIRST FORBIDDEN                          
           I.C.E. + GAMMA   1   1.81E-03   3.017E-01   E1 MULTIPOLE                             
+                                                                    AK= 0.0115                 
                                                       AL1=0.00131                              
           I.C.E. + GAMMA   2   4.44E-01   4.768E-01   E2 MULTIPOLE                             
+                                                                    AK= 0.0111                 
                                                       AL1=0.00129                              
           I.C.E. + GAMMA   3   1.91E-03   5.824E-01   E2 MULTIPOLE                             
+                                                                    AK= 0.00662                
           I.C.E. + GAMMA   4   9.92E-01   6.180E-01   E2 MULTIPOLE                             
+                                                                    AK= 0.00572                
           I.C.E. + GAMMA   5   5.51E-03   6.940E-01   M1+E2 MULTIPOLE                          
                                                       MRS=0.422     AK= 0.00630                
           I.C.E. + GAMMA   6   1.00E+00   6.965E-01   E2 MULTIPOLE                             
+                                                                    AK= 0.00429                
           I.C.E. + GAMMA   7   1.50E-02   7.786E-01   E1 MULTIPOLE                             
+                                                                    AK= 0.00132                
           I.C.E. + GAMMA   8   5.48E-03   8.141E-01   E1 MULTIPOLE                             
+                                                                    AK= 0.00121                
           I.C.E. + GAMMA   9   3.88E-04   8.901E-01   E1 MULTIPOLE                             
+                                                                    AK= 0.00101                
           I.C.E. + GAMMA  10   4.89E-06   1.397E+00   E3 MULTIPOLE                             
+                                                                    AK= 0.00187                
           I.C.E. + GAMMA  11   4.28E-05   1.413E+00   E2 MULTIPOLE                             
           I.C.E. + GAMMA  12   2.00E-06   1.508E+00   M2 MULTIPOLE                             
+                                                                    AK= 0.00260                
           I.C.E. + GAMMA  13   1.30E-06   1.511E+00   E3 MULTIPOLE                             
+                                                                    AK= 0.00158                
 
           - - - - - - - - - -
           Reference: Evaluated Nuclear Structure Data File (ENSDF)
                DATE DATA WERE ENTERED INTO ENSDF: Aug-2001
%%%% 144 PM  61    EC           3.13632E+07 363 D      02-11-2005       INPUEND 
%%%% 144 PM  61    EC           3.13632E+07 363 D      02-11-2005       OUTPSTAR
1                                      **OUTPUT DATA**
              144-PROMETHIUM-61
+                                    HALFLIFE = 363 DAYS    
+                                                                  02-11-2005

            MODE OF DECAY: ELECTRON CAPTURE
 
                                              MEAN
                                              NUMBER/                  MEV/
                                         ID   TRANSFOR-   ENERGY       TRANSFOR-
                  TYPE OF RADIATION      NO.  MATION      (MEV)        MATION

           GAMMA-RAY                      2   4.38E-01    4.768E-01    2.09E-01
           K CONV. ELECTRON, GAMMA-RAY    2   4.85E-03    4.332E-01    2.10E-03
           L1 CONV. ELECTRON, GAMMA-RAY   2   5.67E-04    4.697E-01    2.66E-04
           L2 CONV. ELECTRON, GAMMA-RAY   2   1.52E-04    4.701E-01    7.15E-05
           L3 CONV. ELECTRON, GAMMA-RAY   2   9.64E-05    4.706E-01    4.53E-05
           M CONV. ELECTRON, GAMMA-RAY    2   1.77E-04    4.755E-01*   8.39E-05
           N+ CONV. ELECTRON, GAMMA-RAY   2   4.79E-05    4.768E-01*   2.29E-05
           GAMMA-RAY                      4   9.85E-01    6.180E-01    6.09E-01
           K CONV. ELECTRON, GAMMA-RAY    4   5.63E-03    5.744E-01    3.23E-03
           L1 CONV. ELECTRON, GAMMA-RAY   4   6.69E-04    6.109E-01    4.09E-04
           L2 CONV. ELECTRON, GAMMA-RAY   4   1.24E-04    6.113E-01    7.61E-05
           L3 CONV. ELECTRON, GAMMA-RAY   4   7.31E-05    6.118E-01    4.47E-05
           M CONV. ELECTRON, GAMMA-RAY    4   1.86E-04    6.167E-01*   1.15E-04
           N+ CONV. ELECTRON, GAMMA-RAY   4   5.09E-05    6.180E-01*   3.14E-05
           GAMMA-RAY                      5   5.47E-03    6.940E-01    3.80E-03
           K CONV. ELECTRON, GAMMA-RAY    5   3.45E-05    6.504E-01    2.24E-05
           GAMMA-RAY                      6   9.95E-01    6.965E-01    6.93E-01
           K CONV. ELECTRON, GAMMA-RAY    6   4.27E-03    6.529E-01    2.79E-03
           L1 CONV. ELECTRON, GAMMA-RAY   6   5.10E-04    6.894E-01    3.52E-04
           L2 CONV. ELECTRON, GAMMA-RAY   6   8.01E-05    6.898E-01    5.52E-05
           L3 CONV. ELECTRON, GAMMA-RAY   6   4.58E-05    6.903E-01    3.16E-05
           M CONV. ELECTRON, GAMMA-RAY    6   1.36E-04    6.952E-01*   9.44E-05
           N+ CONV. ELECTRON, GAMMA-RAY   6   3.73E-05    6.965E-01*   2.60E-05
           GAMMA-RAY                      7   1.50E-02    7.786E-01    1.17E-02
           GAMMA-RAY                      8   5.47E-03    8.141E-01    4.45E-03
           K -L2 X-RAY                        2.24E-01    3.687E-02    8.26E-03
           K -L3 X-RAY                        4.08E-01    3.740E-02    1.53E-02
           K -M2 X-RAY                        4.03E-02    4.220E-02    1.70E-03
           K -M3 X-RAY                        7.80E-02    4.231E-02    3.30E-03
           AUGER KLL                          4.31E-02    3.038E-02*   1.31E-03
           AUGER KLX                          2.07E-02    3.584E-02*   7.41E-04
           AUGER KXY                          2.38E-03    4.131E-02*   9.82E-05
           CK LLX                             1.37E-01    4.471E-04*   6.11E-05
           AUGER LMM                          5.48E-01    4.150E-03*   2.27E-03
           AUGER LMX                          1.84E-01    5.101E-03*   9.40E-04
           AUGER LXY                          1.53E-02    6.086E-03*   9.32E-05
           CK MMX                             6.32E-01    1.512E-04*   9.56E-05
           AUGER MNN                          1.44E+00    7.109E-04*   1.03E-03
           AUGER MNX                          9.93E-02    8.740E-04*   8.68E-05
           CK NNX                             4.10E+00    9.396E-05*   3.85E-04
           AUGER NXY                          1.10E+00    7.822E-05*   8.59E-05
 
           ALL LISTED X-RAYS, GAMMA-RAYS AND ANNIHILATION RADIATION    1.56E+00
           ALL NEGLECTED X-RAYS, GAMMA-RAYS AND ANNIH. RADIATION**     4.29E-03
           ALL LISTED BETAS, INTERNAL CONVERSION AND AUGER ELECTRONS   1.71E-02
           ALL NEGLECTED BETAS, INT. CONVERSION AND AUGER ELECTRONS**  5.95E-05
           ALL LISTED RADIATIONS                                       1.58E+00
           ALL NEGLECTED RADIATIONS**                                  4.35E-03
 
           *  AVERAGE ENERGY (MEV)
           ** EACH NEGLECTED TRANSITION CONTRIBUTES LESS THAN  0.100%
              TO THE TOTAL MEV/TRANSFORMATION FOR THIS CATEGORY.
           TOTAL FEEDING OF GROUND STATE LEVEL IN 144-NEODYMIUM
             DAUGHTER IS 1.0000E+00 PER TRANSFORMATION OF 144-PROMETHIUM.
             DECAY OF THIS 0.229E+16 YEARS HALFLIFE LEVEL WILL CONTRIBUTE TO DOSE.
           - - - - - - - - - -
           INPUT DATA SOURCE: EVALUATED NUCLEAR STRUCTURE DATA FILE (ENSDF)
             DATE INPUT DATA WERE ENTERED INTO ENSDF: Aug-2001
%%%% 144 PM  61    EC           3.13632E+07 363 D      02-11-2005       OUTPEND 
%%%% 144 PM  61    EC           3.13632E+07 363 D      02-11-2005       SEEISTAR
144.  PROMETHIUM   61.  3.630E+02 DAYS     159 EC                   144.PM 61.   0
 1 1  1.79082E-01  3.01700E-01  3.01700E-01  0.00000E+00            144.PM 61.   1   1
 6 1  2.05726E-03  2.58103E-01  2.58103E-01  1.00000E+00            144.PM 61.   2   1
 6 5  2.33873E-04  2.94607E-01  2.94607E-01  1.00000E+00            144.PM 61.   3   5
 6 6  1.93505E-05  2.94973E-01  2.94973E-01  1.00000E+00            144.PM 61.   4   6
 6 7  2.27071E-05  2.95499E-01  2.95499E-01  1.00000E+00            144.PM 61.   5   7
 6 3  5.81355E-05  3.00413E-01  3.00413E-01  1.00000E+00            144.PM 61.   6   3
 6 4  1.59376E-05  3.01700E-01  3.01700E-01  1.00000E+00            144.PM 61.   7   4
 1 2  4.37756E+01  4.76780E-01  4.76780E-01  0.00000E+00            144.PM 61.   8   2
 6 1  4.85306E-01  4.33183E-01  4.33183E-01  2.00000E+00            144.PM 61.   9   1
 6 5  5.66537E-02  4.69687E-01  4.69687E-01  2.00000E+00            144.PM 61.  10   5
 6 6  1.52138E-02  4.70053E-01  4.70053E-01  2.00000E+00            144.PM 61.  11   6
 6 7  9.63686E-03  4.70579E-01  4.70579E-01  2.00000E+00            144.PM 61.  12   7
 6 3  1.76520E-02  4.75493E-01  4.75493E-01  2.00000E+00            144.PM 61.  13   3
 6 4  4.79274E-03  4.76780E-01  4.76780E-01  2.00000E+00            144.PM 61.  14   4
 1 3  1.89031E-01  5.82400E-01  5.82400E-01  0.00000E+00            144.PM 61.  15   3
 6 1  1.25156E-03  5.38803E-01  5.38803E-01  3.00000E+00            144.PM 61.  16   1
 6 5  1.48202E-04  5.75307E-01  5.75307E-01  3.00000E+00            144.PM 61.  17   5
 6 6  2.99844E-05  5.75673E-01  5.75673E-01  3.00000E+00            144.PM 61.  18   6
 6 7  1.78969E-05  5.76199E-01  5.76199E-01  3.00000E+00            144.PM 61.  19   7
 6 3  4.21288E-05  5.81113E-01  5.81113E-01  3.00000E+00            144.PM 61.  20   3
 6 4  1.15165E-05  5.82400E-01  5.82400E-01  3.00000E+00            144.PM 61.  21   4
 1 4  9.84951E+01  6.18010E-01  6.18010E-01  0.00000E+00            144.PM 61.  22   4
 6 1  5.63128E-01  5.74413E-01  5.74413E-01  4.00000E+00            144.PM 61.  23   1
 6 5  6.69114E-02  6.10917E-01  6.10917E-01  4.00000E+00            144.PM 61.  24   5
 6 6  1.24429E-02  6.11283E-01  6.11283E-01  4.00000E+00            144.PM 61.  25   6
 6 7  7.31403E-03  6.11809E-01  6.11809E-01  4.00000E+00            144.PM 61.  26   7
 6 3  1.85783E-02  6.16723E-01  6.16723E-01  4.00000E+00            144.PM 61.  27   3
 6 4  5.08871E-03  6.18010E-01  6.18010E-01  4.00000E+00            144.PM 61.  28   4
 1 5  5.47195E-01  6.94000E-01  6.94000E-01  0.00000E+00            144.PM 61.  29   5
 6 1  3.44886E-03  6.50403E-01  6.50403E-01  5.00000E+00            144.PM 61.  30   1
 6 5  4.27663E-04  6.86907E-01  6.86907E-01  5.00000E+00            144.PM 61.  31   5
 6 6  2.95070E-05  6.87273E-01  6.87273E-01  5.00000E+00            144.PM 61.  32   6
 6 7  1.11541E-05  6.87799E-01  6.87799E-01  5.00000E+00            144.PM 61.  33   7
 6 3  9.94601E-05  6.92713E-01  6.92713E-01  5.00000E+00            144.PM 61.  34   3
 6 4  2.75151E-05  6.94000E-01  6.94000E-01  5.00000E+00            144.PM 61.  35   4
 1 6  9.94900E+01  6.96490E-01  6.96490E-01  0.00000E+00            144.PM 61.  36   6
 6 1  4.26854E-01  6.52893E-01  6.52893E-01  6.00000E+00            144.PM 61.  37   1
 6 5  5.10042E-02  6.89397E-01  6.89397E-01  6.00000E+00            144.PM 61.  38   5
 6 6  8.00507E-03  6.89763E-01  6.89763E-01  6.00000E+00            144.PM 61.  39   6
 6 7  4.58141E-03  6.90289E-01  6.90289E-01  6.00000E+00            144.PM 61.  40   7
 6 3  1.35778E-02  6.95203E-01  6.95203E-01  6.00000E+00            144.PM 61.  41   3
 6 4  3.73200E-03  6.96490E-01  6.96490E-01  6.00000E+00            144.PM 61.  42   4
 1 7  1.50230E+00  7.78570E-01  7.78570E-01  0.00000E+00            144.PM 61.  43   7
 6 1  1.97998E-03  7.34973E-01  7.34973E-01  7.00000E+00            144.PM 61.  44   1
 6 5  2.32820E-04  7.71477E-01  7.71477E-01  7.00000E+00            144.PM 61.  45   5
 6 6  9.50411E-06  7.71843E-01  7.71843E-01  7.00000E+00            144.PM 61.  46   6
 6 7  1.13197E-05  7.72369E-01  7.72369E-01  7.00000E+00            144.PM 61.  47   7
 6 3  5.33387E-05  7.77283E-01  7.77283E-01  7.00000E+00            144.PM 61.  48   3
 6 4  1.47370E-05  7.78570E-01  7.78570E-01  7.00000E+00            144.PM 61.  49   4
 1 8  5.47195E-01  8.14140E-01  8.14140E-01  0.00000E+00            144.PM 61.  50   8
 6 1  6.59499E-04  7.70543E-01  7.70543E-01  8.00000E+00            144.PM 61.  51   1
 6 5  7.76127E-05  8.07047E-01  8.07047E-01  8.00000E+00            144.PM 61.  52   5
 6 6  3.05571E-06  8.07413E-01  8.07413E-01  8.00000E+00            144.PM 61.  53   6
 6 7  3.66027E-06  8.07939E-01  8.07939E-01  8.00000E+00            144.PM 61.  54   7
 6 3  1.77267E-05  8.12853E-01  8.12853E-01  8.00000E+00            144.PM 61.  55   3
 6 4  4.90059E-06  8.14140E-01  8.14140E-01  8.00000E+00            144.PM 61.  56   4
 1 9  3.88011E-02  8.90100E-01  8.90100E-01  0.00000E+00            144.PM 61.  57   9
 6 1  3.92478E-05  8.46503E-01  8.46503E-01  9.00000E+00            144.PM 61.  58   1
 6 5  4.62547E-06  8.83007E-01  8.83007E-01  9.00000E+00            144.PM 61.  59   5
 6 6  1.69330E-07  8.83373E-01  8.83373E-01  9.00000E+00            144.PM 61.  60   6
 6 7  2.05505E-07  8.83899E-01  8.83899E-01  9.00000E+00            144.PM 61.  61   7
 6 3  1.05037E-06  8.88813E-01  8.88813E-01  9.00000E+00            144.PM 61.  62   3
 6 4  2.90713E-07  8.90100E-01  8.90100E-01  9.00000E+00            144.PM 61.  63   4
 110  4.87501E-04  1.39660E+00  1.39660E+00  0.00000E+00            144.PM 61.  64  10
 6 1  9.10419E-07  1.35300E+00  1.35300E+00  1.00000E+01            144.PM 61.  65   1
 6 5  1.13314E-07  1.38951E+00  1.38951E+00  1.00000E+01            144.PM 61.  66   5
 6 6  1.38834E-08  1.38987E+00  1.38987E+00  1.00000E+01            144.PM 61.  67   6
 6 7  4.21451E-09  1.39040E+00  1.39040E+00  1.00000E+01            144.PM 61.  68   7
 6 3  2.80429E-08  1.39531E+00  1.39531E+00  1.00000E+01            144.PM 61.  69   3
 6 4  7.41089E-09  1.39660E+00  1.39660E+00  1.00000E+01            144.PM 61.  70   4
 111  4.27807E-03  1.41300E+00  1.41300E+00  0.00000E+00            144.PM 61.  71  11
 6 1  4.10589E-06  1.36940E+00  1.36940E+00  1.10000E+01            144.PM 61.  72   1
 6 5  4.93806E-07  1.40591E+00  1.40591E+00  1.10000E+01            144.PM 61.  73   5
 6 6  2.96642E-08  1.40627E+00  1.40627E+00  1.10000E+01            144.PM 61.  74   6
 6 7  1.63434E-08  1.40680E+00  1.40680E+00  1.10000E+01            144.PM 61.  75   7
 6 3  1.14365E-07  1.41171E+00  1.41171E+00  1.10000E+01            144.PM 61.  76   3
 6 4  3.04796E-08  1.41300E+00  1.41300E+00  1.10000E+01            144.PM 61.  77   4
 112  1.98980E-04  1.50810E+00  1.50810E+00  0.00000E+00            144.PM 61.  78  12
 6 1  5.16483E-07  1.46450E+00  1.46450E+00  1.20000E+01            144.PM 61.  79   1
 6 5  6.55778E-08  1.50101E+00  1.50101E+00  1.20000E+01            144.PM 61.  80   5
 6 6  3.20970E-09  1.50137E+00  1.50137E+00  1.20000E+01            144.PM 61.  81   6
 6 7  5.85215E-10  1.50190E+00  1.50190E+00  1.20000E+01            144.PM 61.  82   7
 6 3  1.47059E-08  1.50681E+00  1.50681E+00  1.20000E+01            144.PM 61.  83   3
 6 4  3.92939E-09  1.50810E+00  1.50810E+00  1.20000E+01            144.PM 61.  84   4
 113  1.29337E-04  1.51060E+00  1.51060E+00  0.00000E+00            144.PM 61.  85  13
 6 1  2.03837E-07  1.46700E+00  1.46700E+00  1.30000E+01            144.PM 61.  86   1
 6 5  2.53505E-08  1.50351E+00  1.50351E+00  1.30000E+01            144.PM 61.  87   5
 6 6  2.76097E-09  1.50387E+00  1.50387E+00  1.30000E+01            144.PM 61.  88   6
 6 7  8.34402E-10  1.50440E+00  1.50440E+00  1.30000E+01            144.PM 61.  89   7
 6 3  6.16406E-09  1.50931E+00  1.50931E+00  1.30000E+01            144.PM 61.  90   3
 6 4  1.62160E-09  1.51060E+00  1.51060E+00  1.30000E+01            144.PM 61.  91   4
 2 1  2.24008E+01  3.68696E-02  3.68696E-02  0.00000E+00            144.PM 61.  92   1
 2 2  4.07947E+01  3.73962E-02  3.73962E-02  0.00000E+00            144.PM 61.  93   2
 2 3  4.02985E+00  4.22041E-02  4.22041E-02  0.00000E+00            144.PM 61.  94   3
 2 4  7.79811E+00  4.23100E-02  4.23100E-02  0.00000E+00            144.PM 61.  95   4
 2 5  5.22546E-02  4.25898E-02  4.25898E-02  0.00000E+00            144.PM 61.  96   5
 2 6  6.99012E-02  4.26126E-02  4.26126E-02  0.00000E+00            144.PM 61.  97   6
 2 7  8.65330E-01  4.33442E-02  4.33442E-02  0.00000E+00            144.PM 61.  98   7
 2 8  1.68171E+00  4.33673E-02  4.33673E-02  0.00000E+00            144.PM 61.  99   8
 2 9  1.12555E-02  4.34682E-02  4.34682E-02  0.00000E+00            144.PM 61. 100   9
 210  1.50334E-02  4.34723E-02  4.34723E-02  0.00000E+00            144.PM 61. 101  10
 211  1.62463E-01  4.35688E-02  4.35688E-02  0.00000E+00            144.PM 61. 102  11
 212  3.21499E-01  4.35720E-02  4.35720E-02  0.00000E+00            144.PM 61. 103  12
 221  3.11756E-04  3.65900E-04  3.65900E-04  0.00000E+00            144.PM 61. 104  21
 222  1.00698E-02  8.92600E-04  8.92600E-04  0.00000E+00            144.PM 61. 105  22
 223  3.11040E-01  5.70049E-03  5.70049E-03  0.00000E+00            144.PM 61. 106  23
 224  4.63371E-01  5.80619E-03  5.80619E-03  0.00000E+00            144.PM 61. 107  24
 225  5.79306E-03  6.08600E-03  6.08600E-03  0.00000E+00            144.PM 61. 108  25
 226  8.66183E-03  6.10898E-03  6.10898E-03  0.00000E+00            144.PM 61. 109  26
 227  7.21327E-02  6.84054E-03  6.84054E-03  0.00000E+00            144.PM 61. 110  27
 228  1.11370E-01  6.86358E-03  6.86358E-03  0.00000E+00            144.PM 61. 111  28
 229  7.74698E-04  6.96462E-03  6.96462E-03  0.00000E+00            144.PM 61. 112  29
 230  1.18823E-03  6.96868E-03  6.96868E-03  0.00000E+00            144.PM 61. 113  30
 231  1.04134E-02  7.06518E-03  7.06518E-03  0.00000E+00            144.PM 61. 114  31
 232  1.57389E-02  7.06842E-03  7.06842E-03  0.00000E+00            144.PM 61. 115  32
 241  7.20044E-06  5.26700E-04  5.26700E-04  0.00000E+00            144.PM 61. 116  41
 242  1.36102E-01  5.17559E-03  5.17559E-03  0.00000E+00            144.PM 61. 117  42
 243  2.37736E-03  5.44030E-03  5.44030E-03  0.00000E+00            144.PM 61. 118  43
 244  3.23912E+00  5.72010E-03  5.72010E-03  0.00000E+00            144.PM 61. 119  44
 245  2.37004E-02  6.41383E-03  6.41383E-03  0.00000E+00            144.PM 61. 120  45
 246  4.28705E-04  6.49767E-03  6.49767E-03  0.00000E+00            144.PM 61. 121  46
 247  5.48213E-01  6.59872E-03  6.59872E-03  0.00000E+00            144.PM 61. 122  47
 248  1.40801E-04  6.71908E-03  6.71908E-03  0.00000E+00            144.PM 61. 123  48
 249  3.70961E-03  6.68259E-03  6.68259E-03  0.00000E+00            144.PM 61. 124  49
 250  8.54352E-05  6.70252E-03  6.70252E-03  0.00000E+00            144.PM 61. 125  50
 261  4.80152E-01  4.64891E-03  4.64891E-03  0.00000E+00            144.PM 61. 126  61
 262  2.95889E-03  4.80789E-03  4.80789E-03  0.00000E+00            144.PM 61. 127  62
 263  2.73164E-03  4.91360E-03  4.91360E-03  0.00000E+00            144.PM 61. 128  63
 264  5.93284E-01  5.19339E-03  5.19339E-03  0.00000E+00            144.PM 61. 129  64
 265  5.25123E+00  5.21638E-03  5.21638E-03  0.00000E+00            144.PM 61. 130  65
 266  5.47766E-02  5.88711E-03  5.88711E-03  0.00000E+00            144.PM 61. 131  66
 267  3.82093E-04  5.94794E-03  5.94794E-03  0.00000E+00            144.PM 61. 132  67
 268  3.68733E-04  5.97098E-03  5.97098E-03  0.00000E+00            144.PM 61. 133  68
 269  9.68394E-02  6.07202E-03  6.07202E-03  0.00000E+00            144.PM 61. 134  69
 270  8.65772E-01  6.07608E-03  6.07608E-03  0.00000E+00            144.PM 61. 135  70
 271  4.04913E-05  6.19238E-03  6.19238E-03  0.00000E+00            144.PM 61. 136  71
 272  2.31703E-04  6.19286E-03  6.19286E-03  0.00000E+00            144.PM 61. 137  72
 273  9.59540E-03  6.15588E-03  6.15588E-03  0.00000E+00            144.PM 61. 138  73
 274  7.63317E-05  6.17258E-03  6.17258E-03  0.00000E+00            144.PM 61. 139  74
 275  6.72674E-05  6.17582E-03  6.17582E-03  0.00000E+00            144.PM 61. 140  75
 291  9.53531E-01  8.64067E-04  8.64067E-04  0.00000E+00            144.PM 61. 141  91
 292  2.54453E-02  1.33607E-04  1.33607E-04  0.00000E+00            144.PM 61. 142  92
 293  2.55542E-06  1.91922E-05  1.91922E-05  0.00000E+00            144.PM 61. 143  93
 294  1.07967E+03  1.51991E-05  1.51991E-05  0.00000E+00            144.PM 61. 144  94
 7 1  4.31061E+00  3.03768E-02  3.03768E-02  0.00000E+00            144.PM 61. 145   1
 7 2  2.06771E+00  3.58432E-02  3.58432E-02  0.00000E+00            144.PM 61. 146   2
 7 3  2.37611E-01  4.13124E-02  4.13124E-02  0.00000E+00            144.PM 61. 147   3
 7 4  1.36616E+01  4.47123E-04  4.47123E-04  0.00000E+00            144.PM 61. 148   4
 7 5  5.48091E+01  4.14975E-03  4.14975E-03  0.00000E+00            144.PM 61. 149   5
 7 6  1.84283E+01  5.10106E-03  5.10106E-03  0.00000E+00            144.PM 61. 150   6
 7 7  1.53163E+00  6.08623E-03  6.08623E-03  0.00000E+00            144.PM 61. 151   7
 7 8  6.32499E+01  1.51218E-04  1.51218E-04  0.00000E+00            144.PM 61. 152   8
 7 9  1.44468E+02  7.10921E-04  7.10921E-04  0.00000E+00            144.PM 61. 153   9
 710  9.93054E+00  8.74027E-04  8.74027E-04  0.00000E+00            144.PM 61. 154  10
 711  2.19202E-01  1.05733E-03  1.05733E-03  0.00000E+00            144.PM 61. 155  11
 712  4.09579E+02  9.39631E-05  9.39631E-05  0.00000E+00            144.PM 61. 156  12
 713  1.09870E+02  7.82182E-05  7.82182E-05  0.00000E+00            144.PM 61. 157  13
 714  1.08097E+02  1.36628E-05  1.36628E-05  0.00000E+00            144.PM 61. 158  14
 715  8.70805E-01  3.48800E-05  3.48800E-05  0.00000E+00            144.PM 61. 159  15
%%%% 144 PM  61    EC           3.13632E+07 363 D      02-11-2005       SEEIEND 
 


   ***************************************************** 
   *                 Radiation Summary                 * 
   ***************************************************** 
 
  Energy released by
    Gamma-ray                       (MeV) =   1.53237E+00
    X-ray                           (MeV) =   3.05822E-02
    Free-bound X-ray                (MeV) =   1.64100E-04
    Annihilation photon             (MeV) =   0.00000E+00
    Beta+ particle                  (MeV) =   0.00000E+00
    Neutrino                        (MeV) =   7.57496E-01
    Beta- particle                  (MeV) =   0.00000E+00
    Neutrino-                       (MeV) =   0.00000E+00
    Internal conv. electron         (MeV) =   9.91257E-03
    Auger and CK electron           (MeV) =   7.21518E-03
    Alpha particle                  (MeV) =   0.00000E+00
    Recoil nucleus                  (MeV) =   0.00000E+00
  E-total (except unplaced radiat.) (MeV) =   2.33774E+00
  E-unplaced radiation              (MeV) =   0.00000E+00
  Q-value from ENSDF data           (MeV) =   2.33170E+00
  Ratio of E-total/Q-value          ( % ) =   1.00259E+02
  Ratio of E-unplaced radi./Q-value ( % ) =   0.00000E+00

 
  Total yield of
    Gamma-ray                             =   2.44769E+00
    X-ray                                 =   9.15052E-01
    Free-bound X-ray                      =   1.07967E+01
    Annihilation photon                   =   0.00000E+00
    Beta+ particle                        =   0.00000E+00
    Beta- particle                        =   0.00000E+00
    Internal conv. electron               =   1.78155E-02
    Auger and CK electron                 =   9.41331E+00
    Alpha particle                        =   0.00000E+00
  Yield of unplaced radiation             =   0.00000E+00


