%%%% 144 PR  59    B-           1.03680E+03 17.28 M    02-11-2005       BALASTAR
1 144   PR  59 17.28 M         B-         
           WARNING:                                                                             
 144 ND 60  GAMMA-RAY ENERGY =   1.67180 MEV                                                    
           HALF-LIFE OF INITIAL LEVEL ASSOCIATED WITH GAMMA-RAY TOO SHORT TO BE                 
           CONSIDERED ISOMERIC, AND INTENSITY = 0.0                                             
           TRANSITION IGNORED                                                                   
1INTENSITY AND ENERGY BALANCE DATA

              144-PRASEODYMIUM-59
+                                    HALFLIFE = 17.28 MINUTES 
+                                                                  02-11-2005


    LEVEL       INTENSITY   INTENSITY
    ENERGY      ENTERING    LEAVING     PERCENT
    (MEV)       LEVEL       LEVEL       ERROR

   0.0000E+00  9.9943E+01
   6.9651E-01  1.3318E+00  1.3488E+00  1.2692E+00                      
   1.5107E+00  2.9687E-03  3.2253E-03  8.2875E+00                      
   1.5610E+00  2.5838E-03  2.6290E-03  1.7337E+00                      
   2.0728E+00  6.2000E-04  6.1809E-04  3.0792E-01                      
   2.0845E+00  6.7000E-03  6.7312E-03  4.6491E-01                      
   2.1857E+00  1.0500E+00  9.7601E-01  7.3041E+00                      
   2.3683E+00  5.4000E-05  5.3703E-05  5.5201E-01                      
   2.6549E+00  1.5000E-04  1.4768E-04  1.5601E+00                      
   2.6753E+00  8.7000E-04  8.7282E-04  3.2332E-01                      
   2.7429E+00  3.0000E-04  3.2232E-04  7.1717E+00                      


 INTENSITY TO GROUND AND ISOMERIC STATE(S) OF DAUGHTER(S)=  9.994E+01
 TOTAL INTENSITY FROM PARENT=  1.000E+02
 PERCENT ERROR =  5.666E-02                      


 TOTAL INTENSITY FROM PARENT =  1.000E+02
 VALUE IS WITHIN   0.00E+00% OF 100                      


 TOTAL ENERGY AVAILABLE =  2.998E+00 MEV
 TOTAL ENERGY CONTENT OF ALL RADIATIONS =  2.996E+00 MEV
 PERCENT ERROR =  4.984E-02                      
%%%% 144 PR  59    B-           1.03680E+03 17.28 M    02-11-2005       BALAEND 
%%%% 144 PR  59    B-           1.03680E+03 17.28 M    02-11-2005       INPUSTAR
1                                      **INPUT DATA**
              144-PRASEODYMIUM-59
+                                    HALFLIFE = 17.28 MINUTES 
+                                                                  02-11-2005

            MODE OF DECAY: BETA MINUS
 
                                MEAN
                                NUMBER/    TRANSITION
                TYPE OF    ID   TRANSFOR-  ENERGY
              TRANSITION   NO.  MATION     (MEV)       OTHER NUCLEAR PARAMETERS

               BETA MINUS   1   3.00E-06   2.546E-01*  FIRST FORBIDDEN                          
               BETA MINUS   2   8.70E-06   3.222E-01*  FIRST FORBIDDEN                          
               BETA MINUS   3   1.50E-06   3.426E-01*  FIRST FORBIDDEN                          
               BETA MINUS   4   5.40E-07   6.292E-01*  UNIQUE FIRST FORBIDDEN                   
               BETA MINUS   5   1.05E-02   8.118E-01*  ALLOWED                                  
               BETA MINUS   6   6.70E-05   9.130E-01*  FIRST FORBIDDEN                          
               BETA MINUS   7   6.20E-06   9.247E-01*  UNIQUE FIRST FORBIDDEN                   
               BETA MINUS   8   1.40E-05   1.437E+00*  UNIQUE FIRST FORBIDDEN                   
               BETA MINUS   9   1.04E-02   2.301E+00*  UNIQUE FIRST FORBIDDEN                   
               BETA MINUS  10   9.79E-01   2.998E+00*  FIRST FORBIDDEN                          
           I.C.E. + GAMMA   1   1.13E-05   6.247E-01   E1 MULTIPOLE                             
+                                                                    AK= 0.00208                
           I.C.E. + GAMMA   2   2.97E-05   6.750E-01   E2 MULTIPOLE                             
+                                                                    AK= 0.00462                
           I.C.E. + GAMMA   3   1.35E-02   6.965E-01   E2 MULTIPOLE                             
+                                                                    AK= 0.00429                
           I.C.E. + GAMMA   4   3.23E-05   8.141E-01   E1 MULTIPOLE                             
+                                                                    AK= 0.00121                
           I.C.E. + GAMMA   5   2.43E-05   8.645E-01   M1+E2 MULTIPOLE                          
                                                       AK= 0.00421                              
           I.C.E. + GAMMA   6   5.38E-07   1.182E+00   E2 MULTIPOLE                             
+                                                                    AK= 0.00136                
           I.C.E. + GAMMA   7   3.90E-06   1.376E+00   M1 MULTIPOLE                             
+                                                                    AK= 0.00143                
           I.C.E. + GAMMA   8   6.73E-05   1.388E+00   E2 MULTIPOLE                             
           I.C.E. + GAMMA   9   2.78E-03   1.489E+00   E1 MULTIPOLE                             
           I.C.E. + GAMMA  10   2.01E-06   1.561E+00   E2 MULTIPOLE                             
           I.C.E. + GAMMA  12   8.73E-06   1.979E+00   E2 MULTIPOLE                             
           I.C.E. + GAMMA  13   2.69E-06   2.046E+00   E2 MULTIPOLE                             
           I.C.E. + GAMMA  14   2.28E-06   2.073E+00   E2 MULTIPOLE                             
           I.C.E. + GAMMA  15   6.94E-03   2.186E+00   E1 MULTIPOLE                             
           I.C.E. + GAMMA  16   5.37E-07   2.368E+00   E2 MULTIPOLE                             
           I.C.E. + GAMMA  17   1.48E-06   2.655E+00   M1 MULTIPOLE                             
 
           * ENDPOINT ENERGY (MEV)
           - - - - - - - - - -
           Reference: Evaluated Nuclear Structure Data File (ENSDF)
                DATE DATA WERE ENTERED INTO ENSDF: Aug-2001
%%%% 144 PR  59    B-           1.03680E+03 17.28 M    02-11-2005       INPUEND 
%%%% 144 PR  59    B-           1.03680E+03 17.28 M    02-11-2005       OUTPSTAR
1                                      **OUTPUT DATA**
              144-PRASEODYMIUM-59
+                                    HALFLIFE = 17.28 MINUTES 
+                                                                  02-11-2005

            MODE OF DECAY: BETA MINUS
 
                                              MEAN
                                              NUMBER/                  MEV/
                                         ID   TRANSFOR-   ENERGY       TRANSFOR-
                  TYPE OF RADIATION      NO.  MATION      (MEV)        MATION

           BETA MINUS                     5   1.05E-02    2.671E-01*   2.80E-03
           BETA MINUS                     9   1.04E-02    8.949E-01*   9.31E-03
           BETA MINUS                    10   9.79E-01    1.222E+00*   1.20E+00
           GAMMA-RAY                      3   1.34E-02    6.965E-01    9.35E-03
           GAMMA-RAY                      8   6.72E-05    1.388E+00    9.33E-05
           GAMMA-RAY                      9   2.78E-03    1.489E+00    4.14E-03
           GAMMA-RAY                     15   6.94E-03    2.186E+00    1.52E-02
 
           ALL LISTED X-RAYS, GAMMA-RAYS AND ANNIHILATION RADIATION    2.87E-02
           ALL NEGLECTED X-RAYS, GAMMA-RAYS AND ANNIH. RADIATION**     1.18E-04
           ALL LISTED BETAS, INTERNAL CONVERSION AND AUGER ELECTRONS   1.21E+00
           ALL NEGLECTED BETAS, INT. CONVERSION AND AUGER ELECTRONS**  8.28E-05
           ALL LISTED RADIATIONS                                       1.24E+00
           ALL NEGLECTED RADIATIONS**                                  2.01E-04
 
           *  AVERAGE ENERGY (MEV)
           ** EACH NEGLECTED TRANSITION CONTRIBUTES LESS THAN  0.100%
              TO THE TOTAL MEV/TRANSFORMATION FOR THIS CATEGORY.
           TOTAL FEEDING OF GROUND STATE LEVEL IN 144-NEODYMIUM
             DAUGHTER IS 1.0000E+00 PER TRANSFORMATION OF 144-PRASEODYMIUM.
             DECAY OF THIS 0.229E+16 YEARS HALFLIFE LEVEL WILL CONTRIBUTE TO DOSE.
           - - - - - - - - - -
           INPUT DATA SOURCE: EVALUATED NUCLEAR STRUCTURE DATA FILE (ENSDF)
             DATE INPUT DATA WERE ENTERED INTO ENSDF: Aug-2001
%%%% 144 PR  59    B-           1.03680E+03 17.28 M    02-11-2005       OUTPEND 
%%%% 144 PR  59    B-           1.03680E+03 17.28 M    02-11-2005       BETASTAR
1
              144-PRASEODYMIUM-59
+                                    HALFLIFE = 17.28 MINUTES 
+                                                                  02-11-2005

            BETA SPECTRUM DATA FOR ALL DECAY BRANCHES

                      BETAS PER                BETAS PER                BETAS PER
            ENERGY    MEV            ENERGY    MEV            ENERGY    MEV
            (MEV)     PER DECAY      (MEV)     PER DECAY      (MEV)     PER DECAY

            0.00000   2.001E-01      0.00300   2.007E-01      0.10000   2.453E-01
            0.00010   2.001E-01      0.00320   2.008E-01      0.11000   2.501E-01
            0.00011   2.001E-01      0.00360   2.009E-01      0.12000   2.550E-01
            0.00012   2.001E-01      0.00400   2.010E-01      0.13000   2.598E-01
            0.00013   2.001E-01      0.00450   2.011E-01      0.14000   2.647E-01
            0.00014   2.001E-01      0.00500   2.012E-01      0.15000   2.695E-01
            0.00015   2.001E-01      0.00550   2.013E-01      0.16000   2.744E-01
            0.00016   2.001E-01      0.00600   2.014E-01      0.18000   2.840E-01
            0.00018   2.001E-01      0.00650   2.015E-01      0.20000   2.935E-01
            0.00020   2.001E-01      0.00700   2.016E-01      0.22000   3.029E-01
            0.00022   2.001E-01      0.00750   2.017E-01      0.24000   3.122E-01
            0.00024   2.001E-01      0.00800   2.018E-01      0.26000   3.214E-01
            0.00026   2.001E-01      0.00850   2.019E-01      0.28000   3.304E-01
            0.00028   2.001E-01      0.00900   2.021E-01      0.30000   3.393E-01
            0.00030   2.001E-01      0.01000   2.023E-01      0.32000   3.480E-01
            0.00032   2.001E-01      0.01100   2.028E-01      0.36000   3.650E-01
            0.00036   2.002E-01      0.01200   2.032E-01      0.40000   3.812E-01
            0.00040   2.002E-01      0.01300   2.037E-01      0.45000   4.003E-01
            0.00045   2.002E-01      0.01400   2.042E-01      0.50000   4.183E-01
            0.00050   2.002E-01      0.01500   2.047E-01      0.55000   4.351E-01
            0.00055   2.002E-01      0.01600   2.052E-01      0.60000   4.506E-01
            0.00060   2.002E-01      0.01800   2.061E-01      0.65000   4.650E-01
            0.00065   2.002E-01      0.02000   2.071E-01      0.70000   4.783E-01
            0.00070   2.002E-01      0.02200   2.080E-01      0.75000   4.906E-01
            0.00075   2.002E-01      0.02400   2.090E-01      0.80000   5.020E-01
            0.00080   2.003E-01      0.02600   2.099E-01      0.85000   5.123E-01
            0.00085   2.003E-01      0.02800   2.109E-01      0.90000   5.211E-01
            0.00090   2.003E-01      0.03000   2.118E-01      1.00000   5.335E-01
            0.00100   2.003E-01      0.03200   2.128E-01      1.10000   5.393E-01
            0.00110   2.003E-01      0.03600   2.146E-01      1.20000   5.382E-01
            0.00120   2.003E-01      0.04000   2.165E-01      1.30000   5.305E-01
            0.00130   2.004E-01      0.04500   2.189E-01      1.40000   5.164E-01
            0.00140   2.004E-01      0.05000   2.213E-01      1.50000   4.962E-01
            0.00150   2.004E-01      0.05500   2.237E-01      1.60000   4.703E-01
            0.00160   2.004E-01      0.06000   2.260E-01      1.80000   4.041E-01
            0.00180   2.005E-01      0.06500   2.284E-01      2.00000   3.233E-01
            0.00200   2.005E-01      0.07000   2.308E-01      2.20000   2.354E-01
            0.00220   2.006E-01      0.07500   2.332E-01      2.40000   1.494E-01
            0.00240   2.006E-01      0.08000   2.356E-01      2.60000   7.417E-02
            0.00260   2.007E-01      0.08500   2.380E-01      2.80000   2.038E-02
            0.00280   2.007E-01      0.09000   2.404E-01      2.99750   0.000E+00

            AVERAGE BETA ENERGY =   1.208E+00

            TOTAL BETAS PER DECAY FOR ALL BRANCHES =   1.000E+00
%%%% 144 PR  59    B-           1.03680E+03 17.28 M    02-11-2005       BETAEND 
%%%% 144 PR  59    B-           1.03680E+03 17.28 M    02-11-2005       SEEISTAR
144.  PRASEODYMIUM 59.  1.728E+01 MINUTES  190 B-                   144.PR 59.   0
 5 1  3.00000E-04  7.11289E-02  2.54630E-01  0.00000E+00            144.PR 59.   1   1
 5 2  8.69999E-04  9.23139E-02  3.22160E-01  0.00000E+00            144.PR 59.   2   2
 5 3  1.50000E-04  9.88861E-02  3.42570E-01  0.00000E+00            144.PR 59.   3   3
 5 4  5.39999E-05  2.13234E-01  6.29200E-01  1.00000E+00            144.PR 59.   4   4
 5 5  1.05000E+00  2.67133E-01  8.11830E-01  0.00000E+00            144.PR 59.   5   5
 5 6  6.69999E-03  3.06697E-01  9.12960E-01  0.00000E+00            144.PR 59.   6   6
 5 7  6.19999E-04  3.22793E-01  9.24690E-01  1.00000E+00            144.PR 59.   7   7
 5 8  1.40000E-03  5.26157E-01  1.43654E+00  1.00000E+00            144.PR 59.   8   8
 5 9  1.04000E+00  8.94915E-01  2.30099E+00  1.00000E+00            144.PR 59.   9   9
 510  9.78999E+01  1.22190E+00  2.99750E+00  0.00000E+00            144.PR 59.  10  10
 1 1  1.12728E-03  6.24700E-01  6.24700E-01  0.00000E+00            144.PR 59.  11   1
 6 1  2.34758E-06  5.81103E-01  5.81103E-01  1.00000E+00            144.PR 59.  12   1
 6 5  2.74591E-07  6.17607E-01  6.17607E-01  1.00000E+00            144.PR 59.  13   5
 6 6  1.33444E-08  6.17973E-01  6.17973E-01  1.00000E+00            144.PR 59.  14   6
 6 7  1.55782E-08  6.18499E-01  6.18499E-01  1.00000E+00            144.PR 59.  15   7
 6 3  6.39453E-08  6.23413E-01  6.23413E-01  1.00000E+00            144.PR 59.  16   3
 6 4  1.76249E-08  6.24700E-01  6.24700E-01  1.00000E+00            144.PR 59.  17   4
 1 2  2.95240E-03  6.74950E-01  6.74950E-01  0.00000E+00            144.PR 59.  18   2
 6 1  1.36436E-05  6.31353E-01  6.31353E-01  2.00000E+00            144.PR 59.  19   1
 6 5  1.62828E-06  6.67857E-01  6.67857E-01  2.00000E+00            144.PR 59.  20   5
 6 6  2.67179E-07  6.68223E-01  6.68223E-01  2.00000E+00            144.PR 59.  21   6
 6 7  1.53873E-07  6.68749E-01  6.68749E-01  2.00000E+00            144.PR 59.  22   7
 6 3  4.37917E-07  6.73663E-01  6.73663E-01  2.00000E+00            144.PR 59.  23   3
 6 4  1.20289E-07  6.74950E-01  6.74950E-01  2.00000E+00            144.PR 59.  24   4
 1 3  1.34200E+00  6.96510E-01  6.96510E-01  0.00000E+00            144.PR 59.  25   3
 6 1  5.75735E-03  6.52913E-01  6.52913E-01  3.00000E+00            144.PR 59.  26   1
 6 5  6.87939E-04  6.89417E-01  6.89417E-01  3.00000E+00            144.PR 59.  27   5
 6 6  1.07967E-04  6.89783E-01  6.89783E-01  3.00000E+00            144.PR 59.  28   6
 6 7  6.17907E-05  6.90309E-01  6.90309E-01  3.00000E+00            144.PR 59.  29   7
 6 3  1.83135E-04  6.95223E-01  6.95223E-01  3.00000E+00            144.PR 59.  30   3
 6 4  5.03364E-05  6.96510E-01  6.96510E-01  3.00000E+00            144.PR 59.  31   4
 1 4  3.22080E-03  8.14100E-01  8.14100E-01  0.00000E+00            144.PR 59.  32   4
 6 1  3.88220E-06  7.70503E-01  7.70503E-01  4.00000E+00            144.PR 59.  33   1
 6 5  4.56874E-07  8.07007E-01  8.07007E-01  4.00000E+00            144.PR 59.  34   5
 6 6  1.79884E-08  8.07373E-01  8.07373E-01  4.00000E+00            144.PR 59.  35   6
 6 7  2.15472E-08  8.07899E-01  8.07899E-01  4.00000E+00            144.PR 59.  36   7
 6 3  1.04350E-07  8.12813E-01  8.12813E-01  4.00000E+00            144.PR 59.  37   3
 6 4  2.88478E-08  8.14100E-01  8.14100E-01  4.00000E+00            144.PR 59.  38   4
 1 5  2.41560E-03  8.64450E-01  8.64450E-01  0.00000E+00            144.PR 59.  39   5
 6 1  1.01789E-05  8.20853E-01  8.20853E-01  5.00000E+00            144.PR 59.  40   1
 6 5  1.26947E-06  8.57357E-01  8.57357E-01  5.00000E+00            144.PR 59.  41   5
 6 6  5.44563E-08  8.57723E-01  8.57723E-01  5.00000E+00            144.PR 59.  42   6
 6 7  1.28142E-08  8.58249E-01  8.58249E-01  5.00000E+00            144.PR 59.  43   7
 6 3  2.82887E-07  8.63163E-01  8.63163E-01  5.00000E+00            144.PR 59.  44   3
 6 4  7.84237E-08  8.64450E-01  8.64450E-01  5.00000E+00            144.PR 59.  45   4
 1 6  5.36800E-05  1.18200E+00  1.18200E+00  0.00000E+00            144.PR 59.  46   6
 6 1  7.31519E-08  1.13840E+00  1.13840E+00  6.00000E+00            144.PR 59.  47   1
 6 5  8.79756E-09  1.17491E+00  1.17491E+00  6.00000E+00            144.PR 59.  48   5
 6 6  6.66099E-10  1.17527E+00  1.17527E+00  6.00000E+00            144.PR 59.  49   6
 6 7  3.63877E-10  1.17580E+00  1.17580E+00  6.00000E+00            144.PR 59.  50   7
 6 3  2.08663E-09  1.18071E+00  1.18071E+00  6.00000E+00            144.PR 59.  51   3
 6 4  5.60237E-10  1.18200E+00  1.18200E+00  6.00000E+00            144.PR 59.  52   4
 1 7  3.89180E-04  1.37627E+00  1.37627E+00  0.00000E+00            144.PR 59.  53   7
 6 1  5.57682E-07  1.33267E+00  1.33267E+00  7.00000E+00            144.PR 59.  54   1
 6 5  6.90781E-08  1.36918E+00  1.36918E+00  7.00000E+00            144.PR 59.  55   5
 6 6  2.36275E-09  1.36954E+00  1.36954E+00  7.00000E+00            144.PR 59.  56   6
 6 7  6.97412E-10  1.37007E+00  1.37007E+00  7.00000E+00            144.PR 59.  57   7
 6 3  1.51968E-08  1.37498E+00  1.37498E+00  7.00000E+00            144.PR 59.  58   3
 6 4  4.15699E-09  1.37627E+00  1.37627E+00  7.00000E+00            144.PR 59.  59   4
 1 8  6.72342E-03  1.38802E+00  1.38802E+00  0.00000E+00            144.PR 59.  60   8
 6 1  6.67876E-06  1.34442E+00  1.34442E+00  8.00000E+00            144.PR 59.  61   1
 6 5  8.03170E-07  1.38093E+00  1.38093E+00  8.00000E+00            144.PR 59.  62   5
 6 6  4.93543E-08  1.38129E+00  1.38129E+00  8.00000E+00            144.PR 59.  63   6
 6 7  2.71538E-08  1.38182E+00  1.38182E+00  8.00000E+00            144.PR 59.  64   7
 6 3  1.86424E-07  1.38673E+00  1.38673E+00  8.00000E+00            144.PR 59.  65   3
 6 4  4.97118E-08  1.38802E+00  1.38802E+00  8.00000E+00            144.PR 59.  66   4
 1 9  2.77794E-01  1.48916E+00  1.48916E+00  0.00000E+00            144.PR 59.  67   9
 6 1  1.11076E-04  1.44556E+00  1.44556E+00  9.00000E+00            144.PR 59.  68   1
 6 5  1.31312E-05  1.48207E+00  1.48207E+00  9.00000E+00            144.PR 59.  69   5
 6 6  3.13987E-07  1.48243E+00  1.48243E+00  9.00000E+00            144.PR 59.  70   6
 6 7  4.31750E-07  1.48296E+00  1.48296E+00  9.00000E+00            144.PR 59.  71   7
 6 3  2.91559E-06  1.48787E+00  1.48787E+00  9.00000E+00            144.PR 59.  72   3
 6 4  7.79155E-07  1.48916E+00  1.48916E+00  9.00000E+00            144.PR 59.  73   4
 110  2.01300E-04  1.56097E+00  1.56097E+00  0.00000E+00            144.PR 59.  74  10
 6 1  1.59769E-07  1.51737E+00  1.51737E+00  1.00000E+01            144.PR 59.  75   1
 6 5  1.92349E-08  1.55388E+00  1.55388E+00  1.00000E+01            144.PR 59.  76   5
 6 6  1.02034E-09  1.55424E+00  1.55424E+00  1.00000E+01            144.PR 59.  77   6
 6 7  5.67789E-10  1.55477E+00  1.55477E+00  1.00000E+01            144.PR 59.  78   7
 6 3  4.40220E-09  1.55968E+00  1.55968E+00  1.00000E+01            144.PR 59.  79   3
 6 4  1.17087E-09  1.56097E+00  1.56097E+00  1.00000E+01            144.PR 59.  80   4
 112  8.72300E-04  1.97882E+00  1.97882E+00  0.00000E+00            144.PR 59.  81  12
 6 1  4.43862E-07  1.93522E+00  1.93522E+00  1.20000E+01            144.PR 59.  82   1
 6 5  5.40791E-08  1.97173E+00  1.97173E+00  1.20000E+01            144.PR 59.  83   5
 6 6  2.16840E-09  1.97209E+00  1.97209E+00  1.20000E+01            144.PR 59.  84   6
 6 7  1.25426E-09  1.97262E+00  1.97262E+00  1.20000E+01            144.PR 59.  85   7
 6 3  1.20446E-08  1.97753E+00  1.97753E+00  1.20000E+01            144.PR 59.  86   3
 6 4  3.22004E-09  1.97882E+00  1.97882E+00  1.20000E+01            144.PR 59.  87   4
 113  2.68400E-04  2.04630E+00  2.04630E+00  0.00000E+00            144.PR 59.  88  13
 6 1  1.28446E-07  2.00270E+00  2.00270E+00  1.30000E+01            144.PR 59.  89   1
 6 5  1.56814E-08  2.03921E+00  2.03921E+00  1.30000E+01            144.PR 59.  90   5
 6 6  6.05645E-10  2.03957E+00  2.03957E+00  1.30000E+01            144.PR 59.  91   6
 6 7  3.52837E-10  2.04010E+00  2.04010E+00  1.30000E+01            144.PR 59.  92   7
 6 3  3.47883E-09  2.04501E+00  2.04501E+00  1.30000E+01            144.PR 59.  93   3
 6 4  9.32063E-10  2.04630E+00  2.04630E+00  1.30000E+01            144.PR 59.  94   4
 114  2.28140E-04  2.07290E+00  2.07290E+00  0.00000E+00            144.PR 59.  95  14
 6 1  1.06639E-07  2.02930E+00  2.02930E+00  1.40000E+01            144.PR 59.  96   1
 6 5  1.30296E-08  2.06581E+00  2.06581E+00  1.40000E+01            144.PR 59.  97   5
 6 6  4.96091E-10  2.06617E+00  2.06617E+00  1.40000E+01            144.PR 59.  98   6
 6 7  2.89843E-10  2.06670E+00  2.06670E+00  1.40000E+01            144.PR 59.  99   7
 6 3  2.88610E-09  2.07161E+00  2.07161E+00  1.40000E+01            144.PR 59. 100   3
 6 4  7.73991E-10  2.07290E+00  2.07290E+00  1.40000E+01            144.PR 59. 101   4
 115  6.93814E-01  2.18566E+00  2.18566E+00  0.00000E+00            144.PR 59. 102  15
 6 1  1.49114E-04  2.14207E+00  2.14207E+00  1.50000E+01            144.PR 59. 103   1
 6 5  1.78488E-05  2.17857E+00  2.17857E+00  1.50000E+01            144.PR 59. 104   5
 6 6  3.12628E-07  2.17893E+00  2.17893E+00  1.50000E+01            144.PR 59. 105   6
 6 7  5.02259E-07  2.17946E+00  2.17946E+00  1.50000E+01            144.PR 59. 106   7
 6 3  3.95953E-06  2.18438E+00  2.18438E+00  1.50000E+01            144.PR 59. 107   3
 6 4  1.01415E-06  2.18566E+00  2.18566E+00  1.50000E+01            144.PR 59. 108   4
 116  5.36800E-05  2.36830E+00  2.36830E+00  0.00000E+00            144.PR 59. 109  16
 6 1  1.97372E-08  2.32470E+00  2.32470E+00  1.60000E+01            144.PR 59. 110   1
 6 5  2.22610E-09  2.36121E+00  2.36121E+00  1.60000E+01            144.PR 59. 111   5
 6 6  6.81865E-11  2.36157E+00  2.36157E+00  1.60000E+01            144.PR 59. 112   6
 6 7  3.82468E-11  2.36210E+00  2.36210E+00  1.60000E+01            144.PR 59. 113   7
 6 3  4.92193E-10  2.36701E+00  2.36701E+00  1.60000E+01            144.PR 59. 114   3
 6 4  1.28906E-10  2.36830E+00  2.36830E+00  1.60000E+01            144.PR 59. 115   4
 117  1.47620E-04  2.65490E+00  2.65490E+00  0.00000E+00            144.PR 59. 116  17
 6 1  5.02130E-08  2.61130E+00  2.61130E+00  1.70000E+01            144.PR 59. 117   1
 6 5  5.77478E-09  2.64781E+00  2.64781E+00  1.70000E+01            144.PR 59. 118   5
 6 6  1.42332E-10  2.64817E+00  2.64817E+00  1.70000E+01            144.PR 59. 119   6
 6 7  6.06467E-11  2.64870E+00  2.64870E+00  1.70000E+01            144.PR 59. 120   7
 6 3  1.25252E-09  2.65361E+00  2.65361E+00  1.70000E+01            144.PR 59. 121   3
 6 4  3.37626E-10  2.65490E+00  2.65490E+00  1.70000E+01            144.PR 59. 122   4
 2 1  1.59935E-03  3.68696E-02  3.68696E-02  0.00000E+00            144.PR 59. 123   1
 2 2  2.91262E-03  3.73962E-02  3.73962E-02  0.00000E+00            144.PR 59. 124   2
 2 3  2.87720E-04  4.22041E-02  4.22041E-02  0.00000E+00            144.PR 59. 125   3
 2 4  5.56762E-04  4.23100E-02  4.23100E-02  0.00000E+00            144.PR 59. 126   4
 2 5  3.73082E-06  4.25898E-02  4.25898E-02  0.00000E+00            144.PR 59. 127   5
 2 6  4.99074E-06  4.26126E-02  4.26126E-02  0.00000E+00            144.PR 59. 128   6
 2 7  6.17820E-05  4.33442E-02  4.33442E-02  0.00000E+00            144.PR 59. 129   7
 2 8  1.20069E-04  4.33673E-02  4.33673E-02  0.00000E+00            144.PR 59. 130   8
 2 9  8.03612E-07  4.34682E-02  4.34682E-02  0.00000E+00            144.PR 59. 131   9
 210  1.07334E-06  4.34723E-02  4.34723E-02  0.00000E+00            144.PR 59. 132  10
 211  1.15994E-05  4.35688E-02  4.35688E-02  0.00000E+00            144.PR 59. 133  11
 212  2.29541E-05  4.35720E-02  4.35720E-02  0.00000E+00            144.PR 59. 134  12
 221  1.86804E-08  3.65900E-04  3.65900E-04  0.00000E+00            144.PR 59. 135  21
 222  6.03383E-07  8.92600E-04  8.92600E-04  0.00000E+00            144.PR 59. 136  22
 223  1.86375E-05  5.70049E-03  5.70049E-03  0.00000E+00            144.PR 59. 137  23
 224  2.77652E-05  5.80619E-03  5.80619E-03  0.00000E+00            144.PR 59. 138  24
 225  3.47120E-07  6.08600E-03  6.08600E-03  0.00000E+00            144.PR 59. 139  25
 226  5.19017E-07  6.10898E-03  6.10898E-03  0.00000E+00            144.PR 59. 140  26
 227  4.32220E-06  6.84054E-03  6.84054E-03  0.00000E+00            144.PR 59. 141  27
 228  6.67332E-06  6.86358E-03  6.86358E-03  0.00000E+00            144.PR 59. 142  28
 229  4.64199E-08  6.96462E-03  6.96462E-03  0.00000E+00            144.PR 59. 143  29
 230  7.11988E-08  6.96868E-03  6.96868E-03  0.00000E+00            144.PR 59. 144  30
 231  6.23971E-07  7.06518E-03  7.06518E-03  0.00000E+00            144.PR 59. 145  31
 232  9.43078E-07  7.06842E-03  7.06842E-03  0.00000E+00            144.PR 59. 146  32
 241  5.22995E-10  5.26700E-04  5.26700E-04  0.00000E+00            144.PR 59. 147  41
 242  9.88560E-06  5.17559E-03  5.17559E-03  0.00000E+00            144.PR 59. 148  42
 243  1.72676E-07  5.44030E-03  5.44030E-03  0.00000E+00            144.PR 59. 149  43
 244  2.35269E-04  5.72010E-03  5.72010E-03  0.00000E+00            144.PR 59. 150  44
 245  1.72145E-06  6.41383E-03  6.41383E-03  0.00000E+00            144.PR 59. 151  45
 246  3.11384E-08  6.49767E-03  6.49767E-03  0.00000E+00            144.PR 59. 152  46
 247  3.98188E-05  6.59872E-03  6.59872E-03  0.00000E+00            144.PR 59. 153  47
 248  1.02269E-08  6.71907E-03  6.71907E-03  0.00000E+00            144.PR 59. 154  48
 249  2.69443E-07  6.68259E-03  6.68259E-03  0.00000E+00            144.PR 59. 155  49
 250  6.20548E-09  6.70251E-03  6.70251E-03  0.00000E+00            144.PR 59. 156  50
 261  3.43394E-05  4.64891E-03  4.64891E-03  0.00000E+00            144.PR 59. 157  61
 262  2.11613E-07  4.80789E-03  4.80789E-03  0.00000E+00            144.PR 59. 158  62
 263  1.95361E-07  4.91360E-03  4.91360E-03  0.00000E+00            144.PR 59. 159  63
 264  4.24303E-05  5.19339E-03  5.19339E-03  0.00000E+00            144.PR 59. 160  64
 265  3.75556E-04  5.21638E-03  5.21638E-03  0.00000E+00            144.PR 59. 161  65
 266  3.91749E-06  5.88711E-03  5.88711E-03  0.00000E+00            144.PR 59. 162  66
 267  2.73264E-08  5.94794E-03  5.94794E-03  0.00000E+00            144.PR 59. 163  67
 268  2.63709E-08  5.97098E-03  5.97098E-03  0.00000E+00            144.PR 59. 164  68
 269  6.92573E-06  6.07202E-03  6.07202E-03  0.00000E+00            144.PR 59. 165  69
 270  6.19180E-05  6.07608E-03  6.07608E-03  0.00000E+00            144.PR 59. 166  70
 271  2.89585E-09  6.19238E-03  6.19238E-03  0.00000E+00            144.PR 59. 167  71
 272  1.65708E-08  6.19286E-03  6.19286E-03  0.00000E+00            144.PR 59. 168  72
 273  6.86240E-07  6.15588E-03  6.15588E-03  0.00000E+00            144.PR 59. 169  73
 274  5.45907E-09  6.17258E-03  6.17258E-03  0.00000E+00            144.PR 59. 170  74
 275  4.81081E-09  6.17582E-03  6.17582E-03  0.00000E+00            144.PR 59. 171  75
 291  6.74457E-05  8.63525E-04  8.63525E-04  0.00000E+00            144.PR 59. 172  91
 292  1.78254E-06  1.33529E-04  1.33529E-04  0.00000E+00            144.PR 59. 173  92
 293  1.79565E-10  1.91922E-05  1.91922E-05  0.00000E+00            144.PR 59. 174  93
 294  7.59212E-02  1.51982E-05  1.51982E-05  0.00000E+00            144.PR 59. 175  94
 7 1  3.07765E-04  3.03768E-02  3.03768E-02  0.00000E+00            144.PR 59. 176   1
 7 2  1.47629E-04  3.58432E-02  3.58432E-02  0.00000E+00            144.PR 59. 177   2
 7 3  1.69647E-05  4.13124E-02  4.13124E-02  0.00000E+00            144.PR 59. 178   3
 7 4  8.82460E-04  4.40025E-04  4.40025E-04  0.00000E+00            144.PR 59. 179   4
 7 5  3.88356E-03  4.14427E-03  4.14427E-03  0.00000E+00            144.PR 59. 180   5
 7 6  1.30527E-03  5.09475E-03  5.09475E-03  0.00000E+00            144.PR 59. 181   6
 7 7  1.08394E-04  6.07849E-03  6.07849E-03  0.00000E+00            144.PR 59. 182   7
 7 8  4.39964E-03  1.51408E-04  1.51408E-04  0.00000E+00            144.PR 59. 183   8
 7 9  1.02247E-02  7.10582E-04  7.10582E-04  0.00000E+00            144.PR 59. 184   9
 710  7.01918E-04  8.73137E-04  8.73137E-04  0.00000E+00            144.PR 59. 185  10
 711  1.54657E-05  1.05589E-03  1.05589E-03  0.00000E+00            144.PR 59. 186  11
 712  2.87731E-02  9.39925E-05  9.39925E-05  0.00000E+00            144.PR 59. 187  12
 713  7.73299E-03  7.80740E-05  7.80740E-05  0.00000E+00            144.PR 59. 188  13
 714  7.59577E-03  1.36628E-05  1.36628E-05  0.00000E+00            144.PR 59. 189  14
 715  6.11899E-05  3.48800E-05  3.48800E-05  0.00000E+00            144.PR 59. 190  15
%%%% 144 PR  59    B-           1.03680E+03 17.28 M    02-11-2005       SEEIEND 
 


   ***************************************************** 
   *                 Radiation Summary                 * 
   ***************************************************** 
 
  Energy released by
    Gamma-ray                       (MeV) =   2.88576E-02
    X-ray                           (MeV) =   2.18311E-06
    Free-bound X-ray                (MeV) =   1.15386E-08
    Annihilation photon             (MeV) =   0.00000E+00
    Beta+ particle                  (MeV) =   0.00000E+00
    Neutrino                        (MeV) =   0.00000E+00
    Beta- particle                  (MeV) =   1.20838E+00
    Neutrino-                       (MeV) =   1.75872E+00
    Internal conv. electron         (MeV) =   5.10921E-05
    Auger and CK electron           (MeV) =   5.11079E-07
    Alpha particle                  (MeV) =   0.00000E+00
    Recoil nucleus                  (MeV) =   0.00000E+00
  E-total (except unplaced radiat.) (MeV) =   2.99601E+00
  E-unplaced radiation              (MeV) =   0.00000E+00
  Q-value from ENSDF data           (MeV) =   2.99750E+00
  Ratio of E-total/Q-value          ( % ) =   9.99502E+01
  Ratio of E-unplaced radi./Q-value ( % ) =   0.00000E+00

 
  Total yield of
    Gamma-ray                             =   2.33226E-02
    X-ray                                 =   6.52671E-05
    Free-bound X-ray                      =   7.59212E-04
    Annihilation photon                   =   0.00000E+00
    Beta+ particle                        =   0.00000E+00
    Beta- particle                        =   1.00000E+00
    Internal conv. electron               =   7.19488E-05
    Auger and CK electron                 =   6.61568E-04
    Alpha particle                        =   0.00000E+00
  Yield of unplaced radiation             =   0.00000E+00


%%%% 144 PR  59 M  IT B-        4.32000E+02 7.2 M      02-11-2005       BALASTAR
1 144M  PR  59 7.2 M           IT B-      
1INTENSITY AND ENERGY BALANCE DATA

              144M-PRASEODYMIUM-59
+                                    HALFLIFE = 7.2 MINUTES 
+                                                                  02-11-2005


    LEVEL       INTENSITY   INTENSITY
    ENERGY      ENTERING    LEAVING     PERCENT
    (MEV)       LEVEL       LEVEL       ERROR

   0.0000E+00  9.9930E+01
   5.9030E-02  9.9930E+01  9.9930E+01  0.0000E+00                      
   0.0000E+00  6.9695E-02
   6.9649E-01  6.9928E-02  6.9695E-02  3.3311E-01                      
   1.3143E+00  3.2752E-02  3.2893E-02  4.3144E-01                      
   1.5106E+00  2.6000E-02  2.6136E-02  5.2079E-01                      
   2.5818E+00  1.1000E-02  1.0899E-02  9.2349E-01                      
   2.9457E+00  3.3000E-02  3.2752E-02  7.5538E-01                      


 INTENSITY TO GROUND AND ISOMERIC STATE(S) OF DAUGHTER(S)=  1.000E+02
 TOTAL INTENSITY FROM PARENT=  1.000E+02
 PERCENT ERROR =  3.052E-04                      


 TOTAL INTENSITY FROM PARENT =  1.000E+02
 VALUE IS WITHIN   0.00E+00% OF 100                      


 TOTAL ENERGY AVAILABLE =  6.113E-02 MEV
 TOTAL ENERGY CONTENT OF ALL RADIATIONS =  6.112E-02 MEV
 PERCENT ERROR =  1.252E-02                      
%%%% 144 PR  59 M  IT B-        4.32000E+02 7.2 M      02-11-2005       BALAEND 
%%%% 144 PR  59 M  IT B-        4.32000E+02 7.2 M      02-11-2005       INPUSTAR
1                                      **INPUT DATA**
              144M-PRASEODYMIUM-59
+                                    HALFLIFE = 7.2 MINUTES 
+                                                                  02-11-2005

            MODES OF DECAY: ISOMERIC LEVEL, BETA MINUS
 
                                MEAN
                                NUMBER/    TRANSITION
                TYPE OF    ID   TRANSFOR-  ENERGY
              TRANSITION   NO.  MATION     (MEV)       OTHER NUCLEAR PARAMETERS

           I.C.E. + GAMMA   1   9.99E-01   5.903E-02   M3 MULTIPOLE                             
+                                                                    AK= 407.                   
                                                       AL1=241.      AL2=35.9                   
                                                       AL3=366.      AM= 162.                   
                                                       AN+=44.3                                 
               BETA MINUS   1   3.30E-04   1.108E-01*  ALLOWED                                  
               BETA MINUS   2   1.10E-04   4.747E-01*  FIRST FORBIDDEN                          
               BETA MINUS   3   2.60E-04   1.546E+00*  ALLOWED                                  
           I.C.E. + GAMMA   1   3.29E-04   6.178E-01   E2 MULTIPOLE                             
+                                                                    AK= 0.00572                
           I.C.E. + GAMMA   2   6.97E-04   6.965E-01   E2 MULTIPOLE                             
+                                                                    AK= 0.00429                
           I.C.E. + GAMMA   3   2.61E-04   8.141E-01   E1 MULTIPOLE                             
+                                                                    AK= 0.00121                
           I.C.E. + GAMMA   4   3.28E-04   1.631E+00   M2 MULTIPOLE                             
+                                                                    AK= 0.00215                
           I.C.E. + GAMMA   5   1.09E-04   1.885E+00   M1 MULTIPOLE                             
 
           * ENDPOINT ENERGY (MEV)
           - - - - - - - - - -
           Reference: Evaluated Nuclear Structure Data File (ENSDF)
                DATE DATA WERE ENTERED INTO ENSDF: Aug-2001
%%%% 144 PR  59 M  IT B-        4.32000E+02 7.2 M      02-11-2005       INPUEND 
%%%% 144 PR  59 M  IT B-        4.32000E+02 7.2 M      02-11-2005       OUTPSTAR
1                                      **OUTPUT DATA**
              144M-PRASEODYMIUM-59
+                                    HALFLIFE = 7.2 MINUTES 
+                                                                  02-11-2005

            MODES OF DECAY: ISOMERIC LEVEL, BETA MINUS
 
                                              MEAN
                                              NUMBER/                  MEV/
                                         ID   TRANSFOR-   ENERGY       TRANSFOR-
                  TYPE OF RADIATION      NO.  MATION      (MEV)        MATION

           GAMMA-RAY                      1   7.95E-04    5.903E-02    4.69E-05
           K CONV. ELECTRON, GAMMA-RAY    1   3.24E-01    1.702E-02    5.51E-03
           L1 CONV. ELECTRON, GAMMA-RAY   1   1.91E-01    5.223E-02    9.99E-03
           L2 CONV. ELECTRON, GAMMA-RAY   1   2.85E-02    5.259E-02    1.50E-03
           L3 CONV. ELECTRON, GAMMA-RAY   1   2.91E-01    5.308E-02    1.55E-02
           M CONV. ELECTRON, GAMMA-RAY    1   1.29E-01    5.780E-02*   7.43E-03
           N+ CONV. ELECTRON, GAMMA-RAY   1   3.52E-02    5.903E-02*   2.08E-03
           K -L2 X-RAY                        8.51E-02    3.557E-02    3.03E-03
           K -L3 X-RAY                        1.55E-01    3.606E-02    5.61E-03
           K -M2 X-RAY                        1.52E-02    4.068E-02    6.20E-04
           K -M3 X-RAY                        2.95E-02    4.078E-02    1.20E-03
           K -N2 X-RAY                        3.26E-03    4.177E-02    1.36E-04
           K -N3 X-RAY                        6.33E-03    4.179E-02    2.65E-04
           K -O2 X-RAY                        5.85E-04    4.198E-02    2.46E-05
           K -O3 X-RAY                        1.14E-03    4.199E-02    4.80E-05
           L1-M2 X-RAY                        3.78E-03    5.474E-03    2.07E-05
           L1-M3 X-RAY                        5.69E-03    5.571E-03    3.17E-05
           L2-M4 X-RAY                        1.75E-02    5.487E-03    9.59E-05
           L2-N4 X-RAY                        2.93E-03    6.321E-03    1.85E-05
           L3-M1 X-RAY                        4.72E-03    4.474E-03    2.11E-05
           L3-M4 X-RAY                        5.65E-03    4.998E-03    2.82E-05
           L3-M5 X-RAY                        5.00E-02    5.020E-03    2.51E-04
           L3-N5 X-RAY                        8.18E-03    5.836E-03    4.77E-05
           Free-Bound X-RAY                   1.06E+01    1.557E-05    1.65E-04
           AUGER KLL                          1.73E-02    2.934E-02*   5.09E-04
           AUGER KLX                          8.25E-03    3.458E-02*   2.85E-04
           CK LLX                             1.40E-01    4.435E-04*   6.19E-05
           AUGER LMM                          5.08E-01    3.979E-03*   2.02E-03
           AUGER LMX                          1.69E-01    4.883E-03*   8.25E-04
           AUGER LXY                          1.38E-02    5.821E-03*   8.05E-05
           CK MMX                             6.08E-01    1.402E-04*   8.52E-05
           AUGER MNN                          1.35E+00    6.683E-04*   9.02E-04
           AUGER MNX                          9.60E-02    8.281E-04*   7.95E-05
           CK NNX                             3.77E+00    8.710E-05*   3.28E-04
           AUGER NXY                          1.30E+00    7.075E-05*   9.17E-05
           BETA MINUS                     3   2.60E-04    5.701E-01*   1.48E-04
           GAMMA-RAY                      1   3.27E-04    6.178E-01    2.02E-04
           GAMMA-RAY                      2   6.93E-04    6.965E-01    4.83E-04
           GAMMA-RAY                      3   2.61E-04    8.141E-01    2.12E-04
           GAMMA-RAY                      4   3.27E-04    1.631E+00    5.33E-04
           GAMMA-RAY                      5   1.09E-04    1.885E+00    2.05E-04
 
           ALL LISTED X-RAYS, GAMMA-RAYS AND ANNIHILATION RADIATION    1.33E-02
           ALL NEGLECTED X-RAYS, GAMMA-RAYS AND ANNIH. RADIATION**     6.09E-05
           ALL LISTED BETAS, INTERNAL CONVERSION AND AUGER ELECTRONS   4.74E-02
           ALL NEGLECTED BETAS, INT. CONVERSION AND AUGER ELECTRONS**  8.66E-05
           ALL LISTED RADIATIONS                                       6.07E-02
           ALL NEGLECTED RADIATIONS**                                  1.47E-04
 
           *  AVERAGE ENERGY (MEV)
           ** EACH NEGLECTED TRANSITION CONTRIBUTES LESS THAN  0.100%
              TO THE TOTAL MEV/TRANSFORMATION FOR THIS CATEGORY.
           TOTAL FEEDING OF GROUND STATE LEVEL IN 144-PRASEODYMIUM
             DAUGHTER IS 9.9930E-01  PER TRANSFORMATION OF 144M-PRASEODYMIUM.
             DECAY OF THIS 17.28 MINUTES HALFLIFE LEVEL WILL CONTRIBUTE TO DOSE.
           TOTAL FEEDING OF GROUND STATE LEVEL IN 144-NEODYMIUM
             DAUGHTER IS 7.0000E-04  PER TRANSFORMATION OF 144M-PRASEODYMIUM.
             DECAY OF THIS 0.229E+16 YEARS HALFLIFE LEVEL WILL CONTRIBUTE TO DOSE.
           - - - - - - - - - -
           INPUT DATA SOURCE: EVALUATED NUCLEAR STRUCTURE DATA FILE (ENSDF)
             DATE INPUT DATA WERE ENTERED INTO ENSDF: Aug-2001
%%%% 144 PR  59 M  IT B-        4.32000E+02 7.2 M      02-11-2005       OUTPEND 
%%%% 144 PR  59 M  IT B-        4.32000E+02 7.2 M      02-11-2005       BETASTAR
1
              144M-PRASEODYMIUM-59
+                                    HALFLIFE = 7.2 MINUTES 
+                                                                  02-11-2005

            BETA SPECTRUM DATA FOR ALL DECAY BRANCHES

                      BETAS PER                BETAS PER                BETAS PER
            ENERGY    MEV            ENERGY    MEV            ENERGY    MEV
            (MEV)     PER DECAY      (MEV)     PER DECAY      (MEV)     PER DECAY

            0.00000   8.912E-03      0.00260   8.567E-03      0.07500   1.699E-03
            0.00010   8.898E-03      0.00280   8.541E-03      0.08000   1.429E-03
            0.00011   8.897E-03      0.00300   8.515E-03      0.08500   1.193E-03
            0.00012   8.896E-03      0.00320   8.489E-03      0.09000   9.944E-04
            0.00013   8.894E-03      0.00360   8.436E-03      0.10000   7.138E-04
            0.00014   8.893E-03      0.00400   8.384E-03      0.11000   6.017E-04
            0.00015   8.892E-03      0.00450   8.319E-03      0.12000   5.934E-04
            0.00016   8.890E-03      0.00500   8.254E-03      0.13000   5.853E-04
            0.00018   8.888E-03      0.00550   8.189E-03      0.14000   5.767E-04
            0.00020   8.885E-03      0.00600   8.125E-03      0.15000   5.677E-04
            0.00022   8.882E-03      0.00650   8.060E-03      0.16000   5.583E-04
            0.00024   8.880E-03      0.00700   7.996E-03      0.18000   5.382E-04
            0.00026   8.877E-03      0.00750   7.932E-03      0.20000   5.167E-04
            0.00028   8.874E-03      0.00800   7.869E-03      0.22000   4.941E-04
            0.00030   8.872E-03      0.00850   7.805E-03      0.24000   4.706E-04
            0.00032   8.869E-03      0.00900   7.742E-03      0.26000   4.467E-04
            0.00036   8.864E-03      0.01000   7.616E-03      0.28000   4.225E-04
            0.00040   8.858E-03      0.01100   7.501E-03      0.30000   3.986E-04
            0.00045   8.852E-03      0.01200   7.386E-03      0.32000   3.753E-04
            0.00050   8.845E-03      0.01300   7.272E-03      0.36000   3.322E-04
            0.00055   8.838E-03      0.01400   7.158E-03      0.40000   2.969E-04
            0.00060   8.832E-03      0.01500   7.044E-03      0.45000   2.699E-04
            0.00065   8.825E-03      0.01600   6.931E-03      0.50000   2.654E-04
            0.00070   8.818E-03      0.01800   6.708E-03      0.55000   2.625E-04
            0.00075   8.812E-03      0.02000   6.486E-03      0.60000   2.573E-04
            0.00080   8.805E-03      0.02200   6.267E-03      0.65000   2.498E-04
            0.00085   8.798E-03      0.02400   6.050E-03      0.70000   2.402E-04
            0.00090   8.792E-03      0.02600   5.836E-03      0.75000   2.286E-04
            0.00100   8.779E-03      0.02800   5.625E-03      0.80000   2.153E-04
            0.00110   8.765E-03      0.03000   5.416E-03      0.85000   2.003E-04
            0.00120   8.752E-03      0.03200   5.211E-03      0.90000   1.841E-04
            0.00130   8.739E-03      0.03600   4.809E-03      1.00000   1.486E-04
            0.00140   8.726E-03      0.04000   4.420E-03      1.10000   1.111E-04
            0.00150   8.712E-03      0.04500   3.954E-03      1.20000   7.438E-05
            0.00160   8.699E-03      0.05000   3.511E-03      1.30000   4.157E-05
            0.00180   8.673E-03      0.05500   3.092E-03      1.40000   1.609E-05
            0.00200   8.646E-03      0.06000   2.700E-03      1.50000   1.744E-06
            0.00220   8.620E-03      0.06500   2.336E-03      1.54593   0.000E+00
            0.00240   8.594E-03      0.07000   2.002E-03

            AVERAGE BETA ENERGY =   2.480E-01

            TOTAL BETAS PER DECAY FOR ALL BRANCHES =   7.000E-04
%%%% 144 PR  59 M  IT B-        4.32000E+02 7.2 M      02-11-2005       BETAEND 
%%%% 144 PR  59 M  IT B-        4.32000E+02 7.2 M      02-11-2005       SEEISTAR
144.M PRASEODYMIUM 59.  7.200E+00 MINUTES  181 IT B-                144.PR 59.   0
 1 1  7.94699E-02  5.90300E-02  5.90300E-02  0.00000E+00            144.PR 59.   1   1
 6 1  3.23749E+01  1.70200E-02  1.70200E-02  1.00000E+00            144.PR 59.   2   1
 6 5  1.91290E+01  5.22302E-02  5.22302E-02  1.00000E+00            144.PR 59.   3   5
 6 6  2.85045E+00  5.25871E-02  5.25871E-02  1.00000E+00            144.PR 59.   4   6
 6 7  2.91115E+01  5.30756E-02  5.30756E-02  1.00000E+00            144.PR 59.   5   7
 6 3  1.28619E+01  5.78016E-02  5.78016E-02  1.00000E+00            144.PR 59.   6   3
 6 4  3.52273E+00  5.90300E-02  5.90300E-02  1.00000E+00            144.PR 59.   7   4
 2 1  8.51363E+00  3.55671E-02  3.55671E-02  0.00000E+00            144.PR 59.   8   1
 2 2  1.55480E+01  3.60557E-02  3.60557E-02  0.00000E+00            144.PR 59.   9   2
 2 3  1.52369E+00  4.06843E-02  4.06843E-02  0.00000E+00            144.PR 59.  10   3
 2 4  2.94996E+00  4.07816E-02  4.07816E-02  0.00000E+00            144.PR 59.  11   4
 2 5  1.89276E-02  4.10540E-02  4.10540E-02  0.00000E+00            144.PR 59.  12   5
 2 6  2.54162E-02  4.10751E-02  4.10751E-02  0.00000E+00            144.PR 59.  13   6
 2 7  3.25756E-01  4.17693E-02  4.17693E-02  0.00000E+00            144.PR 59.  14   7
 2 8  6.33383E-01  4.17904E-02  4.17904E-02  0.00000E+00            144.PR 59.  15   8
 2 9  4.03132E-03  4.18877E-02  4.18877E-02  0.00000E+00            144.PR 59.  16   9
 210  5.40661E-03  4.18914E-02  4.18914E-02  0.00000E+00            144.PR 59.  17  10
 211  5.85144E-02  4.19827E-02  4.19827E-02  0.00000E+00            144.PR 59.  18  11
 212  1.14416E-01  4.19856E-02  4.19856E-02  0.00000E+00            144.PR 59.  19  12
 221  4.00954E-04  3.56900E-04  3.56900E-04  0.00000E+00            144.PR 59.  20  21
 222  1.18162E-02  8.45401E-04  8.45401E-04  0.00000E+00            144.PR 59.  21  22
 223  3.78140E-01  5.47410E-03  5.47410E-03  0.00000E+00            144.PR 59.  22  23
 224  5.68630E-01  5.57140E-03  5.57140E-03  0.00000E+00            144.PR 59.  23  24
 225  6.79168E-03  5.84381E-03  5.84381E-03  0.00000E+00            144.PR 59.  24  25
 226  1.01550E-02  5.86494E-03  5.86494E-03  0.00000E+00            144.PR 59.  25  26
 227  8.71229E-02  6.55917E-03  6.55917E-03  0.00000E+00            144.PR 59.  26  27
 228  1.35683E-01  6.58024E-03  6.58024E-03  0.00000E+00            144.PR 59.  27  28
 229  9.04348E-04  6.67753E-03  6.67753E-03  0.00000E+00            144.PR 59.  28  29
 230  1.38531E-03  6.68122E-03  6.68122E-03  0.00000E+00            144.PR 59.  29  30
 231  1.26941E-02  6.77254E-03  6.77254E-03  0.00000E+00            144.PR 59.  30  31
 232  1.93923E-02  6.77554E-03  6.77554E-03  0.00000E+00            144.PR 59.  31  32
 241  3.38290E-06  4.88499E-04  4.88499E-04  0.00000E+00            144.PR 59.  32  41
 242  7.66076E-02  4.96281E-03  4.96281E-03  0.00000E+00            144.PR 59.  33  42
 243  1.28712E-03  5.21451E-03  5.21451E-03  0.00000E+00            144.PR 59.  34  43
 244  1.74844E+00  5.48691E-03  5.48691E-03  0.00000E+00            144.PR 59.  35  44
 245  1.29229E-02  6.14367E-03  6.14367E-03  0.00000E+00            144.PR 59.  36  45
 246  2.21161E-04  6.22334E-03  6.22334E-03  0.00000E+00            144.PR 59.  37  46
 247  2.93282E-01  6.32061E-03  6.32061E-03  0.00000E+00            144.PR 59.  38  47
 248  5.08652E-05  6.43525E-03  6.43525E-03  0.00000E+00            144.PR 59.  39  48
 249  1.95443E-03  6.39960E-03  6.39960E-03  0.00000E+00            144.PR 59.  40  49
 250  4.15496E-05  6.41864E-03  6.41864E-03  0.00000E+00            144.PR 59.  41  50
 261  4.71775E-01  4.47430E-03  4.47430E-03  0.00000E+00            144.PR 59.  42  61
 262  2.85676E-03  4.62870E-03  4.62870E-03  0.00000E+00            144.PR 59.  43  62
 263  2.64090E-03  4.72600E-03  4.72600E-03  0.00000E+00            144.PR 59.  44  63
 264  5.64775E-01  4.99842E-03  4.99842E-03  0.00000E+00            144.PR 59.  45  64
 265  5.00076E+00  5.01954E-03  5.01954E-03  0.00000E+00            144.PR 59.  46  65
 266  5.16461E-02  5.65515E-03  5.65515E-03  0.00000E+00            144.PR 59.  47  66
 267  3.48547E-04  5.71376E-03  5.71376E-03  0.00000E+00            144.PR 59.  48  67
 268  3.36143E-04  5.73484E-03  5.73484E-03  0.00000E+00            144.PR 59.  49  68
 269  9.15369E-02  5.83212E-03  5.83212E-03  0.00000E+00            144.PR 59.  50  69
 270  8.18204E-01  5.83581E-03  5.83581E-03  0.00000E+00            144.PR 59.  51  70
 271  2.57112E-05  5.94675E-03  5.94675E-03  0.00000E+00            144.PR 59.  52  71
 272  1.47385E-04  5.94716E-03  5.94716E-03  0.00000E+00            144.PR 59.  53  72
 273  8.92708E-03  5.91110E-03  5.91110E-03  0.00000E+00            144.PR 59.  54  73
 274  6.56711E-05  5.92715E-03  5.92715E-03  0.00000E+00            144.PR 59.  55  74
 275  5.83331E-05  5.93014E-03  5.93014E-03  0.00000E+00            144.PR 59.  56  75
 291  7.97145E-01  8.19086E-04  8.19086E-04  0.00000E+00            144.PR 59.  57  91
 292  2.14991E-02  1.27710E-04  1.27710E-04  0.00000E+00            144.PR 59.  58  92
 293  1.42115E-06  1.83559E-05  1.83559E-05  0.00000E+00            144.PR 59.  59  93
 294  1.06016E+03  1.55685E-05  1.55685E-05  0.00000E+00            144.PR 59.  60  94
 7 1  1.73474E+00  2.93378E-02  2.93378E-02  0.00000E+00            144.PR 59.  61   1
 7 2  8.25042E-01  3.45832E-02  3.45832E-02  0.00000E+00            144.PR 59.  62   2
 7 3  9.39847E-02  3.98311E-02  3.98311E-02  0.00000E+00            144.PR 59.  63   3
 7 4  1.39644E+01  4.43473E-04  4.43473E-04  0.00000E+00            144.PR 59.  64   4
 7 5  5.08002E+01  3.97888E-03  3.97888E-03  0.00000E+00            144.PR 59.  65   5
 7 6  1.68944E+01  4.88280E-03  4.88280E-03  0.00000E+00            144.PR 59.  66   6
 7 7  1.38273E+00  5.82098E-03  5.82098E-03  0.00000E+00            144.PR 59.  67   7
 7 8  6.07925E+01  1.40215E-04  1.40215E-04  0.00000E+00            144.PR 59.  68   8
 7 9  1.34958E+02  6.68321E-04  6.68321E-04  0.00000E+00            144.PR 59.  69   9
 710  9.60319E+00  8.28106E-04  8.28106E-04  0.00000E+00            144.PR 59.  70  10
 711  1.84458E-01  1.01094E-03  1.01094E-03  0.00000E+00            144.PR 59.  71  11
 712  3.76658E+02  8.70969E-05  8.70969E-05  0.00000E+00            144.PR 59.  72  12
 713  1.29625E+02  7.07528E-05  7.07528E-05  0.00000E+00            144.PR 59.  73  13
 714  1.24643E+02  1.29601E-05  1.29601E-05  0.00000E+00            144.PR 59.  74  14
 715  1.01213E+00  3.35200E-05  3.35200E-05  0.00000E+00            144.PR 59.  75  15
 5 1  3.30000E-02  2.91374E-02  1.10830E-01  0.00000E+00            144.PR 59.  76   1
 5 2  1.10000E-02  1.43175E-01  4.74730E-01  0.00000E+00            144.PR 59.  77   2
 5 3  2.60000E-02  5.70110E-01  1.54593E+00  0.00000E+00            144.PR 59.  78   3
 1 1  3.26697E-02  6.17800E-01  6.17800E-01  0.00000E+00            144.PR 59.  79   1
 6 1  1.86939E-04  5.74203E-01  5.74203E-01  1.00000E+00            144.PR 59.  80   1
 6 5  2.22118E-05  6.10707E-01  6.10707E-01  1.00000E+00            144.PR 59.  81   5
 6 6  4.13254E-06  6.11073E-01  6.11073E-01  1.00000E+00            144.PR 59.  82   6
 6 7  2.42933E-06  6.11599E-01  6.11599E-01  1.00000E+00            144.PR 59.  83   7
 6 3  6.16803E-06  6.16513E-01  6.16513E-01  1.00000E+00            144.PR 59.  84   3
 6 4  1.68944E-06  6.17800E-01  6.17800E-01  1.00000E+00            144.PR 59.  85   4
 1 2  6.93415E-02  6.96500E-01  6.96500E-01  0.00000E+00            144.PR 59.  86   2
 6 1  2.97494E-04  6.52903E-01  6.52903E-01  2.00000E+00            144.PR 59.  87   1
 6 5  3.55472E-05  6.89407E-01  6.89407E-01  2.00000E+00            144.PR 59.  88   5
 6 6  5.57899E-06  6.89773E-01  6.89773E-01  2.00000E+00            144.PR 59.  89   6
 6 7  3.19292E-06  6.90299E-01  6.90299E-01  2.00000E+00            144.PR 59.  90   7
 6 3  9.46297E-06  6.95213E-01  6.95213E-01  2.00000E+00            144.PR 59.  91   3
 6 4  2.60099E-06  6.96500E-01  6.96500E-01  2.00000E+00            144.PR 59.  92   4
 1 3  2.60992E-02  8.14100E-01  8.14100E-01  0.00000E+00            144.PR 59.  93   3
 6 1  3.14588E-05  7.70503E-01  7.70503E-01  3.00000E+00            144.PR 59.  94   1
 6 5  3.70220E-06  8.07007E-01  8.07007E-01  3.00000E+00            144.PR 59.  95   5
 6 6  1.45766E-07  8.07373E-01  8.07373E-01  3.00000E+00            144.PR 59.  96   6
 6 7  1.74604E-07  8.07899E-01  8.07899E-01  3.00000E+00            144.PR 59.  97   7
 6 3  8.45581E-07  8.12813E-01  8.12813E-01  3.00000E+00            144.PR 59.  98   3
 6 4  2.33763E-07  8.14100E-01  8.14100E-01  3.00000E+00            144.PR 59.  99   4
 1 4  3.26697E-02  1.63136E+00  1.63136E+00  0.00000E+00            144.PR 59. 100   4
 6 1  7.00876E-05  1.58776E+00  1.58776E+00  4.00000E+00            144.PR 59. 101   1
 6 5  8.87424E-06  1.62427E+00  1.62427E+00  4.00000E+00            144.PR 59. 102   5
 6 6  4.14605E-07  1.62463E+00  1.62463E+00  4.00000E+00            144.PR 59. 103   6
 6 7  7.59604E-08  1.62516E+00  1.62516E+00  4.00000E+00            144.PR 59. 104   7
 6 3  1.98247E-06  1.63007E+00  1.63007E+00  4.00000E+00            144.PR 59. 105   3
 6 4  5.26190E-07  1.63136E+00  1.63136E+00  4.00000E+00            144.PR 59. 106   4
 1 5  1.08899E-02  1.88530E+00  1.88530E+00  0.00000E+00            144.PR 59. 107   5
 6 1  7.72500E-06  1.84170E+00  1.84170E+00  5.00000E+00            144.PR 59. 108   1
 6 5  9.54370E-07  1.87821E+00  1.87821E+00  5.00000E+00            144.PR 59. 109   5
 6 6  2.77875E-08  1.87857E+00  1.87857E+00  5.00000E+00            144.PR 59. 110   6
 6 7  1.02214E-08  1.87910E+00  1.87910E+00  5.00000E+00            144.PR 59. 111   7
 6 3  2.08856E-07  1.88401E+00  1.88401E+00  5.00000E+00            144.PR 59. 112   3
 6 4  5.66989E-08  1.88530E+00  1.88530E+00  5.00000E+00            144.PR 59. 113   4
 2 1  1.56798E-04  3.68696E-02  3.68696E-02  0.00000E+00            144.PR 59. 114   1
 2 2  2.85550E-04  3.73962E-02  3.73962E-02  0.00000E+00            144.PR 59. 115   2
 2 3  2.82077E-05  4.22041E-02  4.22041E-02  0.00000E+00            144.PR 59. 116   3
 2 4  5.45842E-05  4.23100E-02  4.23100E-02  0.00000E+00            144.PR 59. 117   4
 2 5  3.65765E-07  4.25898E-02  4.25898E-02  0.00000E+00            144.PR 59. 118   5
 2 6  4.89286E-07  4.26126E-02  4.26126E-02  0.00000E+00            144.PR 59. 119   6
 2 7  6.05703E-06  4.33442E-02  4.33442E-02  0.00000E+00            144.PR 59. 120   7
 2 8  1.17714E-05  4.33673E-02  4.33673E-02  0.00000E+00            144.PR 59. 121   8
 2 9  7.87851E-08  4.34682E-02  4.34682E-02  0.00000E+00            144.PR 59. 122   9
 210  1.05229E-07  4.34723E-02  4.34723E-02  0.00000E+00            144.PR 59. 123  10
 211  1.13719E-06  4.35688E-02  4.35688E-02  0.00000E+00            144.PR 59. 124  11
 212  2.25039E-06  4.35720E-02  4.35720E-02  0.00000E+00            144.PR 59. 125  12
 221  1.83836E-09  3.65900E-04  3.65900E-04  0.00000E+00            144.PR 59. 126  21
 222  5.93796E-08  8.92600E-04  8.92600E-04  0.00000E+00            144.PR 59. 127  22
 223  1.83414E-06  5.70049E-03  5.70049E-03  0.00000E+00            144.PR 59. 128  23
 224  2.73241E-06  5.80620E-03  5.80620E-03  0.00000E+00            144.PR 59. 129  24
 225  3.41605E-08  6.08600E-03  6.08600E-03  0.00000E+00            144.PR 59. 130  25
 226  5.10770E-08  6.10898E-03  6.10898E-03  0.00000E+00            144.PR 59. 131  26
 227  4.25352E-07  6.84054E-03  6.84054E-03  0.00000E+00            144.PR 59. 132  27
 228  6.56728E-07  6.86358E-03  6.86358E-03  0.00000E+00            144.PR 59. 133  28
 229  4.56823E-09  6.96462E-03  6.96462E-03  0.00000E+00            144.PR 59. 134  29
 230  7.00675E-09  6.96868E-03  6.96868E-03  0.00000E+00            144.PR 59. 135  30
 231  6.14056E-08  7.06518E-03  7.06518E-03  0.00000E+00            144.PR 59. 136  31
 232  9.28093E-08  7.06842E-03  7.06842E-03  0.00000E+00            144.PR 59. 137  32
 241  5.11966E-11  5.26700E-04  5.26700E-04  0.00000E+00            144.PR 59. 138  41
 242  9.67712E-07  5.17559E-03  5.17559E-03  0.00000E+00            144.PR 59. 139  42
 243  1.69035E-08  5.44030E-03  5.44030E-03  0.00000E+00            144.PR 59. 140  43
 244  2.30308E-05  5.72010E-03  5.72010E-03  0.00000E+00            144.PR 59. 141  44
 245  1.68515E-07  6.41383E-03  6.41383E-03  0.00000E+00            144.PR 59. 142  45
 246  3.04817E-09  6.49767E-03  6.49767E-03  0.00000E+00            144.PR 59. 143  46
 247  3.89791E-06  6.59872E-03  6.59872E-03  0.00000E+00            144.PR 59. 144  47
 248  1.00112E-09  6.71907E-03  6.71907E-03  0.00000E+00            144.PR 59. 145  48
 249  2.63760E-08  6.68259E-03  6.68259E-03  0.00000E+00            144.PR 59. 146  49
 250  6.07462E-10  6.70252E-03  6.70252E-03  0.00000E+00            144.PR 59. 147  50
 261  3.36465E-06  4.64891E-03  4.64891E-03  0.00000E+00            144.PR 59. 148  61
 262  2.07343E-08  4.80789E-03  4.80789E-03  0.00000E+00            144.PR 59. 149  62
 263  1.91419E-08  4.91360E-03  4.91360E-03  0.00000E+00            144.PR 59. 150  63
 264  4.15742E-06  5.19339E-03  5.19339E-03  0.00000E+00            144.PR 59. 151  64
 265  3.67978E-05  5.21638E-03  5.21638E-03  0.00000E+00            144.PR 59. 152  65
 266  3.83845E-07  5.88711E-03  5.88711E-03  0.00000E+00            144.PR 59. 153  66
 267  2.67751E-09  5.94794E-03  5.94794E-03  0.00000E+00            144.PR 59. 154  67
 268  2.58388E-09  5.97098E-03  5.97098E-03  0.00000E+00            144.PR 59. 155  68
 269  6.78599E-07  6.07202E-03  6.07202E-03  0.00000E+00            144.PR 59. 156  69
 270  6.06687E-06  6.07609E-03  6.07609E-03  0.00000E+00            144.PR 59. 157  70
 271  2.83742E-10  6.19238E-03  6.19238E-03  0.00000E+00            144.PR 59. 158  71
 272  1.62365E-09  6.19286E-03  6.19286E-03  0.00000E+00            144.PR 59. 159  72
 273  6.72394E-08  6.15588E-03  6.15588E-03  0.00000E+00            144.PR 59. 160  73
 274  5.34892E-10  6.17258E-03  6.17258E-03  0.00000E+00            144.PR 59. 161  74
 275  4.71374E-10  6.17582E-03  6.17582E-03  0.00000E+00            144.PR 59. 162  75
 291  6.60875E-06  8.63534E-04  8.63534E-04  0.00000E+00            144.PR 59. 163  91
 292  1.74694E-07  1.33530E-04  1.33530E-04  0.00000E+00            144.PR 59. 164  92
 293  1.75973E-11  1.91922E-05  1.91922E-05  0.00000E+00            144.PR 59. 165  93
 294  7.44013E-03  1.51981E-05  1.51981E-05  0.00000E+00            144.PR 59. 166  94
 7 1  3.01729E-05  3.03768E-02  3.03768E-02  0.00000E+00            144.PR 59. 167   1
 7 2  1.44733E-05  3.58432E-02  3.58432E-02  0.00000E+00            144.PR 59. 168   2
 7 3  1.66320E-06  4.13124E-02  4.13124E-02  0.00000E+00            144.PR 59. 169   3
 7 4  8.66542E-05  4.40224E-04  4.40224E-04  0.00000E+00            144.PR 59. 170   4
 7 5  3.80540E-04  4.14435E-03  4.14435E-03  0.00000E+00            144.PR 59. 171   5
 7 6  1.27901E-04  5.09484E-03  5.09484E-03  0.00000E+00            144.PR 59. 172   6
 7 7  1.06215E-05  6.07862E-03  6.07862E-03  0.00000E+00            144.PR 59. 173   7
 7 8  4.31235E-04  1.51400E-04  1.51400E-04  0.00000E+00            144.PR 59. 174   8
 7 9  1.00187E-03  7.10587E-04  7.10587E-04  0.00000E+00            144.PR 59. 175   9
 710  6.87798E-05  8.73153E-04  8.73153E-04  0.00000E+00            144.PR 59. 176  10
 711  1.51553E-06  1.05592E-03  1.05592E-03  0.00000E+00            144.PR 59. 177  11
 712  2.81979E-03  9.39919E-05  9.39919E-05  0.00000E+00            144.PR 59. 178  12
 713  7.57781E-04  7.80769E-05  7.80769E-05  0.00000E+00            144.PR 59. 179  13
 714  7.44385E-04  1.36628E-05  1.36628E-05  0.00000E+00            144.PR 59. 180  14
 715  5.99660E-06  3.48800E-05  3.48800E-05  0.00000E+00            144.PR 59. 181  15
%%%% 144 PR  59 M  IT B-        4.32000E+02 7.2 M      02-11-2005       SEEIEND 
 


   ***************************************************** 
   *                 Radiation Summary                 * 
   ***************************************************** 
 
  Energy released by
    Gamma-ray                       (MeV) =   1.68245E-03
    X-ray                           (MeV) =   1.15062E-02
    Free-bound X-ray                (MeV) =   1.65053E-04
    Annihilation photon             (MeV) =   0.00000E+00
    Beta+ particle                  (MeV) =   0.00000E+00
    Neutrino                        (MeV) =   0.00000E+00
    Beta- particle                  (MeV) =   1.73593E-04
    Neutrino-                       (MeV) =   3.17143E-04
    Internal conv. electron         (MeV) =   4.19706E-02
    Auger and CK electron           (MeV) =   5.32520E-03
    Alpha particle                  (MeV) =   0.00000E+00
    Recoil nucleus                  (MeV) =   0.00000E+00
  E-total (except unplaced radiat.) (MeV) =   6.11402E-02
  E-unplaced radiation              (MeV) =   0.00000E+00
  Q-value from ENSDF data           (MeV) =   6.11283E-02
  Ratio of E-total/Q-value          ( % ) =   1.00020E+02
  Ratio of E-unplaced radi./Q-value ( % ) =   0.00000E+00

 
  Total yield of
    Gamma-ray                             =   2.51140E-03
    X-ray                                 =   4.09225E-01
    Free-bound X-ray                      =   1.06017E+01
    Annihilation photon                   =   0.00000E+00
    Beta+ particle                        =   0.00000E+00
    Beta- particle                        =   7.00000E-04
    Internal conv. electron               =   9.98512E-01
    Auger and CK electron                 =   9.23178E+00
    Alpha particle                        =   0.00000E+00
  Yield of unplaced radiation             =   0.00000E+00


