%%%% 188 PT  78    EC A         8.81280E+05 10.2 D     02-11-2005       BALASTAR
1 188   PT  78 10.2 D          EC A       
1INTENSITY AND ENERGY BALANCE DATA

              188-PLATINUM-78
+                                    HALFLIFE = 10.2 DAYS    
+                                                                  02-11-2005


    LEVEL       INTENSITY   INTENSITY
    ENERGY      ENTERING    LEAVING     PERCENT
    (MEV)       LEVEL       LEVEL       ERROR

   0.0000E+00  1.0092E+02
   5.4800E-02  2.3357E+01  2.0806E+01  1.1551E+01  ********************
   9.6710E-02  1.0683E+01  9.5814E+00  1.0870E+01  ********************
   1.8762E-01  3.8749E+01  4.0798E+01  5.1527E+00                      
   1.9509E-01  4.5287E+01  4.7201E+01  4.1376E+00                      
   2.8037E-01  5.7179E-01  5.6567E-01  1.0768E+00                      
   4.7817E-01  1.3458E+01  1.4074E+01  4.4753E+00                      
   0.0000E+00  2.9000E-05


 INTENSITY TO GROUND AND ISOMERIC STATE(S) OF DAUGHTER(S)=  1.009E+02
 TOTAL INTENSITY FROM PARENT=  1.000E+02
 PERCENT ERROR =  9.123E-01                      


 TOTAL INTENSITY FROM PARENT =  1.000E+02
 VALUE IS WITHIN   3.05E-05% OF 100                      


 TOTAL ENERGY AVAILABLE =  5.060E-01 MEV
 TOTAL ENERGY CONTENT OF ALL RADIATIONS =  5.140E-01 MEV
 PERCENT ERROR =  1.563E+00                      
%%%% 188 PT  78    EC A         8.81280E+05 10.2 D     02-11-2005       BALAEND 
%%%% 188 PT  78    EC A         8.81280E+05 10.2 D     02-11-2005       INPUSTAR
1                                      **INPUT DATA**
              188-PLATINUM-78
+                                    HALFLIFE = 10.2 DAYS    
+                                                                  02-11-2005

            MODES OF DECAY: ELECTRON CAPTURE, ALPHA
 
                                MEAN
                                NUMBER/    TRANSITION
                TYPE OF    ID   TRANSFOR-  ENERGY
              TRANSITION   NO.  MATION     (MEV)       OTHER NUCLEAR PARAMETERS

           ELECT. CAPTURE   1   1.35E-01   2.783E-02   ALLOWED                                  
           ELECT. CAPTURE   2   5.09E-03   2.256E-01   FIRST FORBIDDEN                          
           ELECT. CAPTURE   3   4.52E-01   3.109E-01   FIRST FORBIDDEN                          
           ELECT. CAPTURE   4   3.85E-01   3.184E-01   FIRST FORBIDDEN                          
           ELECT. CAPTURE   5   4.81E-03   4.093E-01   FIRST FORBIDDEN                          
           ELECT. CAPTURE   6   1.92E-02   4.512E-01   FIRST FORBIDDEN                          
           I.C.E. + GAMMA   1   8.36E-02   4.198E-02   M1+E2 MULTIPOLE                          
                                                       MRS=0.00250   AK= 0.0                    
                                                       AL1=10.0      AL2=1.18                   
                                                       AL3=0.357     AM= 2.66                   
                                                       AN+=0.811                                
           I.C.E. + GAMMA   2   2.08E-01   5.485E-02   M1+E2 MULTIPOLE                          
                                                       MRS=0.462     AK= 0.0                    
                                                       AL1=3.24      AL2=8.42                   
                                                       AL3=8.33      AM= 5.05                   
                                                       AN+=1.46                                 
           I.C.E. + GAMMA   3   1.89E-03   9.290E-02   M1 MULTIPOLE                             
+                                                                    AK= 5.85                   
                                                       AL1=0.870     AL2=0.0818                 
                                                       AL3=0.00870   AM= 0.222                  
                                                       AN+=0.0678                               
           I.C.E. + GAMMA   4   1.22E-02   9.670E-02   M1+E2 MULTIPOLE                          
                                                       MRS=1.96      AK= 2.49                   
                                                       AL1=0.363     AL2=1.22                   
                                                       AL3=1.04      AM= 0.668                  
                                                       AN+=0.194                                
           I.C.E. + GAMMA   5   2.62E-02   9.837E-02   M1+E2 MULTIPOLE                          
                                                       MRS=0.0100    AK= 5.51                   
                                                       AL1=0.819     AL2=0.0932                 
                                                       AL3=0.0224    AM= 0.217                  
                                                       AN+=0.0661                               
           I.C.E. + GAMMA   6   6.37E-03   1.329E-01   E2 MULTIPOLE                             
+                                                                    AK= 0.455                  
                                                       AL1=0.0532    AL2=0.422                  
                                                       AL3=0.329     AM= 0.207                  
                                                       AN+=0.0598                               
           I.C.E. + GAMMA   7   8.02E-02   1.404E-01   M1+E2 MULTIPOLE                          
                                                       MRS=0.000400  AK= 2.02                   
                                                       AL1=0.298     AL2=0.0278                 
                                                       AL3=0.00294   AM= 0.0761                 
                                                       AN+=0.0232                               
           I.C.E. + GAMMA   8   4.02E-01   1.876E-01   M1+E2 MULTIPOLE                          
                                                       MRS=0.00640   AK= 0.882                  
                                                       AL1=0.130     AL2=0.0125                 
                                                       AL3=0.00158   AM= 0.0334                 
                                                       AN+=0.0102                               
           I.C.E. + GAMMA   9   3.66E-01   1.951E-01   M1 MULTIPOLE                             
+                                                                    AK= 0.795                  
                                                       AL1=0.117     AL2=0.0107                 
                                                       AL3=0.00107   AM= 0.0299                 
                                                       AN+=0.00913                              
           I.C.E. + GAMMA  10   6.23E-04   1.978E-01   E1 MULTIPOLE                             
+                                                                    AK= 0.0582                 
                                                       AL1=0.00684   AL2=0.00147                
                                                       AL3=0.00138   AM= 0.00223                
           I.C.E. + GAMMA  11   3.77E-03   2.803E-01   M1+E2 MULTIPOLE                          
                                                       MRS=1.44      AK= 0.163                  
                                                       AL1=0.0231    AL2=0.0112                 
                                                       AL3=0.00555   AM= 0.00961                
                                                       AN+=0.00287                              
           I.C.E. + GAMMA  12   1.08E-03   2.832E-01   E1 MULTIPOLE                             
+                                                                    AK= 0.0242                 
                                                       AL1=0.00296                              
           I.C.E. + GAMMA  13   1.10E-03   2.906E-01   E1 MULTIPOLE                             
+                                                                    AK= 0.0227                 
                                                       AL1=0.00279                              
           I.C.E. + GAMMA  14   7.58E-02   3.814E-01   E1 MULTIPOLE                             
+                                                                    AK= 0.0121                 
                                                       AL1=0.00152                              
           I.C.E. + GAMMA  15   4.42E-02   4.233E-01   E1 MULTIPOLE                             
+                                                                    AK= 0.00961                
                                                       AL1=0.00122                              
           I.C.E. + GAMMA  16   1.80E-02   4.783E-01   E1 MULTIPOLE                             
+                                                                    AK= 0.00738                
                    ALPHA   1   2.90E-07   4.007E+00                                            
 
           - - - - - - - - - -
           Reference: Evaluated Nuclear Structure Data File (ENSDF)
                DATE DATA WERE ENTERED INTO ENSDF: May-1998
%%%% 188 PT  78    EC A         8.81280E+05 10.2 D     02-11-2005       INPUEND 
%%%% 188 PT  78    EC A         8.81280E+05 10.2 D     02-11-2005       OUTPSTAR
1                                      **OUTPUT DATA**
              188-PLATINUM-78
+                                    HALFLIFE = 10.2 DAYS    
+                                                                  02-11-2005

            MODES OF DECAY: ELECTRON CAPTURE, ALPHA
 
                                              MEAN
                                              NUMBER/                  MEV/
                                         ID   TRANSFOR-   ENERGY       TRANSFOR-
                  TYPE OF RADIATION      NO.  MATION      (MEV)        MATION

           GAMMA-RAY                      1   5.24E-03    4.198E-02    2.20E-04
           L1 CONV. ELECTRON, GAMMA-RAY   1   5.21E-02    2.858E-02    1.49E-03
           L2 CONV. ELECTRON, GAMMA-RAY   1   6.19E-03    2.912E-02    1.80E-04
           M CONV. ELECTRON, GAMMA-RAY    1   1.40E-02    3.944E-02*   5.50E-04
           N+ CONV. ELECTRON, GAMMA-RAY   1   4.25E-03    4.198E-02*   1.78E-04
           GAMMA-RAY                      2   7.57E-03    5.485E-02    4.15E-04
           L1 CONV. ELECTRON, GAMMA-RAY   2   2.45E-02    4.145E-02    1.02E-03
           L2 CONV. ELECTRON, GAMMA-RAY   2   6.37E-02    4.199E-02    2.67E-03
           L3 CONV. ELECTRON, GAMMA-RAY   2   6.30E-02    4.364E-02    2.75E-03
           M CONV. ELECTRON, GAMMA-RAY    2   3.82E-02    5.231E-02*   2.00E-03
           N+ CONV. ELECTRON, GAMMA-RAY   2   1.11E-02    5.485E-02*   6.07E-04
           K CONV. ELECTRON, GAMMA-RAY    4   4.34E-03    2.039E-02    8.85E-05
           L2 CONV. ELECTRON, GAMMA-RAY   4   2.13E-03    8.384E-02    1.78E-04
           L3 CONV. ELECTRON, GAMMA-RAY   4   1.82E-03    8.549E-02    1.56E-04
           M CONV. ELECTRON, GAMMA-RAY    4   1.17E-03    9.416E-02*   1.10E-04
           GAMMA-RAY                      5   3.40E-03    9.837E-02    3.34E-04
           K CONV. ELECTRON, GAMMA-RAY    5   1.87E-02    2.206E-02    4.13E-04
           L1 CONV. ELECTRON, GAMMA-RAY   5   2.78E-03    8.497E-02    2.36E-04
           GAMMA-RAY                      6   2.52E-03    1.329E-01    3.35E-04
           L2 CONV. ELECTRON, GAMMA-RAY   6   1.06E-03    1.200E-01    1.28E-04
           L3 CONV. ELECTRON, GAMMA-RAY   6   8.30E-04    1.216E-01    1.01E-04
           GAMMA-RAY                      7   2.33E-02    1.404E-01    3.27E-03
           K CONV. ELECTRON, GAMMA-RAY    7   4.69E-02    6.404E-02    3.00E-03
           L1 CONV. ELECTRON, GAMMA-RAY   7   6.95E-03    1.270E-01    8.82E-04
           L2 CONV. ELECTRON, GAMMA-RAY   7   6.46E-04    1.275E-01    8.24E-05
           M CONV. ELECTRON, GAMMA-RAY    7   1.77E-03    1.378E-01*   2.44E-04
           GAMMA-RAY                      8   1.94E-01    1.876E-01    3.64E-02
           K CONV. ELECTRON, GAMMA-RAY    8   1.71E-01    1.113E-01    1.90E-02
           L1 CONV. ELECTRON, GAMMA-RAY   8   2.53E-02    1.742E-01    4.40E-03
           L2 CONV. ELECTRON, GAMMA-RAY   8   2.42E-03    1.747E-01    4.22E-04
           M CONV. ELECTRON, GAMMA-RAY    8   6.48E-03    1.851E-01*   1.20E-03
           N+ CONV. ELECTRON, GAMMA-RAY   8   1.98E-03    1.876E-01*   3.72E-04
           GAMMA-RAY                      9   1.86E-01    1.951E-01    3.63E-02
           K CONV. ELECTRON, GAMMA-RAY    9   1.48E-01    1.187E-01    1.76E-02
           L1 CONV. ELECTRON, GAMMA-RAY   9   2.18E-02    1.817E-01    3.97E-03
           L2 CONV. ELECTRON, GAMMA-RAY   9   1.99E-03    1.822E-01    3.63E-04
           M CONV. ELECTRON, GAMMA-RAY    9   5.56E-03    1.925E-01*   1.07E-03
           N+ CONV. ELECTRON, GAMMA-RAY   9   1.70E-03    1.951E-01*   3.32E-04
           GAMMA-RAY                     11   3.10E-03    2.803E-01    8.70E-04
           K CONV. ELECTRON, GAMMA-RAY   11   5.04E-04    2.040E-01    1.03E-04
           GAMMA-RAY                     12   1.05E-03    2.832E-01    2.97E-04
           GAMMA-RAY                     13   1.07E-03    2.906E-01    3.10E-04
           GAMMA-RAY                     14   7.47E-02    3.814E-01    2.85E-02
           K CONV. ELECTRON, GAMMA-RAY   14   9.05E-04    3.051E-01    2.76E-04
           GAMMA-RAY                     15   4.37E-02    4.233E-01    1.85E-02
           K CONV. ELECTRON, GAMMA-RAY   15   4.19E-04    3.470E-01    1.46E-04
           GAMMA-RAY                     16   1.78E-02    4.783E-01    8.54E-03
           K -L2 X-RAY                        2.88E-01    6.345E-02    1.83E-02
           K -L3 X-RAY                        4.93E-01    6.510E-02    3.21E-02
           K -M2 X-RAY                        5.38E-02    7.341E-02    3.95E-03
           K -M3 X-RAY                        1.04E-01    7.377E-02    7.68E-03
           K -N2 X-RAY                        1.25E-02    7.574E-02    9.44E-04
           K -N3 X-RAY                        2.43E-02    7.583E-02    1.84E-03
           K -O2 X-RAY                        2.86E-03    7.625E-02    2.18E-04
           K -O3 X-RAY                        5.72E-03    7.626E-02    4.37E-04
           L2-M4 X-RAY                        1.15E-01    1.074E-02    1.24E-03
           L2-N4 X-RAY                        2.22E-02    1.255E-02    2.79E-04
           L3-M5 X-RAY                        1.91E-01    9.169E-03    1.75E-03
           L3-N5 X-RAY                        3.50E-02    1.092E-02    3.82E-04
           Free-Bound X-RAY                   1.39E+01    4.531E-05    6.28E-04
           AUGER KLL                          2.76E-02    5.135E-02*   1.42E-03
           AUGER KLX                          1.47E-02    6.152E-02*   9.05E-04
           AUGER KXY                          1.89E-03    7.169E-02*   1.35E-04
           CK LLX                             3.53E-01    6.179E-04*   2.18E-04
           AUGER LMM                          6.41E-01    7.080E-03*   4.54E-03
           AUGER LMX                          2.60E-01    9.055E-03*   2.35E-03
           AUGER LXY                          2.58E-02    1.106E-02*   2.86E-04
           CK MMX                             9.53E-01    3.542E-04*   3.38E-04
           AUGER MNN                          2.19E+00    1.644E-03*   3.59E-03
           AUGER MNX                          1.93E-01    1.845E-03*   3.56E-04
           CK NNX                             4.56E+00    1.711E-04*   7.80E-04
           CK OOX                             2.66E+00    3.541E-05*   9.42E-05
           ALPHA                          1   2.90E-07    3.922E+00    1.14E-06
           RECOIL ATOM                        2.90E-07    8.531E-02    2.47E-08
 
           ALL LISTED X-RAYS, GAMMA-RAYS AND ANNIHILATION RADIATION    2.04E-01
           ALL NEGLECTED X-RAYS, GAMMA-RAYS AND ANNIH. RADIATION**     1.49E-03
           ALL LISTED BETAS, INTERNAL CONVERSION AND AUGER ELECTRONS   8.14E-02
           ALL NEGLECTED BETAS, INT. CONVERSION AND AUGER ELECTRONS**  9.87E-04
           ALL LISTED ALPHA PARTICLES AND  RECOIL NUCLEI               1.16E-06
           ALL LISTED RADIATIONS                                       2.85E-01
           ALL NEGLECTED RADIATIONS**                                  2.48E-03
 
           *  AVERAGE ENERGY (MEV)
           ** EACH NEGLECTED TRANSITION CONTRIBUTES LESS THAN  0.100%
              TO THE TOTAL MEV/TRANSFORMATION FOR THIS CATEGORY.
           TOTAL FEEDING OF GROUND STATE LEVEL IN 188-IRIDIUM
             DAUGHTER IS 1.0000E+00 PER TRANSFORMATION OF 188-PLATINUM.
             DECAY OF THIS 41.5 HOURS HALFLIFE LEVEL WILL CONTRIBUTE TO DOSE.
           TOTAL FEEDING OF GROUND STATE LEVEL IN 184-OSMIUM
             DAUGHTER IS 2.9000E-07 PER TRANSFORMATION OF 188-PLATINUM.
             THIS DAUGHTER GROUND STATE IS STABLE.
           - - - - - - - - - -
           INPUT DATA SOURCE: EVALUATED NUCLEAR STRUCTURE DATA FILE (ENSDF)
             DATE INPUT DATA WERE ENTERED INTO ENSDF: May-1998
%%%% 188 PT  78    EC A         8.81280E+05 10.2 D     02-11-2005       OUTPEND 
%%%% 188 PT  78    EC A         8.81280E+05 10.2 D     02-11-2005       SEEISTAR
188.  PLATINUM     78.  1.020E+01 DAYS     185 EC A                 188.PT 78.   0
 1 1  5.23800E-01  4.19800E-02  4.19800E-02  0.00000E+00            188.PT 78.   1   1
 6 5  5.21495E+00  2.85840E-02  2.85840E-02  1.00000E+00            188.PT 78.   2   5
 6 6  6.18780E-01  2.91210E-02  2.91210E-02  1.00000E+00            188.PT 78.   3   6
 6 7  1.86767E-01  3.07660E-02  3.07660E-02  1.00000E+00            188.PT 78.   4   7
 6 3  1.39529E+00  3.94410E-02  3.94410E-02  1.00000E+00            188.PT 78.   5   3
 6 4  4.24613E-01  4.19800E-02  4.19800E-02  1.00000E+00            188.PT 78.   6   4
 1 2  7.56600E-01  5.48500E-02  5.48500E-02  0.00000E+00            188.PT 78.   7   2
 6 5  2.45337E+00  4.14540E-02  4.14540E-02  2.00000E+00            188.PT 78.   8   5
 6 6  6.36776E+00  4.19910E-02  4.19910E-02  2.00000E+00            188.PT 78.   9   6
 6 7  6.30335E+00  4.36360E-02  4.36360E-02  2.00000E+00            188.PT 78.  10   7
 6 3  3.81749E+00  5.23110E-02  5.23110E-02  2.00000E+00            188.PT 78.  11   3
 6 4  1.10744E+00  5.48500E-02  5.48500E-02  2.00000E+00            188.PT 78.  12   4
 1 3  2.32800E-02  9.29000E-02  9.29000E-02  0.00000E+00            188.PT 78.  13   3
 6 1  1.36172E-01  1.65860E-02  1.65860E-02  3.00000E+00            188.PT 78.  14   1
 6 5  2.02605E-02  7.95040E-02  7.95040E-02  3.00000E+00            188.PT 78.  15   5
 6 6  1.90483E-03  8.00410E-02  8.00410E-02  3.00000E+00            188.PT 78.  16   6
 6 7  2.02455E-04  8.16860E-02  8.16860E-02  3.00000E+00            188.PT 78.  17   7
 6 3  5.16893E-03  9.03610E-02  9.03610E-02  3.00000E+00            188.PT 78.  18   3
 6 4  1.57923E-03  9.29000E-02  9.29000E-02  3.00000E+00            188.PT 78.  19   4
 1 4  1.74600E-01  9.67000E-02  9.67000E-02  0.00000E+00            188.PT 78.  20   4
 6 1  4.34080E-01  2.03860E-02  2.03860E-02  4.00000E+00            188.PT 78.  21   1
 6 5  6.33560E-02  8.33040E-02  8.33040E-02  4.00000E+00            188.PT 78.  22   5
 6 6  2.12635E-01  8.38410E-02  8.38410E-02  4.00000E+00            188.PT 78.  23   6
 6 7  1.82001E-01  8.54860E-02  8.54860E-02  4.00000E+00            188.PT 78.  24   7
 6 3  1.16683E-01  9.41610E-02  9.41610E-02  4.00000E+00            188.PT 78.  25   3
 6 4  3.38311E-02  9.67000E-02  9.67000E-02  4.00000E+00            188.PT 78.  26   4
 1 5  3.39500E-01  9.83700E-02  9.83700E-02  0.00000E+00            188.PT 78.  27   5
 6 1  1.87134E+00  2.20560E-02  2.20560E-02  5.00000E+00            188.PT 78.  28   1
 6 5  2.78071E-01  8.49740E-02  8.49740E-02  5.00000E+00            188.PT 78.  29   5
 6 6  3.16450E-02  8.55110E-02  8.55110E-02  5.00000E+00            188.PT 78.  30   6
 6 7  7.60642E-03  8.71560E-02  8.71560E-02  5.00000E+00            188.PT 78.  31   7
 6 3  7.35521E-02  9.58310E-02  9.58310E-02  5.00000E+00            188.PT 78.  32   3
 6 4  2.24406E-02  9.83700E-02  9.83700E-02  5.00000E+00            188.PT 78.  33   4
 1 6  2.52200E-01  1.32860E-01  1.32860E-01  0.00000E+00            188.PT 78.  34   6
 6 1  1.14632E-01  5.65460E-02  5.65460E-02  6.00000E+00            188.PT 78.  35   1
 6 5  1.34290E-02  1.19464E-01  1.19464E-01  6.00000E+00            188.PT 78.  36   5
 6 6  1.06459E-01  1.20001E-01  1.20001E-01  6.00000E+00            188.PT 78.  37   6
 6 7  8.30233E-02  1.21646E-01  1.21646E-01  6.00000E+00            188.PT 78.  38   7
 6 3  5.21646E-02  1.30321E-01  1.30321E-01  6.00000E+00            188.PT 78.  39   3
 6 4  1.50789E-02  1.32860E-01  1.32860E-01  6.00000E+00            188.PT 78.  40   4
 1 7  2.32800E+00  1.40350E-01  1.40350E-01  0.00000E+00            188.PT 78.  41   7
 6 1  4.69217E+00  6.40360E-02  6.40360E-02  7.00000E+00            188.PT 78.  42   1
 6 5  6.94772E-01  1.26954E-01  1.26954E-01  7.00000E+00            188.PT 78.  43   5
 6 6  6.46068E-02  1.27491E-01  1.27491E-01  7.00000E+00            188.PT 78.  44   6
 6 7  6.84364E-03  1.29136E-01  1.29136E-01  7.00000E+00            188.PT 78.  45   7
 6 3  1.77152E-01  1.37811E-01  1.37811E-01  7.00000E+00            188.PT 78.  46   3
 6 4  5.40426E-02  1.40350E-01  1.40350E-01  7.00000E+00            188.PT 78.  47   4
 1 8  1.94000E+01  1.87590E-01  1.87590E-01  0.00000E+00            188.PT 78.  48   8
 6 1  1.71168E+01  1.11276E-01  1.11276E-01  8.00000E+00            188.PT 78.  49   1
 6 5  2.52531E+00  1.74194E-01  1.74194E-01  8.00000E+00            188.PT 78.  50   5
 6 6  2.41671E-01  1.74731E-01  1.74731E-01  8.00000E+00            188.PT 78.  51   6
 6 7  3.07287E-02  1.76376E-01  1.76376E-01  8.00000E+00            188.PT 78.  52   7
 6 3  6.48416E-01  1.85051E-01  1.85051E-01  8.00000E+00            188.PT 78.  53   3
 6 4  1.98108E-01  1.87590E-01  1.87590E-01  8.00000E+00            188.PT 78.  54   4
 1 9  1.86240E+01  1.95050E-01  1.95050E-01  0.00000E+00            188.PT 78.  55   9
 6 1  1.48046E+01  1.18736E-01  1.18736E-01  9.00000E+00            188.PT 78.  56   1
 6 5  2.18465E+00  1.81654E-01  1.81654E-01  9.00000E+00            188.PT 78.  57   5
 6 6  1.98970E-01  1.82191E-01  1.82191E-01  9.00000E+00            188.PT 78.  58   6
 6 7  1.99148E-02  1.83836E-01  1.83836E-01  9.00000E+00            188.PT 78.  59   7
 6 3  5.56482E-01  1.92511E-01  1.92511E-01  9.00000E+00            188.PT 78.  60   3
 6 4  1.70094E-01  1.95050E-01  1.95050E-01  9.00000E+00            188.PT 78.  61   4
 110  5.82000E-02  1.97800E-01  1.97800E-01  0.00000E+00            188.PT 78.  62  10
 6 1  3.38993E-03  1.21486E-01  1.21486E-01  1.00000E+01            188.PT 78.  63   1
 6 5  3.98255E-04  1.84404E-01  1.84404E-01  1.00000E+01            188.PT 78.  64   5
 6 6  8.53616E-05  1.84941E-01  1.84941E-01  1.00000E+01            188.PT 78.  65   6
 6 7  8.00608E-05  1.86586E-01  1.86586E-01  1.00000E+01            188.PT 78.  66   7
 6 3  1.30019E-04  1.95261E-01  1.95261E-01  1.00000E+01            188.PT 78.  67   3
 6 4  3.88212E-05  1.97800E-01  1.97800E-01  1.00000E+01            188.PT 78.  68   4
 111  3.10400E-01  2.80300E-01  2.80300E-01  0.00000E+00            188.PT 78.  69  11
 6 1  5.04475E-02  2.03986E-01  2.03986E-01  1.10000E+01            188.PT 78.  70   1
 6 5  7.18456E-03  2.66904E-01  2.66904E-01  1.10000E+01            188.PT 78.  71   5
 6 6  3.47177E-03  2.67441E-01  2.67441E-01  1.10000E+01            188.PT 78.  72   6
 6 7  1.72278E-03  2.69086E-01  2.69086E-01  1.10000E+01            188.PT 78.  73   7
 6 3  2.98147E-03  2.77761E-01  2.77761E-01  1.10000E+01            188.PT 78.  74   3
 6 4  8.90506E-04  2.80300E-01  2.80300E-01  1.10000E+01            188.PT 78.  75   4
 112  1.04760E-01  2.83150E-01  2.83150E-01  0.00000E+00            188.PT 78.  76  12
 6 1  2.53070E-03  2.06836E-01  2.06836E-01  1.20000E+01            188.PT 78.  77   1
 6 5  3.09781E-04  2.69754E-01  2.69754E-01  1.20000E+01            188.PT 78.  78   5
 6 6  5.19363E-05  2.70291E-01  2.70291E-01  1.20000E+01            188.PT 78.  79   6
 6 7  4.57812E-05  2.71936E-01  2.71936E-01  1.20000E+01            188.PT 78.  80   7
 6 3  9.37132E-05  2.80611E-01  2.80611E-01  1.20000E+01            188.PT 78.  81   3
 6 4  2.80860E-05  2.83150E-01  2.83150E-01  1.20000E+01            188.PT 78.  82   4
 113  1.06700E-01  2.90640E-01  2.90640E-01  0.00000E+00            188.PT 78.  83  13
 6 1  2.42231E-03  2.14326E-01  2.14326E-01  1.30000E+01            188.PT 78.  84   1
 6 5  2.97232E-04  2.77244E-01  2.77244E-01  1.30000E+01            188.PT 78.  85   5
 6 6  4.89426E-05  2.77781E-01  2.77781E-01  1.30000E+01            188.PT 78.  86   6
 6 7  4.29533E-05  2.79426E-01  2.79426E-01  1.30000E+01            188.PT 78.  87   7
 6 3  8.94739E-05  2.88101E-01  2.88101E-01  1.30000E+01            188.PT 78.  88   3
 6 4  2.68169E-05  2.90640E-01  2.90640E-01  1.30000E+01            188.PT 78.  89   4
 114  7.46900E+00  3.81430E-01  3.81430E-01  0.00000E+00            188.PT 78.  90  14
 6 1  9.04899E-02  3.05116E-01  3.05116E-01  1.40000E+01            188.PT 78.  91   1
 6 5  1.13655E-02  3.68034E-01  3.68034E-01  1.40000E+01            188.PT 78.  92   5
 6 6  1.54386E-03  3.68571E-01  3.68571E-01  1.40000E+01            188.PT 78.  93   6
 6 7  1.29635E-03  3.70216E-01  3.70216E-01  1.40000E+01            188.PT 78.  94   7
 6 3  3.25472E-03  3.78891E-01  3.78891E-01  1.40000E+01            188.PT 78.  95   3
 6 4  9.77551E-04  3.81430E-01  3.81430E-01  1.40000E+01            188.PT 78.  96   4
 115  4.36500E+00  4.23340E-01  4.23340E-01  0.00000E+00            188.PT 78.  97  15
 6 1  4.19491E-02  3.47026E-01  3.47026E-01  1.50000E+01            188.PT 78.  98   1
 6 5  5.30821E-03  4.09944E-01  4.09944E-01  1.50000E+01            188.PT 78.  99   5
 6 6  6.68750E-04  4.10481E-01  4.10481E-01  1.50000E+01            188.PT 78. 100   6
 6 7  5.52896E-04  4.12126E-01  4.12126E-01  1.50000E+01            188.PT 78. 101   7
 6 3  1.49345E-03  4.20801E-01  4.20801E-01  1.50000E+01            188.PT 78. 102   3
 6 4  4.49155E-04  4.23340E-01  4.23340E-01  1.50000E+01            188.PT 78. 103   4
 116  1.78480E+00  4.78300E-01  4.78300E-01  0.00000E+00            188.PT 78. 104  16
 6 1  1.31644E-02  4.01986E-01  4.01986E-01  1.60000E+01            188.PT 78. 105   1
 6 5  1.67691E-03  4.64904E-01  4.64904E-01  1.60000E+01            188.PT 78. 106   5
 6 6  1.93501E-04  4.65441E-01  4.65441E-01  1.60000E+01            188.PT 78. 107   6
 6 7  1.57359E-04  4.67086E-01  4.67086E-01  1.60000E+01            188.PT 78. 108   7
 6 3  4.63109E-04  4.75761E-01  4.75761E-01  1.60000E+01            188.PT 78. 109   3
 6 4  1.39504E-04  4.78300E-01  4.78300E-01  1.60000E+01            188.PT 78. 110   4
 2 1  2.87694E+01  6.34550E-02  6.34550E-02  0.00000E+00            188.PT 78. 111   1
 2 2  4.93444E+01  6.50999E-02  6.50999E-02  0.00000E+00            188.PT 78. 112   2
 2 3  5.38147E+00  7.34138E-02  7.34138E-02  0.00000E+00            188.PT 78. 113   3
 2 4  1.04062E+01  7.37749E-02  7.37749E-02  0.00000E+00            188.PT 78. 114   4
 2 5  1.27410E-01  7.41908E-02  7.41908E-02  0.00000E+00            188.PT 78. 115   5
 2 6  1.58251E-01  7.42688E-02  7.42688E-02  0.00000E+00            188.PT 78. 116   6
 2 7  1.24685E+00  7.57436E-02  7.57436E-02  0.00000E+00            188.PT 78. 117   7
 2 8  2.42815E+00  7.58295E-02  7.58295E-02  0.00000E+00            188.PT 78. 118   8
 2 9  3.19443E-02  7.60034E-02  7.60034E-02  0.00000E+00            188.PT 78. 119   9
 210  3.95482E-02  7.60194E-02  7.60194E-02  0.00000E+00            188.PT 78. 120  10
 211  2.85516E-01  7.62483E-02  7.62483E-02  0.00000E+00            188.PT 78. 121  11
 212  5.72456E-01  7.62623E-02  7.62623E-02  0.00000E+00            188.PT 78. 122  12
 213  2.11613E-03  7.63057E-02  7.63057E-02  0.00000E+00            188.PT 78. 123  13
 214  2.52218E-03  7.63071E-02  7.63071E-02  0.00000E+00            188.PT 78. 124  14
 221  4.18393E-04  5.37000E-04  5.37000E-04  0.00000E+00            188.PT 78. 125  21
 222  6.70139E-02  2.18200E-03  2.18200E-03  0.00000E+00            188.PT 78. 126  22
 223  9.59261E-01  1.04958E-02  1.04958E-02  0.00000E+00            188.PT 78. 127  23
 224  1.14523E+00  1.08570E-02  1.08570E-02  0.00000E+00            188.PT 78. 128  24
 225  3.02866E-02  1.12728E-02  1.12728E-02  0.00000E+00            188.PT 78. 129  25
 226  4.53326E-02  1.13512E-02  1.13512E-02  0.00000E+00            188.PT 78. 130  26
 227  2.39769E-01  1.28256E-02  1.28256E-02  0.00000E+00            188.PT 78. 131  27
 228  3.06371E-01  1.29115E-02  1.29115E-02  0.00000E+00            188.PT 78. 132  28
 229  4.41643E-03  1.30855E-02  1.30855E-02  0.00000E+00            188.PT 78. 133  29
 230  6.93084E-03  1.31014E-02  1.31014E-02  0.00000E+00            188.PT 78. 134  30
 231  4.04191E-02  1.33303E-02  1.33303E-02  0.00000E+00            188.PT 78. 135  31
 232  4.98529E-02  1.33443E-02  1.33443E-02  0.00000E+00            188.PT 78. 136  32
 233  2.66628E-04  1.33880E-02  1.33880E-02  0.00000E+00            188.PT 78. 137  33
 234  4.07436E-04  1.33892E-02  1.33892E-02  0.00000E+00            188.PT 78. 138  34
 241  2.19871E-04  1.64500E-03  1.64500E-03  0.00000E+00            188.PT 78. 139  41
 242  3.14827E-01  9.71330E-03  9.71330E-03  0.00000E+00            188.PT 78. 140  42
 243  1.11729E-02  1.03200E-02  1.03200E-02  0.00000E+00            188.PT 78. 141  43
 244  1.15349E+01  1.07358E-02  1.07358E-02  0.00000E+00            188.PT 78. 142  44
 245  7.82995E-02  1.21837E-02  1.21837E-02  0.00000E+00            188.PT 78. 143  45
 246  2.96978E-03  1.23745E-02  1.23745E-02  0.00000E+00            188.PT 78. 144  46
 247  2.22457E+00  1.25485E-02  1.25485E-02  0.00000E+00            188.PT 78. 145  47
 248  7.16625E-03  1.27877E-02  1.27877E-02  0.00000E+00            188.PT 78. 146  48
 249  1.54654E-02  1.27599E-02  1.27599E-02  0.00000E+00            188.PT 78. 147  49
 250  5.98665E-04  1.28074E-02  1.28074E-02  0.00000E+00            188.PT 78. 148  50
 251  1.43851E-01  1.28509E-02  1.28509E-02  0.00000E+00            188.PT 78. 149  51
 261  1.25564E+00  8.06830E-03  8.06830E-03  0.00000E+00            188.PT 78. 150  61
 262  1.16111E-02  8.31380E-03  8.31380E-03  0.00000E+00            188.PT 78. 151  62
 263  1.05097E-02  8.67499E-03  8.67499E-03  0.00000E+00            188.PT 78. 152  63
 264  2.16851E+00  9.09081E-03  9.09081E-03  0.00000E+00            188.PT 78. 153  64
 265  1.91186E+01  9.16923E-03  9.16923E-03  0.00000E+00            188.PT 78. 154  65
 266  2.51722E-01  1.05387E-02  1.05387E-02  0.00000E+00            188.PT 78. 155  66
 267  2.54070E-03  1.06436E-02  1.06436E-02  0.00000E+00            188.PT 78. 156  67
 268  2.53603E-03  1.07295E-02  1.07295E-02  0.00000E+00            188.PT 78. 157  68
 269  3.88912E-01  1.09035E-02  1.09035E-02  0.00000E+00            188.PT 78. 158  69
 270  3.49950E+00  1.09194E-02  1.09194E-02  0.00000E+00            188.PT 78. 159  70
 271  2.26413E-03  1.11427E-02  1.11427E-02  0.00000E+00            188.PT 78. 160  71
 272  1.26916E-02  1.11459E-02  1.11459E-02  0.00000E+00            188.PT 78. 161  72
 273  5.22487E-02  1.11149E-02  1.11149E-02  0.00000E+00            188.PT 78. 162  73
 274  5.34753E-04  1.11483E-02  1.11483E-02  0.00000E+00            188.PT 78. 163  74
 275  5.22660E-04  1.11623E-02  1.11623E-02  0.00000E+00            188.PT 78. 164  75
 276  2.47850E-02  1.12060E-02  1.12060E-02  0.00000E+00            188.PT 78. 165  76
 277  2.13033E-01  1.12072E-02  1.12072E-02  0.00000E+00            188.PT 78. 166  77
 291  6.45977E+00  1.99501E-03  1.99501E-03  0.00000E+00            188.PT 78. 167  91
 292  1.41064E-01  2.74858E-04  2.74858E-04  0.00000E+00            188.PT 78. 168  92
 293  3.40808E-04  4.74597E-05  4.74597E-05  0.00000E+00            188.PT 78. 169  93
 294  1.38523E+03  4.53136E-05  4.53136E-05  0.00000E+00            188.PT 78. 170  94
 7 1  2.76051E+00  5.13520E-02  5.13520E-02  0.00000E+00            188.PT 78. 171   1
 7 2  1.47070E+00  6.15157E-02  6.15157E-02  0.00000E+00            188.PT 78. 172   2
 7 3  1.88511E-01  7.16899E-02  7.16899E-02  0.00000E+00            188.PT 78. 173   3
 7 4  3.53140E+01  6.17932E-04  6.17932E-04  0.00000E+00            188.PT 78. 174   4
 7 5  6.41083E+01  7.07961E-03  7.07961E-03  0.00000E+00            188.PT 78. 175   5
 7 6  2.59951E+01  9.05504E-03  9.05504E-03  0.00000E+00            188.PT 78. 176   6
 7 7  2.58362E+00  1.10610E-02  1.10610E-02  0.00000E+00            188.PT 78. 177   7
 7 8  9.53064E+01  3.54213E-04  3.54213E-04  0.00000E+00            188.PT 78. 178   8
 7 9  2.18642E+02  1.64365E-03  1.64365E-03  0.00000E+00            188.PT 78. 179   9
 710  1.93068E+01  1.84522E-03  1.84522E-03  0.00000E+00            188.PT 78. 180  10
 711  9.59602E-01  2.15333E-03  2.15333E-03  0.00000E+00            188.PT 78. 181  11
 712  4.55741E+02  1.71068E-04  1.71068E-04  0.00000E+00            188.PT 78. 182  12
 713  2.04889E+01  3.63760E-04  3.63760E-04  0.00000E+00            188.PT 78. 183  13
 714  2.65979E+02  3.54088E-05  3.54088E-05  0.00000E+00            188.PT 78. 184  14
 8 1  2.90000E-05  3.92169E+00  8.53096E-02  0.00000E+00            188.PT 78. 185   1
%%%% 188 PT  78    EC A         8.81280E+05 10.2 D     02-11-2005       SEEIEND 
 


   ***************************************************** 
   *                 Radiation Summary                 * 
   ***************************************************** 
 
  Energy released by
    Gamma-ray                       (MeV) =   1.34577E-01
    X-ray                           (MeV) =   7.02846E-02
    Free-bound X-ray                (MeV) =   6.27698E-04
    Annihilation photon             (MeV) =   0.00000E+00
    Beta+ particle                  (MeV) =   0.00000E+00
    Neutrino                        (MeV) =   2.24871E-01
    Beta- particle                  (MeV) =   0.00000E+00
    Neutrino-                       (MeV) =   0.00000E+00
    Internal conv. electron         (MeV) =   6.72365E-02
    Auger and CK electron           (MeV) =   1.51105E-02
    Alpha particle                  (MeV) =   1.13729E-06
    Recoil nucleus                  (MeV) =   2.47398E-08
  E-total (except unplaced radiat.) (MeV) =   5.12708E-01
  E-unplaced radiation              (MeV) =   0.00000E+00
  Q-value from ENSDF data           (MeV) =   5.06001E-01
  Ratio of E-total/Q-value          ( % ) =   1.01326E+02
  Ratio of E-unplaced radi./Q-value ( % ) =   0.00000E+00

 
  Total yield of
    Gamma-ray                             =   5.66208E-01
    X-ray                                 =   1.49644E+00
    Free-bound X-ray                      =   1.38523E+01
    Annihilation photon                   =   0.00000E+00
    Beta+ particle                        =   0.00000E+00
    Beta- particle                        =   0.00000E+00
    Internal conv. electron               =   7.64045E-01
    Auger and CK electron                 =   1.20884E+01
    Alpha particle                        =   2.90000E-07
  Yield of unplaced radiation             =   0.00000E+00


