%%%% 200 PT  78    B-           4.50000E+04 12.5 H     02-11-2005       BALASTAR
1 200   PT  78 12.5 H          B-         
1INTENSITY AND ENERGY BALANCE DATA

              200-PLATINUM-78
+                                    HALFLIFE = 12.5 HOURS   
+                                                                  02-11-2005


    LEVEL       INTENSITY   INTENSITY
    ENERGY      ENTERING    LEAVING     PERCENT
    (MEV)       LEVEL       LEVEL       ERROR

   0.0000E+00  9.9751E+01
   5.9970E-02  1.9099E+01  1.6327E+01  1.5648E+01  ********************
   7.6210E-02  5.2100E+01  5.3881E+01  3.3608E+00                      
   1.0364E-01  2.3416E+01  2.3772E+01  1.5091E+00                      
   1.6600E-01  1.4147E+00  1.4267E+00  8.5067E-01                      
   2.3954E-01  1.3322E+01  1.3788E+01  3.4425E+00                      
   2.4356E-01  1.7335E+00  1.5399E+00  1.1830E+01  ********************
   2.9270E-01  1.1615E+00  7.8538E-01  3.8639E+01  ********************
   3.0368E-01  9.9201E+00  1.0176E+01  2.5512E+00                      
   3.9021E-01  5.8548E+00  6.0611E+00  3.4618E+00                      
   4.6871E-01  4.7814E-01  4.9214E-01  2.8851E+00                      


 INTENSITY TO GROUND AND ISOMERIC STATE(S) OF DAUGHTER(S)=  9.975E+01
 TOTAL INTENSITY FROM PARENT=  1.000E+02
 PERCENT ERROR =  2.498E-01                      


 TOTAL INTENSITY FROM PARENT =  1.000E+02
 VALUE IS WITHIN   7.63E-06% OF 100                      


 TOTAL ENERGY AVAILABLE =  6.700E-01 MEV
 TOTAL ENERGY CONTENT OF ALL RADIATIONS =  6.713E-01 MEV
 PERCENT ERROR =  1.905E-01                      
%%%% 200 PT  78    B-           4.50000E+04 12.5 H     02-11-2005       BALAEND 
%%%% 200 PT  78    B-           4.50000E+04 12.5 H     02-11-2005       INPUSTAR
1                                      **INPUT DATA**
              200-PLATINUM-78
+                                    HALFLIFE = 12.5 HOURS   
+                                                                  02-11-2005

            MODE OF DECAY: BETA MINUS
 
                                MEAN
                                NUMBER/    TRANSITION
                TYPE OF    ID   TRANSFOR-  ENERGY
              TRANSITION   NO.  MATION     (MEV)       OTHER NUCLEAR PARAMETERS

               BETA MINUS   1   4.78E-03   2.013E-01*  FIRST FORBIDDEN                          
               BETA MINUS   2   5.85E-02   2.798E-01*  FIRST FORBIDDEN                          
               BETA MINUS   3   9.37E-02   3.663E-01*  FIRST FORBIDDEN                          
               BETA MINUS   4   1.25E-01   4.305E-01*  FIRST FORBIDDEN                          
               BETA MINUS   5   4.78E-03   5.040E-01*  ALLOWED                                  
+                                                              ASSUMED                          
               BETA MINUS   6   7.90E-02   5.664E-01*  FIRST FORBIDDEN                          
               BETA MINUS   7   4.49E-01   5.938E-01*  FIRST FORBIDDEN                          
               BETA MINUS   8   1.85E-01   6.700E-01*  FIRST FORBIDDEN                          
           I.C.E. + GAMMA   1   1.37E-03   2.521E-02   UNPLACED GAMMA                           
           I.C.E. + GAMMA   2   2.41E-02   2.748E-02   M1 MULTIPOLE                             
+                                                                    AK= 0.0                    
                                                       AL1=42.1      AL2=4.13                   
                                                       AL3=0.444     AM= 10.9                   
                                                       AN+=3.37                                 
           I.C.E. + GAMMA   3   1.32E-01   4.367E-02   M1 MULTIPOLE                             
+                                                                    AK= 0.0                    
                                                       AL1=10.7      AL2=1.04                   
                                                       AL3=0.108     AM= 2.76                   
                                                       AN+=0.857                                
           I.C.E. + GAMMA   4   1.63E-01   6.000E-02   M1 MULTIPOLE                             
+                                                                    AK= 0.0                    
                                                       AL1=4.21      AL2=0.406                  
                                                       AL3=0.0412    AM= 1.09                   
                                                       AN+=0.337                                
           I.C.E. + GAMMA   5   5.39E-01   7.620E-02   M1 MULTIPOLE                             
+                                                                    AK= 0.0                    
                                                       AL1=2.09      AL2=0.201                  
                                                       AL3=0.0200    AM= 0.539                  
                                                       AN+=0.167                                
           I.C.E. + GAMMA   6   3.74E-03   8.640E-02   M1 MULTIPOLE                             
+                                                                    AK= 9.59                   
                                                       AL1=1.45      AL2=0.139                  
                                                       AL3=0.0137    AM= 0.374                  
                                                       AN+=0.116                                
           I.C.E. + GAMMA   7   1.16E-02   9.752E-02   M1 MULTIPOLE                             
+                                                                    AK= 6.75                   
                                                       AL1=1.02      AL2=0.0979                 
                                                       AL3=0.00952   AM= 0.263                  
                                                       AN+=0.0818                               
           I.C.E. + GAMMA   8   8.12E-02   1.036E-01   M1 MULTIPOLE                             
+                                                                    AK= 5.66                   
                                                       AL1=0.860     AL2=0.0821                 
                                                       AL3=0.00794   AM= 0.221                  
                                                       AN+=0.0686                               
           I.C.E. + GAMMA   9   1.35E-01   1.359E-01   M1 MULTIPOLE                             
+                                                                    AK= 2.61                   
                                                       AL1=0.395     AL2=0.0373                 
                                                       AL3=0.00353   AM= 0.101                  
                                                       AN+=0.0315                               
           I.C.E. + GAMMA  10   9.37E-03   1.377E-01   M1 MULTIPOLE                             
+                                                                    AK= 2.52                   
                                                       AL1=0.381     AL2=0.0360                 
                                                       AL3=0.00339   AM= 0.0978                 
                                                       AN+=0.0304                               
           I.C.E. + GAMMA  11   2.73E-03   1.401E-01   M1 MULTIPOLE                             
+                                                                    AK= 2.39                   
                                                       AL1=0.362     AL2=0.0342                 
                                                       AL3=0.00322   AM= 0.0930                 
                                                       AN+=0.0289                               
           I.C.E. + GAMMA  12   1.73E-02   1.465E-01   M1 MULTIPOLE                             
+                                                                    AK= 2.11                   
                                                       AL1=0.318     AL2=0.0301                 
                                                       AL3=0.00282   AM= 0.0818                 
                                                       AN+=0.0254                               
           I.C.E. + GAMMA  13   8.31E-03   1.506E-01   M1 MULTIPOLE                             
+                                                                    AK= 1.95                   
                                                       AL1=0.295     AL2=0.0278                 
                                                       AL3=0.00260   AM= 0.0756                 
                                                       AN+=0.0235                               
           I.C.E. + GAMMA  14   1.79E-03   1.649E-01   M1 MULTIPOLE                             
+                                                                    AK= 1.51                   
                                                       AL1=0.227     AL2=0.0214                 
                                                       AL3=0.00198   AM= 0.0583                 
                                                       AN+=0.0182                               
           I.C.E. + GAMMA  15   1.43E-02   1.660E-01   M1 MULTIPOLE                             
+                                                                    AK= 1.48                   
                                                       AL1=0.223     AL2=0.0210                 
                                                       AL3=0.00195   AM= 0.0573                 
                                                       AN+=0.0179                               
           I.C.E. + GAMMA  16   1.04E-02   1.674E-01   M1 MULTIPOLE                             
+                                                                    AK= 1.45                   
                                                       AL1=0.218     AL2=0.0205                 
                                                       AL3=0.00190   AM= 0.0560                 
                                                       AN+=0.0174                               
           I.C.E. + GAMMA  17   1.15E-03   1.794E-01   M1 MULTIPOLE                             
+                                                                    AK= 1.19                   
                                                       AL1=0.179     AL2=0.0168                 
                                                       AL3=0.00155   AM= 0.0460                 
                                                       AN+=0.0143                               
           I.C.E. + GAMMA  18   1.42E-03   1.834E-01   M1 MULTIPOLE                             
+                                                                    AK= 1.12                   
                                                       AL1=0.168     AL2=0.0158                 
                                                       AL3=0.00145   AM= 0.0432                 
                                                       AN+=0.0135                               
           I.C.E. + GAMMA  19   2.56E-03   1.894E-01   M1 MULTIPOLE                             
+                                                                    AK= 1.02                   
                                                       AL1=0.154     AL2=0.0144                 
                                                       AL3=0.00132   AM= 0.0395                 
                                                       AN+=0.0123                               
           I.C.E. + GAMMA  20   1.39E-02   2.000E-01   M1 MULTIPOLE                             
+                                                                    AK= 0.879                  
                                                       AL1=0.132     AL2=0.0123                 
                                                       AL3=0.00112   AM= 0.0339                 
                                                       AN+=0.0105                               
           I.C.E. + GAMMA  21   1.74E-04   2.126E-01   UNPLACED GAMMA                           
           I.C.E. + GAMMA  22   3.35E-04   2.182E-01   UNPLACED GAMMA                           
           I.C.E. + GAMMA  23   3.60E-02   2.275E-01   M1 MULTIPOLE                             
+                                                                    AK= 0.613                  
                                                       AL1=0.0920    AL2=0.00852                
                                                       AM= 0.0236    AN+=0.00733                
           I.C.E. + GAMMA  24   1.53E-03   2.328E-01   M1 MULTIPOLE                             
+                                                                    AK= 0.575                  
                                                       AL1=0.0863    AL2=0.00797                
                                                       AM= 0.0221    AN+=0.00687                
           I.C.E. + GAMMA  25   1.30E-03   2.396E-01   M1 MULTIPOLE                             
+                                                                    AK= 0.531                  
                                                       AL1=0.0798    AL2=0.00735                
                                                       AM= 0.0204    AN+=0.00635                
           I.C.E. + GAMMA  26   4.03E-02   2.437E-01   M1 MULTIPOLE                             
+                                                                    AK= 0.507                  
                                                       AL1=0.0761    AL2=0.00700                
                                                       AM= 0.0195    AN+=0.00605                
           I.C.E. + GAMMA  27   8.88E-04   2.437E-01   M1 MULTIPOLE                             
+                                                                    AK= 0.507                  
                                                       AL1=0.0761    AL2=0.00700                
                                                       AM= 0.0195    AN+=0.00605                
           I.C.E. + GAMMA  28   6.43E-04   2.515E-01   UNPLACED GAMMA                           
           I.C.E. + GAMMA  29   4.86E-04   2.867E-01   M1 MULTIPOLE                             
+                                                                    AK= 0.325                  
                                                       AL1=0.0487    AL2=0.00441                
                                                       AM= 0.0124    AN+=0.00386                
           I.C.E. + GAMMA  30   3.77E-03   2.927E-01   M1 MULTIPOLE                             
+                                                                    AK= 0.307                  
                                                       AL1=0.0460    AL2=0.00416                
                                                       AM= 0.0118    AN+=0.00365                
           I.C.E. + GAMMA  31   2.19E-03   3.037E-01   M1 MULTIPOLE                             
+                                                                    AK= 0.278                  
                                                       AL1=0.0416    AL2=0.00375                
                                                       AM= 0.0106    AN+=0.00330                
           I.C.E. + GAMMA  32   1.67E-03   3.140E-01   M1 MULTIPOLE                             
+                                                                    AK= 0.254                  
                                                       AL1=0.0380    AL2=0.00341                
                                                       AM= 0.00970   AN+=0.00301                
           I.C.E. + GAMMA  33   1.39E-02   3.303E-01   M1 MULTIPOLE                             
+                                                                    AK= 0.221                  
                                                       AL1=0.0331    AL2=0.00295                
                                                       AM= 0.00845   AN+=0.00262                
           I.C.E. + GAMMA  34   3.52E-03   3.902E-01   M1 MULTIPOLE                             
+                                                                    AK= 0.142                  
                                                       AL1=0.0211    AL2=0.00185                
                                                       AM= 0.00538   AN+=0.00167                
           I.C.E. + GAMMA  35   2.62E-04   4.087E-01   M1 MULTIPOLE                             
+                                                                    AK= 0.125                  
                                                       AL1=0.0186    AL2=0.00162                
                                                       AM= 0.00474   AN+=0.00147                
           I.C.E. + GAMMA  36   2.87E-03   4.687E-01   M1 MULTIPOLE                             
+                                                                    AK= 0.0871                 
                                                       AL1=0.0129    AL2=0.00110                
                                                       AM= 0.00328   AN+=0.00102                
 
           * ENDPOINT ENERGY (MEV)
           - - - - - - - - - -
           Reference: Evaluated Nuclear Structure Data File (ENSDF)
                DATE DATA WERE ENTERED INTO ENSDF: Oct-1995
%%%% 200 PT  78    B-           4.50000E+04 12.5 H     02-11-2005       INPUEND 
%%%% 200 PT  78    B-           4.50000E+04 12.5 H     02-11-2005       OUTPSTAR
1                                      **OUTPUT DATA**
              200-PLATINUM-78
+                                    HALFLIFE = 12.5 HOURS   
+                                                                  02-11-2005

            MODE OF DECAY: BETA MINUS
 
                                              MEAN
                                              NUMBER/                  MEV/
                                         ID   TRANSFOR-   ENERGY       TRANSFOR-
                  TYPE OF RADIATION      NO.  MATION      (MEV)        MATION

           BETA MINUS                     1   4.78E-03    5.455E-02*   2.61E-04
           BETA MINUS                     2   5.85E-02    7.794E-02*   4.56E-03
           BETA MINUS                     3   9.37E-02    1.049E-01*   9.83E-03
           BETA MINUS                     4   1.25E-01    1.256E-01*   1.57E-02
           BETA MINUS                     5   4.78E-03    1.501E-01*   7.17E-04
           BETA MINUS                     6   7.90E-02    1.713E-01*   1.35E-02
           BETA MINUS                     7   4.49E-01    1.808E-01*   8.12E-02
           BETA MINUS                     8   1.85E-01    2.077E-01*   3.85E-02
           GAMMA-RAY                      3   8.03E-03    4.367E-02    3.51E-04
           L1 CONV. ELECTRON, GAMMA-RAY   3   8.61E-02    2.933E-02    2.53E-03
           L2 CONV. ELECTRON, GAMMA-RAY   3   8.33E-03    2.989E-02    2.49E-04
           M CONV. ELECTRON, GAMMA-RAY    3   2.22E-02    4.094E-02*   9.08E-04
           N+ CONV. ELECTRON, GAMMA-RAY   3   6.88E-03    4.367E-02*   3.00E-04
           GAMMA-RAY                      4   2.30E-02    6.000E-02    1.38E-03
           L1 CONV. ELECTRON, GAMMA-RAY   4   9.71E-02    4.566E-02    4.44E-03
           L2 CONV. ELECTRON, GAMMA-RAY   4   9.36E-03    4.622E-02    4.33E-04
           M CONV. ELECTRON, GAMMA-RAY    4   2.50E-02    5.727E-02*   1.43E-03
           N+ CONV. ELECTRON, GAMMA-RAY   4   7.76E-03    6.000E-02*   4.66E-04
           GAMMA-RAY                      5   1.34E-01    7.620E-02    1.02E-02
           L1 CONV. ELECTRON, GAMMA-RAY   5   2.80E-01    6.186E-02    1.73E-02
           L2 CONV. ELECTRON, GAMMA-RAY   5   2.70E-02    6.242E-02    1.68E-03
           M CONV. ELECTRON, GAMMA-RAY    5   7.23E-02    7.347E-02*   5.31E-03
           N+ CONV. ELECTRON, GAMMA-RAY   5   2.24E-02    7.620E-02*   1.71E-03
           GAMMA-RAY                      7   1.26E-03    9.752E-02    1.23E-04
           GAMMA-RAY                      8   1.03E-02    1.036E-01    1.06E-03
           K CONV. ELECTRON, GAMMA-RAY    8   5.82E-02    2.264E-02    1.32E-03
           L1 CONV. ELECTRON, GAMMA-RAY   8   8.84E-03    8.926E-02    7.89E-04
           GAMMA-RAY                      9   3.24E-02    1.359E-01    4.41E-03
           K CONV. ELECTRON, GAMMA-RAY    9   8.46E-02    5.498E-02    4.65E-03
           L1 CONV. ELECTRON, GAMMA-RAY   9   1.28E-02    1.216E-01    1.56E-03
           M CONV. ELECTRON, GAMMA-RAY    9   3.29E-03    1.332E-01*   4.38E-04
           GAMMA-RAY                     10   2.30E-03    1.377E-01    3.17E-04
           K CONV. ELECTRON, GAMMA-RAY   10   5.80E-03    5.672E-02    3.29E-04
           GAMMA-RAY                     11   6.97E-04    1.401E-01    9.76E-05
           GAMMA-RAY                     12   4.86E-03    1.465E-01    7.13E-04
           K CONV. ELECTRON, GAMMA-RAY   12   1.02E-02    6.558E-02    6.72E-04
           GAMMA-RAY                     13   2.47E-03    1.506E-01    3.71E-04
           K CONV. ELECTRON, GAMMA-RAY   13   4.80E-03    6.965E-02    3.34E-04
           GAMMA-RAY                     14   6.30E-04    1.649E-01    1.04E-04
           GAMMA-RAY                     15   5.09E-03    1.660E-01    8.45E-04
           K CONV. ELECTRON, GAMMA-RAY   15   7.54E-03    8.504E-02    6.41E-04
           GAMMA-RAY                     16   3.75E-03    1.674E-01    6.28E-04
           K CONV. ELECTRON, GAMMA-RAY   16   5.43E-03    8.641E-02    4.69E-04
           GAMMA-RAY                     17   4.69E-04    1.794E-01    8.41E-05
           GAMMA-RAY                     18   6.03E-04    1.834E-01    1.11E-04
           GAMMA-RAY                     19   1.14E-03    1.894E-01    2.16E-04
           GAMMA-RAY                     20   6.73E-03    2.000E-01    1.35E-03
           K CONV. ELECTRON, GAMMA-RAY   20   5.91E-03    1.190E-01    7.04E-04
           GAMMA-RAY                     22   3.35E-04    2.182E-01    7.31E-05
           GAMMA-RAY                     23   2.06E-02    2.275E-01    4.69E-03
           K CONV. ELECTRON, GAMMA-RAY   23   1.27E-02    1.465E-01    1.85E-03
           L1 CONV. ELECTRON, GAMMA-RAY  23   1.90E-03    2.131E-01    4.05E-04
           GAMMA-RAY                     24   8.98E-04    2.328E-01    2.09E-04
           GAMMA-RAY                     25   7.91E-04    2.396E-01    1.89E-04
           GAMMA-RAY                     26   2.49E-02    2.437E-01    6.07E-03
           K CONV. ELECTRON, GAMMA-RAY   26   1.26E-02    1.628E-01    2.05E-03
           L1 CONV. ELECTRON, GAMMA-RAY  26   1.90E-03    2.294E-01    4.35E-04
           GAMMA-RAY                     27   5.49E-04    2.437E-01    1.34E-04
           GAMMA-RAY                     28   6.43E-04    2.515E-01    1.62E-04
           GAMMA-RAY                     29   3.48E-04    2.867E-01    9.99E-05
           GAMMA-RAY                     30   2.75E-03    2.927E-01    8.04E-04
           GAMMA-RAY                     31   1.63E-03    3.037E-01    4.96E-04
           GAMMA-RAY                     32   1.27E-03    3.140E-01    4.00E-04
           GAMMA-RAY                     33   1.10E-02    3.303E-01    3.63E-03
           K CONV. ELECTRON, GAMMA-RAY   33   2.43E-03    2.493E-01    6.06E-04
           GAMMA-RAY                     34   3.00E-03    3.902E-01    1.17E-03
           GAMMA-RAY                     35   2.28E-04    4.087E-01    9.31E-05
           GAMMA-RAY                     36   2.60E-03    4.687E-01    1.22E-03
           K -L2 X-RAY                        6.45E-02    6.718E-02    4.33E-03
           K -L3 X-RAY                        1.10E-01    6.904E-02    7.57E-03
           K -M2 X-RAY                        1.21E-02    7.782E-02    9.39E-04
           K -M3 X-RAY                        2.33E-02    7.823E-02    1.83E-03
           K -N2 X-RAY                        2.83E-03    8.032E-02    2.27E-04
           K -N3 X-RAY                        5.53E-03    8.042E-02    4.45E-04
           K -O3 X-RAY                        1.29E-03    8.090E-02    1.04E-04
           L1-M2 X-RAY                        1.43E-02    1.119E-02    1.60E-04
           L1-M3 X-RAY                        1.65E-02    1.160E-02    1.91E-04
           L1-N3 X-RAY                        4.49E-03    1.380E-02    6.20E-05
           L2-M4 X-RAY                        4.48E-02    1.148E-02    5.14E-04
           L2-N4 X-RAY                        8.84E-03    1.342E-02    1.19E-04
           L3-M1 X-RAY                        7.38E-03    8.521E-03    6.29E-05
           L3-M4 X-RAY                        1.28E-02    9.621E-03    1.24E-04
           L3-M5 X-RAY                        1.13E-01    9.710E-03    1.10E-03
           L3-N5 X-RAY                        2.11E-02    1.159E-02    2.45E-04
           M X-RAY                            4.46E-02    2.145E-03*   9.56E-05
           Free-Bound X-RAY                   1.48E+01    1.110E-05*   1.64E-04
           AUGER KLL                          5.87E-03    5.424E-02*   3.18E-04
           CK LLX                             4.21E-01    6.227E-04*   2.62E-04
           AUGER LMM                          3.41E-01    7.499E-03*   2.56E-03
           AUGER LMX                          1.44E-01    9.640E-03*   1.38E-03
           AUGER MNN                          1.30E+00    1.751E-03*   2.29E-03
           AUGER MNX                          1.34E-01    1.971E-03*   2.65E-04
           CK NNX                             2.62E+00    1.745E-04*   4.56E-04
           AUGER NXY                          4.98E+00    6.460E-05*   3.21E-04
 
           ALL LISTED X-RAYS, GAMMA-RAYS AND ANNIHILATION RADIATION    6.01E-02
           ALL NEGLECTED X-RAYS, GAMMA-RAYS AND ANNIH. RADIATION**     4.24E-04
           ALL LISTED BETAS, INTERNAL CONVERSION AND AUGER ELECTRONS   2.26E-01
           ALL NEGLECTED BETAS, INT. CONVERSION AND AUGER ELECTRONS**  5.91E-03
           ALL LISTED RADIATIONS                                       2.86E-01
           ALL NEGLECTED RADIATIONS**                                  6.33E-03
 
           *  AVERAGE ENERGY (MEV)
           ** EACH NEGLECTED TRANSITION CONTRIBUTES LESS THAN  0.100%
              TO THE TOTAL MEV/TRANSFORMATION FOR THIS CATEGORY.
           TOTAL FEEDING OF GROUND STATE LEVEL IN 200-GOLD
             DAUGHTER IS 1.0000E+00 PER TRANSFORMATION OF 200-PLATINUM.
             DECAY OF THIS 48.4 MINUTES HALFLIFE LEVEL WILL CONTRIBUTE TO DOSE.
           - - - - - - - - - -
           INPUT DATA SOURCE: EVALUATED NUCLEAR STRUCTURE DATA FILE (ENSDF)
             DATE INPUT DATA WERE ENTERED INTO ENSDF: Oct-1995
%%%% 200 PT  78    B-           4.50000E+04 12.5 H     02-11-2005       OUTPEND 
%%%% 200 PT  78    B-           4.50000E+04 12.5 H     02-11-2005       BETASTAR
1
              200-PLATINUM-78
+                                    HALFLIFE = 12.5 HOURS   
+                                                                  02-11-2005

            BETA SPECTRUM DATA FOR ALL DECAY BRANCHES

                      BETAS PER                BETAS PER                BETAS PER
            ENERGY    MEV            ENERGY    MEV            ENERGY    MEV
            (MEV)     PER DECAY      (MEV)     PER DECAY      (MEV)     PER DECAY

            0.00000   4.186E+00      0.00180   4.168E+00      0.03600   3.893E+00
            0.00010   4.185E+00      0.00200   4.166E+00      0.04000   3.864E+00
            0.00011   4.185E+00      0.00220   4.164E+00      0.04500   3.826E+00
            0.00012   4.185E+00      0.00240   4.162E+00      0.05000   3.787E+00
            0.00013   4.185E+00      0.00260   4.160E+00      0.05500   3.747E+00
            0.00014   4.185E+00      0.00280   4.158E+00      0.06000   3.706E+00
            0.00015   4.185E+00      0.00300   4.156E+00      0.06500   3.664E+00
            0.00016   4.185E+00      0.00320   4.154E+00      0.07000   3.622E+00
            0.00018   4.185E+00      0.00360   4.150E+00      0.07500   3.578E+00
            0.00020   4.184E+00      0.00400   4.146E+00      0.08000   3.534E+00
            0.00022   4.184E+00      0.00450   4.141E+00      0.08500   3.488E+00
            0.00024   4.184E+00      0.00500   4.136E+00      0.09000   3.443E+00
            0.00026   4.184E+00      0.00550   4.131E+00      0.10000   3.349E+00
            0.00028   4.184E+00      0.00600   4.126E+00      0.11000   3.252E+00
            0.00030   4.183E+00      0.00650   4.121E+00      0.12000   3.154E+00
            0.00032   4.183E+00      0.00700   4.116E+00      0.13000   3.053E+00
            0.00036   4.183E+00      0.00750   4.111E+00      0.14000   2.952E+00
            0.00040   4.182E+00      0.00800   4.105E+00      0.15000   2.849E+00
            0.00045   4.182E+00      0.00850   4.100E+00      0.16000   2.745E+00
            0.00050   4.181E+00      0.00900   4.095E+00      0.18000   2.536E+00
            0.00055   4.181E+00      0.01000   4.085E+00      0.20000   2.329E+00
            0.00060   4.180E+00      0.01100   4.075E+00      0.22000   2.124E+00
            0.00065   4.180E+00      0.01200   4.064E+00      0.24000   1.925E+00
            0.00070   4.179E+00      0.01300   4.054E+00      0.26000   1.734E+00
            0.00075   4.179E+00      0.01400   4.044E+00      0.28000   1.555E+00
            0.00080   4.178E+00      0.01500   4.033E+00      0.30000   1.385E+00
            0.00085   4.178E+00      0.01600   4.030E+00      0.32000   1.223E+00
            0.00090   4.177E+00      0.01800   4.017E+00      0.36000   9.282E-01
            0.00100   4.176E+00      0.02000   4.004E+00      0.40000   6.793E-01
            0.00110   4.175E+00      0.02200   3.991E+00      0.45000   4.239E-01
            0.00120   4.174E+00      0.02400   3.977E+00      0.50000   2.202E-01
            0.00130   4.173E+00      0.02600   3.964E+00      0.55000   7.987E-02
            0.00140   4.172E+00      0.02800   3.950E+00      0.60000   1.950E-02
            0.00150   4.171E+00      0.03000   3.936E+00      0.65000   1.707E-03
            0.00160   4.170E+00      0.03200   3.922E+00      0.67000   0.000E+00

            AVERAGE BETA ENERGY =   1.643E-01

            TOTAL BETAS PER DECAY FOR ALL BRANCHES =   1.000E+00
%%%% 200 PT  78    B-           4.50000E+04 12.5 H     02-11-2005       BETAEND 
%%%% 200 PT  78    B-           4.50000E+04 12.5 H     02-11-2005       SEEISTAR
200.  PLATINUM     78.  1.250E+01 HOURS    308 B-                   200.PT 78.   0
 5 1  4.78142E-01  5.45505E-02  2.01290E-01  0.00000E+00            200.PT 78.   1   1
 5 2  5.85480E+00  7.79387E-02  2.79790E-01  0.00000E+00            200.PT 78.   2   2
 5 3  9.36768E+00  1.04890E-01  3.66320E-01  0.00000E+00            200.PT 78.   3   3
 5 4  1.24902E+01  1.25601E-01  4.30460E-01  0.00000E+00            200.PT 78.   4   4
 5 5  4.78142E-01  1.50050E-01  5.04000E-01  0.00000E+00            200.PT 78.   5   5
 5 6  7.90398E+00  1.71323E-01  5.66360E-01  0.00000E+00            200.PT 78.   6   6
 5 7  4.48868E+01  1.80827E-01  5.93790E-01  0.00000E+00            200.PT 78.   7   7
 5 8  1.85402E+01  2.07672E-01  6.70000E-01  0.00000E+00            200.PT 78.   8   8
 1 1  1.36680E-01  2.52100E-02  2.52100E-02  0.00000E+00            200.PT 78.   9   1
 1 2  3.88600E-02  2.74800E-02  2.74800E-02  0.00000E+00            200.PT 78.  10   2
 6 5  1.63754E+00  1.31440E-02  1.31440E-02  2.00000E+00            200.PT 78.  11   5
 6 6  1.60329E-01  1.37040E-02  1.37040E-02  2.00000E+00            200.PT 78.  12   6
 6 7  1.72645E-02  1.55580E-02  1.55580E-02  2.00000E+00            200.PT 78.  13   7
 6 3  4.23022E-01  2.47460E-02  2.47460E-02  2.00000E+00            200.PT 78.  14   3
 6 4  1.31112E-01  2.74800E-02  2.74800E-02  2.00000E+00            200.PT 78.  15   4
 1 3  8.02660E-01  4.36700E-02  4.36700E-02  0.00000E+00            200.PT 78.  16   3
 6 5  8.61225E+00  2.93340E-02  2.93340E-02  3.00000E+00            200.PT 78.  17   5
 6 6  8.33481E-01  2.98940E-02  2.98940E-02  3.00000E+00            200.PT 78.  18   6
 6 7  8.67813E-02  3.17480E-02  3.17480E-02  3.00000E+00            200.PT 78.  19   7
 6 3  2.21826E+00  4.09360E-02  4.09360E-02  3.00000E+00            200.PT 78.  20   3
 6 4  6.87679E-01  4.36700E-02  4.36700E-02  3.00000E+00            200.PT 78.  21   4
 1 4  2.30480E+00  6.00000E-02  6.00000E-02  0.00000E+00            200.PT 78.  22   4
 6 5  9.71243E+00  4.56640E-02  4.56640E-02  4.00000E+00            200.PT 78.  23   5
 6 6  9.35750E-01  4.62240E-02  4.62240E-02  4.00000E+00            200.PT 78.  24   6
 6 7  9.49682E-02  4.80780E-02  4.80780E-02  4.00000E+00            200.PT 78.  25   7
 6 3  2.50253E+00  5.72660E-02  5.72660E-02  4.00000E+00            200.PT 78.  26   3
 6 4  7.76316E-01  6.00000E-02  6.00000E-02  4.00000E+00            200.PT 78.  27   4
 1 5  1.34000E+01  7.62000E-02  7.62000E-02  0.00000E+00            200.PT 78.  28   5
 6 5  2.80451E+01  6.18640E-02  6.18640E-02  5.00000E+00            200.PT 78.  29   5
 6 6  2.69657E+00  6.24240E-02  6.24240E-02  5.00000E+00            200.PT 78.  30   6
 6 7  2.68067E-01  6.42780E-02  6.42780E-02  5.00000E+00            200.PT 78.  31   7
 6 3  7.22668E+00  7.34660E-02  7.34660E-02  5.00000E+00            200.PT 78.  32   3
 6 4  2.24430E+00  7.62000E-02  7.62000E-02  5.00000E+00            200.PT 78.  33   4
 1 6  2.94800E-02  8.64000E-02  8.64000E-02  0.00000E+00            200.PT 78.  34   6
 6 1  2.82657E-01  5.44000E-03  5.44000E-03  6.00000E+00            200.PT 78.  35   1
 6 5  4.28101E-02  7.20640E-02  7.20640E-02  6.00000E+00            200.PT 78.  36   5
 6 6  4.10842E-03  7.26240E-02  7.26240E-02  6.00000E+00            200.PT 78.  37   6
 6 7  4.03892E-04  7.44780E-02  7.44780E-02  6.00000E+00            200.PT 78.  38   7
 6 3  1.10245E-02  8.36660E-02  8.36660E-02  6.00000E+00            200.PT 78.  39   3
 6 4  3.42584E-03  8.64000E-02  8.64000E-02  6.00000E+00            200.PT 78.  40   4
 1 7  1.25960E-01  9.75200E-02  9.75200E-02  0.00000E+00            200.PT 78.  41   7
 6 1  8.49682E-01  1.65600E-02  1.65600E-02  7.00000E+00            200.PT 78.  42   1
 6 5  1.28912E-01  8.31840E-02  8.31840E-02  7.00000E+00            200.PT 78.  43   5
 6 6  1.23319E-02  8.37440E-02  8.37440E-02  7.00000E+00            200.PT 78.  44   6
 6 7  1.19930E-03  8.55980E-02  8.55980E-02  7.00000E+00            200.PT 78.  45   7
 6 3  3.31257E-02  9.47860E-02  9.47860E-02  7.00000E+00            200.PT 78.  46   3
 6 4  1.02983E-02  9.75200E-02  9.75200E-02  7.00000E+00            200.PT 78.  47   4
 1 8  1.02778E+00  1.03600E-01  1.03600E-01  0.00000E+00            200.PT 78.  48   8
 6 1  5.82095E+00  2.26400E-02  2.26400E-02  8.00000E+00            200.PT 78.  49   1
 6 5  8.83756E-01  8.92640E-02  8.92640E-02  8.00000E+00            200.PT 78.  50   5
 6 6  8.43783E-02  8.98240E-02  8.98240E-02  8.00000E+00            200.PT 78.  51   6
 6 7  8.16189E-03  9.16780E-02  9.16780E-02  8.00000E+00            200.PT 78.  52   7
 6 3  2.27038E-01  1.00866E-01  1.00866E-01  8.00000E+00            200.PT 78.  53   3
 6 4  7.05474E-02  1.03600E-01  1.03600E-01  8.00000E+00            200.PT 78.  54   4
 1 9  3.24280E+00  1.35940E-01  1.35940E-01  0.00000E+00            200.PT 78.  55   9
 6 1  8.45713E+00  5.49800E-02  5.49800E-02  9.00000E+00            200.PT 78.  56   1
 6 5  1.27975E+00  1.21604E-01  1.21604E-01  9.00000E+00            200.PT 78.  57   5
 6 6  1.21068E-01  1.22164E-01  1.22164E-01  9.00000E+00            200.PT 78.  58   6
 6 7  1.14336E-02  1.24018E-01  1.24018E-01  9.00000E+00            200.PT 78.  59   7
 6 3  3.28843E-01  1.33206E-01  1.33206E-01  9.00000E+00            200.PT 78.  60   3
 6 4  1.02143E-01  1.35940E-01  1.35940E-01  9.00000E+00            200.PT 78.  61   4
 110  2.30480E-01  1.37680E-01  1.37680E-01  0.00000E+00            200.PT 78.  62  10
 6 1  5.79710E-01  5.67200E-02  5.67200E-02  1.00000E+01            200.PT 78.  63   1
 6 5  8.77107E-02  1.23344E-01  1.23344E-01  1.00000E+01            200.PT 78.  64   5
 6 6  8.29430E-03  1.23904E-01  1.23904E-01  1.00000E+01            200.PT 78.  65   6
 6 7  7.82400E-04  1.25758E-01  1.25758E-01  1.00000E+01            200.PT 78.  66   7
 6 3  2.25351E-02  1.34946E-01  1.34946E-01  1.00000E+01            200.PT 78.  67   3
 6 4  7.00144E-03  1.37680E-01  1.37680E-01  1.00000E+01            200.PT 78.  68   4
 111  6.96800E-02  1.40090E-01  1.40090E-01  0.00000E+00            200.PT 78.  69  11
 6 1  1.66811E-01  5.91300E-02  5.91300E-02  1.10000E+01            200.PT 78.  70   1
 6 5  2.52348E-02  1.25754E-01  1.25754E-01  1.10000E+01            200.PT 78.  71   5
 6 6  2.38496E-03  1.26314E-01  1.26314E-01  1.10000E+01            200.PT 78.  72   6
 6 7  2.24617E-04  1.28168E-01  1.28168E-01  1.10000E+01            200.PT 78.  73   7
 6 3  6.48227E-03  1.37356E-01  1.37356E-01  1.10000E+01            200.PT 78.  74   3
 6 4  2.01467E-03  1.40090E-01  1.40090E-01  1.10000E+01            200.PT 78.  75   4
 112  4.86420E-01  1.46540E-01  1.46540E-01  0.00000E+00            200.PT 78.  76  12
 6 1  1.02403E+00  6.55800E-02  6.55800E-02  1.20000E+01            200.PT 78.  77   1
 6 5  1.54923E-01  1.32204E-01  1.32204E-01  1.20000E+01            200.PT 78.  78   5
 6 6  1.46201E-02  1.32764E-01  1.32764E-01  1.20000E+01            200.PT 78.  79   6
 6 7  1.37128E-03  1.34618E-01  1.34618E-01  1.20000E+01            200.PT 78.  80   7
 6 3  3.97762E-02  1.43806E-01  1.43806E-01  1.20000E+01            200.PT 78.  81   3
 6 4  1.23738E-02  1.46540E-01  1.46540E-01  1.20000E+01            200.PT 78.  82   4
 113  2.46560E-01  1.50610E-01  1.50610E-01  0.00000E+00            200.PT 78.  83  13
 6 1  4.80152E-01  6.96500E-02  6.96500E-02  1.30000E+01            200.PT 78.  84   1
 6 5  7.26302E-02  1.36274E-01  1.36274E-01  1.30000E+01            200.PT 78.  85   5
 6 6  6.84779E-03  1.36834E-01  1.36834E-01  1.30000E+01            200.PT 78.  86   6
 6 7  6.40671E-04  1.38688E-01  1.38688E-01  1.30000E+01            200.PT 78.  87   7
 6 3  1.86418E-02  1.47876E-01  1.47876E-01  1.30000E+01            200.PT 78.  88   3
 6 4  5.80244E-03  1.50610E-01  1.50610E-01  1.30000E+01            200.PT 78.  89   4
 114  6.29800E-02  1.64950E-01  1.64950E-01  0.00000E+00            200.PT 78.  90  14
 6 1  9.49168E-02  8.39900E-02  8.39900E-02  1.40000E+01            200.PT 78.  91   1
 6 5  1.43241E-02  1.50614E-01  1.50614E-01  1.40000E+01            200.PT 78.  92   5
 6 6  1.34635E-03  1.51174E-01  1.51174E-01  1.40000E+01            200.PT 78.  93   6
 6 7  1.24900E-04  1.53028E-01  1.53028E-01  1.40000E+01            200.PT 78.  94   7
 6 3  3.67300E-03  1.62216E-01  1.62216E-01  1.40000E+01            200.PT 78.  95   3
 6 4  1.14511E-03  1.64950E-01  1.64950E-01  1.40000E+01            200.PT 78.  96   4
 115  5.09200E-01  1.66000E-01  1.66000E-01  0.00000E+00            200.PT 78.  97  15
 6 1  7.53859E-01  8.50400E-02  8.50400E-02  1.50000E+01            200.PT 78.  98   1
 6 5  1.13745E-01  1.51664E-01  1.51664E-01  1.50000E+01            200.PT 78.  99   5
 6 6  1.06886E-02  1.52224E-01  1.52224E-01  1.50000E+01            200.PT 78. 100   6
 6 7  9.90992E-04  1.54078E-01  1.54078E-01  1.50000E+01            200.PT 78. 101   7
 6 3  2.91649E-02  1.63266E-01  1.63266E-01  1.50000E+01            200.PT 78. 102   3
 6 4  9.09332E-03  1.66000E-01  1.66000E-01  1.50000E+01            200.PT 78. 103   4
 116  3.75200E-01  1.67370E-01  1.67370E-01  0.00000E+00            200.PT 78. 104  16
 6 1  5.42808E-01  8.64100E-02  8.64100E-02  1.60000E+01            200.PT 78. 105   1
 6 5  8.18800E-02  1.53034E-01  1.53034E-01  1.60000E+01            200.PT 78. 106   5
 6 6  7.69201E-03  1.53594E-01  1.53594E-01  1.60000E+01            200.PT 78. 107   6
 6 7  7.12617E-04  1.55448E-01  1.55448E-01  1.60000E+01            200.PT 78. 108   7
 6 3  2.09931E-02  1.64636E-01  1.64636E-01  1.60000E+01            200.PT 78. 109   3
 6 4  6.54613E-03  1.67370E-01  1.67370E-01  1.60000E+01            200.PT 78. 110   4
 117  4.69000E-02  1.79400E-01  1.79400E-01  0.00000E+00            200.PT 78. 111  17
 6 1  5.58613E-02  9.84400E-02  9.84400E-02  1.70000E+01            200.PT 78. 112   1
 6 5  8.40603E-03  1.65064E-01  1.65064E-01  1.70000E+01            200.PT 78. 113   5
 6 6  7.87787E-04  1.65624E-01  1.65624E-01  1.70000E+01            200.PT 78. 114   6
 6 7  7.25170E-05  1.67478E-01  1.67478E-01  1.70000E+01            200.PT 78. 115   7
 6 3  2.15744E-03  1.76666E-01  1.76666E-01  1.70000E+01            200.PT 78. 116   3
 6 4  6.71341E-04  1.79400E-01  1.79400E-01  1.70000E+01            200.PT 78. 117   4
 118  6.03000E-02  1.83380E-01  1.83380E-01  0.00000E+00            200.PT 78. 118  18
 6 1  6.75466E-02  1.02420E-01  1.02420E-01  1.80000E+01            200.PT 78. 119   1
 6 5  1.01577E-02  1.69044E-01  1.69044E-01  1.80000E+01            200.PT 78. 120   5
 6 6  9.51103E-04  1.69604E-01  1.69604E-01  1.80000E+01            200.PT 78. 121   6
 6 7  8.73746E-05  1.71458E-01  1.71458E-01  1.80000E+01            200.PT 78. 122   7
 6 3  2.60704E-03  1.80646E-01  1.80646E-01  1.80000E+01            200.PT 78. 123   3
 6 4  8.11131E-04  1.83380E-01  1.83380E-01  1.80000E+01            200.PT 78. 124   4
 119  1.13900E-01  1.89400E-01  1.89400E-01  0.00000E+00            200.PT 78. 125  19
 6 1  1.16572E-01  1.08440E-01  1.08440E-01  1.90000E+01            200.PT 78. 126   1
 6 5  1.75147E-02  1.75064E-01  1.75064E-01  1.90000E+01            200.PT 78. 127   5
 6 6  1.63771E-03  1.75624E-01  1.75624E-01  1.90000E+01            200.PT 78. 128   6
 6 7  1.50009E-04  1.77478E-01  1.77478E-01  1.90000E+01            200.PT 78. 129   7
 6 3  4.49537E-03  1.86666E-01  1.86666E-01  1.90000E+01            200.PT 78. 130   3
 6 4  1.39830E-03  1.89400E-01  1.89400E-01  1.90000E+01            200.PT 78. 131   4
 120  6.72680E-01  2.00000E-01  2.00000E-01  0.00000E+00            200.PT 78. 132  20
 6 1  5.91244E-01  1.19040E-01  1.19040E-01  2.00000E+01            200.PT 78. 133   1
 6 5  8.87357E-02  1.85664E-01  1.85664E-01  2.00000E+01            200.PT 78. 134   5
 6 6  8.27603E-03  1.86224E-01  1.86224E-01  2.00000E+01            200.PT 78. 135   6
 6 7  7.54359E-04  1.88078E-01  1.88078E-01  2.00000E+01            200.PT 78. 136   7
 6 3  2.27755E-02  1.97266E-01  1.97266E-01  2.00000E+01            200.PT 78. 137   3
 6 4  7.08096E-03  2.00000E-01  2.00000E-01  2.00000E+01            200.PT 78. 138   4
 121  1.74200E-02  2.12610E-01  2.12610E-01  0.00000E+00            200.PT 78. 139  21
 122  3.35000E-02  2.18170E-01  2.18170E-01  0.00000E+00            200.PT 78. 140  22
 123  2.06360E+00  2.27450E-01  2.27450E-01  0.00000E+00            200.PT 78. 141  23
 6 1  1.26592E+00  1.46490E-01  1.46490E-01  2.30000E+01            200.PT 78. 142   1
 6 5  1.89940E-01  2.13114E-01  2.13114E-01  2.30000E+01            200.PT 78. 143   5
 6 6  1.75833E-02  2.13674E-01  2.13674E-01  2.30000E+01            200.PT 78. 144   6
 6 7  1.58485E-03  2.15528E-01  2.15528E-01  2.30000E+01            200.PT 78. 145   7
 6 3  4.87398E-02  2.24716E-01  2.24716E-01  2.30000E+01            200.PT 78. 146   3
 6 4  1.51333E-02  2.27450E-01  2.27450E-01  2.30000E+01            200.PT 78. 147   4
 124  8.97800E-02  2.32800E-01  2.32800E-01  0.00000E+00            200.PT 78. 148  24
 6 1  5.16326E-02  1.51840E-01  1.51840E-01  2.40000E+01            200.PT 78. 149   1
 6 5  7.74598E-03  2.18464E-01  2.18464E-01  2.40000E+01            200.PT 78. 150   5
 6 6  7.15922E-04  2.19024E-01  2.19024E-01  2.40000E+01            200.PT 78. 151   6
 6 7  6.44011E-05  2.20878E-01  2.20878E-01  2.40000E+01            200.PT 78. 152   7
 6 3  1.98747E-03  2.30066E-01  2.30066E-01  2.40000E+01            200.PT 78. 153   3
 6 4  6.16941E-04  2.32800E-01  2.32800E-01  2.40000E+01            200.PT 78. 154   4
 125  7.90600E-02  2.39560E-01  2.39560E-01  0.00000E+00            200.PT 78. 155  25
 6 1  4.19999E-02  1.58600E-01  1.58600E-01  2.50000E+01            200.PT 78. 156   1
 6 5  6.30545E-03  2.25224E-01  2.25224E-01  2.50000E+01            200.PT 78. 157   5
 6 6  5.81057E-04  2.25784E-01  2.25784E-01  2.50000E+01            200.PT 78. 158   6
 6 7  5.21441E-05  2.27638E-01  2.27638E-01  2.50000E+01            200.PT 78. 159   7
 6 3  1.61655E-03  2.36826E-01  2.36826E-01  2.50000E+01            200.PT 78. 160   3
 6 4  5.01848E-04  2.39560E-01  2.39560E-01  2.50000E+01            200.PT 78. 161   4
 126  2.49240E+00  2.43710E-01  2.43710E-01  0.00000E+00            200.PT 78. 162  26
 6 1  1.26262E+00  1.62750E-01  1.62750E-01  2.60000E+01            200.PT 78. 163   1
 6 5  1.89571E-01  2.29374E-01  2.29374E-01  2.60000E+01            200.PT 78. 164   5
 6 6  1.74436E-02  2.29934E-01  2.29934E-01  2.60000E+01            200.PT 78. 165   6
 6 7  1.56318E-03  2.31788E-01  2.31788E-01  2.60000E+01            200.PT 78. 166   7
 6 3  4.85900E-02  2.40976E-01  2.40976E-01  2.60000E+01            200.PT 78. 167   3
 6 4  1.50829E-02  2.43710E-01  2.43710E-01  2.60000E+01            200.PT 78. 168   4
 127  5.49400E-02  2.43710E-01  2.43710E-01  0.00000E+00            200.PT 78. 169  27
 6 1  2.78320E-02  1.62750E-01  1.62750E-01  2.70000E+01            200.PT 78. 170   1
 6 5  4.17873E-03  2.29374E-01  2.29374E-01  2.70000E+01            200.PT 78. 171   5
 6 6  3.84510E-04  2.29934E-01  2.29934E-01  2.70000E+01            200.PT 78. 172   6
 6 7  3.44571E-05  2.31788E-01  2.31788E-01  2.70000E+01            200.PT 78. 173   7
 6 3  1.07107E-03  2.40976E-01  2.40976E-01  2.70000E+01            200.PT 78. 174   3
 6 4  3.32473E-04  2.43710E-01  2.43710E-01  2.70000E+01            200.PT 78. 175   4
 128  6.43200E-02  2.51460E-01  2.51460E-01  0.00000E+00            200.PT 78. 176  28
 129  3.48400E-02  2.86690E-01  2.86690E-01  0.00000E+00            200.PT 78. 177  29
 6 1  1.13157E-02  2.05730E-01  2.05730E-01  2.90000E+01            200.PT 78. 178   1
 6 5  1.69649E-03  2.72354E-01  2.72354E-01  2.90000E+01            200.PT 78. 179   5
 6 6  1.53670E-04  2.72914E-01  2.72914E-01  2.90000E+01            200.PT 78. 180   6
 6 7  1.36035E-05  2.74768E-01  2.74768E-01  2.90000E+01            200.PT 78. 181   7
 6 3  4.33754E-04  2.83956E-01  2.83956E-01  2.90000E+01            200.PT 78. 182   3
 6 4  1.34535E-04  2.86690E-01  2.86690E-01  2.90000E+01            200.PT 78. 183   4
 130  2.74700E-01  2.92660E-01  2.92660E-01  0.00000E+00            200.PT 78. 184  30
 6 1  8.43503E-02  2.11700E-01  2.11700E-01  3.00000E+01            200.PT 78. 185   1
 6 5  1.26444E-02  2.78324E-01  2.78324E-01  3.00000E+01            200.PT 78. 186   5
 6 6  1.14281E-03  2.78884E-01  2.78884E-01  3.00000E+01            200.PT 78. 187   6
 6 7  1.01027E-04  2.80738E-01  2.80738E-01  3.00000E+01            200.PT 78. 188   7
 6 3  3.23178E-03  2.89926E-01  2.89926E-01  3.00000E+01            200.PT 78. 189   3
 6 4  1.00230E-03  2.92660E-01  2.92660E-01  3.00000E+01            200.PT 78. 190   4
 131  1.63480E-01  3.03700E-01  3.03700E-01  0.00000E+00            200.PT 78. 191  31
 6 1  4.53929E-02  2.22740E-01  2.22740E-01  3.10000E+01            200.PT 78. 192   1
 6 5  6.80273E-03  2.89364E-01  2.89364E-01  3.10000E+01            200.PT 78. 193   5
 6 6  6.12330E-04  2.89924E-01  2.89924E-01  3.10000E+01            200.PT 78. 194   6
 6 7  5.40040E-05  2.91778E-01  2.91778E-01  3.10000E+01            200.PT 78. 195   7
 6 3  1.73762E-03  3.00966E-01  3.00966E-01  3.10000E+01            200.PT 78. 196   3
 6 4  5.38840E-04  3.03700E-01  3.03700E-01  3.10000E+01            200.PT 78. 197   4
 132  1.27300E-01  3.13970E-01  3.13970E-01  0.00000E+00            200.PT 78. 198  32
 6 1  3.22997E-02  2.33010E-01  2.33010E-01  3.20000E+01            200.PT 78. 199   1
 6 5  4.83915E-03  2.99634E-01  2.99634E-01  3.20000E+01            200.PT 78. 200   5
 6 6  4.33937E-04  3.00194E-01  3.00194E-01  3.20000E+01            200.PT 78. 201   6
 6 7  3.81951E-05  3.02048E-01  3.02048E-01  3.20000E+01            200.PT 78. 202   7
 6 3  1.23537E-03  3.11236E-01  3.11236E-01  3.20000E+01            200.PT 78. 203   3
 6 4  3.83057E-04  3.13970E-01  3.13970E-01  3.20000E+01            200.PT 78. 204   4
 133  1.09880E+00  3.30280E-01  3.30280E-01  0.00000E+00            200.PT 78. 205  33
 6 1  2.43136E-01  2.49320E-01  2.49320E-01  3.30000E+01            200.PT 78. 206   1
 6 5  3.64005E-02  3.15944E-01  3.15944E-01  3.30000E+01            200.PT 78. 207   5
 6 6  3.24567E-03  3.16504E-01  3.16504E-01  3.30000E+01            200.PT 78. 208   6
 6 7  2.84849E-04  3.18358E-01  3.18358E-01  3.30000E+01            200.PT 78. 209   7
 6 3  9.28605E-03  3.27546E-01  3.27546E-01  3.30000E+01            200.PT 78. 210   3
 6 4  2.87934E-03  3.30280E-01  3.30280E-01  3.30000E+01            200.PT 78. 211   4
 134  3.00160E-01  3.90200E-01  3.90200E-01  0.00000E+00            200.PT 78. 212  34
 6 1  4.24793E-02  3.09240E-01  3.09240E-01  3.40000E+01            200.PT 78. 213   1
 6 5  6.33758E-03  3.75864E-01  3.75864E-01  3.40000E+01            200.PT 78. 214   5
 6 6  5.53806E-04  3.76424E-01  3.76424E-01  3.40000E+01            200.PT 78. 215   6
 6 7  4.82626E-05  3.78278E-01  3.78278E-01  3.40000E+01            200.PT 78. 216   7
 6 3  1.61340E-03  3.87466E-01  3.87466E-01  3.40000E+01            200.PT 78. 217   3
 6 4  5.00475E-04  3.90200E-01  3.90200E-01  3.40000E+01            200.PT 78. 218   4
 135  2.27800E-02  4.08680E-01  4.08680E-01  0.00000E+00            200.PT 78. 219  35
 6 1  2.85039E-03  3.27720E-01  3.27720E-01  3.50000E+01            200.PT 78. 220   1
 6 5  4.24809E-04  3.94344E-01  3.94344E-01  3.50000E+01            200.PT 78. 221   5
 6 6  3.68880E-05  3.94904E-01  3.94904E-01  3.50000E+01            200.PT 78. 222   6
 6 7  3.21162E-06  3.96758E-01  3.96758E-01  3.50000E+01            200.PT 78. 223   7
 6 3  1.08076E-04  4.05946E-01  4.05946E-01  3.50000E+01            200.PT 78. 224   3
 6 4  3.35303E-05  4.08680E-01  4.08680E-01  3.50000E+01            200.PT 78. 225   4
 136  2.59960E-01  4.68720E-01  4.68720E-01  0.00000E+00            200.PT 78. 226  36
 6 1  2.26386E-02  3.87760E-01  3.87760E-01  3.60000E+01            200.PT 78. 227   1
 6 5  3.36346E-03  4.54384E-01  4.54384E-01  3.60000E+01            200.PT 78. 228   5
 6 6  2.85996E-04  4.54944E-01  4.54944E-01  3.60000E+01            200.PT 78. 229   6
 6 7  2.49107E-05  4.56798E-01  4.56798E-01  3.60000E+01            200.PT 78. 230   7
 6 3  8.53732E-04  4.65986E-01  4.65986E-01  3.60000E+01            200.PT 78. 231   3
 6 4  2.65001E-04  4.68720E-01  4.68720E-01  3.60000E+01            200.PT 78. 232   4
 2 1  6.44725E+00  6.71839E-02  6.71839E-02  0.00000E+00            200.PT 78. 233   1
 2 2  1.09699E+01  6.90380E-02  6.90380E-02  0.00000E+00            200.PT 78. 234   2
 2 3  1.20663E+00  7.78158E-02  7.78158E-02  0.00000E+00            200.PT 78. 235   3
 2 4  2.33476E+00  7.82261E-02  7.82261E-02  0.00000E+00            200.PT 78. 236   4
 2 5  3.02715E-02  7.86594E-02  7.86594E-02  0.00000E+00            200.PT 78. 237   5
 2 6  3.72185E-02  7.87476E-02  7.87476E-02  0.00000E+00            200.PT 78. 238   6
 2 7  2.82919E-01  8.03237E-02  8.03237E-02  0.00000E+00            200.PT 78. 239   7
 2 8  5.52812E-01  8.04227E-02  8.04227E-02  0.00000E+00            200.PT 78. 240   8
 2 9  7.77449E-03  8.06064E-02  8.06064E-02  0.00000E+00            200.PT 78. 241   9
 210  9.53356E-03  8.06249E-02  8.06249E-02  0.00000E+00            200.PT 78. 242  10
 211  6.51561E-02  8.08815E-02  8.08815E-02  0.00000E+00            200.PT 78. 243  11
 212  1.28828E-01  8.08986E-02  8.08986E-02  0.00000E+00            200.PT 78. 244  12
 213  7.28788E-04  8.09479E-02  8.09479E-02  0.00000E+00            200.PT 78. 245  13
 214  8.69016E-04  8.09496E-02  8.09496E-02  0.00000E+00            200.PT 78. 246  14
 221  5.73484E-04  5.59999E-04  5.59999E-04  0.00000E+00            200.PT 78. 247  21
 222  1.10865E-01  2.41400E-03  2.41400E-03  0.00000E+00            200.PT 78. 248  22
 223  1.42884E+00  1.11917E-02  1.11917E-02  0.00000E+00            200.PT 78. 249  23
 224  1.64887E+00  1.16020E-02  1.16020E-02  0.00000E+00            200.PT 78. 250  24
 225  4.76374E-02  1.20354E-02  1.20354E-02  0.00000E+00            200.PT 78. 251  25
 226  7.13041E-02  1.21238E-02  1.21238E-02  0.00000E+00            200.PT 78. 252  26
 227  3.61564E-01  1.36997E-02  1.36997E-02  0.00000E+00            200.PT 78. 253  27
 228  4.49358E-01  1.37986E-02  1.37986E-02  0.00000E+00            200.PT 78. 254  28
 229  7.09501E-03  1.39825E-02  1.39825E-02  0.00000E+00            200.PT 78. 255  29
 230  1.11724E-02  1.40010E-02  1.40010E-02  0.00000E+00            200.PT 78. 256  30
 231  6.47193E-02  1.42574E-02  1.42574E-02  0.00000E+00            200.PT 78. 257  31
 232  7.80399E-02  1.42747E-02  1.42747E-02  0.00000E+00            200.PT 78. 258  32
 233  6.16117E-04  1.43238E-02  1.43238E-02  0.00000E+00            200.PT 78. 259  33
 234  9.48950E-04  1.43255E-02  1.43255E-02  0.00000E+00            200.PT 78. 260  34
 241  1.07576E-04  1.85400E-03  1.85400E-03  0.00000E+00            200.PT 78. 261  41
 242  1.21406E-01  1.03746E-02  1.03746E-02  0.00000E+00            200.PT 78. 262  42
 243  4.59542E-03  1.10420E-02  1.10420E-02  0.00000E+00            200.PT 78. 263  43
 244  4.47665E+00  1.14753E-02  1.14753E-02  0.00000E+00            200.PT 78. 264  44
 245  3.07490E-02  1.30286E-02  1.30286E-02  0.00000E+00            200.PT 78. 265  45
 246  1.24269E-03  1.32386E-02  1.32386E-02  0.00000E+00            200.PT 78. 266  46
 247  8.83702E-01  1.34225E-02  1.34225E-02  0.00000E+00            200.PT 78. 267  47
 248  3.19677E-03  1.36786E-02  1.36786E-02  0.00000E+00            200.PT 78. 268  48
 249  6.21615E-03  1.36608E-02  1.36608E-02  0.00000E+00            200.PT 78. 269  49
 250  2.46945E-04  1.37146E-02  1.37146E-02  0.00000E+00            200.PT 78. 270  50
 251  8.07613E-02  1.37638E-02  1.37638E-02  0.00000E+00            200.PT 78. 271  51
 253  4.53156E-04  1.37677E-02  1.37677E-02  0.00000E+00            200.PT 78. 272  53
 261  7.37712E-01  8.52063E-03  8.52063E-03  0.00000E+00            200.PT 78. 273  61
 262  7.17082E-03  8.77770E-03  8.77770E-03  0.00000E+00            200.PT 78. 274  62
 263  6.48761E-03  9.18800E-03  9.18800E-03  0.00000E+00            200.PT 78. 275  63
 264  1.28372E+00  9.62126E-03  9.62126E-03  0.00000E+00            200.PT 78. 276  64
 265  1.13089E+01  9.70980E-03  9.70980E-03  0.00000E+00            200.PT 78. 277  65
 266  1.54749E-01  1.11746E-02  1.11746E-02  0.00000E+00            200.PT 78. 278  66
 267  1.59902E-03  1.12857E-02  1.12857E-02  0.00000E+00            200.PT 78. 279  67
 268  1.61131E-03  1.13846E-02  1.13846E-02  0.00000E+00            200.PT 78. 280  68
 269  2.34397E-01  1.15685E-02  1.15685E-02  0.00000E+00            200.PT 78. 281  69
 270  2.11266E+00  1.15870E-02  1.15870E-02  0.00000E+00            200.PT 78. 282  70
 271  1.55488E-03  1.18246E-02  1.18246E-02  0.00000E+00            200.PT 78. 283  71
 272  8.70713E-03  1.18287E-02  1.18287E-02  0.00000E+00            200.PT 78. 284  72
 273  3.26788E-02  1.18068E-02  1.18068E-02  0.00000E+00            200.PT 78. 285  73
 274  3.34626E-04  1.18434E-02  1.18434E-02  0.00000E+00            200.PT 78. 286  74
 275  3.34808E-04  1.18606E-02  1.18606E-02  0.00000E+00            200.PT 78. 287  75
 276  2.10148E-02  1.19098E-02  1.19098E-02  0.00000E+00            200.PT 78. 288  76
 277  1.82532E-01  1.19115E-02  1.19115E-02  0.00000E+00            200.PT 78. 289  77
 280  2.46604E-03  1.19137E-02  1.19137E-02  0.00000E+00            200.PT 78. 290  80
 291  4.45555E+00  2.14504E-03  2.14504E-03  0.00000E+00            200.PT 78. 291  91
 292  9.57638E-02  3.02088E-04  3.02088E-04  0.00000E+00            200.PT 78. 292  92
 293  4.50014E-04  5.60309E-05  5.60309E-05  0.00000E+00            200.PT 78. 293  93
 294  1.47825E+03  1.11010E-05  1.11010E-05  0.00000E+00            200.PT 78. 294  94
 7 1  5.86785E-01  5.42437E-02  5.42437E-02  0.00000E+00            200.PT 78. 295   1
 7 2  3.15983E-01  6.50992E-02  6.50992E-02  0.00000E+00            200.PT 78. 296   2
 7 3  4.09762E-02  7.59661E-02  7.59661E-02  0.00000E+00            200.PT 78. 297   3
 7 4  4.21303E+01  6.22715E-04  6.22715E-04  0.00000E+00            200.PT 78. 298   4
 7 5  3.41330E+01  7.49943E-03  7.49943E-03  0.00000E+00            200.PT 78. 299   5
 7 6  1.43666E+01  9.63976E-03  9.63976E-03  0.00000E+00            200.PT 78. 300   6
 7 7  1.46991E+00  1.18186E-02  1.18186E-02  0.00000E+00            200.PT 78. 301   7
 7 8  5.34747E+01  4.18547E-04  4.18547E-04  0.00000E+00            200.PT 78. 302   8
 7 9  1.30498E+02  1.75138E-03  1.75138E-03  0.00000E+00            200.PT 78. 303   9
 710  1.34342E+01  1.97050E-03  1.97050E-03  0.00000E+00            200.PT 78. 304  10
 711  6.57386E-01  2.30830E-03  2.30830E-03  0.00000E+00            200.PT 78. 305  11
 712  2.61548E+02  1.74527E-04  1.74527E-04  0.00000E+00            200.PT 78. 306  12
 713  4.97627E+02  6.45951E-05  6.45951E-05  0.00000E+00            200.PT 78. 307  13
 714  3.26665E+02  4.01587E-05  4.01587E-05  0.00000E+00            200.PT 78. 308  14
%%%% 200 PT  78    B-           4.50000E+04 12.5 H     02-11-2005       SEEIEND 
 


   ***************************************************** 
   *                 Radiation Summary                 * 
   ***************************************************** 
 
  Energy released by
    Gamma-ray                       (MeV) =   4.16203E-02
    X-ray                           (MeV) =   1.84332E-02
    Free-bound X-ray                (MeV) =   1.64101E-04
    Annihilation photon             (MeV) =   0.00000E+00
    Beta+ particle                  (MeV) =   0.00000E+00
    Neutrino                        (MeV) =   0.00000E+00
    Beta- particle                  (MeV) =   1.64267E-01
    Neutrino-                       (MeV) =   3.79086E-01
    Internal conv. electron         (MeV) =   5.91844E-02
    Auger and CK electron           (MeV) =   8.63421E-03
    Alpha particle                  (MeV) =   0.00000E+00
    Recoil nucleus                  (MeV) =   0.00000E+00
  E-total (except unplaced radiat.) (MeV) =   6.71389E-01
  E-unplaced radiation              (MeV) =   3.06320E-04
  Q-value from ENSDF data           (MeV) =   6.70000E-01
  Ratio of E-total/Q-value          ( % ) =   1.00207E+02
  Ratio of E-unplaced radi./Q-value ( % ) =   4.57194E-02

 
  Total yield of
    Gamma-ray                             =   3.09084E-01
    X-ray                                 =   5.26160E-01
    Free-bound X-ray                      =   1.47825E+01
    Annihilation photon                   =   0.00000E+00
    Beta+ particle                        =   0.00000E+00
    Beta- particle                        =   1.00000E+00
    Internal conv. electron               =   9.73407E-01
    Auger and CK electron                 =   1.37695E+01
    Alpha particle                        =   0.00000E+00
  Yield of unplaced radiation             =   2.51920E-03


