%%%% 240 PU  94    A  SF        2.07144E+11 6564 Y     02-11-2005       BALASTAR
1 240   PU  94 6564 Y          A  SF      
           WARNING:                                                                             
 236 U  92  GAMMA-RAY ENERGY =   0.91900 MEV                                                    
           HALF-LIFE OF INITIAL LEVEL ASSOCIATED WITH GAMMA-RAY TOO SHORT TO BE                 
           CONSIDERED ISOMERIC, AND INTENSITY = 0.0                                             
           TRANSITION IGNORED                                                                   
1INTENSITY AND ENERGY BALANCE DATA

              240-PLUTONIUM-94
+                                    HALFLIFE = 6564 YEARS   
+                                                                  02-11-2005


    LEVEL       INTENSITY   INTENSITY
    ENERGY      ENTERING    LEAVING     PERCENT
    (MEV)       LEVEL       LEVEL       ERROR

   0.0000E+00  1.0002E+02
   4.5240E-02  2.7190E+01  2.7206E+01  5.6299E-02                      
   1.4948E-01  8.6335E-02  8.6704E-02  4.2632E-01                      
   3.0979E-01  1.1268E-03  1.1231E-03  3.3161E-01                      
   5.2224E-01  4.7006E-05  4.6655E-05  7.4970E-01                      
   6.8761E-01  2.0003E-05  1.9703E-05  1.5078E+00                      
   7.4420E-01  0.0000E+00  2.5181E-08  2.0000E+02  ********************
   9.1916E-01  6.3009E-07  5.8626E-07  7.2055E+00                      
   9.5810E-01  0.0000E+00  1.0123E-07  2.0000E+02  ********************
   9.6000E-01  0.0000E+00  5.0611E-08  2.0000E+02  ********************
   9.6720E-01  0.0000E+00  5.0202E-08  2.0000E+02  ********************


 SPONTANEOUS FISSION PERCENT INTENSITY =  5.750E-06



 INTENSITY TO GROUND AND ISOMERIC STATE(S) OF DAUGHTER(S)=  1.000E+02
 TOTAL INTENSITY FROM PARENT=  1.000E+02
 PERCENT ERROR =  1.567E-02                      


 TOTAL INTENSITY FROM PARENT =  1.000E+02
 VALUE IS WITHIN   2.29E-05% OF 100                      


 TOTAL ENERGY AVAILABLE =  5.256E+00 MEV
 TOTAL ENERGY CONTENT OF ALL RADIATIONS =  5.256E+00 MEV
 PERCENT ERROR =  1.724E-04                      
%%%% 240 PU  94    A  SF        2.07144E+11 6564 Y     02-11-2005       BALAEND 
%%%% 240 PU  94    A  SF        2.07144E+11 6564 Y     02-11-2005       INPUSTAR
1                                      **INPUT DATA**
              240-PLUTONIUM-94
+                                    HALFLIFE = 6564 YEARS   
+                                                                  02-11-2005

            MODES OF DECAY: ALPHA, SPONT. FISSION
 
                                MEAN
                                NUMBER/    TRANSITION
                TYPE OF    ID   TRANSFOR-  ENERGY
              TRANSITION   NO.  MATION     (MEV)       OTHER NUCLEAR PARAMETERS

                    ALPHA   1   6.30E-09   4.337E+00                                            
                    ALPHA   2   2.00E-07   4.568E+00                                            
                    ALPHA   3   4.70E-07   4.734E+00                                            
                    ALPHA   4   1.08E-05   4.946E+00                                            
                    ALPHA   5   8.52E-04   5.106E+00                                            
                    ALPHA   6   2.71E-01   5.211E+00                                            
                    ALPHA   7   7.28E-01   5.256E+00                                            
           I.C.E. + GAMMA   1   2.72E-01   4.524E-02   E2 MULTIPOLE                             
+                                                                    AK= 0.0                    
                                                       AL1=7.87      AL2=229.                   
                                                       AL3=202.      AM= 121.                   
                                                       AN+=42.7                                 
           I.C.E. + GAMMA   2   8.67E-04   1.042E-01   E2 MULTIPOLE                             
+                                                                    AK= 0.0                    
                                                       AL1=0.247     AL2=4.74                   
                                                       AL3=3.18      AM= 2.28                   
                                                       AN+=0.801                                
           I.C.E. + GAMMA   3   1.12E-05   1.603E-01   E2 MULTIPOLE                             
+                                                                    AK= 0.208                  
                                                       AL1=0.0688    AL2=0.698                  
                                                       AL3=0.386     AM= 0.320                  
                                                       AN+=0.113                                
           I.C.E. + GAMMA   4   4.67E-07   2.125E-01   E2 MULTIPOLE                             
+                                                                    AK= 0.141                  
                                                       AL1=0.0341    AL2=0.207                  
                                                       AL3=0.0991    AM= 0.0940                 
                                                       AN+=0.0333                               
           I.C.E. + GAMMA   5   1.68E-09   5.381E-01   E3 MULTIPOLE                             
+                                                                    AK= 0.0632                 
                                                       AL1=0.0165    AL2=0.0368                 
                                                       AL3=0.00665   AM= 0.0165                 
                                                       AN+=0.00589                              
           I.C.E. + GAMMA   6   1.49E-07   6.424E-01   E1+M2 MULTIPOLE                          
                                                       AK= 0.122     AL1=0.0171                 
                                                       AL2=0.00274   AL3=0.00143                
                                                       AM= 0.00509   AN+=0.00181                
           I.C.E. + GAMMA   7   4.59E-08   6.876E-01   E1 MULTIPOLE                             
+                                                                    AK= 0.252                  
                                                       AL1=0.0356    AL2=0.00542                
                                                       AL3=0.00277   AM= 0.0104                 
                                                       AN+=0.00372                              
           I.C.E. + GAMMA   8   2.52E-10   6.990E-01   E1 MULTIPOLE                             
+                                                                    AK= 0.00588                
           I.C.E. + GAMMA   9   5.86E-09   8.739E-01   E2 MULTIPOLE                             
+                                                                    AK= 0.00795                
                                                       AL1=0.00133                              
           I.C.E. + GAMMA  11   1.01E-09   9.580E-01   E2 MULTIPOLE                             
+                                                                    AK= 0.00918                
                                                       AL1=0.00152                              
           I.C.E. + GAMMA  12   5.06E-10   9.600E-01   E2 MULTIPOLE                             
+                                                                    AK= 0.00915                
                                                       AL1=0.00151                              
           I.C.E. + GAMMA  13   5.02E-10   9.670E-01   E1 MULTIPOLE                             
+                                                                    AK= 0.00330                
           SPONT. FISSION       5.75E-08               NEUTRONS/FISSION = 2.16                  
 
           - - - - - - - - - -
           Reference: Evaluated Nuclear Structure Data File (ENSDF)
                DATE DATA WERE ENTERED INTO ENSDF: Dec-2003
%%%% 240 PU  94    A  SF        2.07144E+11 6564 Y     02-11-2005       INPUEND 
%%%% 240 PU  94    A  SF        2.07144E+11 6564 Y     02-11-2005       OUTPSTAR
1                                      **OUTPUT DATA**
              240-PLUTONIUM-94
+                                    HALFLIFE = 6564 YEARS   
+                                                                  02-11-2005

            MODES OF DECAY: ALPHA, SPONT. FISSION
 
                                              MEAN
                                              NUMBER/                  MEV/
                                         ID   TRANSFOR-   ENERGY       TRANSFOR-
                  TYPE OF RADIATION      NO.  MATION      (MEV)        MATION

           ALPHA                          6   2.71E-01    5.124E+00    1.39E+00
           RECOIL ATOM                        2.71E-01    8.690E-02    2.36E-02
           ALPHA                          7   7.28E-01    5.168E+00    3.76E+00
           RECOIL ATOM                        7.28E-01    8.765E-02    6.38E-02
           GAMMA-RAY                      1   4.50E-04    4.524E-02    2.04E-05
           L1 CONV. ELECTRON, GAMMA-RAY   1   3.54E-03    2.348E-02    8.31E-05
           L2 CONV. ELECTRON, GAMMA-RAY   1   1.03E-01    2.420E-02    2.50E-03
           L3 CONV. ELECTRON, GAMMA-RAY   1   9.10E-02    2.806E-02    2.55E-03
           M CONV. ELECTRON, GAMMA-RAY    1   5.47E-02    4.095E-02*   2.24E-03
           N+ CONV. ELECTRON, GAMMA-RAY   1   1.92E-02    4.524E-02*   8.70E-04
           GAMMA-RAY                      2   7.08E-05    1.042E-01    7.38E-06
           L2 CONV. ELECTRON, GAMMA-RAY   2   3.36E-04    8.319E-02    2.79E-05
           L3 CONV. ELECTRON, GAMMA-RAY   2   2.25E-04    8.705E-02    1.96E-05
           M CONV. ELECTRON, GAMMA-RAY    2   1.61E-04    9.994E-02*   1.61E-05
           L1-M2 X-RAY                        1.91E-04    1.659E-02    3.17E-06
           L1-M3 X-RAY                        1.66E-04    1.748E-02    2.91E-06
           L2-M1 X-RAY                        1.05E-03    1.552E-02    1.63E-05
           L2-M4 X-RAY                        3.72E-02    1.731E-02    6.44E-04
           L2-N1 X-RAY                        2.84E-04    1.962E-02    5.58E-06
           L2-N4 X-RAY                        8.43E-03    2.027E-02    1.71E-04
           L2-O4 X-RAY                        1.63E-03    2.093E-02    3.42E-05
           L3-M1 X-RAY                        2.52E-03    1.166E-02    2.94E-05
           L3-M4 X-RAY                        4.11E-03    1.345E-02    5.52E-05
           L3-M5 X-RAY                        3.61E-02    1.363E-02    4.92E-04
           L3-N1 X-RAY                        6.36E-04    1.576E-02    1.00E-05
           L3-N4 X-RAY                        8.27E-04    1.640E-02    1.36E-05
           L3-N5 X-RAY                        7.57E-03    1.645E-02    1.24E-04
           L3-O1 X-RAY                        1.61E-04    1.686E-02    2.72E-06
           L3-O4 X-RAY                        1.56E-04    1.707E-02    2.67E-06
           L3-O5 X-RAY                        1.43E-03    1.708E-02    2.45E-05
           M X-RAY                            1.69E-02    3.260E-03    5.51E-05
           Free-Bound X-RAY                   2.77E+00    7.552E-05    2.09E-04
           CK LLX                             2.61E-02    1.192E-03*   3.12E-05
           AUGER LMM                          6.07E-02    1.026E-02*   6.23E-04
           AUGER LMX                          3.09E-02    1.359E-02*   4.20E-04
           AUGER LXY                          3.70E-03    1.696E-02*   6.27E-05
           CK MMX                             1.07E-01    5.386E-04*   5.78E-05
           AUGER MNN                          2.41E-01    2.443E-03*   5.89E-04
           AUGER MNX                          4.53E-02    2.916E-03*   1.32E-04
           CK NNX                             4.19E-01    1.924E-04*   8.07E-05
           AUGER NXY                          7.30E-01    1.863E-04*   1.36E-04
           CK OOX                             7.45E-01    7.219E-05*   5.38E-05
           SPONTANEOUS FISSION NEUTRON        1.24E-07    1.933E+00*   2.40E-07
           SPONTANEOUS FISSION FRAGMENT       1.15E-07    8.818E+01*   1.01E-05
           SPONT. FISSION PROMPT GAMMA        3.74E-07    9.358E-01*   3.50E-07
           SPONT. FISSION DELAYED GAMMA       3.71E-07    9.578E-01*   3.55E-07
           SPONTANEOUS FISSION BETA           3.19E-07    1.140E+00*   3.63E-07
 
           ALL LISTED X-RAYS, GAMMA-RAYS AND ANNIHILATION RADIATION    1.92E-03
           ALL NEGLECTED X-RAYS, GAMMA-RAYS AND ANNIH. RADIATION**     1.17E-05
           ALL LISTED BETAS, INTERNAL CONVERSION AND AUGER ELECTRONS   1.05E-02
           ALL NEGLECTED BETAS, INT. CONVERSION AND AUGER ELECTRONS**  1.86E-05
           ALL LISTED ALPHA PARTICLES AND  RECOIL NUCLEI               5.24E+00
           ALL NEGLECTED ALPHA PARTICLES AND  RECOIL NUCLEI**          4.41E-03
           ALL LISTED RADIATIONS                                       5.25E+00
           ALL NEGLECTED RADIATIONS**                                  4.44E-03
 
           *  AVERAGE ENERGY (MEV)
           ** EACH NEGLECTED TRANSITION CONTRIBUTES LESS THAN  0.100%
              TO THE TOTAL MEV/TRANSFORMATION FOR THIS CATEGORY.
           TOTAL FEEDING OF GROUND STATE LEVEL IN 236-URANIUM
             DAUGHTER IS 1.0000E+00 PER TRANSFORMATION OF 240-PLUTONIUM.
             DECAY OF THIS 0.2342E+08 YEARS HALFLIFE LEVEL WILL CONTRIBUTE TO DOSE.
           SPON. FISSION BRANCHING IS 5.7500E-08 PER DECAY OF 240-PLUTONIUM.
           - - - - - - - - - -
           INPUT DATA SOURCE: EVALUATED NUCLEAR STRUCTURE DATA FILE (ENSDF)
             DATE INPUT DATA WERE ENTERED INTO ENSDF: Dec-2003
%%%% 240 PU  94    A  SF        2.07144E+11 6564 Y     02-11-2005       OUTPEND 
%%%% 240 PU  94    A  SF        2.07144E+11 6564 Y     02-11-2005       SEEISTAR
240.  PLUTONIUM    94.  6.564E+03 YEARS    179 A  SF                240.PU 94.   0
 8 1  6.30086E-07  4.26434E+00  7.23239E-02  0.00000E+00            240.PU 94.   1   1
 8 2  2.00027E-05  4.49202E+00  7.61855E-02  0.00000E+00            240.PU 94.   2   2
 8 3  4.70064E-05  4.65464E+00  7.89434E-02  0.00000E+00            240.PU 94.   3   3
 8 4  1.08015E-03  4.86354E+00  8.24865E-02  0.00000E+00            240.PU 94.   4   4
 8 5  8.52116E-02  5.02118E+00  8.51601E-02  0.00000E+00            240.PU 94.   5   5
 8 6  2.71037E+01  5.12368E+00  8.68985E-02  0.00000E+00            240.PU 94.   6   6
 8 7  7.28100E+01  5.16817E+00  8.76530E-02  0.00000E+00            240.PU 94.   7   7
 1 1  4.50000E-02  4.52440E-02  4.52440E-02  0.00000E+00            240.PU 94.   8   1
 6 5  3.53979E-01  2.34760E-02  2.34760E-02  1.00000E+00            240.PU 94.   9   5
 6 6  1.03220E+01  2.42000E-02  2.42000E-02  1.00000E+00            240.PU 94.  10   6
 6 7  9.09513E+00  2.80620E-02  2.80620E-02  1.00000E+00            240.PU 94.  11   7
 6 3  5.46672E+00  4.09544E-02  4.09544E-02  1.00000E+00            240.PU 94.  12   3
 6 4  1.92288E+00  4.52440E-02  4.52440E-02  1.00000E+00            240.PU 94.  13   4
 1 2  7.08000E-03  1.04234E-01  1.04234E-01  0.00000E+00            240.PU 94.  14   2
 6 5  1.75161E-03  8.24660E-02  8.24660E-02  2.00000E+00            240.PU 94.  15   5
 6 6  3.35581E-02  8.31900E-02  8.31900E-02  2.00000E+00            240.PU 94.  16   6
 6 7  2.25004E-02  8.70520E-02  8.70520E-02  2.00000E+00            240.PU 94.  17   7
 6 3  1.61393E-02  9.99444E-02  9.99444E-02  2.00000E+00            240.PU 94.  18   3
 6 4  5.67428E-03  1.04234E-01  1.04234E-01  2.00000E+00            240.PU 94.  19   4
 1 3  4.02000E-04  1.60308E-01  1.60308E-01  0.00000E+00            240.PU 94.  20   3
 6 1  8.37431E-05  4.41980E-02  4.41980E-02  3.00000E+00            240.PU 94.  21   1
 6 5  2.76476E-05  1.38540E-01  1.38540E-01  3.00000E+00            240.PU 94.  22   5
 6 6  2.80578E-04  1.39264E-01  1.39264E-01  3.00000E+00            240.PU 94.  23   6
 6 7  1.55074E-04  1.43126E-01  1.43126E-01  3.00000E+00            240.PU 94.  24   7
 6 3  1.28565E-04  1.56018E-01  1.56018E-01  3.00000E+00            240.PU 94.  25   3
 6 4  4.54644E-05  1.60308E-01  1.60308E-01  3.00000E+00            240.PU 94.  26   4
 1 4  2.90000E-05  2.12460E-01  2.12460E-01  0.00000E+00            240.PU 94.  27   4
 6 1  4.08501E-06  9.63500E-02  9.63500E-02  4.00000E+00            240.PU 94.  28   1
 6 5  9.88564E-07  1.90692E-01  1.90692E-01  4.00000E+00            240.PU 94.  29   5
 6 6  6.01663E-06  1.91416E-01  1.91416E-01  4.00000E+00            240.PU 94.  30   6
 6 7  2.87481E-06  1.95278E-01  1.95278E-01  4.00000E+00            240.PU 94.  31   7
 6 3  2.72568E-06  2.08170E-01  2.08170E-01  4.00000E+00            240.PU 94.  32   3
 6 4  9.64634E-07  2.12460E-01  2.12460E-01  4.00000E+00            240.PU 94.  33   4
 1 5  1.47000E-07  5.38090E-01  5.38090E-01  0.00000E+00            240.PU 94.  34   5
 6 1  9.28682E-09  4.21980E-01  4.21980E-01  5.00000E+00            240.PU 94.  35   1
 6 5  2.42778E-09  5.16322E-01  5.16322E-01  5.00000E+00            240.PU 94.  36   5
 6 6  5.40648E-09  5.17046E-01  5.17046E-01  5.00000E+00            240.PU 94.  37   6
 6 7  9.78074E-10  5.20908E-01  5.20908E-01  5.00000E+00            240.PU 94.  38   7
 6 3  2.41916E-09  5.33800E-01  5.33800E-01  5.00000E+00            240.PU 94.  39   3
 6 4  8.65562E-10  5.38090E-01  5.38090E-01  5.00000E+00            240.PU 94.  40   4
 1 6  1.30000E-05  6.42350E-01  6.42350E-01  0.00000E+00            240.PU 94.  41   6
 6 1  1.58320E-06  5.26240E-01  5.26240E-01  6.00000E+00            240.PU 94.  42   1
 6 5  2.22861E-07  6.20582E-01  6.20582E-01  6.00000E+00            240.PU 94.  43   5
 6 6  3.56762E-08  6.21306E-01  6.21306E-01  6.00000E+00            240.PU 94.  44   6
 6 7  1.85353E-08  6.25168E-01  6.25168E-01  6.00000E+00            240.PU 94.  45   7
 6 3  6.61572E-08  6.38060E-01  6.38060E-01  6.00000E+00            240.PU 94.  46   3
 6 4  2.35745E-08  6.42350E-01  6.42350E-01  6.00000E+00            240.PU 94.  47   4
 1 7  3.50000E-06  6.87570E-01  6.87570E-01  0.00000E+00            240.PU 94.  48   7
 6 1  8.82188E-07  5.71460E-01  5.71460E-01  7.00000E+00            240.PU 94.  49   1
 6 5  1.24534E-07  6.65802E-01  6.65802E-01  7.00000E+00            240.PU 94.  50   5
 6 6  1.89850E-08  6.66526E-01  6.66526E-01  7.00000E+00            240.PU 94.  51   6
 6 7  9.70904E-09  6.70388E-01  6.70388E-01  7.00000E+00            240.PU 94.  52   7
 6 3  3.65496E-08  6.83280E-01  6.83280E-01  7.00000E+00            240.PU 94.  53   3
 6 4  1.30341E-08  6.87570E-01  6.87570E-01  7.00000E+00            240.PU 94.  54   4
 1 8  2.50000E-08  6.99000E-01  6.99000E-01  0.00000E+00            240.PU 94.  55   8
 6 1  1.46893E-10  5.82890E-01  5.82890E-01  8.00000E+00            240.PU 94.  56   1
 6 5  2.07562E-11  6.77232E-01  6.77232E-01  8.00000E+00            240.PU 94.  57   5
 6 6  3.12489E-12  6.77956E-01  6.77956E-01  8.00000E+00            240.PU 94.  58   6
 6 7  1.59245E-12  6.81818E-01  6.81818E-01  8.00000E+00            240.PU 94.  59   7
 6 3  6.07582E-12  6.94710E-01  6.94710E-01  8.00000E+00            240.PU 94.  60   3
 6 4  2.16661E-12  6.99000E-01  6.99000E-01  8.00000E+00            240.PU 94.  61   4
 1 9  5.80000E-07  8.73920E-01  8.73920E-01  0.00000E+00            240.PU 94.  62   9
 6 1  4.61216E-09  7.57810E-01  7.57810E-01  9.00000E+00            240.PU 94.  63   1
 6 5  7.68647E-10  8.52152E-01  8.52152E-01  9.00000E+00            240.PU 94.  64   5
 6 6  3.84552E-10  8.52876E-01  8.52876E-01  9.00000E+00            240.PU 94.  65   6
 6 7  7.78942E-11  8.56738E-01  8.56738E-01  9.00000E+00            240.PU 94.  66   7
 6 3  3.10026E-10  8.69630E-01  8.69630E-01  9.00000E+00            240.PU 94.  67   3
 6 4  1.10724E-10  8.73920E-01  8.73920E-01  9.00000E+00            240.PU 94.  68   4
 111  1.00000E-07  9.58000E-01  9.58000E-01  0.00000E+00            240.PU 94.  69  11
 6 1  9.18411E-10  8.41890E-01  8.41890E-01  1.10000E+01            240.PU 94.  70   1
 6 5  1.51561E-10  9.36232E-01  9.36232E-01  1.10000E+01            240.PU 94.  71   5
 6 6  6.59106E-11  9.36956E-01  9.36956E-01  1.10000E+01            240.PU 94.  72   6
 6 7  1.27314E-11  9.40818E-01  9.40818E-01  1.10000E+01            240.PU 94.  73   7
 6 3  5.75646E-11  9.53710E-01  9.53710E-01  1.10000E+01            240.PU 94.  74   3
 6 4  2.05703E-11  9.58000E-01  9.58000E-01  1.10000E+01            240.PU 94.  75   4
 112  5.00000E-08  9.60000E-01  9.60000E-01  0.00000E+00            240.PU 94.  76  12
 6 1  4.57533E-10  8.43890E-01  8.43890E-01  1.20000E+01            240.PU 94.  77   1
 6 5  7.54884E-11  9.38232E-01  9.38232E-01  1.20000E+01            240.PU 94.  78   5
 6 6  3.27254E-11  9.38956E-01  9.38956E-01  1.20000E+01            240.PU 94.  79   6
 6 7  6.31470E-12  9.42818E-01  9.42818E-01  1.20000E+01            240.PU 94.  80   7
 6 3  2.86346E-11  9.55710E-01  9.55710E-01  1.20000E+01            240.PU 94.  81   3
 6 4  1.02325E-11  9.60000E-01  9.60000E-01  1.20000E+01            240.PU 94.  82   4
 113  5.00000E-08  9.67000E-01  9.67000E-01  0.00000E+00            240.PU 94.  83  13
 6 1  1.64814E-10  8.50890E-01  8.50890E-01  1.30000E+01            240.PU 94.  84   1
 6 5  2.36557E-11  9.45232E-01  9.45232E-01  1.30000E+01            240.PU 94.  85   5
 6 6  2.79389E-12  9.45956E-01  9.45956E-01  1.30000E+01            240.PU 94.  86   6
 6 7  1.34549E-12  9.49818E-01  9.49818E-01  1.30000E+01            240.PU 94.  87   7
 6 3  6.62103E-12  9.62710E-01  9.62710E-01  1.30000E+01            240.PU 94.  88   3
 6 4  2.36099E-12  9.67000E-01  9.67000E-01  1.30000E+01            240.PU 94.  89   4
 2 1  2.61229E-05  9.50660E-02  9.50660E-02  0.00000E+00            240.PU 94.  90   1
 2 2  4.17960E-05  9.89281E-02  9.89281E-02  0.00000E+00            240.PU 94.  91   2
 2 3  4.81989E-06  1.10929E-01  1.10929E-01  0.00000E+00            240.PU 94.  92   3
 2 4  9.42646E-06  1.11820E-01  1.11820E-01  0.00000E+00            240.PU 94.  93   4
 2 5  1.68634E-07  1.12373E-01  1.12373E-01  0.00000E+00            240.PU 94.  94   5
 2 6  1.92367E-07  1.12555E-01  1.12555E-01  0.00000E+00            240.PU 94.  95   6
 2 7  1.20545E-06  1.14846E-01  1.14846E-01  0.00000E+00            240.PU 94.  96   7
 2 8  2.43835E-06  1.15080E-01  1.15080E-01  0.00000E+00            240.PU 94.  97   8
 2 9  4.96285E-08  1.15332E-01  1.15332E-01  0.00000E+00            240.PU 94.  98   9
 210  5.67846E-08  1.15375E-01  1.15375E-01  0.00000E+00            240.PU 94.  99  10
 211  2.94941E-07  1.15851E-01  1.15851E-01  0.00000E+00            240.PU 94. 100  11
 212  5.84987E-07  1.15907E-01  1.15907E-01  0.00000E+00            240.PU 94. 101  12
 213  1.01471E-08  1.15998E-01  1.15998E-01  0.00000E+00            240.PU 94. 102  13
 214  1.15216E-08  1.16006E-01  1.16006E-01  0.00000E+00            240.PU 94. 103  14
 215  5.25870E-08  1.16076E-01  1.16076E-01  0.00000E+00            240.PU 94. 104  15
 216  9.91051E-08  1.16085E-01  1.16085E-01  0.00000E+00            240.PU 94. 105  16
 221  4.54983E-06  7.24000E-04  7.24000E-04  0.00000E+00            240.PU 94. 106  21
 222  3.00258E-03  4.58600E-03  4.58600E-03  0.00000E+00            240.PU 94. 107  22
 223  1.91242E-02  1.65865E-02  1.65865E-02  0.00000E+00            240.PU 94. 108  23
 224  1.66343E-02  1.74784E-02  1.74784E-02  0.00000E+00            240.PU 94. 109  24
 225  8.84170E-04  1.80312E-02  1.80312E-02  0.00000E+00            240.PU 94. 110  25
 226  1.31759E-03  1.82128E-02  1.82128E-02  0.00000E+00            240.PU 94. 111  26
 227  5.16850E-03  2.05038E-02  2.05038E-02  0.00000E+00            240.PU 94. 112  27
 228  5.14680E-03  2.07375E-02  2.07375E-02  0.00000E+00            240.PU 94. 113  28
 229  1.50579E-04  2.09898E-02  2.09898E-02  0.00000E+00            240.PU 94. 114  29
 230  2.41344E-04  2.10328E-02  2.10328E-02  0.00000E+00            240.PU 94. 115  30
 231  1.25267E-03  2.15086E-02  2.15086E-02  0.00000E+00            240.PU 94. 116  31
 232  1.26459E-03  2.15646E-02  2.15646E-02  0.00000E+00            240.PU 94. 117  32
 233  2.71385E-05  2.16556E-02  2.16556E-02  0.00000E+00            240.PU 94. 118  33
 234  4.39934E-05  2.16640E-02  2.16640E-02  0.00000E+00            240.PU 94. 119  34
 235  2.26488E-04  2.17339E-02  2.17339E-02  0.00000E+00            240.PU 94. 120  35
 236  2.19596E-04  2.17434E-02  2.17434E-02  0.00000E+00            240.PU 94. 121  36
 241  3.75573E-04  3.86200E-03  3.86200E-03  0.00000E+00            240.PU 94. 122  41
 242  1.04803E-01  1.55227E-02  1.55227E-02  0.00000E+00            240.PU 94. 123  42
 243  5.39444E-03  1.67544E-02  1.67544E-02  0.00000E+00            240.PU 94. 124  43
 244  3.72347E+00  1.73072E-02  1.73072E-02  0.00000E+00            240.PU 94. 125  44
 245  2.84422E-02  1.96241E-02  1.96241E-02  0.00000E+00            240.PU 94. 126  45
 246  1.62937E-03  2.00135E-02  2.00135E-02  0.00000E+00            240.PU 94. 127  46
 247  8.43295E-01  2.02658E-02  2.02658E-02  0.00000E+00            240.PU 94. 128  47
 248  5.24381E-03  2.06419E-02  2.06419E-02  0.00000E+00            240.PU 94. 129  48
 249  7.30358E-03  2.07234E-02  2.07234E-02  0.00000E+00            240.PU 94. 130  49
 250  3.98675E-04  2.08406E-02  2.08406E-02  0.00000E+00            240.PU 94. 131  50
 251  1.63321E-01  2.09317E-02  2.09317E-02  0.00000E+00            240.PU 94. 132  51
 252  1.16743E-04  2.10351E-02  2.10351E-02  0.00000E+00            240.PU 94. 133  52
 253  1.50426E-03  2.09918E-02  2.09918E-02  0.00000E+00            240.PU 94. 134  53
 254  6.83730E-05  2.10195E-02  2.10195E-02  0.00000E+00            240.PU 94. 135  54
 255  1.71007E-04  2.10382E-02  2.10382E-02  0.00000E+00            240.PU 94. 136  55
 261  2.52045E-01  1.16607E-02  1.16607E-02  0.00000E+00            240.PU 94. 137  61
 262  3.18521E-03  1.20005E-02  1.20005E-02  0.00000E+00            240.PU 94. 138  62
 263  2.89748E-03  1.28924E-02  1.28924E-02  0.00000E+00            240.PU 94. 139  63
 264  4.10756E-01  1.34452E-02  1.34452E-02  0.00000E+00            240.PU 94. 140  64
 265  3.60888E+00  1.36268E-02  1.36268E-02  0.00000E+00            240.PU 94. 141  65
 266  6.36244E-02  1.57621E-02  1.57621E-02  0.00000E+00            240.PU 94. 142  66
 267  7.08274E-04  1.59178E-02  1.59178E-02  0.00000E+00            240.PU 94. 143  67
 268  7.87547E-04  1.61515E-02  1.61515E-02  0.00000E+00            240.PU 94. 144  68
 269  8.26562E-02  1.64038E-02  1.64038E-02  0.00000E+00            240.PU 94. 145  69
 270  7.56888E-01  1.64468E-02  1.64468E-02  0.00000E+00            240.PU 94. 146  70
 271  1.05743E-03  1.67799E-02  1.67799E-02  0.00000E+00            240.PU 94. 147  71
 272  5.83552E-03  1.67913E-02  1.67913E-02  0.00000E+00            240.PU 94. 148  72
 273  1.61428E-02  1.68613E-02  1.68613E-02  0.00000E+00            240.PU 94. 149  73
 274  1.64194E-04  1.69226E-02  1.69226E-02  0.00000E+00            240.PU 94. 150  74
 275  1.88231E-04  1.69786E-02  1.69786E-02  0.00000E+00            240.PU 94. 151  75
 276  1.56295E-02  1.70697E-02  1.70697E-02  0.00000E+00            240.PU 94. 152  76
 277  1.43192E-01  1.70780E-02  1.70780E-02  0.00000E+00            240.PU 94. 153  77
 278  2.32884E-05  1.71731E-02  1.71731E-02  0.00000E+00            240.PU 94. 154  78
 279  1.25554E-04  1.71741E-02  1.71741E-02  0.00000E+00            240.PU 94. 155  79
 280  3.36593E-03  1.71298E-02  1.71298E-02  0.00000E+00            240.PU 94. 156  80
 281  3.00975E-05  1.71479E-02  1.71479E-02  0.00000E+00            240.PU 94. 157  81
 282  3.24815E-05  1.71574E-02  1.71574E-02  0.00000E+00            240.PU 94. 158  82
 283  3.64615E-04  1.71762E-02  1.71762E-02  0.00000E+00            240.PU 94. 159  83
 291  1.69097E+00  3.25952E-03  3.25952E-03  0.00000E+00            240.PU 94. 160  91
 292  4.04952E-02  4.98299E-04  4.98299E-04  0.00000E+00            240.PU 94. 161  92
 293  1.67458E-03  1.39742E-04  1.39742E-04  0.00000E+00            240.PU 94. 162  93
 294  2.76859E+02  7.55204E-05  7.55204E-05  0.00000E+00            240.PU 94. 163  94
 7 1  1.80092E-06  7.54320E-02  7.54320E-02  0.00000E+00            240.PU 94. 164   1
 7 2  1.03386E-06  9.17208E-02  9.17208E-02  0.00000E+00            240.PU 94. 165   2
 7 3  1.44509E-07  1.08031E-01  1.08031E-01  0.00000E+00            240.PU 94. 166   3
 7 4  2.61425E+00  1.19196E-03  1.19196E-03  0.00000E+00            240.PU 94. 167   4
 7 5  6.06742E+00  1.02618E-02  1.02618E-02  0.00000E+00            240.PU 94. 168   5
 7 6  3.08669E+00  1.35918E-02  1.35918E-02  0.00000E+00            240.PU 94. 169   6
 7 7  3.69931E-01  1.69565E-02  1.69565E-02  0.00000E+00            240.PU 94. 170   7
 7 8  1.07316E+01  5.38625E-04  5.38625E-04  0.00000E+00            240.PU 94. 171   8
 7 9  2.40955E+01  2.44333E-03  2.44333E-03  0.00000E+00            240.PU 94. 172   9
 710  4.53207E+00  2.91589E-03  2.91589E-03  0.00000E+00            240.PU 94. 173  10
 711  2.66913E-01  3.53564E-03  3.53564E-03  0.00000E+00            240.PU 94. 174  11
 712  4.19492E+01  1.92426E-04  1.92426E-04  0.00000E+00            240.PU 94. 175  12
 713  7.30288E+01  1.86273E-04  1.86273E-04  0.00000E+00            240.PU 94. 176  13
 714  7.45415E+01  7.21886E-05  7.21886E-05  0.00000E+00            240.PU 94. 177  14
 715  4.75813E-01  1.63108E-04  1.63108E-04  0.00000E+00            240.PU 94. 178  15
 9 1  1.24200E-05  1.93320E+00  1.93320E+00  0.00000E+00            240.PU 94. 179   1
 9 2  1.15000E-05  8.81786E+01  8.81786E+01  0.00000E+00            240.PU 94. 180   2
 9 3  3.73597E-05  9.35840E-01  9.35840E-01  0.00000E+00            240.PU 94. 181   3
 9 4  3.70863E-05  9.57800E-01  9.57800E-01  0.00000E+00            240.PU 94. 182   4
 9 5  3.18511E-05  1.13999E+00  1.13999E+00  0.00000E+00            240.PU 94. 183   5
%%%% 240 PU  94    A  SF        2.07144E+11 6564 Y     02-11-2005       SEEIEND 
 


   ***************************************************** 
   *                 Radiation Summary                 * 
   ***************************************************** 
 
  Energy released by
    Gamma-ray                       (MeV) =   2.85611E-05
    X-ray                           (MeV) =   1.69776E-03
    Free-bound X-ray                (MeV) =   2.09085E-04
    Annihilation photon             (MeV) =   0.00000E+00
    Beta+ particle                  (MeV) =   0.00000E+00
    Neutrino                        (MeV) =   0.00000E+00
    Beta- particle                  (MeV) =   0.00000E+00
    Neutrino-                       (MeV) =   0.00000E+00
    Internal conv. electron         (MeV) =   8.31416E-03
    Auger and CK electron           (MeV) =   2.19552E-03
    Alpha particle                  (MeV) =   5.15598E+00
    Recoil nucleus                  (MeV) =   8.74463E-02
  E-total (except unplaced radiat.) (MeV) =   5.25587E+00
  E-unplaced radiation              (MeV) =   0.00000E+00
  Q-value from ENSDF data           (MeV) =   5.25582E+00
  Ratio of E-total/Q-value          ( % ) =   1.00001E+02
  Ratio of E-unplaced radi./Q-value ( % ) =   0.00000E+00

 
  Total yield of
    Gamma-ray                             =   5.25285E-04
    X-ray                                 =   1.20421E-01
    Free-bound X-ray                      =   2.76859E+00
    Annihilation photon                   =   0.00000E+00
    Beta+ particle                        =   0.00000E+00
    Beta- particle                        =   0.00000E+00
    Internal conv. electron               =   2.72411E-01
    Auger and CK electron                 =   2.41760E+00
    Alpha particle                        =   1.00000E+00
  Yield of unplaced radiation             =   0.00000E+00


