%%%% 178 RE  75    EC B+        7.92000E+02 13.2 M     02-11-2005       BALASTAR
1 178   RE  75 13.2 M          EC B+      
1INTENSITY AND ENERGY BALANCE DATA

              178-RHENIUM-75
+                                    HALFLIFE = 13.2 MINUTES 
+                                                                  02-11-2005


    LEVEL       INTENSITY   INTENSITY
    ENERGY      ENTERING    LEAVING     PERCENT
    (MEV)       LEVEL       LEVEL       ERROR

   0.0000E+00  1.0001E+02
   1.0605E-01  9.5798E+01  9.5845E+01  4.8473E-02                      
   3.4320E-01  5.3176E+01  5.2577E+01  1.1343E+00                      
   6.9520E-01  2.3637E+00  2.7317E+00  1.4443E+01  ********************
   1.0450E+00  9.2020E+00  8.9460E+00  2.8203E+00                      
   1.0828E+00  3.8918E+00  3.9490E+00  1.4592E+00                      
   1.1108E+00  3.7123E+00  3.7635E+00  1.3706E+00                      
   1.1213E+00  3.9043E+00  3.8511E+00  1.3726E+00                      
   1.2260E+00  1.5847E+00  1.8452E+00  1.5192E+01  ********************
   1.2757E+00  2.6788E+00  2.8365E+00  5.7167E+00                      
   1.3810E+00  2.8594E+00  2.9006E+00  1.4301E+00                      
   1.4498E+00  2.1471E+00  2.1188E+00  1.3240E+00                      
   1.5985E+00  2.8568E+00  2.8872E+00  1.0590E+00                      
   1.8645E+00  1.8361E+00  1.8290E+00  3.8519E-01                      
   3.3015E+00  1.1237E+00  1.1239E+00  1.2804E-02                      
   3.3690E+00  1.7056E+00  1.6523E+00  3.1757E+00                      
   3.3834E+00  5.0166E-01  4.9945E-01  4.4159E-01                      
   3.4996E+00  7.5248E-01  7.4919E-01  4.3892E-01                      
   3.5059E+00  3.6119E-01  3.6497E-01  1.0403E+00                      
   3.5123E+00  1.7056E+00  1.7104E+00  2.8042E-01                      
   3.5153E+00  4.9162E-01  4.8985E-01  3.6170E-01                      
   3.5514E+00  1.9966E+00  1.9883E+00  4.1549E-01                      
   3.5806E+00  3.9129E-01  3.9379E-01  6.3771E-01                      
   3.5859E+00  3.6119E-01  3.6498E-01  1.0431E+00                      
   3.5952E+00  4.7156E-01  4.7063E-01  1.9597E-01                      
   3.6349E+00  7.1235E-01  7.1094E-01  1.9849E-01                      
   3.7070E+00  3.4113E-01  3.3617E-01  1.4620E+00                      
   3.8078E+00  3.7123E-01  3.7460E-01  9.0403E-01                      
   3.8114E+00  3.7123E-01  3.7460E-01  9.0391E-01                      


 INTENSITY TO GROUND AND ISOMERIC STATE(S) OF DAUGHTER(S)=  1.000E+02
 TOTAL INTENSITY FROM PARENT=  1.000E+02
 PERCENT ERROR =  1.401E-02                      


 TOTAL INTENSITY FROM PARENT =  1.000E+02
 VALUE IS WITHIN   1.53E-05% OF 100                      


 TOTAL ENERGY AVAILABLE =  4.780E+00 MEV
 TOTAL ENERGY CONTENT OF ALL RADIATIONS =  4.782E+00 MEV
 PERCENT ERROR =  4.752E-02                      
%%%% 178 RE  75    EC B+        7.92000E+02 13.2 M     02-11-2005       BALAEND 
%%%% 178 RE  75    EC B+        7.92000E+02 13.2 M     02-11-2005       INPUSTAR
1                                      **INPUT DATA**
              178-RHENIUM-75
+                                    HALFLIFE = 13.2 MINUTES 
+                                                                  02-11-2005

            MODES OF DECAY: ELECTRON CAPTURE, BETA PLUS
 
                                MEAN
                                NUMBER/    TRANSITION
                TYPE OF    ID   TRANSFOR-  ENERGY
              TRANSITION   NO.  MATION     (MEV)       OTHER NUCLEAR PARAMETERS

           ELECT. CAPTURE   1   3.71E-03   9.686E-01   ALLOWED                                  
+                                                              ASSUMED                          
           ELECT. CAPTURE   2   3.71E-03   9.722E-01   ALLOWED                                  
+                                                              ASSUMED                          
           ELECT. CAPTURE   3   3.41E-03   1.073E+00   ALLOWED                                  
+                                                              ASSUMED                          
           ELECT. CAPTURE   4   7.12E-03   1.145E+00   ALLOWED                                  
+                                                              ASSUMED                          
           ELECT. CAPTURE   5   4.72E-03   1.185E+00   ALLOWED                                  
+                                                              ASSUMED                          
           ELECT. CAPTURE   6   3.61E-03   1.194E+00   ALLOWED                                  
+                                                              ASSUMED                          
           ELECT. CAPTURE   7   3.91E-03   1.199E+00   ALLOWED                                  
+                                                              ASSUMED                          
           ELECT. CAPTURE   8   2.00E-02   1.229E+00   ALLOWED                                  
+                                                              ASSUMED                          
           ELECT. CAPTURE   9   4.92E-03   1.265E+00   ALLOWED                                  
+                                                              ASSUMED                          
           ELECT. CAPTURE  10   1.71E-02   1.268E+00   ALLOWED                                  
           ELECT. CAPTURE  11   3.61E-03   1.274E+00   ALLOWED                                  
+                                                              ASSUMED                          
           ELECT. CAPTURE  12   7.52E-03   1.280E+00   ALLOWED                                  
+                                                              ASSUMED                          
           ELECT. CAPTURE  13   5.02E-03   1.397E+00   ALLOWED                                  
+                                                              ASSUMED                          
           ELECT. CAPTURE  14   1.71E-02   1.411E+00   ALLOWED                                  
           ELECT. CAPTURE  15   1.12E-02   1.479E+00   ALLOWED                                  
+                                                              ASSUMED                          
           ELECT. CAPTURE  16   1.61E-02   2.916E+00   ALLOWED                                  
           ELECT. CAPTURE  17   2.11E-02   3.181E+00   ALLOWED                                  
+                                                              ASSUMED                          
           ELECT. CAPTURE  18   1.71E-02   3.330E+00   ALLOWED                                  
           ELECT. CAPTURE  19   2.21E-02   3.399E+00   ALLOWED                                  
           ELECT. CAPTURE  20   2.01E-02   3.504E+00   ALLOWED                                  
           ELECT. CAPTURE  21   8.13E-03   3.554E+00   FIRST FORBIDDEN                          
           ELECT. CAPTURE  22   2.61E-02   3.659E+00   FIRST FORBIDDEN                          
           ELECT. CAPTURE  23   2.61E-02   3.669E+00   ALLOWED                                  
           ELECT. CAPTURE  24   2.41E-02   3.697E+00   ALLOWED                                  
           ELECT. CAPTURE  25   5.62E-02   3.735E+00   FIRST FORBIDDEN                          
           ELECT. CAPTURE  26   1.81E-01   4.437E+00   ALLOWED                                  
           ELECT. CAPTURE  27   1.10E-01   4.674E+00   ALLOWED                                  
                BETA PLUS   1   2.31E-03   1.894E+00*  ALLOWED                                  
                BETA PLUS   2   4.62E-03   2.160E+00*  ALLOWED                                  
+                                                              ASSUMED                          
                BETA PLUS   3   4.41E-03   2.308E+00*  ALLOWED                                  
                BETA PLUS   4   6.52E-03   2.377E+00*  ALLOWED                                  
                BETA PLUS   5   6.72E-03   2.482E+00*  ALLOWED                                  
                BETA PLUS   6   2.91E-03   2.532E+00*  FIRST FORBIDDEN                          
                BETA PLUS   7   1.10E-02   2.637E+00*  FIRST FORBIDDEN                          
                BETA PLUS   8   1.10E-02   2.647E+00*  ALLOWED                                  
                BETA PLUS   9   1.00E-02   2.675E+00*  ALLOWED                                  
                BETA PLUS  10   2.51E-02   2.713E+00*  FIRST FORBIDDEN                          
                BETA PLUS  11   1.61E-01   3.415E+00*  ALLOWED                                  
                BETA PLUS  12   1.10E-01   3.652E+00*  ALLOWED                                  
           I.C.E. + GAMMA   1   9.58E-01   1.059E-01   E2 MULTIPOLE                             
+                                                                    AK= 0.789                  
                                                       AL1=0.0853    AL2=0.906                  
                                                       AL3=0.799     AM= 0.455                  
                                                       AN+=0.126                                
           I.C.E. + GAMMA   2   8.83E-03   1.811E-01   E2 MULTIPOLE                             
+                                                                    AK= 0.220                  
                                                       AL1=0.0248    AL2=0.0811                 
                                                       AL3=0.0583    AM= 0.0411                 
                                                       AN+=0.0115                               
           I.C.E. + GAMMA   3   5.26E-01   2.373E-01   E2 MULTIPOLE                             
+                                                                    AK= 0.107                  
                                                       AL1=0.0128    AL2=0.0250                 
                                                       AL3=0.0161    AM= 0.0133                 
                                                       AN+=0.00376                              
           I.C.E. + GAMMA   4   2.73E-02   3.519E-01   E2 MULTIPOLE                             
+                                                                    AK= 0.0379                 
                                                       AL1=0.00484   AL2=0.00480                
                                                       AL3=0.00257   AM= 0.00296                
           I.C.E. + GAMMA   5   1.73E-02   5.009E-01   UNPLACED GAMMA                           
           I.C.E. + GAMMA   6   4.80E-03   5.213E-01   UNPLACED GAMMA                           
           I.C.E. + GAMMA   7   4.80E-03   5.395E-01   UNPLACED GAMMA                           
           I.C.E. + GAMMA   8   1.06E-02   6.084E-01   UNPLACED GAMMA                           
           I.C.E. + GAMMA   9   6.72E-03   6.355E-01   UNPLACED GAMMA                           
           I.C.E. + GAMMA  10   7.68E-03   6.509E-01   UNPLACED GAMMA                           
           I.C.E. + GAMMA  11   8.73E-03   6.841E-01   E2 MULTIPOLE                             
+                                                                    AK= 0.00807                
                                                       AL1=0.00108                              
           I.C.E. + GAMMA  12   2.90E-03   7.400E-01   E2 MULTIPOLE                             
+                                                                    AK= 0.00684                
           I.C.E. + GAMMA  13   4.84E-03   7.677E-01   E2 MULTIPOLE                             
+                                                                    AK= 0.00634                
           I.C.E. + GAMMA  14   3.85E-02   7.779E-01   E1 MULTIPOLE                             
+                                                                    AK= 0.00244                
           I.C.E. + GAMMA  15   9.62E-03   8.828E-01   E1 MULTIPOLE                             
+                                                                    AK= 0.00192                
           I.C.E. + GAMMA  16   2.07E-02   9.327E-01   M1+E2 MULTIPOLE                          
                                                       AK= 0.0636    AL1=0.00892                
                                                       AM= 0.00217                              
           I.C.E. + GAMMA  17   8.95E-02   9.391E-01   E1+M2 MULTIPOLE                          
                                                       AK= 0.00171                              
           I.C.E. + GAMMA  18   3.84E-03   9.628E-01   UNPLACED GAMMA                           
           I.C.E. + GAMMA  19   3.66E-02   9.766E-01   M1+E2 MULTIPOLE                          
                                                       AK= 0.0251    AL1=0.00352                
           I.C.E. + GAMMA  20   5.82E-03   1.004E+00   M1 MULTIPOLE                             
+                                                                    AK= 0.00840                
                                                       AL1=0.00118                              
           I.C.E. + GAMMA  21   9.69E-03   1.038E+00   M1 MULTIPOLE                             
+                                                                    AK= 0.00775                
                                                       AL1=0.00109                              
           I.C.E. + GAMMA  22   5.78E-03   1.107E+00   E2 MULTIPOLE                             
+                                                                    AK= 0.00307                
           I.C.E. + GAMMA  23   2.70E-02   1.111E+00   E2 MULTIPOLE                             
+                                                                    AK= 0.00305                
           I.C.E. + GAMMA  24   3.26E-02   1.131E+00   UNPLACED GAMMA                           
           I.C.E. + GAMMA  25   7.71E-03   1.170E+00   E2 MULTIPOLE                             
+                                                                    AK= 0.00276                
           I.C.E. + GAMMA  26   7.71E-03   1.170E+00   E2 MULTIPOLE                             
+                                                                    AK= 0.00276                
           I.C.E. + GAMMA  27   6.72E-03   1.230E+00   UNPLACED GAMMA                           
           I.C.E. + GAMMA  28   1.44E-02   1.255E+00   E2 MULTIPOLE ASSUMED                     
                                                       AK= 0.00242                              
           I.C.E. + GAMMA  29   1.06E-02   1.276E+00   E2 MULTIPOLE                             
+                                                                    AK= 0.00235                
           I.C.E. + GAMMA  30   4.80E-03   1.289E+00   UNPLACED GAMMA                           
           I.C.E. + GAMMA  31   1.15E-02   1.312E+00   UNPLACED GAMMA                           
           I.C.E. + GAMMA  32   4.82E-03   1.343E+00   M1 MULTIPOLE                             
+                                                                    AK= 0.00411                
           I.C.E. + GAMMA  33   4.80E-03   1.361E+00   UNPLACED GAMMA                           
           I.C.E. + GAMMA  34   3.84E-03   1.377E+00   UNPLACED GAMMA                           
           I.C.E. + GAMMA  35   6.72E-03   1.418E+00   UNPLACED GAMMA                           
           I.C.E. + GAMMA  36   1.06E-02   1.450E+00   E2 MULTIPOLE                             
+                                                                    AK= 0.00185                
           I.C.E. + GAMMA  37   1.44E-02   1.492E+00   E2 MULTIPOLE ASSUMED                     
                                                       AK= 0.00176                              
           I.C.E. + GAMMA  38   5.76E-03   1.499E+00   UNPLACED GAMMA                           
           I.C.E. + GAMMA  39   3.85E-03   1.521E+00   M1 MULTIPOLE                             
+                                                                    AK= 0.00303                
           I.C.E. + GAMMA  40   4.80E-03   1.580E+00   UNPLACED GAMMA                           
           I.C.E. + GAMMA  41   1.25E-02   1.598E+00   UNPLACED GAMMA                           
           I.C.E. + GAMMA  42   6.72E-03   1.609E+00   UNPLACED GAMMA                           
           I.C.E. + GAMMA  43   2.88E-03   1.708E+00   UNPLACED GAMMA                           
           I.C.E. + GAMMA  44   4.80E-03   1.745E+00   UNPLACED GAMMA                           
           I.C.E. + GAMMA  45   6.73E-03   1.758E+00   E2 MULTIPOLE                             
+                                                                    AK= 0.00130                
           I.C.E. + GAMMA  46   1.92E-03   1.796E+00   UNPLACED GAMMA                           
           I.C.E. + GAMMA  47   6.72E-03   1.834E+00   UNPLACED GAMMA                           
           I.C.E. + GAMMA  48   1.92E-03   1.836E+00   UNPLACED GAMMA                           
           I.C.E. + GAMMA  49   4.80E-03   1.893E+00   UNPLACED GAMMA                           
           I.C.E. + GAMMA  50   3.84E-03   1.925E+00   UNPLACED GAMMA                           
           I.C.E. + GAMMA  51   2.88E-03   2.016E+00   UNPLACED GAMMA                           
           I.C.E. + GAMMA  52   2.88E-03   2.037E+00   E2 MULTIPOLE ASSUMED                     
           I.C.E. + GAMMA  53   3.84E-03   2.053E+00   UNPLACED GAMMA                           
           I.C.E. + GAMMA  54   5.76E-03   2.133E+00   UNPLACED GAMMA                           
           I.C.E. + GAMMA  55   1.92E-03   2.248E+00   E1 MULTIPOLE                             
           I.C.E. + GAMMA  56   1.92E-03   2.264E+00   UNPLACED GAMMA                           
           I.C.E. + GAMMA  57   2.89E-03   2.287E+00   M2 MULTIPOLE                             
+                                                                    AK= 0.00257                
           I.C.E. + GAMMA  58   2.88E-03   2.287E+00   M1 MULTIPOLE                             
+                                                                    AK= 0.00114                
           I.C.E. + GAMMA  59   1.92E-03   2.307E+00   UNPLACED GAMMA                           
           I.C.E. + GAMMA  60   3.84E-03   2.312E+00   UNPLACED GAMMA                           
           I.C.E. + GAMMA  61   1.92E-03   2.325E+00   E2 MULTIPOLE ASSUMED                     
           I.C.E. + GAMMA  62   1.92E-03   2.325E+00   E1 MULTIPOLE                             
           I.C.E. + GAMMA  63   2.02E-03   2.456E+00   UNPLACED GAMMA                           
           I.C.E. + GAMMA  64   1.92E-03   2.468E+00   E2 MULTIPOLE ASSUMED                     
           I.C.E. + GAMMA  65   8.65E-03   2.958E+00   E2 MULTIPOLE ASSUMED                     
           I.C.E. + GAMMA  66   6.72E-03   2.998E+00   UNPLACED GAMMA                           
           I.C.E. + GAMMA  67   1.44E-03   3.012E+00   E2 MULTIPOLE ASSUMED                     
           I.C.E. + GAMMA  68   4.32E-03   3.025E+00   E2 MULTIPOLE                             
           I.C.E. + GAMMA  69   2.88E-03   3.112E+00   E2 MULTIPOLE ASSUMED                     
           I.C.E. + GAMMA  70   2.88E-03   3.116E+00   E2 MULTIPOLE ASSUMED                     
           I.C.E. + GAMMA  71   2.88E-03   3.134E+00   UNPLACED GAMMA                           
           I.C.E. + GAMMA  72   5.76E-03   3.157E+00   E2 MULTIPOLE ASSUMED                     
           I.C.E. + GAMMA  73   4.80E-03   3.164E+00   UNPLACED GAMMA                           
           I.C.E. + GAMMA  74   8.64E-03   3.169E+00   E2 MULTIPOLE                             
           I.C.E. + GAMMA  75   3.17E-03   3.172E+00   E2 MULTIPOLE ASSUMED                     
           I.C.E. + GAMMA  76   2.59E-03   3.182E+00   UNPLACED GAMMA                           
           I.C.E. + GAMMA  77   5.18E-03   3.188E+00   UNPLACED GAMMA                           
           I.C.E. + GAMMA  78   2.59E-03   3.196E+00   E2 MULTIPOLE ASSUMED                     
           I.C.E. + GAMMA  79   7.01E-03   3.209E+00   E2 MULTIPOLE ASSUMED                     
           I.C.E. + GAMMA  80   2.59E-03   3.217E+00   UNPLACED GAMMA                           
           I.C.E. + GAMMA  81   2.02E-03   3.233E+00   UNPLACED GAMMA                           
           I.C.E. + GAMMA  82   2.98E-03   3.238E+00   E2 MULTIPOLE ASSUMED                     
           I.C.E. + GAMMA  83   2.69E-03   3.243E+00   E2 MULTIPOLE ASSUMED                     
           I.C.E. + GAMMA  84   1.73E-03   3.248E+00   UNPLACED GAMMA                           
           I.C.E. + GAMMA  85   3.94E-03   3.252E+00   E2 MULTIPOLE ASSUMED                     
           I.C.E. + GAMMA  86   3.46E-03   3.254E+00   UNPLACED GAMMA                           
           I.C.E. + GAMMA  87   3.46E-03   3.258E+00   UNPLACED GAMMA                           
           I.C.E. + GAMMA  88   3.94E-03   3.264E+00   M1 MULTIPOLE                             
           I.C.E. + GAMMA  89   3.75E-03   3.277E+00   E2 MULTIPOLE ASSUMED                     
           I.C.E. + GAMMA  90   2.21E-03   3.292E+00   E2 MULTIPOLE ASSUMED                     
           I.C.E. + GAMMA  91   1.92E-03   3.364E+00   E2 MULTIPOLE ASSUMED                     
           I.C.E. + GAMMA  92   1.54E-03   3.370E+00   E2 MULTIPOLE                             
           I.C.E. + GAMMA  93   9.60E-04   3.376E+00   UNPLACED GAMMA                           
           I.C.E. + GAMMA  94   1.25E-03   3.383E+00   E2 MULTIPOLE ASSUMED                     
           I.C.E. + GAMMA  95   1.73E-03   3.393E+00   E2 MULTIPOLE ASSUMED                     
           I.C.E. + GAMMA  96   3.27E-03   3.399E+00   E2 MULTIPOLE ASSUMED                     
           I.C.E. + GAMMA  97   4.61E-03   3.406E+00   M1 MULTIPOLE                             
           I.C.E. + GAMMA  98   1.73E-03   3.409E+00   E2 MULTIPOLE ASSUMED                     
           I.C.E. + GAMMA  99   5.66E-03   3.417E+00   UNPLACED GAMMA                           
           I.C.E. + GAMMA 100   2.69E-03   3.428E+00   UNPLACED GAMMA                           
           I.C.E. + GAMMA 101   5.95E-03   3.431E+00   UNPLACED GAMMA                           
           I.C.E. + GAMMA 102   2.98E-03   3.441E+00   UNPLACED GAMMA                           
           I.C.E. + GAMMA 103   9.03E-03   3.445E+00   E2 MULTIPOLE ASSUMED                     
           I.C.E. + GAMMA 104   8.64E-04   3.465E+00   E2 MULTIPOLE ASSUMED                     
           I.C.E. + GAMMA 105   8.64E-04   3.468E+00   E2 MULTIPOLE ASSUMED                     
           I.C.E. + GAMMA 106   9.60E-04   3.474E+00   E2 MULTIPOLE ASSUMED                     
           I.C.E. + GAMMA 107   9.60E-04   3.479E+00   E2 MULTIPOLE ASSUMED                     
           I.C.E. + GAMMA 108   7.68E-04   3.490E+00   E2 MULTIPOLE ASSUMED                     
           I.C.E. + GAMMA 109   3.84E-04   3.507E+00   E2 MULTIPOLE ASSUMED                     
           I.C.E. + GAMMA 110   9.60E-04   3.512E+00   E2 MULTIPOLE                             
           I.C.E. + GAMMA 111   9.60E-04   3.526E+00   UNPLACED GAMMA                           
           I.C.E. + GAMMA 112   2.02E-03   3.529E+00   E2 MULTIPOLE ASSUMED                     
           I.C.E. + GAMMA 113   4.80E-04   3.544E+00   UNPLACED GAMMA                           
           I.C.E. + GAMMA 114   5.76E-04   3.559E+00   UNPLACED GAMMA                           
 
           * ENDPOINT ENERGY (MEV)
           - - - - - - - - - -
           Reference: Evaluated Nuclear Structure Data File (ENSDF)
                DATE DATA WERE ENTERED INTO ENSDF: Aug-1994
%%%% 178 RE  75    EC B+        7.92000E+02 13.2 M     02-11-2005       INPUEND 
%%%% 178 RE  75    EC B+        7.92000E+02 13.2 M     02-11-2005       OUTPSTAR
1                                      **OUTPUT DATA**
              178-RHENIUM-75
+                                    HALFLIFE = 13.2 MINUTES 
+                                                                  02-11-2005

            MODES OF DECAY: ELECTRON CAPTURE, BETA PLUS
 
                                              MEAN
                                              NUMBER/                  MEV/
                                         ID   TRANSFOR-   ENERGY       TRANSFOR-
                  TYPE OF RADIATION      NO.  MATION      (MEV)        MATION

           BETA PLUS                      1   2.31E-03    8.579E-01*   1.98E-03
           BETA PLUS                      2   4.62E-03    9.765E-01*   4.51E-03
           BETA PLUS                      3   4.41E-03    1.043E+00*   4.60E-03
           BETA PLUS                      4   6.52E-03    1.074E+00*   7.00E-03
           BETA PLUS                      5   6.72E-03    1.121E+00*   7.54E-03
           BETA PLUS                      6   2.91E-03    1.144E+00*   3.33E-03
           BETA PLUS                      7   1.10E-02    1.191E+00*   1.31E-02
           BETA PLUS                      8   1.10E-02    1.196E+00*   1.32E-02
           BETA PLUS                      9   1.00E-02    1.208E+00*   1.21E-02
           BETA PLUS                     10   2.51E-02    1.225E+00*   3.07E-02
           BETA PLUS                     11   1.61E-01    1.545E+00*   2.48E-01
           BETA PLUS                     12   1.10E-01    1.653E+00*   1.82E-01
           ANNIHILATION RADIATION             7.11E-01    5.110E-01    3.63E-01
           GAMMA-RAY                      1   2.30E-01    1.059E-01    2.44E-02
           K CONV. ELECTRON, GAMMA-RAY    1   1.82E-01    3.621E-02    6.58E-03
           L1 CONV. ELECTRON, GAMMA-RAY   1   1.97E-02    9.382E-02    1.84E-03
           L2 CONV. ELECTRON, GAMMA-RAY   1   2.09E-01    9.433E-02    1.97E-02
           L3 CONV. ELECTRON, GAMMA-RAY   1   1.84E-01    9.569E-02    1.76E-02
           M CONV. ELECTRON, GAMMA-RAY    1   1.05E-01    1.036E-01*   1.09E-02
           N+ CONV. ELECTRON, GAMMA-RAY   1   2.91E-02    1.059E-01*   3.09E-03
           GAMMA-RAY                      3   4.46E-01    2.373E-01    1.06E-01
           K CONV. ELECTRON, GAMMA-RAY    3   4.77E-02    1.676E-01    7.99E-03
           L1 CONV. ELECTRON, GAMMA-RAY   3   5.70E-03    2.252E-01    1.28E-03
           L2 CONV. ELECTRON, GAMMA-RAY   3   1.12E-02    2.257E-01    2.52E-03
           L3 CONV. ELECTRON, GAMMA-RAY   3   7.17E-03    2.271E-01    1.63E-03
           M CONV. ELECTRON, GAMMA-RAY    3   5.95E-03    2.350E-01*   1.40E-03
           GAMMA-RAY                      4   2.59E-02    3.519E-01    9.12E-03
           GAMMA-RAY                      5   1.73E-02    5.009E-01    8.66E-03
           GAMMA-RAY                      6   4.80E-03    5.213E-01    2.50E-03
           GAMMA-RAY                      7   4.80E-03    5.395E-01    2.59E-03
           GAMMA-RAY                      8   1.06E-02    6.084E-01    6.42E-03
           GAMMA-RAY                      9   6.72E-03    6.355E-01    4.27E-03
           GAMMA-RAY                     10   7.68E-03    6.509E-01    5.00E-03
           GAMMA-RAY                     11   8.64E-03    6.841E-01    5.91E-03
           GAMMA-RAY                     12   2.88E-03    7.400E-01    2.13E-03
           GAMMA-RAY                     13   4.80E-03    7.677E-01    3.68E-03
           GAMMA-RAY                     14   3.84E-02    7.779E-01    2.99E-02
           GAMMA-RAY                     15   9.60E-03    8.828E-01    8.47E-03
           GAMMA-RAY                     16   1.92E-02    9.327E-01    1.79E-02
           K CONV. ELECTRON, GAMMA-RAY   16   1.22E-03    8.630E-01    1.05E-03
           GAMMA-RAY                     17   8.93E-02    9.391E-01    8.38E-02
           GAMMA-RAY                     18   3.84E-03    9.628E-01    3.70E-03
           GAMMA-RAY                     19   3.55E-02    9.766E-01    3.47E-02
           K CONV. ELECTRON, GAMMA-RAY   19   8.92E-04    9.069E-01    8.09E-04
           GAMMA-RAY                     20   5.76E-03    1.004E+00    5.79E-03
           GAMMA-RAY                     21   9.60E-03    1.038E+00    9.96E-03
           GAMMA-RAY                     22   5.76E-03    1.107E+00    6.37E-03
           GAMMA-RAY                     23   2.69E-02    1.111E+00    2.99E-02
           GAMMA-RAY                     24   3.26E-02    1.131E+00    3.69E-02
           GAMMA-RAY                     25   7.68E-03    1.170E+00    8.98E-03
           GAMMA-RAY                     26   7.68E-03    1.170E+00    8.98E-03
           GAMMA-RAY                     27   6.72E-03    1.230E+00    8.26E-03
           GAMMA-RAY                     28   1.44E-02    1.255E+00    1.81E-02
           GAMMA-RAY                     29   1.06E-02    1.276E+00    1.35E-02
           GAMMA-RAY                     30   4.80E-03    1.289E+00    6.19E-03
           GAMMA-RAY                     31   1.15E-02    1.312E+00    1.51E-02
           GAMMA-RAY                     32   4.80E-03    1.343E+00    6.44E-03
           GAMMA-RAY                     33   4.80E-03    1.361E+00    6.53E-03
           GAMMA-RAY                     34   3.84E-03    1.377E+00    5.29E-03
           GAMMA-RAY                     35   6.72E-03    1.418E+00    9.53E-03
           GAMMA-RAY                     36   1.06E-02    1.450E+00    1.53E-02
           GAMMA-RAY                     37   1.44E-02    1.492E+00    2.15E-02
           GAMMA-RAY                     38   5.76E-03    1.499E+00    8.64E-03
           GAMMA-RAY                     39   3.84E-03    1.521E+00    5.84E-03
           GAMMA-RAY                     40   4.80E-03    1.580E+00    7.58E-03
           GAMMA-RAY                     41   1.25E-02    1.598E+00    1.99E-02
           GAMMA-RAY                     42   6.72E-03    1.609E+00    1.08E-02
           GAMMA-RAY                     43   2.88E-03    1.708E+00    4.92E-03
           GAMMA-RAY                     44   4.80E-03    1.745E+00    8.37E-03
           GAMMA-RAY                     45   6.72E-03    1.758E+00    1.18E-02
           GAMMA-RAY                     46   1.92E-03    1.796E+00    3.45E-03
           GAMMA-RAY                     47   6.72E-03    1.834E+00    1.23E-02
           GAMMA-RAY                     48   1.92E-03    1.836E+00    3.53E-03
           GAMMA-RAY                     49   4.80E-03    1.893E+00    9.09E-03
           GAMMA-RAY                     50   3.84E-03    1.925E+00    7.39E-03
           GAMMA-RAY                     51   2.88E-03    2.016E+00    5.81E-03
           GAMMA-RAY                     52   2.88E-03    2.037E+00    5.87E-03
           GAMMA-RAY                     53   3.84E-03    2.053E+00    7.88E-03
           GAMMA-RAY                     54   5.76E-03    2.133E+00    1.23E-02
           GAMMA-RAY                     55   1.92E-03    2.248E+00    4.32E-03
           GAMMA-RAY                     56   1.92E-03    2.264E+00    4.35E-03
           GAMMA-RAY                     57   2.88E-03    2.287E+00    6.59E-03
           GAMMA-RAY                     58   2.88E-03    2.287E+00    6.59E-03
           GAMMA-RAY                     59   1.92E-03    2.307E+00    4.43E-03
           GAMMA-RAY                     60   3.84E-03    2.312E+00    8.88E-03
           GAMMA-RAY                     61   1.92E-03    2.325E+00    4.46E-03
           GAMMA-RAY                     62   1.92E-03    2.325E+00    4.46E-03
           GAMMA-RAY                     63   2.02E-03    2.456E+00    4.95E-03
           GAMMA-RAY                     64   1.92E-03    2.468E+00    4.74E-03
           GAMMA-RAY                     65   8.64E-03    2.958E+00    2.56E-02
           GAMMA-RAY                     66   6.72E-03    2.998E+00    2.01E-02
           GAMMA-RAY                     67   1.44E-03    3.012E+00    4.34E-03
           GAMMA-RAY                     68   4.32E-03    3.025E+00    1.31E-02
           GAMMA-RAY                     69   2.88E-03    3.112E+00    8.96E-03
           GAMMA-RAY                     70   2.88E-03    3.116E+00    8.97E-03
           GAMMA-RAY                     71   2.88E-03    3.134E+00    9.02E-03
           GAMMA-RAY                     72   5.76E-03    3.157E+00    1.82E-02
           GAMMA-RAY                     73   4.80E-03    3.164E+00    1.52E-02
           GAMMA-RAY                     74   8.64E-03    3.169E+00    2.74E-02
           GAMMA-RAY                     75   3.17E-03    3.172E+00    1.00E-02
           GAMMA-RAY                     76   2.59E-03    3.182E+00    8.25E-03
           GAMMA-RAY                     77   5.18E-03    3.188E+00    1.65E-02
           GAMMA-RAY                     78   2.59E-03    3.196E+00    8.28E-03
           GAMMA-RAY                     79   7.01E-03    3.209E+00    2.25E-02
           GAMMA-RAY                     80   2.59E-03    3.217E+00    8.34E-03
           GAMMA-RAY                     81   2.02E-03    3.233E+00    6.52E-03
           GAMMA-RAY                     82   2.98E-03    3.238E+00    9.64E-03
           GAMMA-RAY                     83   2.69E-03    3.243E+00    8.72E-03
           GAMMA-RAY                     84   1.73E-03    3.248E+00    5.61E-03
           GAMMA-RAY                     85   3.94E-03    3.252E+00    1.28E-02
           GAMMA-RAY                     86   3.46E-03    3.254E+00    1.12E-02
           GAMMA-RAY                     87   3.46E-03    3.258E+00    1.13E-02
           GAMMA-RAY                     88   3.94E-03    3.264E+00    1.28E-02
           GAMMA-RAY                     89   3.74E-03    3.277E+00    1.23E-02
           GAMMA-RAY                     90   2.21E-03    3.292E+00    7.27E-03
           GAMMA-RAY                     91   1.92E-03    3.364E+00    6.46E-03
           GAMMA-RAY                     92   1.54E-03    3.370E+00    5.18E-03
           GAMMA-RAY                     93   9.60E-04    3.376E+00    3.24E-03
           GAMMA-RAY                     94   1.25E-03    3.383E+00    4.22E-03
           GAMMA-RAY                     95   1.73E-03    3.393E+00    5.86E-03
           GAMMA-RAY                     96   3.26E-03    3.399E+00    1.11E-02
           GAMMA-RAY                     97   4.61E-03    3.406E+00    1.57E-02
           GAMMA-RAY                     98   1.73E-03    3.409E+00    5.89E-03
           GAMMA-RAY                     99   5.66E-03    3.417E+00    1.94E-02
           GAMMA-RAY                    100   2.69E-03    3.428E+00    9.21E-03
           GAMMA-RAY                    101   5.95E-03    3.431E+00    2.04E-02
           GAMMA-RAY                    102   2.98E-03    3.441E+00    1.02E-02
           GAMMA-RAY                    103   9.02E-03    3.445E+00    3.11E-02
           GAMMA-RAY                    104   8.64E-04    3.465E+00    2.99E-03
           GAMMA-RAY                    105   8.64E-04    3.468E+00    3.00E-03
           GAMMA-RAY                    106   9.60E-04    3.474E+00    3.34E-03
           GAMMA-RAY                    107   9.60E-04    3.479E+00    3.34E-03
           GAMMA-RAY                    108   7.68E-04    3.490E+00    2.68E-03
           GAMMA-RAY                    110   9.60E-04    3.512E+00    3.37E-03
           GAMMA-RAY                    111   9.60E-04    3.526E+00    3.38E-03
           GAMMA-RAY                    112   2.02E-03    3.529E+00    7.11E-03
           GAMMA-RAY                    114   5.76E-04    3.559E+00    2.05E-03
           K -L2 X-RAY                        2.11E-01    5.812E-02    1.23E-02
           K -L3 X-RAY                        3.67E-01    5.948E-02    2.18E-02
           K -M2 X-RAY                        3.94E-02    6.712E-02    2.65E-03
           K -M3 X-RAY                        7.62E-02    6.742E-02    5.14E-03
           AUGER KLL                          2.22E-02    4.719E-02*   1.05E-03
           AUGER KLX                          1.16E-02    5.637E-02*   6.55E-04
           AUGER LMM                          5.79E-01    6.545E-03*   3.79E-03
           AUGER LMX                          2.22E-01    8.302E-03*   1.85E-03
           AUGER MNN                          1.82E+00    1.473E-03*   2.69E-03
           CK NNX                             3.93E+00    1.615E-04*   6.35E-04
 
           ALL LISTED X-RAYS, GAMMA-RAYS AND ANNIHILATION RADIATION    1.70E+00
           ALL NEGLECTED X-RAYS, GAMMA-RAYS AND ANNIH. RADIATION**     1.01E-02
           ALL LISTED BETAS, INTERNAL CONVERSION AND AUGER ELECTRONS   6.16E-01
           ALL NEGLECTED BETAS, INT. CONVERSION AND AUGER ELECTRONS**  3.68E-03
           ALL LISTED RADIATIONS                                       2.31E+00
           ALL NEGLECTED RADIATIONS**                                  1.38E-02
 
           *  AVERAGE ENERGY (MEV)
           ** EACH NEGLECTED TRANSITION CONTRIBUTES LESS THAN  0.100%
              TO THE TOTAL MEV/TRANSFORMATION FOR THIS CATEGORY.
           TOTAL FEEDING OF GROUND STATE LEVEL IN 178-TUNGSTEN
             DAUGHTER IS 1.0000E+00 PER TRANSFORMATION OF 178-RHENIUM.
             DECAY OF THIS 21.6 DAYS HALFLIFE LEVEL WILL CONTRIBUTE TO DOSE.
           - - - - - - - - - -
           INPUT DATA SOURCE: EVALUATED NUCLEAR STRUCTURE DATA FILE (ENSDF)
             DATE INPUT DATA WERE ENTERED INTO ENSDF: Aug-1994
%%%% 178 RE  75    EC B+        7.92000E+02 13.2 M     02-11-2005       OUTPEND 
%%%% 178 RE  75    EC B+        7.92000E+02 13.2 M     02-11-2005       BETASTAR
1
              178-RHENIUM-75
+                                    HALFLIFE = 13.2 MINUTES 
+                                                                  02-11-2005

            BETA SPECTRUM DATA FOR ALL DECAY BRANCHES

                      BETAS PER                BETAS PER                BETAS PER
            ENERGY    MEV            ENERGY    MEV            ENERGY    MEV
            (MEV)     PER DECAY      (MEV)     PER DECAY      (MEV)     PER DECAY

            0.00000   0.000E+00      0.00320   1.864E-08      0.12000   1.163E-02
            0.00010   0.000E+00      0.00360   3.849E-08      0.13000   1.365E-02
            0.00011   0.000E+00      0.00400   7.094E-08      0.14000   1.575E-02
            0.00012   0.000E+00      0.00450   1.356E-07      0.15000   1.793E-02
            0.00013   0.000E+00      0.00500   2.352E-07      0.16000   2.018E-02
            0.00014   0.000E+00      0.00550   3.796E-07      0.18000   2.483E-02
            0.00015   0.000E+00      0.00600   5.789E-07      0.20000   2.964E-02
            0.00016   0.000E+00      0.00650   8.441E-07      0.22000   3.457E-02
            0.00018   0.000E+00      0.00700   1.186E-06      0.24000   3.956E-02
            0.00020   0.000E+00      0.00750   1.618E-06      0.26000   4.459E-02
            0.00022   0.000E+00      0.00800   2.150E-06      0.28000   4.964E-02
            0.00024   0.000E+00      0.00850   2.795E-06      0.30000   5.469E-02
            0.00026   0.000E+00      0.00900   3.566E-06      0.32000   5.971E-02
            0.00028   0.000E+00      0.01000   5.537E-06      0.36000   6.964E-02
            0.00030   0.000E+00      0.01100   8.165E-06      0.40000   7.935E-02
            0.00032   0.000E+00      0.01200   1.155E-05      0.45000   9.109E-02
            0.00036   2.150E-27      0.01300   1.581E-05      0.50000   1.023E-01
            0.00040   4.399E-25      0.01400   2.103E-05      0.55000   1.130E-01
            0.00045   8.085E-23      0.01500   2.732E-05      0.60000   1.230E-01
            0.00050   4.768E-21      0.01600   3.477E-05      0.65000   1.324E-01
            0.00055   1.251E-19      0.01800   5.355E-05      0.70000   1.411E-01
            0.00060   1.811E-18      0.02000   7.808E-05      0.75000   1.492E-01
            0.00065   1.677E-17      0.02200   1.090E-04      0.80000   1.565E-01
            0.00070   1.102E-16      0.02400   1.469E-04      0.85000   1.631E-01
            0.00075   5.531E-16      0.02600   1.923E-04      0.90000   1.690E-01
            0.00080   2.241E-15      0.02800   2.456E-04      1.00000   1.787E-01
            0.00085   7.629E-15      0.03000   3.071E-04      1.10000   1.854E-01
            0.00090   2.252E-14      0.03200   3.773E-04      1.20000   1.894E-01
            0.00100   1.404E-13      0.03600   5.445E-04      1.30000   1.907E-01
            0.00110   6.228E-13      0.04000   7.484E-04      1.40000   1.893E-01
            0.00120   2.154E-12      0.04500   1.056E-03      1.50000   1.856E-01
            0.00130   6.165E-12      0.05000   1.423E-03      1.60000   1.797E-01
            0.00140   1.524E-11      0.05500   1.847E-03      1.80000   1.624E-01
            0.00150   3.355E-11      0.06000   2.328E-03      2.00000   1.398E-01
            0.00160   6.727E-11      0.06500   2.864E-03      2.20000   1.143E-01
            0.00180   2.177E-10      0.07000   3.451E-03      2.40000   8.851E-02
            0.00200   5.680E-10      0.07500   4.089E-03      2.60000   6.467E-02
            0.00220   1.268E-09      0.08000   4.773E-03      2.80000   4.395E-02
            0.00240   2.516E-09      0.08500   5.501E-03      3.00000   2.546E-02
            0.00260   4.561E-09      0.09000   6.271E-03      3.20000   1.090E-02
            0.00280   7.697E-09      0.10000   7.927E-03      3.60000   1.205E-04
            0.00300   1.226E-08      0.11000   9.719E-03      3.65195   0.000E+00

            AVERAGE BETA ENERGY =   1.486E+00

            TOTAL BETAS PER DECAY FOR ALL BRANCHES =   3.556E-01
%%%% 178 RE  75    EC B+        7.92000E+02 13.2 M     02-11-2005       BETAEND 
%%%% 178 RE  75    EC B+        7.92000E+02 13.2 M     02-11-2005       SEEISTAR
178.  RHENIUM      75.  1.320E+01 MINUTES  586 EC B+                178.RE 75.   0
 4 1  2.30762E-01  8.57881E-01  1.89350E+00  0.00000E+00            178.RE 75.   1   1
 4 2  4.61523E-01  9.76508E-01  2.15950E+00  0.00000E+00            178.RE 75.   2   2
 4 3  4.41457E-01  1.04310E+00  2.30820E+00  0.00000E+00            178.RE 75.   3   3
 4 4  6.52152E-01  1.07398E+00  2.37700E+00  0.00000E+00            178.RE 75.   4   4
 4 5  6.72218E-01  1.12132E+00  2.48230E+00  0.00000E+00            178.RE 75.   5   5
 4 6  2.90960E-01  1.14370E+00  2.53200E+00  0.00000E+00            178.RE 75.   6   6
 4 7  1.10364E+00  1.19090E+00  2.63670E+00  0.00000E+00            178.RE 75.   7   7
 4 8  1.10364E+00  1.19564E+00  2.64720E+00  0.00000E+00            178.RE 75.   8   8
 4 9  1.00331E+00  1.20829E+00  2.67520E+00  0.00000E+00            178.RE 75.   9   9
 410  2.50828E+00  1.22537E+00  2.71300E+00  0.00000E+00            178.RE 75.  10  10
 411  1.60530E+01  1.54452E+00  3.41480E+00  0.00000E+00            178.RE 75.  11  11
 412  1.10364E+01  1.65319E+00  3.65195E+00  0.00000E+00            178.RE 75.  12  12
 3 3  7.11147E+01  5.11000E-01  5.11000E-01  0.00000E+00            178.RE 75.  13   3
 1 1  2.30400E+01  1.05900E-01  1.05900E-01  0.00000E+00            178.RE 75.  14   1
 6 1  1.81700E+01  3.62110E-02  3.62110E-02  1.00000E+00            178.RE 75.  15   1
 6 5  1.96572E+00  9.38230E-02  9.38230E-02  1.00000E+00            178.RE 75.  16   5
 6 6  2.08811E+01  9.43270E-02  9.43270E-02  1.00000E+00            178.RE 75.  17   6
 6 7  1.84001E+01  9.56940E-02  9.56940E-02  1.00000E+00            178.RE 75.  18   7
 6 3  1.04744E+01  1.03629E-01  1.03629E-01  1.00000E+00            178.RE 75.  19   3
 6 4  2.91354E+00  1.05900E-01  1.05900E-01  1.00000E+00            178.RE 75.  20   4
 1 2  6.14400E-01  1.81100E-01  1.81100E-01  0.00000E+00            178.RE 75.  21   2
 6 1  1.35424E-01  1.11411E-01  1.11411E-01  2.00000E+00            178.RE 75.  22   1
 6 5  1.52542E-02  1.69023E-01  1.69023E-01  2.00000E+00            178.RE 75.  23   5
 6 6  4.98051E-02  1.69527E-01  1.69527E-01  2.00000E+00            178.RE 75.  24   6
 6 7  3.58246E-02  1.70894E-01  1.70894E-01  2.00000E+00            178.RE 75.  25   7
 6 3  2.52699E-02  1.78829E-01  1.78829E-01  2.00000E+00            178.RE 75.  26   3
 6 4  7.08320E-03  1.81100E-01  1.81100E-01  2.00000E+00            178.RE 75.  27   4
 1 3  4.46400E+01  2.37300E-01  2.37300E-01  0.00000E+00            178.RE 75.  28   3
 6 1  4.76874E+00  1.67611E-01  1.67611E-01  3.00000E+00            178.RE 75.  29   1
 6 5  5.70082E-01  2.25223E-01  2.25223E-01  3.00000E+00            178.RE 75.  30   5
 6 6  1.11785E+00  2.25727E-01  2.25727E-01  3.00000E+00            178.RE 75.  31   6
 6 7  7.16688E-01  2.27094E-01  2.27094E-01  3.00000E+00            178.RE 75.  32   7
 6 3  5.95423E-01  2.35029E-01  2.35029E-01  3.00000E+00            178.RE 75.  33   3
 6 4  1.67750E-01  2.37300E-01  2.37300E-01  3.00000E+00            178.RE 75.  34   4
 1 4  2.59200E+00  3.51900E-01  3.51900E-01  0.00000E+00            178.RE 75.  35   4
 6 1  9.81657E-02  2.82211E-01  2.82211E-01  4.00000E+00            178.RE 75.  36   1
 6 5  1.25498E-02  3.39823E-01  3.39823E-01  4.00000E+00            178.RE 75.  37   5
 6 6  1.24336E-02  3.40327E-01  3.40327E-01  4.00000E+00            178.RE 75.  38   6
 6 7  6.66273E-03  3.41694E-01  3.41694E-01  4.00000E+00            178.RE 75.  39   7
 6 3  7.67896E-03  3.49629E-01  3.49629E-01  4.00000E+00            178.RE 75.  40   3
 6 4  2.19088E-03  3.51900E-01  3.51900E-01  4.00000E+00            178.RE 75.  41   4
 1 5  1.72800E+00  5.00900E-01  5.00900E-01  0.00000E+00            178.RE 75.  42   5
 1 6  4.80000E-01  5.21300E-01  5.21300E-01  0.00000E+00            178.RE 75.  43   6
 1 7  4.80000E-01  5.39500E-01  5.39500E-01  0.00000E+00            178.RE 75.  44   7
 1 8  1.05600E+00  6.08400E-01  6.08400E-01  0.00000E+00            178.RE 75.  45   8
 1 9  6.72000E-01  6.35500E-01  6.35500E-01  0.00000E+00            178.RE 75.  46   9
 110  7.68000E-01  6.50900E-01  6.50900E-01  0.00000E+00            178.RE 75.  47  10
 111  8.64000E-01  6.84100E-01  6.84100E-01  0.00000E+00            178.RE 75.  48  11
 6 1  6.96926E-03  6.14411E-01  6.14411E-01  1.10000E+01            178.RE 75.  49   1
 6 5  9.29881E-04  6.72023E-01  6.72023E-01  1.10000E+01            178.RE 75.  50   5
 6 6  3.13543E-04  6.72527E-01  6.72527E-01  1.10000E+01            178.RE 75.  51   6
 6 7  1.26495E-04  6.73894E-01  6.73894E-01  1.10000E+01            178.RE 75.  52   7
 6 3  3.21020E-04  6.81829E-01  6.81829E-01  1.10000E+01            178.RE 75.  53   3
 6 4  9.34306E-05  6.84100E-01  6.84100E-01  1.10000E+01            178.RE 75.  54   4
 112  2.88000E-01  7.40000E-01  7.40000E-01  0.00000E+00            178.RE 75.  55  12
 6 1  1.96946E-03  6.70311E-01  6.70311E-01  1.20000E+01            178.RE 75.  56   1
 6 5  2.63317E-04  7.27923E-01  7.27923E-01  1.20000E+01            178.RE 75.  57   5
 6 6  7.85080E-05  7.28427E-01  7.28427E-01  1.20000E+01            178.RE 75.  58   6
 6 7  3.08274E-05  7.29794E-01  7.29794E-01  1.20000E+01            178.RE 75.  59   7
 6 3  8.69654E-05  7.37729E-01  7.37729E-01  1.20000E+01            178.RE 75.  60   3
 6 4  2.53575E-05  7.40000E-01  7.40000E-01  1.20000E+01            178.RE 75.  61   4
 113  4.80000E-01  7.67700E-01  7.67700E-01  0.00000E+00            178.RE 75.  62  13
 6 1  3.04162E-03  6.98011E-01  6.98011E-01  1.30000E+01            178.RE 75.  63   1
 6 5  4.06997E-04  7.55623E-01  7.55623E-01  1.30000E+01            178.RE 75.  64   5
 6 6  1.14615E-04  7.56127E-01  7.56127E-01  1.30000E+01            178.RE 75.  65   6
 6 7  4.44702E-05  7.57494E-01  7.57494E-01  1.30000E+01            178.RE 75.  66   7
 6 3  1.31852E-04  7.65429E-01  7.65429E-01  1.30000E+01            178.RE 75.  67   3
 6 4  3.84774E-05  7.67700E-01  7.67700E-01  1.30000E+01            178.RE 75.  68   4
 114  3.84000E+00  7.77900E-01  7.77900E-01  0.00000E+00            178.RE 75.  69  14
 6 1  9.36987E-03  7.08211E-01  7.08211E-01  1.40000E+01            178.RE 75.  70   1
 6 5  1.19115E-03  7.65823E-01  7.65823E-01  1.40000E+01            178.RE 75.  71   5
 6 6  8.56620E-05  7.66327E-01  7.66327E-01  1.40000E+01            178.RE 75.  72   6
 6 7  7.26786E-05  7.67694E-01  7.67694E-01  1.40000E+01            178.RE 75.  73   7
 6 3  3.04314E-04  7.75629E-01  7.75629E-01  1.40000E+01            178.RE 75.  74   3
 6 4  8.93456E-05  7.77900E-01  7.77900E-01  1.40000E+01            178.RE 75.  75   4
 115  9.60000E-01  8.82800E-01  8.82800E-01  0.00000E+00            178.RE 75.  76  15
 6 1  1.83936E-03  8.13111E-01  8.13111E-01  1.50000E+01            178.RE 75.  77   1
 6 5  2.34991E-04  8.70723E-01  8.70723E-01  1.50000E+01            178.RE 75.  78   5
 6 6  1.52961E-05  8.71227E-01  8.71227E-01  1.50000E+01            178.RE 75.  79   6
 6 7  1.30071E-05  8.72594E-01  8.72594E-01  1.50000E+01            178.RE 75.  80   7
 6 3  5.92663E-05  8.80529E-01  8.80529E-01  1.50000E+01            178.RE 75.  81   3
 6 4  1.74334E-05  8.82800E-01  8.82800E-01  1.50000E+01            178.RE 75.  82   4
 116  1.92000E+00  9.32700E-01  9.32700E-01  0.00000E+00            178.RE 75.  83  16
 6 1  1.22159E-01  8.63011E-01  8.63011E-01  1.60000E+01            178.RE 75.  84   1
 6 5  1.71279E-02  9.20623E-01  9.20623E-01  1.60000E+01            178.RE 75.  85   5
 6 6  1.09351E-03  9.21127E-01  9.21127E-01  1.60000E+01            178.RE 75.  86   6
 6 7  1.36976E-04  9.22494E-01  9.22494E-01  1.60000E+01            178.RE 75.  87   7
 6 3  4.16807E-03  9.30429E-01  9.30429E-01  1.60000E+01            178.RE 75.  88   3
 6 4  1.23472E-03  9.32700E-01  9.32700E-01  1.60000E+01            178.RE 75.  89   4
 117  8.92800E+00  9.39100E-01  9.39100E-01  0.00000E+00            178.RE 75.  90  17
 6 1  1.52378E-02  8.69411E-01  8.69411E-01  1.70000E+01            178.RE 75.  91   1
 6 5  1.95098E-03  9.27023E-01  9.27023E-01  1.70000E+01            178.RE 75.  92   5
 6 6  1.20929E-04  9.27527E-01  9.27527E-01  1.70000E+01            178.RE 75.  93   6
 6 7  1.03133E-04  9.28894E-01  9.28894E-01  1.70000E+01            178.RE 75.  94   7
 6 3  4.89203E-04  9.36829E-01  9.36829E-01  1.70000E+01            178.RE 75.  95   3
 6 4  1.44022E-04  9.39100E-01  9.39100E-01  1.70000E+01            178.RE 75.  96   4
 118  3.84000E-01  9.62800E-01  9.62800E-01  0.00000E+00            178.RE 75.  97  18
 119  3.55200E+00  9.76600E-01  9.76600E-01  0.00000E+00            178.RE 75.  98  19
 6 1  8.92240E-02  9.06911E-01  9.06911E-01  1.90000E+01            178.RE 75.  99   1
 6 5  1.25074E-02  9.64523E-01  9.64523E-01  1.90000E+01            178.RE 75. 100   5
 6 6  7.86952E-04  9.65027E-01  9.65027E-01  1.90000E+01            178.RE 75. 101   6
 6 7  1.00024E-04  9.66394E-01  9.66394E-01  1.90000E+01            178.RE 75. 102   7
 6 3  3.04084E-03  9.74329E-01  9.74329E-01  1.90000E+01            178.RE 75. 103   3
 6 4  9.00787E-04  9.76600E-01  9.76600E-01  1.90000E+01            178.RE 75. 104   4
 120  5.76000E-01  1.00440E+00  1.00440E+00  0.00000E+00            178.RE 75. 105  20
 6 1  4.83715E-03  9.34711E-01  9.34711E-01  2.00000E+01            178.RE 75. 106   1
 6 5  6.77986E-04  9.92323E-01  9.92323E-01  2.00000E+01            178.RE 75. 107   5
 6 6  4.22705E-05  9.92827E-01  9.92827E-01  2.00000E+01            178.RE 75. 108   6
 6 7  5.42439E-06  9.94194E-01  9.94194E-01  2.00000E+01            178.RE 75. 109   7
 6 3  1.64738E-04  1.00213E+00  1.00213E+00  2.00000E+01            178.RE 75. 110   3
 6 4  4.88003E-05  1.00440E+00  1.00440E+00  2.00000E+01            178.RE 75. 111   4
 121  9.60000E-01  1.03750E+00  1.03750E+00  0.00000E+00            178.RE 75. 112  21
 6 1  7.43818E-03  9.67811E-01  9.67811E-01  2.10000E+01            178.RE 75. 113   1
 6 5  1.04241E-03  1.02542E+00  1.02542E+00  2.10000E+01            178.RE 75. 114   5
 6 6  6.42952E-05  1.02593E+00  1.02593E+00  2.10000E+01            178.RE 75. 115   6
 6 7  8.34803E-06  1.02729E+00  1.02729E+00  2.10000E+01            178.RE 75. 116   7
 6 3  2.53108E-04  1.03523E+00  1.03523E+00  2.10000E+01            178.RE 75. 117   3
 6 4  7.49793E-05  1.03750E+00  1.03750E+00  2.10000E+01            178.RE 75. 118   4
 122  5.76000E-01  1.10650E+00  1.10650E+00  0.00000E+00            178.RE 75. 119  22
 6 1  1.76812E-03  1.03681E+00  1.03681E+00  2.20000E+01            178.RE 75. 120   1
 6 5  2.37450E-04  1.09442E+00  1.09442E+00  2.20000E+01            178.RE 75. 121   5
 6 6  3.87133E-05  1.09493E+00  1.09493E+00  2.20000E+01            178.RE 75. 122   6
 6 7  1.37332E-05  1.09629E+00  1.09629E+00  2.20000E+01            178.RE 75. 123   7
 6 3  6.63454E-05  1.10423E+00  1.10423E+00  2.20000E+01            178.RE 75. 124   3
 6 4  1.94923E-05  1.10650E+00  1.10650E+00  2.20000E+01            178.RE 75. 125   4
 123  2.68800E+00  1.11080E+00  1.11080E+00  0.00000E+00            178.RE 75. 126  23
 6 1  8.19043E-03  1.04111E+00  1.04111E+00  2.30000E+01            178.RE 75. 127   1
 6 5  1.09992E-03  1.09872E+00  1.09872E+00  2.30000E+01            178.RE 75. 128   5
 6 6  1.78336E-04  1.09923E+00  1.09923E+00  2.30000E+01            178.RE 75. 129   6
 6 7  6.32236E-05  1.10059E+00  1.10059E+00  2.30000E+01            178.RE 75. 130   7
 6 3  3.06962E-04  1.10853E+00  1.10853E+00  2.30000E+01            178.RE 75. 131   3
 6 4  9.01903E-05  1.11080E+00  1.11080E+00  2.30000E+01            178.RE 75. 132   4
 124  3.26400E+00  1.13060E+00  1.13060E+00  0.00000E+00            178.RE 75. 133  24
 125  7.68000E-01  1.16950E+00  1.16950E+00  0.00000E+00            178.RE 75. 134  25
 6 1  2.12222E-03  1.09981E+00  1.09981E+00  2.50000E+01            178.RE 75. 135   1
 6 5  2.84916E-04  1.15742E+00  1.15742E+00  2.50000E+01            178.RE 75. 136   5
 6 6  4.29406E-05  1.15793E+00  1.15793E+00  2.50000E+01            178.RE 75. 137   6
 6 7  1.51082E-05  1.15929E+00  1.15929E+00  2.50000E+01            178.RE 75. 138   7
 6 3  7.83271E-05  1.16723E+00  1.16723E+00  2.50000E+01            178.RE 75. 139   3
 6 4  2.30308E-05  1.16950E+00  1.16950E+00  2.50000E+01            178.RE 75. 140   4
 126  7.68000E-01  1.16950E+00  1.16950E+00  0.00000E+00            178.RE 75. 141  26
 6 1  2.12222E-03  1.09981E+00  1.09981E+00  2.60000E+01            178.RE 75. 142   1
 6 5  2.84916E-04  1.15742E+00  1.15742E+00  2.60000E+01            178.RE 75. 143   5
 6 6  4.29406E-05  1.15793E+00  1.15793E+00  2.60000E+01            178.RE 75. 144   6
 6 7  1.51082E-05  1.15929E+00  1.15929E+00  2.60000E+01            178.RE 75. 145   7
 6 3  7.83271E-05  1.16723E+00  1.16723E+00  2.60000E+01            178.RE 75. 146   3
 6 4  2.30308E-05  1.16950E+00  1.16950E+00  2.60000E+01            178.RE 75. 147   4
 127  6.72000E-01  1.22990E+00  1.22990E+00  0.00000E+00            178.RE 75. 148  27
 128  1.44000E+00  1.25530E+00  1.25530E+00  0.00000E+00            178.RE 75. 149  28
 6 1  3.48331E-03  1.18561E+00  1.18561E+00  2.80000E+01            178.RE 75. 150   1
 6 5  4.67378E-04  1.24322E+00  1.24322E+00  2.80000E+01            178.RE 75. 151   5
 6 6  6.38288E-05  1.24373E+00  1.24373E+00  2.80000E+01            178.RE 75. 152   6
 6 7  2.22752E-05  1.24509E+00  1.24509E+00  2.80000E+01            178.RE 75. 153   7
 6 3  1.26116E-04  1.25303E+00  1.25303E+00  2.80000E+01            178.RE 75. 154   3
 6 4  3.71169E-05  1.25530E+00  1.25530E+00  2.80000E+01            178.RE 75. 155   4
 129  1.05600E+00  1.27560E+00  1.27560E+00  0.00000E+00            178.RE 75. 156  29
 6 1  2.47901E-03  1.20591E+00  1.20591E+00  2.90000E+01            178.RE 75. 157   1
 6 5  3.32574E-04  1.26352E+00  1.26352E+00  2.90000E+01            178.RE 75. 158   5
 6 6  4.44300E-05  1.26403E+00  1.26403E+00  2.90000E+01            178.RE 75. 159   6
 6 7  1.54826E-05  1.26539E+00  1.26539E+00  2.90000E+01            178.RE 75. 160   7
 6 3  8.93910E-05  1.27333E+00  1.27333E+00  2.90000E+01            178.RE 75. 161   3
 6 4  2.63137E-05  1.27560E+00  1.27560E+00  2.90000E+01            178.RE 75. 162   4
 130  4.80000E-01  1.28900E+00  1.28900E+00  0.00000E+00            178.RE 75. 163  30
 131  1.15200E+00  1.31150E+00  1.31150E+00  0.00000E+00            178.RE 75. 164  31
 132  4.80000E-01  1.34250E+00  1.34250E+00  0.00000E+00            178.RE 75. 165  32
 6 1  1.97400E-03  1.27281E+00  1.27281E+00  3.20000E+01            178.RE 75. 166   1
 6 5  2.76136E-04  1.33042E+00  1.33042E+00  3.20000E+01            178.RE 75. 167   5
 6 6  1.54886E-05  1.33093E+00  1.33093E+00  3.20000E+01            178.RE 75. 168   6
 6 7  2.27208E-06  1.33229E+00  1.33229E+00  3.20000E+01            178.RE 75. 169   7
 6 3  6.65980E-05  1.34023E+00  1.34023E+00  3.20000E+01            178.RE 75. 170   3
 6 4  1.97414E-05  1.34250E+00  1.34250E+00  3.20000E+01            178.RE 75. 171   4
 133  4.80000E-01  1.36100E+00  1.36100E+00  0.00000E+00            178.RE 75. 172  33
 134  3.84000E-01  1.37720E+00  1.37720E+00  0.00000E+00            178.RE 75. 173  34
 135  6.72000E-01  1.41780E+00  1.41780E+00  0.00000E+00            178.RE 75. 174  35
 136  1.05600E+00  1.45000E+00  1.45000E+00  0.00000E+00            178.RE 75. 175  36
 6 1  1.95541E-03  1.38031E+00  1.38031E+00  3.60000E+01            178.RE 75. 176   1
 6 5  2.61954E-04  1.43792E+00  1.43792E+00  3.60000E+01            178.RE 75. 177   5
 6 6  2.94856E-05  1.43843E+00  1.43843E+00  3.60000E+01            178.RE 75. 178   6
 6 7  1.02090E-05  1.43979E+00  1.43979E+00  3.60000E+01            178.RE 75. 179   7
 6 3  6.85226E-05  1.44773E+00  1.44773E+00  3.60000E+01            178.RE 75. 180   3
 6 4  2.01991E-05  1.45000E+00  1.45000E+00  3.60000E+01            178.RE 75. 181   4
 137  1.44000E+00  1.49230E+00  1.49230E+00  0.00000E+00            178.RE 75. 182  37
 6 1  2.52935E-03  1.42261E+00  1.42261E+00  3.70000E+01            178.RE 75. 183   1
 6 5  3.38722E-04  1.48022E+00  1.48022E+00  3.70000E+01            178.RE 75. 184   5
 6 6  3.67315E-05  1.48073E+00  1.48073E+00  3.70000E+01            178.RE 75. 185   6
 6 7  1.27165E-05  1.48209E+00  1.48209E+00  3.70000E+01            178.RE 75. 186   7
 6 3  8.81492E-05  1.49003E+00  1.49003E+00  3.70000E+01            178.RE 75. 187   3
 6 4  2.59917E-05  1.49230E+00  1.49230E+00  3.70000E+01            178.RE 75. 188   4
 138  5.76000E-01  1.49940E+00  1.49940E+00  0.00000E+00            178.RE 75. 189  38
 139  3.84000E-01  1.52140E+00  1.52140E+00  0.00000E+00            178.RE 75. 190  39
 6 1  1.16506E-03  1.45171E+00  1.45171E+00  3.90000E+01            178.RE 75. 191   1
 6 5  1.62876E-04  1.50932E+00  1.50932E+00  3.90000E+01            178.RE 75. 192   5
 6 6  8.66458E-06  1.50983E+00  1.50983E+00  3.90000E+01            178.RE 75. 193   6
 6 7  1.37781E-06  1.51119E+00  1.51119E+00  3.90000E+01            178.RE 75. 194   7
 6 3  3.91139E-05  1.51913E+00  1.51913E+00  3.90000E+01            178.RE 75. 195   3
 6 4  1.16040E-05  1.52140E+00  1.52140E+00  3.90000E+01            178.RE 75. 196   4
 140  4.80000E-01  1.58000E+00  1.58000E+00  0.00000E+00            178.RE 75. 197  40
 141  1.24800E+00  1.59840E+00  1.59840E+00  0.00000E+00            178.RE 75. 198  41
 142  6.72000E-01  1.60850E+00  1.60850E+00  0.00000E+00            178.RE 75. 199  42
 143  2.88000E-01  1.70820E+00  1.70820E+00  0.00000E+00            178.RE 75. 200  43
 144  4.80000E-01  1.74460E+00  1.74460E+00  0.00000E+00            178.RE 75. 201  44
 145  6.72000E-01  1.75820E+00  1.75820E+00  0.00000E+00            178.RE 75. 202  45
 6 1  8.75422E-04  1.68851E+00  1.68851E+00  4.50000E+01            178.RE 75. 203   1
 6 5  1.17002E-04  1.74612E+00  1.74612E+00  4.50000E+01            178.RE 75. 204   5
 6 6  1.03503E-05  1.74663E+00  1.74663E+00  4.50000E+01            178.RE 75. 205   6
 6 7  3.61761E-06  1.74799E+00  1.74799E+00  4.50000E+01            178.RE 75. 206   7
 6 3  2.97572E-05  1.75593E+00  1.75593E+00  4.50000E+01            178.RE 75. 207   3
 6 4  8.78530E-06  1.75820E+00  1.75820E+00  4.50000E+01            178.RE 75. 208   4
 146  1.92000E-01  1.79560E+00  1.79560E+00  0.00000E+00            178.RE 75. 209  46
 147  6.72000E-01  1.83390E+00  1.83390E+00  0.00000E+00            178.RE 75. 210  47
 148  1.92000E-01  1.83600E+00  1.83600E+00  0.00000E+00            178.RE 75. 211  48
 149  4.80000E-01  1.89330E+00  1.89330E+00  0.00000E+00            178.RE 75. 212  49
 150  3.84000E-01  1.92470E+00  1.92470E+00  0.00000E+00            178.RE 75. 213  50
 151  2.88000E-01  2.01630E+00  2.01630E+00  0.00000E+00            178.RE 75. 214  51
 152  2.88000E-01  2.03650E+00  2.03650E+00  0.00000E+00            178.RE 75. 215  52
 6 1  2.86450E-04  1.96681E+00  1.96681E+00  5.20000E+01            178.RE 75. 216   1
 6 5  3.83744E-05  2.02442E+00  2.02442E+00  5.20000E+01            178.RE 75. 217   5
 6 6  2.86872E-06  2.02493E+00  2.02493E+00  5.20000E+01            178.RE 75. 218   6
 6 7  1.02719E-06  2.02629E+00  2.02629E+00  5.20000E+01            178.RE 75. 219   7
 6 3  9.64596E-06  2.03423E+00  2.03423E+00  5.20000E+01            178.RE 75. 220   3
 6 4  2.84983E-06  2.03650E+00  2.03650E+00  5.20000E+01            178.RE 75. 221   4
 153  3.84000E-01  2.05300E+00  2.05300E+00  0.00000E+00            178.RE 75. 222  53
 154  5.76000E-01  2.13310E+00  2.13310E+00  0.00000E+00            178.RE 75. 223  54
 155  1.92000E-01  2.24780E+00  2.24780E+00  0.00000E+00            178.RE 75. 224  55
 6 1  7.41788E-05  2.17811E+00  2.17811E+00  5.50000E+01            178.RE 75. 225   1
 6 5  9.48333E-06  2.23572E+00  2.23572E+00  5.50000E+01            178.RE 75. 226   5
 6 6  3.05054E-07  2.23623E+00  2.23623E+00  5.50000E+01            178.RE 75. 227   6
 6 7  3.24677E-07  2.23759E+00  2.23759E+00  5.50000E+01            178.RE 75. 228   7
 6 3  2.30278E-06  2.24553E+00  2.24553E+00  5.50000E+01            178.RE 75. 229   3
 6 4  6.67569E-07  2.24780E+00  2.24780E+00  5.50000E+01            178.RE 75. 230   4
 156  1.92000E-01  2.26370E+00  2.26370E+00  0.00000E+00            178.RE 75. 231  56
 157  2.88000E-01  2.28700E+00  2.28700E+00  0.00000E+00            178.RE 75. 232  57
 6 1  7.39857E-04  2.21731E+00  2.21731E+00  5.70000E+01            178.RE 75. 233   1
 6 5  9.74729E-05  2.27492E+00  2.27492E+00  5.70000E+01            178.RE 75. 234   5
 6 6  6.31005E-06  2.27543E+00  2.27543E+00  5.70000E+01            178.RE 75. 235   6
 6 7  5.83524E-07  2.27679E+00  2.27679E+00  5.70000E+01            178.RE 75. 236   7
 6 3  2.37998E-05  2.28473E+00  2.28473E+00  5.70000E+01            178.RE 75. 237   3
 6 4  7.07671E-06  2.28700E+00  2.28700E+00  5.70000E+01            178.RE 75. 238   4
 158  2.88000E-01  2.28700E+00  2.28700E+00  0.00000E+00            178.RE 75. 239  58
 6 1  3.28386E-04  2.21731E+00  2.21731E+00  5.80000E+01            178.RE 75. 240   1
 6 5  4.48077E-05  2.27492E+00  2.27492E+00  5.80000E+01            178.RE 75. 241   5
 6 6  2.04376E-06  2.27543E+00  2.27543E+00  5.80000E+01            178.RE 75. 242   6
 6 7  3.98702E-07  2.27679E+00  2.27679E+00  5.80000E+01            178.RE 75. 243   7
 6 3  1.06542E-05  2.28473E+00  2.28473E+00  5.80000E+01            178.RE 75. 244   3
 6 4  3.16469E-06  2.28700E+00  2.28700E+00  5.80000E+01            178.RE 75. 245   4
 159  1.92000E-01  2.30660E+00  2.30660E+00  0.00000E+00            178.RE 75. 246  59
 160  3.84000E-01  2.31210E+00  2.31210E+00  0.00000E+00            178.RE 75. 247  60
 161  1.92000E-01  2.32460E+00  2.32460E+00  0.00000E+00            178.RE 75. 248  61
 6 1  1.50464E-04  2.25491E+00  2.25491E+00  6.10000E+01            178.RE 75. 249   1
 6 5  1.95627E-05  2.31252E+00  2.31252E+00  6.10000E+01            178.RE 75. 250   5
 6 6  1.14922E-06  2.31303E+00  2.31303E+00  6.10000E+01            178.RE 75. 251   6
 6 7  3.79708E-07  2.31439E+00  2.31439E+00  6.10000E+01            178.RE 75. 252   7
 6 3  4.74583E-06  2.32233E+00  2.32233E+00  6.10000E+01            178.RE 75. 253   3
 6 4  1.40418E-06  2.32460E+00  2.32460E+00  6.10000E+01            178.RE 75. 254   4
 162  1.92000E-01  2.32460E+00  2.32460E+00  0.00000E+00            178.RE 75. 255  62
 6 1  7.03508E-05  2.25491E+00  2.25491E+00  6.20000E+01            178.RE 75. 256   1
 6 5  8.62721E-06  2.31252E+00  2.31252E+00  6.20000E+01            178.RE 75. 257   5
 6 6  2.63579E-07  2.31303E+00  2.31303E+00  6.20000E+01            178.RE 75. 258   6
 6 7  2.59283E-07  2.31439E+00  2.31439E+00  6.20000E+01            178.RE 75. 259   7
 6 3  2.05750E-06  2.32233E+00  2.32233E+00  6.20000E+01            178.RE 75. 260   3
 6 4  6.05687E-07  2.32460E+00  2.32460E+00  6.20000E+01            178.RE 75. 261   4
 163  2.01600E-01  2.45590E+00  2.45590E+00  0.00000E+00            178.RE 75. 262  63
 164  1.92000E-01  2.46800E+00  2.46800E+00  0.00000E+00            178.RE 75. 263  64
 6 1  1.35172E-04  2.39831E+00  2.39831E+00  6.40000E+01            178.RE 75. 264   1
 6 5  1.74720E-05  2.45592E+00  2.45592E+00  6.40000E+01            178.RE 75. 265   5
 6 6  9.44789E-07  2.45643E+00  2.45643E+00  6.40000E+01            178.RE 75. 266   6
 6 7  3.10175E-07  2.45779E+00  2.45779E+00  6.40000E+01            178.RE 75. 267   7
 6 3  4.20957E-06  2.46573E+00  2.46573E+00  6.40000E+01            178.RE 75. 268   3
 6 4  1.24591E-06  2.46800E+00  2.46800E+00  6.40000E+01            178.RE 75. 269   4
 165  8.64000E-01  2.95760E+00  2.95760E+00  0.00000E+00            178.RE 75. 270  65
 6 1  4.40936E-04  2.88791E+00  2.88791E+00  6.50000E+01            178.RE 75. 271   1
 6 5  5.58676E-05  2.94552E+00  2.94552E+00  6.50000E+01            178.RE 75. 272   5
 6 6  2.35161E-06  2.94603E+00  2.94603E+00  6.50000E+01            178.RE 75. 273   6
 6 7  7.57272E-07  2.94739E+00  2.94739E+00  6.50000E+01            178.RE 75. 274   7
 6 3  1.32213E-05  2.95533E+00  2.95533E+00  6.50000E+01            178.RE 75. 275   3
 6 4  3.91628E-06  2.95760E+00  2.95760E+00  6.50000E+01            178.RE 75. 276   4
 166  6.72000E-01  2.99760E+00  2.99760E+00  0.00000E+00            178.RE 75. 277  66
 167  1.44000E-01  3.01180E+00  3.01180E+00  0.00000E+00            178.RE 75. 278  67
 6 1  7.11677E-05  2.94211E+00  2.94211E+00  6.70000E+01            178.RE 75. 279   1
 6 5  8.99742E-06  2.99972E+00  2.99972E+00  6.70000E+01            178.RE 75. 280   5
 6 6  3.69324E-07  3.00023E+00  3.00023E+00  6.70000E+01            178.RE 75. 281   6
 6 7  1.18700E-07  3.00159E+00  3.00159E+00  6.70000E+01            178.RE 75. 282   7
 6 3  2.12592E-06  3.00953E+00  3.00953E+00  6.70000E+01            178.RE 75. 283   3
 6 4  6.29759E-07  3.01180E+00  3.01180E+00  6.70000E+01            178.RE 75. 284   4
 168  4.32000E-01  3.02500E+00  3.02500E+00  0.00000E+00            178.RE 75. 285  68
 6 1  2.11860E-04  2.95531E+00  2.95531E+00  6.80000E+01            178.RE 75. 286   1
 6 5  2.67703E-05  3.01292E+00  3.01292E+00  6.80000E+01            178.RE 75. 287   5
 6 6  1.09223E-06  3.01343E+00  3.01343E+00  6.80000E+01            178.RE 75. 288   6
 6 7  3.50878E-07  3.01479E+00  3.01479E+00  6.80000E+01            178.RE 75. 289   7
 6 3  6.32292E-06  3.02273E+00  3.02273E+00  6.80000E+01            178.RE 75. 290   3
 6 4  1.87307E-06  3.02500E+00  3.02500E+00  6.80000E+01            178.RE 75. 291   4
 169  2.88000E-01  3.11230E+00  3.11230E+00  0.00000E+00            178.RE 75. 292  69
 6 1  1.34322E-04  3.04261E+00  3.04261E+00  6.90000E+01            178.RE 75. 293   1
 6 5  1.69134E-05  3.10022E+00  3.10022E+00  6.90000E+01            178.RE 75. 294   5
 6 6  6.63422E-07  3.10073E+00  3.10073E+00  6.90000E+01            178.RE 75. 295   6
 6 7  2.12478E-07  3.10209E+00  3.10209E+00  6.90000E+01            178.RE 75. 296   7
 6 3  3.98527E-06  3.11003E+00  3.11003E+00  6.90000E+01            178.RE 75. 297   3
 6 4  1.18069E-06  3.11230E+00  3.11230E+00  6.90000E+01            178.RE 75. 298   4
 170  2.88000E-01  3.11630E+00  3.11630E+00  0.00000E+00            178.RE 75. 299  70
 6 1  1.34018E-04  3.04661E+00  3.04661E+00  7.00000E+01            178.RE 75. 300   1
 6 5  1.68725E-05  3.10422E+00  3.10422E+00  7.00000E+01            178.RE 75. 301   5
 6 6  6.60639E-07  3.10473E+00  3.10473E+00  7.00000E+01            178.RE 75. 302   6
 6 7  2.11557E-07  3.10609E+00  3.10609E+00  7.00000E+01            178.RE 75. 303   7
 6 3  3.97519E-06  3.11403E+00  3.11403E+00  7.00000E+01            178.RE 75. 304   3
 6 4  1.17771E-06  3.11630E+00  3.11630E+00  7.00000E+01            178.RE 75. 305   4
 171  2.88000E-01  3.13360E+00  3.13360E+00  0.00000E+00            178.RE 75. 306  71
 172  5.76000E-01  3.15680E+00  3.15680E+00  0.00000E+00            178.RE 75. 307  72
 6 1  2.62003E-04  3.08711E+00  3.08711E+00  7.20000E+01            178.RE 75. 308   1
 6 5  3.29322E-05  3.14472E+00  3.14472E+00  7.20000E+01            178.RE 75. 309   5
 6 6  1.26662E-06  3.14523E+00  3.14523E+00  7.20000E+01            178.RE 75. 310   6
 6 7  4.05052E-07  3.14659E+00  3.14659E+00  7.20000E+01            178.RE 75. 311   7
 6 3  7.75071E-06  3.15453E+00  3.15453E+00  7.20000E+01            178.RE 75. 312   3
 6 4  2.29637E-06  3.15680E+00  3.15680E+00  7.20000E+01            178.RE 75. 313   4
 173  4.80000E-01  3.16400E+00  3.16400E+00  0.00000E+00            178.RE 75. 314  73
 174  8.64000E-01  3.16860E+00  3.16860E+00  0.00000E+00            178.RE 75. 315  74
 6 1  3.90428E-04  3.09891E+00  3.09891E+00  7.40000E+01            178.RE 75. 316   1
 6 5  4.90515E-05  3.15652E+00  3.15652E+00  7.40000E+01            178.RE 75. 317   5
 6 6  1.87686E-06  3.15703E+00  3.15703E+00  7.40000E+01            178.RE 75. 318   6
 6 7  5.99965E-07  3.15839E+00  3.15839E+00  7.40000E+01            178.RE 75. 319   7
 6 3  1.15409E-05  3.16633E+00  3.16633E+00  7.40000E+01            178.RE 75. 320   3
 6 4  3.41939E-06  3.16860E+00  3.16860E+00  7.40000E+01            178.RE 75. 321   4
 175  3.16800E-01  3.17220E+00  3.17220E+00  0.00000E+00            178.RE 75. 322  75
 6 1  1.42871E-04  3.10251E+00  3.10251E+00  7.50000E+01            178.RE 75. 323   1
 6 5  1.79470E-05  3.16012E+00  3.16012E+00  7.50000E+01            178.RE 75. 324   5
 6 6  6.85633E-07  3.16063E+00  3.16063E+00  7.50000E+01            178.RE 75. 325   6
 6 7  2.19145E-07  3.16199E+00  3.16199E+00  7.50000E+01            178.RE 75. 326   7
 6 3  4.22224E-06  3.16993E+00  3.16993E+00  7.50000E+01            178.RE 75. 327   3
 6 4  1.25098E-06  3.17220E+00  3.17220E+00  7.50000E+01            178.RE 75. 328   4
 176  2.59200E-01  3.18200E+00  3.18200E+00  0.00000E+00            178.RE 75. 329  76
 177  5.18400E-01  3.18810E+00  3.18810E+00  0.00000E+00            178.RE 75. 330  77
 178  2.59200E-01  3.19600E+00  3.19600E+00  0.00000E+00            178.RE 75. 331  78
 6 1  1.15365E-04  3.12631E+00  3.12631E+00  7.80000E+01            178.RE 75. 332   1
 6 5  1.44782E-05  3.18392E+00  3.18392E+00  7.80000E+01            178.RE 75. 333   5
 6 6  5.47417E-07  3.18443E+00  3.18443E+00  7.80000E+01            178.RE 75. 334   6
 6 7  1.74829E-07  3.18579E+00  3.18579E+00  7.80000E+01            178.RE 75. 335   7
 6 3  3.40410E-06  3.19373E+00  3.19373E+00  7.80000E+01            178.RE 75. 336   3
 6 4  1.00861E-06  3.19600E+00  3.19600E+00  7.80000E+01            178.RE 75. 337   4
 179  7.00800E-01  3.20850E+00  3.20850E+00  0.00000E+00            178.RE 75. 338  79
 6 1  3.09777E-04  3.13881E+00  3.13881E+00  7.90000E+01            178.RE 75. 339   1
 6 5  3.88572E-05  3.19642E+00  3.19642E+00  7.90000E+01            178.RE 75. 340   5
 6 6  1.46127E-06  3.19693E+00  3.19693E+00  7.90000E+01            178.RE 75. 341   6
 6 7  4.66491E-07  3.19829E+00  3.19829E+00  7.90000E+01            178.RE 75. 342   7
 6 3  9.13326E-06  3.20623E+00  3.20623E+00  7.90000E+01            178.RE 75. 343   3
 6 4  2.70614E-06  3.20850E+00  3.20850E+00  7.90000E+01            178.RE 75. 344   4
 180  2.59200E-01  3.21720E+00  3.21720E+00  0.00000E+00            178.RE 75. 345  80
 181  2.01600E-01  3.23250E+00  3.23250E+00  0.00000E+00            178.RE 75. 346  81
 182  2.97600E-01  3.23760E+00  3.23760E+00  0.00000E+00            178.RE 75. 347  82
 6 1  1.29474E-04  3.16791E+00  3.16791E+00  8.20000E+01            178.RE 75. 348   1
 6 5  1.62221E-05  3.22552E+00  3.22552E+00  8.20000E+01            178.RE 75. 349   5
 6 6  6.02474E-07  3.22603E+00  3.22603E+00  8.20000E+01            178.RE 75. 350   6
 6 7  1.92147E-07  3.22739E+00  3.22739E+00  8.20000E+01            178.RE 75. 351   7
 6 3  3.81023E-06  3.23533E+00  3.23533E+00  8.20000E+01            178.RE 75. 352   3
 6 4  1.12899E-06  3.23760E+00  3.23760E+00  8.20000E+01            178.RE 75. 353   4
 183  2.68800E-01  3.24290E+00  3.24290E+00  0.00000E+00            178.RE 75. 354  83
 6 1  1.16608E-04  3.17321E+00  3.17321E+00  8.30000E+01            178.RE 75. 355   1
 6 5  1.46070E-05  3.23082E+00  3.23082E+00  8.30000E+01            178.RE 75. 356   5
 6 6  5.41264E-07  3.23133E+00  3.23133E+00  8.30000E+01            178.RE 75. 357   6
 6 7  1.72595E-07  3.23269E+00  3.23269E+00  8.30000E+01            178.RE 75. 358   7
 6 3  3.43044E-06  3.24063E+00  3.24063E+00  8.30000E+01            178.RE 75. 359   3
 6 4  1.01646E-06  3.24290E+00  3.24290E+00  8.30000E+01            178.RE 75. 360   4
 184  1.72800E-01  3.24750E+00  3.24750E+00  0.00000E+00            178.RE 75. 361  84
 185  3.93600E-01  3.25160E+00  3.25160E+00  0.00000E+00            178.RE 75. 362  85
 6 1  1.69945E-04  3.18191E+00  3.18191E+00  8.50000E+01            178.RE 75. 363   1
 6 5  2.12809E-05  3.23952E+00  3.23952E+00  8.50000E+01            178.RE 75. 364   5
 6 6  7.85648E-07  3.24003E+00  3.24003E+00  8.50000E+01            178.RE 75. 365   6
 6 7  2.50451E-07  3.24139E+00  3.24139E+00  8.50000E+01            178.RE 75. 366   7
 6 3  4.99675E-06  3.24933E+00  3.24933E+00  8.50000E+01            178.RE 75. 367   3
 6 4  1.48058E-06  3.25160E+00  3.25160E+00  8.50000E+01            178.RE 75. 368   4
 186  3.45600E-01  3.25420E+00  3.25420E+00  0.00000E+00            178.RE 75. 369  86
 187  3.45600E-01  3.25750E+00  3.25750E+00  0.00000E+00            178.RE 75. 370  87
 188  3.93600E-01  3.26360E+00  3.26360E+00  0.00000E+00            178.RE 75. 371  88
 6 1  1.95543E-04  3.19391E+00  3.19391E+00  8.80000E+01            178.RE 75. 372   1
 6 5  2.55390E-05  3.25152E+00  3.25152E+00  8.80000E+01            178.RE 75. 373   5
 6 6  1.01780E-06  3.25203E+00  3.25203E+00  8.80000E+01            178.RE 75. 374   6
 6 7  2.37882E-07  3.25339E+00  3.25339E+00  8.80000E+01            178.RE 75. 375   7
 6 3  6.02486E-06  3.26133E+00  3.26133E+00  8.80000E+01            178.RE 75. 376   3
 6 4  1.79154E-06  3.26360E+00  3.26360E+00  8.80000E+01            178.RE 75. 377   4
 189  3.74400E-01  3.27740E+00  3.27740E+00  0.00000E+00            178.RE 75. 378  89
 6 1  1.59422E-04  3.20771E+00  3.20771E+00  8.90000E+01            178.RE 75. 379   1
 6 5  1.99430E-05  3.26532E+00  3.26532E+00  8.90000E+01            178.RE 75. 380   5
 6 6  7.28245E-07  3.26583E+00  3.26583E+00  8.90000E+01            178.RE 75. 381   6
 6 7  2.31956E-07  3.26719E+00  3.26719E+00  8.90000E+01            178.RE 75. 382   7
 6 3  4.67973E-06  3.27513E+00  3.27513E+00  8.90000E+01            178.RE 75. 383   3
 6 4  1.38668E-06  3.27740E+00  3.27740E+00  8.90000E+01            178.RE 75. 384   4
 190  2.20800E-01  3.29160E+00  3.29160E+00  0.00000E+00            178.RE 75. 385  90
 6 1  9.33062E-05  3.22191E+00  3.22191E+00  9.00000E+01            178.RE 75. 386   1
 6 5  1.16657E-05  3.27952E+00  3.27952E+00  9.00000E+01            178.RE 75. 387   5
 6 6  4.23445E-07  3.28003E+00  3.28003E+00  9.00000E+01            178.RE 75. 388   6
 6 7  1.34811E-07  3.28139E+00  3.28139E+00  9.00000E+01            178.RE 75. 389   7
 6 3  2.73649E-06  3.28933E+00  3.28933E+00  9.00000E+01            178.RE 75. 390   3
 6 4  8.10878E-07  3.29160E+00  3.29160E+00  9.00000E+01            178.RE 75. 391   4
 191  1.92000E-01  3.36360E+00  3.36360E+00  0.00000E+00            178.RE 75. 392  91
 6 1  7.81078E-05  3.29391E+00  3.29391E+00  9.10000E+01            178.RE 75. 393   1
 6 5  9.73795E-06  3.35152E+00  3.35152E+00  9.10000E+01            178.RE 75. 394   5
 6 6  3.43042E-07  3.35203E+00  3.35203E+00  9.10000E+01            178.RE 75. 395   6
 6 7  1.08962E-07  3.35339E+00  3.35339E+00  9.10000E+01            178.RE 75. 396   7
 6 3  2.28055E-06  3.36133E+00  3.36133E+00  9.10000E+01            178.RE 75. 397   3
 6 4  6.75818E-07  3.36360E+00  3.36360E+00  9.10000E+01            178.RE 75. 398   4
 192  1.53600E-01  3.36950E+00  3.36950E+00  0.00000E+00            178.RE 75. 399  92
 6 1  6.22942E-05  3.29981E+00  3.29981E+00  9.20000E+01            178.RE 75. 400   1
 6 5  7.76463E-06  3.35742E+00  3.35742E+00  9.20000E+01            178.RE 75. 401   5
 6 6  2.72865E-07  3.35793E+00  3.35793E+00  9.20000E+01            178.RE 75. 402   6
 6 7  8.66548E-08  3.35929E+00  3.35929E+00  9.20000E+01            178.RE 75. 403   7
 6 3  1.81818E-06  3.36723E+00  3.36723E+00  9.20000E+01            178.RE 75. 404   3
 6 4  5.38801E-07  3.36950E+00  3.36950E+00  9.20000E+01            178.RE 75. 405   4
 193  9.60000E-02  3.37600E+00  3.37600E+00  0.00000E+00            178.RE 75. 406  93
 194  1.24800E-01  3.38330E+00  3.38330E+00  0.00000E+00            178.RE 75. 407  94
 6 1  5.02520E-05  3.31361E+00  3.31361E+00  9.40000E+01            178.RE 75. 408   1
 6 5  6.26026E-06  3.37122E+00  3.37122E+00  9.40000E+01            178.RE 75. 409   5
 6 6  2.18757E-07  3.37173E+00  3.37173E+00  9.40000E+01            178.RE 75. 410   6
 6 7  6.94413E-08  3.37309E+00  3.37309E+00  9.40000E+01            178.RE 75. 411   7
 6 3  1.46546E-06  3.38103E+00  3.38103E+00  9.40000E+01            178.RE 75. 412   3
 6 4  4.34284E-07  3.38330E+00  3.38330E+00  9.40000E+01            178.RE 75. 413   4
 195  1.72800E-01  3.39290E+00  3.39290E+00  0.00000E+00            178.RE 75. 414  95
 6 1  6.92343E-05  3.32321E+00  3.32321E+00  9.50000E+01            178.RE 75. 415   1
 6 5  8.62181E-06  3.38082E+00  3.38082E+00  9.50000E+01            178.RE 75. 416   5
 6 6  3.00100E-07  3.38133E+00  3.38133E+00  9.50000E+01            178.RE 75. 417   6
 6 7  9.52333E-08  3.38269E+00  3.38269E+00  9.50000E+01            178.RE 75. 418   7
 6 3  2.01785E-06  3.39063E+00  3.39063E+00  9.50000E+01            178.RE 75. 419   3
 6 4  5.97987E-07  3.39290E+00  3.39290E+00  9.50000E+01            178.RE 75. 420   4
 196  3.26400E-01  3.39940E+00  3.39940E+00  0.00000E+00            178.RE 75. 421  96
 6 1  1.30337E-04  3.32971E+00  3.32971E+00  9.60000E+01            178.RE 75. 422   1
 6 5  1.62269E-05  3.38732E+00  3.38732E+00  9.60000E+01            178.RE 75. 423   5
 6 6  5.63315E-07  3.38783E+00  3.38783E+00  9.60000E+01            178.RE 75. 424   6
 6 7  1.78726E-07  3.38919E+00  3.38919E+00  9.60000E+01            178.RE 75. 425   7
 6 3  3.79721E-06  3.39713E+00  3.39713E+00  9.60000E+01            178.RE 75. 426   3
 6 4  1.12530E-06  3.39940E+00  3.39940E+00  9.60000E+01            178.RE 75. 427   4
 197  4.60800E-01  3.40610E+00  3.40610E+00  0.00000E+00            178.RE 75. 428  97
 6 1  2.07525E-04  3.33641E+00  3.33641E+00  9.70000E+01            178.RE 75. 429   1
 6 5  2.69162E-05  3.39402E+00  3.39402E+00  9.70000E+01            178.RE 75. 430   5
 6 6  1.05543E-06  3.39453E+00  3.39453E+00  9.70000E+01            178.RE 75. 431   6
 6 7  2.52092E-07  3.39589E+00  3.39589E+00  9.70000E+01            178.RE 75. 432   7
 6 3  6.34406E-06  3.40383E+00  3.40383E+00  9.70000E+01            178.RE 75. 433   3
 6 4  1.88669E-06  3.40610E+00  3.40610E+00  9.70000E+01            178.RE 75. 434   4
 198  1.72800E-01  3.40900E+00  3.40900E+00  0.00000E+00            178.RE 75. 435  98
 6 1  6.86612E-05  3.33931E+00  3.33931E+00  9.80000E+01            178.RE 75. 436   1
 6 5  8.54509E-06  3.39692E+00  3.39692E+00  9.80000E+01            178.RE 75. 437   5
 6 6  2.95486E-07  3.39743E+00  3.39743E+00  9.80000E+01            178.RE 75. 438   6
 6 7  9.37221E-08  3.39879E+00  3.39879E+00  9.80000E+01            178.RE 75. 439   7
 6 3  1.99920E-06  3.40673E+00  3.40673E+00  9.80000E+01            178.RE 75. 440   3
 6 4  5.92467E-07  3.40900E+00  3.40900E+00  9.80000E+01            178.RE 75. 441   4
 199  5.66400E-01  3.41720E+00  3.41720E+00  0.00000E+00            178.RE 75. 442  99
 1 0  2.68800E-01  3.42810E+00  3.42810E+00  0.00000E+00            178.RE 75. 443 100
 1 1  5.95200E-01  3.43140E+00  3.43140E+00  0.00000E+00            178.RE 75. 444 101
 1 2  2.97600E-01  3.44120E+00  3.44120E+00  0.00000E+00            178.RE 75. 445 102
 1 3  9.02400E-01  3.44520E+00  3.44520E+00  0.00000E+00            178.RE 75. 446 103
 6 1  3.51978E-04  3.37551E+00  3.37551E+00  1.03000E+02            178.RE 75. 447   1
 6 5  4.37432E-05  3.43312E+00  3.43312E+00  1.03000E+02            178.RE 75. 448   5
 6 6  1.49067E-06  3.43363E+00  3.43363E+00  1.03000E+02            178.RE 75. 449   6
 6 7  4.72277E-07  3.43499E+00  3.43499E+00  1.03000E+02            178.RE 75. 450   7
 6 3  1.02262E-05  3.44293E+00  3.44293E+00  1.03000E+02            178.RE 75. 451   3
 6 4  3.03065E-06  3.44520E+00  3.44520E+00  1.03000E+02            178.RE 75. 452   4
 1 4  8.64000E-02  3.46490E+00  3.46490E+00  0.00000E+00            178.RE 75. 453 104
 6 1  3.33645E-05  3.39521E+00  3.39521E+00  1.04000E+02            178.RE 75. 454   1
 6 5  4.14333E-06  3.45282E+00  3.45282E+00  1.04000E+02            178.RE 75. 455   5
 6 6  1.40085E-07  3.45333E+00  3.45333E+00  1.04000E+02            178.RE 75. 456   6
 6 7  4.43551E-08  3.45469E+00  3.45469E+00  1.04000E+02            178.RE 75. 457   7
 6 3  9.68220E-07  3.46263E+00  3.46263E+00  1.04000E+02            178.RE 75. 458   3
 6 4  2.86948E-07  3.46490E+00  3.46490E+00  1.04000E+02            178.RE 75. 459   4
 1 5  8.64000E-02  3.46770E+00  3.46770E+00  0.00000E+00            178.RE 75. 460 105
 6 1  3.33173E-05  3.39801E+00  3.39801E+00  1.05000E+02            178.RE 75. 461   1
 6 5  4.13701E-06  3.45562E+00  3.45562E+00  1.05000E+02            178.RE 75. 462   5
 6 6  1.39716E-07  3.45613E+00  3.45613E+00  1.05000E+02            178.RE 75. 463   6
 6 7  4.42342E-08  3.45749E+00  3.45749E+00  1.05000E+02            178.RE 75. 464   7
 6 3  9.66688E-07  3.46543E+00  3.46543E+00  1.05000E+02            178.RE 75. 465   3
 6 4  2.86494E-07  3.46770E+00  3.46770E+00  1.05000E+02            178.RE 75. 466   4
 1 6  9.60000E-02  3.47400E+00  3.47400E+00  0.00000E+00            178.RE 75. 467 106
 6 1  3.69016E-05  3.40431E+00  3.40431E+00  1.06000E+02            178.RE 75. 468   1
 6 5  4.58096E-06  3.46192E+00  3.46192E+00  1.06000E+02            178.RE 75. 469   5
 6 6  1.54320E-07  3.46243E+00  3.46243E+00  1.06000E+02            178.RE 75. 470   6
 6 7  4.88487E-08  3.46379E+00  3.46379E+00  1.06000E+02            178.RE 75. 471   7
 6 3  1.07028E-06  3.47173E+00  3.47173E+00  1.06000E+02            178.RE 75. 472   3
 6 4  3.17198E-07  3.47400E+00  3.47400E+00  1.06000E+02            178.RE 75. 473   4
 1 7  9.60000E-02  3.47930E+00  3.47930E+00  0.00000E+00            178.RE 75. 474 107
 6 1  3.68030E-05  3.40961E+00  3.40961E+00  1.07000E+02            178.RE 75. 475   1
 6 5  4.56779E-06  3.46722E+00  3.46722E+00  1.07000E+02            178.RE 75. 476   5
 6 6  1.53552E-07  3.46773E+00  3.46773E+00  1.07000E+02            178.RE 75. 477   6
 6 7  4.85976E-08  3.46909E+00  3.46909E+00  1.07000E+02            178.RE 75. 478   7
 6 3  1.06709E-06  3.47703E+00  3.47703E+00  1.07000E+02            178.RE 75. 479   3
 6 4  3.16253E-07  3.47930E+00  3.47930E+00  1.07000E+02            178.RE 75. 480   4
 1 8  7.68000E-02  3.48990E+00  3.48990E+00  0.00000E+00            178.RE 75. 481 108
 6 1  2.92858E-05  3.42021E+00  3.42021E+00  1.08000E+02            178.RE 75. 482   1
 6 5  3.63330E-06  3.47782E+00  3.47782E+00  1.08000E+02            178.RE 75. 483   5
 6 6  1.21625E-07  3.47833E+00  3.47833E+00  1.08000E+02            178.RE 75. 484   6
 6 7  3.84806E-08  3.47969E+00  3.47969E+00  1.08000E+02            178.RE 75. 485   7
 6 3  8.48599E-07  3.48763E+00  3.48763E+00  1.08000E+02            178.RE 75. 486   3
 6 4  2.51501E-07  3.48990E+00  3.48990E+00  1.08000E+02            178.RE 75. 487   4
 1 9  3.84000E-02  3.50670E+00  3.50670E+00  0.00000E+00            178.RE 75. 488 109
 6 1  1.45201E-05  3.43701E+00  3.43701E+00  1.09000E+02            178.RE 75. 489   1
 6 5  1.80025E-06  3.49462E+00  3.49462E+00  1.09000E+02            178.RE 75. 490   5
 6 6  5.98645E-08  3.49513E+00  3.49513E+00  1.09000E+02            178.RE 75. 491   6
 6 7  1.89306E-08  3.49649E+00  3.49649E+00  1.09000E+02            178.RE 75. 492   7
 6 3  4.20325E-07  3.50443E+00  3.50443E+00  1.09000E+02            178.RE 75. 493   3
 6 4  1.24575E-07  3.50670E+00  3.50670E+00  1.09000E+02            178.RE 75. 494   4
 110  9.60000E-02  3.51200E+00  3.51200E+00  0.00000E+00            178.RE 75. 495 110
 6 1  3.62042E-05  3.44231E+00  3.44231E+00  1.10000E+02            178.RE 75. 496   1
 6 5  4.48781E-06  3.49992E+00  3.49992E+00  1.10000E+02            178.RE 75. 497   5
 6 6  1.48923E-07  3.50043E+00  3.50043E+00  1.10000E+02            178.RE 75. 498   6
 6 7  4.70855E-08  3.50179E+00  3.50179E+00  1.10000E+02            178.RE 75. 499   7
 6 3  1.04771E-06  3.50973E+00  3.50973E+00  1.10000E+02            178.RE 75. 500   3
 6 4  3.10518E-07  3.51200E+00  3.51200E+00  1.10000E+02            178.RE 75. 501   4
 111  9.60000E-02  3.52570E+00  3.52570E+00  0.00000E+00            178.RE 75. 502 111
 112  2.01600E-01  3.52870E+00  3.52870E+00  0.00000E+00            178.RE 75. 503 112
 6 1  7.53994E-05  3.45901E+00  3.45901E+00  1.12000E+02            178.RE 75. 504   1
 6 5  9.34038E-06  3.51662E+00  3.51662E+00  1.12000E+02            178.RE 75. 505   5
 6 6  3.07922E-07  3.51713E+00  3.51713E+00  1.12000E+02            178.RE 75. 506   6
 6 7  9.73073E-08  3.51849E+00  3.51849E+00  1.12000E+02            178.RE 75. 507   7
 6 3  2.17984E-06  3.52643E+00  3.52643E+00  1.12000E+02            178.RE 75. 508   3
 6 4  6.46064E-07  3.52870E+00  3.52870E+00  1.12000E+02            178.RE 75. 509   4
 113  4.80000E-02  3.54420E+00  3.54420E+00  0.00000E+00            178.RE 75. 510 113
 114  5.76000E-02  3.55900E+00  3.55900E+00  0.00000E+00            178.RE 75. 511 114
 2 1  2.11326E+01  5.81161E-02  5.81161E-02  0.00000E+00            178.RE 75. 512   1
 2 2  3.66878E+01  5.94830E-02  5.94830E-02  0.00000E+00            178.RE 75. 513   2
 2 3  3.94494E+00  6.71212E-02  6.71212E-02  0.00000E+00            178.RE 75. 514   3
 2 4  7.62358E+00  6.74178E-02  6.74178E-02  0.00000E+00            178.RE 75. 515   4
 2 5  8.52869E-02  6.78079E-02  6.78079E-02  0.00000E+00            178.RE 75. 516   5
 2 6  1.07555E-01  6.78728E-02  6.78728E-02  0.00000E+00            178.RE 75. 517   6
 2 7  8.97572E-01  6.92004E-02  6.92004E-02  0.00000E+00            178.RE 75. 518   7
 2 8  1.74097E+00  6.92695E-02  6.92695E-02  0.00000E+00            178.RE 75. 519   8
 2 9  2.05939E-02  6.94291E-02  6.94291E-02  0.00000E+00            178.RE 75. 520   9
 210  2.58521E-02  6.94418E-02  6.94418E-02  0.00000E+00            178.RE 75. 521  10
 211  2.04006E-01  6.96331E-02  6.96331E-02  0.00000E+00            178.RE 75. 522  11
 212  4.17962E-01  6.96433E-02  6.96433E-02  0.00000E+00            178.RE 75. 523  12
 213  5.86701E-04  6.96807E-02  6.96807E-02  0.00000E+00            178.RE 75. 524  13
 214  7.05734E-04  6.96816E-02  6.96816E-02  0.00000E+00            178.RE 75. 525  14
 221  1.44866E-04  5.04000E-04  5.04000E-04  0.00000E+00            178.RE 75. 526  21
 222  1.74910E-02  1.87100E-03  1.87100E-03  0.00000E+00            178.RE 75. 527  22
 223  2.91909E-01  9.50920E-03  9.50920E-03  0.00000E+00            178.RE 75. 528  23
 224  3.65410E-01  9.80579E-03  9.80579E-03  0.00000E+00            178.RE 75. 529  24
 225  8.47162E-03  1.01959E-02  1.01959E-02  0.00000E+00            178.RE 75. 530  25
 226  1.26776E-02  1.02608E-02  1.02608E-02  0.00000E+00            178.RE 75. 531  26
 227  7.16596E-02  1.15884E-02  1.15884E-02  0.00000E+00            178.RE 75. 532  27
 228  9.50707E-02  1.16574E-02  1.16574E-02  0.00000E+00            178.RE 75. 533  28
 229  1.19787E-03  1.18169E-02  1.18169E-02  0.00000E+00            178.RE 75. 534  29
 230  1.86997E-03  1.18296E-02  1.18296E-02  0.00000E+00            178.RE 75. 535  30
 231  1.10963E-02  1.20209E-02  1.20209E-02  0.00000E+00            178.RE 75. 536  31
 232  1.42601E-02  1.20313E-02  1.20313E-02  0.00000E+00            178.RE 75. 537  32
 233  3.17306E-05  1.20687E-02  1.20687E-02  0.00000E+00            178.RE 75. 538  33
 234  4.78288E-05  1.20696E-02  1.20696E-02  0.00000E+00            178.RE 75. 539  34
 241  1.48556E-04  1.36700E-03  1.36700E-03  0.00000E+00            178.RE 75. 540  41
 242  3.14008E-01  8.77650E-03  8.77650E-03  0.00000E+00            178.RE 75. 541  42
 243  9.84197E-03  9.30180E-03  9.30180E-03  0.00000E+00            178.RE 75. 542  43
 244  1.11151E+01  9.69189E-03  9.69189E-03  0.00000E+00            178.RE 75. 543  44
 245  7.47818E-02  1.09883E-02  1.09883E-02  0.00000E+00            178.RE 75. 544  45
 246  2.54832E-03  1.11534E-02  1.11534E-02  0.00000E+00            178.RE 75. 545  46
 247  2.06864E+00  1.13129E-02  1.13129E-02  0.00000E+00            178.RE 75. 546  47
 248  5.45425E-03  1.15274E-02  1.15274E-02  0.00000E+00            178.RE 75. 547  48
 249  1.43402E-02  1.14878E-02  1.14878E-02  0.00000E+00            178.RE 75. 548  49
 250  5.30474E-04  1.15273E-02  1.15273E-02  0.00000E+00            178.RE 75. 549  50
 251  5.66690E-02  1.15647E-02  1.15647E-02  0.00000E+00            178.RE 75. 550  51
 261  9.15794E-01  7.40949E-03  7.40949E-03  0.00000E+00            178.RE 75. 551  61
 262  7.83838E-03  7.63820E-03  7.63820E-03  0.00000E+00            178.RE 75. 552  62
 263  7.10059E-03  7.93480E-03  7.93480E-03  0.00000E+00            178.RE 75. 553  63
 264  1.55517E+00  8.32493E-03  8.32493E-03  0.00000E+00            178.RE 75. 554  64
 265  1.37219E+01  8.38982E-03  8.38982E-03  0.00000E+00            178.RE 75. 555  65
 266  1.70914E-01  9.62129E-03  9.62129E-03  0.00000E+00            178.RE 75. 556  66
 267  1.65387E-03  9.71739E-03  9.71739E-03  0.00000E+00            178.RE 75. 557  67
 268  1.63070E-03  9.78636E-03  9.78636E-03  0.00000E+00            178.RE 75. 558  68
 269  2.71316E-01  9.94595E-03  9.94595E-03  0.00000E+00            178.RE 75. 559  69
 270  2.43331E+00  9.95867E-03  9.95867E-03  0.00000E+00            178.RE 75. 560  70
 271  1.26546E-03  1.01604E-02  1.01604E-02  0.00000E+00            178.RE 75. 561  71
 272  7.10578E-03  1.01628E-02  1.01628E-02  0.00000E+00            178.RE 75. 562  72
 273  3.45848E-02  1.01209E-02  1.01209E-02  0.00000E+00            178.RE 75. 563  73
 274  3.53699E-04  1.01500E-02  1.01500E-02  0.00000E+00            178.RE 75. 564  74
 275  3.33375E-04  1.01603E-02  1.01603E-02  0.00000E+00            178.RE 75. 565  75
 276  7.43192E-03  1.01977E-02  1.01977E-02  0.00000E+00            178.RE 75. 566  76
 277  6.35309E-02  1.01986E-02  1.01986E-02  0.00000E+00            178.RE 75. 567  77
 291  4.27621E+00  1.77742E-03  1.77742E-03  0.00000E+00            178.RE 75. 568  91
 292  9.39855E-02  2.40155E-04  2.40155E-04  0.00000E+00            178.RE 75. 569  92
 293  1.33618E-04  3.84760E-05  3.84760E-05  0.00000E+00            178.RE 75. 570  93
 294  1.15583E+03  3.12930E-05  3.12930E-05  0.00000E+00            178.RE 75. 571  94
 7 1  2.21724E+00  4.71853E-02  4.71853E-02  0.00000E+00            178.RE 75. 572   1
 7 2  1.16212E+00  5.63739E-02  5.63739E-02  0.00000E+00            178.RE 75. 573   2
 7 3  1.46413E-01  6.55717E-02  6.55717E-02  0.00000E+00            178.RE 75. 574   3
 7 4  1.42340E+01  7.59729E-04  7.59729E-04  0.00000E+00            178.RE 75. 575   4
 7 5  5.79151E+01  6.54506E-03  6.54506E-03  0.00000E+00            178.RE 75. 576   5
 7 6  2.22293E+01  8.30159E-03  8.30159E-03  0.00000E+00            178.RE 75. 577   6
 7 7  2.12610E+00  1.00870E-02  1.00870E-02  0.00000E+00            178.RE 75. 578   7
 7 8  7.65924E+01  3.18418E-04  3.18418E-04  0.00000E+00            178.RE 75. 579   8
 7 9  1.82385E+02  1.47336E-03  1.47336E-03  0.00000E+00            178.RE 75. 580   9
 710  1.17452E+01  1.65949E-03  1.65949E-03  0.00000E+00            178.RE 75. 581  10
 711  6.62991E-01  1.91577E-03  1.91577E-03  0.00000E+00            178.RE 75. 582  11
 712  3.93307E+02  1.61480E-04  1.61480E-04  0.00000E+00            178.RE 75. 583  12
 713  1.36135E+01  3.13944E-04  3.13944E-04  0.00000E+00            178.RE 75. 584  13
 714  2.28689E+02  2.53518E-05  2.53518E-05  0.00000E+00            178.RE 75. 585  14
 715  6.61297E-01  4.80184E-05  4.80184E-05  0.00000E+00            178.RE 75. 586  15
%%%% 178 RE  75    EC B+        7.92000E+02 13.2 M     02-11-2005       SEEIEND 
 


   ***************************************************** 
   *                 Radiation Summary                 * 
   ***************************************************** 
 
  Energy released by
    Gamma-ray                       (MeV) =   8.49963E-01
    X-ray                           (MeV) =   4.74859E-02
    Free-bound X-ray                (MeV) =   3.61694E-04
    Annihilation photon             (MeV) =   3.63396E-01
    Beta+ particle                  (MeV) =   5.28552E-01
    Neutrino                        (MeV) =   2.90173E+00
    Beta- particle                  (MeV) =   0.00000E+00
    Neutrino-                       (MeV) =   0.00000E+00
    Internal conv. electron         (MeV) =   7.90635E-02
    Auger and CK electron           (MeV) =   1.16307E-02
    Alpha particle                  (MeV) =   0.00000E+00
    Recoil nucleus                  (MeV) =   0.00000E+00
  E-total (except unplaced radiat.) (MeV) =   4.78218E+00
  E-unplaced radiation              (MeV) =   4.47293E-01
  Q-value from ENSDF data           (MeV) =   4.78000E+00
  Ratio of E-total/Q-value          ( % ) =   1.00046E+02
  Ratio of E-unplaced radi./Q-value ( % ) =   9.35759E+00

 
  Total yield of
    Gamma-ray                             =   1.16179E+00
    X-ray                                 =   1.11015E+00
    Free-bound X-ray                      =   1.15583E+01
    Annihilation photon                   =   7.11147E-01
    Beta+ particle                        =   3.55573E-01
    Beta- particle                        =   0.00000E+00
    Internal conv. electron               =   8.15048E-01
    Auger and CK electron                 =   1.00769E+01
    Alpha particle                        =   0.00000E+00
  Yield of unplaced radiation             =   2.61216E-01


