%%%% 109 RH  45    B-           8.00000E+01 80 S       18-07-2007       BALASTAR
1 109   RH  45 80 S            B-         
1INTENSITY AND ENERGY BALANCE DATA

              109-RHODIUM-45
+                                    HALFLIFE = 80 SECONDS 
+                                                                  18-07-2007


    LEVEL       INTENSITY   INTENSITY
    ENERGY      ENTERING    LEAVING     PERCENT
    (MEV)       LEVEL       LEVEL       ERROR

   0.0000E+00  9.9687E+01
   1.1338E-01  1.0735E+01  1.0360E+01  3.5616E+00                      
   2.4503E-01  1.4458E+00  1.2631E+00  1.3495E+01  ********************
   2.6630E-01  8.8028E-01  9.6979E-01  9.6766E+00                      
   2.7627E-01  2.2140E+00  2.1317E+00  3.7903E+00                      
   2.9140E-01  1.7342E+01  1.5981E+01  8.1694E+00                      
   3.2529E-01  1.8000E+00  2.1676E+00  1.8530E+01  ********************
   3.2681E-01  6.4338E+01  6.4764E+01  6.6073E-01                      
   4.2612E-01  8.0224E+00  8.1421E+00  1.4812E+00                      
   4.9150E-01  2.1264E+00  2.1275E+00  5.0946E-02                      
   5.4057E-01  9.0856E+00  9.6157E+00  5.6685E+00                      
   5.9710E-01  1.5465E-01  1.5727E-01  1.6832E+00                      
   6.6730E-01  0.0000E+00  5.2538E-02  2.0000E+02  ********************
   9.8340E-01  0.0000E+00  1.0427E-01  2.0000E+02  ********************
   1.3180E+00  2.1264E-01  2.0818E-01  2.1230E+00                      


 INTENSITY TO GROUND AND ISOMERIC STATE(S) OF DAUGHTER(S)=  9.969E+01
 TOTAL INTENSITY FROM PARENT=  1.000E+02
 PERCENT ERROR =  3.135E-01                      


 TOTAL INTENSITY FROM PARENT =  1.000E+02
 VALUE IS WITHIN   7.63E-06% OF 100                      


 TOTAL ENERGY AVAILABLE =  2.591E+00 MEV
 TOTAL ENERGY CONTENT OF ALL RADIATIONS =  2.593E+00 MEV
 PERCENT ERROR =  9.542E-02                      
%%%% 109 RH  45    B-           8.00000E+01 80 S       18-07-2007       BALAEND 
%%%% 109 RH  45    B-           8.00000E+01 80 S       18-07-2007       INPUSTAR
1                                      **INPUT DATA**
              109-RHODIUM-45
+                                    HALFLIFE = 80 SECONDS 
+                                                                  18-07-2007

            MODE OF DECAY: BETA MINUS
 
                                MEAN
                                NUMBER/    TRANSITION
                TYPE OF    ID   TRANSFOR-  ENERGY
              TRANSITION   NO.  MATION     (MEV)       OTHER NUCLEAR PARAMETERS

               BETA MINUS   1   2.13E-03   1.273E+00*  ALLOWED                                  
+                                                              ASSUMED                          
               BETA MINUS   2   1.55E-03   1.994E+00*  ALLOWED                                  
               BETA MINUS   3   9.09E-02   2.050E+00*  ALLOWED                                  
               BETA MINUS   4   2.13E-02   2.100E+00*  SECOND FORBIDDEN                         
               BETA MINUS   5   8.02E-02   2.165E+00*  ALLOWED                                  
               BETA MINUS   6   6.38E-01   2.264E+00*  ALLOWED                                  
               BETA MINUS   7   8.70E-03   2.315E+00*  ALLOWED                                  
               BETA MINUS   8   2.71E-03   2.346E+00*  FIRST FORBIDDEN                          
               BETA MINUS   9   1.55E-01   2.591E+00*  ALLOWED                                  
           I.C.E. + GAMMA   1   6.86E-03   2.510E-02   M1+E2 MULTIPOLE                          
                                                       MRS=0.810     AK= 4.21                   
                                                       AL1=0.510     AL2=5.17                   
                                                       AL3=7.98      AM= 2.69                   
                                                       AN+=0.445                                
           I.C.E. + GAMMA   2   1.09E-01   3.534E-02   M1+E2 MULTIPOLE                          
                                                       MRS=0.202     AK= 4.41                   
                                                       AL1=0.456     AL2=0.927                  
                                                       AL3=1.35      AM= 0.538                  
                                                       AN+=0.0904                               
           I.C.E. + GAMMA   3   1.17E-03   5.060E-02   M1 MULTIPOLE                             
+                                                                    AK= 2.37                   
                                                       AL1=0.271     AL2=0.0192                 
                                                       AL3=0.00557   AM= 0.0561                 
                                                       AN+=0.0104                               
           I.C.E. + GAMMA   4   8.57E-04   5.900E-02   M1 MULTIPOLE                             
+                                                                    AK= 1.52                   
                                                       AL1=0.174     AL2=0.0120                 
                                                       AL3=0.00348   AM= 0.0359                 
                                                       AN+=0.00665                              
           I.C.E. + GAMMA   5   8.61E-03   8.178E-02   E1 MULTIPOLE                             
+                                                                    AK= 0.238                  
                                                       AL1=0.0229    AL2=0.00257                
                                                       AL3=0.00386   AM= 0.00549                
           I.C.E. + GAMMA   6   1.04E-01   1.134E-01   E2 MULTIPOLE                             
+                                                                    AK= 0.706                  
                                                       AL1=0.0660    AL2=0.0408                 
                                                       AL3=0.0494    AM= 0.0303                 
                                                       AN+=0.00527                              
           I.C.E. + GAMMA   7   6.44E-03   1.498E-01   M1 MULTIPOLE                             
+                                                                    AK= 0.109                  
                                                       AL1=0.0125    AM= 0.00254                
           I.C.E. + GAMMA   8   6.98E-03   1.529E-01   M1 MULTIPOLE                             
+                                                                    AK= 0.103                  
                                                       AL1=0.0119    AM= 0.00240                
           I.C.E. + GAMMA   9   5.69E-04   1.663E-01   M1 MULTIPOLE                             
+                                                                    AK= 0.0824                 
                                                       AL1=0.00943   AM= 0.00191                
           I.C.E. + GAMMA  10   7.91E-02   1.780E-01   M1 MULTIPOLE                             
+                                                                    AK= 0.0686                 
                                                       AL1=0.00784   AM= 0.00158                
           I.C.E. + GAMMA  11   4.95E-03   2.001E-01   M1 MULTIPOLE                             
+                                                                    AK= 0.0502                 
                                                       AL1=0.00572   AM= 0.00116                
           I.C.E. + GAMMA  12   6.55E-03   2.119E-01   M1 MULTIPOLE                             
+                                                                    AK= 0.0432                 
                                                       AL1=0.00492                              
           I.C.E. + GAMMA  13   5.45E-03   2.138E-01   M1 MULTIPOLE                             
+                                                                    AK= 0.0421                 
                                                       AL1=0.00480                              
           I.C.E. + GAMMA  14   1.74E-02   2.153E-01   M1 MULTIPOLE                             
+                                                                    AK= 0.0414                 
                                                       AL1=0.00471                              
           I.C.E. + GAMMA  15   1.26E-02   2.450E-01   E1 MULTIPOLE                             
+                                                                    AK= 0.0105                 
                                                       AL1=0.00111                              
           I.C.E. + GAMMA  16   5.80E-02   2.492E-01   M1 MULTIPOLE                             
+                                                                    AK= 0.0283                 
                                                       AL1=0.00321                              
           I.C.E. + GAMMA  17   3.74E-03   2.643E-01   M1 MULTIPOLE                             
+                                                                    AK= 0.0243                 
                                                       AL1=0.00276                              
           I.C.E. + GAMMA  18   2.72E-03   2.663E-01   E2 MULTIPOLE                             
+                                                                    AK= 0.0376                 
                                                       AL1=0.00389   AM= 0.00105                
           I.C.E. + GAMMA  19   1.08E-03   2.742E-01   E2 MULTIPOLE                             
+                                                                    AK= 0.0341                 
                                                       AL1=0.00353                              
           I.C.E. + GAMMA  20   2.13E-02   2.763E-01   M1 MULTIPOLE                             
+                                                                    AK= 0.0217                 
                                                       AL1=0.00246                              
           I.C.E. + GAMMA  21   7.38E-02   2.914E-01   M1 MULTIPOLE                             
+                                                                    AK= 0.0189                 
                                                       AL1=0.00215                              
           I.C.E. + GAMMA  22   3.14E-03   2.955E-01   E1 MULTIPOLE                             
+                                                                    AK= 0.00635                
           I.C.E. + GAMMA  23   5.29E-04   3.200E-01   M1 MULTIPOLE                             
+                                                                    AK= 0.0149                 
                                                       AL1=0.00169                              
           I.C.E. + GAMMA  24   1.43E-02   3.254E-01   M1 MULTIPOLE                             
+                                                                    AK= 0.0143                 
                                                       AL1=0.00162                              
           I.C.E. + GAMMA  25   5.28E-01   3.268E-01   M1 MULTIPOLE                             
+                                                                    AK= 0.0141                 
                                                       AL1=0.00160                              
           I.C.E. + GAMMA  26   1.21E-02   3.780E-01   M1 MULTIPOLE                             
+                                                                    AK= 0.00981                
                                                       AL1=0.00111                              
           I.C.E. + GAMMA  27   5.25E-04   3.910E-01   M1 MULTIPOLE ASSUMED                     
                                                       AK= 0.00903   AL1=0.00102                
           I.C.E. + GAMMA  28   7.50E-02   4.261E-01   M1 MULTIPOLE                             
+                                                                    AK= 0.00730                
           I.C.E. + GAMMA  29   2.62E-03   4.273E-01   E2 MULTIPOLE                             
+                                                                    AK= 0.00827                
           I.C.E. + GAMMA  30   3.66E-03   4.917E-01   M1 MULTIPOLE                             
+                                                                    AK= 0.00516                
           I.C.E. + GAMMA  31   4.70E-03   5.407E-01   M1 MULTIPOLE                             
+                                                                    AK= 0.00411                
           I.C.E. + GAMMA  32   1.04E-03   5.973E-01   M1 MULTIPOLE                             
+                                                                    AK= 0.00325                
           I.C.E. + GAMMA  33   1.04E-03   6.179E-01   UNPLACED GAMMA                           
           I.C.E. + GAMMA  34   1.04E-03   6.920E-01   M1 MULTIPOLE ASSUMED                     
                                                       AK= 0.00231                              
           I.C.E. + GAMMA  35   1.04E-03   1.042E+00   M1 MULTIPOLE ASSUMED                     
           I.C.E. + GAMMA  36   5.20E-04   1.072E+00   UNPLACED GAMMA                           
           I.C.E. + GAMMA  37   1.04E-03   1.318E+00   M1 MULTIPOLE ASSUMED                     
 
           * ENDPOINT ENERGY (MEV)
           - - - - - - - - - -
           Reference: Evaluated Nuclear Structure Data File (ENSDF)
                DATE DATA WERE ENTERED INTO ENSDF: Feb-2006
%%%% 109 RH  45    B-           8.00000E+01 80 S       18-07-2007       INPUEND 
%%%% 109 RH  45    B-           8.00000E+01 80 S       18-07-2007       OUTPSTAR
1                                      **OUTPUT DATA**
              109-RHODIUM-45
+                                    HALFLIFE = 80 SECONDS 
+                                                                  18-07-2007

            MODE OF DECAY: BETA MINUS
 
                                              MEAN
                                              NUMBER/                  MEV/
                                         ID   TRANSFOR-   ENERGY       TRANSFOR-
                  TYPE OF RADIATION      NO.  MATION      (MEV)        MATION

           BETA MINUS                     1   2.13E-03    4.655E-01*   9.90E-04
           BETA MINUS                     2   1.55E-03    7.864E-01*   1.22E-03
           BETA MINUS                     3   9.09E-02    8.122E-01*   7.38E-02
           BETA MINUS                     4   2.13E-02    8.377E-01*   1.78E-02
           BETA MINUS                     5   8.02E-02    8.646E-01*   6.94E-02
           BETA MINUS                     6   6.38E-01    9.103E-01*   5.81E-01
           BETA MINUS                     7   8.70E-03    9.336E-01*   8.12E-03
           BETA MINUS                     8   2.71E-03    9.481E-01*   2.57E-03
           BETA MINUS                     9   1.55E-01    1.062E+00*   1.64E-01
           GAMMA-RAY                      2   1.25E-02    3.534E-02    4.41E-04
           K CONV. ELECTRON, GAMMA-RAY    2   5.50E-02    1.102E-02    6.06E-04
           L1 CONV. ELECTRON, GAMMA-RAY   2   5.69E-03    3.176E-02    1.81E-04
           L2 CONV. ELECTRON, GAMMA-RAY   2   1.16E-02    3.201E-02    3.70E-04
           L3 CONV. ELECTRON, GAMMA-RAY   2   1.69E-02    3.217E-02    5.43E-04
           M CONV. ELECTRON, GAMMA-RAY    2   6.72E-03    3.481E-02*   2.34E-04
           GAMMA-RAY                      5   6.76E-03    8.178E-02    5.53E-04
           GAMMA-RAY                      6   5.46E-02    1.133E-01    6.19E-03
           K CONV. ELECTRON, GAMMA-RAY    6   3.85E-02    8.903E-02    3.43E-03
           L1 CONV. ELECTRON, GAMMA-RAY   6   3.60E-03    1.098E-01    3.96E-04
           L2 CONV. ELECTRON, GAMMA-RAY   6   2.23E-03    1.100E-01    2.45E-04
           L3 CONV. ELECTRON, GAMMA-RAY   6   2.70E-03    1.102E-01    2.97E-04
           M CONV. ELECTRON, GAMMA-RAY    6   1.66E-03    1.128E-01*   1.87E-04
           GAMMA-RAY                      7   5.72E-03    1.498E-01    8.57E-04
           GAMMA-RAY                      8   6.24E-03    1.529E-01    9.54E-04
           GAMMA-RAY                      9   5.20E-04    1.663E-01    8.65E-05
           GAMMA-RAY                     10   7.33E-02    1.780E-01    1.31E-02
           K CONV. ELECTRON, GAMMA-RAY   10   5.03E-03    1.537E-01    7.73E-04
           L1 CONV. ELECTRON, GAMMA-RAY  10   5.75E-04    1.745E-01    1.00E-04
           GAMMA-RAY                     11   4.68E-03    2.001E-01    9.37E-04
           GAMMA-RAY                     12   6.24E-03    2.119E-01    1.32E-03
           GAMMA-RAY                     13   5.20E-03    2.138E-01    1.11E-03
           GAMMA-RAY                     14   1.66E-02    2.153E-01    3.58E-03
           K CONV. ELECTRON, GAMMA-RAY   14   6.89E-04    1.910E-01    1.32E-04
           GAMMA-RAY                     15   1.25E-02    2.450E-01    3.06E-03
           GAMMA-RAY                     16   5.62E-02    2.492E-01    1.40E-02
           K CONV. ELECTRON, GAMMA-RAY   16   1.59E-03    2.248E-01    3.57E-04
           GAMMA-RAY                     17   3.64E-03    2.643E-01    9.62E-04
           GAMMA-RAY                     18   2.60E-03    2.663E-01    6.92E-04
           GAMMA-RAY                     19   1.04E-03    2.742E-01    2.85E-04
           GAMMA-RAY                     20   2.08E-02    2.763E-01    5.75E-03
           K CONV. ELECTRON, GAMMA-RAY   20   4.50E-04    2.519E-01    1.13E-04
           GAMMA-RAY                     21   7.23E-02    2.914E-01    2.11E-02
           K CONV. ELECTRON, GAMMA-RAY   21   1.37E-03    2.670E-01    3.65E-04
           GAMMA-RAY                     22   3.12E-03    2.955E-01    9.22E-04
           GAMMA-RAY                     23   5.20E-04    3.200E-01    1.66E-04
           GAMMA-RAY                     24   1.40E-02    3.254E-01    4.57E-03
           GAMMA-RAY                     25   5.20E-01    3.268E-01    1.70E-01
           K CONV. ELECTRON, GAMMA-RAY   25   7.35E-03    3.025E-01    2.22E-03
           L1 CONV. ELECTRON, GAMMA-RAY  25   8.33E-04    3.232E-01    2.69E-04
           GAMMA-RAY                     26   1.20E-02    3.780E-01    4.52E-03
           GAMMA-RAY                     27   5.20E-04    3.910E-01    2.03E-04
           GAMMA-RAY                     28   7.44E-02    4.261E-01    3.17E-02
           K CONV. ELECTRON, GAMMA-RAY   28   5.43E-04    4.018E-01    2.18E-04
           GAMMA-RAY                     29   2.60E-03    4.273E-01    1.11E-03
           GAMMA-RAY                     30   3.64E-03    4.917E-01    1.79E-03
           GAMMA-RAY                     31   4.68E-03    5.407E-01    2.53E-03
           GAMMA-RAY                     32   1.04E-03    5.973E-01    6.21E-04
           GAMMA-RAY                     33   1.04E-03    6.179E-01    6.43E-04
           GAMMA-RAY                     34   1.04E-03    6.920E-01    7.20E-04
           GAMMA-RAY                     35   1.04E-03    1.042E+00    1.08E-03
           GAMMA-RAY                     36   5.20E-04    1.072E+00    5.57E-04
           GAMMA-RAY                     37   1.04E-03    1.318E+00    1.37E-03
           K -L2 X-RAY                        2.78E-02    2.099E-02    5.84E-04
           K -L3 X-RAY                        5.25E-02    2.115E-02    1.11E-03
           K -M2 X-RAY                        4.52E-03    2.377E-02    1.08E-04
           K -M3 X-RAY                        8.79E-03    2.379E-02    2.09E-04
           K -N3 X-RAY                        1.77E-03    2.427E-02    4.30E-05
           AUGER KLL                          1.47E-02    1.769E-02*   2.59E-04
           AUGER KLX                          5.82E-03    2.052E-02*   1.19E-04
           AUGER LMM                          1.29E-01    2.382E-03*   3.06E-04
           AUGER MNN                          3.33E-01    2.928E-04*   9.75E-05
 
           ALL LISTED X-RAYS, GAMMA-RAYS AND ANNIHILATION RADIATION    2.99E-01
           ALL NEGLECTED X-RAYS, GAMMA-RAYS AND ANNIH. RADIATION**     1.03E-04
           ALL LISTED BETAS, INTERNAL CONVERSION AND AUGER ELECTRONS   9.31E-01
           ALL NEGLECTED BETAS, INT. CONVERSION AND AUGER ELECTRONS**  1.39E-03
           ALL LISTED RADIATIONS                                       1.23E+00
           ALL NEGLECTED RADIATIONS**                                  1.49E-03
 
           *  AVERAGE ENERGY (MEV)
           ** EACH NEGLECTED TRANSITION CONTRIBUTES LESS THAN  0.010%
              TO THE TOTAL MEV/TRANSFORMATION FOR THIS CATEGORY.
           TOTAL FEEDING OF GROUND STATE LEVEL IN 109-PALLADIUM
             DAUGHTER IS 1.0000E+00 PER TRANSFORMATION OF 109-RHODIUM.
             DECAY OF THIS 13.7012 HOURS HALFLIFE LEVEL WILL CONTRIBUTE TO DOSE.
           - - - - - - - - - -
           INPUT DATA SOURCE: EVALUATED NUCLEAR STRUCTURE DATA FILE (ENSDF)
             DATE INPUT DATA WERE ENTERED INTO ENSDF: Feb-2006
%%%% 109 RH  45    B-           8.00000E+01 80 S       18-07-2007       OUTPEND 
%%%% 109 RH  45    B-           8.00000E+01 80 S       18-07-2007       BETASTAR
1
              109-RHODIUM-45
+                                    HALFLIFE = 80 SECONDS 
+                                                                  18-07-2007

            BETA SPECTRUM DATA FOR ALL DECAY BRANCHES

                      BETAS PER                BETAS PER                BETAS PER
            ENERGY    MEV            ENERGY    MEV            ENERGY    MEV
            (MEV)     PER DECAY      (MEV)     PER DECAY      (MEV)     PER DECAY

            0.00000   2.793E-01      0.00300   2.802E-01      0.10000   3.509E-01
            0.00010   2.793E-01      0.00320   2.803E-01      0.11000   3.588E-01
            0.00011   2.794E-01      0.00360   2.804E-01      0.12000   3.668E-01
            0.00012   2.794E-01      0.00400   2.805E-01      0.13000   3.748E-01
            0.00013   2.794E-01      0.00450   2.806E-01      0.14000   3.828E-01
            0.00014   2.794E-01      0.00500   2.808E-01      0.15000   3.907E-01
            0.00015   2.794E-01      0.00550   2.809E-01      0.16000   3.987E-01
            0.00016   2.794E-01      0.00600   2.811E-01      0.18000   4.144E-01
            0.00018   2.794E-01      0.00650   2.812E-01      0.20000   4.300E-01
            0.00020   2.794E-01      0.00700   2.814E-01      0.22000   4.453E-01
            0.00022   2.794E-01      0.00750   2.818E-01      0.24000   4.604E-01
            0.00024   2.794E-01      0.00800   2.821E-01      0.26000   4.751E-01
            0.00026   2.794E-01      0.00850   2.825E-01      0.28000   4.896E-01
            0.00028   2.794E-01      0.00900   2.828E-01      0.30000   5.037E-01
            0.00030   2.794E-01      0.01000   2.835E-01      0.32000   5.175E-01
            0.00032   2.794E-01      0.01100   2.842E-01      0.36000   5.438E-01
            0.00036   2.794E-01      0.01200   2.849E-01      0.40000   5.684E-01
            0.00040   2.794E-01      0.01300   2.856E-01      0.45000   5.967E-01
            0.00045   2.795E-01      0.01400   2.863E-01      0.50000   6.220E-01
            0.00050   2.795E-01      0.01500   2.870E-01      0.55000   6.440E-01
            0.00055   2.795E-01      0.01600   2.876E-01      0.60000   6.627E-01
            0.00060   2.795E-01      0.01800   2.890E-01      0.65000   6.779E-01
            0.00065   2.795E-01      0.02000   2.904E-01      0.70000   6.897E-01
            0.00070   2.795E-01      0.02200   2.918E-01      0.75000   6.978E-01
            0.00075   2.795E-01      0.02400   2.932E-01      0.80000   7.023E-01
            0.00080   2.796E-01      0.02600   2.946E-01      0.85000   7.032E-01
            0.00085   2.796E-01      0.02800   2.960E-01      0.90000   7.005E-01
            0.00090   2.796E-01      0.03000   2.974E-01      1.00000   6.846E-01
            0.00100   2.796E-01      0.03200   2.988E-01      1.10000   6.554E-01
            0.00110   2.796E-01      0.03600   3.017E-01      1.20000   6.138E-01
            0.00120   2.797E-01      0.04000   3.046E-01      1.30000   5.614E-01
            0.00130   2.797E-01      0.04500   3.083E-01      1.40000   5.000E-01
            0.00140   2.797E-01      0.05000   3.120E-01      1.50000   4.316E-01
            0.00150   2.798E-01      0.05500   3.157E-01      1.60000   3.589E-01
            0.00160   2.798E-01      0.06000   3.195E-01      1.80000   2.126E-01
            0.00180   2.799E-01      0.06500   3.234E-01      2.00000   8.981E-02
            0.00200   2.799E-01      0.07000   3.272E-01      2.20000   2.111E-02
            0.00220   2.800E-01      0.07500   3.311E-01      2.40000   4.765E-03
            0.00240   2.800E-01      0.08000   3.351E-01      2.59100   0.000E+00
            0.00260   2.801E-01      0.08500   3.390E-01
            0.00280   2.801E-01      0.09000   3.429E-01

            AVERAGE BETA ENERGY =   9.188E-01

            TOTAL BETAS PER DECAY FOR ALL BRANCHES =   1.000E+00
%%%% 109 RH  45    B-           8.00000E+01 80 S       18-07-2007       BETAEND 
%%%% 109 RH  45    B-           8.00000E+01 80 S       18-07-2007       SEEISTAR
109.  RHODIUM      45.  8.000E+01 SECONDS  306 B-                   109.RH 45.   0
 5 1  2.12643E-01  4.65454E-01  1.27300E+00  0.00000E+00            109.RH 45.   1   1
 5 2  1.54649E-01  7.86353E-01  1.99390E+00  0.00000E+00            109.RH 45.   2   2
 5 3  9.08564E+00  8.12158E-01  2.05043E+00  0.00000E+00            109.RH 45.   3   3
 5 4  2.12643E+00  8.37681E-01  2.09950E+00  1.00000E+00            109.RH 45.   4   4
 5 5  8.02242E+00  8.64606E-01  2.16488E+00  0.00000E+00            109.RH 45.   5   5
 5 6  6.37928E+01  9.10314E-01  2.26419E+00  0.00000E+00            109.RH 45.   6   6
 5 7  8.69901E-01  9.33640E-01  2.31473E+00  0.00000E+00            109.RH 45.   7   7
 5 8  2.70636E-01  9.48078E-01  2.34597E+00  0.00000E+00            109.RH 45.   8   8
 5 9  1.54649E+01  1.06181E+00  2.59100E+00  0.00000E+00            109.RH 45.   9   9
 1 1  3.12000E-02  2.51000E-02  2.51000E-02  0.00000E+00            109.RH 45.  10   1
 6 1  1.31231E-01  7.79003E-04  7.79003E-04  1.00000E+00            109.RH 45.  11   1
 6 5  1.59112E-02  2.15200E-02  2.15200E-02  1.00000E+00            109.RH 45.  12   5
 6 6  1.61213E-01  2.17674E-02  2.17674E-02  1.00000E+00            109.RH 45.  13   6
 6 7  2.48922E-01  2.19294E-02  2.19294E-02  1.00000E+00            109.RH 45.  14   7
 6 3  8.40430E-02  2.45732E-02  2.45732E-02  1.00000E+00            109.RH 45.  15   3
 6 4  1.38796E-02  2.51000E-02  2.51000E-02  1.00000E+00            109.RH 45.  16   4
 1 2  1.24800E+00  3.53400E-02  3.53400E-02  0.00000E+00            109.RH 45.  17   2
 6 1  5.49821E+00  1.10190E-02  1.10190E-02  2.00000E+00            109.RH 45.  18   1
 6 5  5.68518E-01  3.17600E-02  3.17600E-02  2.00000E+00            109.RH 45.  19   5
 6 6  1.15750E+00  3.20074E-02  3.20074E-02  2.00000E+00            109.RH 45.  20   6
 6 7  1.68802E+00  3.21694E-02  3.21694E-02  2.00000E+00            109.RH 45.  21   7
 6 3  6.71899E-01  3.48132E-02  3.48132E-02  2.00000E+00            109.RH 45.  22   3
 6 4  1.12811E-01  3.53400E-02  3.53400E-02  2.00000E+00            109.RH 45.  23   4
 1 3  3.12000E-02  5.06000E-02  5.06000E-02  0.00000E+00            109.RH 45.  24   3
 6 1  7.39934E-02  2.62790E-02  2.62790E-02  3.00000E+00            109.RH 45.  25   1
 6 5  8.45964E-03  4.70200E-02  4.70200E-02  3.00000E+00            109.RH 45.  26   5
 6 6  6.00311E-04  4.72674E-02  4.72674E-02  3.00000E+00            109.RH 45.  27   6
 6 7  1.73794E-04  4.74294E-02  4.74294E-02  3.00000E+00            109.RH 45.  28   7
 6 3  1.75168E-03  5.00732E-02  5.00732E-02  3.00000E+00            109.RH 45.  29   3
 6 4  3.24896E-04  5.06000E-02  5.06000E-02  3.00000E+00            109.RH 45.  30   4
 1 4  3.12000E-02  5.90000E-02  5.90000E-02  0.00000E+00            109.RH 45.  31   4
 6 1  4.72753E-02  3.46790E-02  3.46790E-02  4.00000E+00            109.RH 45.  32   1
 6 5  5.41761E-03  5.54200E-02  5.54200E-02  4.00000E+00            109.RH 45.  33   5
 6 6  3.74340E-04  5.56674E-02  5.56674E-02  4.00000E+00            109.RH 45.  34   6
 6 7  1.08595E-04  5.58294E-02  5.58294E-02  4.00000E+00            109.RH 45.  35   7
 6 3  1.11886E-03  5.84732E-02  5.84732E-02  4.00000E+00            109.RH 45.  36   3
 6 4  2.07624E-04  5.90000E-02  5.90000E-02  4.00000E+00            109.RH 45.  37   4
 1 5  6.76000E-01  8.17800E-02  8.17800E-02  0.00000E+00            109.RH 45.  38   5
 6 1  1.60754E-01  5.74590E-02  5.74590E-02  5.00000E+00            109.RH 45.  39   1
 6 5  1.54588E-02  7.82000E-02  7.82000E-02  5.00000E+00            109.RH 45.  40   5
 6 6  1.73804E-03  7.84474E-02  7.84474E-02  5.00000E+00            109.RH 45.  41   6
 6 7  2.60765E-03  7.86094E-02  7.86094E-02  5.00000E+00            109.RH 45.  42   7
 6 3  3.71108E-03  8.12532E-02  8.12532E-02  5.00000E+00            109.RH 45.  43   3
 6 4  6.73238E-04  8.17800E-02  8.17800E-02  5.00000E+00            109.RH 45.  44   4
 1 6  5.46000E+00  1.13350E-01  1.13350E-01  0.00000E+00            109.RH 45.  45   6
 6 1  3.85236E+00  8.90290E-02  8.90290E-02  6.00000E+00            109.RH 45.  46   1
 6 5  3.60467E-01  1.09770E-01  1.09770E-01  6.00000E+00            109.RH 45.  47   5
 6 6  2.22881E-01  1.10017E-01  1.10017E-01  6.00000E+00            109.RH 45.  48   6
 6 7  2.69591E-01  1.10179E-01  1.10179E-01  6.00000E+00            109.RH 45.  49   7
 6 3  1.65507E-01  1.12823E-01  1.12823E-01  6.00000E+00            109.RH 45.  50   3
 6 4  2.87848E-02  1.13350E-01  1.13350E-01  6.00000E+00            109.RH 45.  51   4
 1 7  5.72000E-01  1.49820E-01  1.49820E-01  0.00000E+00            109.RH 45.  52   7
 6 1  6.25522E-02  1.25499E-01  1.25499E-01  7.00000E+00            109.RH 45.  53   1
 6 5  7.17346E-03  1.46240E-01  1.46240E-01  7.00000E+00            109.RH 45.  54   5
 6 6  3.96695E-04  1.46487E-01  1.46487E-01  7.00000E+00            109.RH 45.  55   6
 6 7  1.17683E-04  1.46649E-01  1.46649E-01  7.00000E+00            109.RH 45.  56   7
 6 3  1.45241E-03  1.49293E-01  1.49293E-01  7.00000E+00            109.RH 45.  57   3
 6 4  2.70330E-04  1.49820E-01  1.49820E-01  7.00000E+00            109.RH 45.  58   4
 1 8  6.24000E-01  1.52910E-01  1.52910E-01  0.00000E+00            109.RH 45.  59   8
 6 1  6.45517E-02  1.28589E-01  1.28589E-01  8.00000E+00            109.RH 45.  60   1
 6 5  7.40191E-03  1.49330E-01  1.49330E-01  8.00000E+00            109.RH 45.  61   5
 6 6  4.06762E-04  1.49577E-01  1.49577E-01  8.00000E+00            109.RH 45.  62   6
 6 7  1.20754E-04  1.49739E-01  1.49739E-01  8.00000E+00            109.RH 45.  63   7
 6 3  1.49791E-03  1.52383E-01  1.52383E-01  8.00000E+00            109.RH 45.  64   3
 6 4  2.78757E-04  1.52910E-01  1.52910E-01  8.00000E+00            109.RH 45.  65   4
 1 9  5.20000E-02  1.66300E-01  1.66300E-01  0.00000E+00            109.RH 45.  66   9
 6 1  4.28488E-03  1.41979E-01  1.41979E-01  9.00000E+00            109.RH 45.  67   1
 6 5  4.90505E-04  1.62720E-01  1.62720E-01  9.00000E+00            109.RH 45.  68   5
 6 6  2.62813E-05  1.62967E-01  1.62967E-01  9.00000E+00            109.RH 45.  69   6
 6 7  7.82651E-06  1.63129E-01  1.63129E-01  9.00000E+00            109.RH 45.  70   7
 6 3  9.91858E-05  1.65773E-01  1.65773E-01  9.00000E+00            109.RH 45.  71   3
 6 4  1.84453E-05  1.66300E-01  1.66300E-01  9.00000E+00            109.RH 45.  72   4
 110  7.33200E+00  1.78030E-01  1.78030E-01  0.00000E+00            109.RH 45.  73  10
 6 1  5.02925E-01  1.53709E-01  1.53709E-01  1.00000E+01            109.RH 45.  74   1
 6 5  5.74924E-02  1.74450E-01  1.74450E-01  1.00000E+01            109.RH 45.  75   5
 6 6  3.01487E-03  1.74697E-01  1.74697E-01  1.00000E+01            109.RH 45.  76   6
 6 7  9.00439E-04  1.74859E-01  1.74859E-01  1.00000E+01            109.RH 45.  77   7
 6 3  1.16175E-02  1.77503E-01  1.77503E-01  1.00000E+01            109.RH 45.  78   3
 6 4  2.15918E-03  1.78030E-01  1.78030E-01  1.00000E+01            109.RH 45.  79   4
 111  4.68000E-01  2.00130E-01  2.00130E-01  0.00000E+00            109.RH 45.  80  11
 6 1  2.34941E-02  1.75809E-01  1.75809E-01  1.10000E+01            109.RH 45.  81   1
 6 5  2.67907E-03  1.96550E-01  1.96550E-01  1.10000E+01            109.RH 45.  82   5
 6 6  1.35121E-04  1.96797E-01  1.96797E-01  1.10000E+01            109.RH 45.  83   6
 6 7  4.06003E-05  1.96959E-01  1.96959E-01  1.10000E+01            109.RH 45.  84   7
 6 3  5.40698E-04  1.99603E-01  1.99603E-01  1.10000E+01            109.RH 45.  85   3
 6 4  1.00397E-04  2.00130E-01  2.00130E-01  1.10000E+01            109.RH 45.  86   4
 112  6.24000E-01  2.11880E-01  2.11880E-01  0.00000E+00            109.RH 45.  87  12
 6 1  2.69375E-02  1.87559E-01  1.87559E-01  1.20000E+01            109.RH 45.  88   1
 6 5  3.06808E-03  2.08300E-01  2.08300E-01  1.20000E+01            109.RH 45.  89   5
 6 6  1.51668E-04  2.08547E-01  2.08547E-01  1.20000E+01            109.RH 45.  90   6
 6 7  4.57328E-05  2.08709E-01  2.08709E-01  1.20000E+01            109.RH 45.  91   7
 6 3  6.18769E-04  2.11353E-01  2.11353E-01  1.20000E+01            109.RH 45.  92   3
 6 4  1.14854E-04  2.11880E-01  2.11880E-01  1.20000E+01            109.RH 45.  93   4
 113  5.20000E-01  2.13810E-01  2.13810E-01  0.00000E+00            109.RH 45.  94  13
 6 1  2.19177E-02  1.89489E-01  1.89489E-01  1.30000E+01            109.RH 45.  95   1
 6 5  2.49588E-03  2.10230E-01  2.10230E-01  1.30000E+01            109.RH 45.  96   5
 6 6  1.22980E-04  2.10477E-01  2.10477E-01  1.30000E+01            109.RH 45.  97   6
 6 7  3.71046E-05  2.10639E-01  2.10639E-01  1.30000E+01            109.RH 45.  98   7
 6 3  5.03304E-04  2.13283E-01  2.13283E-01  1.30000E+01            109.RH 45.  99   3
 6 4  9.34174E-05  2.13810E-01  2.13810E-01  1.30000E+01            109.RH 45. 100   4
 114  1.66400E+00  2.15280E-01  2.15280E-01  0.00000E+00            109.RH 45. 101  14
 6 1  6.88778E-02  1.90959E-01  1.90959E-01  1.40000E+01            109.RH 45. 102   1
 6 5  7.84110E-03  2.11700E-01  2.11700E-01  1.40000E+01            109.RH 45. 103   5
 6 6  3.85546E-04  2.11947E-01  2.11947E-01  1.40000E+01            109.RH 45. 104   6
 6 7  1.16360E-04  2.12109E-01  2.12109E-01  1.40000E+01            109.RH 45. 105   7
 6 3  1.58145E-03  2.14753E-01  2.14753E-01  1.40000E+01            109.RH 45. 106   3
 6 4  2.93457E-04  2.15280E-01  2.15280E-01  1.40000E+01            109.RH 45. 107   4
 115  1.24800E+00  2.45030E-01  2.45030E-01  0.00000E+00            109.RH 45. 108  15
 6 1  1.31617E-02  2.20709E-01  2.20709E-01  1.50000E+01            109.RH 45. 109   1
 6 5  1.38783E-03  2.41450E-01  2.41450E-01  1.50000E+01            109.RH 45. 110   5
 6 6  6.92122E-05  2.41697E-01  2.41697E-01  1.50000E+01            109.RH 45. 111   6
 6 7  9.92195E-05  2.41859E-01  2.41859E-01  1.50000E+01            109.RH 45. 112   7
 6 3  2.91968E-04  2.44503E-01  2.44503E-01  1.50000E+01            109.RH 45. 113   3
 6 4  5.38962E-05  2.45030E-01  2.45030E-01  1.50000E+01            109.RH 45. 114   4
 116  5.61600E+00  2.49160E-01  2.49160E-01  0.00000E+00            109.RH 45. 115  16
 6 1  1.58719E-01  2.24839E-01  2.24839E-01  1.60000E+01            109.RH 45. 116   1
 6 5  1.80406E-02  2.45580E-01  2.45580E-01  1.60000E+01            109.RH 45. 117   5
 6 6  8.37019E-04  2.45827E-01  2.45827E-01  1.60000E+01            109.RH 45. 118   6
 6 7  2.55781E-04  2.45989E-01  2.45989E-01  1.60000E+01            109.RH 45. 119   7
 6 3  3.62295E-03  2.48633E-01  2.48633E-01  1.60000E+01            109.RH 45. 120   3
 6 4  6.73102E-04  2.49160E-01  2.49160E-01  1.60000E+01            109.RH 45. 121   4
 117  3.64000E-01  2.64330E-01  2.64330E-01  0.00000E+00            109.RH 45. 122  17
 6 1  8.83059E-03  2.40009E-01  2.40009E-01  1.70000E+01            109.RH 45. 123   1
 6 5  1.00319E-03  2.60750E-01  2.60750E-01  1.70000E+01            109.RH 45. 124   5
 6 6  4.54040E-05  2.60997E-01  2.60997E-01  1.70000E+01            109.RH 45. 125   6
 6 7  1.39569E-05  2.61159E-01  2.61159E-01  1.70000E+01            109.RH 45. 126   7
 6 3  2.01080E-04  2.63803E-01  2.63803E-01  1.70000E+01            109.RH 45. 127   3
 6 4  3.73819E-05  2.64330E-01  2.64330E-01  1.70000E+01            109.RH 45. 128   4
 118  2.60000E-01  2.66260E-01  2.66260E-01  0.00000E+00            109.RH 45. 129  18
 6 1  9.77980E-03  2.41939E-01  2.41939E-01  1.80000E+01            109.RH 45. 130   1
 6 5  1.01066E-03  2.62680E-01  2.62680E-01  1.80000E+01            109.RH 45. 131   5
 6 6  2.12475E-04  2.62927E-01  2.62927E-01  1.80000E+01            109.RH 45. 132   6
 6 7  2.05217E-04  2.63089E-01  2.63089E-01  1.80000E+01            109.RH 45. 133   7
 6 3  2.73292E-04  2.65733E-01  2.65733E-01  1.80000E+01            109.RH 45. 134   3
 6 4  4.91989E-05  2.66260E-01  2.66260E-01  1.80000E+01            109.RH 45. 135   4
 119  1.04000E-01  2.74210E-01  2.74210E-01  0.00000E+00            109.RH 45. 136  19
 6 1  3.54555E-03  2.49889E-01  2.49889E-01  1.90000E+01            109.RH 45. 137   1
 6 5  3.67316E-04  2.70630E-01  2.70630E-01  1.90000E+01            109.RH 45. 138   5
 6 6  7.46821E-05  2.70877E-01  2.70877E-01  1.90000E+01            109.RH 45. 139   6
 6 7  7.15111E-05  2.71039E-01  2.71039E-01  1.90000E+01            109.RH 45. 140   7
 6 3  9.82059E-05  2.73683E-01  2.73683E-01  1.90000E+01            109.RH 45. 141   3
 6 4  1.77015E-05  2.74210E-01  2.74210E-01  1.90000E+01            109.RH 45. 142   4
 120  2.08000E+00  2.76260E-01  2.76260E-01  0.00000E+00            109.RH 45. 143  20
 6 1  4.50489E-02  2.51939E-01  2.51939E-01  2.00000E+01            109.RH 45. 144   1
 6 5  5.11587E-03  2.72680E-01  2.72680E-01  2.00000E+01            109.RH 45. 145   5
 6 6  2.27191E-04  2.72927E-01  2.72927E-01  2.00000E+01            109.RH 45. 146   6
 6 7  7.01684E-05  2.73089E-01  2.73089E-01  2.00000E+01            109.RH 45. 147   7
 6 3  1.02395E-03  2.75733E-01  2.75733E-01  2.00000E+01            109.RH 45. 148   3
 6 4  1.90449E-04  2.76260E-01  2.76260E-01  2.00000E+01            109.RH 45. 149   4
 121  7.22800E+00  2.91360E-01  2.91360E-01  0.00000E+00            109.RH 45. 150  21
 6 1  1.36629E-01  2.67039E-01  2.67039E-01  2.10000E+01            109.RH 45. 151   1
 6 5  1.55091E-02  2.87780E-01  2.87780E-01  2.10000E+01            109.RH 45. 152   5
 6 6  6.72879E-04  2.88027E-01  2.88027E-01  2.10000E+01            109.RH 45. 153   6
 6 7  2.09084E-04  2.88189E-01  2.88189E-01  2.10000E+01            109.RH 45. 154   7
 6 3  3.09882E-03  2.90833E-01  2.90833E-01  2.10000E+01            109.RH 45. 155   3
 6 4  5.76684E-04  2.91360E-01  2.91360E-01  2.10000E+01            109.RH 45. 156   4
 122  3.12000E-01  2.95540E-01  2.95540E-01  0.00000E+00            109.RH 45. 157  22
 6 1  1.98056E-03  2.71219E-01  2.71219E-01  2.20000E+01            109.RH 45. 158   1
 6 5  2.10245E-04  2.91960E-01  2.91960E-01  2.20000E+01            109.RH 45. 159   5
 6 6  9.22047E-06  2.92207E-01  2.92207E-01  2.20000E+01            109.RH 45. 160   6
 6 7  1.31930E-05  2.92369E-01  2.92369E-01  2.20000E+01            109.RH 45. 161   7
 6 3  4.36800E-05  2.95013E-01  2.95013E-01  2.20000E+01            109.RH 45. 162   3
 6 4  8.08171E-06  2.95540E-01  2.95540E-01  2.20000E+01            109.RH 45. 163   4
 123  5.20000E-02  3.20000E-01  3.20000E-01  0.00000E+00            109.RH 45. 164  23
 6 1  7.74800E-04  2.95679E-01  2.95679E-01  2.30000E+01            109.RH 45. 165   1
 6 5  8.78800E-05  3.16420E-01  3.16420E-01  2.30000E+01            109.RH 45. 166   5
 6 6  3.65560E-06  3.16667E-01  3.16667E-01  2.30000E+01            109.RH 45. 167   6
 6 7  1.14920E-06  3.16829E-01  3.16829E-01  2.30000E+01            109.RH 45. 168   7
 6 3  1.75082E-05  3.19473E-01  3.19473E-01  2.30000E+01            109.RH 45. 169   3
 6 4  3.26090E-06  3.20000E-01  3.20000E-01  2.30000E+01            109.RH 45. 170   4
 124  1.40400E+00  3.25430E-01  3.25430E-01  0.00000E+00            109.RH 45. 171  24
 6 1  2.00492E-02  3.01109E-01  3.01109E-01  2.40000E+01            109.RH 45. 172   1
 6 5  2.27354E-03  3.21850E-01  3.21850E-01  2.40000E+01            109.RH 45. 173   5
 6 6  9.38709E-05  3.22097E-01  3.22097E-01  2.40000E+01            109.RH 45. 174   6
 6 7  2.95707E-05  3.22259E-01  3.22259E-01  2.40000E+01            109.RH 45. 175   7
 6 3  4.52803E-04  3.24903E-01  3.24903E-01  2.40000E+01            109.RH 45. 176   3
 6 4  8.43304E-05  3.25430E-01  3.25430E-01  2.40000E+01            109.RH 45. 177   4
 125  5.20000E+01  3.26830E-01  3.26830E-01  0.00000E+00            109.RH 45. 178  25
 6 1  7.34562E-01  3.02509E-01  3.02509E-01  2.50000E+01            109.RH 45. 179   1
 6 5  8.32933E-02  3.23250E-01  3.23250E-01  2.50000E+01            109.RH 45. 180   5
 6 6  3.43250E-03  3.23497E-01  3.23497E-01  2.50000E+01            109.RH 45. 181   6
 6 7  1.08186E-03  3.23659E-01  3.23659E-01  2.50000E+01            109.RH 45. 182   7
 6 3  1.65875E-02  3.26303E-01  3.26303E-01  2.50000E+01            109.RH 45. 183   3
 6 4  3.08923E-03  3.26830E-01  3.26830E-01  2.50000E+01            109.RH 45. 184   4
 126  1.19600E+00  3.78050E-01  3.78050E-01  0.00000E+00            109.RH 45. 185  26
 6 1  1.17352E-02  3.53729E-01  3.53729E-01  2.60000E+01            109.RH 45. 186   1
 6 5  1.32805E-03  3.74470E-01  3.74470E-01  2.60000E+01            109.RH 45. 187   5
 6 6  5.12219E-05  3.74717E-01  3.74717E-01  2.60000E+01            109.RH 45. 188   6
 6 7  1.64672E-05  3.74879E-01  3.74879E-01  2.60000E+01            109.RH 45. 189   7
 6 3  2.63814E-04  3.77523E-01  3.77523E-01  2.60000E+01            109.RH 45. 190   3
 6 4  4.90933E-05  3.78050E-01  3.78050E-01  2.60000E+01            109.RH 45. 191   4
 127  5.20000E-02  3.91000E-01  3.91000E-01  0.00000E+00            109.RH 45. 192  27
 6 1  4.69356E-04  3.66679E-01  3.66679E-01  2.70000E+01            109.RH 45. 193   1
 6 5  5.30917E-05  3.87420E-01  3.87420E-01  2.70000E+01            109.RH 45. 194   5
 6 6  2.01566E-06  3.87667E-01  3.87667E-01  2.70000E+01            109.RH 45. 195   6
 6 7  6.51355E-07  3.87829E-01  3.87829E-01  2.70000E+01            109.RH 45. 196   7
 6 3  1.05409E-05  3.90473E-01  3.90473E-01  2.70000E+01            109.RH 45. 197   3
 6 4  1.96111E-06  3.91000E-01  3.91000E-01  2.70000E+01            109.RH 45. 198   4
 128  7.43600E+00  4.26140E-01  4.26140E-01  0.00000E+00            109.RH 45. 199  28
 6 1  5.43012E-02  4.01819E-01  4.01819E-01  2.80000E+01            109.RH 45. 200   1
 6 5  6.13515E-03  4.22560E-01  4.22560E-01  2.80000E+01            109.RH 45. 201   5
 6 6  2.23534E-04  4.22807E-01  4.22807E-01  2.80000E+01            109.RH 45. 202   6
 6 7  7.32746E-05  4.22969E-01  4.22969E-01  2.80000E+01            109.RH 45. 203   7
 6 3  1.21646E-03  4.25613E-01  4.25613E-01  2.80000E+01            109.RH 45. 204   3
 6 4  2.26187E-04  4.26140E-01  4.26140E-01  2.80000E+01            109.RH 45. 205   4
 129  2.60000E-01  4.27300E-01  4.27300E-01  0.00000E+00            109.RH 45. 206  29
 6 1  2.15016E-03  4.02979E-01  4.02979E-01  2.90000E+01            109.RH 45. 207   1
 6 5  2.30203E-04  4.23720E-01  4.23720E-01  2.90000E+01            109.RH 45. 208   5
 6 6  2.81595E-05  4.23967E-01  4.23967E-01  2.90000E+01            109.RH 45. 209   6
 6 7  2.38569E-05  4.24129E-01  4.24129E-01  2.90000E+01            109.RH 45. 210   7
 6 3  5.34770E-05  4.26773E-01  4.26773E-01  2.90000E+01            109.RH 45. 211   3
 6 4  9.81632E-06  4.27300E-01  4.27300E-01  2.90000E+01            109.RH 45. 212   4
 130  3.64000E-01  4.91700E-01  4.91700E-01  0.00000E+00            109.RH 45. 213  30
 6 1  1.87746E-03  4.67379E-01  4.67379E-01  3.00000E+01            109.RH 45. 214   1
 6 5  2.11786E-04  4.88120E-01  4.88120E-01  3.00000E+01            109.RH 45. 215   5
 6 6  7.18074E-06  4.88367E-01  4.88367E-01  3.00000E+01            109.RH 45. 216   6
 6 7  2.42134E-06  4.88529E-01  4.88529E-01  3.00000E+01            109.RH 45. 217   7
 6 3  4.18737E-05  4.91173E-01  4.91173E-01  3.00000E+01            109.RH 45. 218   3
 6 4  7.78469E-06  4.91700E-01  4.91700E-01  3.00000E+01            109.RH 45. 219   4
 131  4.68000E-01  5.40700E-01  5.40700E-01  0.00000E+00            109.RH 45. 220  31
 6 1  1.92270E-03  5.16379E-01  5.16379E-01  3.10000E+01            109.RH 45. 221   1
 6 5  2.16721E-04  5.37120E-01  5.37120E-01  3.10000E+01            109.RH 45. 222   5
 6 6  6.98754E-06  5.37367E-01  5.37367E-01  3.10000E+01            109.RH 45. 223   6
 6 7  2.40923E-06  5.37529E-01  5.37529E-01  3.10000E+01            109.RH 45. 224   7
 6 3  4.27463E-05  5.40173E-01  5.40173E-01  3.10000E+01            109.RH 45. 225   3
 6 4  7.95148E-06  5.40700E-01  5.40700E-01  3.10000E+01            109.RH 45. 226   4
 132  1.04000E-01  5.97300E-01  5.97300E-01  0.00000E+00            109.RH 45. 227  32
 6 1  3.37623E-04  5.72979E-01  5.72979E-01  3.20000E+01            109.RH 45. 228   1
 6 5  3.80256E-05  5.93720E-01  5.93720E-01  3.20000E+01            109.RH 45. 229   5
 6 6  1.16102E-06  5.93967E-01  5.93967E-01  3.20000E+01            109.RH 45. 230   6
 6 7  4.10990E-07  5.94129E-01  5.94129E-01  3.20000E+01            109.RH 45. 231   7
 6 3  7.48024E-06  5.96773E-01  5.96773E-01  3.20000E+01            109.RH 45. 232   3
 6 4  1.39250E-06  5.97300E-01  5.97300E-01  3.20000E+01            109.RH 45. 233   4
 133  1.04000E-01  6.17900E-01  6.17900E-01  0.00000E+00            109.RH 45. 234  33
 134  1.04000E-01  6.92000E-01  6.92000E-01  0.00000E+00            109.RH 45. 235  34
 6 1  2.39732E-04  6.67679E-01  6.67679E-01  3.40000E+01            109.RH 45. 236   1
 6 5  2.69653E-05  6.88420E-01  6.88420E-01  3.40000E+01            109.RH 45. 237   5
 6 6  7.57317E-07  6.88667E-01  6.88667E-01  3.40000E+01            109.RH 45. 238   6
 6 7  2.80362E-07  6.88829E-01  6.88829E-01  3.40000E+01            109.RH 45. 239   7
 6 3  5.28308E-06  6.91473E-01  6.91473E-01  3.40000E+01            109.RH 45. 240   3
 6 4  9.84654E-07  6.92000E-01  6.92000E-01  3.40000E+01            109.RH 45. 241   4
 135  1.04000E-01  1.04170E+00  1.04170E+00  0.00000E+00            109.RH 45. 242  35
 6 1  9.60638E-05  1.01738E+00  1.01738E+00  3.50000E+01            109.RH 45. 243   1
 6 5  1.07423E-05  1.03812E+00  1.03812E+00  3.50000E+01            109.RH 45. 244   5
 6 6  2.35316E-07  1.03837E+00  1.03837E+00  3.50000E+01            109.RH 45. 245   6
 6 7  1.03170E-07  1.03853E+00  1.03853E+00  3.50000E+01            109.RH 45. 246   7
 6 3  2.08367E-06  1.04117E+00  1.04117E+00  3.50000E+01            109.RH 45. 247   3
 6 4  3.88760E-07  1.04170E+00  1.04170E+00  3.50000E+01            109.RH 45. 248   4
 136  5.20000E-02  1.07200E+00  1.07200E+00  0.00000E+00            109.RH 45. 249  36
 137  1.04000E-01  1.31800E+00  1.31800E+00  0.00000E+00            109.RH 45. 250  37
 6 1  5.77515E-05  1.29368E+00  1.29368E+00  3.70000E+01            109.RH 45. 251   1
 6 5  6.45711E-06  1.31442E+00  1.31442E+00  3.70000E+01            109.RH 45. 252   5
 6 6  1.21493E-07  1.31467E+00  1.31467E+00  3.70000E+01            109.RH 45. 253   6
 6 7  6.12358E-08  1.31483E+00  1.31483E+00  3.70000E+01            109.RH 45. 254   7
 6 3  1.24873E-06  1.31747E+00  1.31747E+00  3.70000E+01            109.RH 45. 255   3
 6 4  2.32989E-07  1.31800E+00  1.31800E+00  3.70000E+01            109.RH 45. 256   4
 2 1  2.78066E+00  2.09884E-02  2.09884E-02  0.00000E+00            109.RH 45. 257   1
 2 2  5.25254E+00  2.11504E-02  2.11504E-02  0.00000E+00            109.RH 45. 258   2
 2 3  4.52443E-01  2.37657E-02  2.37657E-02  0.00000E+00            109.RH 45. 259   3
 2 4  8.79350E-01  2.37942E-02  2.37942E-02  0.00000E+00            109.RH 45. 260   4
 2 5  2.87651E-03  2.39728E-02  2.39728E-02  0.00000E+00            109.RH 45. 261   5
 2 6  4.02488E-03  2.39785E-02  2.39785E-02  0.00000E+00            109.RH 45. 262   6
 2 7  9.14293E-02  2.42613E-02  2.42613E-02  0.00000E+00            109.RH 45. 263   7
 2 8  1.77171E-01  2.42659E-02  2.42659E-02  0.00000E+00            109.RH 45. 264   8
 2 9  2.86523E-04  2.43129E-02  2.43129E-02  0.00000E+00            109.RH 45. 265   9
 210  3.93937E-04  2.43133E-02  2.43133E-02  0.00000E+00            109.RH 45. 266  10
 221  3.29237E-05  2.47400E-04  2.47400E-04  0.00000E+00            109.RH 45. 267  21
 222  2.57125E-04  4.09400E-04  4.09400E-04  0.00000E+00            109.RH 45. 268  22
 223  7.53676E-03  3.02474E-03  3.02474E-03  0.00000E+00            109.RH 45. 269  23
 224  1.26289E-02  3.05320E-03  3.05320E-03  0.00000E+00            109.RH 45. 270  24
 225  7.94671E-05  3.23176E-03  3.23176E-03  0.00000E+00            109.RH 45. 271  25
 226  1.18507E-04  3.23749E-03  3.23749E-03  0.00000E+00            109.RH 45. 272  26
 227  1.30789E-03  3.52032E-03  3.52032E-03  0.00000E+00            109.RH 45. 273  27
 228  2.21016E-03  3.52491E-03  3.52491E-03  0.00000E+00            109.RH 45. 274  28
 229  5.68057E-06  3.57186E-03  3.57186E-03  0.00000E+00            109.RH 45. 275  29
 230  8.42041E-06  3.57233E-03  3.57233E-03  0.00000E+00            109.RH 45. 276  30
 241  6.78310E-08  1.62000E-04  1.62000E-04  0.00000E+00            109.RH 45. 277  41
 242  1.82607E-02  2.67765E-03  2.67765E-03  0.00000E+00            109.RH 45. 278  42
 243  2.10036E-04  2.80581E-03  2.80581E-03  0.00000E+00            109.RH 45. 279  43
 244  2.36334E-01  2.98436E-03  2.98436E-03  0.00000E+00            109.RH 45. 280  44
 245  1.83330E-03  3.24160E-03  3.24160E-03  0.00000E+00            109.RH 45. 281  45
 246  1.26035E-05  3.27751E-03  3.27751E-03  0.00000E+00            109.RH 45. 282  46
 247  1.96471E-02  3.32446E-03  3.32446E-03  0.00000E+00            109.RH 45. 283  47
 261  6.43836E-02  2.51566E-03  2.51566E-03  0.00000E+00            109.RH 45. 284  61
 262  3.00692E-04  2.61534E-03  2.61534E-03  0.00000E+00            109.RH 45. 285  62
 263  2.83554E-04  2.64380E-03  2.64380E-03  0.00000E+00            109.RH 45. 286  63
 264  5.05102E-02  2.82236E-03  2.82236E-03  0.00000E+00            109.RH 45. 287  64
 265  4.48422E-01  2.82809E-03  2.82809E-03  0.00000E+00            109.RH 45. 288  65
 266  3.98769E-03  3.07959E-03  3.07959E-03  0.00000E+00            109.RH 45. 289  66
 267  1.36308E-05  3.11093E-03  3.11093E-03  0.00000E+00            109.RH 45. 290  67
 268  1.29660E-05  3.11551E-03  3.11551E-03  0.00000E+00            109.RH 45. 291  68
 269  4.13801E-03  3.16246E-03  3.16246E-03  0.00000E+00            109.RH 45. 292  69
 270  3.62722E-02  3.16293E-03  3.16293E-03  0.00000E+00            109.RH 45. 293  70
 291  2.69648E-02  3.36333E-04  3.36333E-04  0.00000E+00            109.RH 45. 294  91
 292  4.96545E-04  4.31350E-05  4.31350E-05  0.00000E+00            109.RH 45. 295  92
 294  1.36242E+02  7.85999E-06  7.85999E-06  0.00000E+00            109.RH 45. 296  94
 7 1  1.46669E+00  1.76856E-02  1.76856E-02  0.00000E+00            109.RH 45. 297   1
 7 2  5.82141E-01  2.05196E-02  2.05196E-02  0.00000E+00            109.RH 45. 298   2
 7 3  5.56285E-02  2.33566E-02  2.33566E-02  0.00000E+00            109.RH 45. 299   3
 7 4  2.52145E+00  1.21835E-04  1.21835E-04  0.00000E+00            109.RH 45. 300   4
 7 5  1.28587E+01  2.38239E-03  2.38239E-03  0.00000E+00            109.RH 45. 301   5
 7 6  2.60732E+00  2.75666E-03  2.75666E-03  0.00000E+00            109.RH 45. 302   6
 7 7  1.41529E-01  3.14967E-03  3.14967E-03  0.00000E+00            109.RH 45. 303   7
 7 8  1.35796E+01  1.26725E-04  1.26725E-04  0.00000E+00            109.RH 45. 304   8
 7 9  3.33101E+01  2.92788E-04  2.92788E-04  0.00000E+00            109.RH 45. 305   9
 712  5.12684E+01  3.82271E-05  3.82271E-05  0.00000E+00            109.RH 45. 306  12
%%%% 109 RH  45    B-           8.00000E+01 80 S       18-07-2007       SEEIEND 
 


   ***************************************************** 
   *                 Radiation Summary                 * 
   ***************************************************** 
 
  Energy released by
    Gamma-ray                       (MeV) =   2.96172E-01
    X-ray                           (MeV) =   2.10455E-03
    Free-bound X-ray                (MeV) =   1.07086E-05
    Annihilation photon             (MeV) =   0.00000E+00
    Beta+ particle                  (MeV) =   0.00000E+00
    Neutrino                        (MeV) =   0.00000E+00
    Beta- particle                  (MeV) =   9.18781E-01
    Neutrino-                       (MeV) =   1.36319E+00
    Internal conv. electron         (MeV) =   1.22999E-02
    Auger and CK electron           (MeV) =   9.11923E-04
    Alpha particle                  (MeV) =   0.00000E+00
    Recoil nucleus                  (MeV) =   0.00000E+00
  E-total (except unplaced radiat.) (MeV) =   2.59348E+00
  E-unplaced radiation              (MeV) =   1.20006E-03
  Q-value from ENSDF data           (MeV) =   2.59100E+00
  Ratio of E-total/Q-value          ( % ) =   1.00096E+02
  Ratio of E-unplaced radi./Q-value ( % ) =   4.63163E-02

 
  Total yield of
    Gamma-ray                             =   1.00194E+00
    X-ray                                 =   1.05774E-01
    Free-bound X-ray                      =   1.36242E+00
    Annihilation photon                   =   0.00000E+00
    Beta+ particle                        =   0.00000E+00
    Beta- particle                        =   1.00000E+00
    Internal conv. electron               =   1.78514E-01
    Auger and CK electron                 =   1.18392E+00
    Alpha particle                        =   0.00000E+00
  Yield of unplaced radiation             =   1.56000E-03


