%%%%  98 RH  45    EC B+        5.22000E+02  8.7 M     02-11-2005       BALASTAR
1  98   RH  45  8.7 M          EC B+      
           WARNING:                                                                             
  98 RU 44  GAMMA-RAY ENERGY =   0.74540 MEV                                                    
           HALF-LIFE OF INITIAL LEVEL ASSOCIATED WITH GAMMA-RAY TOO SHORT TO BE                 
           CONSIDERED ISOMERIC, AND INTENSITY = 0.0                                             
           TRANSITION IGNORED                                                                   
           WARNING:                                                                             
  98 RU 44  GAMMA-RAY ENERGY =   1.71980 MEV                                                    
           HALF-LIFE OF INITIAL LEVEL ASSOCIATED WITH GAMMA-RAY TOO SHORT TO BE                 
           CONSIDERED ISOMERIC, AND INTENSITY = 0.0                                             
           TRANSITION IGNORED                                                                   
           WARNING:                                                                             
  98 RU 44  GAMMA-RAY ENERGY =   2.46760 MEV                                                    
           HALF-LIFE OF INITIAL LEVEL ASSOCIATED WITH GAMMA-RAY TOO SHORT TO BE                 
           CONSIDERED ISOMERIC, AND INTENSITY = 0.0                                             
           TRANSITION IGNORED                                                                   
           WARNING:                                                                             
  98 RU 44  GAMMA-RAY ENERGY =   2.61920 MEV                                                    
           HALF-LIFE OF INITIAL LEVEL ASSOCIATED WITH GAMMA-RAY TOO SHORT TO BE                 
           CONSIDERED ISOMERIC, AND INTENSITY = 0.0                                             
           TRANSITION IGNORED                                                                   
           WARNING:                                                                             
  98 RU 44  GAMMA-RAY ENERGY =   3.17930 MEV                                                    
           HALF-LIFE OF INITIAL LEVEL ASSOCIATED WITH GAMMA-RAY TOO SHORT TO BE                 
           CONSIDERED ISOMERIC, AND INTENSITY = 0.0                                             
           TRANSITION IGNORED                                                                   
           WARNING:                                                                             
  98 RU 44  GAMMA-RAY ENERGY =   3.36670 MEV                                                    
           HALF-LIFE OF INITIAL LEVEL ASSOCIATED WITH GAMMA-RAY TOO SHORT TO BE                 
           CONSIDERED ISOMERIC, AND INTENSITY = 0.0                                             
           TRANSITION IGNORED                                                                   
1INTENSITY AND ENERGY BALANCE DATA

              98-RHODIUM-45
+                                    HALFLIFE = 8.7 MINUTES 
+                                                                  02-11-2005


    LEVEL       INTENSITY   INTENSITY
    ENERGY      ENTERING    LEAVING     PERCENT
    (MEV)       LEVEL       LEVEL       ERROR

   0.0000E+00  1.0028E+02
   6.5260E-01  9.3478E+01  9.4441E+01  1.0241E+00                      
   1.3980E+00  0.0000E+00  0.0000E+00  2.0000E+02  ********************
   1.4149E+00  2.9067E+00  2.8295E+00  2.6923E+00                      
   1.8170E+00  9.7956E+00  9.2361E+00  5.8796E+00                      
   2.0126E+00  7.9855E-01  7.5594E-01  5.4826E+00                      
   2.4676E+00  0.0000E+00  0.0000E+00  2.0000E+02  ********************
   2.6192E+00  0.0000E+00  0.0000E+00  2.0000E+02  ********************
   3.1793E+00  0.0000E+00  0.0000E+00  2.0000E+02  ********************
   3.3667E+00  0.0000E+00  0.0000E+00  2.0000E+02  ********************
   3.5370E+00  0.0000E+00  0.0000E+00  2.0000E+02  ********************


 INTENSITY TO GROUND AND ISOMERIC STATE(S) OF DAUGHTER(S)=  1.003E+02
 TOTAL INTENSITY FROM PARENT=  1.000E+02
 PERCENT ERROR =  2.821E-01                      


 TOTAL INTENSITY FROM PARENT =  1.000E+02
 VALUE IS WITHIN   0.00E+00% OF 100                      


 TOTAL ENERGY AVAILABLE =  5.057E+00 MEV
 TOTAL ENERGY CONTENT OF ALL RADIATIONS =  5.051E+00 MEV
 PERCENT ERROR =  1.156E-01                      
%%%%  98 RH  45    EC B+        5.22000E+02  8.7 M     02-11-2005       BALAEND 
%%%%  98 RH  45    EC B+        5.22000E+02  8.7 M     02-11-2005       INPUSTAR
1                                      **INPUT DATA**
              98-RHODIUM-45
+                                    HALFLIFE = 8.7 MINUTES 
+                                                                  02-11-2005

            MODES OF DECAY: ELECTRON CAPTURE, BETA PLUS
 
                                MEAN
                                NUMBER/    TRANSITION
                TYPE OF    ID   TRANSFOR-  ENERGY
              TRANSITION   NO.  MATION     (MEV)       OTHER NUCLEAR PARAMETERS

           ELECT. CAPTURE   1   2.34E-03   3.044E+00   ALLOWED                                  
           ELECT. CAPTURE   2   2.34E-02   3.240E+00   ALLOWED                                  
           ELECT. CAPTURE   3   3.41E-03   3.642E+00   ALLOWED                                  
           ELECT. CAPTURE   4   6.97E-02   4.404E+00   ALLOWED                                  
                BETA PLUS   1   5.64E-03   2.022E+00*  ALLOWED                                  
                BETA PLUS   2   7.45E-02   2.218E+00*  ALLOWED                                  
                BETA PLUS   3   1.81E-02   2.620E+00*  ALLOWED                                  
                BETA PLUS   4   8.03E-01   3.382E+00*  ALLOWED                                  
           I.C.E. + GAMMA   1   7.56E-03   5.977E-01   M1 MULTIPOLE                             
+                                                                    AK= 0.00272                
           I.C.E. + GAMMA   2   9.44E-01   6.526E-01   E2 MULTIPOLE                             
+                                                                    AK= 0.00223                
           I.C.E. + GAMMA   4   1.70E-02   7.623E-01   M1 MULTIPOLE                             
+                                                                    AK= 0.00156                
           I.C.E. + GAMMA   5   6.78E-03   8.321E-01   UNPLACED GAMMA                           
           I.C.E. + GAMMA   6   4.14E-03   1.141E+00   UNPLACED GAMMA                           
           I.C.E. + GAMMA   7   4.52E-02   1.164E+00   M1 MULTIPOLE                             
           I.C.E. + GAMMA   8   1.13E-02   1.415E+00   E2 MULTIPOLE                             
           I.C.E. + GAMMA  10   1.06E-02   1.724E+00   UNPLACED GAMMA                           
           I.C.E. + GAMMA  11   4.71E-02   1.817E+00   M1 MULTIPOLE                             
           I.C.E. + GAMMA  12   1.70E-02   1.973E+00   UNPLACED GAMMA                           
           I.C.E. + GAMMA  14   1.04E-02   2.529E+00   UNPLACED GAMMA                           
           I.C.E. + GAMMA  16   2.26E-03   2.623E+00   UNPLACED GAMMA                           
           I.C.E. + GAMMA  17   2.83E-03   3.004E+00   UNPLACED GAMMA                           
 
           * ENDPOINT ENERGY (MEV)
           - - - - - - - - - -
           Reference: Evaluated Nuclear Structure Data File (ENSDF)
                DATE DATA WERE ENTERED INTO ENSDF: Aug-1998
%%%%  98 RH  45    EC B+        5.22000E+02  8.7 M     02-11-2005       INPUEND 
%%%%  98 RH  45    EC B+        5.22000E+02  8.7 M     02-11-2005       OUTPSTAR
1                                      **OUTPUT DATA**
              98-RHODIUM-45
+                                    HALFLIFE = 8.7 MINUTES 
+                                                                  02-11-2005

            MODES OF DECAY: ELECTRON CAPTURE, BETA PLUS
 
                                              MEAN
                                              NUMBER/                  MEV/
                                         ID   TRANSFOR-   ENERGY       TRANSFOR-
                  TYPE OF RADIATION      NO.  MATION      (MEV)        MATION

           BETA PLUS                      1   5.64E-03    9.030E-01*   5.10E-03
           BETA PLUS                      2   7.45E-02    9.930E-01*   7.40E-02
           BETA PLUS                      3   1.81E-02    1.180E+00*   2.13E-02
           BETA PLUS                      4   8.03E-01    1.538E+00*   1.23E+00
           ANNIHILATION RADIATION             1.80E+00    5.110E-01    9.21E-01
           GAMMA-RAY                      1   7.54E-03    5.977E-01    4.50E-03
           GAMMA-RAY                      2   9.42E-01    6.526E-01    6.15E-01
           GAMMA-RAY                      4   1.70E-02    7.623E-01    1.29E-02
           GAMMA-RAY                      5   6.78E-03    8.321E-01    5.64E-03
           GAMMA-RAY                      6   4.14E-03    1.141E+00    4.73E-03
           GAMMA-RAY                      7   4.52E-02    1.164E+00    5.26E-02
           GAMMA-RAY                      8   1.13E-02    1.415E+00    1.60E-02
           GAMMA-RAY                     10   1.06E-02    1.724E+00    1.83E-02
           GAMMA-RAY                     11   4.71E-02    1.817E+00    8.56E-02
           GAMMA-RAY                     12   1.70E-02    1.973E+00    3.35E-02
           GAMMA-RAY                     14   1.04E-02    2.529E+00    2.62E-02
           GAMMA-RAY                     16   2.26E-03    2.623E+00    5.93E-03
           GAMMA-RAY                     17   2.83E-03    3.004E+00    8.49E-03
 
           ALL LISTED X-RAYS, GAMMA-RAYS AND ANNIHILATION RADIATION    1.81E+00
           ALL NEGLECTED X-RAYS, GAMMA-RAYS AND ANNIH. RADIATION**     1.39E-03
           ALL LISTED BETAS, INTERNAL CONVERSION AND AUGER ELECTRONS   1.33E+00
           ALL NEGLECTED BETAS, INT. CONVERSION AND AUGER ELECTRONS**  2.22E-03
           ALL LISTED RADIATIONS                                       3.14E+00
           ALL NEGLECTED RADIATIONS**                                  3.61E-03
 
           *  AVERAGE ENERGY (MEV)
           ** EACH NEGLECTED TRANSITION CONTRIBUTES LESS THAN  0.100%
              TO THE TOTAL MEV/TRANSFORMATION FOR THIS CATEGORY.
           TOTAL FEEDING OF GROUND STATE LEVEL IN 98-RUTHENIUM
             DAUGHTER IS 1.0000E+00 PER TRANSFORMATION OF  98-RHODIUM.
             THIS DAUGHTER GROUND STATE IS STABLE.
           - - - - - - - - - -
           INPUT DATA SOURCE: EVALUATED NUCLEAR STRUCTURE DATA FILE (ENSDF)
             DATE INPUT DATA WERE ENTERED INTO ENSDF: Aug-1998
%%%%  98 RH  45    EC B+        5.22000E+02  8.7 M     02-11-2005       OUTPEND 
%%%%  98 RH  45    EC B+        5.22000E+02  8.7 M     02-11-2005       BETASTAR
1
              98-RHODIUM-45
+                                    HALFLIFE = 8.7 MINUTES 
+                                                                  02-11-2005

            BETA SPECTRUM DATA FOR ALL DECAY BRANCHES

                      BETAS PER                BETAS PER                BETAS PER
            ENERGY    MEV            ENERGY    MEV            ENERGY    MEV
            (MEV)     PER DECAY      (MEV)     PER DECAY      (MEV)     PER DECAY

            0.00000   0.000E+00      0.00320   1.956E-06      0.12000   4.729E-02
            0.00010   0.000E+00      0.00360   3.712E-06      0.13000   5.301E-02
            0.00011   0.000E+00      0.00400   6.286E-06      0.14000   5.877E-02
            0.00012   0.000E+00      0.00450   1.085E-05      0.15000   6.457E-02
            0.00013   0.000E+00      0.00500   1.709E-05      0.16000   7.039E-02
            0.00014   0.000E+00      0.00550   2.521E-05      0.18000   8.206E-02
            0.00015   0.000E+00      0.00600   3.534E-05      0.20000   9.374E-02
            0.00016   0.000E+00      0.00650   4.764E-05      0.22000   1.054E-01
            0.00018   0.000E+00      0.00700   6.221E-05      0.24000   1.170E-01
            0.00020   0.000E+00      0.00750   7.918E-05      0.26000   1.285E-01
            0.00022   0.000E+00      0.00800   9.863E-05      0.28000   1.400E-01
            0.00024   0.000E+00      0.00850   1.206E-04      0.30000   1.513E-01
            0.00026   0.000E+00      0.00900   1.453E-04      0.32000   1.626E-01
            0.00028   3.914E-27      0.01000   2.028E-04      0.36000   1.847E-01
            0.00030   3.402E-26      0.01100   2.716E-04      0.40000   2.063E-01
            0.00032   2.495E-25      0.01200   3.520E-04      0.45000   2.325E-01
            0.00036   9.021E-24      0.01300   4.441E-04      0.50000   2.577E-01
            0.00040   2.173E-22      0.01400   5.483E-04      0.55000   2.818E-01
            0.00045   7.499E-21      0.01500   6.644E-04      0.60000   3.047E-01
            0.00050   1.738E-19      0.01600   7.926E-04      0.65000   3.264E-01
            0.00055   2.851E-18      0.01800   1.085E-03      0.70000   3.468E-01
            0.00060   3.437E-17      0.02000   1.424E-03      0.75000   3.659E-01
            0.00065   3.140E-16      0.02200   1.809E-03      0.80000   3.835E-01
            0.00070   2.240E-15      0.02400   2.239E-03      0.85000   3.996E-01
            0.00075   1.284E-14      0.02600   2.710E-03      0.90000   4.143E-01
            0.00080   6.070E-14      0.02800   3.222E-03      1.00000   4.389E-01
            0.00085   2.425E-13      0.03000   3.772E-03      1.10000   4.572E-01
            0.00090   8.370E-13      0.03200   4.359E-03      1.20000   4.690E-01
            0.00100   6.912E-12      0.03600   5.633E-03      1.30000   4.746E-01
            0.00110   3.867E-11      0.04000   7.030E-03      1.40000   4.739E-01
            0.00120   1.607E-10      0.04500   8.927E-03      1.50000   4.674E-01
            0.00130   5.304E-10      0.05000   1.097E-02      1.60000   4.553E-01
            0.00140   1.462E-09      0.05500   1.314E-02      1.80000   4.170E-01
            0.00150   3.491E-09      0.06000   1.542E-02      2.00000   3.645E-01
            0.00160   7.433E-09      0.06500   1.778E-02      2.20000   3.049E-01
            0.00180   2.587E-08      0.07000   2.023E-02      2.40000   2.414E-01
            0.00200   6.949E-08      0.07500   2.275E-02      2.60000   1.742E-01
            0.00220   1.553E-07      0.08000   2.532E-02      2.80000   1.093E-01
            0.00240   3.035E-07      0.08500   2.795E-02      3.00000   5.292E-02
            0.00260   5.357E-07      0.09000   3.062E-02      3.20000   1.344E-02
            0.00280   8.740E-07      0.10000   3.607E-02      3.38240   0.000E+00
            0.00300   1.340E-06      0.11000   4.164E-02

            AVERAGE BETA ENERGY =   1.481E+00

            TOTAL BETAS PER DECAY FOR ALL BRANCHES =   9.011E-01
%%%%  98 RH  45    EC B+        5.22000E+02  8.7 M     02-11-2005       BETAEND 
%%%%  98 RH  45    EC B+        5.22000E+02  8.7 M     02-11-2005       SEEISTAR
 98.  RHODIUM      45.  8.700E+00 MINUTES  105 EC B+                 98.RH 45.   0
 4 1  5.64310E-01  9.03017E-01  2.02240E+00  0.00000E+00             98.RH 45.   1   1
 4 2  7.45315E+00  9.93004E-01  2.21800E+00  0.00000E+00             98.RH 45.   2   2
 4 3  1.81005E+00  1.17950E+00  2.62010E+00  0.00000E+00             98.RH 45.   3   3
 4 4  8.02811E+01  1.53759E+00  3.38240E+00  0.00000E+00             98.RH 45.   4   4
 3 3  1.80217E+02  5.11000E-01  5.11000E-01  0.00000E+00             98.RH 45.   5   3
 1 1  7.53600E-01  5.97700E-01  5.97700E-01  0.00000E+00             98.RH 45.   6   1
 6 1  2.05071E-03  5.75613E-01  5.75613E-01  1.00000E+00             98.RH 45.   7   1
 6 5  2.26815E-04  5.94496E-01  5.94496E-01  1.00000E+00             98.RH 45.   8   5
 6 6  6.36021E-06  5.94728E-01  5.94728E-01  1.00000E+00             98.RH 45.   9   6
 6 7  2.40924E-06  5.94861E-01  5.94861E-01  1.00000E+00             98.RH 45.  10   7
 6 3  4.36748E-05  5.97241E-01  5.97241E-01  1.00000E+00             98.RH 45.  11   3
 6 4  8.40399E-06  5.97700E-01  5.97700E-01  1.00000E+00             98.RH 45.  12   4
 1 2  9.42000E+01  6.52600E-01  6.52600E-01  0.00000E+00             98.RH 45.  13   2
 6 1  2.09990E-01  6.30513E-01  6.30513E-01  2.00000E+00             98.RH 45.  14   1
 6 5  2.25534E-02  6.49396E-01  6.49396E-01  2.00000E+00             98.RH 45.  15   5
 6 6  1.45536E-03  6.49628E-01  6.49628E-01  2.00000E+00             98.RH 45.  16   6
 6 7  1.18483E-03  6.49761E-01  6.49761E-01  2.00000E+00             98.RH 45.  17   7
 6 3  4.66855E-03  6.52141E-01  6.52141E-01  2.00000E+00             98.RH 45.  18   3
 6 4  8.86118E-04  6.52600E-01  6.52600E-01  2.00000E+00             98.RH 45.  19   4
 1 4  1.69560E+00  7.62300E-01  7.62300E-01  0.00000E+00             98.RH 45.  20   4
 6 1  2.63988E-03  7.40213E-01  7.40213E-01  4.00000E+00             98.RH 45.  21   1
 6 5  2.91351E-04  7.59096E-01  7.59096E-01  4.00000E+00             98.RH 45.  22   5
 6 6  7.07045E-06  7.59328E-01  7.59328E-01  4.00000E+00             98.RH 45.  23   6
 6 7  2.91045E-06  7.59461E-01  7.59461E-01  4.00000E+00             98.RH 45.  24   7
 6 3  5.57255E-05  7.61841E-01  7.61841E-01  4.00000E+00             98.RH 45.  25   3
 6 4  1.07369E-05  7.62300E-01  7.62300E-01  4.00000E+00             98.RH 45.  26   4
 1 5  6.78240E-01  8.32100E-01  8.32100E-01  0.00000E+00             98.RH 45.  27   5
 1 6  4.14480E-01  1.14100E+00  1.14100E+00  0.00000E+00             98.RH 45.  28   6
 1 7  4.52160E+00  1.16440E+00  1.16440E+00  0.00000E+00             98.RH 45.  29   7
 6 1  2.77631E-03  1.14231E+00  1.14231E+00  7.00000E+00             98.RH 45.  30   1
 6 5  3.05920E-04  1.16120E+00  1.16120E+00  7.00000E+00             98.RH 45.  31   5
 6 6  5.64996E-06  1.16143E+00  1.16143E+00  7.00000E+00             98.RH 45.  32   6
 6 7  2.84355E-06  1.16156E+00  1.16156E+00  7.00000E+00             98.RH 45.  33   7
 6 3  5.79503E-05  1.16394E+00  1.16394E+00  7.00000E+00             98.RH 45.  34   3
 6 4  1.11233E-05  1.16440E+00  1.16440E+00  7.00000E+00             98.RH 45.  35   4
 1 8  1.13040E+00  1.41490E+00  1.41490E+00  0.00000E+00             98.RH 45.  36   8
 6 1  4.21402E-04  1.39281E+00  1.39281E+00  8.00000E+00             98.RH 45.  37   1
 6 5  4.57889E-05  1.41170E+00  1.41170E+00  8.00000E+00             98.RH 45.  38   5
 6 6  1.12113E-06  1.41193E+00  1.41193E+00  8.00000E+00             98.RH 45.  39   6
 6 7  9.65040E-07  1.41206E+00  1.41206E+00  8.00000E+00             98.RH 45.  40   7
 6 3  8.84626E-06  1.41444E+00  1.41444E+00  8.00000E+00             98.RH 45.  41   3
 6 4  1.66422E-06  1.41490E+00  1.41490E+00  8.00000E+00             98.RH 45.  42   4
 110  1.06446E+00  1.72350E+00  1.72350E+00  0.00000E+00             98.RH 45.  43  10
 111  4.71000E+00  1.81700E+00  1.81700E+00  0.00000E+00             98.RH 45.  44  11
 6 1  1.15905E-03  1.79491E+00  1.79491E+00  1.10000E+01             98.RH 45.  45   1
 6 5  1.26271E-04  1.81380E+00  1.81380E+00  1.10000E+01             98.RH 45.  46   5
 6 6  1.71683E-06  1.81403E+00  1.81403E+00  1.10000E+01             98.RH 45.  47   6
 6 7  1.16669E-06  1.81416E+00  1.81416E+00  1.10000E+01             98.RH 45.  48   7
 6 3  2.39712E-05  1.81654E+00  1.81654E+00  1.10000E+01             98.RH 45.  49   3
 6 4  4.54119E-06  1.81700E+00  1.81700E+00  1.10000E+01             98.RH 45.  50   4
 112  1.69560E+00  1.97340E+00  1.97340E+00  0.00000E+00             98.RH 45.  51  12
 114  1.03620E+00  2.52870E+00  2.52870E+00  0.00000E+00             98.RH 45.  52  14
 116  2.26080E-01  2.62290E+00  2.62290E+00  0.00000E+00             98.RH 45.  53  16
 117  2.82600E-01  3.00400E+00  3.00400E+00  0.00000E+00             98.RH 45.  54  17
 2 1  2.02004E+00  1.91152E-02  1.91152E-02  0.00000E+00             98.RH 45.  55   1
 2 2  3.83245E+00  1.92483E-02  1.92483E-02  0.00000E+00             98.RH 45.  56   2
 2 3  3.21588E-01  2.16049E-02  2.16049E-02  0.00000E+00             98.RH 45.  57   3
 2 4  6.25447E-01  2.16277E-02  2.16277E-02  0.00000E+00             98.RH 45.  58   4
 2 5  1.79648E-03  2.17925E-02  2.17925E-02  0.00000E+00             98.RH 45.  59   5
 2 6  2.52761E-03  2.17969E-02  2.17969E-02  0.00000E+00             98.RH 45.  60   6
 2 7  6.29811E-02  2.20328E-02  2.20328E-02  0.00000E+00             98.RH 45.  61   7
 2 8  1.21255E-01  2.20364E-02  2.20364E-02  0.00000E+00             98.RH 45.  62   8
 2 9  1.19707E-04  2.20778E-02  2.20778E-02  0.00000E+00             98.RH 45.  63   9
 210  1.66521E-04  2.20782E-02  2.20782E-02  0.00000E+00             98.RH 45.  64  10
 221  2.74170E-05  2.32100E-04  2.32100E-04  0.00000E+00             98.RH 45.  65  21
 222  1.90811E-04  3.65200E-04  3.65200E-04  0.00000E+00             98.RH 45.  66  22
 223  4.76753E-03  2.72184E-03  2.72184E-03  0.00000E+00             98.RH 45.  67  23
 224  8.09787E-03  2.74460E-03  2.74460E-03  0.00000E+00             98.RH 45.  68  24
 225  4.55636E-05  2.90937E-03  2.90937E-03  0.00000E+00             98.RH 45.  69  25
 226  6.79027E-05  2.91385E-03  2.91385E-03  0.00000E+00             98.RH 45.  70  26
 227  7.93725E-04  3.14970E-03  3.14970E-03  0.00000E+00             98.RH 45.  71  27
 228  1.36087E-03  3.15323E-03  3.15323E-03  0.00000E+00             98.RH 45.  72  28
 229  2.23392E-06  3.19474E-03  3.19474E-03  0.00000E+00             98.RH 45.  73  29
 230  3.32614E-06  3.19511E-03  3.19511E-03  0.00000E+00             98.RH 45.  74  30
 241  2.44516E-08  1.33100E-04  1.33100E-04  0.00000E+00             98.RH 45.  75  41
 242  9.63020E-03  2.39778E-03  2.39778E-03  0.00000E+00             98.RH 45.  76  42
 243  1.02828E-04  2.51250E-03  2.51250E-03  0.00000E+00             98.RH 45.  77  43
 244  1.12200E-01  2.67727E-03  2.67727E-03  0.00000E+00             98.RH 45.  78  44
 245  8.63708E-04  2.88966E-03  2.88966E-03  0.00000E+00             98.RH 45.  79  45
 246  5.21939E-06  2.92114E-03  2.92114E-03  0.00000E+00             98.RH 45.  80  46
 247  6.30691E-03  2.96264E-03  2.96264E-03  0.00000E+00             98.RH 45.  81  47
 261  3.69491E-02  2.26467E-03  2.26467E-03  0.00000E+00             98.RH 45.  82  61
 262  1.64746E-04  2.35665E-03  2.35665E-03  0.00000E+00             98.RH 45.  83  62
 263  1.55907E-04  2.37941E-03  2.37941E-03  0.00000E+00             98.RH 45.  84  63
 264  2.70714E-02  2.54417E-03  2.54417E-03  0.00000E+00             98.RH 45.  85  64
 265  2.40216E-01  2.54865E-03  2.54865E-03  0.00000E+00             98.RH 45.  86  65
 266  2.07609E-03  2.75655E-03  2.75655E-03  0.00000E+00             98.RH 45.  87  66
 267  6.36980E-06  2.78451E-03  2.78451E-03  0.00000E+00             98.RH 45.  88  67
 268  6.07697E-06  2.78804E-03  2.78804E-03  0.00000E+00             98.RH 45.  89  68
 269  1.50229E-03  2.82955E-03  2.82955E-03  0.00000E+00             98.RH 45.  90  69
 270  1.32543E-02  2.82992E-03  2.82992E-03  0.00000E+00             98.RH 45.  91  70
 291  1.14007E-02  2.78027E-04  2.78027E-04  0.00000E+00             98.RH 45.  92  91
 292  1.98575E-04  3.63217E-05  3.63217E-05  0.00000E+00             98.RH 45.  93  92
 294  9.00398E+01  8.90921E-06  8.90921E-06  0.00000E+00             98.RH 45.  94  94
 7 1  1.27411E+00  1.61570E-02  1.61570E-02  0.00000E+00             98.RH 45.  95   1
 7 2  4.90200E-01  1.86981E-02  1.86981E-02  0.00000E+00             98.RH 45.  96   2
 7 3  4.54554E-02  2.12417E-02  2.12417E-02  0.00000E+00             98.RH 45.  97   3
 7 4  1.93172E+00  1.07938E-04  1.07938E-04  0.00000E+00             98.RH 45.  98   4
 7 5  8.06935E+00  2.15879E-03  2.15879E-03  0.00000E+00             98.RH 45.  99   5
 7 6  1.37521E+00  2.46829E-03  2.46829E-03  0.00000E+00             98.RH 45. 100   6
 7 7  6.59056E-02  2.80439E-03  2.80439E-03  0.00000E+00             98.RH 45. 101   7
 7 8  8.44506E+00  1.14222E-04  1.14222E-04  0.00000E+00             98.RH 45. 102   8
 7 9  2.06774E+01  2.31913E-04  2.31913E-04  0.00000E+00             98.RH 45. 103   9
 710  1.52021E-01  2.77343E-04  2.77343E-04  0.00000E+00             98.RH 45. 104  10
 712  3.73451E+01  3.14530E-05  3.14530E-05  0.00000E+00             98.RH 45. 105  12
%%%%  98 RH  45    EC B+        5.22000E+02  8.7 M     02-11-2005       SEEIEND 
 


   ***************************************************** 
   *                 Radiation Summary                 * 
   ***************************************************** 
 
  Energy released by
    Gamma-ray                       (MeV) =   7.86403E-01
    X-ray                           (MeV) =   1.38220E-03
    Free-bound X-ray                (MeV) =   8.02184E-06
    Annihilation photon             (MeV) =   9.20910E-01
    Beta+ particle                  (MeV) =   1.33485E+00
    Neutrino                        (MeV) =   2.00502E+00
    Beta- particle                  (MeV) =   0.00000E+00
    Neutrino-                       (MeV) =   0.00000E+00
    Internal conv. electron         (MeV) =   1.62624E-03
    Auger and CK electron           (MeV) =   5.89017E-04
    Alpha particle                  (MeV) =   0.00000E+00
    Recoil nucleus                  (MeV) =   0.00000E+00
  E-total (except unplaced radiat.) (MeV) =   5.05079E+00
  E-unplaced radiation              (MeV) =   1.02801E-01
  Q-value from ENSDF data           (MeV) =   5.05700E+00
  Ratio of E-total/Q-value          ( % ) =   9.98771E+01
  Ratio of E-unplaced radi./Q-value ( % ) =   2.03285E+00

 
  Total yield of
    Gamma-ray                             =   1.07011E+00
    X-ray                                 =   7.46584E-02
    Free-bound X-ray                      =   9.00398E-01
    Annihilation photon                   =   1.80217E+00
    Beta+ particle                        =   9.01086E-01
    Beta- particle                        =   0.00000E+00
    Internal conv. electron               =   2.51041E-03
    Auger and CK electron                 =   7.98715E-01
    Alpha particle                        =   0.00000E+00
  Yield of unplaced radiation             =   5.39766E-02


