%%%%  92 RU  44    EC B+        2.19000E+02  3.65 M    18-07-2007       BALASTAR
1  92   RU  44  3.65 M         EC B+      
1INTENSITY AND ENERGY BALANCE DATA

              92-RUTHENIUM-44
+                                    HALFLIFE = 3.65 MINUTES 
+                                                                  18-07-2007


    LEVEL       INTENSITY   INTENSITY
    ENERGY      ENTERING    LEAVING     PERCENT
    (MEV)       LEVEL       LEVEL       ERROR

   0.0000E+00  1.0392E+02
   2.1381E-01  9.5837E+01  1.0392E+02  8.0971E+00                      
   2.7015E-01  9.4499E+01  9.5837E+01  1.4059E+00                      
   5.2944E-01  9.5033E+01  9.4175E+01  9.0750E-01                      
   5.7690E-01  9.8889E+01  9.5012E+01  3.9989E+00                      
   7.1136E-01  7.4283E+01  7.3626E+01  8.8802E-01                      
   1.1619E+00  7.4544E+00  7.4411E+00  1.7842E-01                      
   1.4439E+00  1.1490E+01  1.1438E+01  4.5538E-01                      
   1.4872E+00  3.4577E+00  3.2484E+00  6.2446E+00                      
   1.7966E+00  6.3661E+00  6.3306E+00  5.5899E-01                      
   1.9805E+00  1.8118E+00  1.9785E+00  8.7959E+00                      
   2.1069E+00  2.7309E+00  2.6907E+00  1.4811E+00                      
   2.3161E+00  4.0457E+00  3.9757E+00  1.7458E+00                      
   2.3909E+00  1.8398E+01  1.8651E+01  1.3625E+00                      
   2.7710E+00  4.8928E+00  4.8396E+00  1.0939E+00                      
   3.0047E+00  2.5893E+00  2.6024E+00  5.0477E-01                      
   3.0481E+00  1.2946E+00  1.2295E+00  5.1587E+00                      
   3.7092E+00  4.2480E-01  4.2266E-01  5.0429E-01                      


 INTENSITY TO GROUND AND ISOMERIC STATE(S) OF DAUGHTER(S)=  1.039E+02
 TOTAL INTENSITY FROM PARENT=  1.000E+02
 PERCENT ERROR =  3.776E+00                      


 TOTAL INTENSITY FROM PARENT =  1.000E+02
 VALUE IS WITHIN   7.63E-06% OF 100                      


 TOTAL ENERGY AVAILABLE =  4.530E+00 MEV
 TOTAL ENERGY CONTENT OF ALL RADIATIONS =  4.518E+00 MEV
 PERCENT ERROR =  2.551E-01                      
%%%%  92 RU  44    EC B+        2.19000E+02  3.65 M    18-07-2007       BALAEND 
%%%%  92 RU  44    EC B+        2.19000E+02  3.65 M    18-07-2007       INPUSTAR
1                                      **INPUT DATA**
              92-RUTHENIUM-44
+                                    HALFLIFE = 3.65 MINUTES 
+                                                                  18-07-2007

            MODES OF DECAY: ELECTRON CAPTURE, BETA PLUS
 
                                MEAN
                                NUMBER/    TRANSITION
                TYPE OF    ID   TRANSFOR-  ENERGY
              TRANSITION   NO.  MATION     (MEV)       OTHER NUCLEAR PARAMETERS

           ELECT. CAPTURE   1   4.25E-03   8.208E-01   ALLOWED                                  
           ELECT. CAPTURE   2   1.27E-02   1.482E+00   ALLOWED                                  
           ELECT. CAPTURE   3   2.53E-02   1.525E+00   ALLOWED                                  
           ELECT. CAPTURE   4   4.25E-02   1.759E+00   ALLOWED                                  
           ELECT. CAPTURE   5   1.31E-01   2.139E+00   ALLOWED                                  
           ELECT. CAPTURE   6   2.73E-02   2.214E+00   ALLOWED                                  
           ELECT. CAPTURE   7   1.52E-02   2.423E+00   ALLOWED                                  
           ELECT. CAPTURE   8   2.12E-02   2.733E+00   ALLOWED                                  
           ELECT. CAPTURE   9   2.33E-02   3.086E+00   ALLOWED                                  
           ELECT. CAPTURE  10   2.12E-03   3.368E+00   ALLOWED                                  
           ELECT. CAPTURE  11   6.17E-02   3.819E+00   ALLOWED                                  
                BETA PLUS   1   2.02E-04   4.599E-01*  ALLOWED                                  
                BETA PLUS   2   6.07E-04   5.033E-01*  ALLOWED                                  
                BETA PLUS   3   4.05E-03   7.370E-01*  ALLOWED                                  
                BETA PLUS   4   5.06E-02   1.117E+00*  ALLOWED                                  
                BETA PLUS   5   1.31E-02   1.192E+00*  ALLOWED                                  
                BETA PLUS   6   1.21E-02   1.401E+00*  ALLOWED                                  
                BETA PLUS   7   3.34E-02   1.711E+00*  ALLOWED                                  
                BETA PLUS   8   6.47E-02   2.064E+00*  ALLOWED                                  
                BETA PLUS   9   9.10E-03   2.346E+00*  ALLOWED                                  
                BETA PLUS  10   4.45E-01   2.797E+00*  ALLOWED                                  
           I.C.E. + GAMMA   1   9.47E-01   4.746E-02   M1 MULTIPOLE                             
+                                                                    AK= 2.09                   
                                                       AL1=0.234     AL2=0.0161                 
                                                       AL3=0.00495   AM= 0.0467                 
                                                       AN+=0.00890                              
           I.C.E. + GAMMA   2   9.58E-01   5.634E-02   E2 MULTIPOLE                             
+                                                                    AK= 6.73                   
                                                       AL1=0.574     AL2=0.817                  
                                                       AL3=1.17      AM= 0.482                  
                                                       AN+=0.0790                               
           I.C.E. + GAMMA   3   7.36E-01   1.346E-01   M1 MULTIPOLE                             
+                                                                    AK= 0.109                  
                                                       AL1=0.0122    AM= 0.00238                
           I.C.E. + GAMMA   4   1.04E+00   2.138E-01   E2 MULTIPOLE                             
+                                                                    AK= 0.0702                 
                                                       AL1=0.00704   AL2=0.00149                
                                                       AL3=0.00159   AM= 0.00186                
           I.C.E. + GAMMA   5   9.42E-01   2.593E-01   M1 MULTIPOLE                             
+                                                                    AK= 0.0191                 
                                                       AL1=0.00212                              
           I.C.E. + GAMMA   6   3.24E-03   3.068E-01   E2 MULTIPOLE                             
+                                                                    AK= 0.0205                 
                                                       AL1=0.00211                              
           I.C.E. + GAMMA   7   1.81E-02   4.104E-01   E2 MULTIPOLE ASSUMED                     
                                                       AK= 0.00801                              
           I.C.E. + GAMMA   8   4.42E-03   4.365E-01   UNPLACED GAMMA                           
           I.C.E. + GAMMA   9   6.85E-02   4.507E-01   M1 MULTIPOLE                             
+                                                                    AK= 0.00484                
           I.C.E. + GAMMA  10   6.24E-03   5.701E-01   UNPLACED GAMMA                           
           I.C.E. + GAMMA  11   5.87E-03   5.850E-01   E2 MULTIPOLE                             
+                                                                    AK= 0.00282                
           I.C.E. + GAMMA  12   5.87E-03   5.943E-01   M1 MULTIPOLE                             
+                                                                    AK= 0.00252                
           I.C.E. + GAMMA  13   3.46E-03   6.183E-01   UNPLACED GAMMA                           
           I.C.E. + GAMMA  14   2.79E-03   6.348E-01   M1 MULTIPOLE                             
+                                                                    AK= 0.00217                
           I.C.E. + GAMMA  15   1.92E-03   6.563E-01   M1 MULTIPOLE                             
+                                                                    AK= 0.00201                
           I.C.E. + GAMMA  16   4.90E-03   6.636E-01   UNPLACED GAMMA                           
           I.C.E. + GAMMA  17   4.70E-03   8.280E-01   UNPLACED GAMMA                           
           I.C.E. + GAMMA  18   3.26E-03   8.391E-01   UNPLACED GAMMA                           
           I.C.E. + GAMMA  19   1.14E-01   8.670E-01   M1 MULTIPOLE                             
+                                                                    AK= 0.00107                
           I.C.E. + GAMMA  20   7.88E-03   9.036E-01   E2 MULTIPOLE ASSUMED                     
           I.C.E. + GAMMA  21   3.25E-02   9.102E-01   M1 MULTIPOLE ASSUMED                     
           I.C.E. + GAMMA  22   2.40E-03   9.381E-01   M1 MULTIPOLE                             
           I.C.E. + GAMMA  23   2.69E-02   9.450E-01   M1 MULTIPOLE                             
           I.C.E. + GAMMA  24   2.69E-02   9.472E-01   M1 MULTIPOLE                             
           I.C.E. + GAMMA  25   3.74E-03   9.588E-01   UNPLACED GAMMA                           
           I.C.E. + GAMMA  26   3.84E-03   9.680E-01   UNPLACED GAMMA                           
           I.C.E. + GAMMA  27   3.17E-03   9.743E-01   M1 MULTIPOLE                             
           I.C.E. + GAMMA  28   5.47E-03   1.024E+00   UNPLACED GAMMA                           
           I.C.E. + GAMMA  29   4.03E-03   1.064E+00   UNPLACED GAMMA                           
           I.C.E. + GAMMA  30   2.40E-03   1.119E+00   UNPLACED GAMMA                           
           I.C.E. + GAMMA  31   6.05E-02   1.220E+00   M1 MULTIPOLE                             
           I.C.E. + GAMMA  32   3.36E-02   1.229E+00   M1 MULTIPOLE                             
           I.C.E. + GAMMA  33   3.46E-03   1.269E+00   E2 MULTIPOLE ASSUMED                     
           I.C.E. + GAMMA  34   4.90E-03   1.395E+00   UNPLACED GAMMA                           
           I.C.E. + GAMMA  35   1.63E-02   1.404E+00   M1 MULTIPOLE ASSUMED                     
           I.C.E. + GAMMA  36   6.34E-03   1.460E+00   UNPLACED GAMMA                           
           I.C.E. + GAMMA  37   1.92E-02   1.518E+00   E2 MULTIPOLE ASSUMED                     
           I.C.E. + GAMMA  38   7.49E-03   1.561E+00   E2 MULTIPOLE ASSUMED                     
           I.C.E. + GAMMA  39   3.65E-02   1.605E+00   M1 MULTIPOLE                             
           I.C.E. + GAMMA  40   9.22E-02   1.680E+00   M1 MULTIPOLE                             
           I.C.E. + GAMMA  41   3.26E-03   1.739E+00   M1 MULTIPOLE                             
           I.C.E. + GAMMA  42   1.92E-03   1.814E+00   M1 MULTIPOLE                             
           I.C.E. + GAMMA  43   1.92E-03   1.883E+00   UNPLACED GAMMA                           
           I.C.E. + GAMMA  44   3.74E-03   1.901E+00   UNPLACED GAMMA                           
           I.C.E. + GAMMA  45   1.82E-03   1.929E+00   UNPLACED GAMMA                           
           I.C.E. + GAMMA  46   3.46E-02   2.060E+00   M1 MULTIPOLE                             
           I.C.E. + GAMMA  47   8.07E-03   2.194E+00   M1 MULTIPOLE                             
           I.C.E. + GAMMA  48   2.59E-03   2.241E+00   E2 MULTIPOLE                             
           I.C.E. + GAMMA  49   1.06E-02   2.302E+00   UNPLACED GAMMA                           
           I.C.E. + GAMMA  50   6.82E-03   2.428E+00   M1 MULTIPOLE                             
           I.C.E. + GAMMA  51   2.02E-03   2.471E+00   M1 MULTIPOLE                             
           I.C.E. + GAMMA  52   8.64E-04   2.519E+00   E2 MULTIPOLE                             
           I.C.E. + GAMMA  53   8.64E-04   2.997E+00   M1 MULTIPOLE                             
           I.C.E. + GAMMA  54   9.60E-04   3.133E+00   M1 MULTIPOLE                             
 
           * ENDPOINT ENERGY (MEV)
           - - - - - - - - - -
           Reference: Evaluated Nuclear Structure Data File (ENSDF)
                DATE DATA WERE ENTERED INTO ENSDF: Jan-2001
%%%%  92 RU  44    EC B+        2.19000E+02  3.65 M    18-07-2007       INPUEND 
%%%%  92 RU  44    EC B+        2.19000E+02  3.65 M    18-07-2007       OUTPSTAR
1                                      **OUTPUT DATA**
              92-RUTHENIUM-44
+                                    HALFLIFE = 3.65 MINUTES 
+                                                                  18-07-2007

            MODES OF DECAY: ELECTRON CAPTURE, BETA PLUS
 
                                              MEAN
                                              NUMBER/                  MEV/
                                         ID   TRANSFOR-   ENERGY       TRANSFOR-
                  TYPE OF RADIATION      NO.  MATION      (MEV)        MATION

           BETA PLUS                      2   6.07E-04    2.263E-01*   1.37E-04
           BETA PLUS                      3   4.05E-03    3.272E-01*   1.32E-03
           BETA PLUS                      4   5.06E-02    4.937E-01*   2.50E-02
           BETA PLUS                      5   1.31E-02    5.269E-01*   6.93E-03
           BETA PLUS                      6   1.21E-02    6.203E-01*   7.53E-03
           BETA PLUS                      7   3.34E-02    7.604E-01*   2.54E-02
           BETA PLUS                      8   6.47E-02    9.215E-01*   5.97E-02
           BETA PLUS                      9   9.10E-03    1.052E+00*   9.57E-03
           BETA PLUS                     10   4.45E-01    1.262E+00*   5.61E-01
           ANNIHILATION RADIATION             1.27E+00    5.110E-01    6.47E-01
           GAMMA-RAY                      1   2.78E-01    4.746E-02    1.32E-02
           K CONV. ELECTRON, GAMMA-RAY    1   5.82E-01    2.645E-02    1.54E-02
           L1 CONV. ELECTRON, GAMMA-RAY   1   6.51E-02    4.444E-02    2.89E-03
           L2 CONV. ELECTRON, GAMMA-RAY   1   4.47E-03    4.466E-02    2.00E-04
           M CONV. ELECTRON, GAMMA-RAY    1   1.30E-02    4.704E-02*   6.11E-04
           N+ CONV. ELECTRON, GAMMA-RAY   1   2.48E-03    4.746E-02*   1.18E-04
           GAMMA-RAY                      2   8.83E-02    5.634E-02    4.98E-03
           K CONV. ELECTRON, GAMMA-RAY    2   5.95E-01    3.533E-02    2.10E-02
           L1 CONV. ELECTRON, GAMMA-RAY   2   5.07E-02    5.332E-02    2.70E-03
           L2 CONV. ELECTRON, GAMMA-RAY   2   7.22E-02    5.354E-02    3.86E-03
           L3 CONV. ELECTRON, GAMMA-RAY   2   1.03E-01    5.366E-02    5.53E-03
           M CONV. ELECTRON, GAMMA-RAY    2   4.26E-02    5.592E-02*   2.38E-03
           N+ CONV. ELECTRON, GAMMA-RAY   2   6.98E-03    5.634E-02*   3.93E-04
           GAMMA-RAY                      3   6.55E-01    1.346E-01    8.81E-02
           K CONV. ELECTRON, GAMMA-RAY    3   7.12E-02    1.136E-01    8.08E-03
           L1 CONV. ELECTRON, GAMMA-RAY   3   7.96E-03    1.316E-01    1.05E-03
           M CONV. ELECTRON, GAMMA-RAY    3   1.56E-03    1.342E-01*   2.09E-04
           GAMMA-RAY                      4   9.60E-01    2.138E-01    2.05E-01
           K CONV. ELECTRON, GAMMA-RAY    4   6.74E-02    1.928E-01    1.30E-02
           L1 CONV. ELECTRON, GAMMA-RAY   4   6.76E-03    2.108E-01    1.42E-03
           L2 CONV. ELECTRON, GAMMA-RAY   4   1.43E-03    2.110E-01    3.02E-04
           L3 CONV. ELECTRON, GAMMA-RAY   4   1.53E-03    2.111E-01    3.23E-04
           M CONV. ELECTRON, GAMMA-RAY    4   1.79E-03    2.134E-01*   3.82E-04
           GAMMA-RAY                      5   9.22E-01    2.593E-01    2.39E-01
           K CONV. ELECTRON, GAMMA-RAY    5   1.76E-02    2.383E-01    4.20E-03
           L1 CONV. ELECTRON, GAMMA-RAY   5   1.96E-03    2.562E-01    5.02E-04
           M CONV. ELECTRON, GAMMA-RAY    5   3.79E-04    2.588E-01*   9.80E-05
           GAMMA-RAY                      6   3.17E-03    3.068E-01    9.72E-04
           GAMMA-RAY                      7   1.80E-02    4.104E-01    7.37E-03
           GAMMA-RAY                      8   4.42E-03    4.365E-01    1.93E-03
           GAMMA-RAY                      9   6.82E-02    4.507E-01    3.07E-02
           K CONV. ELECTRON, GAMMA-RAY    9   3.30E-04    4.297E-01    1.42E-04
           GAMMA-RAY                     10   6.24E-03    5.701E-01    3.56E-03
           GAMMA-RAY                     11   5.86E-03    5.850E-01    3.43E-03
           GAMMA-RAY                     12   5.86E-03    5.943E-01    3.48E-03
           GAMMA-RAY                     13   3.46E-03    6.183E-01    2.14E-03
           GAMMA-RAY                     14   2.78E-03    6.348E-01    1.77E-03
           GAMMA-RAY                     15   1.92E-03    6.563E-01    1.26E-03
           GAMMA-RAY                     16   4.90E-03    6.636E-01    3.25E-03
           GAMMA-RAY                     17   4.70E-03    8.280E-01    3.89E-03
           GAMMA-RAY                     18   3.26E-03    8.391E-01    2.74E-03
           GAMMA-RAY                     19   1.14E-01    8.670E-01    9.90E-02
           K CONV. ELECTRON, GAMMA-RAY   19   1.22E-04    8.460E-01    1.04E-04
           GAMMA-RAY                     20   7.87E-03    9.036E-01    7.11E-03
           GAMMA-RAY                     21   3.24E-02    9.102E-01    2.95E-02
           GAMMA-RAY                     22   2.40E-03    9.381E-01    2.25E-03
           GAMMA-RAY                     23   2.69E-02    9.450E-01    2.54E-02
           GAMMA-RAY                     24   2.69E-02    9.472E-01    2.55E-02
           GAMMA-RAY                     25   3.74E-03    9.588E-01    3.59E-03
           GAMMA-RAY                     26   3.84E-03    9.680E-01    3.72E-03
           GAMMA-RAY                     27   3.17E-03    9.743E-01    3.09E-03
           GAMMA-RAY                     28   5.47E-03    1.024E+00    5.60E-03
           GAMMA-RAY                     29   4.03E-03    1.064E+00    4.29E-03
           GAMMA-RAY                     30   2.40E-03    1.119E+00    2.68E-03
           GAMMA-RAY                     31   6.05E-02    1.220E+00    7.38E-02
           GAMMA-RAY                     32   3.36E-02    1.229E+00    4.13E-02
           GAMMA-RAY                     33   3.46E-03    1.269E+00    4.39E-03
           GAMMA-RAY                     34   4.90E-03    1.395E+00    6.83E-03
           GAMMA-RAY                     35   1.63E-02    1.404E+00    2.29E-02
           GAMMA-RAY                     36   6.34E-03    1.460E+00    9.25E-03
           GAMMA-RAY                     37   1.92E-02    1.518E+00    2.91E-02
           GAMMA-RAY                     38   7.49E-03    1.561E+00    1.17E-02
           GAMMA-RAY                     39   3.65E-02    1.605E+00    5.85E-02
           GAMMA-RAY                     40   9.22E-02    1.680E+00    1.55E-01
           GAMMA-RAY                     41   3.26E-03    1.739E+00    5.67E-03
           GAMMA-RAY                     42   1.92E-03    1.814E+00    3.48E-03
           GAMMA-RAY                     43   1.92E-03    1.883E+00    3.61E-03
           GAMMA-RAY                     44   3.74E-03    1.901E+00    7.12E-03
           GAMMA-RAY                     45   1.82E-03    1.929E+00    3.52E-03
           GAMMA-RAY                     46   3.46E-02    2.060E+00    7.12E-02
           GAMMA-RAY                     47   8.06E-03    2.194E+00    1.77E-02
           GAMMA-RAY                     48   2.59E-03    2.241E+00    5.81E-03
           GAMMA-RAY                     49   1.06E-02    2.302E+00    2.43E-02
           GAMMA-RAY                     50   6.82E-03    2.428E+00    1.65E-02
           GAMMA-RAY                     51   2.02E-03    2.471E+00    4.98E-03
           GAMMA-RAY                     52   8.64E-04    2.519E+00    2.18E-03
           GAMMA-RAY                     53   8.64E-04    2.997E+00    2.59E-03
           GAMMA-RAY                     54   9.60E-04    3.133E+00    3.01E-03
           K -L2 X-RAY                        3.73E-01    1.821E-02    6.79E-03
           K -L3 X-RAY                        7.09E-01    1.833E-02    1.30E-02
           K -M2 X-RAY                        5.86E-02    2.057E-02    1.21E-03
           K -M3 X-RAY                        1.14E-01    2.059E-02    2.35E-03
           K -N2 X-RAY                        1.13E-02    2.096E-02    2.37E-04
           K -N3 X-RAY                        2.17E-02    2.097E-02    4.56E-04
           AUGER KLL                          2.58E-01    1.542E-02*   3.98E-03
           AUGER KLX                          9.75E-02    1.782E-02*   1.74E-03
           AUGER KXY                          8.88E-03    2.023E-02*   1.80E-04
           AUGER LMM                          1.69E+00    2.054E-03*   3.47E-03
           AUGER LMX                          2.63E-01    2.333E-03*   6.13E-04
           CK MMX                             1.76E+00    1.106E-04*   1.94E-04
           AUGER MNN                          4.25E+00    2.039E-04*   8.66E-04
           CK NNX                             8.39E+00    2.941E-05*   2.47E-04
 
           ALL LISTED X-RAYS, GAMMA-RAYS AND ANNIHILATION RADIATION    2.08E+00
           ALL NEGLECTED X-RAYS, GAMMA-RAYS AND ANNIH. RADIATION**     3.83E-04
           ALL LISTED BETAS, INTERNAL CONVERSION AND AUGER ELECTRONS   7.93E-01
           ALL NEGLECTED BETAS, INT. CONVERSION AND AUGER ELECTRONS**  8.37E-04
           ALL LISTED RADIATIONS                                       2.88E+00
           ALL NEGLECTED RADIATIONS**                                  1.22E-03
 
           *  AVERAGE ENERGY (MEV)
           ** EACH NEGLECTED TRANSITION CONTRIBUTES LESS THAN  0.010%
              TO THE TOTAL MEV/TRANSFORMATION FOR THIS CATEGORY.
           TOTAL FEEDING OF GROUND STATE LEVEL IN 92-TECHNETIUM
             DAUGHTER IS 1.0000E+00 PER TRANSFORMATION OF  92-RUTHENIUM.
             DECAY OF THIS 4.25 MINUTES HALFLIFE LEVEL WILL CONTRIBUTE TO DOSE.
           - - - - - - - - - -
           INPUT DATA SOURCE: EVALUATED NUCLEAR STRUCTURE DATA FILE (ENSDF)
             DATE INPUT DATA WERE ENTERED INTO ENSDF: Jan-2001
%%%%  92 RU  44    EC B+        2.19000E+02  3.65 M    18-07-2007       OUTPEND 
%%%%  92 RU  44    EC B+        2.19000E+02  3.65 M    18-07-2007       BETASTAR
1
              92-RUTHENIUM-44
+                                    HALFLIFE = 3.65 MINUTES 
+                                                                  18-07-2007

            BETA SPECTRUM DATA FOR ALL DECAY BRANCHES

                      BETAS PER                BETAS PER                BETAS PER
            ENERGY    MEV            ENERGY    MEV            ENERGY    MEV
            (MEV)     PER DECAY      (MEV)     PER DECAY      (MEV)     PER DECAY

            0.00000   0.000E+00      0.00300   3.553E-06      0.10000   7.668E-02
            0.00010   0.000E+00      0.00320   5.162E-06      0.11000   8.758E-02
            0.00011   0.000E+00      0.00360   9.724E-06      0.12000   9.844E-02
            0.00012   0.000E+00      0.00400   1.636E-05      0.13000   1.092E-01
            0.00013   0.000E+00      0.00450   2.804E-05      0.14000   1.199E-01
            0.00014   0.000E+00      0.00500   4.393E-05      0.15000   1.304E-01
            0.00015   0.000E+00      0.00550   6.445E-05      0.16000   1.408E-01
            0.00016   0.000E+00      0.00600   8.995E-05      0.18000   1.609E-01
            0.00018   0.000E+00      0.00650   1.207E-04      0.20000   1.803E-01
            0.00020   0.000E+00      0.00700   1.571E-04      0.22000   1.988E-01
            0.00022   0.000E+00      0.00750   1.992E-04      0.24000   2.164E-01
            0.00024   0.000E+00      0.00800   2.473E-04      0.26000   2.331E-01
            0.00026   3.211E-27      0.00850   3.016E-04      0.28000   2.490E-01
            0.00028   3.226E-26      0.00900   3.622E-04      0.30000   2.639E-01
            0.00030   2.639E-25      0.01000   5.029E-04      0.32000   2.780E-01
            0.00032   1.825E-24      0.01100   6.702E-04      0.36000   3.035E-01
            0.00036   5.893E-23      0.01200   8.647E-04      0.40000   3.258E-01
            0.00040   1.276E-21      0.01300   1.087E-03      0.45000   3.492E-01
            0.00045   3.899E-20      0.01400   1.336E-03      0.50000   3.681E-01
            0.00050   8.125E-19      0.01500   1.614E-03      0.55000   3.826E-01
            0.00055   1.219E-17      0.01600   1.918E-03      0.60000   3.930E-01
            0.00060   1.364E-16      0.01800   2.609E-03      0.65000   3.998E-01
            0.00065   1.173E-15      0.02000   3.406E-03      0.70000   4.033E-01
            0.00070   7.969E-15      0.02200   4.304E-03      0.75000   4.043E-01
            0.00075   4.389E-14      0.02400   5.299E-03      0.80000   4.026E-01
            0.00080   2.009E-13      0.02600   6.385E-03      0.85000   3.986E-01
            0.00085   7.819E-13      0.02800   7.558E-03      0.90000   3.928E-01
            0.00090   2.640E-12      0.03000   8.812E-03      1.00000   3.784E-01
            0.00100   2.108E-11      0.03200   1.014E-02      1.10000   3.649E-01
            0.00110   1.152E-10      0.03600   1.301E-02      1.20000   3.539E-01
            0.00120   4.698E-10      0.04000   1.612E-02      1.30000   3.386E-01
            0.00130   1.529E-09      0.04500   2.031E-02      1.40000   3.190E-01
            0.00140   4.165E-09      0.05000   2.478E-02      1.50000   2.960E-01
            0.00150   9.855E-09      0.05500   2.947E-02      1.60000   2.700E-01
            0.00160   2.081E-08      0.06000   3.434E-02      1.80000   2.142E-01
            0.00180   7.150E-08      0.06500   3.936E-02      2.00000   1.557E-01
            0.00200   1.901E-07      0.07000   4.450E-02      2.20000   1.009E-01
            0.00220   4.215E-07      0.07500   4.974E-02      2.40000   5.131E-02
            0.00240   8.177E-07      0.08000   5.504E-02      2.60000   1.440E-02
            0.00260   1.434E-06      0.08500   6.041E-02      2.79664   0.000E+00
            0.00280   2.328E-06      0.09000   6.581E-02

            AVERAGE BETA ENERGY =   1.101E+00

            TOTAL BETAS PER DECAY FOR ALL BRANCHES =   6.330E-01
%%%%  92 RU  44    EC B+        2.19000E+02  3.65 M    18-07-2007       BETAEND 
%%%%  92 RU  44    EC B+        2.19000E+02  3.65 M    18-07-2007       SEEISTAR
 92.  RUTHENIUM    44.  3.650E+00 MINUTES  338 EC B+                 92.RU 44.   0
 4 1  2.02286E-02  2.07634E-01  4.59900E-01  0.00000E+00             92.RU 44.   1   1
 4 2  6.06857E-02  2.26288E-01  5.03300E-01  0.00000E+00             92.RU 44.   2   2
 4 3  4.04572E-01  3.27190E-01  7.37010E-01  0.00000E+00             92.RU 44.   3   3
 4 4  5.05715E+00  4.93728E-01  1.11705E+00  0.00000E+00             92.RU 44.   4   4
 4 5  1.31486E+00  5.26928E-01  1.19194E+00  0.00000E+00             92.RU 44.   5   5
 4 6  1.21371E+00  6.20281E-01  1.40110E+00  0.00000E+00             92.RU 44.   6   6
 4 7  3.33772E+00  7.60352E-01  1.71143E+00  0.00000E+00             92.RU 44.   7   7
 4 8  6.47315E+00  9.21506E-01  2.06411E+00  0.00000E+00             92.RU 44.   8   8
 4 9  9.10286E-01  1.05162E+00  2.34606E+00  0.00000E+00             92.RU 44.   9   9
 410  4.45029E+01  1.26154E+00  2.79664E+00  0.00000E+00             92.RU 44.  10  10
 3 3  1.26590E+02  5.11000E-01  5.11000E-01  0.00000E+00             92.RU 44.  11   3
 1 1  2.78400E+01  4.74600E-02  4.74600E-02  0.00000E+00             92.RU 44.  12   1
 6 1  5.82026E+01  2.64480E-02  2.64480E-02  1.00000E+00             92.RU 44.  13   1
 6 5  6.51268E+00  4.44376E-02  4.44376E-02  1.00000E+00             92.RU 44.  14   5
 6 6  4.47392E-01  4.46621E-02  4.46621E-02  1.00000E+00             92.RU 44.  15   6
 6 7  1.37843E-01  4.47824E-02  4.47824E-02  1.00000E+00             92.RU 44.  16   7
 6 3  1.29928E+00  4.70350E-02  4.70350E-02  1.00000E+00             92.RU 44.  17   3
 6 4  2.47696E-01  4.74600E-02  4.74600E-02  1.00000E+00             92.RU 44.  18   4
 1 2  8.83200E+00  5.63400E-02  5.63400E-02  0.00000E+00             92.RU 44.  19   2
 6 1  5.94536E+01  3.53280E-02  3.53280E-02  2.00000E+00             92.RU 44.  20   1
 6 5  5.07271E+00  5.33176E-02  5.33176E-02  2.00000E+00             92.RU 44.  21   5
 6 6  7.21560E+00  5.35421E-02  5.35421E-02  2.00000E+00             92.RU 44.  22   6
 6 7  1.03063E+01  5.36624E-02  5.36624E-02  2.00000E+00             92.RU 44.  23   7
 6 3  4.25857E+00  5.59151E-02  5.59151E-02  2.00000E+00             92.RU 44.  24   3
 6 4  6.98104E-01  5.63400E-02  5.63400E-02  2.00000E+00             92.RU 44.  25   4
 1 3  6.54720E+01  1.34600E-01  1.34600E-01  0.00000E+00             92.RU 44.  26   3
 6 1  7.11710E+00  1.13588E-01  1.13588E-01  3.00000E+00             92.RU 44.  27   1
 6 5  7.95595E-01  1.31578E-01  1.31578E-01  3.00000E+00             92.RU 44.  28   5
 6 6  4.22556E-02  1.31802E-01  1.31802E-01  3.00000E+00             92.RU 44.  29   6
 6 7  1.35229E-02  1.31922E-01  1.31922E-01  3.00000E+00             92.RU 44.  30   7
 6 3  1.55995E-01  1.34175E-01  1.34175E-01  3.00000E+00             92.RU 44.  31   3
 6 4  2.98964E-02  1.34600E-01  1.34600E-01  3.00000E+00             92.RU 44.  32   4
 1 4  9.60000E+01  2.13810E-01  2.13810E-01  0.00000E+00             92.RU 44.  33   4
 6 1  6.74133E+00  1.92798E-01  1.92798E-01  4.00000E+00             92.RU 44.  34   1
 6 5  6.75567E-01  2.10788E-01  2.10788E-01  4.00000E+00             92.RU 44.  35   5
 6 6  1.43073E-01  2.11012E-01  2.11012E-01  4.00000E+00             92.RU 44.  36   6
 6 7  1.52952E-01  2.11132E-01  2.11132E-01  4.00000E+00             92.RU 44.  37   7
 6 3  1.78826E-01  2.13385E-01  2.13385E-01  4.00000E+00             92.RU 44.  38   3
 6 4  3.25914E-02  2.13810E-01  2.13810E-01  4.00000E+00             92.RU 44.  39   4
 1 5  9.21600E+01  2.59270E-01  2.59270E-01  0.00000E+00             92.RU 44.  40   5
 6 1  1.76297E+00  2.38258E-01  2.38258E-01  5.00000E+00             92.RU 44.  41   1
 6 5  1.95726E-01  2.56248E-01  2.56248E-01  5.00000E+00             92.RU 44.  42   5
 6 6  8.07177E-03  2.56472E-01  2.56472E-01  5.00000E+00             92.RU 44.  43   6
 6 7  2.70577E-03  2.56592E-01  2.56592E-01  5.00000E+00             92.RU 44.  44   7
 6 3  3.78663E-02  2.58845E-01  2.58845E-01  5.00000E+00             92.RU 44.  45   3
 6 4  7.27779E-03  2.59270E-01  2.59270E-01  5.00000E+00             92.RU 44.  46   4
 1 6  3.16800E-01  3.06800E-01  3.06800E-01  0.00000E+00             92.RU 44.  47   6
 6 1  6.48396E-03  2.85788E-01  2.85788E-01  6.00000E+00             92.RU 44.  48   1
 6 5  6.68306E-04  3.03778E-01  3.03778E-01  6.00000E+00             92.RU 44.  49   5
 6 6  9.50680E-05  3.04002E-01  3.04002E-01  6.00000E+00             92.RU 44.  50   6
 6 7  9.19307E-05  3.04122E-01  3.04122E-01  6.00000E+00             92.RU 44.  51   7
 6 3  1.57490E-04  3.06375E-01  3.06375E-01  6.00000E+00             92.RU 44.  52   3
 6 4  2.91576E-05  3.06800E-01  3.06800E-01  6.00000E+00             92.RU 44.  53   4
 1 7  1.79520E+00  4.10400E-01  4.10400E-01  0.00000E+00             92.RU 44.  54   7
 6 1  1.43861E-02  3.89388E-01  3.89388E-01  7.00000E+00             92.RU 44.  55   1
 6 5  1.51249E-03  4.07378E-01  4.07378E-01  7.00000E+00             92.RU 44.  56   5
 6 6  1.55765E-04  4.07602E-01  4.07602E-01  7.00000E+00             92.RU 44.  57   6
 6 7  1.39915E-04  4.07722E-01  4.07722E-01  7.00000E+00             92.RU 44.  58   7
 6 3  3.31087E-04  4.09975E-01  4.09975E-01  7.00000E+00             92.RU 44.  59   3
 6 4  6.22101E-05  4.10400E-01  4.10400E-01  7.00000E+00             92.RU 44.  60   4
 1 8  4.41600E-01  4.36500E-01  4.36500E-01  0.00000E+00             92.RU 44.  61   8
 1 9  6.81600E+00  4.50700E-01  4.50700E-01  0.00000E+00             92.RU 44.  62   9
 6 1  3.29962E-02  4.29688E-01  4.29688E-01  9.00000E+00             92.RU 44.  63   1
 6 5  3.64385E-03  4.47678E-01  4.47678E-01  9.00000E+00             92.RU 44.  64   5
 6 6  1.14390E-04  4.47902E-01  4.47902E-01  9.00000E+00             92.RU 44.  65   6
 6 7  4.16680E-05  4.48022E-01  4.48022E-01  9.00000E+00             92.RU 44.  66   7
 6 3  6.95465E-04  4.50275E-01  4.50275E-01  9.00000E+00             92.RU 44.  67   3
 6 4  1.33640E-04  4.50700E-01  4.50700E-01  9.00000E+00             92.RU 44.  68   4
 110  6.24000E-01  5.70100E-01  5.70100E-01  0.00000E+00             92.RU 44.  69  10
 111  5.85600E-01  5.85000E-01  5.85000E-01  0.00000E+00             92.RU 44.  70  11
 6 1  1.65357E-03  5.63988E-01  5.63988E-01  1.10000E+01             92.RU 44.  71   1
 6 5  1.76881E-04  5.81978E-01  5.81978E-01  1.10000E+01             92.RU 44.  72   5
 6 6  1.20642E-05  5.82202E-01  5.82202E-01  1.10000E+01             92.RU 44.  73   6
 6 7  1.01369E-05  5.82322E-01  5.82322E-01  1.10000E+01             92.RU 44.  74   7
 6 3  3.63011E-05  5.84575E-01  5.84575E-01  1.10000E+01             92.RU 44.  75   3
 6 4  6.90146E-06  5.85000E-01  5.85000E-01  1.10000E+01             92.RU 44.  76   4
 112  5.85600E-01  5.94300E-01  5.94300E-01  0.00000E+00             92.RU 44.  77  12
 6 1  1.47666E-03  5.73288E-01  5.73288E-01  1.20000E+01             92.RU 44.  78   1
 6 5  1.62374E-04  5.91278E-01  5.91278E-01  1.20000E+01             92.RU 44.  79   5
 6 6  4.35853E-06  5.91502E-01  5.91502E-01  1.20000E+01             92.RU 44.  80   6
 6 7  1.70171E-06  5.91622E-01  5.91622E-01  1.20000E+01             92.RU 44.  81   7
 6 3  3.07831E-05  5.93875E-01  5.93875E-01  1.20000E+01             92.RU 44.  82   3
 6 4  5.93083E-06  5.94300E-01  5.94300E-01  1.20000E+01             92.RU 44.  83   4
 113  3.45600E-01  6.18300E-01  6.18300E-01  0.00000E+00             92.RU 44.  84  13
 114  2.78400E-01  6.34800E-01  6.34800E-01  0.00000E+00             92.RU 44.  85  14
 6 1  6.02895E-04  6.13788E-01  6.13788E-01  1.40000E+01             92.RU 44.  86   1
 6 5  6.62239E-05  6.31778E-01  6.31778E-01  1.40000E+01             92.RU 44.  87   5
 6 6  1.70986E-06  6.32002E-01  6.32002E-01  1.40000E+01             92.RU 44.  88   6
 6 7  6.80866E-07  6.32122E-01  6.32122E-01  1.40000E+01             92.RU 44.  89   7
 6 3  1.25365E-05  6.34375E-01  6.34375E-01  1.40000E+01             92.RU 44.  90   3
 6 4  2.41722E-06  6.34800E-01  6.34800E-01  1.40000E+01             92.RU 44.  91   4
 115  1.92000E-01  6.56300E-01  6.56300E-01  0.00000E+00             92.RU 44.  92  15
 6 1  3.85193E-04  6.35288E-01  6.35288E-01  1.50000E+01             92.RU 44.  93   1
 6 5  4.22891E-05  6.53278E-01  6.53278E-01  1.50000E+01             92.RU 44.  94   5
 6 6  1.07042E-06  6.53502E-01  6.53502E-01  1.50000E+01             92.RU 44.  95   6
 6 7  4.30965E-07  6.53622E-01  6.53622E-01  1.50000E+01             92.RU 44.  96   7
 6 3  7.99976E-06  6.55875E-01  6.55875E-01  1.50000E+01             92.RU 44.  97   3
 6 4  1.54305E-06  6.56300E-01  6.56300E-01  1.50000E+01             92.RU 44.  98   4
 116  4.89600E-01  6.63600E-01  6.63600E-01  0.00000E+00             92.RU 44.  99  16
 117  4.70400E-01  8.28000E-01  8.28000E-01  0.00000E+00             92.RU 44. 100  17
 118  3.26400E-01  8.39100E-01  8.39100E-01  0.00000E+00             92.RU 44. 101  18
 119  1.14240E+01  8.67000E-01  8.67000E-01  0.00000E+00             92.RU 44. 102  19
 6 1  1.22428E-02  8.45988E-01  8.45988E-01  1.90000E+01             92.RU 44. 103   1
 6 5  1.34101E-03  8.63978E-01  8.63978E-01  1.90000E+01             92.RU 44. 104   5
 6 6  2.86114E-05  8.64202E-01  8.64202E-01  1.90000E+01             92.RU 44. 105   6
 6 7  1.28333E-05  8.64322E-01  8.64322E-01  1.90000E+01             92.RU 44. 106   7
 6 3  2.52009E-04  8.66575E-01  8.66575E-01  1.90000E+01             92.RU 44. 107   3
 6 4  4.86980E-05  8.67000E-01  8.67000E-01  1.90000E+01             92.RU 44. 108   4
 120  7.87200E-01  9.03600E-01  9.03600E-01  0.00000E+00             92.RU 44. 109  20
 6 1  7.28261E-04  8.82588E-01  8.82588E-01  2.00000E+01             92.RU 44. 110   1
 6 5  7.84910E-05  9.00578E-01  9.00578E-01  2.00000E+01             92.RU 44. 111   5
 6 6  3.15989E-06  9.00802E-01  9.00802E-01  2.00000E+01             92.RU 44. 112   6
 6 7  2.58259E-06  9.00922E-01  9.00922E-01  2.00000E+01             92.RU 44. 113   7
 6 3  1.53537E-05  9.03175E-01  9.03175E-01  2.00000E+01             92.RU 44. 114   3
 6 4  2.94410E-06  9.03600E-01  9.03600E-01  2.00000E+01             92.RU 44. 115   4
 121  3.24480E+00  9.10200E-01  9.10200E-01  0.00000E+00             92.RU 44. 116  21
 6 1  3.12392E-03  8.89188E-01  8.89188E-01  2.10000E+01             92.RU 44. 117   1
 6 5  3.42077E-04  9.07178E-01  9.07178E-01  2.10000E+01             92.RU 44. 118   5
 6 6  7.07608E-06  9.07402E-01  9.07402E-01  2.10000E+01             92.RU 44. 119   6
 6 7  3.24280E-06  9.07522E-01  9.07522E-01  2.10000E+01             92.RU 44. 120   7
 6 3  6.42179E-05  9.09775E-01  9.09775E-01  2.10000E+01             92.RU 44. 121   3
 6 4  1.24115E-05  9.10200E-01  9.10200E-01  2.10000E+01             92.RU 44. 122   4
 122  2.40000E-01  9.38100E-01  9.38100E-01  0.00000E+00             92.RU 44. 123  22
 6 1  2.16259E-04  9.17088E-01  9.17088E-01  2.20000E+01             92.RU 44. 124   1
 6 5  2.36766E-05  9.35078E-01  9.35078E-01  2.20000E+01             92.RU 44. 125   5
 6 6  4.80361E-07  9.35302E-01  9.35302E-01  2.20000E+01             92.RU 44. 126   6
 6 7  2.23198E-07  9.35422E-01  9.35422E-01  2.20000E+01             92.RU 44. 127   7
 6 3  4.44209E-06  9.37675E-01  9.37675E-01  2.20000E+01             92.RU 44. 128   3
 6 4  8.58595E-07  9.38100E-01  9.38100E-01  2.20000E+01             92.RU 44. 129   4
 123  2.68800E+00  9.45000E-01  9.45000E-01  0.00000E+00             92.RU 44. 130  23
 6 1  2.38360E-03  9.23988E-01  9.23988E-01  2.30000E+01             92.RU 44. 131   1
 6 5  2.60950E-04  9.41978E-01  9.41978E-01  2.30000E+01             92.RU 44. 132   5
 6 6  5.26931E-06  9.42202E-01  9.42202E-01  2.30000E+01             92.RU 44. 133   6
 6 7  2.45673E-06  9.42322E-01  9.42322E-01  2.30000E+01             92.RU 44. 134   7
 6 3  4.89513E-05  9.44575E-01  9.44575E-01  2.30000E+01             92.RU 44. 135   3
 6 4  9.46176E-06  9.45000E-01  9.45000E-01  2.30000E+01             92.RU 44. 136   4
 124  2.68800E+00  9.47200E-01  9.47200E-01  0.00000E+00             92.RU 44. 137  24
 6 1  2.37151E-03  9.26188E-01  9.26188E-01  2.40000E+01             92.RU 44. 138   1
 6 5  2.59624E-04  9.44178E-01  9.44178E-01  2.40000E+01             92.RU 44. 139   5
 6 6  5.23466E-06  9.44402E-01  9.44402E-01  2.40000E+01             92.RU 44. 140   6
 6 7  2.44323E-06  9.44522E-01  9.44522E-01  2.40000E+01             92.RU 44. 141   7
 6 3  4.87003E-05  9.46775E-01  9.46775E-01  2.40000E+01             92.RU 44. 142   3
 6 4  9.41329E-06  9.47200E-01  9.47200E-01  2.40000E+01             92.RU 44. 143   4
 125  3.74400E-01  9.58800E-01  9.58800E-01  0.00000E+00             92.RU 44. 144  25
 126  3.84000E-01  9.68000E-01  9.68000E-01  0.00000E+00             92.RU 44. 145  26
 127  3.16800E-01  9.74300E-01  9.74300E-01  0.00000E+00             92.RU 44. 146  27
 6 1  2.62824E-04  9.53288E-01  9.53288E-01  2.70000E+01             92.RU 44. 147   1
 6 5  2.87679E-05  9.71278E-01  9.71278E-01  2.70000E+01             92.RU 44. 148   5
 6 6  5.69526E-07  9.71502E-01  9.71502E-01  2.70000E+01             92.RU 44. 149   6
 6 7  2.69397E-07  9.71622E-01  9.71622E-01  2.70000E+01             92.RU 44. 150   7
 6 3  5.39346E-06  9.73875E-01  9.73875E-01  2.70000E+01             92.RU 44. 151   3
 6 4  1.04255E-06  9.74300E-01  9.74300E-01  2.70000E+01             92.RU 44. 152   4
 128  5.47200E-01  1.02420E+00  1.02420E+00  0.00000E+00             92.RU 44. 153  28
 129  4.03200E-01  1.06410E+00  1.06410E+00  0.00000E+00             92.RU 44. 154  29
 130  2.40000E-01  1.11870E+00  1.11870E+00  0.00000E+00             92.RU 44. 155  30
 131  6.04800E+00  1.21960E+00  1.21960E+00  0.00000E+00             92.RU 44. 156  31
 6 1  3.10126E-03  1.19859E+00  1.19859E+00  3.10000E+01             92.RU 44. 157   1
 6 5  3.38950E-04  1.21658E+00  1.21658E+00  3.10000E+01             92.RU 44. 158   5
 6 6  5.77527E-06  1.21680E+00  1.21680E+00  3.10000E+01             92.RU 44. 159   6
 6 7  3.08094E-06  1.21692E+00  1.21692E+00  3.10000E+01             92.RU 44. 160   7
 6 3  6.33677E-05  1.21918E+00  1.21918E+00  3.10000E+01             92.RU 44. 161   3
 6 4  1.22443E-05  1.21960E+00  1.21960E+00  3.10000E+01             92.RU 44. 162   4
 132  3.36000E+00  1.22910E+00  1.22910E+00  0.00000E+00             92.RU 44. 163  32
 6 1  1.69501E-03  1.20809E+00  1.20809E+00  3.20000E+01             92.RU 44. 164   1
 6 5  1.85241E-04  1.22608E+00  1.22608E+00  3.20000E+01             92.RU 44. 165   5
 6 6  3.13947E-06  1.22630E+00  1.22630E+00  3.20000E+01             92.RU 44. 166   6
 6 7  1.68263E-06  1.22642E+00  1.22642E+00  3.20000E+01             92.RU 44. 167   7
 6 3  3.46298E-05  1.22868E+00  1.22868E+00  3.20000E+01             92.RU 44. 168   3
 6 4  6.69113E-06  1.22910E+00  1.22910E+00  3.20000E+01             92.RU 44. 169   4
 133  3.45600E-01  1.26890E+00  1.26890E+00  0.00000E+00             92.RU 44. 170  33
 6 1  1.50500E-04  1.24789E+00  1.24789E+00  3.30000E+01             92.RU 44. 171   1
 6 5  1.61910E-05  1.26588E+00  1.26588E+00  3.30000E+01             92.RU 44. 172   5
 6 6  4.28400E-07  1.26610E+00  1.26610E+00  3.30000E+01             92.RU 44. 173   6
 6 7  3.68270E-07  1.26622E+00  1.26622E+00  3.30000E+01             92.RU 44. 174   7
 6 3  3.09696E-06  1.26848E+00  1.26848E+00  3.30000E+01             92.RU 44. 175   3
 6 4  5.96459E-07  1.26890E+00  1.26890E+00  3.30000E+01             92.RU 44. 176   4
 134  4.89600E-01  1.39490E+00  1.39490E+00  0.00000E+00             92.RU 44. 177  34
 135  1.63200E+00  1.40360E+00  1.40360E+00  0.00000E+00             92.RU 44. 178  35
 6 1  6.24495E-04  1.38259E+00  1.38259E+00  3.50000E+01             92.RU 44. 179   1
 6 5  6.81375E-05  1.40058E+00  1.40058E+00  3.50000E+01             92.RU 44. 180   5
 6 6  1.05234E-06  1.40080E+00  1.40080E+00  3.50000E+01             92.RU 44. 181   6
 6 7  6.14290E-07  1.40092E+00  1.40092E+00  3.50000E+01             92.RU 44. 182   7
 6 3  1.27369E-05  1.40318E+00  1.40318E+00  3.50000E+01             92.RU 44. 183   3
 6 4  2.45857E-06  1.40360E+00  1.40360E+00  3.50000E+01             92.RU 44. 184   4
 136  6.33600E-01  1.46010E+00  1.46010E+00  0.00000E+00             92.RU 44. 185  36
 137  1.92000E+00  1.51760E+00  1.51760E+00  0.00000E+00             92.RU 44. 186  37
 6 1  5.81638E-04  1.49659E+00  1.49659E+00  3.70000E+01             92.RU 44. 187   1
 6 5  6.26838E-05  1.51458E+00  1.51458E+00  3.70000E+01             92.RU 44. 188   5
 6 6  1.32815E-06  1.51480E+00  1.51480E+00  3.70000E+01             92.RU 44. 189   6
 6 7  1.19104E-06  1.51492E+00  1.51492E+00  3.70000E+01             92.RU 44. 190   7
 6 3  1.19021E-05  1.51718E+00  1.51718E+00  3.70000E+01             92.RU 44. 191   3
 6 4  2.26511E-06  1.51760E+00  1.51760E+00  3.70000E+01             92.RU 44. 192   4
 138  7.48800E-01  1.56070E+00  1.56070E+00  0.00000E+00             92.RU 44. 193  38
 6 1  2.14697E-04  1.53969E+00  1.53969E+00  3.80000E+01             92.RU 44. 194   1
 6 5  2.31556E-05  1.55768E+00  1.55768E+00  3.80000E+01             92.RU 44. 195   5
 6 6  4.73867E-07  1.55790E+00  1.55790E+00  3.80000E+01             92.RU 44. 196   6
 6 7  4.27970E-07  1.55802E+00  1.55802E+00  3.80000E+01             92.RU 44. 197   7
 6 3  4.39275E-06  1.56028E+00  1.56028E+00  3.80000E+01             92.RU 44. 198   3
 6 4  8.34808E-07  1.56070E+00  1.56070E+00  3.80000E+01             92.RU 44. 199   4
 139  3.64800E+00  1.60470E+00  1.60470E+00  0.00000E+00             92.RU 44. 200  39
 6 1  1.06293E-03  1.58369E+00  1.58369E+00  3.90000E+01             92.RU 44. 201   1
 6 5  1.15671E-04  1.60168E+00  1.60168E+00  3.90000E+01             92.RU 44. 202   5
 6 6  1.62139E-06  1.60190E+00  1.60190E+00  3.90000E+01             92.RU 44. 203   6
 6 7  1.04436E-06  1.60202E+00  1.60202E+00  3.90000E+01             92.RU 44. 204   7
 6 3  2.16534E-05  1.60427E+00  1.60427E+00  3.90000E+01             92.RU 44. 205   3
 6 4  4.15436E-06  1.60470E+00  1.60470E+00  3.90000E+01             92.RU 44. 206   4
 140  9.21600E+00  1.67960E+00  1.67960E+00  0.00000E+00             92.RU 44. 207  40
 6 1  2.45080E-03  1.65859E+00  1.65859E+00  4.00000E+01             92.RU 44. 208   1
 6 5  2.66391E-04  1.67658E+00  1.67658E+00  4.00000E+01             92.RU 44. 209   5
 6 6  3.60992E-06  1.67680E+00  1.67680E+00  4.00000E+01             92.RU 44. 210   6
 6 7  2.41197E-06  1.67692E+00  1.67692E+00  4.00000E+01             92.RU 44. 211   7
 6 3  4.99120E-05  1.67918E+00  1.67918E+00  4.00000E+01             92.RU 44. 212   3
 6 4  9.56275E-06  1.67960E+00  1.67960E+00  4.00000E+01             92.RU 44. 213   4
 141  3.26400E-01  1.73850E+00  1.73850E+00  0.00000E+00             92.RU 44. 214  41
 6 1  8.10498E-05  1.71749E+00  1.71749E+00  4.10000E+01             92.RU 44. 215   1
 6 5  8.80101E-06  1.73548E+00  1.73548E+00  4.10000E+01             92.RU 44. 216   5
 6 6  1.16225E-07  1.73570E+00  1.73570E+00  4.10000E+01             92.RU 44. 217   6
 6 7  7.99244E-08  1.73582E+00  1.73582E+00  4.10000E+01             92.RU 44. 218   7
 6 3  1.65033E-06  1.73808E+00  1.73808E+00  4.10000E+01             92.RU 44. 219   3
 6 4  3.15836E-07  1.73850E+00  1.73850E+00  4.10000E+01             92.RU 44. 220   4
 142  1.92000E-01  1.81400E+00  1.81400E+00  0.00000E+00             92.RU 44. 221  42
 6 1  4.38388E-05  1.79299E+00  1.79299E+00  4.20000E+01             92.RU 44. 222   1
 6 5  4.75387E-06  1.81098E+00  1.81098E+00  4.20000E+01             92.RU 44. 223   5
 6 6  6.07917E-08  1.81120E+00  1.81120E+00  4.20000E+01             92.RU 44. 224   6
 6 7  4.33751E-08  1.81132E+00  1.81132E+00  4.20000E+01             92.RU 44. 225   7
 6 3  8.92490E-07  1.81358E+00  1.81358E+00  4.20000E+01             92.RU 44. 226   3
 6 4  1.70548E-07  1.81400E+00  1.81400E+00  4.20000E+01             92.RU 44. 227   4
 143  1.92000E-01  1.88250E+00  1.88250E+00  0.00000E+00             92.RU 44. 228  43
 144  3.74400E-01  1.90060E+00  1.90060E+00  0.00000E+00             92.RU 44. 229  44
 145  1.82400E-01  1.92850E+00  1.92850E+00  0.00000E+00             92.RU 44. 230  45
 146  3.45600E+00  2.05970E+00  2.05970E+00  0.00000E+00             92.RU 44. 231  46
 6 1  6.17030E-04  2.03869E+00  2.03869E+00  4.60000E+01             92.RU 44. 232   1
 6 5  6.65275E-05  2.05668E+00  2.05668E+00  4.60000E+01             92.RU 44. 233   5
 6 6  7.71087E-07  2.05690E+00  2.05690E+00  4.60000E+01             92.RU 44. 234   6
 6 7  5.76280E-07  2.05702E+00  2.05702E+00  4.60000E+01             92.RU 44. 235   7
 6 3  1.25389E-05  2.05928E+00  2.05928E+00  4.60000E+01             92.RU 44. 236   3
 6 4  2.38507E-06  2.05970E+00  2.05970E+00  4.60000E+01             92.RU 44. 237   4
 147  8.06400E-01  2.19430E+00  2.19430E+00  0.00000E+00             92.RU 44. 238  47
 6 1  1.27612E-04  2.17329E+00  2.17329E+00  4.70000E+01             92.RU 44. 239   1
 6 5  1.37167E-05  2.19128E+00  2.19128E+00  4.70000E+01             92.RU 44. 240   5
 6 6  1.51192E-07  2.19150E+00  2.19150E+00  4.70000E+01             92.RU 44. 241   6
 6 7  1.17478E-07  2.19162E+00  2.19162E+00  4.70000E+01             92.RU 44. 242   7
 6 3  2.59267E-06  2.19388E+00  2.19388E+00  4.70000E+01             92.RU 44. 243   3
 6 4  4.91819E-07  2.19430E+00  2.19430E+00  4.70000E+01             92.RU 44. 244   4
 148  2.59200E-01  2.24130E+00  2.24130E+00  0.00000E+00             92.RU 44. 245  48
 6 1  3.76982E-05  2.22029E+00  2.22029E+00  4.80000E+01             92.RU 44. 246   1
 6 5  4.19295E-06  2.23828E+00  2.23828E+00  4.80000E+01             92.RU 44. 247   5
 6 6  5.48784E-08  2.23850E+00  2.23850E+00  4.80000E+01             92.RU 44. 248   6
 6 7  4.87501E-08  2.23862E+00  2.23862E+00  4.80000E+01             92.RU 44. 249   7
 6 3  7.89322E-07  2.24088E+00  2.24088E+00  4.80000E+01             92.RU 44. 250   3
 6 4  1.45815E-07  2.24130E+00  2.24130E+00  4.80000E+01             92.RU 44. 251   4
 149  1.05600E+00  2.30230E+00  2.30230E+00  0.00000E+00             92.RU 44. 252  49
 150  6.81600E-01  2.42750E+00  2.42750E+00  0.00000E+00             92.RU 44. 253  50
 6 1  8.92504E-05  2.40649E+00  2.40649E+00  5.00000E+01             92.RU 44. 254   1
 6 5  8.96414E-06  2.42448E+00  2.42448E+00  5.00000E+01             92.RU 44. 255   5
 6 6  9.47796E-08  2.42470E+00  2.42470E+00  5.00000E+01             92.RU 44. 256   6
 6 7  8.00482E-08  2.42482E+00  2.42482E+00  5.00000E+01             92.RU 44. 257   7
 6 3  1.67568E-06  2.42708E+00  2.42708E+00  5.00000E+01             92.RU 44. 258   3
 6 4  3.19838E-07  2.42750E+00  2.42750E+00  5.00000E+01             92.RU 44. 259   4
 151  2.01600E-01  2.47120E+00  2.47120E+00  0.00000E+00             92.RU 44. 260  51
 6 1  2.55394E-05  2.45019E+00  2.45019E+00  5.10000E+01             92.RU 44. 261   1
 6 5  2.55319E-06  2.46818E+00  2.46818E+00  5.10000E+01             92.RU 44. 262   5
 6 6  2.66660E-08  2.46840E+00  2.46840E+00  5.10000E+01             92.RU 44. 263   6
 6 7  2.27919E-08  2.46852E+00  2.46852E+00  5.10000E+01             92.RU 44. 264   7
 6 3  4.77274E-07  2.47078E+00  2.47078E+00  5.10000E+01             92.RU 44. 265   3
 6 4  9.10743E-08  2.47120E+00  2.47120E+00  5.10000E+01             92.RU 44. 266   4
 152  8.64000E-02  2.51930E+00  2.51930E+00  0.00000E+00             92.RU 44. 267  52
 6 1  1.02306E-05  2.49829E+00  2.49829E+00  5.20000E+01             92.RU 44. 268   1
 6 5  9.62816E-07  2.51628E+00  2.51628E+00  5.20000E+01             92.RU 44. 269   5
 6 6  1.08846E-08  2.51650E+00  2.51650E+00  5.20000E+01             92.RU 44. 270   6
 6 7  1.13661E-08  2.51662E+00  2.51662E+00  5.20000E+01             92.RU 44. 271   7
 6 3  1.80315E-07  2.51888E+00  2.51888E+00  5.20000E+01             92.RU 44. 272   3
 6 4  3.39090E-08  2.51930E+00  2.51930E+00  5.20000E+01             92.RU 44. 273   4
 153  8.64000E-02  2.99740E+00  2.99740E+00  0.00000E+00             92.RU 44. 274  53
 6 1  7.71212E-06  2.97639E+00  2.97639E+00  5.30000E+01             92.RU 44. 275   1
 6 5  7.27468E-07  2.99438E+00  2.99438E+00  5.30000E+01             92.RU 44. 276   5
 6 6  6.65275E-09  2.99460E+00  2.99460E+00  5.30000E+01             92.RU 44. 277   6
 6 7  6.47046E-09  2.99472E+00  2.99472E+00  5.30000E+01             92.RU 44. 278   7
 6 3  1.36012E-07  2.99698E+00  2.99698E+00  5.30000E+01             92.RU 44. 279   3
 6 4  2.58814E-08  2.99740E+00  2.99740E+00  5.30000E+01             92.RU 44. 280   4
 154  9.60000E-02  3.13300E+00  3.13300E+00  0.00000E+00             92.RU 44. 281  54
 6 1  7.92389E-06  3.11199E+00  3.11199E+00  5.40000E+01             92.RU 44. 282   1
 6 5  7.36098E-07  3.12998E+00  3.12998E+00  5.40000E+01             92.RU 44. 283   5
 6 6  6.52981E-09  3.13020E+00  3.13020E+00  5.40000E+01             92.RU 44. 284   6
 6 7  6.54178E-09  3.13032E+00  3.13032E+00  5.40000E+01             92.RU 44. 285   7
 6 3  1.37634E-07  3.13258E+00  3.13258E+00  5.40000E+01             92.RU 44. 286   3
 6 4  2.61733E-08  3.13300E+00  3.13300E+00  5.40000E+01             92.RU 44. 287   4
 2 1  3.72766E+01  1.82141E-02  1.82141E-02  0.00000E+00             92.RU 44. 288   1
 2 2  7.08696E+01  1.83344E-02  1.83344E-02  0.00000E+00             92.RU 44. 289   2
 2 3  5.86111E+00  2.05668E-02  2.05668E-02  0.00000E+00             92.RU 44. 290   3
 2 4  1.14067E+01  2.05871E-02  2.05871E-02  0.00000E+00             92.RU 44. 291   4
 2 5  3.05755E-02  2.07450E-02  2.07450E-02  0.00000E+00             92.RU 44. 292   5
 2 6  4.31547E-02  2.07489E-02  2.07489E-02  0.00000E+00             92.RU 44. 293   6
 2 7  1.13079E+00  2.09624E-02  2.09624E-02  0.00000E+00             92.RU 44. 294   7
 2 8  2.17311E+00  2.09655E-02  2.09655E-02  0.00000E+00             92.RU 44. 295   8
 2 9  1.61772E-03  2.10040E-02  2.10040E-02  0.00000E+00             92.RU 44. 296   9
 210  2.25755E-03  2.10042E-02  2.10042E-02  0.00000E+00             92.RU 44. 297  10
 221  4.80487E-04  2.24500E-04  2.24500E-04  0.00000E+00             92.RU 44. 298  21
 222  3.19577E-03  3.44800E-04  3.44800E-04  0.00000E+00             92.RU 44. 299  22
 223  7.49257E-02  2.57716E-03  2.57716E-03  0.00000E+00             92.RU 44. 300  23
 224  1.28068E-01  2.59745E-03  2.59745E-03  0.00000E+00             92.RU 44. 301  24
 225  6.79688E-04  2.75539E-03  2.75539E-03  0.00000E+00             92.RU 44. 302  25
 226  1.01314E-03  2.75933E-03  2.75933E-03  0.00000E+00             92.RU 44. 303  26
 227  1.20975E-02  2.97280E-03  2.97280E-03  0.00000E+00             92.RU 44. 304  27
 228  2.08646E-02  2.97585E-03  2.97585E-03  0.00000E+00             92.RU 44. 305  28
 229  2.68432E-05  3.01433E-03  3.01433E-03  0.00000E+00             92.RU 44. 306  29
 230  3.99333E-05  3.01462E-03  3.01462E-03  0.00000E+00             92.RU 44. 307  30
 241  4.25379E-07  1.20300E-04  1.20300E-04  0.00000E+00             92.RU 44. 308  41
 242  2.02913E-01  2.26447E-03  2.26447E-03  0.00000E+00             92.RU 44. 309  42
 243  2.07738E-03  2.37296E-03  2.37296E-03  0.00000E+00             92.RU 44. 310  43
 244  2.23080E+00  2.53088E-03  2.53088E-03  0.00000E+00             92.RU 44. 311  44
 245  1.71058E-02  2.72205E-03  2.72205E-03  0.00000E+00             92.RU 44. 312  45
 246  9.58359E-05  2.75134E-03  2.75134E-03  0.00000E+00             92.RU 44. 313  46
 247  1.00293E-01  2.78982E-03  2.78982E-03  0.00000E+00             92.RU 44. 314  47
 261  7.23964E-01  2.14418E-03  2.14418E-03  0.00000E+00             92.RU 44. 315  61
 262  3.15137E-03  2.23236E-03  2.23236E-03  0.00000E+00             92.RU 44. 316  62
 263  2.98783E-03  2.25265E-03  2.25265E-03  0.00000E+00             92.RU 44. 317  63
 264  5.10346E-01  2.41059E-03  2.41059E-03  0.00000E+00             92.RU 44. 318  64
 265  4.53069E+00  2.41453E-03  2.41453E-03  0.00000E+00             92.RU 44. 319  65
 266  3.86802E-02  2.60175E-03  2.60175E-03  0.00000E+00             92.RU 44. 320  66
 267  1.10942E-04  2.62800E-03  2.62800E-03  0.00000E+00             92.RU 44. 321  67
 268  1.05946E-04  2.63105E-03  2.63105E-03  0.00000E+00             92.RU 44. 322  68
 269  2.26613E-02  2.66952E-03  2.66952E-03  0.00000E+00             92.RU 44. 323  69
 270  1.99955E-01  2.66984E-03  2.66984E-03  0.00000E+00             92.RU 44. 324  70
 291  1.92871E-01  2.50536E-04  2.50536E-04  0.00000E+00             92.RU 44. 325  91
 292  3.21862E-03  3.28307E-05  3.28307E-05  0.00000E+00             92.RU 44. 326  92
 294  1.92074E+03  7.87659E-06  7.87659E-06  0.00000E+00             92.RU 44. 327  94
 7 1  2.58182E+01  1.54229E-02  1.54229E-02  0.00000E+00             92.RU 44. 328   1
 7 2  9.75230E+00  1.78238E-02  1.78238E-02  0.00000E+00             92.RU 44. 329   2
 7 3  8.88263E-01  2.02270E-02  2.02270E-02  0.00000E+00             92.RU 44. 330   3
 7 4  3.56290E+01  1.05397E-04  1.05397E-04  0.00000E+00             92.RU 44. 331   4
 7 5  1.68896E+02  2.05403E-03  2.05403E-03  0.00000E+00             92.RU 44. 332   5
 7 6  2.62950E+01  2.33259E-03  2.33259E-03  0.00000E+00             92.RU 44. 333   6
 7 7  1.18714E+00  2.64162E-03  2.64162E-03  0.00000E+00             92.RU 44. 334   7
 7 8  1.75769E+02  1.10598E-04  1.10598E-04  0.00000E+00             92.RU 44. 335   8
 7 9  4.24870E+02  2.03862E-04  2.03862E-04  0.00000E+00             92.RU 44. 336   9
 710  3.56023E+00  2.47187E-04  2.47187E-04  0.00000E+00             92.RU 44. 337  10
 712  8.39172E+02  2.94076E-05  2.94076E-05  0.00000E+00             92.RU 44. 338  12
%%%%  92 RU  44    EC B+        2.19000E+02  3.65 M    18-07-2007       SEEIEND 
 


   ***************************************************** 
   *                 Radiation Summary                 * 
   ***************************************************** 
 
  Energy released by
    Gamma-ray                       (MeV) =   1.32105E+00
    X-ray                           (MeV) =   2.42611E-02
    Free-bound X-ray                (MeV) =   1.51289E-04
    Annihilation photon             (MeV) =   6.46877E-01
    Beta+ particle                  (MeV) =   6.96951E-01
    Neutrino                        (MeV) =   1.73085E+00
    Beta- particle                  (MeV) =   0.00000E+00
    Neutrino-                       (MeV) =   0.00000E+00
    Internal conv. electron         (MeV) =   8.56229E-02
    Auger and CK electron           (MeV) =   1.13674E-02
    Alpha particle                  (MeV) =   0.00000E+00
    Recoil nucleus                  (MeV) =   0.00000E+00
  E-total (except unplaced radiat.) (MeV) =   4.51713E+00
  E-unplaced radiation              (MeV) =   9.20319E-02
  Q-value from ENSDF data           (MeV) =   4.53000E+00
  Ratio of E-total/Q-value          ( % ) =   9.97160E+01
  Ratio of E-unplaced radi./Q-value ( % ) =   2.03161E+00

 
  Total yield of
    Gamma-ray                             =   3.55373E+00
    X-ray                                 =   1.37819E+00
    Free-bound X-ray                      =   1.92074E+01
    Annihilation photon                   =   1.26590E+00
    Beta+ particle                        =   6.32952E-01
    Beta- particle                        =   0.00000E+00
    Internal conv. electron               =   1.72049E+00
    Auger and CK electron                 =   1.71184E+01
    Alpha particle                        =   0.00000E+00
  Yield of unplaced radiation             =   7.57440E-02


