%%%% 114 SB  51    EC B+        2.09400E+02  3.49 M    02-11-2005       BALASTAR
1 114   SB  51  3.49 M         EC B+      
1INTENSITY AND ENERGY BALANCE DATA

              114-ANTIMONY-51
+                                    HALFLIFE = 3.49 MINUTES 
+                                                                  02-11-2005


    LEVEL       INTENSITY   INTENSITY
    ENERGY      ENTERING    LEAVING     PERCENT
    (MEV)       LEVEL       LEVEL       ERROR

   0.0000E+00  1.0061E+02
   1.2999E+00  9.8633E+01  9.8773E+01  1.4215E-01                      
   1.9532E+00  1.5845E-01  1.5849E-01  2.7552E-02                      
   2.1875E+00  1.7921E+01  1.7697E+01  1.2551E+00                      
   2.2392E+00  2.2613E+00  2.2624E+00  5.0933E-02                      
   2.2747E+00  2.8800E+00  2.8640E+00  5.5759E-01                      
   2.4543E+00  2.0687E+00  2.0764E+00  3.7152E-01                      
   2.5147E+00  7.2121E+00  7.3990E+00  2.5589E+00                      
   2.6143E+00  6.4415E-01  6.3849E-01  8.8253E-01                      
   2.7656E+00  7.3392E-01  7.3081E-01  4.2531E-01                      
   2.8150E+00  0.0000E+00  1.3783E-01  2.0000E+02  ********************
   2.8599E+00  1.0014E+00  1.0073E+00  5.8391E-01                      
   2.9051E+00  6.0072E+00  6.0554E+00  7.9966E-01                      
   2.9150E+00  0.0000E+00  2.0732E-01  2.0000E+02  ********************
   2.9435E+00  2.9045E+00  2.9184E+00  4.7973E-01                      
   3.0250E+00  0.0000E+00  1.9750E-02  2.0000E+02  ********************
   3.2078E+00  2.0561E+00  2.0622E+00  2.9508E-01                      
   3.2259E+00  1.9663E+00  1.9735E+00  3.6537E-01                      
   3.3577E+00  9.3306E-01  9.3797E-01  5.2458E-01                      
   3.3970E+00  0.0000E+00  6.8187E-02  2.0000E+02  ********************
   3.4789E+00  7.7852E-01  7.7899E-01  5.9685E-02                      
   3.5251E+00  8.7833E-01  8.8151E-01  3.6134E-01                      
   3.7819E+00  1.2317E+00  1.2334E+00  1.4313E-01                      
   3.9914E+00  9.3822E-01  9.3736E-01  9.1423E-02                      
   4.0298E+00  1.3285E+00  1.3312E+00  2.0589E-01                      


 INTENSITY TO GROUND AND ISOMERIC STATE(S) OF DAUGHTER(S)=  1.006E+02
 TOTAL INTENSITY FROM PARENT=  1.000E+02
 PERCENT ERROR =  6.107E-01                      


 TOTAL INTENSITY FROM PARENT =  1.000E+02
 VALUE IS WITHIN   7.63E-06% OF 100                      


 TOTAL ENERGY AVAILABLE =  6.035E+00 MEV
 TOTAL ENERGY CONTENT OF ALL RADIATIONS =  6.052E+00 MEV
 PERCENT ERROR =  2.797E-01                      
%%%% 114 SB  51    EC B+        2.09400E+02  3.49 M    02-11-2005       BALAEND 
%%%% 114 SB  51    EC B+        2.09400E+02  3.49 M    02-11-2005       INPUSTAR
1                                      **INPUT DATA**
              114-ANTIMONY-51
+                                    HALFLIFE = 3.49 MINUTES 
+                                                                  02-11-2005

            MODES OF DECAY: ELECTRON CAPTURE, BETA PLUS
 
                                MEAN
                                NUMBER/    TRANSITION
                TYPE OF    ID   TRANSFOR-  ENERGY
              TRANSITION   NO.  MATION     (MEV)       OTHER NUCLEAR PARAMETERS

           ELECT. CAPTURE   1   1.18E-02   2.005E+00   ALLOWED                                  
           ELECT. CAPTURE   2   8.18E-03   2.044E+00   ALLOWED                                  
           ELECT. CAPTURE   3   9.68E-03   2.253E+00   ALLOWED                                  
           ELECT. CAPTURE   4   5.79E-03   2.510E+00   ALLOWED                                  
+                                                              ASSUMED                          
           ELECT. CAPTURE   5   4.99E-03   2.556E+00   ALLOWED                                  
           ELECT. CAPTURE   6   5.29E-03   2.677E+00   ALLOWED                                  
+                                                              ASSUMED                          
           ELECT. CAPTURE   7   1.03E-02   2.809E+00   ALLOWED                                  
           ELECT. CAPTURE   8   1.06E-02   2.827E+00   ALLOWED                                  
           ELECT. CAPTURE   9   1.19E-02   3.092E+00   ALLOWED                                  
           ELECT. CAPTURE  10   2.30E-02   3.130E+00   ALLOWED                                  
           ELECT. CAPTURE  11   8.78E-04   3.175E+00   ALLOWED                                  
           ELECT. CAPTURE  12   1.90E-03   3.269E+00   ALLOWED                                  
           ELECT. CAPTURE  13   7.98E-04   3.421E+00   ALLOWED                                  
           ELECT. CAPTURE  14   1.60E-02   3.520E+00   ALLOWED                                  
           ELECT. CAPTURE  15   3.19E-03   3.581E+00   ALLOWED                                  
           ELECT. CAPTURE  16   9.98E-04   3.760E+00   FIRST FORBIDDEN                          
           ELECT. CAPTURE  17   4.39E-03   3.796E+00   ALLOWED                                  
           ELECT. CAPTURE  18   8.18E-03   3.848E+00   ALLOWED                                  
           ELECT. CAPTURE  19   6.99E-05   4.082E+00   UNIQUE SECOND FORBIDDEN                  
           ELECT. CAPTURE  20   7.08E-02   4.735E+00   ALLOWED                                  
                BETA PLUS   1   1.51E-03   9.832E-01*  ALLOWED                                  
                BETA PLUS   2   1.20E-03   1.022E+00*  ALLOWED                                  
                BETA PLUS   3   2.63E-03   1.231E+00*  ALLOWED                                  
                BETA PLUS   4   2.99E-03   1.488E+00*  ALLOWED                                  
+                                                              ASSUMED                          
                BETA PLUS   5   2.79E-03   1.534E+00*  ALLOWED                                  
                BETA PLUS   6   3.79E-03   1.655E+00*  ALLOWED                                  
+                                                              ASSUMED                          
                BETA PLUS   7   9.38E-03   1.787E+00*  ALLOWED                                  
                BETA PLUS   8   9.98E-03   1.805E+00*  ALLOWED                                  
                BETA PLUS   9   1.72E-02   2.070E+00*  ALLOWED                                  
                BETA PLUS  10   3.39E-02   2.108E+00*  ALLOWED                                  
                BETA PLUS  11   1.40E-03   2.153E+00*  ALLOWED                                  
                BETA PLUS  12   3.39E-03   2.247E+00*  ALLOWED                                  
                BETA PLUS  13   1.80E-03   2.399E+00*  ALLOWED                                  
                BETA PLUS  14   3.99E-02   2.498E+00*  ALLOWED                                  
                BETA PLUS  15   8.78E-03   2.559E+00*  ALLOWED                                  
                BETA PLUS  16   4.99E-03   2.738E+00*  FIRST FORBIDDEN                          
                BETA PLUS  17   1.57E-02   2.774E+00*  ALLOWED                                  
                BETA PLUS  18   3.09E-02   2.826E+00*  ALLOWED                                  
                BETA PLUS  19   2.99E-04   3.060E+00*  UNIQUE SECOND FORBIDDEN                  
                BETA PLUS  20   5.99E-01   3.713E+00*  ALLOWED                                  
           I.C.E. + GAMMA   1   4.11E-04   2.158E-01   M1 MULTIPOLE                             
+                                                                    AK= 0.0597                 
                                                       AL1=0.00701   AM= 0.00148                
           I.C.E. + GAMMA   2   5.13E-04   2.908E-01   E2 MULTIPOLE                             
+                                                                    AK= 0.0330                 
                                                       AL1=0.00350   AM= 0.00104                
           I.C.E. + GAMMA   3   2.33E-03   3.204E-01   M1 MULTIPOLE                             
+                                                                    AK= 0.0213                 
                                                       AL1=0.00249                              
           I.C.E. + GAMMA   4   7.40E-02   3.272E-01   E2 MULTIPOLE                             
+                                                                    AK= 0.0227                 
                                                       AL1=0.00243                              
           I.C.E. + GAMMA   5   2.61E-04   3.752E-01   E2 MULTIPOLE                             
+                                                                    AK= 0.0148                 
                                                       AL1=0.00160                              
           I.C.E. + GAMMA   6   1.18E-02   3.903E-01   M1 MULTIPOLE                             
+                                                                    AK= 0.0129                 
                                                       AL1=0.00151                              
           I.C.E. + GAMMA   7   4.69E-04   4.417E-01   E2 MULTIPOLE                             
+                                                                    AK= 0.00907                
           I.C.E. + GAMMA   8   1.50E-04   4.513E-01   M1 MULTIPOLE                             
+                                                                    AK= 0.00901                
                                                       AL1=0.00105                              
           I.C.E. + GAMMA   9   1.49E-03   4.895E-01   M1 MULTIPOLE                             
+                                                                    AK= 0.00738                
           I.C.E. + GAMMA  10   8.54E-04   5.739E-01   M1 MULTIPOLE                             
+                                                                    AK= 0.00502                
           I.C.E. + GAMMA  11   1.29E-03   5.929E-01   E2 MULTIPOLE                             
+                                                                    AK= 0.00400                
           I.C.E. + GAMMA  12   6.24E-04   6.193E-01   E2 MULTIPOLE                             
+                                                                    AK= 0.00356                
           I.C.E. + GAMMA  13   1.38E-03   6.273E-01   M1 MULTIPOLE ASSUMED                     
                                                       AK= 0.00406                              
           I.C.E. + GAMMA  14   2.48E-04   6.340E-01   M1 MULTIPOLE ASSUMED                     
                                                       AK= 0.00396                              
           I.C.E. + GAMMA  15   1.58E-03   6.533E-01   E2 MULTIPOLE                             
+                                                                    AK= 0.00310                
           I.C.E. + GAMMA  16   1.26E-02   6.684E-01   E1 MULTIPOLE                             
+                                                                    AK= 0.00109                
           I.C.E. + GAMMA  17   4.95E-04   7.042E-01   M1 MULTIPOLE                             
+                                                                    AK= 0.00310                
           I.C.E. + GAMMA  18   4.65E-02   7.173E-01   E2 MULTIPOLE                             
+                                                                    AK= 0.00245                
           I.C.E. + GAMMA  19   4.26E-04   7.718E-01   M1 MULTIPOLE                             
+                                                                    AK= 0.00250                
           I.C.E. + GAMMA  20   4.64E-04   7.871E-01   UNPLACED GAMMA                           
           I.C.E. + GAMMA  21   4.93E-04   8.569E-01   UNPLACED GAMMA                           
           I.C.E. + GAMMA  22   1.77E-01   8.876E-01   E2 MULTIPOLE                             
+                                                                    AK= 0.00147                
           I.C.E. + GAMMA  23   1.19E-03   9.219E-01   E2 MULTIPOLE                             
+                                                                    AK= 0.00134                
           I.C.E. + GAMMA  24   2.37E-03   9.325E-01   E1 MULTIPOLE                             
           I.C.E. + GAMMA  25   1.03E-02   9.390E-01   M1 MULTIPOLE                             
+                                                                    AK= 0.00160                
           I.C.E. + GAMMA  26   1.29E-03   9.634E-01   M1 MULTIPOLE                             
+                                                                    AK= 0.00151                
           I.C.E. + GAMMA  27   2.86E-02   9.748E-01   E1 MULTIPOLE                             
           I.C.E. + GAMMA  28   6.92E-04   9.905E-01   E2 MULTIPOLE                             
+                                                                    AK= 0.00114                
           I.C.E. + GAMMA  29   6.92E-04   1.011E+00   M1 MULTIPOLE ASSUMED                     
                                                       AK= 0.00136                              
           I.C.E. + GAMMA  30   4.84E-03   1.020E+00   E2 MULTIPOLE                             
+                                                                    AK= 0.00107                
           I.C.E. + GAMMA  31   5.63E-03   1.073E+00   M1 MULTIPOLE ASSUMED                     
                                                       AK= 0.00119                              
           I.C.E. + GAMMA  32   6.82E-04   1.122E+00   M1 MULTIPOLE ASSUMED                     
                                                       AK= 0.00108                              
           I.C.E. + GAMMA  33   3.16E-03   1.132E+00   E2 MULTIPOLE                             
           I.C.E. + GAMMA  34   1.03E-03   1.140E+00   UNPLACED GAMMA                           
           I.C.E. + GAMMA  35   1.65E-02   1.154E+00   M1 MULTIPOLE                             
+                                                                    AK= 0.00101                
           I.C.E. + GAMMA  36   2.77E-03   1.170E+00   E2 MULTIPOLE                             
           I.C.E. + GAMMA  37   1.18E-03   1.203E+00   E1 MULTIPOLE                             
           I.C.E. + GAMMA  38   1.38E-03   1.240E+00   M1 MULTIPOLE                             
           I.C.E. + GAMMA  39   1.68E-03   1.251E+00   M1 MULTIPOLE ASSUMED                     
           I.C.E. + GAMMA  40   1.58E-03   1.265E+00   E2 MULTIPOLE                             
           I.C.E. + GAMMA  41   9.88E-01   1.300E+00   E2 MULTIPOLE                             
           I.C.E. + GAMMA  42   6.12E-03   1.314E+00   E2 MULTIPOLE                             
           I.C.E. + GAMMA  43   7.21E-04   1.328E+00   M1 MULTIPOLE                             
           I.C.E. + GAMMA  44   8.10E-04   1.337E+00   M1 MULTIPOLE ASSUMED                     
           I.C.E. + GAMMA  45   2.66E-04   1.365E+00   UNPLACED GAMMA                           
           I.C.E. + GAMMA  46   1.76E-03   1.377E+00   E2 MULTIPOLE                             
           I.C.E. + GAMMA  47   8.29E-04   1.403E+00   UNPLACED GAMMA                           
           I.C.E. + GAMMA  48   2.86E-04   1.415E+00   E2 MULTIPOLE                             
           I.C.E. + GAMMA  49   7.31E-03   1.466E+00   E2 MULTIPOLE                             
           I.C.E. + GAMMA  50   3.56E-04   1.477E+00   M1 MULTIPOLE                             
           I.C.E. + GAMMA  51   2.07E-03   1.507E+00   E1 MULTIPOLE                             
           I.C.E. + GAMMA  52   2.07E-03   1.515E+00   M1 MULTIPOLE                             
           I.C.E. + GAMMA  53   1.88E-04   1.526E+00   E2 MULTIPOLE                             
           I.C.E. + GAMMA  54   3.45E-04   1.539E+00   UNPLACED GAMMA                           
           I.C.E. + GAMMA  55   1.01E-02   1.560E+00   E2 MULTIPOLE                             
           I.C.E. + GAMMA  56   2.86E-04   1.576E+00   M1 MULTIPOLE                             
           I.C.E. + GAMMA  57   6.12E-03   1.594E+00   E2 MULTIPOLE                             
           I.C.E. + GAMMA  58   1.55E-03   1.606E+00   M1 MULTIPOLE                             
           I.C.E. + GAMMA  59   4.94E-04   1.616E+00   M1 MULTIPOLE ASSUMED                     
           I.C.E. + GAMMA  60   4.84E-04   1.624E+00   UNPLACED GAMMA                           
           I.C.E. + GAMMA  61   1.34E-02   1.644E+00   M1 MULTIPOLE                             
           I.C.E. + GAMMA  62   2.57E-04   1.678E+00   UNPLACED GAMMA                           
           I.C.E. + GAMMA  63   1.09E-03   1.716E+00   E1 MULTIPOLE                             
           I.C.E. + GAMMA  64   1.97E-04   1.726E+00   M1 MULTIPOLE ASSUMED                     
           I.C.E. + GAMMA  65   6.81E-04   1.743E+00   UNPLACED GAMMA                           
           I.C.E. + GAMMA  66   1.09E-03   1.755E+00   E1 MULTIPOLE                             
           I.C.E. + GAMMA  67   5.03E-04   1.779E+00   UNPLACED GAMMA                           
           I.C.E. + GAMMA  68   2.76E-03   1.804E+00   E2 MULTIPOLE                             
           I.C.E. + GAMMA  69   4.05E-04   1.819E+00   UNPLACED GAMMA                           
           I.C.E. + GAMMA  70   3.36E-04   1.830E+00   E2 MULTIPOLE                             
           I.C.E. + GAMMA  71   3.65E-03   1.843E+00   E2 MULTIPOLE                             
           I.C.E. + GAMMA  72   1.16E-03   1.869E+00   UNPLACED GAMMA                           
           I.C.E. + GAMMA  73   4.15E-04   1.887E+00   UNPLACED GAMMA                           
           I.C.E. + GAMMA  74   1.17E-02   1.908E+00   M1 MULTIPOLE                             
           I.C.E. + GAMMA  75   1.70E-02   1.926E+00   M1 MULTIPOLE                             
           I.C.E. + GAMMA  76   1.97E-04   1.940E+00   UNPLACED GAMMA                           
           I.C.E. + GAMMA  77   6.22E-04   1.951E+00   UNPLACED GAMMA                           
           I.C.E. + GAMMA  78   3.95E-04   1.991E+00   UNPLACED GAMMA                           
           I.C.E. + GAMMA  79   4.84E-04   2.027E+00   UNPLACED GAMMA                           
           I.C.E. + GAMMA  80   5.53E-04   2.041E+00   UNPLACED GAMMA                           
           I.C.E. + GAMMA  81   9.38E-03   2.058E+00   M1 MULTIPOLE ASSUMED                     
           I.C.E. + GAMMA  82   2.07E-04   2.096E+00   UNPLACED GAMMA                           
           I.C.E. + GAMMA  83   2.07E-03   2.179E+00   M1 MULTIPOLE                             
           I.C.E. + GAMMA  84   1.10E-03   2.193E+00   UNPLACED GAMMA                           
           I.C.E. + GAMMA  85   1.23E-02   2.240E+00   E2 MULTIPOLE                             
           I.C.E. + GAMMA  86   1.97E-04   2.266E+00   UNPLACED GAMMA                           
           I.C.E. + GAMMA  87   2.07E-04   2.285E+00   UNPLACED GAMMA                           
           I.C.E. + GAMMA  88   1.07E-03   2.296E+00   UNPLACED GAMMA                           
           I.C.E. + GAMMA  89   1.09E-04   2.330E+00   UNPLACED GAMMA                           
           I.C.E. + GAMMA  90   2.76E-04   2.350E+00   UNPLACED GAMMA                           
           I.C.E. + GAMMA  91   3.75E-04   2.397E+00   UNPLACED GAMMA                           
           I.C.E. + GAMMA  92   8.88E-05   2.421E+00   UNPLACED GAMMA                           
           I.C.E. + GAMMA  93   3.85E-03   2.455E+00   E2 MULTIPOLE                             
           I.C.E. + GAMMA  94   1.88E-03   2.482E+00   M1 MULTIPOLE                             
           I.C.E. + GAMMA  95   5.82E-04   2.718E+00   UNPLACED GAMMA                           
           I.C.E. + GAMMA  96   1.58E-03   2.731E+00   M1 MULTIPOLE                             
           I.C.E. + GAMMA  97   1.48E-04   2.829E+00   UNPLACED GAMMA                           
           I.C.E. + GAMMA  98   1.58E-03   2.916E+00   M1 MULTIPOLE ASSUMED                     
           I.C.E. + GAMMA  99   4.24E-04   2.944E+00   E2 MULTIPOLE                             
           I.C.E. + GAMMA 100   1.28E-04   3.060E+00   UNPLACED GAMMA                           
           I.C.E. + GAMMA 101   1.28E-04   3.083E+00   UNPLACED GAMMA                           
           I.C.E. + GAMMA 102   6.91E-05   3.107E+00   UNPLACED GAMMA                           
           I.C.E. + GAMMA 103   1.78E-04   3.143E+00   UNPLACED GAMMA                           
           I.C.E. + GAMMA 104   2.07E-04   3.154E+00   UNPLACED GAMMA                           
           I.C.E. + GAMMA 105   2.86E-04   3.186E+00   UNPLACED GAMMA                           
           I.C.E. + GAMMA 106   1.18E-04   3.213E+00   UNPLACED GAMMA                           
           I.C.E. + GAMMA 107   3.45E-04   3.226E+00   UNPLACED GAMMA                           
           I.C.E. + GAMMA 108   1.58E-04   3.439E+00   UNPLACED GAMMA                           
           I.C.E. + GAMMA 109   1.97E-04   3.478E+00   E2 MULTIPOLE                             
           I.C.E. + GAMMA 110   5.82E-04   3.495E+00   UNPLACED GAMMA                           
           I.C.E. + GAMMA 111   1.08E-03   3.563E+00   UNPLACED GAMMA                           
           I.C.E. + GAMMA 112   7.40E-04   3.651E+00   UNPLACED GAMMA                           
           I.C.E. + GAMMA 113   1.97E-05   3.781E+00   E2 MULTIPOLE                             
           I.C.E. + GAMMA 114   4.93E-05   3.795E+00   UNPLACED GAMMA                           
           I.C.E. + GAMMA 115   1.09E-04   3.869E+00   UNPLACED GAMMA                           
           I.C.E. + GAMMA 116   1.97E-04   4.141E+00   UNPLACED GAMMA                           
           I.C.E. + GAMMA 117   1.18E-04   4.205E+00   UNPLACED GAMMA                           
           I.C.E. + GAMMA 118   5.92E-05   4.305E+00   UNPLACED GAMMA                           
           I.C.E. + GAMMA 119   3.95E-05   4.475E+00   UNPLACED GAMMA                           
           I.C.E. + GAMMA 120   2.96E-05   4.547E+00   UNPLACED GAMMA                           
           I.C.E. + GAMMA 121   1.97E-05   4.947E+00   UNPLACED GAMMA                           
           I.C.E. + GAMMA 122   2.96E-05   4.987E+00   UNPLACED GAMMA                           
 
           * ENDPOINT ENERGY (MEV)
           - - - - - - - - - -
           Reference: Evaluated Nuclear Structure Data File (ENSDF)
                DATE DATA WERE ENTERED INTO ENSDF: Jan-2003
%%%% 114 SB  51    EC B+        2.09400E+02  3.49 M    02-11-2005       INPUEND 
%%%% 114 SB  51    EC B+        2.09400E+02  3.49 M    02-11-2005       OUTPSTAR
1                                      **OUTPUT DATA**
              114-ANTIMONY-51
+                                    HALFLIFE = 3.49 MINUTES 
+                                                                  02-11-2005

            MODES OF DECAY: ELECTRON CAPTURE, BETA PLUS
 
                                              MEAN
                                              NUMBER/                  MEV/
                                         ID   TRANSFOR-   ENERGY       TRANSFOR-
                  TYPE OF RADIATION      NO.  MATION      (MEV)        MATION

           BETA PLUS                      3   2.63E-03    5.499E-01*   1.45E-03
           BETA PLUS                      4   2.99E-03    6.646E-01*   1.99E-03
           BETA PLUS                      5   2.79E-03    6.853E-01*   1.92E-03
           BETA PLUS                      6   3.79E-03    7.399E-01*   2.81E-03
           BETA PLUS                      7   9.38E-03    7.995E-01*   7.50E-03
           BETA PLUS                      8   9.98E-03    8.077E-01*   8.06E-03
           BETA PLUS                      9   1.72E-02    9.281E-01*   1.59E-02
           BETA PLUS                     10   3.39E-02    9.457E-01*   3.21E-02
           BETA PLUS                     11   1.40E-03    9.664E-01*   1.35E-03
           BETA PLUS                     12   3.39E-03    1.010E+00*   3.43E-03
           BETA PLUS                     13   1.80E-03    1.079E+00*   1.94E-03
           BETA PLUS                     14   3.99E-02    1.125E+00*   4.49E-02
           BETA PLUS                     15   8.78E-03    1.153E+00*   1.01E-02
           BETA PLUS                     16   4.99E-03    1.237E+00*   6.17E-03
           BETA PLUS                     17   1.57E-02    1.253E+00*   1.96E-02
           BETA PLUS                     18   3.09E-02    1.277E+00*   3.95E-02
           BETA PLUS                     20   5.99E-01    1.694E+00*   1.01E+00
           ANNIHILATION RADIATION             1.58E+00    5.110E-01    8.09E-01
           GAMMA-RAY                      4   7.21E-02    3.272E-01    2.36E-02
           GAMMA-RAY                      6   1.16E-02    3.903E-01    4.55E-03
           GAMMA-RAY                     16   1.26E-02    6.684E-01    8.44E-03
           GAMMA-RAY                     18   4.64E-02    7.173E-01    3.33E-02
           GAMMA-RAY                     22   1.77E-01    8.876E-01    1.57E-01
           GAMMA-RAY                     25   1.03E-02    9.390E-01    9.64E-03
           GAMMA-RAY                     27   2.86E-02    9.748E-01    2.79E-02
           GAMMA-RAY                     30   4.84E-03    1.020E+00    4.93E-03
           GAMMA-RAY                     31   5.63E-03    1.073E+00    6.03E-03
           GAMMA-RAY                     33   3.16E-03    1.132E+00    3.57E-03
           GAMMA-RAY                     35   1.65E-02    1.154E+00    1.90E-02
           GAMMA-RAY                     36   2.76E-03    1.170E+00    3.23E-03
           GAMMA-RAY                     41   9.87E-01    1.300E+00    1.28E+00
           GAMMA-RAY                     42   6.12E-03    1.314E+00    8.04E-03
           GAMMA-RAY                     49   7.30E-03    1.466E+00    1.07E-02
           GAMMA-RAY                     51   2.07E-03    1.507E+00    3.12E-03
           GAMMA-RAY                     52   2.07E-03    1.515E+00    3.14E-03
           GAMMA-RAY                     55   1.01E-02    1.560E+00    1.57E-02
           GAMMA-RAY                     57   6.12E-03    1.594E+00    9.76E-03
           GAMMA-RAY                     61   1.34E-02    1.644E+00    2.21E-02
           GAMMA-RAY                     68   2.76E-03    1.804E+00    4.99E-03
           GAMMA-RAY                     71   3.65E-03    1.843E+00    6.73E-03
           GAMMA-RAY                     74   1.16E-02    1.908E+00    2.22E-02
           GAMMA-RAY                     75   1.70E-02    1.926E+00    3.27E-02
           GAMMA-RAY                     81   9.38E-03    2.058E+00    1.93E-02
           GAMMA-RAY                     83   2.07E-03    2.179E+00    4.52E-03
           GAMMA-RAY                     85   1.23E-02    2.240E+00    2.76E-02
           GAMMA-RAY                     93   3.85E-03    2.455E+00    9.45E-03
           GAMMA-RAY                     94   1.88E-03    2.482E+00    4.66E-03
           GAMMA-RAY                     96   1.58E-03    2.731E+00    4.31E-03
           GAMMA-RAY                     98   1.58E-03    2.916E+00    4.61E-03
           GAMMA-RAY                    111   1.08E-03    3.563E+00    3.83E-03
           GAMMA-RAY                    112   7.40E-04    3.651E+00    2.70E-03
 
           ALL LISTED X-RAYS, GAMMA-RAYS AND ANNIHILATION RADIATION    2.61E+00
           ALL NEGLECTED X-RAYS, GAMMA-RAYS AND ANNIH. RADIATION**     7.63E-02
           ALL LISTED BETAS, INTERNAL CONVERSION AND AUGER ELECTRONS   1.21E+00
           ALL NEGLECTED BETAS, INT. CONVERSION AND AUGER ELECTRONS**  5.11E-03
           ALL LISTED RADIATIONS                                       3.83E+00
           ALL NEGLECTED RADIATIONS**                                  8.14E-02
 
           *  AVERAGE ENERGY (MEV)
           ** EACH NEGLECTED TRANSITION CONTRIBUTES LESS THAN  0.100%
              TO THE TOTAL MEV/TRANSFORMATION FOR THIS CATEGORY.
           TOTAL FEEDING OF GROUND STATE LEVEL IN 114-TIN
             DAUGHTER IS 1.0000E+00 PER TRANSFORMATION OF 114-ANTIMONY.
             THIS DAUGHTER GROUND STATE IS STABLE.
           - - - - - - - - - -
           INPUT DATA SOURCE: EVALUATED NUCLEAR STRUCTURE DATA FILE (ENSDF)
             DATE INPUT DATA WERE ENTERED INTO ENSDF: Jan-2003
%%%% 114 SB  51    EC B+        2.09400E+02  3.49 M    02-11-2005       OUTPEND 
%%%% 114 SB  51    EC B+        2.09400E+02  3.49 M    02-11-2005       BETASTAR
1
              114-ANTIMONY-51
+                                    HALFLIFE = 3.49 MINUTES 
+                                                                  02-11-2005

            BETA SPECTRUM DATA FOR ALL DECAY BRANCHES

                      BETAS PER                BETAS PER                BETAS PER
            ENERGY    MEV            ENERGY    MEV            ENERGY    MEV
            (MEV)     PER DECAY      (MEV)     PER DECAY      (MEV)     PER DECAY

            0.00000   0.000E+00      0.00320   8.135E-07      0.12000   4.258E-02
            0.00010   0.000E+00      0.00360   1.601E-06      0.13000   4.809E-02
            0.00011   0.000E+00      0.00400   2.797E-06      0.14000   5.365E-02
            0.00012   0.000E+00      0.00450   4.991E-06      0.15000   5.926E-02
            0.00013   0.000E+00      0.00500   8.098E-06      0.16000   6.489E-02
            0.00014   0.000E+00      0.00550   1.225E-05      0.18000   7.619E-02
            0.00015   0.000E+00      0.00600   1.758E-05      0.20000   8.748E-02
            0.00016   0.000E+00      0.00650   2.419E-05      0.22000   9.870E-02
            0.00018   0.000E+00      0.00700   3.220E-05      0.24000   1.098E-01
            0.00020   0.000E+00      0.00750   4.170E-05      0.26000   1.208E-01
            0.00022   0.000E+00      0.00800   5.278E-05      0.28000   1.316E-01
            0.00024   0.000E+00      0.00850   6.553E-05      0.30000   1.423E-01
            0.00026   0.000E+00      0.00900   8.004E-05      0.32000   1.527E-01
            0.00028   0.000E+00      0.01000   1.146E-04      0.36000   1.731E-01
            0.00030   0.000E+00      0.01100   1.570E-04      0.40000   1.926E-01
            0.00032   0.000E+00      0.01200   2.076E-04      0.45000   2.156E-01
            0.00036   2.363E-26      0.01300   2.669E-04      0.50000   2.373E-01
            0.00040   1.183E-24      0.01400   3.352E-04      0.55000   2.574E-01
            0.00045   9.115E-23      0.01500   4.127E-04      0.60000   2.759E-01
            0.00050   4.117E-21      0.01600   4.996E-04      0.65000   2.929E-01
            0.00055   1.154E-19      0.01800   7.022E-04      0.70000   3.084E-01
            0.00060   2.120E-18      0.02000   9.438E-04      0.75000   3.222E-01
            0.00065   2.686E-17      0.02200   1.224E-03      0.80000   3.346E-01
            0.00070   2.470E-16      0.02400   1.544E-03      0.85000   3.455E-01
            0.00075   1.724E-15      0.02600   1.901E-03      0.90000   3.550E-01
            0.00080   9.517E-15      0.02800   2.296E-03      1.00000   3.700E-01
            0.00085   4.299E-14      0.03000   2.727E-03      1.10000   3.797E-01
            0.00090   1.637E-13      0.03200   3.193E-03      1.20000   3.843E-01
            0.00100   1.563E-12      0.03600   4.225E-03      1.30000   3.841E-01
            0.00110   9.679E-12      0.04000   5.381E-03      1.40000   3.797E-01
            0.00120   4.332E-11      0.04500   6.986E-03      1.50000   3.715E-01
            0.00130   1.514E-10      0.05000   8.749E-03      1.60000   3.604E-01
            0.00140   4.369E-10      0.05500   1.065E-02      1.80000   3.314E-01
            0.00150   1.084E-09      0.06000   1.268E-02      2.00000   2.962E-01
            0.00160   2.385E-09      0.06500   1.481E-02      2.20000   2.581E-01
            0.00180   8.754E-09      0.07000   1.704E-02      2.40000   2.161E-01
            0.00200   2.455E-08      0.07500   1.936E-02      2.60000   1.733E-01
            0.00220   5.693E-08      0.08000   2.174E-02      2.80000   1.305E-01
            0.00240   1.148E-07      0.08500   2.419E-02      3.00000   8.932E-02
            0.00260   2.083E-07      0.09000   2.670E-02      3.20000   5.155E-02
            0.00280   3.483E-07      0.10000   3.186E-02      3.60000   3.060E-03
            0.00300   5.463E-07      0.11000   3.716E-02      3.71308   0.000E+00

            AVERAGE BETA ENERGY =   1.535E+00

            TOTAL BETAS PER DECAY FOR ALL BRANCHES =   7.914E-01
%%%% 114 SB  51    EC B+        2.09400E+02  3.49 M    02-11-2005       BETAEND 
%%%% 114 SB  51    EC B+        2.09400E+02  3.49 M    02-11-2005       SEEISTAR
114.  ANTIMONY     51.  3.490E+00 MINUTES  637 EC B+                114.SB 51.   0
 4 1  1.50714E-01  4.40356E-01  9.83200E-01  0.00000E+00            114.SB 51.   1   1
 4 2  1.19772E-01  4.57254E-01  1.02160E+00  0.00000E+00            114.SB 51.   2   2
 4 3  2.63499E-01  5.49916E-01  1.23110E+00  0.00000E+00            114.SB 51.   3   3
 4 4  2.99431E-01  6.64560E-01  1.48790E+00  0.00000E+00            114.SB 51.   4   4
 4 5  2.79469E-01  6.85305E-01  1.53410E+00  0.00000E+00            114.SB 51.   5   5
 4 6  3.79279E-01  7.39890E-01  1.65530E+00  0.00000E+00            114.SB 51.   6   6
 4 7  9.38217E-01  7.99509E-01  1.78710E+00  0.00000E+00            114.SB 51.   7   7
 4 8  9.98104E-01  8.07716E-01  1.80520E+00  0.00000E+00            114.SB 51.   8   8
 4 9  1.71674E+00  9.28099E-01  2.06950E+00  0.00000E+00            114.SB 51.   9   9
 410  3.39355E+00  9.45668E-01  2.10790E+00  0.00000E+00            114.SB 51.  10  10
 411  1.39735E-01  9.66373E-01  2.15310E+00  0.00000E+00            114.SB 51.  11  11
 412  3.39355E-01  1.00965E+00  2.24740E+00  0.00000E+00            114.SB 51.  12  12
 413  1.79659E-01  1.07931E+00  2.39870E+00  0.00000E+00            114.SB 51.  13  13
 414  3.99241E+00  1.12532E+00  2.49830E+00  0.00000E+00            114.SB 51.  14  14
 415  8.78331E-01  1.15327E+00  2.55870E+00  0.00000E+00            114.SB 51.  15  15
 416  4.99052E-01  1.23660E+00  2.73830E+00  0.00000E+00            114.SB 51.  16  16
 417  1.56702E+00  1.25311E+00  2.77380E+00  0.00000E+00            114.SB 51.  17  17
 418  3.09412E+00  1.27718E+00  2.82550E+00  0.00000E+00            114.SB 51.  18  18
 419  2.99431E-02  1.41121E+00  3.05980E+00  2.00000E+00            114.SB 51.  19  19
 420  5.98862E+01  1.69390E+00  3.71308E+00  0.00000E+00            114.SB 51.  20  20
 3 3  1.58289E+02  5.11000E-01  5.11000E-01  0.00000E+00            114.SB 51.  21   3
 1 1  3.84930E-02  2.15800E-01  2.15800E-01  0.00000E+00            114.SB 51.  22   1
 6 1  2.29710E-03  1.86616E-01  1.86616E-01  1.00000E+00            114.SB 51.  23   1
 6 5  2.69871E-04  2.11360E-01  2.11360E-01  1.00000E+00            114.SB 51.  24   5
 6 6  1.47645E-05  2.11639E-01  2.11639E-01  1.00000E+00            114.SB 51.  25   6
 6 7  3.97195E-06  2.11873E-01  2.11873E-01  1.00000E+00            114.SB 51.  26   7
 6 3  5.70597E-05  2.15090E-01  2.15090E-01  1.00000E+00            114.SB 51.  27   3
 6 4  1.28127E-05  2.15800E-01  2.15800E-01  1.00000E+00            114.SB 51.  28   4
 1 2  4.93500E-02  2.90800E-01  2.90800E-01  0.00000E+00            114.SB 51.  29   2
 6 1  1.62933E-03  2.61616E-01  2.61616E-01  2.00000E+00            114.SB 51.  30   1
 6 5  1.72682E-04  2.86360E-01  2.86360E-01  2.00000E+00            114.SB 51.  31   5
 6 6  4.44026E-05  2.86639E-01  2.86639E-01  2.00000E+00            114.SB 51.  32   6
 6 7  3.92208E-05  2.86873E-01  2.86873E-01  2.00000E+00            114.SB 51.  33   7
 6 3  5.11977E-05  2.90090E-01  2.90090E-01  2.00000E+00            114.SB 51.  34   3
 6 4  1.09829E-05  2.90800E-01  2.90800E-01  2.00000E+00            114.SB 51.  35   4
 1 3  2.27010E-01  3.20400E-01  3.20400E-01  0.00000E+00            114.SB 51.  36   3
 6 1  4.84251E-03  2.91216E-01  2.91216E-01  3.00000E+00            114.SB 51.  37   1
 6 5  5.65704E-04  3.15960E-01  3.15960E-01  3.00000E+00            114.SB 51.  38   5
 6 6  2.66883E-05  3.16239E-01  3.16239E-01  3.00000E+00            114.SB 51.  39   6
 6 7  7.44205E-06  3.16473E-01  3.16473E-01  3.00000E+00            114.SB 51.  40   7
 6 3  1.17898E-04  3.19690E-01  3.19690E-01  3.00000E+00            114.SB 51.  41   3
 6 4  2.65961E-05  3.20400E-01  3.20400E-01  3.00000E+00            114.SB 51.  42   4
 1 4  7.20510E+00  3.27180E-01  3.27180E-01  0.00000E+00            114.SB 51.  43   4
 6 1  1.63219E-01  2.97996E-01  2.97996E-01  4.00000E+00            114.SB 51.  44   1
 6 5  1.74987E-02  3.22740E-01  3.22740E-01  4.00000E+00            114.SB 51.  45   5
 6 6  3.90572E-03  3.23019E-01  3.23019E-01  4.00000E+00            114.SB 51.  46   6
 6 7  3.32534E-03  3.23253E-01  3.23253E-01  4.00000E+00            114.SB 51.  47   7
 6 3  4.92607E-03  3.26470E-01  3.26470E-01  4.00000E+00            114.SB 51.  48   3
 6 4  1.06286E-03  3.27180E-01  3.27180E-01  4.00000E+00            114.SB 51.  49   4
 1 5  2.56620E-02  3.75200E-01  3.75200E-01  0.00000E+00            114.SB 51.  50   5
 6 1  3.79726E-04  3.46016E-01  3.46016E-01  5.00000E+00            114.SB 51.  51   1
 6 5  4.11739E-05  3.70760E-01  3.70760E-01  5.00000E+00            114.SB 51.  52   5
 6 6  7.79519E-06  3.71039E-01  3.71039E-01  5.00000E+00            114.SB 51.  53   6
 6 7  6.36274E-06  3.71273E-01  3.71273E-01  5.00000E+00            114.SB 51.  54   7
 6 3  1.09915E-05  3.74490E-01  3.74490E-01  5.00000E+00            114.SB 51.  55   3
 6 4  2.39031E-06  3.75200E-01  3.75200E-01  5.00000E+00            114.SB 51.  56   4
 1 6  1.16466E+00  3.90340E-01  3.90340E-01  0.00000E+00            114.SB 51.  57   6
 6 1  1.50653E-02  3.61156E-01  3.61156E-01  6.00000E+00            114.SB 51.  58   1
 6 5  1.75510E-03  3.85900E-01  3.85900E-01  6.00000E+00            114.SB 51.  59   5
 6 6  7.64971E-05  3.86179E-01  3.86179E-01  6.00000E+00            114.SB 51.  60   6
 6 7  2.18508E-05  3.86413E-01  3.86413E-01  6.00000E+00            114.SB 51.  61   7
 6 3  3.64500E-04  3.89630E-01  3.89630E-01  6.00000E+00            114.SB 51.  62   3
 6 4  8.21872E-05  3.90340E-01  3.90340E-01  6.00000E+00            114.SB 51.  63   4
 1 7  4.63890E-02  4.41700E-01  4.41700E-01  0.00000E+00            114.SB 51.  64   7
 6 1  4.20850E-04  4.12516E-01  4.12516E-01  7.00000E+00            114.SB 51.  65   1
 6 5  4.61494E-05  4.37260E-01  4.37260E-01  7.00000E+00            114.SB 51.  66   5
 6 6  7.17063E-06  4.37539E-01  4.37539E-01  7.00000E+00            114.SB 51.  67   6
 6 7  5.58753E-06  4.37773E-01  4.37773E-01  7.00000E+00            114.SB 51.  68   7
 6 3  1.16693E-05  4.40990E-01  4.40990E-01  7.00000E+00            114.SB 51.  69   3
 6 4  2.55988E-06  4.41700E-01  4.41700E-01  7.00000E+00            114.SB 51.  70   4
 1 8  1.48050E-02  4.51300E-01  4.51300E-01  0.00000E+00            114.SB 51.  71   8
 6 1  1.33461E-04  4.22116E-01  4.22116E-01  8.00000E+00            114.SB 51.  72   1
 6 5  1.55217E-05  4.46860E-01  4.46860E-01  8.00000E+00            114.SB 51.  73   5
 6 6  6.35592E-07  4.47139E-01  4.47139E-01  8.00000E+00            114.SB 51.  74   6
 6 7  1.85675E-07  4.47373E-01  4.47373E-01  8.00000E+00            114.SB 51.  75   7
 6 3  3.21614E-06  4.50590E-01  4.50590E-01  8.00000E+00            114.SB 51.  76   3
 6 4  7.24842E-07  4.51300E-01  4.51300E-01  8.00000E+00            114.SB 51.  77   4
 1 9  1.48050E-01  4.89500E-01  4.89500E-01  0.00000E+00            114.SB 51.  78   9
 6 1  1.09323E-03  4.60316E-01  4.60316E-01  9.00000E+00            114.SB 51.  79   1
 6 5  1.27087E-04  4.85060E-01  4.85060E-01  9.00000E+00            114.SB 51.  80   5
 6 6  5.00950E-06  4.85339E-01  4.85339E-01  9.00000E+00            114.SB 51.  81   6
 6 7  1.48562E-06  4.85573E-01  4.85573E-01  9.00000E+00            114.SB 51.  82   7
 6 3  2.62777E-05  4.88790E-01  4.88790E-01  9.00000E+00            114.SB 51.  83   3
 6 4  5.92512E-06  4.89500E-01  4.89500E-01  9.00000E+00            114.SB 51.  84   4
 110  8.48820E-02  5.73900E-01  5.73900E-01  0.00000E+00            114.SB 51.  85  10
 6 1  4.26499E-04  5.44716E-01  5.44716E-01  1.00000E+01            114.SB 51.  86   1
 6 5  4.95537E-05  5.69460E-01  5.69460E-01  1.00000E+01            114.SB 51.  87   5
 6 6  1.80464E-06  5.69739E-01  5.69739E-01  1.00000E+01            114.SB 51.  88   6
 6 7  5.54224E-07  5.69973E-01  5.69973E-01  1.00000E+01            114.SB 51.  89   7
 6 3  1.01969E-05  5.73190E-01  5.73190E-01  1.00000E+01            114.SB 51.  90   3
 6 4  2.30286E-06  5.73900E-01  5.73900E-01  1.00000E+01            114.SB 51.  91   4
 111  1.28310E-01  5.92900E-01  5.92900E-01  0.00000E+00            114.SB 51.  92  11
 6 1  5.12727E-04  5.63716E-01  5.63716E-01  1.10000E+01            114.SB 51.  93   1
 6 5  5.70254E-05  5.88460E-01  5.88460E-01  1.10000E+01            114.SB 51.  94   5
 6 6  6.12608E-06  5.88739E-01  5.88739E-01  1.10000E+01            114.SB 51.  95   6
 6 7  4.47703E-06  5.88973E-01  5.88973E-01  1.10000E+01            114.SB 51.  96   7
 6 3  1.33440E-05  5.92190E-01  5.92190E-01  1.10000E+01            114.SB 51.  97   3
 6 4  2.95165E-06  5.92900E-01  5.92900E-01  1.10000E+01            114.SB 51.  98   4
 112  6.21810E-02  6.19300E-01  6.19300E-01  0.00000E+00            114.SB 51.  99  12
 6 1  2.21529E-04  5.90116E-01  5.90116E-01  1.20000E+01            114.SB 51. 100   1
 6 5  2.46797E-05  6.14860E-01  6.14860E-01  1.20000E+01            114.SB 51. 101   5
 6 6  2.50767E-06  6.15139E-01  6.15139E-01  1.20000E+01            114.SB 51. 102   6
 6 7  1.81968E-06  6.15373E-01  6.15373E-01  1.20000E+01            114.SB 51. 103   7
 6 3  5.72047E-06  6.18590E-01  6.18590E-01  1.20000E+01            114.SB 51. 104   3
 6 4  1.26651E-06  6.19300E-01  6.19300E-01  1.20000E+01            114.SB 51. 105   4
 113  1.37193E-01  6.27300E-01  6.27300E-01  0.00000E+00            114.SB 51. 106  13
 6 1  5.57591E-04  5.98116E-01  5.98116E-01  1.30000E+01            114.SB 51. 107   1
 6 5  6.47580E-05  6.22860E-01  6.22860E-01  1.30000E+01            114.SB 51. 108   5
 6 6  2.25229E-06  6.23139E-01  6.23139E-01  1.30000E+01            114.SB 51. 109   6
 6 7  7.07541E-07  6.23373E-01  6.23373E-01  1.30000E+01            114.SB 51. 110   7
 6 3  1.32898E-05  6.26590E-01  6.26590E-01  1.30000E+01            114.SB 51. 111   3
 6 4  3.00406E-06  6.27300E-01  6.27300E-01  1.30000E+01            114.SB 51. 112   4
 114  2.46750E-02  6.34000E-01  6.34000E-01  0.00000E+00            114.SB 51. 113  14
 6 1  9.77933E-05  6.04816E-01  6.04816E-01  1.40000E+01            114.SB 51. 114   1
 6 5  1.13569E-05  6.29560E-01  6.29560E-01  1.40000E+01            114.SB 51. 115   5
 6 6  3.92803E-07  6.29839E-01  6.29839E-01  1.40000E+01            114.SB 51. 116   6
 6 7  1.23759E-07  6.30073E-01  6.30073E-01  1.40000E+01            114.SB 51. 117   7
 6 3  2.32997E-06  6.33290E-01  6.33290E-01  1.40000E+01            114.SB 51. 118   3
 6 4  5.26724E-07  6.34000E-01  6.34000E-01  1.40000E+01            114.SB 51. 119   4
 115  1.57920E-01  6.53300E-01  6.53300E-01  0.00000E+00            114.SB 51. 120  15
 6 1  4.89797E-04  6.24116E-01  6.24116E-01  1.50000E+01            114.SB 51. 121   1
 6 5  5.46738E-05  6.48860E-01  6.48860E-01  1.50000E+01            114.SB 51. 122   5
 6 6  5.18691E-06  6.49139E-01  6.49139E-01  1.50000E+01            114.SB 51. 123   6
 6 7  3.73360E-06  6.49373E-01  6.49373E-01  1.50000E+01            114.SB 51. 124   7
 6 3  1.25333E-05  6.52590E-01  6.52590E-01  1.50000E+01            114.SB 51. 125   3
 6 4  2.77808E-06  6.53300E-01  6.53300E-01  1.50000E+01            114.SB 51. 126   4
 116  1.26336E+00  6.68370E-01  6.68370E-01  0.00000E+00            114.SB 51. 127  16
 6 1  1.37677E-03  6.39186E-01  6.39186E-01  1.60000E+01            114.SB 51. 128   1
 6 5  1.52059E-04  6.63930E-01  6.63930E-01  1.60000E+01            114.SB 51. 129   5
 6 6  4.43939E-06  6.64209E-01  6.64209E-01  1.60000E+01            114.SB 51. 130   6
 6 7  6.35098E-06  6.64443E-01  6.64443E-01  1.60000E+01            114.SB 51. 131   7
 6 3  3.19213E-05  6.67660E-01  6.67660E-01  1.60000E+01            114.SB 51. 132   3
 6 4  7.14681E-06  6.68370E-01  6.68370E-01  1.60000E+01            114.SB 51. 133   4
 117  4.93500E-02  7.04200E-01  7.04200E-01  0.00000E+00            114.SB 51. 134  17
 6 1  1.52796E-04  6.75016E-01  6.75016E-01  1.70000E+01            114.SB 51. 135   1
 6 5  1.77236E-05  6.99760E-01  6.99760E-01  1.70000E+01            114.SB 51. 136   5
 6 6  5.80279E-07  7.00039E-01  7.00039E-01  1.70000E+01            114.SB 51. 137   6
 6 7  1.88523E-07  7.00273E-01  7.00273E-01  1.70000E+01            114.SB 51. 138   7
 6 3  3.62668E-06  7.03490E-01  7.03490E-01  1.70000E+01            114.SB 51. 139   3
 6 4  8.20296E-07  7.04200E-01  7.04200E-01  1.70000E+01            114.SB 51. 140   4
 118  4.63890E+00  7.17320E-01  7.17320E-01  0.00000E+00            114.SB 51. 141  18
 6 1  1.13560E-02  6.88136E-01  6.88136E-01  1.80000E+01            114.SB 51. 142   1
 6 5  1.27256E-03  7.12880E-01  7.12880E-01  1.80000E+01            114.SB 51. 143   5
 6 6  1.06940E-04  7.13159E-01  7.13159E-01  1.80000E+01            114.SB 51. 144   6
 6 7  7.61749E-05  7.13393E-01  7.13393E-01  1.80000E+01            114.SB 51. 145   7
 6 3  2.86548E-04  7.16610E-01  7.16610E-01  1.80000E+01            114.SB 51. 146   3
 6 4  6.36787E-05  7.17320E-01  7.17320E-01  1.80000E+01            114.SB 51. 147   4
 119  4.24410E-02  7.71800E-01  7.71800E-01  0.00000E+00            114.SB 51. 148  19
 6 1  1.06231E-04  7.42616E-01  7.42616E-01  1.90000E+01            114.SB 51. 149   1
 6 5  1.22990E-05  7.67360E-01  7.67360E-01  1.90000E+01            114.SB 51. 150   5
 6 6  3.83960E-07  7.67639E-01  7.67639E-01  1.90000E+01            114.SB 51. 151   6
 6 7  1.28452E-07  7.67873E-01  7.67873E-01  1.90000E+01            114.SB 51. 152   7
 6 3  2.51287E-06  7.71090E-01  7.71090E-01  1.90000E+01            114.SB 51. 153   3
 6 4  5.68204E-07  7.71800E-01  7.71800E-01  1.90000E+01            114.SB 51. 154   4
 120  4.63890E-02  7.87100E-01  7.87100E-01  0.00000E+00            114.SB 51. 155  20
 121  4.93500E-02  8.56900E-01  8.56900E-01  0.00000E+00            114.SB 51. 156  21
 122  1.76673E+01  8.87570E-01  8.87570E-01  0.00000E+00            114.SB 51. 157  22
 6 1  2.59260E-02  8.58386E-01  8.58386E-01  2.20000E+01            114.SB 51. 158   1
 6 5  2.93026E-03  8.83130E-01  8.83130E-01  2.20000E+01            114.SB 51. 159   5
 6 6  1.86313E-04  8.83409E-01  8.83409E-01  2.20000E+01            114.SB 51. 160   6
 6 7  1.31338E-04  8.83643E-01  8.83643E-01  2.20000E+01            114.SB 51. 161   7
 6 3  6.37563E-04  8.86860E-01  8.86860E-01  2.20000E+01            114.SB 51. 162   3
 6 4  1.42823E-04  8.87570E-01  8.87570E-01  2.20000E+01            114.SB 51. 163   4
 123  1.18440E-01  9.21900E-01  9.21900E-01  0.00000E+00            114.SB 51. 164  23
 6 1  1.59285E-04  8.92716E-01  8.92716E-01  2.30000E+01            114.SB 51. 165   1
 6 5  1.80245E-05  9.17460E-01  9.17460E-01  2.30000E+01            114.SB 51. 166   5
 6 6  1.09051E-06  9.17739E-01  9.17739E-01  2.30000E+01            114.SB 51. 167   6
 6 7  7.68230E-07  9.17973E-01  9.17973E-01  2.30000E+01            114.SB 51. 168   7
 6 3  3.90127E-06  9.21190E-01  9.21190E-01  2.30000E+01            114.SB 51. 169   3
 6 4  8.75415E-07  9.21900E-01  9.21900E-01  2.30000E+01            114.SB 51. 170   4
 124  2.36880E-01  9.32500E-01  9.32500E-01  0.00000E+00            114.SB 51. 171  24
 6 1  1.30133E-04  9.03316E-01  9.03316E-01  2.40000E+01            114.SB 51. 172   1
 6 5  1.44826E-05  9.28060E-01  9.28060E-01  2.40000E+01            114.SB 51. 173   5
 6 6  3.19206E-07  9.28339E-01  9.28339E-01  2.40000E+01            114.SB 51. 174   6
 6 7  4.87693E-07  9.28573E-01  9.28573E-01  2.40000E+01            114.SB 51. 175   7
 6 3  2.98861E-06  9.31790E-01  9.31790E-01  2.40000E+01            114.SB 51. 176   3
 6 4  6.72064E-07  9.32500E-01  9.32500E-01  2.40000E+01            114.SB 51. 177   4
 125  1.02648E+00  9.39000E-01  9.39000E-01  0.00000E+00            114.SB 51. 178  25
 6 1  1.64327E-03  9.09816E-01  9.09816E-01  2.50000E+01            114.SB 51. 179   1
 6 5  1.89409E-04  9.34560E-01  9.34560E-01  2.50000E+01            114.SB 51. 180   5
 6 6  5.32158E-06  9.34839E-01  9.34839E-01  2.50000E+01            114.SB 51. 181   6
 6 7  1.91896E-06  9.35073E-01  9.35073E-01  2.50000E+01            114.SB 51. 182   7
 6 3  3.85862E-05  9.38290E-01  9.38290E-01  2.50000E+01            114.SB 51. 183   3
 6 4  8.71912E-06  9.39000E-01  9.39000E-01  2.50000E+01            114.SB 51. 184   4
 126  1.28310E-01  9.63400E-01  9.63400E-01  0.00000E+00            114.SB 51. 185  26
 6 1  1.93893E-04  9.34216E-01  9.34216E-01  2.60000E+01            114.SB 51. 186   1
 6 5  2.23362E-05  9.58960E-01  9.58960E-01  2.60000E+01            114.SB 51. 187   5
 6 6  6.18677E-07  9.59239E-01  9.59239E-01  2.60000E+01            114.SB 51. 188   6
 6 7  2.25628E-07  9.59473E-01  9.59473E-01  2.60000E+01            114.SB 51. 189   7
 6 3  4.54851E-06  9.62690E-01  9.62690E-01  2.60000E+01            114.SB 51. 190   3
 6 4  1.02776E-06  9.63400E-01  9.63400E-01  2.60000E+01            114.SB 51. 191   4
 127  2.86230E+00  9.74820E-01  9.74820E-01  0.00000E+00            114.SB 51. 192  27
 6 1  1.44276E-03  9.45636E-01  9.45636E-01  2.70000E+01            114.SB 51. 193   1
 6 5  1.60721E-04  9.70380E-01  9.70380E-01  2.70000E+01            114.SB 51. 194   5
 6 6  3.40906E-06  9.70659E-01  9.70659E-01  2.70000E+01            114.SB 51. 195   6
 6 7  5.27379E-06  9.70893E-01  9.70893E-01  2.70000E+01            114.SB 51. 196   7
 6 3  3.30982E-05  9.74110E-01  9.74110E-01  2.70000E+01            114.SB 51. 197   3
 6 4  7.44777E-06  9.74820E-01  9.74820E-01  2.70000E+01            114.SB 51. 198   4
 128  6.90900E-02  9.90500E-01  9.90500E-01  0.00000E+00            114.SB 51. 199  28
 6 1  7.90385E-05  9.61316E-01  9.61316E-01  2.80000E+01            114.SB 51. 200   1
 6 5  8.96057E-06  9.86060E-01  9.86060E-01  2.80000E+01            114.SB 51. 201   5
 6 6  4.93637E-07  9.86339E-01  9.86339E-01  2.80000E+01            114.SB 51. 202   6
 6 7  3.47837E-07  9.86573E-01  9.86573E-01  2.80000E+01            114.SB 51. 203   7
 6 3  1.92167E-06  9.89790E-01  9.89790E-01  2.80000E+01            114.SB 51. 204   3
 6 4  4.32712E-07  9.90500E-01  9.90500E-01  2.80000E+01            114.SB 51. 205   4
 129  6.90900E-02  1.01050E+00  1.01050E+00  0.00000E+00            114.SB 51. 206  29
 6 1  9.38196E-05  9.81316E-01  9.81316E-01  2.90000E+01            114.SB 51. 207   1
 6 5  1.07971E-05  1.00606E+00  1.00606E+00  2.90000E+01            114.SB 51. 208   5
 6 6  2.91145E-07  1.00634E+00  1.00634E+00  2.90000E+01            114.SB 51. 209   6
 6 7  1.08538E-07  1.00657E+00  1.00657E+00  2.90000E+01            114.SB 51. 210   7
 6 3  2.19702E-06  1.00979E+00  1.00979E+00  2.90000E+01            114.SB 51. 211   3
 6 4  4.94002E-07  1.01050E+00  1.01050E+00  2.90000E+01            114.SB 51. 212   4
 130  4.83630E-01  1.01990E+00  1.01990E+00  0.00000E+00            114.SB 51. 213  30
 6 1  5.18598E-04  9.90716E-01  9.90716E-01  3.00000E+01            114.SB 51. 214   1
 6 5  5.88282E-05  1.01546E+00  1.01546E+00  3.00000E+01            114.SB 51. 215   5
 6 6  3.11982E-06  1.01574E+00  1.01574E+00  3.00000E+01            114.SB 51. 216   6
 6 7  2.19991E-06  1.01597E+00  1.01597E+00  3.00000E+01            114.SB 51. 217   7
 6 3  1.25721E-05  1.01919E+00  1.01919E+00  3.00000E+01            114.SB 51. 218   3
 6 4  2.78431E-06  1.01990E+00  1.01990E+00  3.00000E+01            114.SB 51. 219   4
 131  5.62590E-01  1.07250E+00  1.07250E+00  0.00000E+00            114.SB 51. 220  31
 6 1  6.68875E-04  1.04332E+00  1.04332E+00  3.10000E+01            114.SB 51. 221   1
 6 5  7.69183E-05  1.06806E+00  1.06806E+00  3.10000E+01            114.SB 51. 222   5
 6 6  2.00456E-06  1.06834E+00  1.06834E+00  3.10000E+01            114.SB 51. 223   6
 6 7  7.69453E-07  1.06857E+00  1.06857E+00  3.10000E+01            114.SB 51. 224   7
 6 3  1.56353E-05  1.07179E+00  1.07179E+00  3.10000E+01            114.SB 51. 225   3
 6 4  3.51187E-06  1.07250E+00  1.07250E+00  3.10000E+01            114.SB 51. 226   4
 132  6.81030E-02  1.12190E+00  1.12190E+00  0.00000E+00            114.SB 51. 227  32
 6 1  7.32756E-05  1.09272E+00  1.09272E+00  3.20000E+01            114.SB 51. 228   1
 6 5  8.42181E-06  1.11746E+00  1.11746E+00  3.20000E+01            114.SB 51. 229   5
 6 6  2.13782E-07  1.11774E+00  1.11774E+00  3.20000E+01            114.SB 51. 230   6
 6 7  8.40108E-08  1.11797E+00  1.11797E+00  3.20000E+01            114.SB 51. 231   7
 6 3  1.71045E-06  1.12119E+00  1.12119E+00  3.20000E+01            114.SB 51. 232   3
 6 4  3.83891E-07  1.12190E+00  1.12190E+00  3.20000E+01            114.SB 51. 233   4
 133  3.15840E-01  1.13170E+00  1.13170E+00  0.00000E+00            114.SB 51. 234  33
 6 1  2.71189E-04  1.10252E+00  1.10252E+00  3.30000E+01            114.SB 51. 235   1
 6 5  3.07298E-05  1.12726E+00  1.12726E+00  3.30000E+01            114.SB 51. 236   5
 6 6  1.42459E-06  1.12754E+00  1.12754E+00  3.30000E+01            114.SB 51. 237   6
 6 7  1.01032E-06  1.12777E+00  1.12777E+00  3.30000E+01            114.SB 51. 238   7
 6 3  6.49343E-06  1.13099E+00  1.13099E+00  3.30000E+01            114.SB 51. 239   3
 6 4  1.43482E-06  1.13170E+00  1.13170E+00  3.30000E+01            114.SB 51. 240   4
 134  1.02648E-01  1.14030E+00  1.14030E+00  0.00000E+00            114.SB 51. 241  34
 135  1.64829E+00  1.15414E+00  1.15414E+00  0.00000E+00            114.SB 51. 242  35
 6 1  1.66598E-03  1.12496E+00  1.12496E+00  3.50000E+01            114.SB 51. 243   1
 6 5  1.91416E-04  1.14970E+00  1.14970E+00  3.50000E+01            114.SB 51. 244   5
 6 6  4.77808E-06  1.14998E+00  1.14998E+00  3.50000E+01            114.SB 51. 245   6
 6 7  1.90682E-06  1.15021E+00  1.15021E+00  3.50000E+01            114.SB 51. 246   7
 6 3  3.88535E-05  1.15343E+00  1.15343E+00  3.50000E+01            114.SB 51. 247   3
 6 4  8.71624E-06  1.15414E+00  1.15414E+00  3.50000E+01            114.SB 51. 248   4
 136  2.76360E-01  1.16970E+00  1.16970E+00  0.00000E+00            114.SB 51. 249  36
 6 1  2.21464E-04  1.14052E+00  1.14052E+00  3.60000E+01            114.SB 51. 250   1
 6 5  2.50858E-05  1.16526E+00  1.16526E+00  3.60000E+01            114.SB 51. 251   5
 6 6  1.11471E-06  1.16554E+00  1.16554E+00  3.60000E+01            114.SB 51. 252   6
 6 7  7.92903E-07  1.16577E+00  1.16577E+00  3.60000E+01            114.SB 51. 253   7
 6 3  5.28371E-06  1.16899E+00  1.16899E+00  3.60000E+01            114.SB 51. 254   3
 6 4  1.16652E-06  1.16970E+00  1.16970E+00  3.60000E+01            114.SB 51. 255   4
 137  1.18440E-01  1.20330E+00  1.20330E+00  0.00000E+00            114.SB 51. 256  37
 6 1  4.04093E-05  1.17412E+00  1.17412E+00  3.70000E+01            114.SB 51. 257   1
 6 5  4.51286E-06  1.19886E+00  1.19886E+00  3.70000E+01            114.SB 51. 258   5
 6 6  7.97539E-08  1.19914E+00  1.19914E+00  3.70000E+01            114.SB 51. 259   6
 6 7  1.31813E-07  1.19937E+00  1.19937E+00  3.70000E+01            114.SB 51. 260   7
 6 3  9.21457E-07  1.20259E+00  1.20259E+00  3.70000E+01            114.SB 51. 261   3
 6 4  2.04119E-07  1.20330E+00  1.20330E+00  3.70000E+01            114.SB 51. 262   4
 138  1.38180E-01  1.23990E+00  1.23990E+00  0.00000E+00            114.SB 51. 263  38
 6 1  1.19348E-04  1.21072E+00  1.21072E+00  3.80000E+01            114.SB 51. 264   1
 6 5  1.37029E-05  1.23546E+00  1.23546E+00  3.80000E+01            114.SB 51. 265   5
 6 6  3.27538E-07  1.23574E+00  1.23574E+00  3.80000E+01            114.SB 51. 266   6
 6 7  1.36217E-07  1.23597E+00  1.23597E+00  3.80000E+01            114.SB 51. 267   7
 6 3  2.77685E-06  1.23919E+00  1.23919E+00  3.80000E+01            114.SB 51. 268   3
 6 4  6.22307E-07  1.23990E+00  1.23990E+00  3.80000E+01            114.SB 51. 269   4
 139  1.67790E-01  1.25050E+00  1.25050E+00  0.00000E+00            114.SB 51. 270  39
 6 1  1.42256E-04  1.22132E+00  1.22132E+00  3.90000E+01            114.SB 51. 271   1
 6 5  1.63318E-05  1.24606E+00  1.24606E+00  3.90000E+01            114.SB 51. 272   5
 6 6  3.88337E-07  1.24634E+00  1.24634E+00  3.90000E+01            114.SB 51. 273   6
 6 7  1.62332E-07  1.24657E+00  1.24657E+00  3.90000E+01            114.SB 51. 274   7
 6 3  3.30888E-06  1.24979E+00  1.24979E+00  3.90000E+01            114.SB 51. 275   3
 6 4  7.41460E-07  1.25050E+00  1.25050E+00  3.90000E+01            114.SB 51. 276   4
 140  1.57920E-01  1.26470E+00  1.26470E+00  0.00000E+00            114.SB 51. 277  40
 6 1  1.07807E-04  1.23552E+00  1.23552E+00  4.00000E+01            114.SB 51. 278   1
 6 5  1.21990E-05  1.26026E+00  1.26026E+00  4.00000E+01            114.SB 51. 279   5
 6 6  4.90807E-07  1.26054E+00  1.26054E+00  4.00000E+01            114.SB 51. 280   6
 6 7  3.52438E-07  1.26077E+00  1.26077E+00  4.00000E+01            114.SB 51. 281   7
 6 3  2.55156E-06  1.26399E+00  1.26399E+00  4.00000E+01            114.SB 51. 282   3
 6 4  5.62070E-07  1.26470E+00  1.26470E+00  4.00000E+01            114.SB 51. 283   4
 141  9.87000E+01  1.29992E+00  1.29992E+00  0.00000E+00            114.SB 51. 284  41
 6 1  6.37437E-02  1.27074E+00  1.27074E+00  4.10000E+01            114.SB 51. 285   1
 6 5  7.21025E-03  1.29548E+00  1.29548E+00  4.10000E+01            114.SB 51. 286   5
 6 6  2.80216E-04  1.29576E+00  1.29576E+00  4.10000E+01            114.SB 51. 287   6
 6 7  2.02063E-04  1.29599E+00  1.29599E+00  4.10000E+01            114.SB 51. 288   7
 6 3  1.50473E-03  1.29921E+00  1.29921E+00  4.10000E+01            114.SB 51. 289   3
 6 4  3.31185E-04  1.29992E+00  1.29992E+00  4.10000E+01            114.SB 51. 290   4
 142  6.11940E-01  1.31440E+00  1.31440E+00  0.00000E+00            114.SB 51. 291  42
 6 1  3.86518E-04  1.28522E+00  1.28522E+00  4.20000E+01            114.SB 51. 292   1
 6 5  4.37137E-05  1.30996E+00  1.30996E+00  4.20000E+01            114.SB 51. 293   5
 6 6  1.67538E-06  1.31024E+00  1.31024E+00  4.20000E+01            114.SB 51. 294   6
 6 7  1.21032E-06  1.31047E+00  1.31047E+00  4.20000E+01            114.SB 51. 295   7
 6 3  9.11475E-06  1.31369E+00  1.31369E+00  4.20000E+01            114.SB 51. 296   3
 6 4  2.00541E-06  1.31440E+00  1.31440E+00  4.20000E+01            114.SB 51. 297   4
 143  7.20510E-02  1.32760E+00  1.32760E+00  0.00000E+00            114.SB 51. 298  43
 6 1  5.36430E-05  1.29842E+00  1.29842E+00  4.30000E+01            114.SB 51. 299   1
 6 5  6.15551E-06  1.32316E+00  1.32316E+00  4.30000E+01            114.SB 51. 300   5
 6 6  1.40999E-07  1.32344E+00  1.32344E+00  4.30000E+01            114.SB 51. 301   6
 6 7  6.11836E-08  1.32367E+00  1.32367E+00  4.30000E+01            114.SB 51. 302   7
 6 3  1.24511E-06  1.32689E+00  1.32689E+00  4.30000E+01            114.SB 51. 303   3
 6 4  2.78824E-07  1.32760E+00  1.32760E+00  4.30000E+01            114.SB 51. 304   4
 144  8.09340E-02  1.33720E+00  1.33720E+00  0.00000E+00            114.SB 51. 305  44
 6 1  5.93252E-05  1.30802E+00  1.30802E+00  4.40000E+01            114.SB 51. 306   1
 6 5  6.80716E-06  1.33276E+00  1.33276E+00  4.40000E+01            114.SB 51. 307   5
 6 6  1.55216E-07  1.33304E+00  1.33304E+00  4.40000E+01            114.SB 51. 308   6
 6 7  6.76675E-08  1.33327E+00  1.33327E+00  4.40000E+01            114.SB 51. 309   7
 6 3  1.37664E-06  1.33649E+00  1.33649E+00  4.40000E+01            114.SB 51. 310   3
 6 4  3.08257E-07  1.33720E+00  1.33720E+00  4.40000E+01            114.SB 51. 311   4
 145  2.66490E-02  1.36450E+00  1.36450E+00  0.00000E+00            114.SB 51. 312  45
 146  1.75686E-01  1.37700E+00  1.37700E+00  0.00000E+00            114.SB 51. 313  46
 6 1  1.01148E-04  1.34782E+00  1.34782E+00  4.60000E+01            114.SB 51. 314   1
 6 5  1.14327E-05  1.37256E+00  1.37256E+00  4.60000E+01            114.SB 51. 315   5
 6 6  4.13424E-07  1.37284E+00  1.37284E+00  4.60000E+01            114.SB 51. 316   6
 6 7  3.01225E-07  1.37307E+00  1.37307E+00  4.60000E+01            114.SB 51. 317   7
 6 3  2.37554E-06  1.37629E+00  1.37629E+00  4.60000E+01            114.SB 51. 318   3
 6 4  5.21853E-07  1.37700E+00  1.37700E+00  4.60000E+01            114.SB 51. 319   4
 147  8.29080E-02  1.40340E+00  1.40340E+00  0.00000E+00            114.SB 51. 320  47
 148  2.86230E-02  1.41520E+00  1.41520E+00  0.00000E+00            114.SB 51. 321  48
 6 1  1.56139E-05  1.38602E+00  1.38602E+00  4.80000E+01            114.SB 51. 322   1
 6 5  1.76427E-06  1.41076E+00  1.41076E+00  4.80000E+01            114.SB 51. 323   5
 6 6  6.16709E-08  1.41104E+00  1.41104E+00  4.80000E+01            114.SB 51. 324   6
 6 7  4.51910E-08  1.41127E+00  1.41127E+00  4.80000E+01            114.SB 51. 325   7
 6 3  3.65891E-07  1.41449E+00  1.41449E+00  4.80000E+01            114.SB 51. 326   3
 6 4  8.03013E-08  1.41520E+00  1.41520E+00  4.80000E+01            114.SB 51. 327   4
 149  7.30380E-01  1.46570E+00  1.46570E+00  0.00000E+00            114.SB 51. 328  49
 6 1  3.72027E-04  1.43652E+00  1.43652E+00  4.90000E+01            114.SB 51. 329   1
 6 5  4.20226E-05  1.46126E+00  1.46126E+00  4.90000E+01            114.SB 51. 330   5
 6 6  1.40687E-06  1.46154E+00  1.46154E+00  4.90000E+01            114.SB 51. 331   6
 6 7  1.03927E-06  1.46177E+00  1.46177E+00  4.90000E+01            114.SB 51. 332   7
 6 3  8.69508E-06  1.46499E+00  1.46499E+00  4.90000E+01            114.SB 51. 333   3
 6 4  1.90587E-06  1.46570E+00  1.46570E+00  4.90000E+01            114.SB 51. 334   4
 150  3.55320E-02  1.47680E+00  1.47680E+00  0.00000E+00            114.SB 51. 335  50
 6 1  2.10466E-05  1.44762E+00  1.44762E+00  5.00000E+01            114.SB 51. 336   1
 6 5  2.41341E-06  1.47236E+00  1.47236E+00  5.00000E+01            114.SB 51. 337   5
 6 6  5.15936E-08  1.47264E+00  1.47264E+00  5.00000E+01            114.SB 51. 338   6
 6 7  2.40751E-08  1.47287E+00  1.47287E+00  5.00000E+01            114.SB 51. 339   7
 6 3  4.86477E-07  1.47609E+00  1.47609E+00  5.00000E+01            114.SB 51. 340   3
 6 4  1.08872E-07  1.47680E+00  1.47680E+00  5.00000E+01            114.SB 51. 341   4
 151  2.07270E-01  1.50710E+00  1.50710E+00  0.00000E+00            114.SB 51. 342  51
 6 1  4.79141E-05  1.47792E+00  1.47792E+00  5.10000E+01            114.SB 51. 343   1
 6 5  5.36768E-06  1.50266E+00  1.50266E+00  5.10000E+01            114.SB 51. 344   5
 6 6  7.82496E-08  1.50294E+00  1.50294E+00  5.10000E+01            114.SB 51. 345   6
 6 7  1.39512E-07  1.50317E+00  1.50317E+00  5.10000E+01            114.SB 51. 346   7
 6 3  1.08912E-06  1.50639E+00  1.50639E+00  5.10000E+01            114.SB 51. 347   3
 6 4  2.38485E-07  1.50710E+00  1.50710E+00  5.10000E+01            114.SB 51. 348   4
 152  2.07270E-01  1.51500E+00  1.51500E+00  0.00000E+00            114.SB 51. 349  52
 6 1  1.16282E-04  1.48582E+00  1.48582E+00  5.20000E+01            114.SB 51. 350   1
 6 5  1.33321E-05  1.51056E+00  1.51056E+00  5.20000E+01            114.SB 51. 351   5
 6 6  2.80187E-07  1.51084E+00  1.51084E+00  5.20000E+01            114.SB 51. 352   6
 6 7  1.33204E-07  1.51107E+00  1.51107E+00  5.20000E+01            114.SB 51. 353   7
 6 3  2.68479E-06  1.51429E+00  1.51429E+00  5.20000E+01            114.SB 51. 354   3
 6 4  6.00831E-07  1.51500E+00  1.51500E+00  5.20000E+01            114.SB 51. 355   4
 153  1.87530E-02  1.52610E+00  1.52610E+00  0.00000E+00            114.SB 51. 356  53
 6 1  8.83347E-06  1.49692E+00  1.49692E+00  5.30000E+01            114.SB 51. 357   1
 6 5  9.97523E-07  1.52166E+00  1.52166E+00  5.30000E+01            114.SB 51. 358   5
 6 6  3.17908E-08  1.52194E+00  1.52194E+00  5.30000E+01            114.SB 51. 359   6
 6 7  2.37298E-08  1.52217E+00  1.52217E+00  5.30000E+01            114.SB 51. 360   7
 6 3  2.05898E-07  1.52539E+00  1.52539E+00  5.30000E+01            114.SB 51. 361   3
 6 4  4.50621E-08  1.52610E+00  1.52610E+00  5.30000E+01            114.SB 51. 362   4
 154  3.45450E-02  1.53900E+00  1.53900E+00  0.00000E+00            114.SB 51. 363  54
 155  1.00674E+00  1.56000E+00  1.56000E+00  0.00000E+00            114.SB 51. 364  55
 6 1  4.54607E-04  1.53082E+00  1.53082E+00  5.50000E+01            114.SB 51. 365   1
 6 5  5.13324E-05  1.55556E+00  1.55556E+00  5.50000E+01            114.SB 51. 366   5
 6 6  1.59304E-06  1.55584E+00  1.55584E+00  5.50000E+01            114.SB 51. 367   6
 6 7  1.19646E-06  1.55607E+00  1.55607E+00  5.50000E+01            114.SB 51. 368   7
 6 3  1.05824E-05  1.55929E+00  1.55929E+00  5.50000E+01            114.SB 51. 369   3
 6 4  2.31404E-06  1.56000E+00  1.56000E+00  5.50000E+01            114.SB 51. 370   4
 156  2.86230E-02  1.57610E+00  1.57610E+00  0.00000E+00            114.SB 51. 371  56
 6 1  1.47688E-05  1.54692E+00  1.54692E+00  5.60000E+01            114.SB 51. 372   1
 6 5  1.69297E-06  1.57166E+00  1.57166E+00  5.60000E+01            114.SB 51. 373   5
 6 6  3.46365E-08  1.57194E+00  1.57194E+00  5.60000E+01            114.SB 51. 374   6
 6 7  1.69651E-08  1.57217E+00  1.57217E+00  5.60000E+01            114.SB 51. 375   7
 6 3  3.40377E-07  1.57539E+00  1.57539E+00  5.60000E+01            114.SB 51. 376   3
 6 4  7.61789E-08  1.57610E+00  1.57610E+00  5.60000E+01            114.SB 51. 377   4
 157  6.11940E-01  1.59430E+00  1.59430E+00  0.00000E+00            114.SB 51. 378  57
 6 1  2.65070E-04  1.56512E+00  1.56512E+00  5.70000E+01            114.SB 51. 379   1
 6 5  2.99296E-05  1.58986E+00  1.58986E+00  5.70000E+01            114.SB 51. 380   5
 6 6  9.04851E-07  1.59014E+00  1.59014E+00  5.70000E+01            114.SB 51. 381   6
 6 7  6.84007E-07  1.59037E+00  1.59037E+00  5.70000E+01            114.SB 51. 382   7
 6 3  6.16294E-06  1.59359E+00  1.59359E+00  5.70000E+01            114.SB 51. 383   3
 6 4  1.34649E-06  1.59430E+00  1.59430E+00  5.70000E+01            114.SB 51. 384   4
 158  1.54959E-01  1.60550E+00  1.60550E+00  0.00000E+00            114.SB 51. 385  58
 6 1  7.69005E-05  1.57632E+00  1.57632E+00  5.80000E+01            114.SB 51. 386   1
 6 5  8.81452E-06  1.60106E+00  1.60106E+00  5.80000E+01            114.SB 51. 387   5
 6 6  1.78055E-07  1.60134E+00  1.60134E+00  5.80000E+01            114.SB 51. 388   6
 6 7  8.84725E-08  1.60157E+00  1.60157E+00  5.80000E+01            114.SB 51. 389   7
 6 3  1.77077E-06  1.60479E+00  1.60479E+00  5.80000E+01            114.SB 51. 390   3
 6 4  3.96345E-07  1.60550E+00  1.60550E+00  5.80000E+01            114.SB 51. 391   4
 159  4.93500E-02  1.61600E+00  1.61600E+00  0.00000E+00            114.SB 51. 392  59
 6 1  2.41571E-05  1.58682E+00  1.58682E+00  5.90000E+01            114.SB 51. 393   1
 6 5  2.76887E-06  1.61156E+00  1.61156E+00  5.90000E+01            114.SB 51. 394   5
 6 6  5.56796E-08  1.61184E+00  1.61184E+00  5.90000E+01            114.SB 51. 395   6
 6 7  2.78083E-08  1.61207E+00  1.61207E+00  5.90000E+01            114.SB 51. 396   7
 6 3  5.56083E-07  1.61529E+00  1.61529E+00  5.90000E+01            114.SB 51. 397   3
 6 4  1.24471E-07  1.61600E+00  1.61600E+00  5.90000E+01            114.SB 51. 398   4
 160  4.83630E-02  1.62390E+00  1.62390E+00  0.00000E+00            114.SB 51. 399  60
 161  1.34232E+00  1.64380E+00  1.64380E+00  0.00000E+00            114.SB 51. 400  61
 6 1  6.33956E-04  1.61462E+00  1.61462E+00  6.10000E+01            114.SB 51. 401   1
 6 5  7.26586E-05  1.63936E+00  1.63936E+00  6.10000E+01            114.SB 51. 402   5
 6 6  1.44383E-06  1.63964E+00  1.63964E+00  6.10000E+01            114.SB 51. 403   6
 6 7  7.30946E-07  1.63987E+00  1.63987E+00  6.10000E+01            114.SB 51. 404   7
 6 3  1.45810E-05  1.64309E+00  1.64309E+00  6.10000E+01            114.SB 51. 405   3
 6 4  3.26410E-06  1.64380E+00  1.64380E+00  6.10000E+01            114.SB 51. 406   4
 162  2.56620E-02  1.67770E+00  1.67770E+00  0.00000E+00            114.SB 51. 407  62
 163  1.08570E-01  1.71590E+00  1.71590E+00  0.00000E+00            114.SB 51. 408  63
 6 1  2.02884E-05  1.68672E+00  1.68672E+00  6.30000E+01            114.SB 51. 409   1
 6 5  2.27982E-06  1.71146E+00  1.71146E+00  6.30000E+01            114.SB 51. 410   5
 6 6  2.98382E-08  1.71174E+00  1.71174E+00  6.30000E+01            114.SB 51. 411   6
 6 7  5.54724E-08  1.71197E+00  1.71197E+00  6.30000E+01            114.SB 51. 412   7
 6 3  4.61699E-07  1.71519E+00  1.71519E+00  6.30000E+01            114.SB 51. 413   3
 6 4  1.00188E-07  1.71590E+00  1.71590E+00  6.30000E+01            114.SB 51. 414   4
 164  1.97400E-02  1.72590E+00  1.72590E+00  0.00000E+00            114.SB 51. 415  64
 6 1  8.42038E-06  1.69672E+00  1.69672E+00  6.40000E+01            114.SB 51. 416   1
 6 5  9.64902E-07  1.72146E+00  1.72146E+00  6.40000E+01            114.SB 51. 417   5
 6 6  1.85228E-08  1.72174E+00  1.72174E+00  6.40000E+01            114.SB 51. 418   6
 6 7  9.76020E-09  1.72197E+00  1.72197E+00  6.40000E+01            114.SB 51. 419   7
 6 3  1.93172E-07  1.72519E+00  1.72519E+00  6.40000E+01            114.SB 51. 420   3
 6 4  4.32652E-08  1.72590E+00  1.72590E+00  6.40000E+01            114.SB 51. 421   4
 165  6.81030E-02  1.74330E+00  1.74330E+00  0.00000E+00            114.SB 51. 422  65
 166  1.08570E-01  1.75460E+00  1.75460E+00  0.00000E+00            114.SB 51. 423  66
 6 1  1.95753E-05  1.72542E+00  1.72542E+00  6.60000E+01            114.SB 51. 424   1
 6 5  2.20116E-06  1.75016E+00  1.75016E+00  6.60000E+01            114.SB 51. 425   5
 6 6  2.82888E-08  1.75044E+00  1.75044E+00  6.60000E+01            114.SB 51. 426   6
 6 7  5.29535E-08  1.75067E+00  1.75067E+00  6.60000E+01            114.SB 51. 427   7
 6 3  4.45686E-07  1.75389E+00  1.75389E+00  6.60000E+01            114.SB 51. 428   3
 6 4  9.65444E-08  1.75460E+00  1.75460E+00  6.60000E+01            114.SB 51. 429   4
 167  5.03370E-02  1.77860E+00  1.77860E+00  0.00000E+00            114.SB 51. 430  67
 168  2.76360E-01  1.80440E+00  1.80440E+00  0.00000E+00            114.SB 51. 431  68
 6 1  9.47993E-05  1.77522E+00  1.77522E+00  6.80000E+01            114.SB 51. 432   1
 6 5  1.07151E-05  1.79996E+00  1.79996E+00  6.80000E+01            114.SB 51. 433   5
 6 6  2.80042E-07  1.80024E+00  1.80024E+00  6.80000E+01            114.SB 51. 434   6
 6 7  2.21256E-07  1.80047E+00  1.80047E+00  6.80000E+01            114.SB 51. 435   7
 6 3  2.19429E-06  1.80369E+00  1.80369E+00  6.80000E+01            114.SB 51. 436   3
 6 4  4.76922E-07  1.80440E+00  1.80440E+00  6.80000E+01            114.SB 51. 437   4
 169  4.04670E-02  1.81940E+00  1.81940E+00  0.00000E+00            114.SB 51. 438  69
 170  3.35580E-02  1.82970E+00  1.82970E+00  0.00000E+00            114.SB 51. 439  70
 6 1  1.12169E-05  1.80052E+00  1.80052E+00  7.00000E+01            114.SB 51. 440   1
 6 5  1.26819E-06  1.82526E+00  1.82526E+00  7.00000E+01            114.SB 51. 441   5
 6 6  3.26179E-08  1.82554E+00  1.82554E+00  7.00000E+01            114.SB 51. 442   6
 6 7  2.59205E-08  1.82577E+00  1.82577E+00  7.00000E+01            114.SB 51. 443   7
 6 3  2.59574E-07  1.82899E+00  1.82899E+00  7.00000E+01            114.SB 51. 444   3
 6 4  5.63829E-08  1.82970E+00  1.82970E+00  7.00000E+01            114.SB 51. 445   4
 171  3.65190E-01  1.84250E+00  1.84250E+00  0.00000E+00            114.SB 51. 446  71
 6 1  1.20495E-04  1.81332E+00  1.81332E+00  7.10000E+01            114.SB 51. 447   1
 6 5  1.36253E-05  1.83806E+00  1.83806E+00  7.10000E+01            114.SB 51. 448   5
 6 6  3.47657E-07  1.83834E+00  1.83834E+00  7.10000E+01            114.SB 51. 449   6
 6 7  2.77093E-07  1.83857E+00  1.83857E+00  7.10000E+01            114.SB 51. 450   7
 6 3  2.78817E-06  1.84179E+00  1.84179E+00  7.10000E+01            114.SB 51. 451   3
 6 4  6.05439E-07  1.84250E+00  1.84250E+00  7.10000E+01            114.SB 51. 452   4
 172  1.16466E-01  1.86880E+00  1.86880E+00  0.00000E+00            114.SB 51. 453  72
 173  4.14540E-02  1.88660E+00  1.88660E+00  0.00000E+00            114.SB 51. 454  73
 174  1.16466E+00  1.90790E+00  1.90790E+00  0.00000E+00            114.SB 51. 455  74
 6 1  4.03923E-04  1.87872E+00  1.87872E+00  7.40000E+01            114.SB 51. 456   1
 6 5  4.62732E-05  1.90346E+00  1.90346E+00  7.40000E+01            114.SB 51. 457   5
 6 6  8.25066E-07  1.90374E+00  1.90374E+00  7.40000E+01            114.SB 51. 458   6
 6 7  4.55465E-07  1.90397E+00  1.90397E+00  7.40000E+01            114.SB 51. 459   7
 6 3  9.20673E-06  1.90719E+00  1.90719E+00  7.40000E+01            114.SB 51. 460   3
 6 4  2.06609E-06  1.90790E+00  1.90790E+00  7.40000E+01            114.SB 51. 461   4
 175  1.69764E+00  1.92620E+00  1.92620E+00  0.00000E+00            114.SB 51. 462  75
 6 1  5.77382E-04  1.89702E+00  1.89702E+00  7.50000E+01            114.SB 51. 463   1
 6 5  6.61431E-05  1.92176E+00  1.92176E+00  7.50000E+01            114.SB 51. 464   5
 6 6  1.17086E-06  1.92204E+00  1.92204E+00  7.50000E+01            114.SB 51. 465   6
 6 7  6.50409E-07  1.92227E+00  1.92227E+00  7.50000E+01            114.SB 51. 466   7
 6 3  1.31518E-05  1.92549E+00  1.92549E+00  7.50000E+01            114.SB 51. 467   3
 6 4  2.95214E-06  1.92620E+00  1.92620E+00  7.50000E+01            114.SB 51. 468   4
 176  1.97400E-02  1.94030E+00  1.94030E+00  0.00000E+00            114.SB 51. 469  76
 177  6.21810E-02  1.95080E+00  1.95080E+00  0.00000E+00            114.SB 51. 470  77
 178  3.94800E-02  1.99100E+00  1.99100E+00  0.00000E+00            114.SB 51. 471  78
 179  4.83630E-02  2.02730E+00  2.02730E+00  0.00000E+00            114.SB 51. 472  79
 180  5.52720E-02  2.04110E+00  2.04110E+00  0.00000E+00            114.SB 51. 473  80
 181  9.37650E-01  2.05780E+00  2.05780E+00  0.00000E+00            114.SB 51. 474  81
 6 1  2.78813E-04  2.02862E+00  2.02862E+00  8.10000E+01            114.SB 51. 475   1
 6 5  3.19358E-05  2.05336E+00  2.05336E+00  8.10000E+01            114.SB 51. 476   5
 6 6  5.37171E-07  2.05364E+00  2.05364E+00  8.10000E+01            114.SB 51. 477   6
 6 7  3.11644E-07  2.05387E+00  2.05387E+00  8.10000E+01            114.SB 51. 478   7
 6 3  6.32005E-06  2.05709E+00  2.05709E+00  8.10000E+01            114.SB 51. 479   3
 6 4  1.42157E-06  2.05780E+00  2.05780E+00  8.10000E+01            114.SB 51. 480   4
 182  2.07270E-02  2.09570E+00  2.09570E+00  0.00000E+00            114.SB 51. 481  82
 183  2.07270E-01  2.17920E+00  2.17920E+00  0.00000E+00            114.SB 51. 482  83
 6 1  5.49214E-05  2.15002E+00  2.15002E+00  8.30000E+01            114.SB 51. 483   1
 6 5  6.29023E-06  2.17476E+00  2.17476E+00  8.30000E+01            114.SB 51. 484   5
 6 6  1.01069E-07  2.17504E+00  2.17504E+00  8.30000E+01            114.SB 51. 485   6
 6 7  6.09005E-08  2.17527E+00  2.17527E+00  8.30000E+01            114.SB 51. 486   7
 6 3  1.23910E-06  2.17849E+00  2.17849E+00  8.30000E+01            114.SB 51. 487   3
 6 4  2.79357E-07  2.17920E+00  2.17920E+00  8.30000E+01            114.SB 51. 488   4
 184  1.09557E-01  2.19290E+00  2.19290E+00  0.00000E+00            114.SB 51. 489  84
 185  1.23375E+00  2.23980E+00  2.23980E+00  0.00000E+00            114.SB 51. 490  85
 6 1  2.83390E-04  2.21062E+00  2.21062E+00  8.50000E+01            114.SB 51. 491   1
 6 5  3.24557E-05  2.23536E+00  2.23536E+00  8.50000E+01            114.SB 51. 492   5
 6 6  6.68066E-07  2.23564E+00  2.23564E+00  8.50000E+01            114.SB 51. 493   6
 6 7  4.78749E-07  2.23587E+00  2.23587E+00  8.50000E+01            114.SB 51. 494   7
 6 3  6.58893E-06  2.23909E+00  2.23909E+00  8.50000E+01            114.SB 51. 495   3
 6 4  1.41727E-06  2.23980E+00  2.23980E+00  8.50000E+01            114.SB 51. 496   4
 186  1.97400E-02  2.26560E+00  2.26560E+00  0.00000E+00            114.SB 51. 497  86
 187  2.07270E-02  2.28510E+00  2.28510E+00  0.00000E+00            114.SB 51. 498  87
 188  1.06596E-01  2.29570E+00  2.29570E+00  0.00000E+00            114.SB 51. 499  88
 189  1.08570E-02  2.32970E+00  2.32970E+00  0.00000E+00            114.SB 51. 500  89
 190  2.76360E-02  2.35010E+00  2.35010E+00  0.00000E+00            114.SB 51. 501  90
 191  3.75060E-02  2.39730E+00  2.39730E+00  0.00000E+00            114.SB 51. 502  91
 192  8.88300E-03  2.42100E+00  2.42100E+00  0.00000E+00            114.SB 51. 503  92
 193  3.84930E-01  2.45470E+00  2.45470E+00  0.00000E+00            114.SB 51. 504  93
 6 1  7.51283E-05  2.42552E+00  2.42552E+00  9.30000E+01            114.SB 51. 505   1
 6 5  7.66044E-06  2.45026E+00  2.45026E+00  9.30000E+01            114.SB 51. 506   5
 6 6  1.33546E-07  2.45054E+00  2.45054E+00  9.30000E+01            114.SB 51. 507   6
 6 7  1.12723E-07  2.45077E+00  2.45077E+00  9.30000E+01            114.SB 51. 508   7
 6 3  1.54331E-06  2.45399E+00  2.45399E+00  9.30000E+01            114.SB 51. 509   3
 6 4  3.34127E-07  2.45470E+00  2.45470E+00  9.30000E+01            114.SB 51. 510   4
 194  1.87530E-01  2.48240E+00  2.48240E+00  0.00000E+00            114.SB 51. 511  94
 6 1  3.84071E-05  2.45322E+00  2.45322E+00  9.40000E+01            114.SB 51. 512   1
 6 5  4.07728E-06  2.47796E+00  2.47796E+00  9.40000E+01            114.SB 51. 513   5
 6 6  6.33486E-08  2.47824E+00  2.47824E+00  9.40000E+01            114.SB 51. 514   6
 6 7  4.16383E-08  2.47847E+00  2.47847E+00  9.40000E+01            114.SB 51. 515   7
 6 3  8.12757E-07  2.48169E+00  2.48169E+00  9.40000E+01            114.SB 51. 516   3
 6 4  1.80885E-07  2.48240E+00  2.48240E+00  9.40000E+01            114.SB 51. 517   4
 195  5.82330E-02  2.71840E+00  2.71840E+00  0.00000E+00            114.SB 51. 518  95
 196  1.57920E-01  2.73050E+00  2.73050E+00  0.00000E+00            114.SB 51. 519  96
 6 1  2.68979E-05  2.70132E+00  2.70132E+00  9.60000E+01            114.SB 51. 520   1
 6 5  2.78561E-06  2.72606E+00  2.72606E+00  9.60000E+01            114.SB 51. 521   5
 6 6  4.08256E-08  2.72634E+00  2.72634E+00  9.60000E+01            114.SB 51. 522   6
 6 7  2.85689E-08  2.72657E+00  2.72657E+00  9.60000E+01            114.SB 51. 523   7
 6 3  5.54270E-07  2.72979E+00  2.72979E+00  9.60000E+01            114.SB 51. 524   3
 6 4  1.23237E-07  2.73050E+00  2.73050E+00  9.60000E+01            114.SB 51. 525   4
 197  1.48050E-02  2.82920E+00  2.82920E+00  0.00000E+00            114.SB 51. 526  97
 198  1.57920E-01  2.91640E+00  2.91640E+00  0.00000E+00            114.SB 51. 527  98
 6 1  2.37274E-05  2.88722E+00  2.88722E+00  9.80000E+01            114.SB 51. 528   1
 6 5  2.41061E-06  2.91196E+00  2.91196E+00  9.80000E+01            114.SB 51. 529   5
 6 6  3.39319E-08  2.91224E+00  2.91224E+00  9.80000E+01            114.SB 51. 530   6
 6 7  2.47959E-08  2.91247E+00  2.91247E+00  9.80000E+01            114.SB 51. 531   7
 6 3  4.79066E-07  2.91569E+00  2.91569E+00  9.80000E+01            114.SB 51. 532   3
 6 4  1.06447E-07  2.91640E+00  2.91640E+00  9.80000E+01            114.SB 51. 533   4
 199  4.24410E-02  2.94380E+00  2.94380E+00  0.00000E+00            114.SB 51. 534  99
 6 1  6.04962E-06  2.91462E+00  2.91462E+00  9.90000E+01            114.SB 51. 535   1
 6 5  5.80487E-07  2.93936E+00  2.93936E+00  9.90000E+01            114.SB 51. 536   5
 6 6  8.03817E-09  2.93964E+00  2.93964E+00  9.90000E+01            114.SB 51. 537   6
 6 7  7.11161E-09  2.93987E+00  2.93987E+00  9.90000E+01            114.SB 51. 538   7
 6 3  1.16215E-07  2.94309E+00  2.94309E+00  9.90000E+01            114.SB 51. 539   3
 6 4  2.50733E-08  2.94380E+00  2.94380E+00  9.90000E+01            114.SB 51. 540   4
 1 0  1.28310E-02  3.05990E+00  3.05990E+00  0.00000E+00            114.SB 51. 541 100
 1 1  1.28310E-02  3.08290E+00  3.08290E+00  0.00000E+00            114.SB 51. 542 101
 1 2  6.90900E-03  3.10740E+00  3.10740E+00  0.00000E+00            114.SB 51. 543 102
 1 3  1.77660E-02  3.14260E+00  3.14260E+00  0.00000E+00            114.SB 51. 544 103
 1 4  2.07270E-02  3.15350E+00  3.15350E+00  0.00000E+00            114.SB 51. 545 104
 1 5  2.86230E-02  3.18550E+00  3.18550E+00  0.00000E+00            114.SB 51. 546 105
 1 6  1.18440E-02  3.21280E+00  3.21280E+00  0.00000E+00            114.SB 51. 547 106
 1 7  3.45450E-02  3.22630E+00  3.22630E+00  0.00000E+00            114.SB 51. 548 107
 1 8  1.57920E-02  3.43900E+00  3.43900E+00  0.00000E+00            114.SB 51. 549 108
 1 9  1.97400E-02  3.47770E+00  3.47770E+00  0.00000E+00            114.SB 51. 550 109
 6 1  2.12921E-06  3.44852E+00  3.44852E+00  1.09000E+02            114.SB 51. 551   1
 6 5  1.91408E-07  3.47326E+00  3.47326E+00  1.09000E+02            114.SB 51. 552   5
 6 6  2.14577E-09  3.47354E+00  3.47354E+00  1.09000E+02            114.SB 51. 553   6
 6 7  1.98214E-09  3.47377E+00  3.47377E+00  1.09000E+02            114.SB 51. 554   7
 6 3  3.81402E-08  3.47699E+00  3.47699E+00  1.09000E+02            114.SB 51. 555   3
 6 4  8.20531E-09  3.47770E+00  3.47770E+00  1.09000E+02            114.SB 51. 556   4
 110  5.82330E-02  3.49490E+00  3.49490E+00  0.00000E+00            114.SB 51. 557 110
 111  1.07583E-01  3.56250E+00  3.56250E+00  0.00000E+00            114.SB 51. 558 111
 112  7.40250E-02  3.65050E+00  3.65050E+00  0.00000E+00            114.SB 51. 559 112
 113  1.97400E-03  3.78100E+00  3.78100E+00  0.00000E+00            114.SB 51. 560 113
 6 1  1.85715E-07  3.75182E+00  3.75182E+00  1.13000E+02            114.SB 51. 561   1
 6 5  1.61067E-08  3.77656E+00  3.77656E+00  1.13000E+02            114.SB 51. 562   5
 6 6  1.62407E-10  3.77684E+00  3.77684E+00  1.13000E+02            114.SB 51. 563   6
 6 7  1.53305E-10  3.77707E+00  3.77707E+00  1.13000E+02            114.SB 51. 564   7
 6 3  3.20291E-09  3.78029E+00  3.78029E+00  1.13000E+02            114.SB 51. 565   3
 6 4  6.88157E-10  3.78100E+00  3.78100E+00  1.13000E+02            114.SB 51. 566   4
 114  4.93500E-03  3.79520E+00  3.79520E+00  0.00000E+00            114.SB 51. 567 114
 115  1.08570E-02  3.86870E+00  3.86870E+00  0.00000E+00            114.SB 51. 568 115
 116  1.97400E-02  4.14130E+00  4.14130E+00  0.00000E+00            114.SB 51. 569 116
 117  1.18440E-02  4.20460E+00  4.20460E+00  0.00000E+00            114.SB 51. 570 117
 118  5.92200E-03  4.30500E+00  4.30500E+00  0.00000E+00            114.SB 51. 571 118
 119  3.94800E-03  4.47500E+00  4.47500E+00  0.00000E+00            114.SB 51. 572 119
 120  2.96100E-03  4.54700E+00  4.54700E+00  0.00000E+00            114.SB 51. 573 120
 121  1.97400E-03  4.94700E+00  4.94700E+00  0.00000E+00            114.SB 51. 574 121
 122  2.96100E-03  4.98700E+00  4.98700E+00  0.00000E+00            114.SB 51. 575 122
 2 1  4.52608E+00  2.50232E-02  2.50232E-02  0.00000E+00            114.SB 51. 576   1
 2 2  8.46822E+00  2.52572E-02  2.52572E-02  0.00000E+00            114.SB 51. 577   2
 2 3  7.63987E-01  2.84307E-02  2.84307E-02  0.00000E+00            114.SB 51. 578   3
 2 4  1.48342E+00  2.84736E-02  2.84736E-02  0.00000E+00            114.SB 51. 579   4
 2 5  6.13149E-03  2.86804E-02  2.86804E-02  0.00000E+00            114.SB 51. 580   5
 2 6  8.48281E-03  2.86893E-02  2.86893E-02  0.00000E+00            114.SB 51. 581   6
 2 7  1.56558E-01  2.90803E-02  2.90803E-02  0.00000E+00            114.SB 51. 582   7
 2 8  3.05764E-01  2.90882E-02  2.90882E-02  0.00000E+00            114.SB 51. 583   8
 2 9  9.07241E-04  2.91506E-02  2.91506E-02  0.00000E+00            114.SB 51. 584   9
 210  1.24758E-03  2.91516E-02  2.91516E-02  0.00000E+00            114.SB 51. 585  10
 211  3.13423E-03  2.91777E-02  2.91777E-02  0.00000E+00            114.SB 51. 586  11
 212  5.69070E-03  2.91782E-02  2.91782E-02  0.00000E+00            114.SB 51. 587  12
 221  6.90459E-05  2.79500E-04  2.79500E-04  0.00000E+00            114.SB 51. 588  21
 222  9.23484E-04  5.13499E-04  5.13499E-04  0.00000E+00            114.SB 51. 589  22
 223  3.73982E-02  3.68694E-03  3.68694E-03  0.00000E+00            114.SB 51. 590  23
 224  6.08648E-02  3.72997E-03  3.72997E-03  0.00000E+00            114.SB 51. 591  24
 225  4.72599E-04  3.93673E-03  3.93673E-03  0.00000E+00            114.SB 51. 592  25
 226  7.05320E-04  3.94568E-03  3.94568E-03  0.00000E+00            114.SB 51. 593  26
 227  7.30581E-03  4.33665E-03  4.33665E-03  0.00000E+00            114.SB 51. 594  27
 228  1.20908E-02  4.34449E-03  4.34449E-03  0.00000E+00            114.SB 51. 595  28
 229  4.76962E-05  4.40681E-03  4.40681E-03  0.00000E+00            114.SB 51. 596  29
 230  7.18547E-05  4.40791E-03  4.40791E-03  0.00000E+00            114.SB 51. 597  30
 231  1.67073E-04  4.43403E-03  4.43403E-03  0.00000E+00            114.SB 51. 598  31
 232  2.60018E-04  4.43453E-03  4.43453E-03  0.00000E+00            114.SB 51. 599  32
 241  1.87712E-07  2.34000E-04  2.34000E-04  0.00000E+00            114.SB 51. 600  41
 242  2.34061E-02  3.29176E-03  3.29176E-03  0.00000E+00            114.SB 51. 601  42
 243  3.02257E-04  3.45047E-03  3.45047E-03  0.00000E+00            114.SB 51. 602  43
 244  3.65130E-01  3.65722E-03  3.65722E-03  0.00000E+00            114.SB 51. 603  44
 245  2.83545E-03  4.01798E-03  4.01798E-03  0.00000E+00            114.SB 51. 604  45
 246  2.65506E-05  4.06501E-03  4.06501E-03  0.00000E+00            114.SB 51. 605  46
 247  4.40765E-02  4.12732E-03  4.12732E-03  0.00000E+00            114.SB 51. 606  47
 249  2.42313E-04  4.14740E-03  4.14740E-03  0.00000E+00            114.SB 51. 607  49
 250  5.71337E-07  4.15504E-03  4.15504E-03  0.00000E+00            114.SB 51. 608  50
 261  8.06660E-02  3.05775E-03  3.05775E-03  0.00000E+00            114.SB 51. 609  61
 262  4.10975E-04  3.17344E-03  3.17344E-03  0.00000E+00            114.SB 51. 610  62
 263  3.84981E-04  3.21649E-03  3.21649E-03  0.00000E+00            114.SB 51. 611  63
 264  7.24763E-02  3.42323E-03  3.42323E-03  0.00000E+00            114.SB 51. 612  64
 265  6.42612E-01  3.43219E-03  3.43219E-03  0.00000E+00            114.SB 51. 613  65
 266  5.99723E-03  3.78398E-03  3.78398E-03  0.00000E+00            114.SB 51. 614  66
 267  2.63837E-05  3.82316E-03  3.82316E-03  0.00000E+00            114.SB 51. 615  67
 268  2.51864E-05  3.83101E-03  3.83101E-03  0.00000E+00            114.SB 51. 616  68
 269  8.57288E-03  3.89332E-03  3.89332E-03  0.00000E+00            114.SB 51. 617  69
 270  7.60980E-02  3.89442E-03  3.89442E-03  0.00000E+00            114.SB 51. 618  70
 273  6.09295E-04  3.91341E-03  3.91341E-03  0.00000E+00            114.SB 51. 619  73
 274  6.01545E-07  3.92053E-03  3.92053E-03  0.00000E+00            114.SB 51. 620  74
 275  5.40412E-07  3.92104E-03  3.92104E-03  0.00000E+00            114.SB 51. 621  75
 291  5.96988E-02  4.64878E-04  4.64878E-04  0.00000E+00            114.SB 51. 622  91
 292  1.32752E-03  6.23305E-05  6.23305E-05  0.00000E+00            114.SB 51. 623  92
 294  2.89909E+02  1.08543E-05  1.08543E-05  0.00000E+00            114.SB 51. 624  94
 7 1  1.70645E+00  2.09334E-02  2.09334E-02  0.00000E+00            114.SB 51. 625   1
 7 2  7.26758E-01  2.44171E-02  2.44171E-02  0.00000E+00            114.SB 51. 626   2
 7 3  7.41981E-02  2.79029E-02  2.79029E-02  0.00000E+00            114.SB 51. 627   3
 7 4  2.83533E+00  2.72183E-04  2.72183E-04  0.00000E+00            114.SB 51. 628   4
 7 5  1.41657E+01  2.84837E-03  2.84837E-03  0.00000E+00            114.SB 51. 629   5
 7 6  3.65119E+00  3.36521E-03  3.36521E-03  0.00000E+00            114.SB 51. 630   6
 7 7  2.42111E-01  3.90143E-03  3.90143E-03  0.00000E+00            114.SB 51. 631   7
 7 8  1.59233E+01  1.23889E-04  1.23889E-04  0.00000E+00            114.SB 51. 632   8
 7 9  3.58899E+01  3.96288E-04  3.96288E-04  0.00000E+00            114.SB 51. 633   9
 710  8.17697E-01  4.70149E-04  4.70149E-04  0.00000E+00            114.SB 51. 634  10
 711  1.33955E-03  6.31771E-04  6.31771E-04  0.00000E+00            114.SB 51. 635  11
 712  4.93282E+01  3.03630E-05  3.03630E-05  0.00000E+00            114.SB 51. 636  12
 713  1.43333E+02  1.13310E-05  1.13310E-05  0.00000E+00            114.SB 51. 637  13
%%%% 114 SB  51    EC B+        2.09400E+02  3.49 M    02-11-2005       SEEIEND 
 


   ***************************************************** 
   *                 Radiation Summary                 * 
   ***************************************************** 
 
  Energy released by
    Gamma-ray                       (MeV) =   1.83411E+00
    X-ray                           (MeV) =   4.10437E-03
    Free-bound X-ray                (MeV) =   3.14675E-05
    Annihilation photon             (MeV) =   8.08858E-01
    Beta+ particle                  (MeV) =   1.21489E+00
    Neutrino                        (MeV) =   2.18681E+00
    Beta- particle                  (MeV) =   0.00000E+00
    Neutrino-                       (MeV) =   0.00000E+00
    Internal conv. electron         (MeV) =   2.17734E-03
    Auger and CK electron           (MeV) =   1.29592E-03
    Alpha particle                  (MeV) =   0.00000E+00
    Recoil nucleus                  (MeV) =   0.00000E+00
  E-total (except unplaced radiat.) (MeV) =   6.05228E+00
  E-unplaced radiation              (MeV) =   4.21938E-02
  Q-value from ENSDF data           (MeV) =   6.03500E+00
  Ratio of E-total/Q-value          ( % ) =   1.00286E+02
  Ratio of E-unplaced radi./Q-value ( % ) =   6.99152E-01

 
  Total yield of
    Gamma-ray                             =   1.52792E+00
    X-ray                                 =   1.72349E-01
    Free-bound X-ray                      =   2.89909E+00
    Annihilation photon                   =   1.58289E+00
    Beta+ particle                        =   7.91446E-01
    Beta- particle                        =   0.00000E+00
    Internal conv. electron               =   3.58859E-03
    Auger and CK electron                 =   2.68695E+00
    Alpha particle                        =   0.00000E+00
  Yield of unplaced radiation             =   1.86050E-02


