%%%% 126 SB  51    B-           1.06704E+06 12.35 D    02-11-2005       BALASTAR
1 126   SB  51 12.35 D         B-         
1INTENSITY AND ENERGY BALANCE DATA

              126-ANTIMONY-51
+                                    HALFLIFE = 12.35 DAYS    
+                                                                  02-11-2005


    LEVEL       INTENSITY   INTENSITY
    ENERGY      ENTERING    LEAVING     PERCENT
    (MEV)       LEVEL       LEVEL       ERROR

   0.0000E+00  9.9979E+01
   6.6650E-01  9.9941E+01  9.9979E+01  3.7987E-02                      
   1.3615E+00  1.0336E+02  9.9941E+01  3.3652E+00                      
   1.7761E+00  8.4000E+01  8.4441E+01  5.2362E-01                      
   2.2183E+00  1.7556E+01  1.7644E+01  5.0116E-01                      
   2.3962E+00  1.8741E+00  1.8988E+00  1.3086E+00                      
   2.4967E+00  5.5957E+01  5.6357E+01  7.1213E-01                      
   2.5147E+00  4.9180E+00  4.6619E+00  5.3470E+00                      
   2.7657E+00  6.7986E+00  6.7829E+00  2.3056E-01                      
   2.8116E+00  8.6670E+00  9.0354E+00  4.1624E+00                      
   2.8397E+00  1.3333E+00  1.1769E+00  1.2460E+01  ********************
   2.9743E+00  4.7943E-01  5.6291E-01  1.6017E+01  ********************
   2.9894E+00  4.0272E+00  4.4961E+00  1.1003E+01  ********************
   3.0708E+00  8.0545E+00  8.4143E+00  4.3697E+00                      
   3.1714E+00  5.6573E+00  5.8987E+00  4.1771E+00                      
   3.1937E+00  2.7807E+01  2.9008E+01  4.2290E+00                      
   3.4504E+00  2.0040E+00  2.0973E+00  4.5502E+00                      
   3.4730E+00  4.7943E-01  4.9880E-01  3.9593E+00                      


 INTENSITY TO GROUND AND ISOMERIC STATE(S) OF DAUGHTER(S)=  9.998E+01
 TOTAL INTENSITY FROM PARENT=  1.000E+02
 PERCENT ERROR =  2.118E-02                      


 TOTAL INTENSITY FROM PARENT =  1.000E+02
 VALUE IS WITHIN   0.00E+00% OF 100                      


 TOTAL ENERGY AVAILABLE =  3.673E+00 MEV
 TOTAL ENERGY CONTENT OF ALL RADIATIONS =  3.724E+00 MEV
 PERCENT ERROR =  1.361E+00                      
%%%% 126 SB  51    B-           1.06704E+06 12.35 D    02-11-2005       BALAEND 
%%%% 126 SB  51    B-           1.06704E+06 12.35 D    02-11-2005       INPUSTAR
1                                      **INPUT DATA**
              126-ANTIMONY-51
+                                    HALFLIFE = 12.35 DAYS    
+                                                                  02-11-2005

            MODE OF DECAY: BETA MINUS
 
                                MEAN
                                NUMBER/    TRANSITION
                TYPE OF    ID   TRANSFOR-  ENERGY
              TRANSITION   NO.  MATION     (MEV)       OTHER NUCLEAR PARAMETERS

               BETA MINUS   1   4.79E-03   2.000E-01*  ALLOWED                                  
+                                                              ASSUMED                          
               BETA MINUS   2   2.00E-02   2.226E-01*  ALLOWED                                  
+                                                              ASSUMED                          
               BETA MINUS   3   2.78E-01   4.793E-01*  ALLOWED                                  
+                                                              ASSUMED                          
               BETA MINUS   4   5.66E-02   5.016E-01*  ALLOWED                                  
+                                                              ASSUMED                          
               BETA MINUS   5   8.05E-02   6.022E-01*  ALLOWED                                  
+                                                              ASSUMED                          
               BETA MINUS   6   4.03E-02   6.836E-01*  ALLOWED                                  
+                                                              ASSUMED                          
               BETA MINUS   7   4.79E-03   6.987E-01*  UNIQUE FIRST FORBIDDEN                   
               BETA MINUS   8   7.67E-03   8.333E-01*  UNIQUE FIRST FORBIDDEN                   
               BETA MINUS   9   7.77E-02   8.614E-01*  ALLOWED                                  
               BETA MINUS  10   4.70E-02   9.073E-01*  FIRST FORBIDDEN                          
               BETA MINUS  11   1.53E-01   1.176E+00*  ALLOWED                                  
               BETA MINUS  12   8.63E-03   1.277E+00*  UNIQUE FIRST FORBIDDEN                   
               BETA MINUS  13   2.88E-02   1.455E+00*  UNIQUE SECOND FORBIDDEN                  
               BETA MINUS  14   1.92E-01   1.897E+00*  UNIQUE FIRST FORBIDDEN                   
           I.C.E. + GAMMA   1   5.66E-03   1.487E-01   E2 MULTIPOLE ASSUMED                     
                                                       AK= 0.323     AL1=0.0316                 
                                                       AL2=0.0227    AL3=0.0239                 
                                                       AM= 0.0162    AN+=0.00366                
           I.C.E. + GAMMA   2   5.63E-03   2.086E-01   E2 MULTIPOLE                             
+                                                                    AK= 0.105                  
                                                       AL1=0.0108    AL2=0.00488                
                                                       AL3=0.00465   AM= 0.00417                
           I.C.E. + GAMMA   3   1.54E-02   2.239E-01   E2 MULTIPOLE ASSUMED                     
                                                       AK= 0.0830    AL1=0.00860                
                                                       AL2=0.00356   AL3=0.00332                
                                                       AM= 0.00317                              
           I.C.E. + GAMMA   4   2.51E-02   2.782E-01   E2 MULTIPOLE                             
+                                                                    AK= 0.0409                 
                                                       AL1=0.00435   AL2=0.00137                
                                                       AL3=0.00119   AM= 0.00141                
           I.C.E. + GAMMA   5   4.66E-02   2.965E-01   M1+E2 MULTIPOLE                          
                                                       MRS=49.0      AK= 0.0333                 
                                                       AL1=0.00358   AL2=0.00102                
                                                       AM= 0.00111                              
           I.C.E. + GAMMA   6   5.16E-03   2.971E-01   M1 MULTIPOLE                             
+                                                                    AK= 0.0309                 
                                                       AL1=0.00367                              
           I.C.E. + GAMMA   7   8.44E-01   4.147E-01   E2 MULTIPOLE                             
+                                                                    AK= 0.0119                 
                                                       AL1=0.00132                              
           I.C.E. + GAMMA   8   1.01E-02   4.153E-01   M1 MULTIPOLE ASSUMED                     
                                                       AK= 0.0132    AL1=0.00156                
           I.C.E. + GAMMA   9   1.70E-02   5.563E-01   E2 MULTIPOLE ASSUMED                     
                                                       AK= 0.00522                              
           I.C.E. + GAMMA  10   6.71E-02   5.739E-01   E2 MULTIPOLE ASSUMED                     
                                                       AK= 0.00480                              
           I.C.E. + GAMMA  11   7.51E-02   5.932E-01   E2 MULTIPOLE                             
+                                                                    AK= 0.00440                
           I.C.E. + GAMMA  12   9.01E-03   6.199E-01   M1 MULTIPOLE ASSUMED                     
                                                       MRS=0.0289    AK= 0.00491                
           I.C.E. + GAMMA  13   9.00E-03   6.388E-01   E2 MULTIPOLE ASSUMED                     
                                                       AK= 0.00363                              
           I.C.E. + GAMMA  14   2.20E-02   6.563E-01   E2 MULTIPOLE ASSUMED                     
                                                       AK= 0.00339                              
           I.C.E. + GAMMA  15   1.00E+00   6.665E-01   E2 MULTIPOLE                             
+                                                                    AK= 0.00326                
           I.C.E. + GAMMA  16   3.70E-02   6.748E-01   E2 MULTIPOLE ASSUMED                     
                                                       AK= 0.00316                              
           I.C.E. + GAMMA  17   9.99E-01   6.950E-01   E2 MULTIPOLE                             
+                                                                    AK= 0.00294                
           I.C.E. + GAMMA  18   2.90E-01   6.970E-01   M1 MULTIPOLE ASSUMED                     
                                                       AK= 0.00374                              
           I.C.E. + GAMMA  19   5.38E-01   7.207E-01   E1 MULTIPOLE                             
+                                                                    MRS=0.000100               
                                                       AK= 0.00104                              
           I.C.E. + GAMMA  20   1.76E-01   8.568E-01   E1+M2 MULTIPOLE                          
                                                       MRS=0.000841                             
           I.C.E. + GAMMA  21   1.20E-02   9.537E-01   E2 MULTIPOLE ASSUMED                     
                                                       AK= 0.00140                              
           I.C.E. + GAMMA  22   4.99E-03   9.583E-01   E2 MULTIPOLE ASSUMED                     
                                                       AK= 0.00138                              
           I.C.E. + GAMMA  23   6.78E-02   9.896E-01   E2 MULTIPOLE                             
+                                                                    AK= 0.00129                
           I.C.E. + GAMMA  24   9.97E-03   1.036E+00   E2 MULTIPOLE ASSUMED                     
                                                       AK= 0.00117                              
           I.C.E. + GAMMA  25   3.98E-03   1.061E+00   UNPLACED GAMMA                           
           I.C.E. + GAMMA  26   8.98E-03   1.064E+00   M1 MULTIPOLE                             
+                                                                    AK= 0.00141                
           I.C.E. + GAMMA  27   2.39E-02   1.213E+00   E2 MULTIPOLE ASSUMED                     
           I.C.E. + GAMMA  28   2.79E-03   1.477E+00   E2 MULTIPOLE                             
 
           * ENDPOINT ENERGY (MEV)
           - - - - - - - - - -
           Reference: Evaluated Nuclear Structure Data File (ENSDF)
                DATE DATA WERE ENTERED INTO ENSDF: Jan-2003
%%%% 126 SB  51    B-           1.06704E+06 12.35 D    02-11-2005       INPUEND 
%%%% 126 SB  51    B-           1.06704E+06 12.35 D    02-11-2005       OUTPSTAR
1                                      **OUTPUT DATA**
              126-ANTIMONY-51
+                                    HALFLIFE = 12.35 DAYS    
+                                                                  02-11-2005

            MODE OF DECAY: BETA MINUS
 
                                              MEAN
                                              NUMBER/                  MEV/
                                         ID   TRANSFOR-   ENERGY       TRANSFOR-
                  TYPE OF RADIATION      NO.  MATION      (MEV)        MATION

           BETA MINUS                     2   2.00E-02    6.170E-02*   1.24E-03
           BETA MINUS                     3   2.78E-01    1.462E-01*   4.07E-02
           BETA MINUS                     4   5.66E-02    1.541E-01*   8.72E-03
           BETA MINUS                     5   8.05E-02    1.906E-01*   1.54E-02
           BETA MINUS                     6   4.03E-02    2.211E-01*   8.90E-03
           BETA MINUS                     7   4.79E-03    2.439E-01*   1.17E-03
           BETA MINUS                     8   7.67E-03    2.949E-01*   2.26E-03
           BETA MINUS                     9   7.77E-02    2.903E-01*   2.25E-02
           BETA MINUS                    10   4.70E-02    3.086E-01*   1.45E-02
           BETA MINUS                    11   1.53E-01    4.194E-01*   6.43E-02
           BETA MINUS                    12   8.63E-03    4.718E-01*   4.07E-03
           BETA MINUS                    13   2.88E-02    5.657E-01*   1.63E-02
           BETA MINUS                    14   1.92E-01    7.354E-01*   1.41E-01
           GAMMA-RAY                      3   1.39E-02    2.239E-01    3.12E-03
           GAMMA-RAY                      4   2.39E-02    2.782E-01    6.65E-03
           GAMMA-RAY                      5   4.48E-02    2.965E-01    1.33E-02
           K CONV. ELECTRON, GAMMA-RAY    5   1.49E-03    2.647E-01    3.95E-04
           GAMMA-RAY                      7   8.33E-01    4.147E-01    3.45E-01
           K CONV. ELECTRON, GAMMA-RAY    7   9.92E-03    3.829E-01    3.80E-03
           L1 CONV. ELECTRON, GAMMA-RAY   7   1.10E-03    4.098E-01    4.49E-04
           GAMMA-RAY                      8   9.96E-03    4.153E-01    4.14E-03
           GAMMA-RAY                      9   1.69E-02    5.563E-01    9.42E-03
           GAMMA-RAY                     10   6.67E-02    5.739E-01    3.83E-02
           GAMMA-RAY                     11   7.47E-02    5.932E-01    4.43E-02
           GAMMA-RAY                     12   8.96E-03    6.199E-01    5.56E-03
           GAMMA-RAY                     13   8.96E-03    6.388E-01    5.73E-03
           GAMMA-RAY                     14   2.19E-02    6.563E-01    1.44E-02
           GAMMA-RAY                     15   9.96E-01    6.665E-01    6.64E-01
           K CONV. ELECTRON, GAMMA-RAY   15   3.25E-03    6.347E-01    2.06E-03
           GAMMA-RAY                     16   3.69E-02    6.748E-01    2.49E-02
           GAMMA-RAY                     17   9.96E-01    6.950E-01    6.92E-01
           K CONV. ELECTRON, GAMMA-RAY   17   2.92E-03    6.632E-01    1.94E-03
           GAMMA-RAY                     18   2.89E-01    6.970E-01    2.01E-01
           K CONV. ELECTRON, GAMMA-RAY   18   1.08E-03    6.652E-01    7.18E-04
           GAMMA-RAY                     19   5.38E-01    7.207E-01    3.88E-01
           K CONV. ELECTRON, GAMMA-RAY   19   5.57E-04    6.889E-01    3.84E-04
           GAMMA-RAY                     20   1.76E-01    8.568E-01    1.51E-01
           GAMMA-RAY                     21   1.20E-02    9.537E-01    1.14E-02
           GAMMA-RAY                     22   4.98E-03    9.583E-01    4.77E-03
           GAMMA-RAY                     23   6.77E-02    9.896E-01    6.70E-02
           GAMMA-RAY                     24   9.96E-03    1.036E+00    1.03E-02
           GAMMA-RAY                     25   3.98E-03    1.061E+00    4.23E-03
           GAMMA-RAY                     26   8.96E-03    1.064E+00    9.54E-03
           GAMMA-RAY                     27   2.39E-02    1.213E+00    2.90E-02
           GAMMA-RAY                     28   2.79E-03    1.477E+00    4.12E-03
 
           ALL LISTED X-RAYS, GAMMA-RAYS AND ANNIHILATION RADIATION    2.75E+00
           ALL NEGLECTED X-RAYS, GAMMA-RAYS AND ANNIH. RADIATION**     3.73E-03
           ALL LISTED BETAS, INTERNAL CONVERSION AND AUGER ELECTRONS   3.51E-01
           ALL NEGLECTED BETAS, INT. CONVERSION AND AUGER ELECTRONS**  3.70E-03
           ALL LISTED RADIATIONS                                       3.10E+00
           ALL NEGLECTED RADIATIONS**                                  7.43E-03
 
           *  AVERAGE ENERGY (MEV)
           ** EACH NEGLECTED TRANSITION CONTRIBUTES LESS THAN  0.100%
              TO THE TOTAL MEV/TRANSFORMATION FOR THIS CATEGORY.
           TOTAL FEEDING OF GROUND STATE LEVEL IN 126-TELLURIUM
             DAUGHTER IS 1.0000E+00 PER TRANSFORMATION OF 126-ANTIMONY.
             THIS DAUGHTER GROUND STATE IS STABLE.
           - - - - - - - - - -
           INPUT DATA SOURCE: EVALUATED NUCLEAR STRUCTURE DATA FILE (ENSDF)
             DATE INPUT DATA WERE ENTERED INTO ENSDF: Jan-2003
%%%% 126 SB  51    B-           1.06704E+06 12.35 D    02-11-2005       OUTPEND 
%%%% 126 SB  51    B-           1.06704E+06 12.35 D    02-11-2005       BETASTAR
1
              126-ANTIMONY-51
+                                    HALFLIFE = 12.35 DAYS    
+                                                                  02-11-2005

            BETA SPECTRUM DATA FOR ALL DECAY BRANCHES

                      BETAS PER                BETAS PER                BETAS PER
            ENERGY    MEV            ENERGY    MEV            ENERGY    MEV
            (MEV)     PER DECAY      (MEV)     PER DECAY      (MEV)     PER DECAY

            0.00000   2.583E+00      0.00280   2.567E+00      0.08500   2.298E+00
            0.00010   2.583E+00      0.00300   2.566E+00      0.09000   2.279E+00
            0.00011   2.583E+00      0.00320   2.565E+00      0.10000   2.240E+00
            0.00012   2.583E+00      0.00360   2.563E+00      0.11000   2.199E+00
            0.00013   2.583E+00      0.00400   2.561E+00      0.12000   2.157E+00
            0.00014   2.583E+00      0.00450   2.558E+00      0.13000   2.114E+00
            0.00015   2.583E+00      0.00500   2.555E+00      0.14000   2.069E+00
            0.00016   2.583E+00      0.00550   2.552E+00      0.15000   2.024E+00
            0.00018   2.582E+00      0.00600   2.549E+00      0.16000   1.978E+00
            0.00020   2.582E+00      0.00650   2.546E+00      0.18000   1.884E+00
            0.00022   2.582E+00      0.00700   2.543E+00      0.20000   1.791E+00
            0.00024   2.582E+00      0.00750   2.540E+00      0.22000   1.698E+00
            0.00026   2.582E+00      0.00800   2.537E+00      0.24000   1.605E+00
            0.00028   2.582E+00      0.00850   2.535E+00      0.26000   1.508E+00
            0.00030   2.582E+00      0.00900   2.535E+00      0.28000   1.408E+00
            0.00032   2.582E+00      0.01000   2.532E+00      0.30000   1.307E+00
            0.00036   2.581E+00      0.01100   2.530E+00      0.32000   1.206E+00
            0.00040   2.581E+00      0.01200   2.528E+00      0.36000   1.011E+00
            0.00045   2.581E+00      0.01300   2.525E+00      0.40000   8.360E-01
            0.00050   2.581E+00      0.01400   2.523E+00      0.45000   6.660E-01
            0.00055   2.580E+00      0.01500   2.520E+00      0.50000   5.718E-01
            0.00060   2.580E+00      0.01600   2.518E+00      0.55000   5.035E-01
            0.00065   2.580E+00      0.01800   2.513E+00      0.60000   4.448E-01
            0.00070   2.579E+00      0.02000   2.508E+00      0.65000   3.951E-01
            0.00075   2.579E+00      0.02200   2.503E+00      0.70000   3.501E-01
            0.00080   2.579E+00      0.02400   2.497E+00      0.75000   3.085E-01
            0.00085   2.579E+00      0.02600   2.492E+00      0.80000   2.711E-01
            0.00090   2.578E+00      0.02800   2.486E+00      0.85000   2.401E-01
            0.00100   2.578E+00      0.03000   2.480E+00      0.90000   2.155E-01
            0.00110   2.577E+00      0.03200   2.475E+00      1.00000   1.723E-01
            0.00120   2.577E+00      0.03600   2.463E+00      1.10000   1.367E-01
            0.00130   2.576E+00      0.04000   2.451E+00      1.20000   1.139E-01
            0.00140   2.575E+00      0.04500   2.436E+00      1.30000   9.498E-02
            0.00150   2.575E+00      0.05000   2.420E+00      1.40000   7.500E-02
            0.00160   2.574E+00      0.05500   2.404E+00      1.50000   5.628E-02
            0.00180   2.573E+00      0.06000   2.387E+00      1.60000   3.746E-02
            0.00200   2.572E+00      0.06500   2.370E+00      1.80000   5.623E-03
            0.00220   2.571E+00      0.07000   2.353E+00      1.89690   0.000E+00
            0.00240   2.570E+00      0.07500   2.335E+00
            0.00260   2.569E+00      0.08000   2.317E+00

            AVERAGE BETA ENERGY =   3.413E-01

            TOTAL BETAS PER DECAY FOR ALL BRANCHES =   1.000E+00
%%%% 126 SB  51    B-           1.06704E+06 12.35 D    02-11-2005       BETAEND 
%%%% 126 SB  51    B-           1.06704E+06 12.35 D    02-11-2005       SEEISTAR
126.  ANTIMONY     51.  1.235E+01 DAYS     266 B-                   126.SB 51.   0
 5 1  4.79432E-01  5.48988E-02  2.00000E-01  0.00000E+00            126.SB 51.   1   1
 5 2  2.00403E+00  6.17047E-02  2.22600E-01  0.00000E+00            126.SB 51.   2   2
 5 3  2.78071E+01  1.46227E-01  4.79300E-01  0.00000E+00            126.SB 51.   3   3
 5 4  5.65730E+00  1.54114E-01  5.01600E-01  0.00000E+00            126.SB 51.   4   4
 5 5  8.05446E+00  1.90592E-01  6.02200E-01  0.00000E+00            126.SB 51.   5   5
 5 6  4.02723E+00  2.21086E-01  6.83600E-01  0.00000E+00            126.SB 51.   6   6
 5 7  4.79432E-01  2.43900E-01  6.98700E-01  1.00000E+00            126.SB 51.   7   7
 5 8  7.67092E-01  2.94924E-01  8.33300E-01  1.00000E+00            126.SB 51.   8   8
 5 9  7.76680E+00  2.90255E-01  8.61400E-01  0.00000E+00            126.SB 51.   9   9
 510  4.69844E+00  3.08607E-01  9.07300E-01  0.00000E+00            126.SB 51.  10  10
 511  1.53418E+01  4.19426E-01  1.17630E+00  0.00000E+00            126.SB 51.  11  11
 512  8.62978E-01  4.71803E-01  1.27680E+00  1.00000E+00            126.SB 51.  12  12
 513  2.87659E+00  5.65663E-01  1.45470E+00  2.00000E+00            126.SB 51.  13  13
 514  1.91773E+01  7.35362E-01  1.89690E+00  1.00000E+00            126.SB 51.  14  14
 1 1  3.98400E-01  1.48700E-01  1.48700E-01  0.00000E+00            126.SB 51.  15   1
 6 1  1.28767E-01  1.16895E-01  1.16895E-01  1.00000E+00            126.SB 51.  16   1
 6 5  1.25725E-02  1.43786E-01  1.43786E-01  1.00000E+00            126.SB 51.  17   5
 6 6  9.03977E-03  1.44082E-01  1.44082E-01  1.00000E+00            126.SB 51.  18   6
 6 7  9.51950E-03  1.44360E-01  1.44360E-01  1.00000E+00            126.SB 51.  19   7
 6 3  6.46034E-03  1.47885E-01  1.47885E-01  1.00000E+00            126.SB 51.  20   3
 6 4  1.45633E-03  1.48700E-01  1.48700E-01  1.00000E+00            126.SB 51.  21   4
 1 2  4.98000E-01  2.08600E-01  2.08600E-01  0.00000E+00            126.SB 51.  22   2
 6 1  5.22522E-02  1.76795E-01  1.76795E-01  2.00000E+00            126.SB 51.  23   1
 6 5  5.35910E-03  2.03686E-01  2.03686E-01  2.00000E+00            126.SB 51.  24   5
 6 6  2.43118E-03  2.03982E-01  2.03982E-01  2.00000E+00            126.SB 51.  25   6
 6 7  2.31709E-03  2.04260E-01  2.04260E-01  2.00000E+00            126.SB 51.  26   7
 6 3  2.07627E-03  2.07785E-01  2.07785E-01  2.00000E+00            126.SB 51.  27   3
 6 4  4.73983E-04  2.08600E-01  2.08600E-01  2.00000E+00            126.SB 51.  28   4
 1 3  1.39440E+00  2.23900E-01  2.23900E-01  0.00000E+00            126.SB 51.  29   3
 6 1  1.15793E-01  1.92095E-01  1.92095E-01  3.00000E+00            126.SB 51.  30   1
 6 5  1.19889E-02  2.18986E-01  2.18986E-01  3.00000E+00            126.SB 51.  31   5
 6 6  4.96457E-03  2.19282E-01  2.19282E-01  3.00000E+00            126.SB 51.  32   6
 6 7  4.62931E-03  2.19560E-01  2.19560E-01  3.00000E+00            126.SB 51.  33   7
 6 3  4.42553E-03  2.23085E-01  2.23085E-01  3.00000E+00            126.SB 51.  34   3
 6 4  1.01271E-03  2.23900E-01  2.23900E-01  3.00000E+00            126.SB 51.  35   4
 1 4  2.39040E+00  2.78200E-01  2.78200E-01  0.00000E+00            126.SB 51.  36   4
 6 1  9.77496E-02  2.46395E-01  2.46395E-01  4.00000E+00            126.SB 51.  37   1
 6 5  1.03984E-02  2.73286E-01  2.73286E-01  4.00000E+00            126.SB 51.  38   5
 6 6  3.27585E-03  2.73582E-01  2.73582E-01  4.00000E+00            126.SB 51.  39   6
 6 7  2.84971E-03  2.73860E-01  2.73860E-01  4.00000E+00            126.SB 51.  40   7
 6 3  3.37105E-03  2.77385E-01  2.77385E-01  4.00000E+00            126.SB 51.  41   3
 6 4  7.77418E-04  2.78200E-01  2.78200E-01  4.00000E+00            126.SB 51.  42   4
 1 5  4.48200E+00  2.96500E-01  2.96500E-01  0.00000E+00            126.SB 51.  43   5
 6 1  1.49256E-01  2.64695E-01  2.64695E-01  5.00000E+00            126.SB 51.  44   1
 6 5  1.60249E-02  2.91586E-01  2.91586E-01  5.00000E+00            126.SB 51.  45   5
 6 6  4.58620E-03  2.91882E-01  2.91882E-01  5.00000E+00            126.SB 51.  46   6
 6 7  3.89900E-03  2.92160E-01  2.92160E-01  5.00000E+00            126.SB 51.  47   7
 6 3  4.99205E-03  2.95685E-01  2.95685E-01  5.00000E+00            126.SB 51.  48   3
 6 4  1.15440E-03  2.96500E-01  2.96500E-01  5.00000E+00            126.SB 51.  49   4
 1 6  4.98000E-01  2.97100E-01  2.97100E-01  0.00000E+00            126.SB 51.  50   6
 6 1  1.53760E-02  2.65295E-01  2.65295E-01  6.00000E+00            126.SB 51.  51   1
 6 5  1.82872E-03  2.92186E-01  2.92186E-01  6.00000E+00            126.SB 51.  52   5
 6 6  9.42972E-05  2.92482E-01  2.92482E-01  6.00000E+00            126.SB 51.  53   6
 6 7  2.43810E-05  2.92760E-01  2.92760E-01  6.00000E+00            126.SB 51.  54   7
 6 3  3.89946E-04  2.96285E-01  2.96285E-01  6.00000E+00            126.SB 51.  55   3
 6 4  9.32142E-05  2.97100E-01  2.97100E-01  6.00000E+00            126.SB 51.  56   4
 1 7  8.32656E+01  4.14700E-01  4.14700E-01  0.00000E+00            126.SB 51.  57   7
 6 1  9.92117E-01  3.82895E-01  3.82895E-01  7.00000E+00            126.SB 51.  58   1
 6 5  1.09557E-01  4.09786E-01  4.09786E-01  7.00000E+00            126.SB 51.  59   5
 6 6  2.10965E-02  4.10082E-01  4.10082E-01  7.00000E+00            126.SB 51.  60   6
 6 7  1.62187E-02  4.10360E-01  4.10360E-01  7.00000E+00            126.SB 51.  61   7
 6 3  2.97246E-02  4.13885E-01  4.13885E-01  7.00000E+00            126.SB 51.  62   3
 6 4  6.94519E-03  4.14700E-01  4.14700E-01  7.00000E+00            126.SB 51.  63   4
 1 8  9.96000E-01  4.15300E-01  4.15300E-01  0.00000E+00            126.SB 51.  64   8
 6 1  1.31052E-02  3.83495E-01  3.83495E-01  8.00000E+00            126.SB 51.  65   1
 6 5  1.55563E-03  4.10386E-01  4.10386E-01  8.00000E+00            126.SB 51.  66   5
 6 6  7.03512E-05  4.10682E-01  4.10682E-01  8.00000E+00            126.SB 51.  67   6
 6 7  1.89002E-05  4.10960E-01  4.10960E-01  8.00000E+00            126.SB 51.  68   7
 6 3  3.28045E-04  4.14485E-01  4.14485E-01  8.00000E+00            126.SB 51.  69   3
 6 4  7.85279E-05  4.15300E-01  4.15300E-01  8.00000E+00            126.SB 51.  70   4
 1 9  1.69320E+00  5.56300E-01  5.56300E-01  0.00000E+00            126.SB 51.  71   9
 6 1  8.83353E-03  5.24495E-01  5.24495E-01  9.00000E+00            126.SB 51.  72   1
 6 5  9.94010E-04  5.51386E-01  5.51386E-01  9.00000E+00            126.SB 51.  73   5
 6 6  1.31597E-04  5.51682E-01  5.51682E-01  9.00000E+00            126.SB 51.  74   6
 6 7  9.38493E-05  5.51960E-01  5.51960E-01  9.00000E+00            126.SB 51.  75   7
 6 3  2.45518E-04  5.55485E-01  5.55485E-01  9.00000E+00            126.SB 51.  76   3
 6 4  5.78702E-05  5.56300E-01  5.56300E-01  9.00000E+00            126.SB 51.  77   4
 110  6.67320E+00  5.73900E-01  5.73900E-01  0.00000E+00            126.SB 51.  78  10
 6 1  3.20398E-02  5.42095E-01  5.42095E-01  1.00000E+01            126.SB 51.  79   1
 6 5  3.61123E-03  5.68986E-01  5.68986E-01  1.00000E+01            126.SB 51.  80   5
 6 6  4.59037E-04  5.69282E-01  5.69282E-01  1.00000E+01            126.SB 51.  81   6
 6 7  3.25197E-04  5.69560E-01  5.69560E-01  1.00000E+01            126.SB 51.  82   7
 6 3  8.84437E-04  5.73085E-01  5.73085E-01  1.00000E+01            126.SB 51.  83   3
 6 4  2.08663E-04  5.73900E-01  5.73900E-01  1.00000E+01            126.SB 51.  84   4
 111  7.47000E+00  5.93200E-01  5.93200E-01  0.00000E+00            126.SB 51.  85  11
 6 1  3.28681E-02  5.61395E-01  5.61395E-01  1.10000E+01            126.SB 51.  86   1
 6 5  3.71067E-03  5.88286E-01  5.88286E-01  1.10000E+01            126.SB 51.  87   5
 6 6  4.51690E-04  5.88582E-01  5.88582E-01  1.10000E+01            126.SB 51.  88   6
 6 7  3.17849E-04  5.88860E-01  5.88860E-01  1.10000E+01            126.SB 51.  89   7
 6 3  9.00926E-04  5.92385E-01  5.92385E-01  1.10000E+01            126.SB 51.  90   3
 6 4  2.12765E-04  5.93200E-01  5.93200E-01  1.10000E+01            126.SB 51.  91   4
 112  8.96400E-01  6.19900E-01  6.19900E-01  0.00000E+00            126.SB 51.  92  12
 6 1  4.39893E-03  5.88095E-01  5.88095E-01  1.20000E+01            126.SB 51.  93   1
 6 5  5.18168E-04  6.14986E-01  6.14986E-01  1.20000E+01            126.SB 51.  94   5
 6 6  2.05050E-05  6.15282E-01  6.15282E-01  1.20000E+01            126.SB 51.  95   6
 6 7  6.47616E-06  6.15560E-01  6.15560E-01  1.20000E+01            126.SB 51.  96   7
 6 3  1.08830E-04  6.19085E-01  6.19085E-01  1.20000E+01            126.SB 51.  97   3
 6 4  2.60719E-05  6.19900E-01  6.19900E-01  1.20000E+01            126.SB 51.  98   4
 113  8.96400E-01  6.38800E-01  6.38800E-01  0.00000E+00            126.SB 51.  99  13
 6 1  3.25532E-03  6.06995E-01  6.06995E-01  1.30000E+01            126.SB 51. 100   1
 6 5  3.68739E-04  6.33886E-01  6.33886E-01  1.30000E+01            126.SB 51. 101   5
 6 6  4.07239E-05  6.34182E-01  6.34182E-01  1.30000E+01            126.SB 51. 102   6
 6 7  2.82464E-05  6.34460E-01  6.34460E-01  1.30000E+01            126.SB 51. 103   7
 6 3  8.78936E-05  6.37985E-01  6.37985E-01  1.30000E+01            126.SB 51. 104   3
 6 4  2.08042E-05  6.38800E-01  6.38800E-01  1.30000E+01            126.SB 51. 105   4
 114  2.19120E+00  6.56300E-01  6.56300E-01  0.00000E+00            126.SB 51. 106  14
 6 1  7.42799E-03  6.24495E-01  6.24495E-01  1.40000E+01            126.SB 51. 107   1
 6 5  8.42311E-04  6.51386E-01  6.51386E-01  1.40000E+01            126.SB 51. 108   5
 6 6  8.97715E-05  6.51682E-01  6.51682E-01  1.40000E+01            126.SB 51. 109   6
 6 7  6.20034E-05  6.51960E-01  6.51960E-01  1.40000E+01            126.SB 51. 110   7
 6 3  1.99512E-04  6.55485E-01  6.55485E-01  1.40000E+01            126.SB 51. 111   3
 6 4  4.72616E-05  6.56300E-01  6.56300E-01  1.40000E+01            126.SB 51. 112   4
 115  9.96000E+01  6.66500E-01  6.66500E-01  0.00000E+00            126.SB 51. 113  15
 6 1  3.24721E-01  6.34695E-01  6.34695E-01  1.50000E+01            126.SB 51. 114   1
 6 5  3.68442E-02  6.61586E-01  6.61586E-01  1.50000E+01            126.SB 51. 115   5
 6 6  3.84771E-03  6.61882E-01  6.61882E-01  1.50000E+01            126.SB 51. 116   6
 6 7  2.65147E-03  6.62160E-01  6.62160E-01  1.50000E+01            126.SB 51. 117   7
 6 3  8.69640E-03  6.65685E-01  6.65685E-01  1.50000E+01            126.SB 51. 118   3
 6 4  2.06099E-03  6.66500E-01  6.66500E-01  1.50000E+01            126.SB 51. 119   4
 116  3.68520E+00  6.74800E-01  6.74800E-01  0.00000E+00            126.SB 51. 120  16
 6 1  1.16462E-02  6.42995E-01  6.42995E-01  1.60000E+01            126.SB 51. 121   1
 6 5  1.32204E-03  6.69886E-01  6.69886E-01  1.60000E+01            126.SB 51. 122   5
 6 6  1.35827E-04  6.70182E-01  6.70182E-01  1.60000E+01            126.SB 51. 123   6
 6 7  9.34331E-05  6.70460E-01  6.70460E-01  1.60000E+01            126.SB 51. 124   7
 6 3  3.11178E-04  6.73985E-01  6.73985E-01  1.60000E+01            126.SB 51. 125   3
 6 4  7.37739E-05  6.74800E-01  6.74800E-01  1.60000E+01            126.SB 51. 126   4
 117  9.96000E+01  6.95000E-01  6.95000E-01  0.00000E+00            126.SB 51. 127  17
 6 1  2.92475E-01  6.63195E-01  6.63195E-01  1.70000E+01            126.SB 51. 128   1
 6 5  3.32314E-02  6.90086E-01  6.90086E-01  1.70000E+01            126.SB 51. 129   5
 6 6  3.28375E-03  6.90382E-01  6.90382E-01  1.70000E+01            126.SB 51. 130   6
 6 7  2.24959E-03  6.90660E-01  6.90660E-01  1.70000E+01            126.SB 51. 131   7
 6 3  7.77122E-03  6.94185E-01  6.94185E-01  1.70000E+01            126.SB 51. 132   3
 6 4  1.84391E-03  6.95000E-01  6.95000E-01  1.70000E+01            126.SB 51. 133   4
 118  2.88840E+01  6.97000E-01  6.97000E-01  0.00000E+00            126.SB 51. 134  18
 6 1  1.07885E-01  6.65195E-01  6.65195E-01  1.80000E+01            126.SB 51. 135   1
 6 5  1.26923E-02  6.92086E-01  6.92086E-01  1.80000E+01            126.SB 51. 136   5
 6 6  4.54641E-04  6.92382E-01  6.92382E-01  1.80000E+01            126.SB 51. 137   6
 6 7  1.36301E-04  6.92660E-01  6.92660E-01  1.80000E+01            126.SB 51. 138   7
 6 3  2.65238E-03  6.96185E-01  6.96185E-01  1.80000E+01            126.SB 51. 139   3
 6 4  6.36000E-04  6.97000E-01  6.97000E-01  1.80000E+01            126.SB 51. 140   4
 119  5.37840E+01  7.20700E-01  7.20700E-01  0.00000E+00            126.SB 51. 141  19
 6 1  5.56844E-02  6.88895E-01  6.88895E-01  1.90000E+01            126.SB 51. 142   1
 6 5  6.24137E-03  7.15786E-01  7.15786E-01  1.90000E+01            126.SB 51. 143   5
 6 6  1.88800E-04  7.16082E-01  7.16082E-01  1.90000E+01            126.SB 51. 144   6
 6 7  2.62414E-04  7.16360E-01  7.16360E-01  1.90000E+01            126.SB 51. 145   7
 6 3  1.32836E-03  7.19885E-01  7.19885E-01  1.90000E+01            126.SB 51. 146   3
 6 4  3.17628E-04  7.20700E-01  7.20700E-01  1.90000E+01            126.SB 51. 147   4
 120  1.76292E+01  8.56800E-01  8.56800E-01  0.00000E+00            126.SB 51. 148  20
 6 1  1.28729E-02  8.24995E-01  8.24995E-01  2.00000E+01            126.SB 51. 149   1
 6 5  1.44769E-03  8.51886E-01  8.51886E-01  2.00000E+01            126.SB 51. 150   5
 6 6  3.81884E-05  8.52182E-01  8.52182E-01  2.00000E+01            126.SB 51. 151   6
 6 7  5.40151E-05  8.52460E-01  8.52460E-01  2.00000E+01            126.SB 51. 152   7
 6 3  3.06493E-04  8.55985E-01  8.55985E-01  2.00000E+01            126.SB 51. 153   3
 6 4  7.32178E-05  8.56800E-01  8.56800E-01  2.00000E+01            126.SB 51. 154   4
 121  1.19520E+00  9.53700E-01  9.53700E-01  0.00000E+00            126.SB 51. 155  21
 6 1  1.67177E-03  9.21895E-01  9.21895E-01  2.10000E+01            126.SB 51. 156   1
 6 5  1.90986E-04  9.48786E-01  9.48786E-01  2.10000E+01            126.SB 51. 157   5
 6 6  1.24216E-05  9.49082E-01  9.49082E-01  2.10000E+01            126.SB 51. 158   6
 6 7  8.32557E-06  9.49360E-01  9.49360E-01  2.10000E+01            126.SB 51. 159   7
 6 3  4.21876E-05  9.52885E-01  9.52885E-01  2.10000E+01            126.SB 51. 160   3
 6 4  1.01041E-05  9.53700E-01  9.53700E-01  2.10000E+01            126.SB 51. 161   4
 122  4.98000E-01  9.58300E-01  9.58300E-01  0.00000E+00            126.SB 51. 162  22
 6 1  6.89172E-04  9.26495E-01  9.26495E-01  2.20000E+01            126.SB 51. 163   1
 6 5  7.87356E-05  9.53386E-01  9.53386E-01  2.20000E+01            126.SB 51. 164   5
 6 6  5.08860E-06  9.53682E-01  9.53682E-01  2.20000E+01            126.SB 51. 165   6
 6 7  3.41057E-06  9.53960E-01  9.53960E-01  2.20000E+01            126.SB 51. 166   7
 6 3  1.73801E-05  9.57485E-01  9.57485E-01  2.20000E+01            126.SB 51. 167   3
 6 4  4.16331E-06  9.58300E-01  9.58300E-01  2.20000E+01            126.SB 51. 168   4
 123  6.77280E+00  9.89600E-01  9.89600E-01  0.00000E+00            126.SB 51. 169  23
 6 1  8.73138E-03  9.57795E-01  9.57795E-01  2.30000E+01            126.SB 51. 170   1
 6 5  9.97792E-04  9.84686E-01  9.84686E-01  2.30000E+01            126.SB 51. 171   5
 6 6  6.18188E-05  9.84982E-01  9.84982E-01  2.30000E+01            126.SB 51. 172   6
 6 7  4.14401E-05  9.85260E-01  9.85260E-01  2.30000E+01            126.SB 51. 173   7
 6 3  2.19251E-04  9.88785E-01  9.88785E-01  2.30000E+01            126.SB 51. 174   3
 6 4  5.25810E-05  9.89600E-01  9.89600E-01  2.30000E+01            126.SB 51. 175   4
 124  9.96000E-01  1.03620E+00  1.03620E+00  0.00000E+00            126.SB 51. 176  24
 6 1  1.16161E-03  1.00440E+00  1.00440E+00  2.40000E+01            126.SB 51. 177   1
 6 5  1.32788E-04  1.03129E+00  1.03129E+00  2.40000E+01            126.SB 51. 178   5
 6 6  7.74533E-06  1.03158E+00  1.03158E+00  2.40000E+01            126.SB 51. 179   6
 6 7  5.19777E-06  1.03186E+00  1.03186E+00  2.40000E+01            126.SB 51. 180   7
 6 3  2.89991E-05  1.03539E+00  1.03539E+00  2.40000E+01            126.SB 51. 181   3
 6 4  6.83371E-06  1.03620E+00  1.03620E+00  2.40000E+01            126.SB 51. 182   4
 125  3.98400E-01  1.06130E+00  1.06130E+00  0.00000E+00            126.SB 51. 183  25
 126  8.96400E-01  1.06440E+00  1.06440E+00  0.00000E+00            126.SB 51. 184  26
 6 1  1.26168E-03  1.03260E+00  1.03260E+00  2.60000E+01            126.SB 51. 185   1
 6 5  1.47878E-04  1.05949E+00  1.05949E+00  2.60000E+01            126.SB 51. 186   5
 6 6  4.21435E-06  1.05978E+00  1.05978E+00  2.60000E+01            126.SB 51. 187   6
 6 7  1.49544E-06  1.06006E+00  1.06006E+00  2.60000E+01            126.SB 51. 188   7
 6 3  3.05625E-05  1.06359E+00  1.06359E+00  2.60000E+01            126.SB 51. 189   3
 6 4  7.30922E-06  1.06440E+00  1.06440E+00  2.60000E+01            126.SB 51. 190   4
 127  2.39040E+00  1.21330E+00  1.21330E+00  0.00000E+00            126.SB 51. 191  27
 6 1  2.00054E-03  1.18150E+00  1.18150E+00  2.70000E+01            126.SB 51. 192   1
 6 5  2.28724E-04  1.20839E+00  1.20839E+00  2.70000E+01            126.SB 51. 193   5
 6 6  1.08684E-05  1.20868E+00  1.20868E+00  2.70000E+01            126.SB 51. 194   6
 6 7  7.38197E-06  1.20896E+00  1.20896E+00  2.70000E+01            126.SB 51. 195   7
 6 3  4.90608E-05  1.21249E+00  1.21249E+00  2.70000E+01            126.SB 51. 196   3
 6 4  1.14887E-05  1.21330E+00  1.21330E+00  2.70000E+01            126.SB 51. 197   4
 128  2.78880E-01  1.47690E+00  1.47690E+00  0.00000E+00            126.SB 51. 198  28
 6 1  1.57512E-04  1.44510E+00  1.44510E+00  2.80000E+01            126.SB 51. 199   1
 6 5  1.80450E-05  1.47199E+00  1.47199E+00  2.80000E+01            126.SB 51. 200   5
 6 6  6.67955E-07  1.47228E+00  1.47228E+00  2.80000E+01            126.SB 51. 201   6
 6 7  4.69877E-07  1.47256E+00  1.47256E+00  2.80000E+01            126.SB 51. 202   7
 6 3  3.80962E-06  1.47609E+00  1.47609E+00  2.80000E+01            126.SB 51. 203   3
 6 4  8.82999E-07  1.47690E+00  1.47690E+00  2.80000E+01            126.SB 51. 204   4
 2 1  6.24586E-01  2.71868E-02  2.71868E-02  0.00000E+00            126.SB 51. 205   1
 2 2  1.16272E+00  2.74652E-02  2.74652E-02  0.00000E+00            126.SB 51. 206   2
 2 3  1.07061E-01  3.09378E-02  3.09378E-02  0.00000E+00            126.SB 51. 207   3
 2 4  2.07635E-01  3.09901E-02  3.09901E-02  0.00000E+00            126.SB 51. 208   4
 2 5  9.55411E-04  3.12112E-02  3.12112E-02  0.00000E+00            126.SB 51. 209   5
 2 6  1.31375E-03  3.12223E-02  3.12223E-02  0.00000E+00            126.SB 51. 210   6
 2 7  2.21802E-02  3.16740E-02  3.16740E-02  0.00000E+00            126.SB 51. 211   7
 2 8  4.35929E-02  3.16841E-02  3.16841E-02  0.00000E+00            126.SB 51. 212   8
 2 9  1.60823E-04  3.17543E-02  3.17543E-02  0.00000E+00            126.SB 51. 213   9
 210  2.20213E-04  3.17559E-02  3.17559E-02  0.00000E+00            126.SB 51. 214  10
 211  1.27077E-03  3.17957E-02  3.17957E-02  0.00000E+00            126.SB 51. 215  11
 212  2.34977E-03  3.17966E-02  3.17966E-02  0.00000E+00            126.SB 51. 216  12
 221  8.19863E-06  2.96000E-04  2.96000E-04  0.00000E+00            126.SB 51. 217  21
 222  1.29886E-04  5.74501E-04  5.74501E-04  0.00000E+00            126.SB 51. 218  22
 223  5.06633E-03  4.04711E-03  4.04711E-03  0.00000E+00            126.SB 51. 219  23
 224  8.11520E-03  4.09934E-03  4.09934E-03  0.00000E+00            126.SB 51. 220  24
 225  6.96256E-05  4.32046E-03  4.32046E-03  0.00000E+00            126.SB 51. 221  25
 226  1.03973E-04  4.33146E-03  4.33146E-03  0.00000E+00            126.SB 51. 222  26
 227  1.04302E-03  4.78322E-03  4.78322E-03  0.00000E+00            126.SB 51. 223  27
 228  1.70684E-03  4.79328E-03  4.79328E-03  0.00000E+00            126.SB 51. 224  28
 229  7.81237E-06  4.86350E-03  4.86350E-03  0.00000E+00            126.SB 51. 225  29
 230  1.18197E-05  4.86503E-03  4.86503E-03  0.00000E+00            126.SB 51. 226  30
 231  6.55800E-05  4.90497E-03  4.90497E-03  0.00000E+00            126.SB 51. 227  31
 232  1.02585E-04  4.90588E-03  4.90588E-03  0.00000E+00            126.SB 51. 228  32
 241  4.07481E-08  2.78500E-04  2.78500E-04  0.00000E+00            126.SB 51. 229  41
 242  3.42578E-03  3.62712E-03  3.62712E-03  0.00000E+00            126.SB 51. 230  42
 243  4.67157E-05  3.80335E-03  3.80335E-03  0.00000E+00            126.SB 51. 231  43
 244  5.86984E-02  4.02446E-03  4.02446E-03  0.00000E+00            126.SB 51. 232  44
 245  4.53335E-04  4.44388E-03  4.44388E-03  0.00000E+00            126.SB 51. 233  45
 246  4.93171E-06  4.49729E-03  4.49729E-03  0.00000E+00            126.SB 51. 234  46
 247  7.98461E-03  4.56748E-03  4.56748E-03  0.00000E+00            126.SB 51. 235  47
 249  4.73223E-05  4.59974E-03  4.59974E-03  0.00000E+00            126.SB 51. 236  49
 250  2.96747E-07  4.60991E-03  4.60991E-03  0.00000E+00            126.SB 51. 237  50
 261  1.17788E-02  3.34861E-03  3.34861E-03  0.00000E+00            126.SB 51. 238  61
 262  6.25188E-05  3.47261E-03  3.47261E-03  0.00000E+00            126.SB 51. 239  62
 263  5.83803E-05  3.52484E-03  3.52484E-03  0.00000E+00            126.SB 51. 240  63
 264  1.12917E-02  3.74596E-03  3.74596E-03  0.00000E+00            126.SB 51. 241  64
 265  1.00116E-01  3.75695E-03  3.75695E-03  0.00000E+00            126.SB 51. 242  65
 266  9.54297E-04  4.16536E-03  4.16536E-03  0.00000E+00            126.SB 51. 243  66
 267  4.72166E-06  4.20872E-03  4.20872E-03  0.00000E+00            126.SB 51. 244  67
 268  4.52013E-06  4.21879E-03  4.21879E-03  0.00000E+00            126.SB 51. 245  68
 269  1.50053E-03  4.28899E-03  4.28899E-03  0.00000E+00            126.SB 51. 246  69
 270  1.33548E-02  4.29052E-03  4.29052E-03  0.00000E+00            126.SB 51. 247  70
 273  1.17571E-04  4.32125E-03  4.32125E-03  0.00000E+00            126.SB 51. 248  73
 274  2.95686E-07  4.33049E-03  4.33049E-03  0.00000E+00            126.SB 51. 249  74
 275  2.70871E-07  4.33139E-03  4.33139E-03  0.00000E+00            126.SB 51. 250  75
 291  1.08290E-02  5.33317E-04  5.33317E-04  0.00000E+00            126.SB 51. 251  91
 292  2.53626E-04  7.62562E-05  7.62562E-05  0.00000E+00            126.SB 51. 252  92
 294  3.74969E+01  1.36106E-05  1.36106E-05  0.00000E+00            126.SB 51. 253  94
 7 1  2.01871E-01  2.26653E-02  2.26653E-02  0.00000E+00            126.SB 51. 254   1
 7 2  8.89122E-02  2.65056E-02  2.65056E-02  0.00000E+00            126.SB 51. 255   2
 7 3  9.36345E-03  3.03461E-02  3.03461E-02  0.00000E+00            126.SB 51. 256   3
 7 4  3.67643E-01  2.89172E-04  2.89172E-04  0.00000E+00            126.SB 51. 257   4
 7 5  1.86274E+00  3.08194E-03  3.08194E-03  0.00000E+00            126.SB 51. 258   5
 7 6  5.27294E-01  3.67553E-03  3.67553E-03  0.00000E+00            126.SB 51. 259   6
 7 7  3.72594E-02  4.29101E-03  4.29101E-03  0.00000E+00            126.SB 51. 260   7
 7 8  2.09666E+00  1.21290E-04  1.21290E-04  0.00000E+00            126.SB 51. 261   8
 7 9  4.74006E+00  4.49271E-04  4.49271E-04  0.00000E+00            126.SB 51. 262   9
 710  1.82415E-01  5.40485E-04  5.40485E-04  0.00000E+00            126.SB 51. 263  10
 711  6.80422E-04  6.84504E-04  6.84504E-04  0.00000E+00            126.SB 51. 264  11
 712  6.09951E+00  2.49381E-05  2.49381E-05  0.00000E+00            126.SB 51. 265  12
 713  1.83248E+01  2.29203E-05  2.29203E-05  0.00000E+00            126.SB 51. 266  13
%%%% 126 SB  51    B-           1.06704E+06 12.35 D    02-11-2005       SEEIEND 
 


   ***************************************************** 
   *                 Radiation Summary                 * 
   ***************************************************** 
 
  Energy released by
    Gamma-ray                       (MeV) =   2.75039E+00
    X-ray                           (MeV) =   6.18322E-04
    Free-bound X-ray                (MeV) =   5.10356E-06
    Annihilation photon             (MeV) =   0.00000E+00
    Beta+ particle                  (MeV) =   0.00000E+00
    Neutrino                        (MeV) =   0.00000E+00
    Beta- particle                  (MeV) =   3.41323E-01
    Neutrino-                       (MeV) =   6.18166E-01
    Internal conv. electron         (MeV) =   1.29945E-02
    Auger and CK electron           (MeV) =   1.82165E-04
    Alpha particle                  (MeV) =   0.00000E+00
    Recoil nucleus                  (MeV) =   0.00000E+00
  E-total (except unplaced radiat.) (MeV) =   3.72368E+00
  E-unplaced radiation              (MeV) =   4.22822E-03
  Q-value from ENSDF data           (MeV) =   3.67300E+00
  Ratio of E-total/Q-value          ( % ) =   1.01380E+02
  Ratio of E-unplaced radi./Q-value ( % ) =   1.15116E-01

 
  Total yield of
    Gamma-ray                             =   4.29953E+00
    X-ray                                 =   2.41147E-02
    Free-bound X-ray                      =   3.74969E-01
    Annihilation photon                   =   0.00000E+00
    Beta+ particle                        =   0.00000E+00
    Beta- particle                        =   1.00000E+00
    Internal conv. electron               =   2.94105E-02
    Auger and CK electron                 =   3.45392E-01
    Alpha particle                        =   0.00000E+00
  Yield of unplaced radiation             =   3.98400E-03


%%%% 126 SB  51 M  B- IT        1.14900E+03 19.15 M    02-11-2005       BALASTAR
1 126M  SB  51 19.15 M         B- IT      
1INTENSITY AND ENERGY BALANCE DATA

              126M-ANTIMONY-51
+                                    HALFLIFE = 19.15 MINUTES 
+                                                                  02-11-2005


    LEVEL       INTENSITY   INTENSITY
    ENERGY      ENTERING    LEAVING     PERCENT
    (MEV)       LEVEL       LEVEL       ERROR

   0.0000E+00  8.6000E+01
   6.6610E-01  8.2528E+01  8.6000E+01  4.1199E+00                      
   1.3609E+00  8.9029E+01  8.2528E+01  7.5790E+00                      
   1.7755E+00  8.3954E+01  8.6885E+01  3.4307E+00                      
   2.3957E+00  3.3017E+00  3.3524E+00  1.5240E+00                      
   2.7036E+00  1.2624E+00  1.2877E+00  1.9821E+00                      
   2.8371E+00  8.3514E-01  8.5779E-01  2.6762E+00                      
   0.0000E+00  1.4000E+01
   1.7700E-02  1.4000E+01  1.4000E+01  0.0000E+00                      


 INTENSITY TO GROUND AND ISOMERIC STATE(S) OF DAUGHTER(S)=  1.000E+02
 TOTAL INTENSITY FROM PARENT=  1.000E+02
 PERCENT ERROR =  4.501E-04                      


 TOTAL INTENSITY FROM PARENT =  1.000E+02
 VALUE IS WITHIN   0.00E+00% OF 100                      


 TOTAL ENERGY AVAILABLE =  3.176E+00 MEV
 TOTAL ENERGY CONTENT OF ALL RADIATIONS =  3.166E+00 MEV
 PERCENT ERROR =  3.432E-01                      
%%%% 126 SB  51 M  B- IT        1.14900E+03 19.15 M    02-11-2005       BALAEND 
%%%% 126 SB  51 M  B- IT        1.14900E+03 19.15 M    02-11-2005       INPUSTAR
1                                      **INPUT DATA**
              126M-ANTIMONY-51
+                                    HALFLIFE = 19.15 MINUTES 
+                                                                  02-11-2005

            MODES OF DECAY: BETA MINUS, ISOMERIC LEVEL
 
                                MEAN
                                NUMBER/    TRANSITION
                TYPE OF    ID   TRANSFOR-  ENERGY
              TRANSITION   NO.  MATION     (MEV)       OTHER NUCLEAR PARAMETERS

               BETA MINUS   1   8.35E-03   8.536E-01*  ALLOWED                                  
               BETA MINUS   2   1.26E-02   9.871E-01*  ALLOWED                                  
               BETA MINUS   3   3.30E-02   1.295E+00*  ALLOWED                                  
+                                                              ASSUMED                          
               BETA MINUS   4   8.06E-01   1.915E+00*  ALLOWED                                  
           I.C.E. + GAMMA   1   8.69E-01   4.145E-01   E2 MULTIPOLE                             
+                                                                    AK= 0.0119                 
                                                       AL1=0.00132                              
           I.C.E. + GAMMA   2   1.55E-02   6.200E-01   M1 MULTIPOLE ASSUMED                     
                                                       MRS=0.0289    AK= 0.00491                
           I.C.E. + GAMMA   3   8.60E-01   6.661E-01   E2 MULTIPOLE                             
+                                                                    AK= 0.00327                
           I.C.E. + GAMMA   4   8.25E-01   6.948E-01   E2 MULTIPOLE                             
+                                                                    AK= 0.00294                
           I.C.E. + GAMMA   5   1.29E-02   9.282E-01   M1 MULTIPOLE                             
+                                                                    MRS=0.640                  
                                                       AK= 0.00175                              
           I.C.E. + GAMMA   6   1.80E-02   1.035E+00   E2 MULTIPOLE ASSUMED                     
                                                       AK= 0.00117                              
           I.C.E. + GAMMA   7   5.15E-03   1.062E+00   M1 MULTIPOLE                             
+                                                                    AK= 0.00142                
           I.C.E. + GAMMA   8   3.43E-03   1.476E+00   E2 MULTIPOLE                             
           I.C.E. + GAMMA   1   1.40E-01   1.770E-02   E3 MULTIPOLE                             
+                                                                    AK= 0.0                    
                                                       AL1=989.      AL2=9.97E+04               
                                                       AL3=1.51E+05  AM= 6.17E+04               
                                                       AN+=1.28E+04                             
 
           * ENDPOINT ENERGY (MEV)
           - - - - - - - - - -
           Reference: Evaluated Nuclear Structure Data File (ENSDF)
                DATE DATA WERE ENTERED INTO ENSDF: Jan-2003
%%%% 126 SB  51 M  B- IT        1.14900E+03 19.15 M    02-11-2005       INPUEND 
%%%% 126 SB  51 M  B- IT        1.14900E+03 19.15 M    02-11-2005       OUTPSTAR
1                                      **OUTPUT DATA**
              126M-ANTIMONY-51
+                                    HALFLIFE = 19.15 MINUTES 
+                                                                  02-11-2005

            MODES OF DECAY: BETA MINUS, ISOMERIC LEVEL
 
                                              MEAN
                                              NUMBER/                  MEV/
                                         ID   TRANSFOR-   ENERGY       TRANSFOR-
                  TYPE OF RADIATION      NO.  MATION      (MEV)        MATION

           BETA MINUS                     1   8.35E-03    2.872E-01*   2.40E-03
           BETA MINUS                     2   1.26E-02    3.409E-01*   4.30E-03
           BETA MINUS                     3   3.30E-02    4.698E-01*   1.55E-02
           BETA MINUS                     4   8.06E-01    7.427E-01*   5.99E-01
           GAMMA-RAY                      1   8.57E-01    4.145E-01    3.55E-01
           K CONV. ELECTRON, GAMMA-RAY    1   1.02E-02    3.827E-01    3.91E-03
           GAMMA-RAY                      2   1.54E-02    6.200E-01    9.56E-03
           GAMMA-RAY                      3   8.57E-01    6.661E-01    5.71E-01
           K CONV. ELECTRON, GAMMA-RAY    3   2.80E-03    6.343E-01    1.77E-03
           GAMMA-RAY                      4   8.22E-01    6.948E-01    5.71E-01
           K CONV. ELECTRON, GAMMA-RAY    4   2.42E-03    6.630E-01    1.60E-03
           GAMMA-RAY                      5   1.29E-02    9.282E-01    1.19E-02
           GAMMA-RAY                      6   1.80E-02    1.035E+00    1.86E-02
           GAMMA-RAY                      7   5.14E-03    1.062E+00    5.46E-03
           GAMMA-RAY                      8   3.43E-03    1.476E+00    5.06E-03
           L3 CONV. ELECTRON, GAMMA-RAY   1   6.48E-02    1.357E-02    8.80E-04
 
           ALL LISTED X-RAYS, GAMMA-RAYS AND ANNIHILATION RADIATION    1.55E+00
           ALL NEGLECTED X-RAYS, GAMMA-RAYS AND ANNIH. RADIATION**     4.44E-04
           ALL LISTED BETAS, INTERNAL CONVERSION AND AUGER ELECTRONS   6.29E-01
           ALL NEGLECTED BETAS, INT. CONVERSION AND AUGER ELECTRONS**  3.13E-03
           ALL LISTED RADIATIONS                                       2.18E+00
           ALL NEGLECTED RADIATIONS**                                  3.58E-03
 
           *  AVERAGE ENERGY (MEV)
           ** EACH NEGLECTED TRANSITION CONTRIBUTES LESS THAN  0.100%
              TO THE TOTAL MEV/TRANSFORMATION FOR THIS CATEGORY.
           TOTAL FEEDING OF GROUND STATE LEVEL IN 126-TELLURIUM
             DAUGHTER IS 8.6000E-01  PER TRANSFORMATION OF 126M-ANTIMONY.
             THIS DAUGHTER GROUND STATE IS STABLE.
           TOTAL FEEDING OF GROUND STATE LEVEL IN 126-ANTIMONY
             DAUGHTER IS 1.4000E-01  PER TRANSFORMATION OF 126M-ANTIMONY.
             DECAY OF THIS 12.35 DAYS HALFLIFE LEVEL WILL CONTRIBUTE TO DOSE.
           - - - - - - - - - -
           INPUT DATA SOURCE: EVALUATED NUCLEAR STRUCTURE DATA FILE (ENSDF)
             DATE INPUT DATA WERE ENTERED INTO ENSDF: Jan-2003
%%%% 126 SB  51 M  B- IT        1.14900E+03 19.15 M    02-11-2005       OUTPEND 
%%%% 126 SB  51 M  B- IT        1.14900E+03 19.15 M    02-11-2005       BETASTAR
1
              126M-ANTIMONY-51
+                                    HALFLIFE = 19.15 MINUTES 
+                                                                  02-11-2005

            BETA SPECTRUM DATA FOR ALL DECAY BRANCHES

                      BETAS PER                BETAS PER                BETAS PER
            ENERGY    MEV            ENERGY    MEV            ENERGY    MEV
            (MEV)     PER DECAY      (MEV)     PER DECAY      (MEV)     PER DECAY

            0.00000   3.976E-01      0.00280   3.985E-01      0.08500   4.662E-01
            0.00010   3.976E-01      0.00300   3.986E-01      0.09000   4.705E-01
            0.00011   3.976E-01      0.00320   3.986E-01      0.10000   4.792E-01
            0.00012   3.976E-01      0.00360   3.988E-01      0.11000   4.879E-01
            0.00013   3.976E-01      0.00400   3.989E-01      0.12000   4.965E-01
            0.00014   3.976E-01      0.00450   3.990E-01      0.13000   5.050E-01
            0.00015   3.976E-01      0.00500   3.992E-01      0.14000   5.134E-01
            0.00016   3.977E-01      0.00550   3.994E-01      0.15000   5.218E-01
            0.00018   3.977E-01      0.00600   3.995E-01      0.16000   5.300E-01
            0.00020   3.977E-01      0.00650   3.997E-01      0.18000   5.461E-01
            0.00022   3.977E-01      0.00700   3.998E-01      0.20000   5.617E-01
            0.00024   3.977E-01      0.00750   4.000E-01      0.22000   5.767E-01
            0.00026   3.977E-01      0.00800   4.001E-01      0.24000   5.910E-01
            0.00028   3.977E-01      0.00850   4.003E-01      0.26000   6.047E-01
            0.00030   3.977E-01      0.00900   4.009E-01      0.28000   6.177E-01
            0.00032   3.977E-01      0.01000   4.018E-01      0.30000   6.300E-01
            0.00036   3.977E-01      0.01100   4.026E-01      0.32000   6.415E-01
            0.00040   3.977E-01      0.01200   4.035E-01      0.36000   6.623E-01
            0.00045   3.977E-01      0.01300   4.044E-01      0.40000   6.799E-01
            0.00050   3.978E-01      0.01400   4.052E-01      0.45000   6.973E-01
            0.00055   3.978E-01      0.01500   4.061E-01      0.50000   7.096E-01
            0.00060   3.978E-01      0.01600   4.069E-01      0.55000   7.168E-01
            0.00065   3.978E-01      0.01800   4.086E-01      0.60000   7.189E-01
            0.00070   3.978E-01      0.02000   4.103E-01      0.65000   7.161E-01
            0.00075   3.978E-01      0.02200   4.120E-01      0.70000   7.086E-01
            0.00080   3.979E-01      0.02400   4.137E-01      0.75000   6.968E-01
            0.00085   3.979E-01      0.02600   4.154E-01      0.80000   6.809E-01
            0.00090   3.979E-01      0.02800   4.171E-01      0.85000   6.614E-01
            0.00100   3.979E-01      0.03000   4.188E-01      0.90000   6.384E-01
            0.00110   3.980E-01      0.03200   4.205E-01      1.00000   5.830E-01
            0.00120   3.980E-01      0.03600   4.239E-01      1.10000   5.161E-01
            0.00130   3.980E-01      0.04000   4.273E-01      1.20000   4.405E-01
            0.00140   3.981E-01      0.04500   4.315E-01      1.30000   3.606E-01
            0.00150   3.981E-01      0.05000   4.358E-01      1.40000   2.791E-01
            0.00160   3.981E-01      0.05500   4.401E-01      1.50000   1.990E-01
            0.00180   3.982E-01      0.06000   4.444E-01      1.60000   1.253E-01
            0.00200   3.982E-01      0.06500   4.487E-01      1.80000   1.974E-02
            0.00220   3.983E-01      0.07000   4.531E-01      1.91520   0.000E+00
            0.00240   3.984E-01      0.07500   4.574E-01
            0.00260   3.984E-01      0.08000   4.618E-01

            AVERAGE BETA ENERGY =   7.219E-01

            TOTAL BETAS PER DECAY FOR ALL BRANCHES =   8.600E-01
%%%% 126 SB  51 M  B- IT        1.14900E+03 19.15 M    02-11-2005       BETAEND 
%%%% 126 SB  51 M  B- IT        1.14900E+03 19.15 M    02-11-2005       SEEISTAR
126.M ANTIMONY     51.  1.915E+01 MINUTES  175 B- IT                126.SB 51.   0
 5 1  8.35140E-01  2.87155E-01  8.53600E-01  0.00000E+00            126.SB 51.   1   1
 5 2  1.26242E+00  3.40932E-01  9.87100E-01  0.00000E+00            126.SB 51.   2   2
 5 3  3.30172E+00  4.69795E-01  1.29500E+00  0.00000E+00            126.SB 51.   3   3
 5 4  8.06007E+01  7.42719E-01  1.91520E+00  0.00000E+00            126.SB 51.   4   4
 1 1  8.56732E+01  4.14500E-01  4.14500E-01  0.00000E+00            126.SB 51.   5   1
 6 1  1.02225E+00  3.82695E-01  3.82695E-01  1.00000E+00            126.SB 51.   6   1
 6 5  1.12881E-01  4.09586E-01  4.09586E-01  1.00000E+00            126.SB 51.   7   5
 6 6  2.17495E-02  4.09882E-01  4.09882E-01  1.00000E+00            126.SB 51.   8   6
 6 7  1.67231E-02  4.10160E-01  4.10160E-01  1.00000E+00            126.SB 51.   9   7
 6 3  3.06319E-02  4.13685E-01  4.13685E-01  1.00000E+00            126.SB 51.  10   3
 6 4  7.15706E-03  4.14500E-01  4.14500E-01  1.00000E+00            126.SB 51.  11   4
 1 2  1.54212E+00  6.20000E-01  6.20000E-01  0.00000E+00            126.SB 51.  12   2
 6 1  7.56476E-03  5.88195E-01  5.88195E-01  2.00000E+00            126.SB 51.  13   1
 6 5  8.91080E-04  6.15086E-01  6.15086E-01  2.00000E+00            126.SB 51.  14   5
 6 6  3.52589E-05  6.15382E-01  6.15382E-01  2.00000E+00            126.SB 51.  15   6
 6 7  1.11362E-05  6.15660E-01  6.15660E-01  2.00000E+00            126.SB 51.  16   7
 6 3  1.87152E-04  6.19185E-01  6.19185E-01  2.00000E+00            126.SB 51.  17   3
 6 4  4.48351E-05  6.20000E-01  6.20000E-01  2.00000E+00            126.SB 51.  18   4
 1 3  8.56732E+01  6.66100E-01  6.66100E-01  0.00000E+00            126.SB 51.  19   3
 6 1  2.79739E-01  6.34295E-01  6.34295E-01  3.00000E+00            126.SB 51.  20   1
 6 5  3.17397E-02  6.61186E-01  6.61186E-01  3.00000E+00            126.SB 51.  21   5
 6 6  3.31726E-03  6.61482E-01  6.61482E-01  3.00000E+00            126.SB 51.  22   6
 6 7  2.28613E-03  6.61760E-01  6.61760E-01  3.00000E+00            126.SB 51.  23   7
 6 3  7.49259E-03  6.65285E-01  6.65285E-01  3.00000E+00            126.SB 51.  24   3
 6 4  1.77566E-03  6.66100E-01  6.66100E-01  3.00000E+00            126.SB 51.  25   4
 1 4  8.22463E+01  6.94800E-01  6.94800E-01  0.00000E+00            126.SB 51.  26   4
 6 1  2.41688E-01  6.62995E-01  6.62995E-01  4.00000E+00            126.SB 51.  27   1
 6 5  2.74606E-02  6.89886E-01  6.89886E-01  4.00000E+00            126.SB 51.  28   5
 6 6  2.71455E-03  6.90182E-01  6.90182E-01  4.00000E+00            126.SB 51.  29   6
 6 7  1.85973E-03  6.90460E-01  6.90460E-01  4.00000E+00            126.SB 51.  30   7
 6 3  6.42213E-03  6.93985E-01  6.93985E-01  4.00000E+00            126.SB 51.  31   3
 6 4  1.52379E-03  6.94800E-01  6.94800E-01  4.00000E+00            126.SB 51.  32   4
 1 5  1.28510E+00  9.28200E-01  9.28200E-01  0.00000E+00            126.SB 51.  33   5
 6 1  2.24891E-03  8.96395E-01  8.96395E-01  5.00000E+00            126.SB 51.  34   1
 6 5  2.61590E-04  9.23286E-01  9.23286E-01  5.00000E+00            126.SB 51.  35   5
 6 6  1.11688E-05  9.23582E-01  9.23582E-01  5.00000E+00            126.SB 51.  36   6
 6 7  5.65191E-06  9.23860E-01  9.23860E-01  5.00000E+00            126.SB 51.  37   7
 6 3  5.54833E-05  9.27385E-01  9.27385E-01  5.00000E+00            126.SB 51.  38   3
 6 4  1.33219E-05  9.28200E-01  9.28200E-01  5.00000E+00            126.SB 51.  39   4
 1 6  1.79914E+00  1.03490E+00  1.03490E+00  0.00000E+00            126.SB 51.  40   6
 6 1  2.10399E-03  1.00310E+00  1.00310E+00  6.00000E+00            126.SB 51.  41   1
 6 5  2.40513E-04  1.02999E+00  1.02999E+00  6.00000E+00            126.SB 51.  42   5
 6 6  1.40519E-05  1.03028E+00  1.03028E+00  6.00000E+00            126.SB 51.  43   6
 6 7  9.42956E-06  1.03056E+00  1.03056E+00  6.00000E+00            126.SB 51.  44   7
 6 3  5.25333E-05  1.03409E+00  1.03409E+00  6.00000E+00            126.SB 51.  45   3
 6 4  1.23801E-05  1.03490E+00  1.03490E+00  6.00000E+00            126.SB 51.  46   4
 1 7  5.14039E-01  1.06160E+00  1.06160E+00  0.00000E+00            126.SB 51.  47   7
 6 1  7.27800E-04  1.02979E+00  1.02979E+00  7.00000E+00            126.SB 51.  48   1
 6 5  8.53056E-05  1.05669E+00  1.05669E+00  7.00000E+00            126.SB 51.  49   5
 6 6  2.43478E-06  1.05698E+00  1.05698E+00  7.00000E+00            126.SB 51.  50   6
 6 7  8.62801E-07  1.05726E+00  1.05726E+00  7.00000E+00            126.SB 51.  51   7
 6 3  1.76317E-05  1.06079E+00  1.06079E+00  7.00000E+00            126.SB 51.  52   3
 6 4  4.21687E-06  1.06160E+00  1.06160E+00  7.00000E+00            126.SB 51.  53   4
 1 8  3.42693E-01  1.47610E+00  1.47610E+00  0.00000E+00            126.SB 51.  54   8
 6 1  1.93758E-04  1.44430E+00  1.44430E+00  8.00000E+00            126.SB 51.  55   1
 6 5  2.21973E-05  1.47119E+00  1.47119E+00  8.00000E+00            126.SB 51.  56   5
 6 6  8.22212E-07  1.47148E+00  1.47148E+00  8.00000E+00            126.SB 51.  57   6
 6 7  5.78314E-07  1.47176E+00  1.47176E+00  8.00000E+00            126.SB 51.  58   7
 6 3  4.68640E-06  1.47529E+00  1.47529E+00  8.00000E+00            126.SB 51.  59   3
 6 4  1.08625E-06  1.47610E+00  1.47610E+00  8.00000E+00            126.SB 51.  60   4
 2 1  3.92928E-01  2.71868E-02  2.71868E-02  0.00000E+00            126.SB 51.  61   1
 2 2  7.31471E-01  2.74652E-02  2.74652E-02  0.00000E+00            126.SB 51.  62   2
 2 3  6.73522E-02  3.09378E-02  3.09378E-02  0.00000E+00            126.SB 51.  63   3
 2 4  1.30623E-01  3.09901E-02  3.09901E-02  0.00000E+00            126.SB 51.  64   4
 2 5  6.01050E-04  3.12112E-02  3.12112E-02  0.00000E+00            126.SB 51.  65   5
 2 6  8.26481E-04  3.12223E-02  3.12223E-02  0.00000E+00            126.SB 51.  66   6
 2 7  1.39536E-02  3.16740E-02  3.16740E-02  0.00000E+00            126.SB 51.  67   7
 2 8  2.74243E-02  3.16841E-02  3.16841E-02  0.00000E+00            126.SB 51.  68   8
 2 9  1.01174E-04  3.17543E-02  3.17543E-02  0.00000E+00            126.SB 51.  69   9
 210  1.38537E-04  3.17559E-02  3.17559E-02  0.00000E+00            126.SB 51.  70  10
 211  7.99445E-04  3.17957E-02  3.17957E-02  0.00000E+00            126.SB 51.  71  11
 212  1.47824E-03  3.17967E-02  3.17967E-02  0.00000E+00            126.SB 51.  72  12
 221  5.19600E-06  2.96000E-04  2.96000E-04  0.00000E+00            126.SB 51.  73  21
 222  8.23172E-05  5.74501E-04  5.74501E-04  0.00000E+00            126.SB 51.  74  22
 223  3.21086E-03  4.04711E-03  4.04711E-03  0.00000E+00            126.SB 51.  75  23
 224  5.14312E-03  4.09934E-03  4.09934E-03  0.00000E+00            126.SB 51.  76  24
 225  4.41262E-05  4.32046E-03  4.32046E-03  0.00000E+00            126.SB 51.  77  25
 226  6.58940E-05  4.33146E-03  4.33146E-03  0.00000E+00            126.SB 51.  78  26
 227  6.61030E-04  4.78322E-03  4.78322E-03  0.00000E+00            126.SB 51.  79  27
 228  1.08173E-03  4.79328E-03  4.79328E-03  0.00000E+00            126.SB 51.  80  28
 229  4.95120E-06  4.86350E-03  4.86350E-03  0.00000E+00            126.SB 51.  81  29
 230  7.49093E-06  4.86503E-03  4.86503E-03  0.00000E+00            126.SB 51.  82  30
 231  4.15622E-05  4.90497E-03  4.90497E-03  0.00000E+00            126.SB 51.  83  31
 232  6.50145E-05  4.90588E-03  4.90588E-03  0.00000E+00            126.SB 51.  84  32
 241  2.53494E-08  2.78500E-04  2.78500E-04  0.00000E+00            126.SB 51.  85  41
 242  2.13118E-03  3.62711E-03  3.62711E-03  0.00000E+00            126.SB 51.  86  42
 243  2.90618E-05  3.80335E-03  3.80335E-03  0.00000E+00            126.SB 51.  87  43
 244  3.65162E-02  4.02446E-03  4.02446E-03  0.00000E+00            126.SB 51.  88  44
 245  2.82020E-04  4.44388E-03  4.44388E-03  0.00000E+00            126.SB 51.  89  45
 246  3.06801E-06  4.49729E-03  4.49729E-03  0.00000E+00            126.SB 51.  90  46
 247  4.96722E-03  4.56748E-03  4.56748E-03  0.00000E+00            126.SB 51.  91  47
 249  2.94392E-05  4.59974E-03  4.59974E-03  0.00000E+00            126.SB 51.  92  49
 250  1.84606E-07  4.60991E-03  4.60991E-03  0.00000E+00            126.SB 51.  93  50
 261  7.35250E-03  3.34861E-03  3.34861E-03  0.00000E+00            126.SB 51.  94  61
 262  3.90253E-05  3.47261E-03  3.47261E-03  0.00000E+00            126.SB 51.  95  62
 263  3.64420E-05  3.52484E-03  3.52484E-03  0.00000E+00            126.SB 51.  96  63
 264  7.04850E-03  3.74596E-03  3.74596E-03  0.00000E+00            126.SB 51.  97  64
 265  6.24939E-02  3.75695E-03  3.75695E-03  0.00000E+00            126.SB 51.  98  65
 266  5.95688E-04  4.16537E-03  4.16537E-03  0.00000E+00            126.SB 51.  99  66
 267  2.94734E-06  4.20872E-03  4.20872E-03  0.00000E+00            126.SB 51. 100  67
 268  2.82154E-06  4.21879E-03  4.21879E-03  0.00000E+00            126.SB 51. 101  68
 269  9.36656E-04  4.28899E-03  4.28899E-03  0.00000E+00            126.SB 51. 102  69
 270  8.33627E-03  4.29052E-03  4.29052E-03  0.00000E+00            126.SB 51. 103  70
 273  7.33896E-05  4.32125E-03  4.32125E-03  0.00000E+00            126.SB 51. 104  73
 274  1.84572E-07  4.33049E-03  4.33049E-03  0.00000E+00            126.SB 51. 105  74
 275  1.69083E-07  4.33139E-03  4.33139E-03  0.00000E+00            126.SB 51. 106  75
 291  6.75975E-03  5.33339E-04  5.33339E-04  0.00000E+00            126.SB 51. 107  91
 292  1.58432E-04  7.62527E-05  7.62527E-05  0.00000E+00            126.SB 51. 108  92
 294  2.34175E+01  1.36106E-05  1.36106E-05  0.00000E+00            126.SB 51. 109  94
 7 1  1.26997E-01  2.26653E-02  2.26653E-02  0.00000E+00            126.SB 51. 110   1
 7 2  5.59348E-02  2.65056E-02  2.65056E-02  0.00000E+00            126.SB 51. 111   2
 7 3  5.89056E-03  3.03461E-02  3.03461E-02  0.00000E+00            126.SB 51. 112   3
 7 4  2.31187E-01  2.89947E-04  2.89947E-04  0.00000E+00            126.SB 51. 113   4
 7 5  1.16297E+00  3.08216E-03  3.08216E-03  0.00000E+00            126.SB 51. 114   5
 7 6  3.29217E-01  3.67581E-03  3.67581E-03  0.00000E+00            126.SB 51. 115   6
 7 7  2.32650E-02  4.29137E-03  4.29137E-03  0.00000E+00            126.SB 51. 116   7
 7 8  1.30979E+00  1.21260E-04  1.21260E-04  0.00000E+00            126.SB 51. 117   8
 7 9  2.95892E+00  4.49288E-04  4.49288E-04  0.00000E+00            126.SB 51. 118   9
 710  1.13884E-01  5.40542E-04  5.40542E-04  0.00000E+00            126.SB 51. 119  10
 711  4.25128E-04  6.84770E-04  6.84770E-04  0.00000E+00            126.SB 51. 120  11
 712  3.81027E+00  2.49367E-05  2.49367E-05  0.00000E+00            126.SB 51. 121  12
 713  1.14440E+01  2.29205E-05  2.29205E-05  0.00000E+00            126.SB 51. 122  13
 1 1  4.29158E-05  1.77000E-02  1.77000E-02  0.00000E+00            126.SB 51. 123   1
 6 5  4.24297E-02  1.30263E-02  1.30263E-02  1.00000E+00            126.SB 51. 124   5
 6 6  4.27763E+00  1.33140E-02  1.33140E-02  1.00000E+00            126.SB 51. 125   6
 6 7  6.48492E+00  1.35695E-02  1.35695E-02  1.00000E+00            126.SB 51. 126   7
 6 3  2.64627E+00  1.69383E-02  1.69383E-02  1.00000E+00            126.SB 51. 127   3
 6 4  5.48708E-01  1.77000E-02  1.77000E-02  1.00000E+00            126.SB 51. 128   4
 221  8.57042E-07  2.87700E-04  2.87700E-04  0.00000E+00            126.SB 51. 129  21
 222  1.24710E-05  5.43200E-04  5.43200E-04  0.00000E+00            126.SB 51. 130  22
 223  4.96173E-04  3.86454E-03  3.86454E-03  0.00000E+00            126.SB 51. 131  23
 224  8.01162E-04  3.91201E-03  3.91201E-03  0.00000E+00            126.SB 51. 132  24
 225  6.54182E-06  4.12591E-03  4.12591E-03  0.00000E+00            126.SB 51. 133  25
 226  9.76355E-06  4.13585E-03  4.13585E-03  0.00000E+00            126.SB 51. 134  26
 227  9.95872E-05  4.55667E-03  4.55667E-03  0.00000E+00            126.SB 51. 135  27
 228  1.63860E-04  4.56559E-03  4.56559E-03  0.00000E+00            126.SB 51. 136  28
 229  6.98822E-07  4.63183E-03  4.63183E-03  0.00000E+00            126.SB 51. 137  29
 230  1.05536E-06  4.63316E-03  4.63316E-03  0.00000E+00            126.SB 51. 138  30
 231  4.11133E-06  4.66597E-03  4.66597E-03  0.00000E+00            126.SB 51. 139  31
 232  6.43235E-06  4.66668E-03  4.66668E-03  0.00000E+00            126.SB 51. 140  32
 241  1.56498E-07  2.55500E-04  2.55500E-04  0.00000E+00            126.SB 51. 141  41
 242  1.60973E-02  3.45701E-03  3.45701E-03  0.00000E+00            126.SB 51. 142  42
 243  2.13669E-04  3.62430E-03  3.62430E-03  0.00000E+00            126.SB 51. 143  43
 244  2.63369E-01  3.83821E-03  3.83821E-03  0.00000E+00            126.SB 51. 144  44
 245  2.03897E-03  4.22772E-03  4.22772E-03  0.00000E+00            126.SB 51. 145  45
 246  2.06031E-05  4.27787E-03  4.27787E-03  0.00000E+00            126.SB 51. 146  46
 247  3.38772E-02  4.34413E-03  4.34413E-03  0.00000E+00            126.SB 51. 147  47
 249  1.94425E-04  4.37007E-03  4.37007E-03  0.00000E+00            126.SB 51. 148  49
 250  8.09194E-07  4.37898E-03  4.37898E-03  0.00000E+00            126.SB 51. 149  50
 261  4.79783E-02  3.20153E-03  3.20153E-03  0.00000E+00            126.SB 51. 150  61
 262  2.49546E-04  3.32135E-03  3.32135E-03  0.00000E+00            126.SB 51. 151  62
 263  2.33391E-04  3.36880E-03  3.36880E-03  0.00000E+00            126.SB 51. 152  63
 264  4.45296E-02  3.58271E-03  3.58271E-03  0.00000E+00            126.SB 51. 153  64
 265  3.94870E-01  3.59265E-03  3.59265E-03  0.00000E+00            126.SB 51. 154  65
 266  3.72522E-03  3.97222E-03  3.97222E-03  0.00000E+00            126.SB 51. 155  66
 267  1.73958E-05  4.01348E-03  4.01348E-03  0.00000E+00            126.SB 51. 156  67
 268  1.66282E-05  4.02238E-03  4.02238E-03  0.00000E+00            126.SB 51. 157  68
 269  5.60639E-03  4.08862E-03  4.08862E-03  0.00000E+00            126.SB 51. 158  69
 270  4.98398E-02  4.08994E-03  4.08994E-03  0.00000E+00            126.SB 51. 159  70
 273  4.20553E-04  4.11458E-03  4.11458E-03  0.00000E+00            126.SB 51. 160  73
 274  7.15786E-07  4.12277E-03  4.12277E-03  0.00000E+00            126.SB 51. 161  74
 275  6.51094E-07  4.12348E-03  4.12348E-03  0.00000E+00            126.SB 51. 162  75
 291  3.98234E-02  4.97612E-04  4.97612E-04  0.00000E+00            126.SB 51. 163  91
 292  8.64724E-04  6.92961E-05  6.92961E-05  0.00000E+00            126.SB 51. 164  92
 294  1.57599E+02  1.22315E-05  1.22315E-05  0.00000E+00            126.SB 51. 165  94
 7 4  7.58140E-01  1.82107E-04  1.82107E-04  0.00000E+00            126.SB 51. 166   4
 7 5  7.71704E+00  2.94540E-03  2.94540E-03  0.00000E+00            126.SB 51. 167   5
 7 6  2.08090E+00  3.49608E-03  3.49608E-03  0.00000E+00            126.SB 51. 168   6
 7 7  1.42160E-01  4.06499E-03  4.06499E-03  0.00000E+00            126.SB 51. 169   7
 7 8  8.63259E+00  1.24650E-04  1.24650E-04  0.00000E+00            126.SB 51. 170   8
 7 9  2.02841E+01  4.21430E-04  4.21430E-04  0.00000E+00            126.SB 51. 171   9
 710  6.07938E-01  5.00364E-04  5.00364E-04  0.00000E+00            126.SB 51. 172  10
 711  1.42041E-03  6.32019E-04  6.32019E-04  0.00000E+00            126.SB 51. 173  11
 712  2.57245E+01  2.75138E-05  2.75138E-05  0.00000E+00            126.SB 51. 174  12
 713  7.76243E+01  1.68817E-05  1.68817E-05  0.00000E+00            126.SB 51. 175  13
%%%% 126 SB  51 M  B- IT        1.14900E+03 19.15 M    02-11-2005       SEEIEND 
 


   ***************************************************** 
   *                 Radiation Summary                 * 
   ***************************************************** 
 
  Energy released by
    Gamma-ray                       (MeV) =   1.54786E+00
    X-ray                           (MeV) =   4.21215E-04
    Free-bound X-ray                (MeV) =   2.24639E-05
    Annihilation photon             (MeV) =   0.00000E+00
    Beta+ particle                  (MeV) =   0.00000E+00
    Neutrino                        (MeV) =   0.00000E+00
    Beta- particle                  (MeV) =   6.20850E-01
    Neutrino-                       (MeV) =   9.85162E-01
    Internal conv. electron         (MeV) =   1.07620E-02
    Auger and CK electron           (MeV) =   5.40770E-04
    Alpha particle                  (MeV) =   0.00000E+00
    Recoil nucleus                  (MeV) =   0.00000E+00
  E-total (except unplaced radiat.) (MeV) =   3.16561E+00
  E-unplaced radiation              (MeV) =   0.00000E+00
  Q-value from ENSDF data           (MeV) =   3.17648E+00
  Ratio of E-total/Q-value          ( % ) =   9.96579E+01
  Ratio of E-unplaced radi./Q-value ( % ) =   0.00000E+00

 
  Total yield of
    Gamma-ray                             =   2.59076E+00
    X-ray                                 =   2.42150E-02
    Free-bound X-ray                      =   1.81016E+00
    Annihilation photon                   =   0.00000E+00
    Beta+ particle                        =   0.00000E+00
    Beta- particle                        =   8.60000E-01
    Internal conv. electron               =   1.58342E-01
    Auger and CK electron                 =   1.65146E+00
    Alpha particle                        =   0.00000E+00
  Yield of unplaced radiation             =   0.00000E+00


