%%%% 127 SB  51    B-           3.32640E+05 3.85 D     02-11-2005       BALASTAR
1 127   SB  51 3.85 D          B-         
           WARNING:                                                                             
 127 TE 52  GAMMA-RAY ENERGY =   0.15300 MEV                                                    
           HALF-LIFE OF INITIAL LEVEL ASSOCIATED WITH GAMMA-RAY TOO SHORT TO BE                 
           CONSIDERED ISOMERIC, AND INTENSITY = 0.0                                             
           TRANSITION IGNORED                                                                   
1INTENSITY AND ENERGY BALANCE DATA

              127-ANTIMONY-51
+                                    HALFLIFE = 3.85 DAYS    
+                                                                  02-11-2005


    LEVEL       INTENSITY   INTENSITY
    ENERGY      ENTERING    LEAVING     PERCENT
    (MEV)       LEVEL       LEVEL       ERROR

   0.0000E+00  8.6846E+01
   6.1120E-02  6.5423E+00  6.4400E+00  1.5758E+00                      
   8.8260E-02  1.7680E+01  0.0000E+00  2.0000E+02  ********************
   3.4060E-01  8.5290E+00  9.0608E+00  6.0472E+00                      
   4.7327E-01  3.0034E+01  2.9963E+01  2.3907E-01                      
   5.0290E-01  1.7250E+00  1.4885E+00  1.4723E+01  ********************
   6.3150E-01  5.0760E+00  5.0651E+00  2.1528E-01                      
   6.8550E-01  3.6889E+01  3.6999E+01  2.9864E-01                      
   7.6370E-01  0.0000E+00  7.3856E-02  2.0000E+02  ********************
   7.8340E-01  1.8002E+01  1.8013E+01  6.0428E-02                      
   7.8580E-01  4.5004E+00  8.2281E+00  5.8572E+01  ********************
   9.2450E-01  1.3001E+00  1.3322E+00  2.4372E+00                      
   1.0770E+00  5.4005E+00  5.4535E+00  9.7580E-01                      
   1.1409E+00  1.5502E+00  1.6637E+00  7.0663E+00                      
   1.1554E+00  9.0009E-01  9.6489E-01  6.9494E+00                      
   1.2903E+00  7.7008E-01  7.7439E-01  5.5863E-01                      
   1.3234E+00  0.0000E+00  2.2130E-01  2.0000E+02  ********************
   1.3779E+00  7.0007E-02  7.3667E-02  5.0955E+00                      


 INTENSITY TO GROUND AND ISOMERIC STATE(S) OF DAUGHTER(S)=  1.045E+02
 TOTAL INTENSITY FROM PARENT=  1.000E+02
 PERCENT ERROR =  4.330E+00                      


 TOTAL INTENSITY FROM PARENT =  1.000E+02
 VALUE IS WITHIN   7.63E-06% OF 100                      


 TOTAL ENERGY AVAILABLE =  1.581E+00 MEV
 TOTAL ENERGY CONTENT OF ALL RADIATIONS =  1.618E+00 MEV
 PERCENT ERROR =  2.278E+00                      
%%%% 127 SB  51    B-           3.32640E+05 3.85 D     02-11-2005       BALAEND 
%%%% 127 SB  51    B-           3.32640E+05 3.85 D     02-11-2005       INPUSTAR
1                                      **INPUT DATA**
              127-ANTIMONY-51
+                                    HALFLIFE = 3.85 DAYS    
+                                                                  02-11-2005

            MODE OF DECAY: BETA MINUS
 
                                MEAN
                                NUMBER/    TRANSITION
                TYPE OF    ID   TRANSFOR-  ENERGY
              TRANSITION   NO.  MATION     (MEV)       OTHER NUCLEAR PARAMETERS

               BETA MINUS   1   7.00E-04   2.031E-01*  SECOND FORBIDDEN                         
               BETA MINUS   2   7.70E-03   2.907E-01*  ALLOWED                                  
               BETA MINUS   3   9.00E-03   4.256E-01*  ALLOWED                                  
+                                                              ASSUMED                          
               BETA MINUS   4   1.55E-02   4.401E-01*  ALLOWED                                  
               BETA MINUS   5   5.40E-02   5.040E-01*  ALLOWED                                  
               BETA MINUS   6   1.30E-02   6.565E-01*  ALLOWED                                  
               BETA MINUS   7   4.50E-02   7.952E-01*  ALLOWED                                  
+                                                              ASSUMED                          
               BETA MINUS   8   1.80E-01   7.976E-01*  ALLOWED                                  
               BETA MINUS   9   3.58E-01   8.955E-01*  ALLOWED                                  
               BETA MINUS  10   4.60E-02   9.495E-01*  FIRST FORBIDDEN                          
               BETA MINUS  11   2.34E-01   1.108E+00*  ALLOWED                                  
               BETA MINUS  12   1.70E-02   1.240E+00*  FIRST FORBIDDEN                          
               BETA MINUS  13   2.00E-02   1.493E+00*  UNIQUE FIRST FORBIDDEN                   
           I.C.E. + GAMMA   1   6.44E-02   6.110E-02   M1+E2 MULTIPOLE                          
                                                       MRS=0.102     AK= 2.71                   
                                                       AL1=0.308     AL2=0.160                  
                                                       AL3=0.188     AM= 0.136                  
                                                       AN+=0.0309                               
           I.C.E. + GAMMA   4   1.78E-03   1.543E-01   M1 MULTIPOLE ASSUMED                     
                                                       AK= 0.178     AL1=0.0213                 
                                                       AL2=0.00134   AM= 0.00461                
                                                       AN+=0.00110                              
           I.C.E. + GAMMA   5   9.06E-02   2.524E-01   M1 MULTIPOLE                             
+                                                                    MRS=4.41                   
                                                       AK= 0.0544    AL1=0.00584                
                                                       AL2=0.00177   AL3=0.00155                
                                                       AM= 0.00187                              
           I.C.E. + GAMMA   6   6.90E-03   2.804E-01   M1+E2 MULTIPOLE                          
                                                       AK= 0.0359    AL1=0.00427                
           I.C.E. + GAMMA   7   2.10E-02   2.908E-01   M1+E2 MULTIPOLE                          
                                                       MRS=0.160     AK= 0.0330                 
                                                       AL1=0.00387                              
           I.C.E. + GAMMA   8   2.98E-03   2.933E-01   E1+M2 MULTIPOLE                          
                                                       MRS=0.0144    AK= 0.0106                 
                                                       AL1=0.00120                              
           I.C.E. + GAMMA   9   2.66E-03   3.100E-01   M1+E2 MULTIPOLE                          
                                                       AK= 0.0277    AL1=0.00329                
           I.C.E. + GAMMA  10   9.74E-03   3.918E-01   M1 MULTIPOLE                             
+                                                                    MRS=0.0225                 
                                                       AK= 0.0152    AL1=0.00180                
           I.C.E. + GAMMA  11   3.88E-02   4.121E-01   E2 MULTIPOLE                             
+                                                                    AK= 0.0121                 
                                                       AL1=0.00134                              
           I.C.E. + GAMMA  12   7.08E-03   4.410E-01   M1 MULTIPOLE                             
+                                                                    AK= 0.0113                 
                                                       AL1=0.00134                              
           I.C.E. + GAMMA  13   4.40E-02   4.451E-01   M1 MULTIPOLE ASSUMED                     
                                                       MRS=1.00      AK= 0.0104                 
                                                       AL1=0.00119                              
           I.C.E. + GAMMA  14   1.86E-03   4.510E-01   M1+E2 MULTIPOLE                          
                                                       AK= 0.0107    AL1=0.00127                
           I.C.E. + GAMMA  15   1.12E-03   4.560E-01   M1 MULTIPOLE                             
+                                                                    AK= 0.0104                 
                                                       AL1=0.00124                              
           I.C.E. + GAMMA  16   2.61E-01   4.730E-01   M1+E2 MULTIPOLE                          
                                                       MRS=0.0100    AK= 0.00951                
                                                       AL1=0.00113                              
           I.C.E. + GAMMA  17   7.80E-03   5.028E-01   M1 MULTIPOLE                             
+                                                                    AK= 0.00819                
           I.C.E. + GAMMA  18   2.96E-02   5.433E-01   E2 MULTIPOLE                             
+                                                                    AK= 0.00556                
           I.C.E. + GAMMA  19   3.32E-03   5.842E-01   E1 MULTIPOLE                             
+                                                                    AK= 0.00163                
           I.C.E. + GAMMA  20   4.48E-02   6.035E-01   M1 MULTIPOLE                             
+                                                                    AK= 0.00526                
           I.C.E. + GAMMA  21   6.90E-04   6.240E-01   M3 MULTIPOLE                             
+                                                                    AK= 0.0355                 
                                                       AL1=0.00463   AM= 0.00108                
           I.C.E. + GAMMA  22   4.44E-03   6.378E-01   M1+E2 MULTIPOLE                          
                                                       AK= 0.00461                              
           I.C.E. + GAMMA  23   3.70E-03   6.523E-01   M1 MULTIPOLE ASSUMED                     
                                                       AK= 0.00437                              
           I.C.E. + GAMMA  24   7.40E-03   6.675E-01   M1 MULTIPOLE                             
+                                                                    AK= 0.00414                
           I.C.E. + GAMMA  25   5.55E-03   6.823E-01   M1 MULTIPOLE ASSUMED                     
                                                       AK= 0.00393                              
           I.C.E. + GAMMA  26   3.69E-01   6.857E-01   E2 MULTIPOLE                             
+                                                                    AK= 0.00304                
           I.C.E. + GAMMA  27   3.66E-02   6.985E-01   E2 MULTIPOLE ASSUMED                     
                                                       AK= 0.00290                              
           I.C.E. + GAMMA  28   1.88E-02   7.222E-01   E2 MULTIPOLE                             
+                                                                    AK= 0.00267                
           I.C.E. + GAMMA  29   1.47E-03   7.459E-01   UNPLACED GAMMA                           
           I.C.E. + GAMMA  30   7.39E-04   7.637E-01   M1 MULTIPOLE                             
+                                                                    AK= 0.00301                
           I.C.E. + GAMMA  31   1.52E-01   7.837E-01   M1+E2 MULTIPOLE                          
                                                       AK= 0.00284                              
           I.C.E. + GAMMA  32   4.06E-03   8.170E-01   M1 MULTIPOLE                             
+                                                                    AK= 0.00257                
           I.C.E. + GAMMA  33   2.21E-03   8.206E-01   E2 MULTIPOLE ASSUMED                     
                                                       AK= 0.00197                              
           I.C.E. + GAMMA  34   5.16E-03   9.244E-01   E2 MULTIPOLE                             
+                                                                    AK= 0.00150                
           I.C.E. + GAMMA  35   3.69E-03   1.142E+00   M1 MULTIPOLE                             
+                                                                    AK= 0.00120                
           I.C.E. + GAMMA  36   4.05E-04   1.155E+00   M1 MULTIPOLE ASSUMED                     
                                                       AK= 0.00117                              
           I.C.E. + GAMMA  37   3.68E-03   1.290E+00   M1 MULTIPOLE                             
           I.C.E. + GAMMA  38   7.37E-04   1.378E+00   M1 MULTIPOLE                             
 
           * ENDPOINT ENERGY (MEV)
           - - - - - - - - - -
           Reference: Evaluated Nuclear Structure Data File (ENSDF)
                DATE DATA WERE ENTERED INTO ENSDF: Jan-1996
%%%% 127 SB  51    B-           3.32640E+05 3.85 D     02-11-2005       INPUEND 
%%%% 127 SB  51    B-           3.32640E+05 3.85 D     02-11-2005       OUTPSTAR
1                                      **OUTPUT DATA**
              127-ANTIMONY-51
+                                    HALFLIFE = 3.85 DAYS    
+                                                                  02-11-2005

            MODE OF DECAY: BETA MINUS
 
                                              MEAN
                                              NUMBER/                  MEV/
                                         ID   TRANSFOR-   ENERGY       TRANSFOR-
                  TYPE OF RADIATION      NO.  MATION      (MEV)        MATION

           BETA MINUS                     2   7.70E-03    8.289E-02*   6.38E-04
           BETA MINUS                     3   9.00E-03    1.276E-01*   1.15E-03
           BETA MINUS                     4   1.55E-02    1.326E-01*   2.05E-03
           BETA MINUS                     5   5.40E-02    1.550E-01*   8.37E-03
           BETA MINUS                     6   1.30E-02    2.108E-01*   2.74E-03
           BETA MINUS                     7   4.50E-02    2.641E-01*   1.19E-02
           BETA MINUS                     8   1.80E-01    2.651E-01*   4.77E-02
           BETA MINUS                     9   3.58E-01    3.039E-01*   1.09E-01
           BETA MINUS                    10   4.60E-02    3.256E-01*   1.50E-02
           BETA MINUS                    11   2.34E-01    3.907E-01*   9.14E-02
           BETA MINUS                    12   1.70E-02    4.465E-01*   7.59E-03
           BETA MINUS                    13   2.00E-02    5.619E-01*   1.12E-02
           GAMMA-RAY                      1   1.42E-02    6.110E-02    8.69E-04
           K CONV. ELECTRON, GAMMA-RAY    1   3.85E-02    2.930E-02    1.13E-03
           GAMMA-RAY                      5   8.50E-02    2.524E-01    2.15E-02
           K CONV. ELECTRON, GAMMA-RAY    5   4.63E-03    2.206E-01    1.02E-03
           GAMMA-RAY                      6   6.62E-03    2.804E-01    1.86E-03
           GAMMA-RAY                      7   2.02E-02    2.908E-01    5.89E-03
           GAMMA-RAY                      8   2.94E-03    2.933E-01    8.63E-04
           GAMMA-RAY                      9   2.58E-03    3.100E-01    7.99E-04
           GAMMA-RAY                     10   9.57E-03    3.918E-01    3.75E-03
           GAMMA-RAY                     11   3.83E-02    4.121E-01    1.58E-02
           GAMMA-RAY                     12   6.99E-03    4.410E-01    3.08E-03
           GAMMA-RAY                     13   4.34E-02    4.451E-01    1.93E-02
           GAMMA-RAY                     14   1.84E-03    4.510E-01    8.30E-04
           GAMMA-RAY                     16   2.58E-01    4.730E-01    1.22E-01
           K CONV. ELECTRON, GAMMA-RAY   16   2.45E-03    4.412E-01    1.08E-03
           GAMMA-RAY                     17   7.73E-03    5.028E-01    3.89E-03
           GAMMA-RAY                     18   2.94E-02    5.433E-01    1.60E-02
           GAMMA-RAY                     19   3.31E-03    5.842E-01    1.93E-03
           GAMMA-RAY                     20   4.45E-02    6.035E-01    2.69E-02
           GAMMA-RAY                     22   4.42E-03    6.378E-01    2.82E-03
           GAMMA-RAY                     23   3.68E-03    6.523E-01    2.40E-03
           GAMMA-RAY                     24   7.36E-03    6.675E-01    4.91E-03
           GAMMA-RAY                     25   5.52E-03    6.823E-01    3.77E-03
           GAMMA-RAY                     26   3.68E-01    6.857E-01    2.52E-01
           K CONV. ELECTRON, GAMMA-RAY   26   1.12E-03    6.539E-01    7.31E-04
           GAMMA-RAY                     27   3.64E-02    6.985E-01    2.54E-02
           GAMMA-RAY                     28   1.88E-02    7.222E-01    1.36E-02
           GAMMA-RAY                     29   1.47E-03    7.459E-01    1.10E-03
           GAMMA-RAY                     31   1.51E-01    7.837E-01    1.19E-01
           K CONV. ELECTRON, GAMMA-RAY   31   4.29E-04    7.519E-01    3.23E-04
           GAMMA-RAY                     32   4.05E-03    8.170E-01    3.31E-03
           GAMMA-RAY                     33   2.21E-03    8.206E-01    1.81E-03
           GAMMA-RAY                     34   5.15E-03    9.244E-01    4.76E-03
           GAMMA-RAY                     35   3.68E-03    1.142E+00    4.20E-03
           GAMMA-RAY                     37   3.68E-03    1.290E+00    4.75E-03
           GAMMA-RAY                     38   7.36E-04    1.378E+00    1.01E-03
 
           ALL LISTED X-RAYS, GAMMA-RAYS AND ANNIHILATION RADIATION    6.90E-01
           ALL NEGLECTED X-RAYS, GAMMA-RAYS AND ANNIH. RADIATION**     3.44E-03
           ALL LISTED BETAS, INTERNAL CONVERSION AND AUGER ELECTRONS   3.13E-01
           ALL NEGLECTED BETAS, INT. CONVERSION AND AUGER ELECTRONS**  3.13E-03
           ALL LISTED RADIATIONS                                       1.00E+00
           ALL NEGLECTED RADIATIONS**                                  6.57E-03
 
           *  AVERAGE ENERGY (MEV)
           ** EACH NEGLECTED TRANSITION CONTRIBUTES LESS THAN  0.100%
              TO THE TOTAL MEV/TRANSFORMATION FOR THIS CATEGORY.
           TOTAL FEEDING OF 0.088260 MEV ISOMERIC LEVEL IN 127-TELLURIUM   
             DAUGHTER IS 1.7680E-01 PER TRANSFORMATION OF 127-ANTIMONY.
             DECAY OF THIS 109 DAYS HALFLIFE LEVEL WILL CONTRIBUTE TO DOSE.
           TOTAL FEEDING OF GROUND STATE LEVEL IN 127-TELLURIUM
             DAUGHTER IS 8.2320E-01 PER TRANSFORMATION OF 127-ANTIMONY.
             DECAY OF THIS 9.35 HOURS HALFLIFE LEVEL WILL CONTRIBUTE TO DOSE.
           - - - - - - - - - -
           INPUT DATA SOURCE: EVALUATED NUCLEAR STRUCTURE DATA FILE (ENSDF)
             DATE INPUT DATA WERE ENTERED INTO ENSDF: Jan-1996
%%%% 127 SB  51    B-           3.32640E+05 3.85 D     02-11-2005       OUTPEND 
%%%% 127 SB  51    B-           3.32640E+05 3.85 D     02-11-2005       BETASTAR
1
              127-ANTIMONY-51
+                                    HALFLIFE = 3.85 DAYS    
+                                                                  02-11-2005

            BETA SPECTRUM DATA FOR ALL DECAY BRANCHES

                      BETAS PER                BETAS PER                BETAS PER
            ENERGY    MEV            ENERGY    MEV            ENERGY    MEV
            (MEV)     PER DECAY      (MEV)     PER DECAY      (MEV)     PER DECAY

            0.00000   1.853E+00      0.00260   1.849E+00      0.07500   1.878E+00
            0.00010   1.853E+00      0.00280   1.849E+00      0.08000   1.879E+00
            0.00011   1.853E+00      0.00300   1.849E+00      0.08500   1.879E+00
            0.00012   1.853E+00      0.00320   1.849E+00      0.09000   1.880E+00
            0.00013   1.853E+00      0.00360   1.848E+00      0.10000   1.879E+00
            0.00014   1.853E+00      0.00400   1.847E+00      0.11000   1.877E+00
            0.00015   1.853E+00      0.00450   1.846E+00      0.12000   1.874E+00
            0.00016   1.853E+00      0.00500   1.846E+00      0.13000   1.869E+00
            0.00018   1.853E+00      0.00550   1.845E+00      0.14000   1.863E+00
            0.00020   1.853E+00      0.00600   1.844E+00      0.15000   1.855E+00
            0.00022   1.853E+00      0.00650   1.843E+00      0.16000   1.846E+00
            0.00024   1.853E+00      0.00700   1.843E+00      0.18000   1.825E+00
            0.00026   1.853E+00      0.00750   1.842E+00      0.20000   1.798E+00
            0.00028   1.853E+00      0.00800   1.841E+00      0.22000   1.767E+00
            0.00030   1.853E+00      0.00850   1.840E+00      0.24000   1.731E+00
            0.00032   1.853E+00      0.00900   1.841E+00      0.26000   1.691E+00
            0.00036   1.853E+00      0.01000   1.842E+00      0.28000   1.647E+00
            0.00040   1.853E+00      0.01100   1.843E+00      0.30000   1.601E+00
            0.00045   1.853E+00      0.01200   1.844E+00      0.32000   1.550E+00
            0.00050   1.853E+00      0.01300   1.845E+00      0.36000   1.441E+00
            0.00055   1.853E+00      0.01400   1.846E+00      0.40000   1.323E+00
            0.00060   1.852E+00      0.01500   1.847E+00      0.45000   1.171E+00
            0.00065   1.852E+00      0.01600   1.848E+00      0.50000   1.017E+00
            0.00070   1.852E+00      0.01800   1.850E+00      0.55000   8.621E-01
            0.00075   1.852E+00      0.02000   1.851E+00      0.60000   7.043E-01
            0.00080   1.852E+00      0.02200   1.853E+00      0.65000   5.513E-01
            0.00085   1.852E+00      0.02400   1.854E+00      0.70000   4.103E-01
            0.00090   1.852E+00      0.02600   1.856E+00      0.75000   2.888E-01
            0.00100   1.852E+00      0.02800   1.857E+00      0.80000   1.958E-01
            0.00110   1.852E+00      0.03000   1.859E+00      0.85000   1.290E-01
            0.00120   1.852E+00      0.03200   1.860E+00      0.90000   8.589E-02
            0.00130   1.851E+00      0.03600   1.862E+00      1.00000   3.555E-02
            0.00140   1.851E+00      0.04000   1.865E+00      1.10000   1.117E-02
            0.00150   1.851E+00      0.04500   1.867E+00      1.20000   6.560E-03
            0.00160   1.851E+00      0.05000   1.870E+00      1.30000   3.425E-03
            0.00180   1.851E+00      0.05500   1.872E+00      1.40000   9.764E-04
            0.00200   1.850E+00      0.06000   1.874E+00      1.49274   0.000E+00
            0.00220   1.850E+00      0.06500   1.875E+00
            0.00240   1.850E+00      0.07000   1.877E+00

            AVERAGE BETA ENERGY =   3.086E-01

            TOTAL BETAS PER DECAY FOR ALL BRANCHES =   1.000E+00
%%%% 127 SB  51    B-           3.32640E+05 3.85 D     02-11-2005       BETAEND 
%%%% 127 SB  51    B-           3.32640E+05 3.85 D     02-11-2005       SEEISTAR
127.  ANTIMONY     51.  3.850E+00 DAYS     321 B-                   127.SB 51.   0
 5 1  7.00070E-02  6.75158E-02  2.03100E-01  1.00000E+00            127.SB 51.   1   1
 5 2  7.70077E-01  8.28874E-02  2.90700E-01  0.00000E+00            127.SB 51.   2   2
 5 3  9.00090E-01  1.27557E-01  4.25600E-01  0.00000E+00            127.SB 51.   3   3
 5 4  1.55015E+00  1.32552E-01  4.40100E-01  0.00000E+00            127.SB 51.   4   4
 5 5  5.40054E+00  1.54967E-01  5.04000E-01  0.00000E+00            127.SB 51.   5   5
 5 6  1.30013E+00  2.10843E-01  6.56500E-01  0.00000E+00            127.SB 51.   6   6
 5 7  4.50045E+00  2.64125E-01  7.95200E-01  0.00000E+00            127.SB 51.   7   7
 5 8  1.80018E+01  2.65065E-01  7.97600E-01  0.00000E+00            127.SB 51.   8   8
 5 9  3.58036E+01  3.03869E-01  8.95500E-01  0.00000E+00            127.SB 51.   9   9
 510  4.60046E+00  3.25635E-01  9.49500E-01  0.00000E+00            127.SB 51.  10  10
 511  2.34023E+01  3.90699E-01  1.10773E+00  0.00000E+00            127.SB 51.  11  11
 512  1.70017E+00  4.46526E-01  1.24040E+00  0.00000E+00            127.SB 51.  12  12
 513  2.00020E+00  5.61858E-01  1.49274E+00  1.00000E+00            127.SB 51.  13  13
 1 1  1.42169E+00  6.11000E-02  6.11000E-02  0.00000E+00            127.SB 51.  14   1
 6 1  3.84772E+00  2.92950E-02  2.92950E-02  1.00000E+00            127.SB 51.  15   1
 6 5  4.38011E-01  5.61858E-02  5.61858E-02  1.00000E+00            127.SB 51.  16   5
 6 6  2.28178E-01  5.64818E-02  5.64818E-02  1.00000E+00            127.SB 51.  17   6
 6 7  2.66965E-01  5.67603E-02  5.67603E-02  1.00000E+00            127.SB 51.  18   7
 6 3  1.93541E-01  6.02852E-02  6.02852E-02  1.00000E+00            127.SB 51.  19   3
 6 4  4.38890E-02  6.11000E-02  6.11000E-02  1.00000E+00            127.SB 51.  20   4
 1 4  1.47200E-01  1.54300E-01  1.54300E-01  0.00000E+00            127.SB 51.  21   4
 6 1  2.61444E-02  1.22495E-01  1.22495E-01  4.00000E+00            127.SB 51.  22   1
 6 5  3.13104E-03  1.49386E-01  1.49386E-01  4.00000E+00            127.SB 51.  23   5
 6 6  1.97387E-04  1.49682E-01  1.49682E-01  4.00000E+00            127.SB 51.  24   6
 6 7  4.94929E-05  1.49960E-01  1.49960E-01  4.00000E+00            127.SB 51.  25   7
 6 3  6.78168E-04  1.53485E-01  1.53485E-01  4.00000E+00            127.SB 51.  26   3
 6 4  1.62129E-04  1.54300E-01  1.54300E-01  4.00000E+00            127.SB 51.  27   4
 1 5  8.50080E+00  2.52400E-01  2.52400E-01  0.00000E+00            127.SB 51.  28   5
 6 1  4.62606E-01  2.20595E-01  2.20595E-01  5.00000E+00            127.SB 51.  29   1
 6 5  4.96836E-02  2.47486E-01  2.47486E-01  5.00000E+00            127.SB 51.  30   5
 6 6  1.50105E-02  2.47782E-01  2.47782E-01  5.00000E+00            127.SB 51.  31   6
 6 7  1.31617E-02  2.48060E-01  2.48060E-01  5.00000E+00            127.SB 51.  32   7
 6 3  1.58823E-02  2.51585E-01  2.51585E-01  5.00000E+00            127.SB 51.  33   3
 6 4  3.66729E-03  2.52400E-01  2.52400E-01  5.00000E+00            127.SB 51.  34   4
 1 6  6.62400E-01  2.80400E-01  2.80400E-01  0.00000E+00            127.SB 51.  35   6
 6 1  2.37611E-02  2.48595E-01  2.48595E-01  6.00000E+00            127.SB 51.  36   1
 6 5  2.82823E-03  2.75486E-01  2.75486E-01  6.00000E+00            127.SB 51.  37   5
 6 6  1.48902E-04  2.75782E-01  2.75782E-01  6.00000E+00            127.SB 51.  38   6
 6 7  3.82914E-05  2.76060E-01  2.76060E-01  6.00000E+00            127.SB 51.  39   7
 6 3  6.04236E-04  2.79585E-01  2.79585E-01  6.00000E+00            127.SB 51.  40   3
 6 4  1.44412E-04  2.80400E-01  2.80400E-01  6.00000E+00            127.SB 51.  41   4
 1 7  2.02400E+00  2.90800E-01  2.90800E-01  0.00000E+00            127.SB 51.  42   7
 6 1  6.68493E-02  2.58995E-01  2.58995E-01  7.00000E+00            127.SB 51.  43   1
 6 5  7.83354E-03  2.85886E-01  2.85886E-01  7.00000E+00            127.SB 51.  44   5
 6 6  6.67836E-04  2.86182E-01  2.86182E-01  7.00000E+00            127.SB 51.  45   6
 6 7  3.61674E-04  2.86460E-01  2.86460E-01  7.00000E+00            127.SB 51.  46   7
 6 3  1.78099E-03  2.89985E-01  2.89985E-01  7.00000E+00            127.SB 51.  47   3
 6 4  4.23005E-04  2.90800E-01  2.90800E-01  7.00000E+00            127.SB 51.  48   4
 1 8  2.94400E-01  2.93300E-01  2.93300E-01  0.00000E+00            127.SB 51.  49   8
 6 1  3.11290E-03  2.61495E-01  2.61495E-01  8.00000E+00            127.SB 51.  50   1
 6 5  3.52539E-04  2.88386E-01  2.88386E-01  8.00000E+00            127.SB 51.  51   5
 6 6  2.32909E-05  2.88682E-01  2.88682E-01  8.00000E+00            127.SB 51.  52   6
 6 7  2.51628E-05  2.88960E-01  2.88960E-01  8.00000E+00            127.SB 51.  53   7
 6 3  8.02022E-05  2.92485E-01  2.92485E-01  8.00000E+00            127.SB 51.  54   3
 6 4  1.90585E-05  2.93300E-01  2.93300E-01  8.00000E+00            127.SB 51.  55   4
 1 9  2.57600E-01  3.10000E-01  3.10000E-01  0.00000E+00            127.SB 51.  56   9
 6 1  7.12748E-03  2.78195E-01  2.78195E-01  9.00000E+00            127.SB 51.  57   1
 6 5  8.47235E-04  3.05086E-01  3.05086E-01  9.00000E+00            127.SB 51.  58   5
 6 6  4.30093E-05  3.05382E-01  3.05382E-01  9.00000E+00            127.SB 51.  59   6
 6 7  1.11678E-05  3.05660E-01  3.05660E-01  9.00000E+00            127.SB 51.  60   7
 6 3  1.80401E-04  3.09185E-01  3.09185E-01  9.00000E+00            127.SB 51.  61   3
 6 4  4.31302E-05  3.10000E-01  3.10000E-01  9.00000E+00            127.SB 51.  62   4
 110  9.56800E-01  3.91800E-01  3.91800E-01  0.00000E+00            127.SB 51.  63  10
 6 1  1.45496E-02  3.59995E-01  3.59995E-01  1.00000E+01            127.SB 51.  64   1
 6 5  1.72490E-03  3.86886E-01  3.86886E-01  1.00000E+01            127.SB 51.  65   5
 6 6  8.51363E-05  3.87182E-01  3.87182E-01  1.00000E+01            127.SB 51.  66   6
 6 7  2.61657E-05  3.87460E-01  3.87460E-01  1.00000E+01            127.SB 51.  67   7
 6 3  3.66550E-04  3.90985E-01  3.90985E-01  1.00000E+01            127.SB 51.  68   3
 6 4  8.76675E-05  3.91800E-01  3.91800E-01  1.00000E+01            127.SB 51.  69   4
 111  3.82720E+00  4.12100E-01  4.12100E-01  0.00000E+00            127.SB 51.  70  11
 6 1  4.64542E-02  3.80295E-01  3.80295E-01  1.10000E+01            127.SB 51.  71   1
 6 5  5.12744E-03  4.07186E-01  4.07186E-01  1.10000E+01            127.SB 51.  72   5
 6 6  9.95076E-04  4.07482E-01  4.07482E-01  1.10000E+01            127.SB 51.  73   6
 6 7  7.66390E-04  4.07760E-01  4.07760E-01  1.10000E+01            127.SB 51.  74   7
 6 3  1.39436E-03  4.11285E-01  4.11285E-01  1.10000E+01            127.SB 51.  75   3
 6 4  3.25732E-04  4.12100E-01  4.12100E-01  1.10000E+01            127.SB 51.  76   4
 112  6.99200E-01  4.41000E-01  4.41000E-01  0.00000E+00            127.SB 51.  77  12
 6 1  7.91923E-03  4.09195E-01  4.09195E-01  1.20000E+01            127.SB 51.  78   1
 6 5  9.39724E-04  4.36086E-01  4.36086E-01  1.20000E+01            127.SB 51.  79   5
 6 6  4.14368E-05  4.36382E-01  4.36382E-01  1.20000E+01            127.SB 51.  80   6
 6 7  1.12319E-05  4.36660E-01  4.36660E-01  1.20000E+01            127.SB 51.  81   7
 6 3  1.97819E-04  4.40185E-01  4.40185E-01  1.20000E+01            127.SB 51.  82   3
 6 4  4.73667E-05  4.41000E-01  4.41000E-01  1.20000E+01            127.SB 51.  83   4
 113  4.34240E+00  4.45100E-01  4.45100E-01  0.00000E+00            127.SB 51.  84  13
 6 1  4.50811E-02  4.13295E-01  4.13295E-01  1.30000E+01            127.SB 51.  85   1
 6 5  5.18759E-03  4.40186E-01  4.40186E-01  1.30000E+01            127.SB 51.  86   5
 6 6  5.37175E-04  4.40482E-01  4.40482E-01  1.30000E+01            127.SB 51.  87   6
 6 7  3.44460E-04  4.40760E-01  4.40760E-01  1.30000E+01            127.SB 51.  88   7
 6 3  1.21836E-03  4.44285E-01  4.44285E-01  1.30000E+01            127.SB 51.  89   3
 6 4  2.88454E-04  4.45100E-01  4.45100E-01  1.30000E+01            127.SB 51.  90   4
 114  1.84000E-01  4.51000E-01  4.51000E-01  0.00000E+00            127.SB 51.  91  14
 6 1  1.97104E-03  4.19195E-01  4.19195E-01  1.40000E+01            127.SB 51.  92   1
 6 5  2.33855E-04  4.46086E-01  4.46086E-01  1.40000E+01            127.SB 51.  93   5
 6 6  1.02136E-05  4.46382E-01  4.46382E-01  1.40000E+01            127.SB 51.  94   6
 6 7  2.77833E-06  4.46660E-01  4.46660E-01  1.40000E+01            127.SB 51.  95   7
 6 3  4.91979E-05  4.50185E-01  4.50185E-01  1.40000E+01            127.SB 51.  96   3
 6 4  1.17813E-05  4.51000E-01  4.51000E-01  1.40000E+01            127.SB 51.  97   4
 115  1.10400E-01  4.56000E-01  4.56000E-01  0.00000E+00            127.SB 51.  98  15
 6 1  1.15072E-03  4.24195E-01  4.24195E-01  1.50000E+01            127.SB 51.  99   1
 6 5  1.36516E-04  4.51086E-01  4.51086E-01  1.50000E+01            127.SB 51. 100   5
 6 6  5.93419E-06  4.51382E-01  4.51382E-01  1.50000E+01            127.SB 51. 101   6
 6 7  1.61712E-06  4.51660E-01  4.51660E-01  1.50000E+01            127.SB 51. 102   7
 6 3  2.87114E-05  4.55185E-01  4.55185E-01  1.50000E+01            127.SB 51. 103   3
 6 4  6.87578E-06  4.56000E-01  4.56000E-01  1.50000E+01            127.SB 51. 104   4
 116  2.57968E+01  4.73000E-01  4.73000E-01  0.00000E+00            127.SB 51. 105  16
 6 1  2.45273E-01  4.41195E-01  4.41195E-01  1.60000E+01            127.SB 51. 106   1
 6 5  2.90671E-02  4.68086E-01  4.68086E-01  1.60000E+01            127.SB 51. 107   5
 6 6  1.27188E-03  4.68382E-01  4.68382E-01  1.60000E+01            127.SB 51. 108   6
 6 7  3.66424E-04  4.68660E-01  4.68660E-01  1.60000E+01            127.SB 51. 109   7
 6 3  6.12020E-03  4.72185E-01  4.72185E-01  1.60000E+01            127.SB 51. 110   3
 6 4  1.46549E-03  4.73000E-01  4.73000E-01  1.60000E+01            127.SB 51. 111   4
 117  7.72800E-01  5.02800E-01  5.02800E-01  0.00000E+00            127.SB 51. 112  17
 6 1  6.33218E-03  4.70995E-01  4.70995E-01  1.70000E+01            127.SB 51. 113   1
 6 5  7.49932E-04  4.97886E-01  4.97886E-01  1.70000E+01            127.SB 51. 114   5
 6 6  3.12578E-05  4.98182E-01  4.98182E-01  1.70000E+01            127.SB 51. 115   6
 6 7  8.66452E-06  4.98460E-01  4.98460E-01  1.70000E+01            127.SB 51. 116   7
 6 3  1.57451E-04  5.01985E-01  5.01985E-01  1.70000E+01            127.SB 51. 117   3
 6 4  3.77136E-05  5.02800E-01  5.02800E-01  1.70000E+01            127.SB 51. 118   4
 118  2.94400E+00  5.43300E-01  5.43300E-01  0.00000E+00            127.SB 51. 119  18
 6 1  1.63678E-02  5.11495E-01  5.11495E-01  1.80000E+01            127.SB 51. 120   1
 6 5  1.83944E-03  5.38386E-01  5.38386E-01  1.80000E+01            127.SB 51. 121   5
 6 6  2.51143E-04  5.38682E-01  5.38682E-01  1.80000E+01            127.SB 51. 122   6
 6 7  1.80044E-04  5.38960E-01  5.38960E-01  1.80000E+01            127.SB 51. 123   7
 6 3  4.57356E-04  5.42485E-01  5.42485E-01  1.80000E+01            127.SB 51. 124   3
 6 4  1.07725E-04  5.43300E-01  5.43300E-01  1.80000E+01            127.SB 51. 125   4
 119  3.31200E-01  5.84200E-01  5.84200E-01  0.00000E+00            127.SB 51. 126  19
 6 1  5.39299E-04  5.52395E-01  5.52395E-01  1.90000E+01            127.SB 51. 127   1
 6 5  6.02903E-05  5.79286E-01  5.79286E-01  1.90000E+01            127.SB 51. 128   5
 6 6  2.14933E-06  5.79582E-01  5.79582E-01  1.90000E+01            127.SB 51. 129   6
 6 7  2.91869E-06  5.79860E-01  5.79860E-01  1.90000E+01            127.SB 51. 130   7
 6 3  1.29741E-05  5.83385E-01  5.83385E-01  1.90000E+01            127.SB 51. 131   3
 6 4  3.10373E-06  5.84200E-01  5.84200E-01  1.90000E+01            127.SB 51. 132   4
 120  4.45280E+00  6.03500E-01  6.03500E-01  0.00000E+00            127.SB 51. 133  20
 6 1  2.34364E-02  5.71695E-01  5.71695E-01  2.00000E+01            127.SB 51. 134   1
 6 5  2.76479E-03  5.98586E-01  5.98586E-01  2.00000E+01            127.SB 51. 135   5
 6 6  1.06143E-04  5.98882E-01  5.98882E-01  2.00000E+01            127.SB 51. 136   6
 6 7  3.06012E-05  5.99160E-01  5.99160E-01  2.00000E+01            127.SB 51. 137   7
 6 3  5.79054E-04  6.02685E-01  6.02685E-01  2.00000E+01            127.SB 51. 138   3
 6 4  1.38754E-04  6.03500E-01  6.03500E-01  2.00000E+01            127.SB 51. 139   4
 121  6.62400E-02  6.24000E-01  6.24000E-01  0.00000E+00            127.SB 51. 140  21
 6 1  2.34894E-03  5.92195E-01  5.92195E-01  2.10000E+01            127.SB 51. 141   1
 6 5  3.06380E-04  6.19086E-01  6.19086E-01  2.10000E+01            127.SB 51. 142   5
 6 6  2.90037E-05  6.19382E-01  6.19382E-01  2.10000E+01            127.SB 51. 143   6
 6 7  1.56918E-05  6.19660E-01  6.19660E-01  2.10000E+01            127.SB 51. 144   7
 6 3  7.16956E-05  6.23185E-01  6.23185E-01  2.10000E+01            127.SB 51. 145   3
 6 4  1.70960E-05  6.24000E-01  6.24000E-01  2.10000E+01            127.SB 51. 146   4
 122  4.41600E-01  6.37800E-01  6.37800E-01  0.00000E+00            127.SB 51. 147  22
 6 1  2.03634E-03  6.05995E-01  6.05995E-01  2.20000E+01            127.SB 51. 148   1
 6 5  2.39942E-04  6.32886E-01  6.32886E-01  2.20000E+01            127.SB 51. 149   5
 6 6  8.97487E-06  6.33182E-01  6.33182E-01  2.20000E+01            127.SB 51. 150   6
 6 7  2.62502E-06  6.33460E-01  6.33460E-01  2.20000E+01            127.SB 51. 151   7
 6 3  5.02165E-05  6.36985E-01  6.36985E-01  2.20000E+01            127.SB 51. 152   3
 6 4  1.20353E-05  6.37800E-01  6.37800E-01  2.20000E+01            127.SB 51. 153   4
 123  3.68000E-01  6.52300E-01  6.52300E-01  0.00000E+00            127.SB 51. 154  23
 6 1  1.60847E-03  6.20495E-01  6.20495E-01  2.30000E+01            127.SB 51. 155   1
 6 5  1.89437E-04  6.47386E-01  6.47386E-01  2.30000E+01            127.SB 51. 156   5
 6 6  7.01002E-06  6.47682E-01  6.47682E-01  2.30000E+01            127.SB 51. 157   6
 6 7  2.06255E-06  6.47960E-01  6.47960E-01  2.30000E+01            127.SB 51. 158   7
 6 3  3.96344E-05  6.51485E-01  6.51485E-01  2.30000E+01            127.SB 51. 159   3
 6 4  9.49994E-06  6.52300E-01  6.52300E-01  2.30000E+01            127.SB 51. 160   4
 124  7.36000E-01  6.67500E-01  6.67500E-01  0.00000E+00            127.SB 51. 161  24
 6 1  3.04560E-03  6.35695E-01  6.35695E-01  2.40000E+01            127.SB 51. 162   1
 6 5  3.58528E-04  6.62586E-01  6.62586E-01  2.40000E+01            127.SB 51. 163   5
 6 6  1.31204E-05  6.62882E-01  6.62882E-01  2.40000E+01            127.SB 51. 164   6
 6 7  3.88476E-06  6.63160E-01  6.63160E-01  2.40000E+01            127.SB 51. 165   7
 6 3  7.49872E-05  6.66685E-01  6.66685E-01  2.40000E+01            127.SB 51. 166   3
 6 4  1.79755E-05  6.67500E-01  6.67500E-01  2.40000E+01            127.SB 51. 167   4
 125  5.52000E-01  6.82300E-01  6.82300E-01  0.00000E+00            127.SB 51. 168  25
 6 1  2.16851E-03  6.50495E-01  6.50495E-01  2.50000E+01            127.SB 51. 169   1
 6 5  2.55167E-04  6.77386E-01  6.77386E-01  2.50000E+01            127.SB 51. 170   5
 6 6  9.23864E-06  6.77682E-01  6.77682E-01  2.50000E+01            127.SB 51. 171   6
 6 7  2.75238E-06  6.77960E-01  6.77960E-01  2.50000E+01            127.SB 51. 172   7
 6 3  5.33516E-05  6.81485E-01  6.81485E-01  2.50000E+01            127.SB 51. 173   3
 6 4  1.27905E-05  6.82300E-01  6.82300E-01  2.50000E+01            127.SB 51. 174   4
 126  3.68000E+01  6.85700E-01  6.85700E-01  0.00000E+00            127.SB 51. 175  26
 6 1  1.11723E-01  6.53895E-01  6.53895E-01  2.60000E+01            127.SB 51. 176   1
 6 5  1.26897E-02  6.80786E-01  6.80786E-01  2.60000E+01            127.SB 51. 177   5
 6 6  1.27646E-03  6.81082E-01  6.81082E-01  2.60000E+01            127.SB 51. 178   6
 6 7  8.76124E-04  6.81360E-01  6.81360E-01  2.60000E+01            127.SB 51. 179   7
 6 3  2.97633E-03  6.84885E-01  6.84885E-01  2.60000E+01            127.SB 51. 180   3
 6 4  7.05959E-04  6.85700E-01  6.85700E-01  2.60000E+01            127.SB 51. 181   4
 127  3.64320E+00  6.98500E-01  6.98500E-01  0.00000E+00            127.SB 51. 182  27
 6 1  1.05662E-02  6.66695E-01  6.66695E-01  2.70000E+01            127.SB 51. 183   1
 6 5  1.20072E-03  6.93586E-01  6.93586E-01  2.70000E+01            127.SB 51. 184   5
 6 6  1.17863E-04  6.93882E-01  6.93882E-01  2.70000E+01            127.SB 51. 185   6
 6 7  8.06904E-05  6.94160E-01  6.94160E-01  2.70000E+01            127.SB 51. 186   7
 6 3  2.80485E-04  6.97685E-01  6.97685E-01  2.70000E+01            127.SB 51. 187   3
 6 4  6.65607E-05  6.98500E-01  6.98500E-01  2.70000E+01            127.SB 51. 188   4
 128  1.87680E+00  7.22200E-01  7.22200E-01  0.00000E+00            127.SB 51. 189  28
 6 1  5.01506E-03  6.90395E-01  6.90395E-01  2.80000E+01            127.SB 51. 190   1
 6 5  5.70403E-04  7.17286E-01  7.17286E-01  2.80000E+01            127.SB 51. 191   5
 6 6  5.35747E-05  7.17582E-01  7.17582E-01  2.80000E+01            127.SB 51. 192   6
 6 7  3.65235E-05  7.17860E-01  7.17860E-01  2.80000E+01            127.SB 51. 193   7
 6 3  1.32307E-04  7.21385E-01  7.21385E-01  2.80000E+01            127.SB 51. 194   3
 6 4  3.14257E-05  7.22200E-01  7.22200E-01  2.80000E+01            127.SB 51. 195   4
 129  1.47200E-01  7.45900E-01  7.45900E-01  0.00000E+00            127.SB 51. 196  29
 130  7.36000E-02  7.63700E-01  7.63700E-01  0.00000E+00            127.SB 51. 197  30
 6 1  2.21735E-04  7.31895E-01  7.31895E-01  3.00000E+01            127.SB 51. 198   1
 6 5  2.60640E-05  7.58786E-01  7.58786E-01  3.00000E+01            127.SB 51. 199   5
 6 6  8.90929E-07  7.59082E-01  7.59082E-01  3.00000E+01            127.SB 51. 200   6
 6 7  2.74969E-07  7.59360E-01  7.59360E-01  3.00000E+01            127.SB 51. 201   7
 6 3  5.43454E-06  7.62885E-01  7.62885E-01  3.00000E+01            127.SB 51. 202   3
 6 4  1.30424E-06  7.63700E-01  7.63700E-01  3.00000E+01            127.SB 51. 203   4
 131  1.51248E+01  7.83700E-01  7.83700E-01  0.00000E+00            127.SB 51. 204  31
 6 1  4.28964E-02  7.51895E-01  7.51895E-01  3.10000E+01            127.SB 51. 205   1
 6 5  5.04119E-03  7.78786E-01  7.78786E-01  3.10000E+01            127.SB 51. 206   5
 6 6  1.70006E-04  7.79082E-01  7.79082E-01  3.10000E+01            127.SB 51. 207   6
 6 7  5.29369E-05  7.79360E-01  7.79360E-01  3.10000E+01            127.SB 51. 208   7
 6 3  1.05043E-03  7.82885E-01  7.82885E-01  3.10000E+01            127.SB 51. 209   3
 6 4  2.52162E-04  7.83700E-01  7.83700E-01  3.10000E+01            127.SB 51. 210   4
 132  4.04800E-01  8.17000E-01  8.17000E-01  0.00000E+00            127.SB 51. 211  32
 6 1  1.04214E-03  7.85195E-01  7.85195E-01  3.20000E+01            127.SB 51. 212   1
 6 5  1.22432E-04  8.12086E-01  8.12086E-01  3.20000E+01            127.SB 51. 213   5
 6 6  4.03889E-06  8.12382E-01  8.12382E-01  3.20000E+01            127.SB 51. 214   6
 6 7  1.27656E-06  8.12660E-01  8.12660E-01  3.20000E+01            127.SB 51. 215   7
 6 3  2.54831E-05  8.16185E-01  8.16185E-01  3.20000E+01            127.SB 51. 216   3
 6 4  6.12016E-06  8.17000E-01  8.17000E-01  3.20000E+01            127.SB 51. 217   4
 133  2.20800E-01  8.20600E-01  8.20600E-01  0.00000E+00            127.SB 51. 218  33
 6 1  4.34911E-04  7.88795E-01  7.88795E-01  3.30000E+01            127.SB 51. 219   1
 6 5  4.95946E-05  8.15686E-01  8.15686E-01  3.30000E+01            127.SB 51. 220   5
 6 6  3.93367E-06  8.15982E-01  8.15982E-01  3.30000E+01            127.SB 51. 221   6
 6 7  2.64981E-06  8.16260E-01  8.16260E-01  3.30000E+01            127.SB 51. 222   7
 6 3  1.12241E-05  8.19785E-01  8.19785E-01  3.30000E+01            127.SB 51. 223   3
 6 4  2.67560E-06  8.20600E-01  8.20600E-01  3.30000E+01            127.SB 51. 224   4
 134  5.15200E-01  9.24400E-01  9.24400E-01  0.00000E+00            127.SB 51. 225  34
 6 1  7.72611E-04  8.92595E-01  8.92595E-01  3.40000E+01            127.SB 51. 226   1
 6 5  8.82385E-05  9.19486E-01  9.19486E-01  3.40000E+01            127.SB 51. 227   5
 6 6  5.97978E-06  9.19782E-01  9.19782E-01  3.40000E+01            127.SB 51. 228   6
 6 7  4.00940E-06  9.20060E-01  9.20060E-01  3.40000E+01            127.SB 51. 229   7
 6 3  1.95824E-05  9.23585E-01  9.23585E-01  3.40000E+01            127.SB 51. 230   3
 6 4  4.68506E-06  9.24400E-01  9.24400E-01  3.40000E+01            127.SB 51. 231   4
 135  3.68000E-01  1.14160E+00  1.14160E+00  0.00000E+00            127.SB 51. 232  35
 6 1  4.43135E-04  1.10979E+00  1.10979E+00  3.50000E+01            127.SB 51. 233   1
 6 5  5.18755E-05  1.13669E+00  1.13669E+00  3.50000E+01            127.SB 51. 234   5
 6 6  1.42000E-06  1.13698E+00  1.13698E+00  3.50000E+01            127.SB 51. 235   6
 6 7  5.22925E-07  1.13726E+00  1.13726E+00  3.50000E+01            127.SB 51. 236   7
 6 3  1.07024E-05  1.14079E+00  1.14079E+00  3.50000E+01            127.SB 51. 237   3
 6 4  2.55690E-06  1.14160E+00  1.14160E+00  3.50000E+01            127.SB 51. 238   4
 136  4.04800E-02  1.15520E+00  1.15520E+00  0.00000E+00            127.SB 51. 239  36
 6 1  4.74808E-05  1.12339E+00  1.12339E+00  3.60000E+01            127.SB 51. 240   1
 6 5  5.55727E-06  1.15029E+00  1.15029E+00  3.60000E+01            127.SB 51. 241   5
 6 6  1.51079E-07  1.15058E+00  1.15058E+00  3.60000E+01            127.SB 51. 242   6
 6 7  5.59998E-08  1.15086E+00  1.15086E+00  3.60000E+01            127.SB 51. 243   7
 6 3  1.14618E-06  1.15439E+00  1.15439E+00  3.60000E+01            127.SB 51. 244   3
 6 4  2.73780E-07  1.15520E+00  1.15520E+00  3.60000E+01            127.SB 51. 245   4
 137  3.68000E-01  1.29030E+00  1.29030E+00  0.00000E+00            127.SB 51. 246  37
 6 1  3.38397E-04  1.25850E+00  1.25850E+00  3.70000E+01            127.SB 51. 247   1
 6 5  3.95282E-05  1.28539E+00  1.28539E+00  3.70000E+01            127.SB 51. 248   5
 6 6  1.00712E-06  1.28568E+00  1.28568E+00  3.70000E+01            127.SB 51. 249   6
 6 7  3.98085E-07  1.28596E+00  1.28596E+00  3.70000E+01            127.SB 51. 250   7
 6 3  8.13218E-06  1.28949E+00  1.28949E+00  3.70000E+01            127.SB 51. 251   3
 6 4  1.93826E-06  1.29030E+00  1.29030E+00  3.70000E+01            127.SB 51. 252   4
 138  7.36000E-02  1.37790E+00  1.37790E+00  0.00000E+00            127.SB 51. 253  38
 6 1  5.86708E-05  1.34610E+00  1.34610E+00  3.80000E+01            127.SB 51. 254   1
 6 5  6.84392E-06  1.37299E+00  1.37299E+00  3.80000E+01            127.SB 51. 255   5
 6 6  1.67696E-07  1.37328E+00  1.37328E+00  3.80000E+01            127.SB 51. 256   6
 6 7  6.90597E-08  1.37356E+00  1.37356E+00  3.80000E+01            127.SB 51. 257   7
 6 3  1.40617E-06  1.37709E+00  1.37709E+00  3.80000E+01            127.SB 51. 258   3
 6 4  3.34624E-07  1.37790E+00  1.37790E+00  3.80000E+01            127.SB 51. 259   4
 2 1  1.27007E+00  2.71868E-02  2.71868E-02  0.00000E+00            127.SB 51. 260   1
 2 2  2.36435E+00  2.74652E-02  2.74652E-02  0.00000E+00            127.SB 51. 261   2
 2 3  2.17704E-01  3.09378E-02  3.09378E-02  0.00000E+00            127.SB 51. 262   3
 2 4  4.22215E-01  3.09901E-02  3.09901E-02  0.00000E+00            127.SB 51. 263   4
 2 5  1.94278E-03  3.12112E-02  3.12112E-02  0.00000E+00            127.SB 51. 264   5
 2 6  2.67145E-03  3.12223E-02  3.12223E-02  0.00000E+00            127.SB 51. 265   6
 2 7  4.51024E-02  3.16740E-02  3.16740E-02  0.00000E+00            127.SB 51. 266   7
 2 8  8.86441E-02  3.16841E-02  3.16841E-02  0.00000E+00            127.SB 51. 267   8
 2 9  3.27026E-04  3.17543E-02  3.17543E-02  0.00000E+00            127.SB 51. 268   9
 210  4.47794E-04  3.17559E-02  3.17559E-02  0.00000E+00            127.SB 51. 269  10
 211  2.58406E-03  3.17957E-02  3.17957E-02  0.00000E+00            127.SB 51. 270  11
 212  4.77815E-03  3.17967E-02  3.17967E-02  0.00000E+00            127.SB 51. 271  12
 221  1.70104E-05  2.96000E-04  2.96000E-04  0.00000E+00            127.SB 51. 272  21
 222  2.69486E-04  5.74501E-04  5.74501E-04  0.00000E+00            127.SB 51. 273  22
 223  1.05116E-02  4.04711E-03  4.04711E-03  0.00000E+00            127.SB 51. 274  23
 224  1.68373E-02  4.09934E-03  4.09934E-03  0.00000E+00            127.SB 51. 275  24
 225  1.44458E-04  4.32046E-03  4.32046E-03  0.00000E+00            127.SB 51. 276  25
 226  2.15721E-04  4.33146E-03  4.33146E-03  0.00000E+00            127.SB 51. 277  26
 227  2.16405E-03  4.78322E-03  4.78322E-03  0.00000E+00            127.SB 51. 278  27
 228  3.54133E-03  4.79328E-03  4.79328E-03  0.00000E+00            127.SB 51. 279  28
 229  1.62090E-05  4.86350E-03  4.86350E-03  0.00000E+00            127.SB 51. 280  29
 230  2.45234E-05  4.86503E-03  4.86503E-03  0.00000E+00            127.SB 51. 281  30
 231  1.36064E-04  4.90497E-03  4.90497E-03  0.00000E+00            127.SB 51. 282  31
 232  2.12841E-04  4.90588E-03  4.90588E-03  0.00000E+00            127.SB 51. 283  32
 241  8.93002E-08  2.78500E-04  2.78500E-04  0.00000E+00            127.SB 51. 284  41
 242  7.50766E-03  3.62712E-03  3.62712E-03  0.00000E+00            127.SB 51. 285  42
 243  1.02378E-04  3.80335E-03  3.80335E-03  0.00000E+00            127.SB 51. 286  43
 244  1.28639E-01  4.02446E-03  4.02446E-03  0.00000E+00            127.SB 51. 287  44
 245  9.93493E-04  4.44388E-03  4.44388E-03  0.00000E+00            127.SB 51. 288  45
 246  1.08079E-05  4.49729E-03  4.49729E-03  0.00000E+00            127.SB 51. 289  46
 247  1.74984E-02  4.56748E-03  4.56748E-03  0.00000E+00            127.SB 51. 290  47
 249  1.03708E-04  4.59974E-03  4.59974E-03  0.00000E+00            127.SB 51. 291  49
 250  6.50326E-07  4.60990E-03  4.60990E-03  0.00000E+00            127.SB 51. 292  50
 261  2.54591E-02  3.34861E-03  3.34861E-03  0.00000E+00            127.SB 51. 293  61
 262  1.35131E-04  3.47261E-03  3.47261E-03  0.00000E+00            127.SB 51. 294  62
 263  1.26185E-04  3.52484E-03  3.52484E-03  0.00000E+00            127.SB 51. 295  63
 264  2.44064E-02  3.74596E-03  3.74596E-03  0.00000E+00            127.SB 51. 296  64
 265  2.16394E-01  3.75695E-03  3.75695E-03  0.00000E+00            127.SB 51. 297  65
 266  2.06265E-03  4.16537E-03  4.16537E-03  0.00000E+00            127.SB 51. 298  66
 267  1.02056E-05  4.20872E-03  4.20872E-03  0.00000E+00            127.SB 51. 299  67
 268  9.76998E-06  4.21879E-03  4.21879E-03  0.00000E+00            127.SB 51. 300  68
 269  3.24330E-03  4.28899E-03  4.28899E-03  0.00000E+00            127.SB 51. 301  69
 270  2.88655E-02  4.29052E-03  4.29052E-03  0.00000E+00            127.SB 51. 302  70
 273  2.54122E-04  4.32125E-03  4.32125E-03  0.00000E+00            127.SB 51. 303  73
 274  6.39107E-07  4.33049E-03  4.33049E-03  0.00000E+00            127.SB 51. 304  74
 275  5.85472E-07  4.33139E-03  4.33139E-03  0.00000E+00            127.SB 51. 305  75
 291  2.34625E-02  5.33307E-04  5.33307E-04  0.00000E+00            127.SB 51. 306  91
 292  5.48618E-04  7.62667E-05  7.62667E-05  0.00000E+00            127.SB 51. 307  92
 294  8.11365E+01  1.36106E-05  1.36106E-05  0.00000E+00            127.SB 51. 308  94
 7 1  4.10495E-01  2.26653E-02  2.26653E-02  0.00000E+00            127.SB 51. 309   1
 7 2  1.80799E-01  2.65056E-02  2.65056E-02  0.00000E+00            127.SB 51. 310   2
 7 3  1.90401E-02  3.03461E-02  3.03461E-02  0.00000E+00            127.SB 51. 311   3
 7 4  7.80916E-01  2.86876E-04  2.86876E-04  0.00000E+00            127.SB 51. 312   4
 7 5  4.02984E+00  3.08154E-03  3.08154E-03  0.00000E+00            127.SB 51. 313   5
 7 6  1.14065E+00  3.67501E-03  3.67501E-03  0.00000E+00            127.SB 51. 314   6
 7 7  8.05833E-02  4.29025E-03  4.29025E-03  0.00000E+00            127.SB 51. 315   7
 7 8  4.53725E+00  1.21388E-04  1.21388E-04  0.00000E+00            127.SB 51. 316   8
 7 9  1.02662E+01  4.49244E-04  4.49244E-04  0.00000E+00            127.SB 51. 317   9
 710  3.94979E-01  5.40364E-04  5.40364E-04  0.00000E+00            127.SB 51. 318  10
 711  1.47080E-03  6.83903E-04  6.83903E-04  0.00000E+00            127.SB 51. 319  11
 712  1.31913E+01  2.49429E-05  2.49429E-05  0.00000E+00            127.SB 51. 320  12
 713  3.96529E+01  2.29198E-05  2.29198E-05  0.00000E+00            127.SB 51. 321  13
%%%% 127 SB  51    B-           3.32640E+05 3.85 D     02-11-2005       SEEIEND 
 


   ***************************************************** 
   *                 Radiation Summary                 * 
   ***************************************************** 
 
  Energy released by
    Gamma-ray                       (MeV) =   6.90986E-01
    X-ray                           (MeV) =   1.25849E-03
    Free-bound X-ray                (MeV) =   1.10432E-05
    Annihilation photon             (MeV) =   0.00000E+00
    Beta+ particle                  (MeV) =   0.00000E+00
    Neutrino                        (MeV) =   0.00000E+00
    Beta- particle                  (MeV) =   3.08642E-01
    Neutrino-                       (MeV) =   5.94000E-01
    Internal conv. electron         (MeV) =   6.97635E-03
    Auger and CK electron           (MeV) =   3.84689E-04
    Alpha particle                  (MeV) =   0.00000E+00
    Recoil nucleus                  (MeV) =   0.00000E+00
  E-total (except unplaced radiat.) (MeV) =   1.60226E+00
  E-unplaced radiation              (MeV) =   1.09796E-03
  Q-value from ENSDF data           (MeV) =   1.58100E+00
  Ratio of E-total/Q-value          ( % ) =   1.01345E+02
  Ratio of E-unplaced radi./Q-value ( % ) =   6.94475E-02

 
  Total yield of
    Gamma-ray                             =   1.19399E+00
    X-ray                                 =   4.93475E-02
    Free-bound X-ray                      =   8.11365E-01
    Annihilation photon                   =   0.00000E+00
    Beta+ particle                        =   0.00000E+00
    Beta- particle                        =   1.00000E+00
    Internal conv. electron               =   6.41583E-02
    Auger and CK electron                 =   7.46864E-01
    Alpha particle                        =   0.00000E+00
  Yield of unplaced radiation             =   1.47200E-03


