%%%% 122 SB  51 M  IT           2.51460E+02 4.191 M    18-07-2007       BALASTAR
1 122M  SB  51 4.191 M         IT         
1INTENSITY AND ENERGY BALANCE DATA

              122M-ANTIMONY-51
+                                    HALFLIFE = 4.191 MINUTES 
+                                                                  18-07-2007


    LEVEL       INTENSITY   INTENSITY
    ENERGY      ENTERING    LEAVING     PERCENT
    (MEV)       LEVEL       LEVEL       ERROR

   0.0000E+00  1.0018E+02
   6.1413E-02  9.9862E+01  1.0018E+02  3.1668E-01                      
   1.3747E-01  1.0323E+02  9.9862E+01  3.3190E+00                      
   1.6356E-01  1.0323E+02  1.0323E+02  0.0000E+00                      


 INTENSITY TO GROUND AND ISOMERIC STATE(S) OF DAUGHTER(S)=  1.002E+02
 TOTAL INTENSITY FROM PARENT=  1.032E+02
 PERCENT ERROR =  3.048E+00                      


 TOTAL INTENSITY FROM PARENT =  1.032E+02
 VALUE IS WITHIN   3.23E+00% OF 100                      


 TOTAL ENERGY AVAILABLE =  1.688E-01 MEV
 TOTAL ENERGY CONTENT OF ALL RADIATIONS =  1.644E-01 MEV
 PERCENT ERROR =  2.700E+00                      
%%%% 122 SB  51 M  IT           2.51460E+02 4.191 M    18-07-2007       BALAEND 
%%%% 122 SB  51 M  IT           2.51460E+02 4.191 M    18-07-2007       INPUSTAR
1                                      **INPUT DATA**
              122M-ANTIMONY-51
+                                    HALFLIFE = 4.191 MINUTES 
+                                                                  18-07-2007

            MODE OF DECAY: ISOMERIC LEVEL
 
                                MEAN
                                NUMBER/    TRANSITION
                TYPE OF    ID   TRANSFOR-  ENERGY
              TRANSITION   NO.  MATION     (MEV)       OTHER NUCLEAR PARAMETERS

           I.C.E. + GAMMA   1   1.03E+00   2.609E-02   E3 MULTIPOLE                             
+                                                                    AK= 0.0                    
                                                       AL1=49.0      AL2=1.00E+04               
                                                       AL3=1.44E+04  AM= 5.72E+03               
                                                       AN+=1.19E+03                             
           I.C.E. + GAMMA   2   1.00E+00   6.141E-02   E1 MULTIPOLE                             
+                                                                    AK= 0.635                  
                                                       AL1=0.0599    AL2=0.0107                 
                                                       AL3=0.0158    AM= 0.0170                 
                                                       AN+=0.00381                              
           I.C.E. + GAMMA   3   9.99E-01   7.606E-02   E2 MULTIPOLE                             
+                                                                    AK= 2.74                   
                                                       AL1=0.240     AL2=0.477                  
                                                       AL3=0.603     AM= 0.275                  
                                                       AN+=0.0582                               
 
           - - - - - - - - - -
           Reference: Evaluated Nuclear Structure Data File (ENSDF)
                DATE DATA WERE ENTERED INTO ENSDF: Apr-2007
%%%% 122 SB  51 M  IT           2.51460E+02 4.191 M    18-07-2007       INPUEND 
%%%% 122 SB  51 M  IT           2.51460E+02 4.191 M    18-07-2007       OUTPSTAR
1                                      **OUTPUT DATA**
              122M-ANTIMONY-51
+                                    HALFLIFE = 4.191 MINUTES 
+                                                                  18-07-2007

            MODE OF DECAY: ISOMERIC LEVEL
 
                                              MEAN
                                              NUMBER/                  MEV/
                                         ID   TRANSFOR-   ENERGY       TRANSFOR-
                  TYPE OF RADIATION      NO.  MATION      (MEV)        MATION

           L1 CONV. ELECTRON, GAMMA-RAY   1   1.61E-03    2.141E-02    3.45E-05
           L2 CONV. ELECTRON, GAMMA-RAY   1   3.29E-01    2.170E-02    7.15E-03
           L3 CONV. ELECTRON, GAMMA-RAY   1   4.74E-01    2.196E-02    1.04E-02
           M CONV. ELECTRON, GAMMA-RAY    1   1.88E-01    2.533E-02*   4.76E-03
           N+ CONV. ELECTRON, GAMMA-RAY   1   3.90E-02    2.609E-02*   1.02E-03
           GAMMA-RAY                      2   5.75E-01    6.141E-02    3.53E-02
           K CONV. ELECTRON, GAMMA-RAY    2   3.65E-01    3.093E-02    1.13E-02
           L1 CONV. ELECTRON, GAMMA-RAY   2   3.44E-02    5.674E-02    1.95E-03
           L2 CONV. ELECTRON, GAMMA-RAY   2   6.16E-03    5.703E-02    3.51E-04
           L3 CONV. ELECTRON, GAMMA-RAY   2   9.10E-03    5.728E-02    5.21E-04
           M CONV. ELECTRON, GAMMA-RAY    2   9.78E-03    6.065E-02*   5.93E-04
           N+ CONV. ELECTRON, GAMMA-RAY   2   2.19E-03    6.141E-02*   1.34E-04
           GAMMA-RAY                      3   1.85E-01    7.606E-02    1.41E-02
           K CONV. ELECTRON, GAMMA-RAY    3   5.08E-01    4.558E-02    2.31E-02
           L1 CONV. ELECTRON, GAMMA-RAY   3   4.44E-02    7.139E-02    3.17E-03
           L2 CONV. ELECTRON, GAMMA-RAY   3   8.82E-02    7.167E-02    6.33E-03
           L3 CONV. ELECTRON, GAMMA-RAY   3   1.12E-01    7.193E-02    8.03E-03
           M CONV. ELECTRON, GAMMA-RAY    3   5.09E-02    7.530E-02*   3.83E-03
           N+ CONV. ELECTRON, GAMMA-RAY   3   1.08E-02    7.606E-02*   8.19E-04
           K -L2 X-RAY                        2.19E-01    2.609E-02    5.70E-03
           K -L3 X-RAY                        4.08E-01    2.635E-02    1.07E-02
           K -M2 X-RAY                        3.72E-02    2.967E-02    1.10E-03
           K -M3 X-RAY                        7.22E-02    2.972E-02    2.14E-03
           K -M4 X-RAY                        3.15E-04    2.993E-02    9.43E-06
           K -M5 X-RAY                        4.34E-04    2.994E-02    1.30E-05
           K -N2 X-RAY                        7.66E-03    3.036E-02    2.33E-04
           K -N3 X-RAY                        1.50E-02    3.037E-02    4.56E-04
           K -O2 X-RAY                        2.83E-04    3.047E-02    8.62E-06
           K -O3 X-RAY                        5.19E-04    3.047E-02    1.58E-05
           L1-M3 X-RAY                        2.46E-03    3.912E-03    9.63E-06
           L2-M1 X-RAY                        2.70E-03    3.457E-03    9.32E-06
           L2-M4 X-RAY                        4.41E-02    3.838E-03    1.69E-04
           L2-N4 X-RAY                        5.68E-03    4.344E-03    2.47E-05
           L3-M1 X-RAY                        8.31E-03    3.202E-03    2.66E-05
           L3-M4 X-RAY                        7.72E-03    3.583E-03    2.76E-05
           L3-M5 X-RAY                        6.84E-02    3.593E-03    2.46E-04
           L3-N5 X-RAY                        8.64E-03    4.090E-03    3.53E-05
           Free-Bound X-RAY                   2.76E+01    1.223E-05*   3.38E-04
           AUGER KLL                          7.62E-02    2.179E-02*   1.66E-03
           AUGER KLX                          3.30E-02    2.545E-02*   8.40E-04
           AUGER KXY                          3.42E-03    2.911E-02*   9.97E-05
           CK LLX                             1.91E-01    2.381E-04*   4.55E-05
           AUGER LMM                          1.36E+00    2.954E-03*   4.03E-03
           AUGER LMX                          3.69E-01    3.506E-03*   1.29E-03
           AUGER LXY                          2.52E-02    4.078E-03*   1.03E-04
           CK MMX                             1.52E+00    1.237E-04*   1.88E-04
           AUGER MNN                          3.51E+00    4.218E-04*   1.48E-03
           AUGER MNX                          1.06E-01    5.020E-04*   5.30E-05
           CK NNX                             4.53E+00    2.746E-05*   1.24E-04
           AUGER NXY                          1.36E+01    1.689E-05*   2.30E-04
 
           ALL LISTED X-RAYS, GAMMA-RAYS AND ANNIHILATION RADIATION    7.07E-02
           ALL NEGLECTED X-RAYS, GAMMA-RAYS AND ANNIH. RADIATION**     2.68E-05
           ALL LISTED BETAS, INTERNAL CONVERSION AND AUGER ELECTRONS   9.37E-02
           ALL NEGLECTED BETAS, INT. CONVERSION AND AUGER ELECTRONS**  1.63E-07
           ALL LISTED RADIATIONS                                       1.64E-01
           ALL NEGLECTED RADIATIONS**                                  2.69E-05
 
           *  AVERAGE ENERGY (MEV)
           ** EACH NEGLECTED TRANSITION CONTRIBUTES LESS THAN  0.010%
              TO THE TOTAL MEV/TRANSFORMATION FOR THIS CATEGORY.
           TOTAL FEEDING OF GROUND STATE LEVEL IN 122-ANTIMONY
             DAUGHTER IS 1.0000E+00  PER TRANSFORMATION OF 122M-ANTIMONY.
             DECAY OF THIS 2.7238 DAYS HALFLIFE LEVEL WILL CONTRIBUTE TO DOSE.
           - - - - - - - - - -
           INPUT DATA SOURCE: EVALUATED NUCLEAR STRUCTURE DATA FILE (ENSDF)
             DATE INPUT DATA WERE ENTERED INTO ENSDF: Apr-2007
%%%% 122 SB  51 M  IT           2.51460E+02 4.191 M    18-07-2007       OUTPEND 
%%%% 122 SB  51 M  IT           2.51460E+02 4.191 M    18-07-2007       SEEISTAR
122.M ANTIMONY     51.  4.191E+00 MINUTES   82 IT                   122.SB 51.   0
 1 1  3.28520E-03  2.60867E-02  2.60867E-02  0.00000E+00            122.SB 51.   1   1
 6 5  1.61011E-01  2.14130E-02  2.14130E-02  1.00000E+00            122.SB 51.   2   5
 6 6  3.29418E+01  2.17007E-02  2.17007E-02  1.00000E+00            122.SB 51.   3   6
 6 7  4.74302E+01  2.19562E-02  2.19562E-02  1.00000E+00            122.SB 51.   4   7
 6 3  1.87991E+01  2.53250E-02  2.53250E-02  1.00000E+00            122.SB 51.   5   3
 6 4  3.89708E+00  2.60867E-02  2.60867E-02  1.00000E+00            122.SB 51.   6   4
 1 2  5.74910E+01  6.14130E-02  6.14130E-02  0.00000E+00            122.SB 51.   7   2
 6 1  3.65232E+01  3.09340E-02  3.09340E-02  2.00000E+00            122.SB 51.   8   1
 6 5  3.44192E+00  5.67393E-02  5.67393E-02  2.00000E+00            122.SB 51.   9   5
 6 6  6.15904E-01  5.70270E-02  5.70270E-02  2.00000E+00            122.SB 51.  10   6
 6 7  9.10306E-01  5.72825E-02  5.72825E-02  2.00000E+00            122.SB 51.  11   7
 6 3  9.77545E-01  6.06513E-02  6.06513E-02  2.00000E+00            122.SB 51.  12   3
 6 4  2.18903E-01  6.14130E-02  6.14130E-02  2.00000E+00            122.SB 51.  13   4
 1 3  1.85079E+01  7.60595E-02  7.60595E-02  0.00000E+00            122.SB 51.  14   3
 6 1  5.07623E+01  4.55805E-02  4.55805E-02  3.00000E+00            122.SB 51.  15   1
 6 5  4.44044E+00  7.13858E-02  7.13858E-02  3.00000E+00            122.SB 51.  16   5
 6 6  8.82477E+00  7.16735E-02  7.16735E-02  3.00000E+00            122.SB 51.  17   6
 6 7  1.11613E+01  7.19290E-02  7.19290E-02  3.00000E+00            122.SB 51.  18   7
 6 3  5.08902E+00  7.52978E-02  7.52978E-02  3.00000E+00            122.SB 51.  19   3
 6 4  1.07635E+00  7.60595E-02  7.60595E-02  3.00000E+00            122.SB 51.  20   4
 2 1  2.18589E+01  2.60930E-02  2.60930E-02  0.00000E+00            122.SB 51.  21   1
 2 2  4.07929E+01  2.63486E-02  2.63486E-02  0.00000E+00            122.SB 51.  22   2
 2 3  3.71889E+00  2.96698E-02  2.96698E-02  0.00000E+00            122.SB 51.  23   3
 2 4  7.21537E+00  2.97173E-02  2.97173E-02  0.00000E+00            122.SB 51.  24   4
 2 5  3.14978E-02  2.99313E-02  2.99313E-02  0.00000E+00            122.SB 51.  25   5
 2 6  4.34411E-02  2.99411E-02  2.99411E-02  0.00000E+00            122.SB 51.  26   6
 2 7  7.65878E-01  3.03620E-02  3.03620E-02  0.00000E+00            122.SB 51.  27   7
 2 8  1.50061E+00  3.03709E-02  3.03709E-02  0.00000E+00            122.SB 51.  28   8
 2 9  4.98994E-03  3.04371E-02  3.04371E-02  0.00000E+00            122.SB 51.  29   9
 210  6.84711E-03  3.04384E-02  3.04384E-02  0.00000E+00            122.SB 51.  30  10
 211  2.82735E-02  3.04713E-02  3.04713E-02  0.00000E+00            122.SB 51.  31  11
 212  5.19418E-02  3.04720E-02  3.04720E-02  0.00000E+00            122.SB 51.  32  12
 221  2.63298E-04  2.87700E-04  2.87700E-04  0.00000E+00            122.SB 51.  33  21
 222  3.83130E-03  5.43200E-04  5.43200E-04  0.00000E+00            122.SB 51.  34  22
 223  1.52433E-01  3.86454E-03  3.86454E-03  0.00000E+00            122.SB 51.  35  23
 224  2.46130E-01  3.91202E-03  3.91202E-03  0.00000E+00            122.SB 51.  36  24
 225  2.00976E-03  4.12591E-03  4.12591E-03  0.00000E+00            122.SB 51.  37  25
 226  2.99953E-03  4.13585E-03  4.13585E-03  0.00000E+00            122.SB 51.  38  26
 227  3.05948E-02  4.55668E-03  4.55668E-03  0.00000E+00            122.SB 51.  39  27
 228  5.03405E-02  4.56558E-03  4.56558E-03  0.00000E+00            122.SB 51.  40  28
 229  2.14690E-04  4.63183E-03  4.63183E-03  0.00000E+00            122.SB 51.  41  29
 230  3.24224E-04  4.63315E-03  4.63315E-03  0.00000E+00            122.SB 51.  42  30
 231  1.26307E-03  4.66597E-03  4.66597E-03  0.00000E+00            122.SB 51.  43  31
 232  1.97612E-03  4.66668E-03  4.66668E-03  0.00000E+00            122.SB 51.  44  32
 241  2.62242E-06  2.55500E-04  2.55500E-04  0.00000E+00            122.SB 51.  45  41
 242  2.69740E-01  3.45702E-03  3.45702E-03  0.00000E+00            122.SB 51.  46  42
 243  3.58042E-03  3.62431E-03  3.62431E-03  0.00000E+00            122.SB 51.  47  43
 244  4.41325E+00  3.83821E-03  3.83821E-03  0.00000E+00            122.SB 51.  48  44
 245  3.41668E-02  4.22772E-03  4.22772E-03  0.00000E+00            122.SB 51.  49  45
 246  3.45244E-04  4.27787E-03  4.27787E-03  0.00000E+00            122.SB 51.  50  46
 247  5.67677E-01  4.34413E-03  4.34413E-03  0.00000E+00            122.SB 51.  51  47
 249  3.25795E-03  4.37008E-03  4.37008E-03  0.00000E+00            122.SB 51.  52  49
 250  1.35596E-05  4.37898E-03  4.37898E-03  0.00000E+00            122.SB 51.  53  50
 261  8.31447E-01  3.20152E-03  3.20152E-03  0.00000E+00            122.SB 51.  54  61
 262  4.32455E-03  3.32134E-03  3.32134E-03  0.00000E+00            122.SB 51.  55  62
 263  4.04458E-03  3.36880E-03  3.36880E-03  0.00000E+00            122.SB 51.  56  63
 264  7.71680E-01  3.58271E-03  3.58271E-03  0.00000E+00            122.SB 51.  57  64
 265  6.84294E+00  3.59265E-03  3.59265E-03  0.00000E+00            122.SB 51.  58  65
 266  6.45565E-02  3.97223E-03  3.97223E-03  0.00000E+00            122.SB 51.  59  66
 267  3.01463E-04  4.01348E-03  4.01348E-03  0.00000E+00            122.SB 51.  60  67
 268  2.88161E-04  4.02238E-03  4.02238E-03  0.00000E+00            122.SB 51.  61  68
 269  9.71566E-02  4.08863E-03  4.08863E-03  0.00000E+00            122.SB 51.  62  69
 270  8.63706E-01  4.08994E-03  4.08994E-03  0.00000E+00            122.SB 51.  63  70
 273  7.28802E-03  4.11459E-03  4.11459E-03  0.00000E+00            122.SB 51.  64  73
 274  1.24043E-05  4.12277E-03  4.12277E-03  0.00000E+00            122.SB 51.  65  74
 275  1.12832E-05  4.12348E-03  4.12348E-03  0.00000E+00            122.SB 51.  66  75
 291  6.87748E-01  4.97831E-04  4.97831E-04  0.00000E+00            122.SB 51.  67  91
 292  1.52468E-02  6.91805E-05  6.91805E-05  0.00000E+00            122.SB 51.  68  92
 294  2.76027E+03  1.22318E-05  1.22318E-05  0.00000E+00            122.SB 51.  69  94
 7 1  7.62209E+00  2.17904E-02  2.17904E-02  0.00000E+00            122.SB 51.  70   1
 7 2  3.30143E+00  2.54497E-02  2.54497E-02  0.00000E+00            122.SB 51.  71   2
 7 3  3.42414E-01  2.91102E-02  2.91102E-02  0.00000E+00            122.SB 51.  72   3
 7 4  1.91007E+01  2.38145E-04  2.38145E-04  0.00000E+00            122.SB 51.  73   4
 7 5  1.36477E+02  2.95381E-03  2.95381E-03  0.00000E+00            122.SB 51.  74   5
 7 6  3.68561E+01  3.50612E-03  3.50612E-03  0.00000E+00            122.SB 51.  75   6
 7 7  2.52388E+00  4.07760E-03  4.07760E-03  0.00000E+00            122.SB 51.  76   7
 7 8  1.51632E+02  1.23689E-04  1.23689E-04  0.00000E+00            122.SB 51.  77   8
 7 9  3.51324E+02  4.21805E-04  4.21805E-04  0.00000E+00            122.SB 51.  78   9
 710  1.05668E+01  5.01987E-04  5.01987E-04  0.00000E+00            122.SB 51.  79  10
 711  2.54528E-02  6.42042E-04  6.42042E-04  0.00000E+00            122.SB 51.  80  11
 712  4.53232E+02  2.74570E-05  2.74570E-05  0.00000E+00            122.SB 51.  81  12
 713  1.35923E+03  1.68876E-05  1.68876E-05  0.00000E+00            122.SB 51.  82  13
%%%% 122 SB  51 M  IT           2.51460E+02 4.191 M    18-07-2007       SEEIEND 
 


   ***************************************************** 
   *                 Radiation Summary                 * 
   ***************************************************** 
 
  Energy released by
    Gamma-ray                       (MeV) =   4.93848E-02
    X-ray                           (MeV) =   2.10091E-02
    Free-bound X-ray                (MeV) =   3.37630E-04
    Annihilation photon             (MeV) =   0.00000E+00
    Beta+ particle                  (MeV) =   0.00000E+00
    Neutrino                        (MeV) =   0.00000E+00
    Beta- particle                  (MeV) =   0.00000E+00
    Neutrino-                       (MeV) =   0.00000E+00
    Internal conv. electron         (MeV) =   8.35368E-02
    Auger and CK electron           (MeV) =   1.01493E-02
    Alpha particle                  (MeV) =   0.00000E+00
    Recoil nucleus                  (MeV) =   0.00000E+00
  E-total (except unplaced radiat.) (MeV) =   1.64418E-01
  E-unplaced radiation              (MeV) =   0.00000E+00
  Q-value from ENSDF data           (MeV) =   1.63559E-01
  Ratio of E-total/Q-value          ( % ) =   1.00525E+02
  Ratio of E-unplaced radi./Q-value ( % ) =   0.00000E+00

 
  Total yield of
    Gamma-ray                             =   7.60022E-01
    X-ray                                 =   9.19947E-01
    Free-bound X-ray                      =   2.76027E+01
    Annihilation photon                   =   0.00000E+00
    Beta+ particle                        =   0.00000E+00
    Beta- particle                        =   0.00000E+00
    Internal conv. electron               =   2.27271E+00
    Auger and CK electron                 =   2.53223E+01
    Alpha particle                        =   0.00000E+00
  Yield of unplaced radiation             =   0.00000E+00


%%%% 122 SB  51    B- EC B+     2.35336E+05 2.7238 D   02-11-2005       BALASTAR
1 122   SB  51 2.7238 D        B- EC B+   
1INTENSITY AND ENERGY BALANCE DATA

              122-ANTIMONY-51
+                                    HALFLIFE = 2.7238 DAYS    
+                                                                  02-11-2005


    LEVEL       INTENSITY   INTENSITY
    ENERGY      ENTERING    LEAVING     PERCENT
    (MEV)       LEVEL       LEVEL       ERROR

   0.0000E+00  9.7586E+01
   5.6426E-01  7.1114E+01  7.1091E+01  3.2555E-02                      
   1.1793E+00  1.1001E-02  1.1361E-02  3.2180E+00                      
   1.2569E+00  4.6605E+00  4.6788E+00  3.9322E-01                      
   1.3576E+00  1.6002E-02  1.6295E-02  1.8199E+00                      
   1.7523E+00  1.3401E-02  1.3438E-02  2.7242E-01                      
   0.0000E+00  2.4122E+00
   1.1403E+00  7.5489E-01  7.5707E-01  2.8757E-01                      


 INTENSITY TO GROUND AND ISOMERIC STATE(S) OF DAUGHTER(S)=  1.000E+02
 TOTAL INTENSITY FROM PARENT=  1.000E+02
 PERCENT ERROR =  1.938E-03                      


 TOTAL INTENSITY FROM PARENT =  1.000E+02
 VALUE IS WITHIN   1.53E-05% OF 100                      


 TOTAL ENERGY AVAILABLE =  1.970E+00 MEV
 TOTAL ENERGY CONTENT OF ALL RADIATIONS =  1.970E+00 MEV
 PERCENT ERROR =  6.190E-03                      
%%%% 122 SB  51    B- EC B+     2.35336E+05 2.7238 D   02-11-2005       BALAEND 
%%%% 122 SB  51    B- EC B+     2.35336E+05 2.7238 D   02-11-2005       INPUSTAR
1                                      **INPUT DATA**
              122-ANTIMONY-51
+                                    HALFLIFE = 2.7238 DAYS    
+                                                                  02-11-2005

            MODES OF DECAY: BETA MINUS, ELECTRON CAPTURE, BETA PLUS
 
                                MEAN
                                NUMBER/    TRANSITION
                TYPE OF    ID   TRANSFOR-  ENERGY
              TRANSITION   NO.  MATION     (MEV)       OTHER NUCLEAR PARAMETERS

               BETA MINUS   1   1.34E-04   2.263E-01*  FIRST FORBIDDEN                          
               BETA MINUS   2   1.60E-04   6.210E-01*  UNIQUE FIRST FORBIDDEN                   
               BETA MINUS   3   4.66E-02   7.217E-01*  FIRST FORBIDDEN                          
               BETA MINUS   4   1.10E-04   7.993E-01*  UNIQUE FIRST FORBIDDEN                   
               BETA MINUS   5   6.72E-01   1.414E+00*  FIRST FORBIDDEN                          
               BETA MINUS   6   2.57E-01   1.979E+00*  UNIQUE FIRST FORBIDDEN                   
           I.C.E. + GAMMA   1   7.11E-01   5.642E-01   E2 MULTIPOLE                             
+                                                                    AK= 0.00502                
           I.C.E. + GAMMA   2   1.14E-04   6.150E-01   E2 MULTIPOLE                             
+                                                                    AK= 0.00400                
           I.C.E. + GAMMA   3   3.87E-02   6.927E-01   M1+E2 MULTIPOLE                          
                                                       MRS=12.1      AK= 0.00302                
           I.C.E. + GAMMA   4   1.63E-04   7.933E-01   E2 MULTIPOLE                             
+                                                                    AK= 0.00213                
           I.C.E. + GAMMA   5   4.25E-05   1.188E+00   M1 MULTIPOLE                             
+                                                                    AK= 0.00110                
           I.C.E. + GAMMA   6   8.13E-03   1.257E+00   E2 MULTIPOLE                             
           I.C.E. + GAMMA   7   9.19E-05   1.752E+00   E2 MULTIPOLE                             
           ELECT. CAPTURE   1   7.55E-03   4.794E-01   FIRST FORBIDDEN                          
           ELECT. CAPTURE   2   1.65E-02   1.620E+00   UNIQUE FIRST FORBIDDEN                   
                BETA PLUS   1   6.26E-05   5.977E-01*  UNIQUE FIRST FORBIDDEN                   
           I.C.E. + GAMMA   1   7.57E-03   1.141E+00   E2 MULTIPOLE                             
 
           * ENDPOINT ENERGY (MEV)
           - - - - - - - - - -
           Reference: Evaluated Nuclear Structure Data File (ENSDF)
                DATE DATA WERE ENTERED INTO ENSDF: Jul-1994
%%%% 122 SB  51    B- EC B+     2.35336E+05 2.7238 D   02-11-2005       INPUEND 
%%%% 122 SB  51    B- EC B+     2.35336E+05 2.7238 D   02-11-2005       OUTPSTAR
1                                      **OUTPUT DATA**
              122-ANTIMONY-51
+                                    HALFLIFE = 2.7238 DAYS    
+                                                                  02-11-2005

            MODES OF DECAY: BETA MINUS, ELECTRON CAPTURE, BETA PLUS
 
                                              MEAN
                                              NUMBER/                  MEV/
                                         ID   TRANSFOR-   ENERGY       TRANSFOR-
                  TYPE OF RADIATION      NO.  MATION      (MEV)        MATION

           BETA MINUS                     3   4.66E-02    2.356E-01*   1.10E-02
           BETA MINUS                     5   6.72E-01    5.212E-01*   3.50E-01
           BETA MINUS                     6   2.57E-01    7.710E-01*   1.98E-01
           GAMMA-RAY                      1   7.07E-01    5.642E-01    3.99E-01
           K CONV. ELECTRON, GAMMA-RAY    1   3.55E-03    5.324E-01    1.89E-03
           GAMMA-RAY                      3   3.85E-02    6.927E-01    2.67E-02
           GAMMA-RAY                      6   8.13E-03    1.257E+00    1.02E-02
           GAMMA-RAY                      1   7.56E-03    1.141E+00    8.63E-03
 
           ALL LISTED X-RAYS, GAMMA-RAYS AND ANNIHILATION RADIATION    4.44E-01
           ALL NEGLECTED X-RAYS, GAMMA-RAYS AND ANNIH. RADIATION**     1.03E-03
           ALL LISTED BETAS, INTERNAL CONVERSION AND AUGER ELECTRONS   5.61E-01
           ALL NEGLECTED BETAS, INT. CONVERSION AND AUGER ELECTRONS**  7.15E-04
           ALL LISTED RADIATIONS                                       1.01E+00
           ALL NEGLECTED RADIATIONS**                                  1.75E-03
 
           *  AVERAGE ENERGY (MEV)
           ** EACH NEGLECTED TRANSITION CONTRIBUTES LESS THAN  0.100%
              TO THE TOTAL MEV/TRANSFORMATION FOR THIS CATEGORY.
           TOTAL FEEDING OF GROUND STATE LEVEL IN 122-TELLURIUM
             DAUGHTER IS 9.7590E-01 PER TRANSFORMATION OF 122-ANTIMONY.
             THIS DAUGHTER GROUND STATE IS STABLE.
           TOTAL FEEDING OF GROUND STATE LEVEL IN 122-TIN
             DAUGHTER IS 2.4100E-02 PER TRANSFORMATION OF 122-ANTIMONY.
             THIS DAUGHTER GROUND STATE IS STABLE.
           - - - - - - - - - -
           INPUT DATA SOURCE: EVALUATED NUCLEAR STRUCTURE DATA FILE (ENSDF)
             DATE INPUT DATA WERE ENTERED INTO ENSDF: Jul-1994
%%%% 122 SB  51    B- EC B+     2.35336E+05 2.7238 D   02-11-2005       OUTPEND 
%%%% 122 SB  51    B- EC B+     2.35336E+05 2.7238 D   02-11-2005       BETASTAR
1
              122-ANTIMONY-51
+                                    HALFLIFE = 2.7238 DAYS    
+                                                                  02-11-2005

            BETA SPECTRUM DATA FOR ALL DECAY BRANCHES

                      BETAS PER                BETAS PER                BETAS PER
            ENERGY    MEV            ENERGY    MEV            ENERGY    MEV
            (MEV)     PER DECAY      (MEV)     PER DECAY      (MEV)     PER DECAY

            0.00000   7.459E-01      0.00280   7.464E-01      0.08500   8.347E-01
            0.00010   7.459E-01      0.00300   7.464E-01      0.09000   8.402E-01
            0.00011   7.459E-01      0.00320   7.465E-01      0.10000   8.509E-01
            0.00012   7.459E-01      0.00360   7.465E-01      0.11000   8.613E-01
            0.00013   7.459E-01      0.00400   7.466E-01      0.12000   8.715E-01
            0.00014   7.459E-01      0.00450   7.467E-01      0.13000   8.814E-01
            0.00015   7.459E-01      0.00500   7.468E-01      0.14000   8.909E-01
            0.00016   7.459E-01      0.00550   7.469E-01      0.15000   9.001E-01
            0.00018   7.459E-01      0.00600   7.469E-01      0.16000   9.089E-01
            0.00020   7.459E-01      0.00650   7.470E-01      0.18000   9.254E-01
            0.00022   7.459E-01      0.00700   7.471E-01      0.20000   9.404E-01
            0.00024   7.459E-01      0.00750   7.472E-01      0.22000   9.537E-01
            0.00026   7.459E-01      0.00800   7.473E-01      0.24000   9.653E-01
            0.00028   7.459E-01      0.00850   7.473E-01      0.26000   9.752E-01
            0.00030   7.459E-01      0.00900   7.483E-01      0.28000   9.833E-01
            0.00032   7.459E-01      0.01000   7.495E-01      0.30000   9.897E-01
            0.00036   7.459E-01      0.01100   7.507E-01      0.32000   9.944E-01
            0.00040   7.460E-01      0.01200   7.519E-01      0.36000   9.986E-01
            0.00045   7.460E-01      0.01300   7.531E-01      0.40000   9.963E-01
            0.00050   7.460E-01      0.01400   7.543E-01      0.45000   9.846E-01
            0.00055   7.460E-01      0.01500   7.555E-01      0.50000   9.640E-01
            0.00060   7.460E-01      0.01600   7.567E-01      0.55000   9.356E-01
            0.00065   7.460E-01      0.01800   7.590E-01      0.60000   9.009E-01
            0.00070   7.460E-01      0.02000   7.614E-01      0.65000   8.612E-01
            0.00075   7.460E-01      0.02200   7.637E-01      0.70000   8.181E-01
            0.00080   7.460E-01      0.02400   7.660E-01      0.75000   7.728E-01
            0.00085   7.460E-01      0.02600   7.683E-01      0.80000   7.225E-01
            0.00090   7.460E-01      0.02800   7.706E-01      0.85000   6.676E-01
            0.00100   7.461E-01      0.03000   7.729E-01      0.90000   6.092E-01
            0.00110   7.461E-01      0.03200   7.752E-01      1.00000   4.860E-01
            0.00120   7.461E-01      0.03600   7.797E-01      1.10000   3.625E-01
            0.00130   7.461E-01      0.04000   7.843E-01      1.20000   2.498E-01
            0.00140   7.461E-01      0.04500   7.900E-01      1.30000   1.606E-01
            0.00150   7.462E-01      0.05000   7.956E-01      1.40000   1.089E-01
            0.00160   7.462E-01      0.05500   8.013E-01      1.50000   8.758E-02
            0.00180   7.462E-01      0.06000   8.069E-01      1.60000   6.481E-02
            0.00200   7.462E-01      0.06500   8.126E-01      1.80000   2.013E-02
            0.00220   7.463E-01      0.07000   8.182E-01      1.97860   0.000E+00
            0.00240   7.463E-01      0.07500   8.237E-01
            0.00260   7.464E-01      0.08000   8.292E-01

            AVERAGE BETA ENERGY =   5.731E-01

            TOTAL BETAS PER DECAY FOR ALL BRANCHES =   9.760E-01
%%%% 122 SB  51    B- EC B+     2.35336E+05 2.7238 D   02-11-2005       BETAEND 
%%%% 122 SB  51    B- EC B+     2.35336E+05 2.7238 D   02-11-2005       SEEISTAR
122.  ANTIMONY     51.  2.724E+00 DAYS     188 B- EC B+             122.SB 51.   0
 5 1  1.34013E-02  6.28302E-02  2.26300E-01  0.00000E+00            122.SB 51.   1   1
 5 2  1.60016E-02  2.15059E-01  6.21000E-01  1.00000E+00            122.SB 51.   2   2
 5 3  4.66046E+00  2.35625E-01  7.21680E-01  0.00000E+00            122.SB 51.   3   3
 5 4  1.10011E-02  2.81857E-01  7.99300E-01  1.00000E+00            122.SB 51.   4   4
 5 5  6.72166E+01  5.21184E-01  1.41434E+00  0.00000E+00            122.SB 51.   5   5
 5 6  2.56725E+01  7.70975E-01  1.97860E+00  1.00000E+00            122.SB 51.   6   6
 1 1  7.06747E+01  5.64240E-01  5.64240E-01  0.00000E+00            122.SB 51.   7   1
 6 1  3.55003E-01  5.32435E-01  5.32435E-01  1.00000E+00            122.SB 51.   8   1
 6 5  3.99775E-02  5.59326E-01  5.59326E-01  1.00000E+00            122.SB 51.   9   5
 6 6  5.19567E-03  5.59622E-01  5.59622E-01  1.00000E+00            122.SB 51.  10   6
 6 7  3.69399E-03  5.59900E-01  5.59900E-01  1.00000E+00            122.SB 51.  11   7
 6 3  9.83599E-03  5.63425E-01  5.63425E-01  1.00000E+00            122.SB 51.  12   3
 6 4  2.31940E-03  5.64240E-01  5.64240E-01  1.00000E+00            122.SB 51.  13   4
 1 2  1.13079E-02  6.15000E-01  6.15000E-01  0.00000E+00            122.SB 51.  14   2
 6 1  4.52849E-05  5.83195E-01  5.83195E-01  2.00000E+00            122.SB 51.  15   1
 6 5  5.12110E-06  6.10086E-01  6.10086E-01  2.00000E+00            122.SB 51.  16   5
 6 6  5.94542E-07  6.10382E-01  6.10382E-01  2.00000E+00            122.SB 51.  17   6
 6 7  4.15485E-07  6.10660E-01  6.10660E-01  2.00000E+00            122.SB 51.  18   7
 6 3  1.23206E-06  6.14185E-01  6.14185E-01  2.00000E+00            122.SB 51.  19   3
 6 4  2.91282E-07  6.15000E-01  6.15000E-01  2.00000E+00            122.SB 51.  20   4
 1 3  3.85177E+00  6.92650E-01  6.92650E-01  0.00000E+00            122.SB 51.  21   3
 6 1  1.16475E-02  6.60845E-01  6.60845E-01  3.00000E+00            122.SB 51.  22   1
 6 5  1.32788E-03  6.87736E-01  6.87736E-01  3.00000E+00            122.SB 51.  23   5
 6 6  1.23507E-04  6.88032E-01  6.88032E-01  3.00000E+00            122.SB 51.  24   6
 6 7  8.28401E-05  6.88310E-01  6.88310E-01  3.00000E+00            122.SB 51.  25   7
 6 3  3.07491E-04  6.91835E-01  6.91835E-01  3.00000E+00            122.SB 51.  26   3
 6 4  7.30242E-05  6.92650E-01  6.92650E-01  3.00000E+00            122.SB 51.  27   4
 1 4  1.62552E-02  7.93300E-01  7.93300E-01  0.00000E+00            122.SB 51.  28   4
 6 1  3.46667E-05  7.61495E-01  7.61495E-01  4.00000E+00            122.SB 51.  29   1
 6 5  3.95090E-06  7.88386E-01  7.88386E-01  4.00000E+00            122.SB 51.  30   5
 6 6  3.27722E-07  7.88682E-01  7.88682E-01  4.00000E+00            122.SB 51.  31   6
 6 7  2.21316E-07  7.88960E-01  7.88960E-01  4.00000E+00            122.SB 51.  32   7
 6 3  8.99672E-07  7.92485E-01  7.92485E-01  4.00000E+00            122.SB 51.  33   3
 6 4  2.14253E-07  7.93300E-01  7.93300E-01  4.00000E+00            122.SB 51.  34   4
 1 5  4.24048E-03  1.18800E+00  1.18800E+00  0.00000E+00            122.SB 51.  35   5
 6 1  4.67507E-06  1.15620E+00  1.15620E+00  5.00000E+00            122.SB 51.  36   1
 6 5  5.46926E-07  1.18309E+00  1.18309E+00  5.00000E+00            122.SB 51.  37   5
 6 6  1.46282E-08  1.18338E+00  1.18338E+00  5.00000E+00            122.SB 51.  38   6
 6 7  5.50794E-09  1.18366E+00  1.18366E+00  5.00000E+00            122.SB 51.  39   7
 6 3  1.12728E-07  1.18719E+00  1.18719E+00  5.00000E+00            122.SB 51.  40   3
 6 4  2.69131E-08  1.18800E+00  1.18800E+00  5.00000E+00            122.SB 51.  41   4
 1 6  8.12759E-01  1.25693E+00  1.25693E+00  0.00000E+00            122.SB 51.  42   6
 6 1  6.32807E-04  1.22513E+00  1.22513E+00  6.00000E+00            122.SB 51.  43   1
 6 5  7.23616E-05  1.25202E+00  1.25202E+00  6.00000E+00            122.SB 51.  44   5
 6 6  3.28580E-06  1.25231E+00  1.25231E+00  6.00000E+00            122.SB 51.  45   6
 6 7  2.24200E-06  1.25259E+00  1.25259E+00  6.00000E+00            122.SB 51.  46   7
 6 3  1.54691E-05  1.25612E+00  1.25612E+00  6.00000E+00            122.SB 51.  47   3
 6 4  3.61642E-06  1.25693E+00  1.25693E+00  6.00000E+00            122.SB 51.  48   4
 1 7  9.18771E-03  1.75240E+00  1.75240E+00  0.00000E+00            122.SB 51.  49   7
 6 1  3.74186E-06  1.72060E+00  1.72060E+00  7.00000E+00            122.SB 51.  50   1
 6 5  4.30918E-07  1.74749E+00  1.74749E+00  7.00000E+00            122.SB 51.  51   5
 6 6  1.29269E-08  1.74778E+00  1.74778E+00  7.00000E+00            122.SB 51.  52   6
 6 7  9.57061E-09  1.74806E+00  1.74806E+00  7.00000E+00            122.SB 51.  53   7
 6 3  9.02273E-08  1.75159E+00  1.75159E+00  7.00000E+00            122.SB 51.  54   3
 6 4  2.06928E-08  1.75240E+00  1.75240E+00  7.00000E+00            122.SB 51.  55   4
 2 1  9.27394E-02  2.71868E-02  2.71868E-02  0.00000E+00            122.SB 51.  56   1
 2 2  1.72643E-01  2.74652E-02  2.74652E-02  0.00000E+00            122.SB 51.  57   2
 2 3  1.58966E-02  3.09378E-02  3.09378E-02  0.00000E+00            122.SB 51.  58   3
 2 4  3.08299E-02  3.09901E-02  3.09901E-02  0.00000E+00            122.SB 51.  59   4
 2 5  1.41861E-04  3.12112E-02  3.12112E-02  0.00000E+00            122.SB 51.  60   5
 2 6  1.95067E-04  3.12223E-02  3.12223E-02  0.00000E+00            122.SB 51.  61   6
 2 7  3.29334E-03  3.16740E-02  3.16740E-02  0.00000E+00            122.SB 51.  62   7
 2 8  6.47273E-03  3.16841E-02  3.16841E-02  0.00000E+00            122.SB 51.  63   8
 2 9  2.38792E-05  3.17543E-02  3.17543E-02  0.00000E+00            122.SB 51.  64   9
 210  3.26976E-05  3.17559E-02  3.17559E-02  0.00000E+00            122.SB 51.  65  10
 211  1.88686E-04  3.17957E-02  3.17957E-02  0.00000E+00            122.SB 51.  66  11
 212  3.48897E-04  3.17967E-02  3.17967E-02  0.00000E+00            122.SB 51.  67  12
 221  1.23480E-06  2.96000E-04  2.96000E-04  0.00000E+00            122.SB 51.  68  21
 222  1.95623E-05  5.74501E-04  5.74501E-04  0.00000E+00            122.SB 51.  69  22
 223  7.63043E-04  4.04711E-03  4.04711E-03  0.00000E+00            122.SB 51.  70  23
 224  1.22223E-03  4.09934E-03  4.09934E-03  0.00000E+00            122.SB 51.  71  24
 225  1.04863E-05  4.32046E-03  4.32046E-03  0.00000E+00            122.SB 51.  72  25
 226  1.56594E-05  4.33146E-03  4.33146E-03  0.00000E+00            122.SB 51.  73  26
 227  1.57090E-04  4.78322E-03  4.78322E-03  0.00000E+00            122.SB 51.  74  27
 228  2.57068E-04  4.79328E-03  4.79328E-03  0.00000E+00            122.SB 51.  75  28
 229  1.17663E-06  4.86350E-03  4.86350E-03  0.00000E+00            122.SB 51.  76  29
 230  1.78018E-06  4.86503E-03  4.86503E-03  0.00000E+00            122.SB 51.  77  30
 231  9.87704E-06  4.90497E-03  4.90497E-03  0.00000E+00            122.SB 51.  78  31
 232  1.54503E-05  4.90588E-03  4.90588E-03  0.00000E+00            122.SB 51.  79  32
 241  5.92982E-09  2.78500E-04  2.78500E-04  0.00000E+00            122.SB 51.  80  41
 242  4.98534E-04  3.62711E-03  3.62711E-03  0.00000E+00            122.SB 51.  81  42
 243  6.79825E-06  3.80335E-03  3.80335E-03  0.00000E+00            122.SB 51.  82  43
 244  8.54203E-03  4.02446E-03  4.02446E-03  0.00000E+00            122.SB 51.  83  44
 245  6.59711E-05  4.44388E-03  4.44388E-03  0.00000E+00            122.SB 51.  84  45
 246  7.17682E-07  4.49729E-03  4.49729E-03  0.00000E+00            122.SB 51.  85  46
 247  1.16195E-03  4.56748E-03  4.56748E-03  0.00000E+00            122.SB 51.  86  47
 249  6.88653E-06  4.59974E-03  4.59974E-03  0.00000E+00            122.SB 51.  87  49
 250  4.31838E-08  4.60991E-03  4.60991E-03  0.00000E+00            122.SB 51.  88  50
 261  1.72700E-03  3.34861E-03  3.34861E-03  0.00000E+00            122.SB 51.  89  61
 262  9.16650E-06  3.47261E-03  3.47261E-03  0.00000E+00            122.SB 51.  90  62
 263  8.55971E-06  3.52484E-03  3.52484E-03  0.00000E+00            122.SB 51.  91  63
 264  1.65559E-03  3.74596E-03  3.74596E-03  0.00000E+00            122.SB 51.  92  64
 265  1.46789E-02  3.75695E-03  3.75695E-03  0.00000E+00            122.SB 51.  93  65
 266  1.39919E-04  4.16537E-03  4.16537E-03  0.00000E+00            122.SB 51.  94  66
 267  6.92289E-07  4.20872E-03  4.20872E-03  0.00000E+00            122.SB 51.  95  67
 268  6.62740E-07  4.21879E-03  4.21879E-03  0.00000E+00            122.SB 51.  96  68
 269  2.20007E-04  4.28899E-03  4.28899E-03  0.00000E+00            122.SB 51.  97  69
 270  1.95807E-03  4.29052E-03  4.29052E-03  0.00000E+00            122.SB 51.  98  70
 273  1.72382E-05  4.32125E-03  4.32125E-03  0.00000E+00            122.SB 51.  99  73
 274  4.33534E-08  4.33049E-03  4.33049E-03  0.00000E+00            122.SB 51. 100  74
 275  3.97151E-08  4.33139E-03  4.33139E-03  0.00000E+00            122.SB 51. 101  75
 291  1.58718E-03  5.33357E-04  5.33357E-04  0.00000E+00            122.SB 51. 102  91
 292  3.72192E-05  7.62496E-05  7.62496E-05  0.00000E+00            122.SB 51. 103  92
 294  5.50041E+00  1.36106E-05  1.36106E-05  0.00000E+00            122.SB 51. 104  94
 7 1  2.99740E-02  2.26653E-02  2.26653E-02  0.00000E+00            122.SB 51. 105   1
 7 2  1.32018E-02  2.65056E-02  2.65056E-02  0.00000E+00            122.SB 51. 106   2
 7 3  1.39030E-03  3.03461E-02  3.03461E-02  0.00000E+00            122.SB 51. 107   3
 7 4  5.45807E-02  2.90603E-04  2.90603E-04  0.00000E+00            122.SB 51. 108   4
 7 5  2.73096E-01  3.08228E-03  3.08228E-03  0.00000E+00            122.SB 51. 109   5
 7 6  7.73107E-02  3.67597E-03  3.67597E-03  0.00000E+00            122.SB 51. 110   6
 7 7  5.46371E-03  4.29160E-03  4.29160E-03  0.00000E+00            122.SB 51. 111   7
 7 8  3.07722E-01  1.21231E-04  1.21231E-04  0.00000E+00            122.SB 51. 112   8
 7 9  6.94759E-01  4.49300E-04  4.49300E-04  0.00000E+00            122.SB 51. 113   9
 710  2.67428E-02  5.40588E-04  5.40588E-04  0.00000E+00            122.SB 51. 114  10
 711  9.98937E-05  6.84980E-04  6.84980E-04  0.00000E+00            122.SB 51. 115  11
 712  8.95170E-01  2.49352E-05  2.49352E-05  0.00000E+00            122.SB 51. 116  12
 713  2.68800E+00  2.29207E-05  2.29207E-05  0.00000E+00            122.SB 51. 117  13
 4 1  6.25768E-03  2.91756E-01  5.97700E-01  1.00000E+00            122.SB 51. 118   1
 3 3  1.25154E-02  5.11000E-01  5.11000E-01  0.00000E+00            122.SB 51. 119   3
 1 1  7.56333E-01  1.14067E+00  1.14067E+00  0.00000E+00            122.SB 51. 120   1
 6 1  6.38737E-04  1.11149E+00  1.11149E+00  1.00000E+00            122.SB 51. 121   1
 6 5  7.23724E-05  1.13623E+00  1.13623E+00  1.00000E+00            122.SB 51. 122   5
 6 6  3.32123E-06  1.13651E+00  1.13651E+00  1.00000E+00            122.SB 51. 123   6
 6 7  2.35697E-06  1.13674E+00  1.13674E+00  1.00000E+00            122.SB 51. 124   7
 6 3  1.52808E-05  1.13996E+00  1.13996E+00  1.00000E+00            122.SB 51. 125   3
 6 4  3.37584E-06  1.14067E+00  1.14067E+00  1.00000E+00            122.SB 51. 126   4
 2 1  5.07962E-01  2.50232E-02  2.50232E-02  0.00000E+00            122.SB 51. 127   1
 2 2  9.50387E-01  2.52572E-02  2.52572E-02  0.00000E+00            122.SB 51. 128   2
 2 3  8.57422E-02  2.84307E-02  2.84307E-02  0.00000E+00            122.SB 51. 129   3
 2 4  1.66484E-01  2.84736E-02  2.84736E-02  0.00000E+00            122.SB 51. 130   4
 2 5  6.88136E-04  2.86804E-02  2.86804E-02  0.00000E+00            122.SB 51. 131   5
 2 6  9.52025E-04  2.86893E-02  2.86893E-02  0.00000E+00            122.SB 51. 132   6
 2 7  1.75705E-02  2.90803E-02  2.90803E-02  0.00000E+00            122.SB 51. 133   7
 2 8  3.43158E-02  2.90882E-02  2.90882E-02  0.00000E+00            122.SB 51. 134   8
 2 9  1.01820E-04  2.91506E-02  2.91506E-02  0.00000E+00            122.SB 51. 135   9
 210  1.40016E-04  2.91516E-02  2.91516E-02  0.00000E+00            122.SB 51. 136  10
 211  3.51755E-04  2.91777E-02  2.91777E-02  0.00000E+00            122.SB 51. 137  11
 212  6.38667E-04  2.91782E-02  2.91782E-02  0.00000E+00            122.SB 51. 138  12
 221  8.10495E-06  2.79500E-04  2.79500E-04  0.00000E+00            122.SB 51. 139  21
 222  1.08403E-04  5.13499E-04  5.13499E-04  0.00000E+00            122.SB 51. 140  22
 223  4.38999E-03  3.68694E-03  3.68694E-03  0.00000E+00            122.SB 51. 141  23
 224  7.14461E-03  3.72997E-03  3.72997E-03  0.00000E+00            122.SB 51. 142  24
 225  5.54760E-05  3.93673E-03  3.93673E-03  0.00000E+00            122.SB 51. 143  25
 226  8.27940E-05  3.94568E-03  3.94568E-03  0.00000E+00            122.SB 51. 144  26
 227  8.57592E-04  4.33665E-03  4.33665E-03  0.00000E+00            122.SB 51. 145  27
 228  1.41927E-03  4.34449E-03  4.34449E-03  0.00000E+00            122.SB 51. 146  28
 229  5.59882E-06  4.40681E-03  4.40681E-03  0.00000E+00            122.SB 51. 147  29
 230  8.43466E-06  4.40791E-03  4.40791E-03  0.00000E+00            122.SB 51. 148  30
 231  1.96119E-05  4.43403E-03  4.43403E-03  0.00000E+00            122.SB 51. 149  31
 232  3.05222E-05  4.43453E-03  4.43453E-03  0.00000E+00            122.SB 51. 150  32
 241  2.11672E-08  2.34000E-04  2.34000E-04  0.00000E+00            122.SB 51. 151  41
 242  2.63938E-03  3.29176E-03  3.29176E-03  0.00000E+00            122.SB 51. 152  42
 243  3.40839E-05  3.45047E-03  3.45047E-03  0.00000E+00            122.SB 51. 153  43
 244  4.11737E-02  3.65722E-03  3.65722E-03  0.00000E+00            122.SB 51. 154  44
 245  3.19738E-04  4.01798E-03  4.01798E-03  0.00000E+00            122.SB 51. 155  45
 246  2.99397E-06  4.06501E-03  4.06501E-03  0.00000E+00            122.SB 51. 156  46
 247  4.97027E-03  4.12732E-03  4.12732E-03  0.00000E+00            122.SB 51. 157  47
 249  2.73243E-05  4.14741E-03  4.14741E-03  0.00000E+00            122.SB 51. 158  49
 250  6.44265E-08  4.15504E-03  4.15504E-03  0.00000E+00            122.SB 51. 159  50
 261  9.09693E-03  3.05775E-03  3.05775E-03  0.00000E+00            122.SB 51. 160  61
 262  4.63468E-05  3.17344E-03  3.17344E-03  0.00000E+00            122.SB 51. 161  62
 263  4.34154E-05  3.21649E-03  3.21649E-03  0.00000E+00            122.SB 51. 162  63
 264  8.17336E-03  3.42323E-03  3.42323E-03  0.00000E+00            122.SB 51. 163  64
 265  7.24692E-02  3.43219E-03  3.43219E-03  0.00000E+00            122.SB 51. 164  65
 266  6.76325E-04  3.78398E-03  3.78398E-03  0.00000E+00            122.SB 51. 165  66
 267  2.97536E-06  3.82316E-03  3.82316E-03  0.00000E+00            122.SB 51. 166  67
 268  2.84034E-06  3.83101E-03  3.83101E-03  0.00000E+00            122.SB 51. 167  68
 269  9.66789E-04  3.89332E-03  3.89332E-03  0.00000E+00            122.SB 51. 168  69
 270  8.58179E-03  3.89442E-03  3.89442E-03  0.00000E+00            122.SB 51. 169  70
 273  6.87119E-05  3.91341E-03  3.91341E-03  0.00000E+00            122.SB 51. 170  73
 274  6.78380E-08  3.92053E-03  3.92053E-03  0.00000E+00            122.SB 51. 171  74
 275  6.09438E-08  3.92104E-03  3.92104E-03  0.00000E+00            122.SB 51. 172  75
 291  6.75997E-03  4.64987E-04  4.64987E-04  0.00000E+00            122.SB 51. 173  91
 292  1.50680E-04  6.23200E-05  6.23200E-05  0.00000E+00            122.SB 51. 174  92
 294  3.28692E+01  1.08543E-05  1.08543E-05  0.00000E+00            122.SB 51. 175  94
 7 1  1.91515E-01  2.09334E-02  2.09334E-02  0.00000E+00            122.SB 51. 176   1
 7 2  8.15640E-02  2.44171E-02  2.44171E-02  0.00000E+00            122.SB 51. 177   2
 7 3  8.32724E-03  2.79029E-02  2.79029E-02  0.00000E+00            122.SB 51. 178   3
 7 4  3.27839E-01  2.73812E-04  2.73812E-04  0.00000E+00            122.SB 51. 179   4
 7 5  1.60294E+00  2.84936E-03  2.84936E-03  0.00000E+00            122.SB 51. 180   5
 7 6  4.13238E-01  3.36637E-03  3.36637E-03  0.00000E+00            122.SB 51. 181   6
 7 7  2.74085E-02  3.90283E-03  3.90283E-03  0.00000E+00            122.SB 51. 182   7
 7 8  1.80861E+00  1.23811E-04  1.23811E-04  0.00000E+00            122.SB 51. 183   8
 7 9  4.06236E+00  3.96353E-04  3.96353E-04  0.00000E+00            122.SB 51. 184   9
 710  9.26079E-02  4.70395E-04  4.70395E-04  0.00000E+00            122.SB 51. 185  10
 711  1.52533E-04  6.33081E-04  6.33081E-04  0.00000E+00            122.SB 51. 186  11
 712  5.59771E+00  3.03580E-05  3.03580E-05  0.00000E+00            122.SB 51. 187  12
 713  1.62505E+01  1.13316E-05  1.13316E-05  0.00000E+00            122.SB 51. 188  13
%%%% 122 SB  51    B- EC B+     2.35336E+05 2.7238 D   02-11-2005       SEEIEND 
 


   ***************************************************** 
   *                 Radiation Summary                 * 
   ***************************************************** 
 
  Energy released by
    Gamma-ray                       (MeV) =   4.44707E-01
    X-ray                           (MeV) =   5.52474E-04
    Free-bound X-ray                (MeV) =   4.31636E-06
    Annihilation photon             (MeV) =   6.39534E-05
    Beta+ particle                  (MeV) =   1.82571E-05
    Neutrino                        (MeV) =   2.97312E-02
    Beta- particle                  (MeV) =   5.59306E-01
    Neutrino-                       (MeV) =   9.33173E-01
    Internal conv. electron         (MeV) =   2.34011E-03
    Auger and CK electron           (MeV) =   1.73046E-04
    Alpha particle                  (MeV) =   0.00000E+00
    Recoil nucleus                  (MeV) =   0.00000E+00
  E-total (except unplaced radiat.) (MeV) =   1.97007E+00
  E-unplaced radiation              (MeV) =   0.00000E+00
  Q-value from ENSDF data           (MeV) =   1.96995E+00
  Ratio of E-total/Q-value          ( % ) =   1.00006E+02
  Ratio of E-unplaced radi./Q-value ( % ) =   0.00000E+00

 
  Total yield of
    Gamma-ray                             =   7.61365E-01
    X-ray                                 =   2.29328E-02
    Free-bound X-ray                      =   3.83696E-01
    Annihilation photon                   =   1.25154E-04
    Beta+ particle                        =   6.25768E-05
    Beta- particle                        =   9.75900E-01
    Internal conv. electron               =   4.31156E-03
    Auger and CK electron                 =   3.55322E-01
    Alpha particle                        =   0.00000E+00
  Yield of unplaced radiation             =   0.00000E+00


