%%%%  81 SE  34    B-           1.10700E+03 18.45 M    02-11-2005       BALASTAR
1  81   SE  34 18.45 M         B-         
           WARNING:                                                                             
  81 BR 35  GAMMA-RAY ENERGY =   1.10500 MEV                                                    
           HALF-LIFE OF INITIAL LEVEL ASSOCIATED WITH GAMMA-RAY TOO SHORT TO BE                 
           CONSIDERED ISOMERIC, AND INTENSITY = 0.0                                             
           TRANSITION IGNORED                                                                   
1INTENSITY AND ENERGY BALANCE DATA

              81-SELENIUM-34
+                                    HALFLIFE = 18.45 MINUTES 
+                                                                  02-11-2005


    LEVEL       INTENSITY   INTENSITY
    ENERGY      ENTERING    LEAVING     PERCENT
    (MEV)       LEVEL       LEVEL       ERROR

   0.0000E+00  1.0003E+02
   2.7593E-01  6.4379E-01  6.7553E-01  4.8117E+00                      
   5.3820E-01  5.0682E-02  4.8991E-02  3.3938E+00                      
   5.6601E-01  7.8020E-01  7.7675E-01  4.4358E-01                      
   6.4988E-01  2.4914E-02  2.4951E-02  1.4966E-01                      
   8.2827E-01  3.9010E-01  3.8935E-01  1.9394E-01                      
   1.1050E+00  0.0000E+00  0.0000E+00  2.0000E+02  ********************
   1.3273E+00  2.9008E-03  2.8160E-03  2.9659E+00                      


 INTENSITY TO GROUND AND ISOMERIC STATE(S) OF DAUGHTER(S)=  1.000E+02
 TOTAL INTENSITY FROM PARENT=  1.000E+02
 PERCENT ERROR =  2.580E-02                      


 TOTAL INTENSITY FROM PARENT =  1.000E+02
 VALUE IS WITHIN   7.63E-06% OF 100                      


 TOTAL ENERGY AVAILABLE =  1.585E+00 MEV
 TOTAL ENERGY CONTENT OF ALL RADIATIONS =  1.585E+00 MEV
 PERCENT ERROR =  3.257E-03                      
%%%%  81 SE  34    B-           1.10700E+03 18.45 M    02-11-2005       BALAEND 
%%%%  81 SE  34    B-           1.10700E+03 18.45 M    02-11-2005       INPUSTAR
1                                      **INPUT DATA**
              81-SELENIUM-34
+                                    HALFLIFE = 18.45 MINUTES 
+                                                                  02-11-2005

            MODE OF DECAY: BETA MINUS
 
                                MEAN
                                NUMBER/    TRANSITION
                TYPE OF    ID   TRANSFOR-  ENERGY
              TRANSITION   NO.  MATION     (MEV)       OTHER NUCLEAR PARAMETERS

               BETA MINUS   1   2.90E-05   2.577E-01*  ALLOWED                                  
+                                                              ASSUMED                          
               BETA MINUS   2   3.90E-03   7.567E-01*  ALLOWED                                  
               BETA MINUS   3   1.89E-04   9.351E-01*  ALLOWED                                  
               BETA MINUS   4   7.80E-03   1.019E+00*  ALLOWED                                  
               BETA MINUS   5   3.20E-04   1.047E+00*  ALLOWED                                  
               BETA MINUS   6   9.88E-01   1.585E+00*  ALLOWED                                  
           I.C.E. + GAMMA   1   6.01E-05   1.783E-01   M1+E2 MULTIPOLE                          
                                                       MRS=0.0841    AK= 0.0272                 
                                                       AL1=0.00278                              
           I.C.E. + GAMMA   2   6.76E-03   2.759E-01   M1+E2 MULTIPOLE                          
                                                       MRS=0.0100    AK= 0.00732                
           I.C.E. + GAMMA   3   5.57E-03   2.900E-01   M1+E2 MULTIPOLE                          
                                                       MRS=1.17      AK= 0.0115                 
                                                       AL1=0.00115                              
           I.C.E. + GAMMA   4   1.59E-04   2.901E-01   M1 MULTIPOLE                             
+                                                                    AK= 0.00637                
           I.C.E. + GAMMA   5   4.90E-04   5.382E-01   M1+E2 MULTIPOLE                          
                                                       MRS=0.00774   AK= 0.00147                
           I.C.E. + GAMMA   6   8.72E-04   5.524E-01   M1+E2 MULTIPOLE                          
                                                       MRS=0.102     AK= 0.00144                
           I.C.E. + GAMMA   7   2.20E-03   5.660E-01   M1+E2 MULTIPOLE                          
                                                       MRS=9.00      AK= 0.00178                
           I.C.E. + GAMMA   8   2.50E-04   6.498E-01   M1+E2 MULTIPOLE                          
                                                       MRS=0.0121                               
           I.C.E. + GAMMA   9   2.82E-05   7.891E-01   M1 MULTIPOLE ASSUMED                     
           I.C.E. + GAMMA  10   2.80E-03   8.283E-01   M1+E2 MULTIPOLE                          
                                                       MRS=0.0306                               
           I.C.E. + GAMMA  12   1.41E-05   1.352E+00   UNPLACED GAMMA                           
 
           * ENDPOINT ENERGY (MEV)
           - - - - - - - - - -
           Reference: Evaluated Nuclear Structure Data File (ENSDF)
                DATE DATA WERE ENTERED INTO ENSDF: Feb-1997
%%%%  81 SE  34    B-           1.10700E+03 18.45 M    02-11-2005       INPUEND 
%%%%  81 SE  34    B-           1.10700E+03 18.45 M    02-11-2005       OUTPSTAR
1                                      **OUTPUT DATA**
              81-SELENIUM-34
+                                    HALFLIFE = 18.45 MINUTES 
+                                                                  02-11-2005

            MODE OF DECAY: BETA MINUS
 
                                              MEAN
                                              NUMBER/                  MEV/
                                         ID   TRANSFOR-   ENERGY       TRANSFOR-
                  TYPE OF RADIATION      NO.  MATION      (MEV)        MATION

           BETA MINUS                     2   3.90E-03    2.576E-01*   1.00E-03
           BETA MINUS                     4   7.80E-03    3.659E-01*   2.85E-03
           BETA MINUS                     6   9.88E-01    6.143E-01*   6.07E-01
           GAMMA-RAY                      1   5.83E-05    1.783E-01    1.04E-05
           GAMMA-RAY                      2   6.70E-03    2.759E-01    1.85E-03
           GAMMA-RAY                      3   5.49E-03    2.900E-01    1.59E-03
           GAMMA-RAY                      4   1.57E-04    2.901E-01    4.57E-05
           GAMMA-RAY                      5   4.89E-04    5.382E-01    2.63E-04
           GAMMA-RAY                      6   8.71E-04    5.524E-01    4.81E-04
           GAMMA-RAY                      7   2.20E-03    5.660E-01    1.24E-03
           GAMMA-RAY                      8   2.49E-04    6.498E-01    1.62E-04
           GAMMA-RAY                      9   2.81E-05    7.891E-01    2.22E-05
           GAMMA-RAY                     10   2.80E-03    8.283E-01    2.32E-03
           GAMMA-RAY                     12   1.41E-05    1.352E+00    1.90E-05
 
           ALL LISTED X-RAYS, GAMMA-RAYS AND ANNIHILATION RADIATION    8.01E-03
           ALL NEGLECTED X-RAYS, GAMMA-RAYS AND ANNIH. RADIATION**     9.26E-07
           ALL LISTED BETAS, INTERNAL CONVERSION AND AUGER ELECTRONS   6.11E-01
           ALL NEGLECTED BETAS, INT. CONVERSION AND AUGER ELECTRONS**  2.27E-04
           ALL LISTED RADIATIONS                                       6.19E-01
           ALL NEGLECTED RADIATIONS**                                  2.28E-04
 
           *  AVERAGE ENERGY (MEV)
           ** EACH NEGLECTED TRANSITION CONTRIBUTES LESS THAN  0.100%
              TO THE TOTAL MEV/TRANSFORMATION FOR THIS CATEGORY.
           TOTAL FEEDING OF GROUND STATE LEVEL IN 81-BROMINE
             DAUGHTER IS 1.0000E+00 PER TRANSFORMATION OF  81-SELENIUM.
             THIS DAUGHTER GROUND STATE IS STABLE.
           - - - - - - - - - -
           INPUT DATA SOURCE: EVALUATED NUCLEAR STRUCTURE DATA FILE (ENSDF)
             DATE INPUT DATA WERE ENTERED INTO ENSDF: Feb-1997
%%%%  81 SE  34    B-           1.10700E+03 18.45 M    02-11-2005       OUTPEND 
%%%%  81 SE  34    B-           1.10700E+03 18.45 M    02-11-2005       BETASTAR
1
              81-SELENIUM-34
+                                    HALFLIFE = 18.45 MINUTES 
+                                                                  02-11-2005

            BETA SPECTRUM DATA FOR ALL DECAY BRANCHES

                      BETAS PER                BETAS PER                BETAS PER
            ENERGY    MEV            ENERGY    MEV            ENERGY    MEV
            (MEV)     PER DECAY      (MEV)     PER DECAY      (MEV)     PER DECAY

            0.00000   5.185E-01      0.00260   5.195E-01      0.07500   6.163E-01
            0.00010   5.186E-01      0.00280   5.195E-01      0.08000   6.238E-01
            0.00011   5.186E-01      0.00300   5.196E-01      0.08500   6.314E-01
            0.00012   5.186E-01      0.00320   5.197E-01      0.09000   6.389E-01
            0.00013   5.186E-01      0.00360   5.198E-01      0.10000   6.539E-01
            0.00014   5.186E-01      0.00400   5.199E-01      0.11000   6.687E-01
            0.00015   5.186E-01      0.00450   5.201E-01      0.12000   6.833E-01
            0.00016   5.186E-01      0.00500   5.205E-01      0.13000   6.977E-01
            0.00018   5.186E-01      0.00550   5.210E-01      0.14000   7.119E-01
            0.00020   5.186E-01      0.00600   5.216E-01      0.15000   7.259E-01
            0.00022   5.186E-01      0.00650   5.221E-01      0.16000   7.395E-01
            0.00024   5.186E-01      0.00700   5.227E-01      0.18000   7.660E-01
            0.00026   5.186E-01      0.00750   5.233E-01      0.20000   7.914E-01
            0.00028   5.186E-01      0.00800   5.238E-01      0.22000   8.155E-01
            0.00030   5.187E-01      0.00850   5.244E-01      0.24000   8.383E-01
            0.00032   5.187E-01      0.00900   5.250E-01      0.26000   8.597E-01
            0.00036   5.187E-01      0.01000   5.261E-01      0.28000   8.798E-01
            0.00040   5.187E-01      0.01100   5.272E-01      0.30000   8.984E-01
            0.00045   5.187E-01      0.01200   5.283E-01      0.32000   9.156E-01
            0.00050   5.187E-01      0.01300   5.294E-01      0.36000   9.455E-01
            0.00055   5.187E-01      0.01400   5.306E-01      0.40000   9.693E-01
            0.00060   5.188E-01      0.01500   5.317E-01      0.45000   9.902E-01
            0.00065   5.188E-01      0.01600   5.329E-01      0.50000   1.001E+00
            0.00070   5.188E-01      0.01800   5.352E-01      0.55000   1.003E+00
            0.00075   5.188E-01      0.02000   5.376E-01      0.60000   9.945E-01
            0.00080   5.188E-01      0.02200   5.401E-01      0.65000   9.770E-01
            0.00085   5.188E-01      0.02400   5.426E-01      0.70000   9.506E-01
            0.00090   5.189E-01      0.02600   5.452E-01      0.75000   9.159E-01
            0.00100   5.189E-01      0.02800   5.478E-01      0.80000   8.735E-01
            0.00110   5.189E-01      0.03000   5.504E-01      0.85000   8.238E-01
            0.00120   5.190E-01      0.03200   5.531E-01      0.90000   7.676E-01
            0.00130   5.190E-01      0.03600   5.586E-01      1.00000   6.398E-01
            0.00140   5.190E-01      0.04000   5.643E-01      1.10000   4.987E-01
            0.00150   5.191E-01      0.04500   5.715E-01      1.20000   3.535E-01
            0.00160   5.191E-01      0.05000   5.788E-01      1.30000   2.164E-01
            0.00180   5.192E-01      0.05500   5.862E-01      1.40000   1.012E-01
            0.00200   5.192E-01      0.06000   5.937E-01      1.50000   2.360E-02
            0.00220   5.193E-01      0.06500   6.012E-01      1.58500   0.000E+00
            0.00240   5.194E-01      0.07000   6.087E-01

            AVERAGE BETA ENERGY =   6.108E-01

            TOTAL BETAS PER DECAY FOR ALL BRANCHES =   1.000E+00
%%%%  81 SE  34    B-           1.10700E+03 18.45 M    02-11-2005       BETAEND 
%%%%  81 SE  34    B-           1.10700E+03 18.45 M    02-11-2005       SEEISTAR
 81.  SELENIUM     34.  1.845E+01 MINUTES  118 B-                    81.SE 34.   0
 5 1  2.90076E-03  7.41419E-02  2.57700E-01  0.00000E+00             81.SE 34.   1   1
 5 2  3.90102E-01  2.57580E-01  7.56730E-01  0.00000E+00             81.SE 34.   2   2
 5 3  1.89050E-02  3.30665E-01  9.35120E-01  0.00000E+00             81.SE 34.   3   3
 5 4  7.80204E-01  3.65912E-01  1.01899E+00  0.00000E+00             81.SE 34.   4   4
 5 5  3.20084E-02  3.77709E-01  1.04680E+00  0.00000E+00             81.SE 34.   5   5
 5 6  9.87759E+01  6.14250E-01  1.58500E+00  0.00000E+00             81.SE 34.   6   6
 1 1  5.82900E-03  1.78260E-01  1.78260E-01  0.00000E+00             81.SE 34.   7   1
 6 1  1.58497E-04  1.64825E-01  1.64825E-01  1.00000E+00             81.SE 34.   8   1
 6 5  1.62242E-05  1.76491E-01  1.76491E-01  1.00000E+00             81.SE 34.   9   5
 6 6  9.48278E-07  1.76658E-01  1.76658E-01  1.00000E+00             81.SE 34.  10   6
 6 7  7.94307E-07  1.76706E-01  1.76706E-01  1.00000E+00             81.SE 34.  11   7
 6 3  2.92057E-06  1.78075E-01  1.78075E-01  1.00000E+00             81.SE 34.  12   3
 6 4  3.29814E-07  1.78260E-01  1.78260E-01  1.00000E+00             81.SE 34.  13   4
 1 2  6.70000E-01  2.75930E-01  2.75930E-01  0.00000E+00             81.SE 34.  14   2
 6 1  4.90303E-03  2.62495E-01  2.62495E-01  2.00000E+00             81.SE 34.  15   1
 6 5  5.09514E-04  2.74161E-01  2.74161E-01  2.00000E+00             81.SE 34.  16   5
 6 6  1.53074E-05  2.74328E-01  2.74328E-01  2.00000E+00             81.SE 34.  17   6
 6 7  7.09117E-06  2.74376E-01  2.74376E-01  2.00000E+00             81.SE 34.  18   7
 6 3  8.65835E-05  2.75745E-01  2.75745E-01  2.00000E+00             81.SE 34.  19   3
 6 4  9.94103E-06  2.75930E-01  2.75930E-01  2.00000E+00             81.SE 34.  20   4
 1 3  5.49400E-01  2.90040E-01  2.90040E-01  0.00000E+00             81.SE 34.  21   3
 6 1  6.30824E-03  2.76605E-01  2.76605E-01  3.00000E+00             81.SE 34.  22   1
 6 5  6.30761E-04  2.88271E-01  2.88271E-01  3.00000E+00             81.SE 34.  23   5
 6 6  4.07067E-05  2.88438E-01  2.88438E-01  3.00000E+00             81.SE 34.  24   6
 6 7  4.13384E-05  2.88486E-01  2.88486E-01  3.00000E+00             81.SE 34.  25   7
 6 3  1.15743E-04  2.89855E-01  2.89855E-01  3.00000E+00             81.SE 34.  26   3
 6 4  1.29977E-05  2.90040E-01  2.90040E-01  3.00000E+00             81.SE 34.  27   4
 1 4  1.57450E-02  2.90100E-01  2.90100E-01  0.00000E+00             81.SE 34.  28   4
 6 1  1.00240E-04  2.76665E-01  2.76665E-01  4.00000E+00             81.SE 34.  29   1
 6 5  1.04146E-05  2.88331E-01  2.88331E-01  4.00000E+00             81.SE 34.  30   5
 6 6  2.91091E-07  2.88498E-01  2.88498E-01  4.00000E+00             81.SE 34.  31   6
 6 7  1.22715E-07  2.88546E-01  2.88546E-01  4.00000E+00             81.SE 34.  32   7
 6 3  1.76342E-06  2.89915E-01  2.89915E-01  4.00000E+00             81.SE 34.  33   3
 6 4  2.02776E-07  2.90100E-01  2.90100E-01  4.00000E+00             81.SE 34.  34   4
 1 5  4.89100E-02  5.38200E-01  5.38200E-01  0.00000E+00             81.SE 34.  35   5
 6 1  7.20285E-05  5.24765E-01  5.24765E-01  5.00000E+00             81.SE 34.  36   1
 6 5  7.43496E-06  5.36431E-01  5.36431E-01  5.00000E+00             81.SE 34.  37   5
 6 6  1.43288E-07  5.36598E-01  5.36598E-01  5.00000E+00             81.SE 34.  38   6
 6 7  7.09747E-08  5.36646E-01  5.36646E-01  5.00000E+00             81.SE 34.  39   7
 6 3  1.24185E-06  5.38015E-01  5.38015E-01  5.00000E+00             81.SE 34.  40   3
 6 4  1.43591E-07  5.38200E-01  5.38200E-01  5.00000E+00             81.SE 34.  41   4
 1 6  8.71000E-02  5.52420E-01  5.52420E-01  0.00000E+00             81.SE 34.  42   6
 6 1  1.25173E-04  5.38985E-01  5.38985E-01  6.00000E+00             81.SE 34.  43   1
 6 5  1.28906E-05  5.50651E-01  5.50651E-01  6.00000E+00             81.SE 34.  44   5
 6 6  2.75300E-07  5.50818E-01  5.50818E-01  6.00000E+00             81.SE 34.  45   6
 6 7  1.65475E-07  5.50866E-01  5.50866E-01  6.00000E+00             81.SE 34.  46   7
 6 3  2.16421E-06  5.52235E-01  5.52235E-01  6.00000E+00             81.SE 34.  47   3
 6 4  2.49711E-07  5.52420E-01  5.52420E-01  6.00000E+00             81.SE 34.  48   4
 1 7  2.19760E-01  5.66030E-01  5.66030E-01  0.00000E+00             81.SE 34.  49   7
 6 1  3.91206E-04  5.52595E-01  5.52595E-01  7.00000E+00             81.SE 34.  50   1
 6 5  3.96986E-05  5.64261E-01  5.64261E-01  7.00000E+00             81.SE 34.  51   5
 6 6  1.48193E-06  5.64428E-01  5.64428E-01  7.00000E+00             81.SE 34.  52   6
 6 7  1.41121E-06  5.64476E-01  5.64476E-01  7.00000E+00             81.SE 34.  53   7
 6 3  6.91652E-06  5.65845E-01  5.65845E-01  7.00000E+00             81.SE 34.  54   3
 6 4  7.86690E-07  5.66030E-01  5.66030E-01  7.00000E+00             81.SE 34.  55   4
 1 8  2.49240E-02  6.49790E-01  6.49790E-01  0.00000E+00             81.SE 34.  56   8
 6 1  2.39844E-05  6.36355E-01  6.36355E-01  8.00000E+00             81.SE 34.  57   1
 6 5  2.47335E-06  6.48021E-01  6.48021E-01  8.00000E+00             81.SE 34.  58   5
 6 6  4.20254E-08  6.48188E-01  6.48188E-01  8.00000E+00             81.SE 34.  59   6
 6 7  2.22172E-08  6.48236E-01  6.48236E-01  8.00000E+00             81.SE 34.  60   7
 6 3  4.11809E-07  6.49605E-01  6.49605E-01  8.00000E+00             81.SE 34.  61   3
 6 4  4.76251E-08  6.49790E-01  6.49790E-01  8.00000E+00             81.SE 34.  62   4
 1 9  2.81400E-03  7.89100E-01  7.89100E-01  0.00000E+00             81.SE 34.  63   9
 6 1  1.76421E-06  7.75665E-01  7.75665E-01  9.00000E+00             81.SE 34.  64   1
 6 5  1.81595E-07  7.87331E-01  7.87331E-01  9.00000E+00             81.SE 34.  65   5
 6 6  2.65113E-09  7.87498E-01  7.87498E-01  9.00000E+00             81.SE 34.  66   6
 6 7  1.47451E-09  7.87546E-01  7.87546E-01  9.00000E+00             81.SE 34.  67   7
 6 3  3.01798E-08  7.88915E-01  7.88915E-01  9.00000E+00             81.SE 34.  68   3
 6 4  3.49102E-09  7.89100E-01  7.89100E-01  9.00000E+00             81.SE 34.  69   4
 110  2.80060E-01  8.28270E-01  8.28270E-01  0.00000E+00             81.SE 34.  70  10
 6 1  1.58944E-04  8.14835E-01  8.14835E-01  1.00000E+01             81.SE 34.  71   1
 6 5  1.63456E-05  8.26501E-01  8.26501E-01  1.00000E+01             81.SE 34.  72   5
 6 6  2.36577E-07  8.26668E-01  8.26668E-01  1.00000E+01             81.SE 34.  73   6
 6 7  1.39838E-07  8.26716E-01  8.26716E-01  1.00000E+01             81.SE 34.  74   7
 6 3  2.71864E-06  8.28085E-01  8.28085E-01  1.00000E+01             81.SE 34.  75   3
 6 4  3.14375E-07  8.28270E-01  8.28270E-01  1.00000E+01             81.SE 34.  76   4
 112  1.40700E-03  1.35200E+00  1.35200E+00  0.00000E+00             81.SE 34.  77  12
 2 1  2.22913E-03  1.18329E-02  1.18329E-02  0.00000E+00             81.SE 34.  78   1
 2 2  4.30387E-03  1.18814E-02  1.18814E-02  0.00000E+00             81.SE 34.  79   2
 2 3  3.07465E-04  1.32432E-02  1.32432E-02  0.00000E+00             81.SE 34.  80   3
 2 4  5.99907E-04  1.32502E-02  1.32502E-02  0.00000E+00             81.SE 34.  81   4
 2 5  8.08593E-07  1.33554E-02  1.33554E-02  0.00000E+00             81.SE 34.  82   5
 2 6  1.16091E-06  1.33565E-02  1.33565E-02  0.00000E+00             81.SE 34.  83   6
 2 7  2.04989E-05  1.34234E-02  1.34234E-02  0.00000E+00             81.SE 34.  84   7
 2 8  3.94502E-05  1.34240E-02  1.34240E-02  0.00000E+00             81.SE 34.  85   8
 221  4.49808E-08  1.67100E-04  1.67100E-04  0.00000E+00             81.SE 34.  86  21
 222  2.53509E-07  2.15600E-04  2.15600E-04  0.00000E+00             81.SE 34.  87  22
 223  3.23382E-06  1.57738E-03  1.57738E-03  0.00000E+00             81.SE 34.  88  23
 224  5.78284E-06  1.58442E-03  1.58442E-03  0.00000E+00             81.SE 34.  89  24
 225  1.76250E-08  1.68961E-03  1.68961E-03  0.00000E+00             81.SE 34.  90  25
 226  2.62153E-08  1.69075E-03  1.69075E-03  0.00000E+00             81.SE 34.  91  26
 227  2.29698E-07  1.75761E-03  1.75761E-03  0.00000E+00             81.SE 34.  92  27
 228  4.07930E-07  1.75817E-03  1.75817E-03  0.00000E+00             81.SE 34.  93  28
 241  7.64572E-12  4.85000E-05  4.85000E-05  0.00000E+00             81.SE 34.  94  41
 242  1.76962E-05  1.35061E-03  1.35061E-03  0.00000E+00             81.SE 34.  95  42
 243  1.13874E-07  1.41732E-03  1.41732E-03  0.00000E+00             81.SE 34.  96  43
 244  7.64473E-05  1.52251E-03  1.52251E-03  0.00000E+00             81.SE 34.  97  44
 245  8.02109E-07  1.57792E-03  1.57792E-03  0.00000E+00             81.SE 34.  98  45
 246  1.25450E-09  1.59107E-03  1.59107E-03  0.00000E+00             81.SE 34.  99  46
 261  4.46689E-05  1.30211E-03  1.30211E-03  0.00000E+00             81.SE 34. 100  61
 262  1.43053E-07  1.36178E-03  1.36178E-03  0.00000E+00             81.SE 34. 101  62
 263  1.36858E-07  1.36881E-03  1.36881E-03  0.00000E+00             81.SE 34. 102  63
 264  1.53797E-05  1.47401E-03  1.47401E-03  0.00000E+00             81.SE 34. 103  64
 265  1.50618E-04  1.47515E-03  1.47515E-03  0.00000E+00             81.SE 34. 104  65
 266  1.57503E-06  1.52943E-03  1.52943E-03  0.00000E+00             81.SE 34. 105  66
 267  1.31945E-09  1.54201E-03  1.54201E-03  0.00000E+00             81.SE 34. 106  67
 268  1.25224E-09  1.54257E-03  1.54257E-03  0.00000E+00             81.SE 34. 107  68
 291  2.59519E-06  1.15465E-04  1.15465E-04  0.00000E+00             81.SE 34. 108  91
 294  9.92987E-02  1.75888E-05  1.75888E-05  0.00000E+00             81.SE 34. 109  94
 7 1  3.56617E-03  1.02029E-02  1.02029E-02  0.00000E+00             81.SE 34. 110   1
 7 2  1.09093E-03  1.16354E-02  1.16354E-02  0.00000E+00             81.SE 34. 111   2
 7 3  8.37194E-05  1.30708E-02  1.30708E-02  0.00000E+00             81.SE 34. 112   3
 7 4  2.98277E-03  9.03923E-05  9.03923E-05  0.00000E+00             81.SE 34. 113   4
 7 5  1.48920E-02  1.32072E-03  1.32072E-03  0.00000E+00             81.SE 34. 114   5
 7 6  8.83327E-04  1.41149E-03  1.41149E-03  0.00000E+00             81.SE 34. 115   6
 7 7  2.02037E-05  1.55359E-03  1.55359E-03  0.00000E+00             81.SE 34. 116   7
 7 8  1.72462E-02  5.76862E-05  5.76862E-05  0.00000E+00             81.SE 34. 117   8
 7 9  4.47133E-02  4.38519E-05  4.38519E-05  0.00000E+00             81.SE 34. 118   9
%%%%  81 SE  34    B-           1.10700E+03 18.45 M    02-11-2005       SEEIEND 
 


   ***************************************************** 
   *                 Radiation Summary                 * 
   ***************************************************** 
 
  Energy released by
    Gamma-ray                       (MeV) =   7.99039E-03
    X-ray                           (MeV) =   9.08282E-07
    Free-bound X-ray                (MeV) =   1.74654E-08
    Annihilation photon             (MeV) =   0.00000E+00
    Beta+ particle                  (MeV) =   0.00000E+00
    Neutrino                        (MeV) =   0.00000E+00
    Beta- particle                  (MeV) =   6.10776E-01
    Neutrino-                       (MeV) =   9.66243E-01
    Internal conv. electron         (MeV) =   4.03643E-05
    Auger and CK electron           (MeV) =   7.43446E-07
    Alpha particle                  (MeV) =   0.00000E+00
    Recoil nucleus                  (MeV) =   0.00000E+00
  E-total (except unplaced radiat.) (MeV) =   1.58505E+00
  E-unplaced radiation              (MeV) =   1.90226E-05
  Q-value from ENSDF data           (MeV) =   1.58500E+00
  Ratio of E-total/Q-value          ( % ) =   1.00003E+02
  Ratio of E-unplaced radi./Q-value ( % ) =   1.20017E-03

 
  Total yield of
    Gamma-ray                             =   1.90454E-02
    X-ray                                 =   7.82246E-05
    Free-bound X-ray                      =   9.92987E-04
    Annihilation photon                   =   0.00000E+00
    Beta+ particle                        =   0.00000E+00
    Beta- particle                        =   1.00000E+00
    Internal conv. electron               =   1.38451E-04
    Auger and CK electron                 =   8.54786E-04
    Alpha particle                        =   0.00000E+00
  Yield of unplaced radiation             =   1.40700E-05


%%%%  81 SE  34 M  IT B-        3.43680E+03 57.28 M    02-11-2005       BALASTAR
1  81M  SE  34 57.28 M         IT B-      
           WARNING:                                                                             
  81 BR 35  GAMMA-RAY ENERGY =   0.20100 MEV                                                    
           HALF-LIFE OF INITIAL LEVEL ASSOCIATED WITH GAMMA-RAY TOO SHORT TO BE                 
           CONSIDERED ISOMERIC, AND INTENSITY = 0.0                                             
           TRANSITION IGNORED                                                                   
           WARNING:                                                                             
  81 BR 35  GAMMA-RAY ENERGY =   0.56680 MEV                                                    
           HALF-LIFE OF INITIAL LEVEL ASSOCIATED WITH GAMMA-RAY TOO SHORT TO BE                 
           CONSIDERED ISOMERIC, AND INTENSITY = 0.0                                             
           TRANSITION IGNORED                                                                   
1INTENSITY AND ENERGY BALANCE DATA

              81M-SELENIUM-34
+                                    HALFLIFE = 57.28 MINUTES 
+                                                                  02-11-2005


    LEVEL       INTENSITY   INTENSITY
    ENERGY      ENTERING    LEAVING     PERCENT
    (MEV)       LEVEL       LEVEL       ERROR

   0.0000E+00  1.0188E+02
   1.0299E-01  1.0188E+02  1.0188E+02  0.0000E+00                      
   0.0000E+00  5.1329E-02
   2.7593E-01  5.1355E-02  5.0710E-02  1.2647E+00                      
   5.3603E-01  5.1282E-02  5.1265E-02  3.4046E-02                      
   5.6680E-01  0.0000E+00  0.0000E+00  2.0000E+02  ********************
   7.6710E-01  7.1795E-04  7.0994E-04  1.1218E+00                      


 INTENSITY TO GROUND AND ISOMERIC STATE(S) OF DAUGHTER(S)=  1.019E+02
 TOTAL INTENSITY FROM PARENT=  1.019E+02
 PERCENT ERROR =  6.587E-04                      


 TOTAL INTENSITY FROM PARENT =  1.019E+02
 VALUE IS WITHIN   1.93E+00% OF 100                      


 TOTAL ENERGY AVAILABLE =  1.058E-01 MEV
 TOTAL ENERGY CONTENT OF ALL RADIATIONS =  1.058E-01 MEV
 PERCENT ERROR =  1.743E-02                      
%%%%  81 SE  34 M  IT B-        3.43680E+03 57.28 M    02-11-2005       BALAEND 
%%%%  81 SE  34 M  IT B-        3.43680E+03 57.28 M    02-11-2005       INPUSTAR
1                                      **INPUT DATA**
              81M-SELENIUM-34
+                                    HALFLIFE = 57.28 MINUTES 
+                                                                  02-11-2005

            MODES OF DECAY: ISOMERIC LEVEL, BETA MINUS
 
                                MEAN
                                NUMBER/    TRANSITION
                TYPE OF    ID   TRANSFOR-  ENERGY
              TRANSITION   NO.  MATION     (MEV)       OTHER NUCLEAR PARAMETERS

           I.C.E. + GAMMA   1   1.02E+00   1.030E-01   E3+M4 MULTIPOLE                          
                                                       MRS=3.25E-05  AK= 5.29                   
                                                       AL1=0.465     AL2=0.378                  
                                                       AL3=0.479     AM= 0.212                  
               BETA MINUS   1   7.18E-06   9.209E-01*  FIRST FORBIDDEN                          
               BETA MINUS   2   5.13E-04   1.152E+00*  ALLOWED                                  
           I.C.E. + GAMMA   2   5.13E-04   2.601E-01   M2 MULTIPOLE                             
+                                                                    AK= 0.0405                 
                                                       AL1=0.00440                              
           I.C.E. + GAMMA   3   5.07E-04   2.759E-01   M1+E2 MULTIPOLE                          
                                                       MRS=0.0100    AK= 0.00732                
           I.C.E. + GAMMA   4   9.05E-07   4.913E-01   M1+E2 MULTIPOLE                          
                                                       MRS=0.0625    AK= 0.00187                
           I.C.E. + GAMMA   6   6.19E-06   7.671E-01   M1+E2 MULTIPOLE                          
                                                       MRS=0.0671                               
 
           * ENDPOINT ENERGY (MEV)
           - - - - - - - - - -
           Reference: Evaluated Nuclear Structure Data File (ENSDF)
                DATE DATA WERE ENTERED INTO ENSDF: Feb-1997
%%%%  81 SE  34 M  IT B-        3.43680E+03 57.28 M    02-11-2005       INPUEND 
%%%%  81 SE  34 M  IT B-        3.43680E+03 57.28 M    02-11-2005       OUTPSTAR
1                                      **OUTPUT DATA**
              81M-SELENIUM-34
+                                    HALFLIFE = 57.28 MINUTES 
+                                                                  02-11-2005

            MODES OF DECAY: ISOMERIC LEVEL, BETA MINUS
 
                                              MEAN
                                              NUMBER/                  MEV/
                                         ID   TRANSFOR-   ENERGY       TRANSFOR-
                  TYPE OF RADIATION      NO.  MATION      (MEV)        MATION

           GAMMA-RAY                      1   1.30E-01    1.030E-01    1.34E-02
           K CONV. ELECTRON, GAMMA-RAY    1   6.87E-01    9.039E-02    6.21E-02
           L1 CONV. ELECTRON, GAMMA-RAY   1   6.04E-02    1.014E-01    6.12E-03
           L2 CONV. ELECTRON, GAMMA-RAY   1   4.91E-02    1.015E-01    4.99E-03
           L3 CONV. ELECTRON, GAMMA-RAY   1   6.22E-02    1.016E-01    6.32E-03
           M CONV. ELECTRON, GAMMA-RAY    1   2.76E-02    1.028E-01*   2.84E-03
           N+ CONV. ELECTRON, GAMMA-RAY   1   2.32E-03    1.030E-01*   2.39E-04
           K -L2 X-RAY                        1.20E-01    1.114E-02    1.34E-03
           K -L3 X-RAY                        2.32E-01    1.118E-02    2.60E-03
           K -M2 X-RAY                        1.62E-02    1.245E-02    2.02E-04
           K -M3 X-RAY                        3.17E-02    1.246E-02    3.94E-04
           K -N3 X-RAY                        1.48E-03    1.261E-02    1.87E-05
           Free-Bound X-RAY                   6.42E+00    1.586E-05    1.02E-04
           AUGER KLL                          2.16E-01    9.627E-03*   2.08E-03
           AUGER KLX                          6.37E-02    1.096E-02*   6.98E-04
           AUGER LMM                          9.57E-01    1.237E-03*   1.18E-03
           AUGER MNN                          2.97E+00    3.251E-05*   9.64E-05
           BETA MINUS                     2   5.13E-04    4.228E-01*   2.17E-04
           GAMMA-RAY                      2   4.90E-04    2.601E-01    1.27E-04
           GAMMA-RAY                      3   5.03E-04    2.759E-01    1.39E-04
 
           ALL LISTED X-RAYS, GAMMA-RAYS AND ANNIHILATION RADIATION    1.83E-02
           ALL NEGLECTED X-RAYS, GAMMA-RAYS AND ANNIH. RADIATION**     4.05E-05
           ALL LISTED BETAS, INTERNAL CONVERSION AND AUGER ELECTRONS   8.69E-02
           ALL NEGLECTED BETAS, INT. CONVERSION AND AUGER ELECTRONS**  2.03E-04
           ALL LISTED RADIATIONS                                       1.05E-01
           ALL NEGLECTED RADIATIONS**                                  2.44E-04
 
           *  AVERAGE ENERGY (MEV)
           ** EACH NEGLECTED TRANSITION CONTRIBUTES LESS THAN  0.100%
              TO THE TOTAL MEV/TRANSFORMATION FOR THIS CATEGORY.
           TOTAL FEEDING OF GROUND STATE LEVEL IN 81-SELENIUM
             DAUGHTER IS 9.9948E-01  PER TRANSFORMATION OF  81M-SELENIUM.
             DECAY OF THIS 18.45 MINUTES HALFLIFE LEVEL WILL CONTRIBUTE TO DOSE.
           TOTAL FEEDING OF GROUND STATE LEVEL IN 81-BROMINE
             DAUGHTER IS 5.2000E-04  PER TRANSFORMATION OF  81M-SELENIUM.
             THIS DAUGHTER GROUND STATE IS STABLE.
           - - - - - - - - - -
           INPUT DATA SOURCE: EVALUATED NUCLEAR STRUCTURE DATA FILE (ENSDF)
             DATE INPUT DATA WERE ENTERED INTO ENSDF: Feb-1997
%%%%  81 SE  34 M  IT B-        3.43680E+03 57.28 M    02-11-2005       OUTPEND 
%%%%  81 SE  34 M  IT B-        3.43680E+03 57.28 M    02-11-2005       BETASTAR
1
              81M-SELENIUM-34
+                                    HALFLIFE = 57.28 MINUTES 
+                                                                  02-11-2005

            BETA SPECTRUM DATA FOR ALL DECAY BRANCHES

                      BETAS PER                BETAS PER                BETAS PER
            ENERGY    MEV            ENERGY    MEV            ENERGY    MEV
            (MEV)     PER DECAY      (MEV)     PER DECAY      (MEV)     PER DECAY

            0.00000   4.903E-04      0.00240   4.905E-04      0.06500   5.513E-04
            0.00010   4.903E-04      0.00260   4.905E-04      0.07000   5.568E-04
            0.00011   4.903E-04      0.00280   4.906E-04      0.07500   5.623E-04
            0.00012   4.903E-04      0.00300   4.906E-04      0.08000   5.677E-04
            0.00013   4.903E-04      0.00320   4.906E-04      0.08500   5.731E-04
            0.00014   4.903E-04      0.00360   4.907E-04      0.09000   5.785E-04
            0.00015   4.903E-04      0.00400   4.907E-04      0.10000   5.889E-04
            0.00016   4.903E-04      0.00450   4.907E-04      0.11000   5.991E-04
            0.00018   4.903E-04      0.00500   4.910E-04      0.12000   6.089E-04
            0.00020   4.903E-04      0.00550   4.914E-04      0.13000   6.183E-04
            0.00022   4.903E-04      0.00600   4.918E-04      0.14000   6.274E-04
            0.00024   4.903E-04      0.00650   4.922E-04      0.15000   6.360E-04
            0.00026   4.903E-04      0.00700   4.926E-04      0.16000   6.443E-04
            0.00028   4.903E-04      0.00750   4.931E-04      0.18000   6.595E-04
            0.00030   4.903E-04      0.00800   4.935E-04      0.20000   6.729E-04
            0.00032   4.903E-04      0.00850   4.939E-04      0.22000   6.846E-04
            0.00036   4.903E-04      0.00900   4.943E-04      0.24000   6.944E-04
            0.00040   4.903E-04      0.01000   4.951E-04      0.26000   7.024E-04
            0.00045   4.903E-04      0.01100   4.960E-04      0.28000   7.085E-04
            0.00050   4.903E-04      0.01200   4.968E-04      0.30000   7.127E-04
            0.00055   4.903E-04      0.01300   4.976E-04      0.32000   7.151E-04
            0.00060   4.903E-04      0.01400   4.985E-04      0.36000   7.143E-04
            0.00065   4.903E-04      0.01500   4.993E-04      0.40000   7.061E-04
            0.00070   4.903E-04      0.01600   5.002E-04      0.45000   6.861E-04
            0.00075   4.903E-04      0.01800   5.019E-04      0.50000   6.556E-04
            0.00080   4.904E-04      0.02000   5.037E-04      0.55000   6.157E-04
            0.00085   4.904E-04      0.02200   5.055E-04      0.60000   5.673E-04
            0.00090   4.904E-04      0.02400   5.074E-04      0.65000   5.117E-04
            0.00100   4.904E-04      0.02600   5.093E-04      0.70000   4.506E-04
            0.00110   4.904E-04      0.02800   5.113E-04      0.75000   3.856E-04
            0.00120   4.904E-04      0.03000   5.133E-04      0.80000   3.187E-04
            0.00130   4.904E-04      0.03200   5.153E-04      0.85000   2.522E-04
            0.00140   4.904E-04      0.03600   5.195E-04      0.90000   1.882E-04
            0.00150   4.904E-04      0.04000   5.237E-04      1.00000   7.834E-05
            0.00160   4.904E-04      0.04500   5.292E-04      1.10000   1.039E-05
            0.00180   4.905E-04      0.05000   5.346E-04      1.15196   0.000E+00
            0.00200   4.905E-04      0.05500   5.402E-04
            0.00220   4.905E-04      0.06000   5.457E-04

            AVERAGE BETA ENERGY =   4.214E-01

            TOTAL BETAS PER DECAY FOR ALL BRANCHES =   5.200E-04
%%%%  81 SE  34 M  IT B-        3.43680E+03 57.28 M    02-11-2005       BETAEND 
%%%%  81 SE  34 M  IT B-        3.43680E+03 57.28 M    02-11-2005       SEEISTAR
 81.M SELENIUM     34.  5.728E+01 MINUTES  119 IT B-                 81.SE 34.   0
 1 1  1.29932E+01  1.03010E-01  1.03010E-01  0.00000E+00             81.SE 34.   1   1
 6 1  6.87230E+01  9.03910E-02  9.03910E-02  1.00000E+00             81.SE 34.   2   1
 6 5  6.03973E+00  1.01369E-01  1.01369E-01  1.00000E+00             81.SE 34.   3   5
 6 6  4.91296E+00  1.01529E-01  1.01529E-01  1.00000E+00             81.SE 34.   4   6
 6 7  6.22214E+00  1.01571E-01  1.01571E-01  1.00000E+00             81.SE 34.   5   7
 6 3  2.75881E+00  1.02846E-01  1.02846E-01  1.00000E+00             81.SE 34.   6   3
 6 4  2.31922E-01  1.03010E-01  1.03010E-01  1.00000E+00             81.SE 34.   7   4
 2 1  1.20060E+01  1.11378E-02  1.11378E-02  0.00000E+00             81.SE 34.   8   1
 2 2  2.32244E+01  1.11804E-02  1.11804E-02  0.00000E+00             81.SE 34.   9   2
 2 3  1.62187E+00  1.24492E-02  1.24492E-02  0.00000E+00             81.SE 34.  10   3
 2 4  3.16505E+00  1.24553E-02  1.24553E-02  0.00000E+00             81.SE 34.  11   4
 2 5  3.82081E-03  1.25541E-02  1.25541E-02  0.00000E+00             81.SE 34.  12   5
 2 6  5.49566E-03  1.25550E-02  1.25550E-02  0.00000E+00             81.SE 34.  13   6
 2 7  7.69017E-02  1.26092E-02  1.26092E-02  0.00000E+00             81.SE 34.  14   7
 2 8  1.48037E-01  1.26096E-02  1.26096E-02  0.00000E+00             81.SE 34.  15   8
 221  2.51440E-04  1.60300E-04  1.60300E-04  0.00000E+00             81.SE 34.  16  21
 222  1.38583E-03  2.02900E-04  2.02900E-04  0.00000E+00             81.SE 34.  17  22
 223  1.66474E-02  1.47173E-03  1.47173E-03  0.00000E+00             81.SE 34.  18  23
 224  2.94752E-02  1.47779E-03  1.47779E-03  0.00000E+00             81.SE 34.  19  24
 225  8.35877E-05  1.57659E-03  1.57659E-03  0.00000E+00             81.SE 34.  20  25
 226  1.24290E-04  1.57752E-03  1.57752E-03  0.00000E+00             81.SE 34.  21  26
 227  8.39494E-04  1.63168E-03  1.63168E-03  0.00000E+00             81.SE 34.  22  27
 228  1.49677E-03  1.63210E-03  1.63210E-03  0.00000E+00             81.SE 34.  23  28
 241  4.31998E-08  4.26000E-05  4.26000E-05  0.00000E+00             81.SE 34.  24  41
 242  1.23700E-01  1.25510E-03  1.25510E-03  0.00000E+00             81.SE 34.  25  42
 243  7.35843E-04  1.31749E-03  1.31749E-03  0.00000E+00             81.SE 34.  26  43
 244  4.37181E-01  1.41629E-03  1.41629E-03  0.00000E+00             81.SE 34.  27  44
 245  5.12252E-03  1.46021E-03  1.46021E-03  0.00000E+00             81.SE 34.  28  45
 246  5.34800E-06  1.47180E-03  1.47180E-03  0.00000E+00             81.SE 34.  29  46
 261  2.78585E-01  1.21250E-03  1.21250E-03  0.00000E+00             81.SE 34.  30  61
 262  8.33693E-04  1.26882E-03  1.26882E-03  0.00000E+00             81.SE 34.  31  62
 263  7.99286E-04  1.27489E-03  1.27489E-03  0.00000E+00             81.SE 34.  32  63
 264  8.06168E-02  1.37369E-03  1.37369E-03  0.00000E+00             81.SE 34.  33  64
 265  8.07121E-01  1.37463E-03  1.37463E-03  0.00000E+00             81.SE 34.  34  65
 266  9.28118E-03  1.41761E-03  1.41761E-03  0.00000E+00             81.SE 34.  35  66
 267  5.18160E-06  1.42878E-03  1.42878E-03  0.00000E+00             81.SE 34.  36  67
 268  4.92053E-06  1.42920E-03  1.42920E-03  0.00000E+00             81.SE 34.  37  68
 291  1.25720E-02  1.06221E-04  1.06221E-04  0.00000E+00             81.SE 34.  38  91
 294  6.41756E+02  1.58632E-05  1.58632E-05  0.00000E+00             81.SE 34.  39  94
 7 1  2.16194E+01  9.62662E-03  9.62662E-03  0.00000E+00             81.SE 34.  40   1
 7 2  6.37294E+00  1.09573E-02  1.09573E-02  0.00000E+00             81.SE 34.  41   2
 7 3  4.79113E-01  1.22909E-02  1.22909E-02  0.00000E+00             81.SE 34.  42   3
 7 4  1.65812E+01  9.25860E-05  9.25860E-05  0.00000E+00             81.SE 34.  43   4
 7 5  9.56664E+01  1.23695E-03  1.23695E-03  0.00000E+00             81.SE 34.  44   5
 7 6  4.47962E+00  1.31421E-03  1.31421E-03  0.00000E+00             81.SE 34.  45   6
 7 7  7.85689E-02  1.44073E-03  1.44073E-03  0.00000E+00             81.SE 34.  46   7
 7 8  1.09475E+02  5.44862E-05  5.44862E-05  0.00000E+00             81.SE 34.  47   8
 7 9  2.96628E+02  3.25101E-05  3.25101E-05  0.00000E+00             81.SE 34.  48   9
 5 1  7.17949E-04  3.24738E-01  9.20890E-01  0.00000E+00             81.SE 34.  49   1
 5 2  5.12821E-02  4.22770E-01  1.15196E+00  0.00000E+00             81.SE 34.  50   2
 1 2  4.90048E-02  2.60100E-01  2.60100E-01  0.00000E+00             81.SE 34.  51   2
 6 1  1.98288E-03  2.46665E-01  2.46665E-01  2.00000E+00             81.SE 34.  52   1
 6 5  2.15686E-04  2.58331E-01  2.58331E-01  2.00000E+00             81.SE 34.  53   5
 6 6  1.20958E-05  2.58498E-01  2.58498E-01  2.00000E+00             81.SE 34.  54   6
 6 7  6.37325E-06  2.58546E-01  2.58546E-01  2.00000E+00             81.SE 34.  55   7
 6 3  3.83900E-05  2.59915E-01  2.59915E-01  2.00000E+00             81.SE 34.  56   3
 6 4  4.36714E-06  2.60100E-01  2.60100E-01  2.00000E+00             81.SE 34.  57   4
 1 3  5.02944E-02  2.75930E-01  2.75930E-01  0.00000E+00             81.SE 34.  58   3
 6 1  3.68052E-04  2.62495E-01  2.62495E-01  3.00000E+00             81.SE 34.  59   1
 6 5  3.82473E-05  2.74161E-01  2.74161E-01  3.00000E+00             81.SE 34.  60   5
 6 6  1.14907E-06  2.74328E-01  2.74328E-01  3.00000E+00             81.SE 34.  61   6
 6 7  5.32308E-07  2.74376E-01  2.74376E-01  3.00000E+00             81.SE 34.  62   7
 6 3  6.49950E-06  2.75745E-01  2.75745E-01  3.00000E+00             81.SE 34.  63   3
 6 4  7.46236E-07  2.75930E-01  2.75930E-01  3.00000E+00             81.SE 34.  64   4
 1 4  9.02720E-05  4.91300E-01  4.91300E-01  0.00000E+00             81.SE 34.  65   4
 6 1  1.68682E-07  4.77865E-01  4.77865E-01  4.00000E+00             81.SE 34.  66   1
 6 5  1.73862E-08  4.89531E-01  4.89531E-01  4.00000E+00             81.SE 34.  67   5
 6 6  3.89188E-10  4.89698E-01  4.89698E-01  4.00000E+00             81.SE 34.  68   6
 6 7  2.18345E-10  4.89746E-01  4.89746E-01  4.00000E+00             81.SE 34.  69   7
 6 3  2.92260E-09  4.91115E-01  4.91115E-01  4.00000E+00             81.SE 34.  70   3
 6 4  3.37282E-10  4.91300E-01  4.91300E-01  4.00000E+00             81.SE 34.  71   4
 1 6  6.19008E-04  7.67100E-01  7.67100E-01  0.00000E+00             81.SE 34.  72   6
 6 1  4.17304E-07  7.53665E-01  7.53665E-01  6.00000E+00             81.SE 34.  73   1
 6 5  4.29375E-08  7.65331E-01  7.65331E-01  6.00000E+00             81.SE 34.  74   5
 6 6  6.79289E-10  7.65498E-01  7.65498E-01  6.00000E+00             81.SE 34.  75   6
 6 7  4.08696E-10  7.65546E-01  7.65546E-01  6.00000E+00             81.SE 34.  76   7
 6 3  7.15210E-09  7.66915E-01  7.66915E-01  6.00000E+00             81.SE 34.  77   3
 6 4  8.26635E-10  7.67100E-01  7.67100E-01  6.00000E+00             81.SE 34.  78   4
 2 1  4.28146E-04  1.18329E-02  1.18329E-02  0.00000E+00             81.SE 34.  79   1
 2 2  8.26639E-04  1.18814E-02  1.18814E-02  0.00000E+00             81.SE 34.  80   2
 2 3  5.90544E-05  1.32432E-02  1.32432E-02  0.00000E+00             81.SE 34.  81   3
 2 4  1.15223E-04  1.32502E-02  1.32502E-02  0.00000E+00             81.SE 34.  82   4
 2 5  1.55306E-07  1.33554E-02  1.33554E-02  0.00000E+00             81.SE 34.  83   5
 2 6  2.22974E-07  1.33565E-02  1.33565E-02  0.00000E+00             81.SE 34.  84   6
 2 7  3.93719E-06  1.34234E-02  1.34234E-02  0.00000E+00             81.SE 34.  85   7
 2 8  7.57716E-06  1.34240E-02  1.34240E-02  0.00000E+00             81.SE 34.  86   8
 221  8.84898E-09  1.67100E-04  1.67100E-04  0.00000E+00             81.SE 34.  87  21
 222  4.98724E-08  2.15600E-04  2.15600E-04  0.00000E+00             81.SE 34.  88  22
 223  6.36184E-07  1.57738E-03  1.57738E-03  0.00000E+00             81.SE 34.  89  23
 224  1.13765E-06  1.58442E-03  1.58442E-03  0.00000E+00             81.SE 34.  90  24
 225  3.46733E-09  1.68961E-03  1.68961E-03  0.00000E+00             81.SE 34.  91  25
 226  5.15729E-09  1.69075E-03  1.69075E-03  0.00000E+00             81.SE 34.  92  26
 227  4.51880E-08  1.75761E-03  1.75761E-03  0.00000E+00             81.SE 34.  93  27
 228  8.02514E-08  1.75817E-03  1.75817E-03  0.00000E+00             81.SE 34.  94  28
 241  1.47482E-12  4.85000E-05  4.85000E-05  0.00000E+00             81.SE 34.  95  41
 242  3.41352E-06  1.35061E-03  1.35061E-03  0.00000E+00             81.SE 34.  96  42
 243  2.19657E-08  1.41732E-03  1.41732E-03  0.00000E+00             81.SE 34.  97  43
 244  1.47463E-05  1.52251E-03  1.52251E-03  0.00000E+00             81.SE 34.  98  44
 245  1.54723E-07  1.57792E-03  1.57792E-03  0.00000E+00             81.SE 34.  99  45
 246  2.41987E-10  1.59107E-03  1.59107E-03  0.00000E+00             81.SE 34. 100  46
 261  8.60831E-06  1.30211E-03  1.30211E-03  0.00000E+00             81.SE 34. 101  61
 262  2.75682E-08  1.36178E-03  1.36178E-03  0.00000E+00             81.SE 34. 102  62
 263  2.63744E-08  1.36881E-03  1.36881E-03  0.00000E+00             81.SE 34. 103  63
 264  2.96388E-06  1.47401E-03  1.47401E-03  0.00000E+00             81.SE 34. 104  64
 265  2.90261E-05  1.47515E-03  1.47515E-03  0.00000E+00             81.SE 34. 105  65
 266  3.03530E-07  1.52943E-03  1.52943E-03  0.00000E+00             81.SE 34. 106  66
 267  2.54276E-10  1.54201E-03  1.54201E-03  0.00000E+00             81.SE 34. 107  67
 268  2.41324E-10  1.54257E-03  1.54257E-03  0.00000E+00             81.SE 34. 108  68
 291  5.01432E-07  1.15479E-04  1.15479E-04  0.00000E+00             81.SE 34. 109  91
 294  1.91843E-02  1.75890E-05  1.75890E-05  0.00000E+00             81.SE 34. 110  94
 7 1  6.84950E-04  1.02029E-02  1.02029E-02  0.00000E+00             81.SE 34. 111   1
 7 2  2.09533E-04  1.16354E-02  1.16354E-02  0.00000E+00             81.SE 34. 112   2
 7 3  1.60799E-05  1.30708E-02  1.30708E-02  0.00000E+00             81.SE 34. 113   3
 7 4  5.85172E-04  9.05491E-05  9.05491E-05  0.00000E+00             81.SE 34. 114   4
 7 5  2.87279E-03  1.32083E-03  1.32083E-03  0.00000E+00             81.SE 34. 115   5
 7 6  1.70470E-04  1.41169E-03  1.41169E-03  0.00000E+00             81.SE 34. 116   6
 7 7  3.89976E-06  1.55383E-03  1.55383E-03  0.00000E+00             81.SE 34. 117   7
 7 8  3.33339E-03  5.76975E-05  5.76975E-05  0.00000E+00             81.SE 34. 118   8
 7 9  8.63742E-03  4.38544E-05  4.38544E-05  0.00000E+00             81.SE 34. 119   9
%%%%  81 SE  34 M  IT B-        3.43680E+03 57.28 M    02-11-2005       SEEIEND 
 


   ***************************************************** 
   *                 Radiation Summary                 * 
   ***************************************************** 
 
  Energy released by
    Gamma-ray                       (MeV) =   1.36558E-02
    X-ray                           (MeV) =   4.58390E-03
    Free-bound X-ray                (MeV) =   1.01806E-04
    Annihilation photon             (MeV) =   0.00000E+00
    Beta+ particle                  (MeV) =   0.00000E+00
    Neutrino                        (MeV) =   0.00000E+00
    Beta- particle                  (MeV) =   2.19137E-04
    Neutrino-                       (MeV) =   3.78223E-04
    Internal conv. electron         (MeV) =   8.26327E-02
    Auger and CK electron           (MeV) =   4.25334E-03
    Alpha particle                  (MeV) =   0.00000E+00
    Recoil nucleus                  (MeV) =   0.00000E+00
  E-total (except unplaced radiat.) (MeV) =   1.05825E-01
  E-unplaced radiation              (MeV) =   0.00000E+00
  Q-value from ENSDF data           (MeV) =   1.03814E-01
  Ratio of E-total/Q-value          ( % ) =   1.01937E+02
  Ratio of E-unplaced radi./Q-value ( % ) =   0.00000E+00

 
  Total yield of
    Gamma-ray                             =   1.30932E-01
    X-ray                                 =   4.20599E-01
    Free-bound X-ray                      =   6.41776E+00
    Annihilation photon                   =   0.00000E+00
    Beta+ particle                        =   0.00000E+00
    Beta- particle                        =   5.20000E-04
    Internal conv. electron               =   8.88912E-01
    Auger and CK electron                 =   5.51397E+00
    Alpha particle                        =   0.00000E+00
  Yield of unplaced radiation             =   0.00000E+00


