%%%% 156 SM  62    B-           3.38400E+04  9.4 H     02-11-2005       BALASTAR
1 156   SM  62  9.4 H          B-         
1INTENSITY AND ENERGY BALANCE DATA

              156-SAMARIUM-62
+                                    HALFLIFE = 9.4 HOURS   
+                                                                  02-11-2005


    LEVEL       INTENSITY   INTENSITY
    ENERGY      ENTERING    LEAVING     PERCENT
    (MEV)       LEVEL       LEVEL       ERROR

   0.0000E+00  9.9828E+01
   2.2600E-02  6.7127E+01  6.3700E+01  5.2383E+00                      
   4.7800E-02  2.8408E+00  4.4100E+00  4.3284E+01  ********************
   8.7580E-02  3.8891E+01  3.7379E+01  3.9655E+00                      
   1.2568E-01  1.3667E+01  1.9677E+01  3.6047E+01  ********************
   2.6700E-01  6.9500E-01  5.0701E-01  3.1280E+01  ********************
   2.9140E-01  4.5671E+01  4.3047E+01  5.9157E+00                      


 INTENSITY TO GROUND AND ISOMERIC STATE(S) OF DAUGHTER(S)=  9.983E+01
 TOTAL INTENSITY FROM PARENT=  1.000E+02
 PERCENT ERROR =  1.722E-01                      


 TOTAL INTENSITY FROM PARENT =  1.000E+02
 VALUE IS WITHIN   0.00E+00% OF 100                      


 TOTAL ENERGY AVAILABLE =  7.220E-01 MEV
 TOTAL ENERGY CONTENT OF ALL RADIATIONS =  7.201E-01 MEV
 PERCENT ERROR =  2.633E-01                      
%%%% 156 SM  62    B-           3.38400E+04  9.4 H     02-11-2005       BALAEND 
%%%% 156 SM  62    B-           3.38400E+04  9.4 H     02-11-2005       INPUSTAR
1                                      **INPUT DATA**
              156-SAMARIUM-62
+                                    HALFLIFE = 9.4 HOURS   
+                                                                  02-11-2005

            MODE OF DECAY: BETA MINUS
 
                                MEAN
                                NUMBER/    TRANSITION
                TYPE OF    ID   TRANSFOR-  ENERGY
              TRANSITION   NO.  MATION     (MEV)       OTHER NUCLEAR PARAMETERS

               BETA MINUS   1   4.57E-01   4.306E-01*  ALLOWED                                  
               BETA MINUS   2   6.95E-03   4.550E-01*  FIRST FORBIDDEN                          
               BETA MINUS   3   5.36E-01   6.994E-01*  ALLOWED                                  
               BETA MINUS   4   1.99E-04   7.220E-01*  ALLOWED                                  
           I.C.E. + GAMMA   1   6.37E-01   2.260E-02   M1 MULTIPOLE                             
+                                                                    AK= 0.0                    
                                                       AL1=16.5      AL2=1.48                   
                                                       AL3=0.279     AM= 3.94                   
                                                       AN+=1.10                                 
           I.C.E. + GAMMA   2   4.41E-02   2.530E-02   M1 MULTIPOLE                             
+                                                                    AK= 0.0                    
                                                       AL1=11.8      AL2=1.05                   
                                                       AL3=0.197     AM= 2.82                   
                                                       AN+=0.787                                
           I.C.E. + GAMMA   3   1.74E-01   3.810E-02   M1 MULTIPOLE                             
+                                                                    AK= 0.0                    
                                                       AL1=3.50      AL2=0.305                  
                                                       AL3=0.0565    AM= 0.837                  
                                                       AN+=0.234                                
           I.C.E. + GAMMA   4   4.28E-02   6.500E-02   E1 MULTIPOLE                             
+                                                                    AK= 0.746                  
                                                       AL1=0.0728    AL2=0.0208                 
                                                       AL3=0.0275    AM= 0.0261                 
                                                       AN+=0.00701                              
           I.C.E. + GAMMA   5   3.31E-01   8.760E-02   E1 MULTIPOLE                             
+                                                                    AK= 0.341                  
                                                       AL1=0.0344    AL2=0.00779                
                                                       AL3=0.00991   AM= 0.0113                 
                                                       AN+=0.00304                              
           I.C.E. + GAMMA   6   2.23E-02   1.030E-01   E1 MULTIPOLE                             
+                                                                    AK= 0.221                  
                                                       AL1=0.0228    AL2=0.00456                
                                                       AL3=0.00569   AM= 0.00714                
                                                       AN+=0.00193                              
           I.C.E. + GAMMA   7   1.37E-01   1.658E-01   E1 MULTIPOLE                             
+                                                                    AK= 0.0616                 
                                                       AL1=0.00670   AL3=0.00112                
                                                       AM= 0.00188                              
           I.C.E. + GAMMA   8   2.14E-01   2.040E-01   E1 MULTIPOLE                             
+                                                                    AK= 0.0355                 
                                                       AL1=0.00395   AM= 0.00107                
           I.C.E. + GAMMA   9   5.07E-03   2.190E-01   E1 MULTIPOLE                             
+                                                                    AK= 0.0294                 
                                                       AL1=0.00330                              
           I.C.E. + GAMMA  10   2.33E-02   2.440E-01   M1 MULTIPOLE                             
+                                                                    AK= 0.114                  
                                                       AL1=0.0148    AL2=0.00104                
                                                       AM= 0.00347                              
           I.C.E. + GAMMA  11   2.59E-02   2.685E-01   M1 MULTIPOLE                             
+                                                                    AK= 0.0865                 
                                                       AL1=0.0113    AM= 0.00263                
           I.C.E. + GAMMA  12   3.01E-02   2.910E-01   M1 MULTIPOLE                             
+                                                                    AK= 0.0830                 
                                                       AL1=0.0108    AM= 0.00252                
 
           * ENDPOINT ENERGY (MEV)
           - - - - - - - - - -
           Reference: Evaluated Nuclear Structure Data File (ENSDF)
                DATE DATA WERE ENTERED INTO ENSDF: Aug-2003
%%%% 156 SM  62    B-           3.38400E+04  9.4 H     02-11-2005       INPUEND 
%%%% 156 SM  62    B-           3.38400E+04  9.4 H     02-11-2005       OUTPSTAR
1                                      **OUTPUT DATA**
              156-SAMARIUM-62
+                                    HALFLIFE = 9.4 HOURS   
+                                                                  02-11-2005

            MODE OF DECAY: BETA MINUS
 
                                              MEAN
                                              NUMBER/                  MEV/
                                         ID   TRANSFOR-   ENERGY       TRANSFOR-
                  TYPE OF RADIATION      NO.  MATION      (MEV)        MATION

           BETA MINUS                     1   4.57E-01    1.277E-01*   5.83E-02
           BETA MINUS                     2   6.95E-03    1.359E-01*   9.45E-04
           BETA MINUS                     3   5.36E-01    2.233E-01*   1.20E-01
           GAMMA-RAY                      1   2.63E-02    2.260E-02    5.93E-04
           L1 CONV. ELECTRON, GAMMA-RAY   1   4.32E-01    1.458E-02    6.30E-03
           L2 CONV. ELECTRON, GAMMA-RAY   1   3.90E-02    1.498E-02    5.83E-04
           M CONV. ELECTRON, GAMMA-RAY    1   1.04E-01    2.113E-02*   2.19E-03
           N+ CONV. ELECTRON, GAMMA-RAY   1   2.89E-02    2.260E-02*   6.53E-04
           L1 CONV. ELECTRON, GAMMA-RAY   2   2.95E-02    1.728E-02    5.10E-04
           GAMMA-RAY                      3   2.94E-02    3.810E-02    1.12E-03
           L1 CONV. ELECTRON, GAMMA-RAY   3   1.03E-01    3.008E-02    3.10E-03
           L2 CONV. ELECTRON, GAMMA-RAY   3   8.97E-03    3.048E-02    2.73E-04
           M CONV. ELECTRON, GAMMA-RAY    3   2.46E-02    3.663E-02*   9.01E-04
           N+ CONV. ELECTRON, GAMMA-RAY   3   6.88E-03    3.810E-02*   2.62E-04
           GAMMA-RAY                      4   2.25E-02    6.500E-02    1.47E-03
           K CONV. ELECTRON, GAMMA-RAY    4   1.68E-02    1.643E-02    2.76E-04
           GAMMA-RAY                      5   2.35E-01    8.760E-02    2.06E-02
           K CONV. ELECTRON, GAMMA-RAY    5   8.01E-02    3.903E-02    3.13E-03
           L1 CONV. ELECTRON, GAMMA-RAY   5   8.10E-03    7.958E-02    6.45E-04
           M CONV. ELECTRON, GAMMA-RAY    5   2.65E-03    8.613E-02*   2.28E-04
           GAMMA-RAY                      6   1.76E-02    1.030E-01    1.82E-03
           K CONV. ELECTRON, GAMMA-RAY    6   3.89E-03    5.443E-02    2.12E-04
           GAMMA-RAY                      7   1.27E-01    1.658E-01    2.11E-02
           K CONV. ELECTRON, GAMMA-RAY    7   7.85E-03    1.172E-01    9.20E-04
           GAMMA-RAY                      8   2.06E-01    2.040E-01    4.20E-02
           K CONV. ELECTRON, GAMMA-RAY    8   7.30E-03    1.554E-01    1.14E-03
           GAMMA-RAY                      9   4.90E-03    2.190E-01    1.07E-03
           GAMMA-RAY                     10   2.06E-02    2.440E-01    5.02E-03
           K CONV. ELECTRON, GAMMA-RAY   10   2.34E-03    1.954E-01    4.57E-04
           GAMMA-RAY                     11   2.35E-02    2.685E-01    6.32E-03
           K CONV. ELECTRON, GAMMA-RAY   11   2.03E-03    2.199E-01    4.47E-04
           GAMMA-RAY                     12   2.74E-02    2.910E-01    7.99E-03
           K CONV. ELECTRON, GAMMA-RAY   12   2.28E-03    2.424E-01    5.52E-04
           K -L2 X-RAY                        3.28E-02    4.094E-02    1.34E-03
           K -L3 X-RAY                        5.92E-02    4.160E-02    2.46E-03
           K -M2 X-RAY                        5.97E-03    4.696E-02    2.81E-04
           K -M3 X-RAY                        1.16E-02    4.710E-02    5.44E-04
           K -N3 X-RAY                        2.53E-03    4.831E-02    1.22E-04
           L1-M3 X-RAY                        1.91E-02    6.548E-03    1.25E-04
           L2-M4 X-RAY                        2.89E-02    6.458E-03    1.87E-04
           L3-M5 X-RAY                        3.44E-02    5.831E-03    2.01E-04
           Free-Bound X-RAY                   9.52E+00    1.431E-05*   1.36E-04
           AUGER LMM                          4.52E-01    4.810E-03*   2.17E-03
           AUGER LMX                          1.57E-01    5.932E-03*   9.34E-04
           AUGER MNN                          1.23E+00    8.613E-04*   1.06E-03
           CK NNX                             4.13E+00    1.126E-04*   4.65E-04
 
           ALL LISTED X-RAYS, GAMMA-RAYS AND ANNIHILATION RADIATION    1.15E-01
           ALL NEGLECTED X-RAYS, GAMMA-RAYS AND ANNIH. RADIATION**     4.79E-04
           ALL LISTED BETAS, INTERNAL CONVERSION AND AUGER ELECTRONS   2.06E-01
           ALL NEGLECTED BETAS, INT. CONVERSION AND AUGER ELECTRONS**  2.87E-03
           ALL LISTED RADIATIONS                                       3.21E-01
           ALL NEGLECTED RADIATIONS**                                  3.35E-03
 
           *  AVERAGE ENERGY (MEV)
           ** EACH NEGLECTED TRANSITION CONTRIBUTES LESS THAN  0.100%
              TO THE TOTAL MEV/TRANSFORMATION FOR THIS CATEGORY.
           TOTAL FEEDING OF GROUND STATE LEVEL IN 156-EUROPIUM
             DAUGHTER IS 1.0000E+00 PER TRANSFORMATION OF 156-SAMARIUM.
             DECAY OF THIS 15.19 DAYS HALFLIFE LEVEL WILL CONTRIBUTE TO DOSE.
           - - - - - - - - - -
           INPUT DATA SOURCE: EVALUATED NUCLEAR STRUCTURE DATA FILE (ENSDF)
             DATE INPUT DATA WERE ENTERED INTO ENSDF: Aug-2003
%%%% 156 SM  62    B-           3.38400E+04  9.4 H     02-11-2005       OUTPEND 
%%%% 156 SM  62    B-           3.38400E+04  9.4 H     02-11-2005       BETASTAR
1
              156-SAMARIUM-62
+                                    HALFLIFE = 9.4 HOURS   
+                                                                  02-11-2005

            BETA SPECTRUM DATA FOR ALL DECAY BRANCHES

                      BETAS PER                BETAS PER                BETAS PER
            ENERGY    MEV            ENERGY    MEV            ENERGY    MEV
            (MEV)     PER DECAY      (MEV)     PER DECAY      (MEV)     PER DECAY

            0.00000   3.702E+00      0.00200   3.687E+00      0.04500   3.488E+00
            0.00010   3.701E+00      0.00220   3.686E+00      0.05000   3.464E+00
            0.00011   3.701E+00      0.00240   3.684E+00      0.05500   3.440E+00
            0.00012   3.701E+00      0.00260   3.683E+00      0.06000   3.414E+00
            0.00013   3.701E+00      0.00280   3.681E+00      0.06500   3.387E+00
            0.00014   3.701E+00      0.00300   3.680E+00      0.07000   3.360E+00
            0.00015   3.701E+00      0.00320   3.678E+00      0.07500   3.331E+00
            0.00016   3.701E+00      0.00360   3.675E+00      0.08000   3.302E+00
            0.00018   3.701E+00      0.00400   3.672E+00      0.08500   3.272E+00
            0.00020   3.700E+00      0.00450   3.668E+00      0.09000   3.241E+00
            0.00022   3.700E+00      0.00500   3.665E+00      0.10000   3.177E+00
            0.00024   3.700E+00      0.00550   3.661E+00      0.11000   3.109E+00
            0.00026   3.700E+00      0.00600   3.657E+00      0.12000   3.038E+00
            0.00028   3.700E+00      0.00650   3.653E+00      0.13000   2.964E+00
            0.00030   3.700E+00      0.00700   3.650E+00      0.14000   2.888E+00
            0.00032   3.699E+00      0.00750   3.646E+00      0.15000   2.808E+00
            0.00036   3.699E+00      0.00800   3.642E+00      0.16000   2.727E+00
            0.00040   3.699E+00      0.00850   3.638E+00      0.18000   2.556E+00
            0.00045   3.699E+00      0.00900   3.635E+00      0.20000   2.379E+00
            0.00050   3.698E+00      0.01000   3.627E+00      0.22000   2.195E+00
            0.00055   3.698E+00      0.01100   3.619E+00      0.24000   2.009E+00
            0.00060   3.697E+00      0.01200   3.618E+00      0.26000   1.821E+00
            0.00065   3.697E+00      0.01300   3.615E+00      0.28000   1.635E+00
            0.00070   3.697E+00      0.01400   3.612E+00      0.30000   1.453E+00
            0.00075   3.696E+00      0.01500   3.608E+00      0.32000   1.278E+00
            0.00080   3.696E+00      0.01600   3.605E+00      0.36000   9.611E-01
            0.00085   3.696E+00      0.01800   3.598E+00      0.40000   7.098E-01
            0.00090   3.695E+00      0.02000   3.591E+00      0.45000   5.166E-01
            0.00100   3.694E+00      0.02200   3.584E+00      0.50000   3.613E-01
            0.00110   3.694E+00      0.02400   3.577E+00      0.55000   2.210E-01
            0.00120   3.693E+00      0.02600   3.569E+00      0.60000   1.061E-01
            0.00130   3.692E+00      0.02800   3.561E+00      0.65000   2.834E-02
            0.00140   3.692E+00      0.03000   3.553E+00      0.70000   2.005E-06
            0.00150   3.691E+00      0.03200   3.545E+00      0.72200   0.000E+00
            0.00160   3.690E+00      0.03600   3.529E+00
            0.00180   3.689E+00      0.04000   3.511E+00

            AVERAGE BETA ENERGY =   1.790E-01

            TOTAL BETAS PER DECAY FOR ALL BRANCHES =   1.000E+00
%%%% 156 SM  62    B-           3.38400E+04  9.4 H     02-11-2005       BETAEND 
%%%% 156 SM  62    B-           3.38400E+04  9.4 H     02-11-2005       SEEISTAR
156.  SAMARIUM     62.  9.400E+00 HOURS    153 B-                   156.SM 62.   0
 5 1  4.56712E+01  1.27662E-01  4.30600E-01  0.00000E+00            156.SM 62.   1   1
 5 2  6.94996E-01  1.35931E-01  4.55000E-01  0.00000E+00            156.SM 62.   2   2
 5 3  5.36140E+01  2.23315E-01  6.99400E-01  0.00000E+00            156.SM 62.   3   3
 5 4  1.98570E-02  2.31763E-01  7.22000E-01  0.00000E+00            156.SM 62.   4   4
 1 1  2.62583E+00  2.26000E-02  2.26000E-02  0.00000E+00            156.SM 62.   5   1
 6 5  4.32021E+01  1.45819E-02  1.45819E-02  1.00000E+00            156.SM 62.   6   5
 6 6  3.89626E+00  1.49752E-02  1.49752E-02  1.00000E+00            156.SM 62.   7   6
 6 7  7.32568E-01  1.56312E-02  1.56312E-02  1.00000E+00            156.SM 62.   8   7
 6 3  1.03544E+01  2.11304E-02  2.11304E-02  1.00000E+00            156.SM 62.   9   3
 6 4  2.88880E+00  2.26000E-02  2.26000E-02  1.00000E+00            156.SM 62.  10   4
 1 2  2.49581E-01  2.53000E-02  2.53000E-02  0.00000E+00            156.SM 62.  11   2
 6 5  2.94924E+00  1.72819E-02  1.72819E-02  2.00000E+00            156.SM 62.  12   5
 6 6  2.63006E-01  1.76752E-02  1.76752E-02  2.00000E+00            156.SM 62.  13   6
 6 7  4.92918E-02  1.83312E-02  1.83312E-02  2.00000E+00            156.SM 62.  14   7
 6 3  7.02578E-01  2.38304E-02  2.38304E-02  2.00000E+00            156.SM 62.  15   3
 6 4  1.96306E-01  2.53000E-02  2.53000E-02  2.00000E+00            156.SM 62.  16   4
 1 3  2.94000E+00  3.81000E-02  3.81000E-02  0.00000E+00            156.SM 62.  17   3
 6 5  1.02981E+01  3.00819E-02  3.00819E-02  3.00000E+00            156.SM 62.  18   5
 6 6  8.97085E-01  3.04752E-02  3.04752E-02  3.00000E+00            156.SM 62.  19   6
 6 7  1.66178E-01  3.11312E-02  3.11312E-02  3.00000E+00            156.SM 62.  20   7
 6 3  2.46000E+00  3.66304E-02  3.66304E-02  3.00000E+00            156.SM 62.  21   3
 6 4  6.88129E-01  3.81000E-02  3.81000E-02  3.00000E+00            156.SM 62.  22   4
 1 4  2.25400E+00  6.50000E-02  6.50000E-02  0.00000E+00            156.SM 62.  23   4
 6 1  1.68148E+00  1.64320E-02  1.64320E-02  4.00000E+00            156.SM 62.  24   1
 6 5  1.64140E-01  5.69819E-02  5.69819E-02  4.00000E+00            156.SM 62.  25   5
 6 6  4.68171E-02  5.73752E-02  5.73752E-02  4.00000E+00            156.SM 62.  26   6
 6 7  6.19102E-02  5.80312E-02  5.80312E-02  4.00000E+00            156.SM 62.  27   7
 6 3  5.88683E-02  6.35304E-02  6.35304E-02  4.00000E+00            156.SM 62.  28   3
 6 4  1.57982E-02  6.50000E-02  6.50000E-02  4.00000E+00            156.SM 62.  29   4
 1 5  2.35200E+01  8.76000E-02  8.76000E-02  0.00000E+00            156.SM 62.  30   5
 6 1  8.01264E+00  3.90320E-02  3.90320E-02  5.00000E+00            156.SM 62.  31   1
 6 5  8.10099E-01  7.95819E-02  7.95819E-02  5.00000E+00            156.SM 62.  32   5
 6 6  1.83280E-01  7.99752E-02  7.99752E-02  5.00000E+00            156.SM 62.  33   6
 6 7  2.33067E-01  8.06312E-02  8.06312E-02  5.00000E+00            156.SM 62.  34   7
 6 3  2.64926E-01  8.61304E-02  8.61304E-02  5.00000E+00            156.SM 62.  35   3
 6 4  7.15686E-02  8.76000E-02  8.76000E-02  5.00000E+00            156.SM 62.  36   4
 1 6  1.76400E+00  1.03000E-01  1.03000E-01  0.00000E+00            156.SM 62.  37   6
 6 1  3.89336E-01  5.44320E-02  5.44320E-02  6.00000E+00            156.SM 62.  38   1
 6 5  4.02317E-02  9.49819E-02  9.49819E-02  6.00000E+00            156.SM 62.  39   5
 6 6  8.04651E-03  9.53752E-02  9.53752E-02  6.00000E+00            156.SM 62.  40   6
 6 7  1.00445E-02  9.60312E-02  9.60312E-02  6.00000E+00            156.SM 62.  41   7
 6 3  1.25866E-02  1.01530E-01  1.01530E-01  6.00000E+00            156.SM 62.  42   3
 6 4  3.40669E-03  1.03000E-01  1.03000E-01  6.00000E+00            156.SM 62.  43   4
 1 7  1.27400E+01  1.65800E-01  1.65800E-01  0.00000E+00            156.SM 62.  44   7
 6 1  7.84892E-01  1.17232E-01  1.17232E-01  7.00000E+00            156.SM 62.  45   1
 6 5  8.53983E-02  1.57782E-01  1.57782E-01  7.00000E+00            156.SM 62.  46   5
 6 6  1.21147E-02  1.58175E-01  1.58175E-01  7.00000E+00            156.SM 62.  47   6
 6 7  1.43298E-02  1.58831E-01  1.58831E-01  7.00000E+00            156.SM 62.  48   7
 6 3  2.39955E-02  1.64330E-01  1.64330E-01  7.00000E+00            156.SM 62.  49   3
 6 4  6.59574E-03  1.65800E-01  1.65800E-01  7.00000E+00            156.SM 62.  50   4
 1 8  2.05800E+01  2.04000E-01  2.04000E-01  0.00000E+00            156.SM 62.  51   8
 6 1  7.30492E-01  1.55432E-01  1.55432E-01  8.00000E+00            156.SM 62.  52   1
 6 5  8.12236E-02  1.95982E-01  1.95982E-01  8.00000E+00            156.SM 62.  53   5
 6 6  9.97515E-03  1.96375E-01  1.96375E-01  8.00000E+00            156.SM 62.  54   6
 6 7  1.15164E-02  1.97031E-01  1.97031E-01  8.00000E+00            156.SM 62.  55   7
 6 3  2.20580E-02  2.02530E-01  2.02530E-01  8.00000E+00            156.SM 62.  56   3
 6 4  6.06747E-03  2.04000E-01  2.04000E-01  8.00000E+00            156.SM 62.  57   4
 1 9  4.90000E-01  2.19000E-01  2.19000E-01  0.00000E+00            156.SM 62.  58   9
 6 1  1.44305E-02  1.70432E-01  1.70432E-01  9.00000E+00            156.SM 62.  59   1
 6 5  1.61588E-03  2.10982E-01  2.10982E-01  9.00000E+00            156.SM 62.  60   5
 6 6  1.88946E-04  2.11375E-01  2.11375E-01  9.00000E+00            156.SM 62.  61   6
 6 7  2.16407E-04  2.12031E-01  2.12031E-01  9.00000E+00            156.SM 62.  62   7
 6 3  4.34098E-04  2.17530E-01  2.17530E-01  9.00000E+00            156.SM 62.  63   3
 6 4  1.19439E-04  2.19000E-01  2.19000E-01  9.00000E+00            156.SM 62.  64   4
 110  2.05800E+00  2.44000E-01  2.44000E-01  0.00000E+00            156.SM 62.  65  10
 6 1  2.33649E-01  1.95432E-01  1.95432E-01  1.00000E+01            156.SM 62.  66   1
 6 5  3.04818E-02  2.35982E-01  2.35982E-01  1.00000E+01            156.SM 62.  67   5
 6 6  2.14217E-03  2.36375E-01  2.36375E-01  1.00000E+01            156.SM 62.  68   6
 6 7  3.76157E-04  2.37031E-01  2.37031E-01  1.00000E+01            156.SM 62.  69   7
 6 3  7.13277E-03  2.42530E-01  2.42530E-01  1.00000E+01            156.SM 62.  70   3
 6 4  1.99043E-03  2.44000E-01  2.44000E-01  1.00000E+01            156.SM 62.  71   4
 111  2.35200E+00  2.68500E-01  2.68500E-01  0.00000E+00            156.SM 62.  72  11
 6 1  2.03362E-01  2.19932E-01  2.19932E-01  1.10000E+01            156.SM 62.  73   1
 6 5  2.64805E-02  2.60482E-01  2.60482E-01  1.10000E+01            156.SM 62.  74   5
 6 6  1.82357E-03  2.60875E-01  2.60875E-01  1.10000E+01            156.SM 62.  75   6
 6 7  3.20223E-04  2.61531E-01  2.61531E-01  1.10000E+01            156.SM 62.  76   7
 6 3  6.19027E-03  2.67030E-01  2.67030E-01  1.10000E+01            156.SM 62.  77   3
 6 4  1.72783E-03  2.68500E-01  2.68500E-01  1.10000E+01            156.SM 62.  78   4
 112  2.74400E+00  2.91000E-01  2.91000E-01  0.00000E+00            156.SM 62.  79  12
 6 1  2.27850E-01  2.42432E-01  2.42432E-01  1.20000E+01            156.SM 62.  80   1
 6 5  2.96182E-02  2.82982E-01  2.82982E-01  1.20000E+01            156.SM 62.  81   5
 6 6  2.00303E-03  2.83375E-01  2.83375E-01  1.20000E+01            156.SM 62.  82   6
 6 7  3.52055E-04  2.84031E-01  2.84031E-01  1.20000E+01            156.SM 62.  83   7
 6 3  6.91760E-03  2.89530E-01  2.89530E-01  1.20000E+01            156.SM 62.  84   3
 6 4  1.93133E-03  2.91000E-01  2.91000E-01  1.20000E+01            156.SM 62.  85   4
 2 1  3.28231E+00  4.09430E-02  4.09430E-02  0.00000E+00            156.SM 62.  86   1
 2 2  5.91966E+00  4.15992E-02  4.15992E-02  0.00000E+00            156.SM 62.  87   2
 2 3  5.97491E-01  4.69640E-02  4.69640E-02  0.00000E+00            156.SM 62.  88   3
 2 4  1.15597E+00  4.70984E-02  4.70984E-02  0.00000E+00            156.SM 62.  89   4
 2 5  8.76880E-03  4.74008E-02  4.74008E-02  0.00000E+00            156.SM 62.  90   5
 2 6  1.16031E-02  4.74302E-02  4.74302E-02  0.00000E+00            156.SM 62.  91   6
 2 7  1.30173E-01  4.82780E-02  4.82780E-02  0.00000E+00            156.SM 62.  92   7
 2 8  2.52549E-01  4.83077E-02  4.83077E-02  0.00000E+00            156.SM 62.  93   8
 2 9  1.94093E-03  4.84202E-02  4.84202E-02  0.00000E+00            156.SM 62.  94   9
 210  2.56060E-03  4.84258E-02  4.84258E-02  0.00000E+00            156.SM 62.  95  10
 211  2.68867E-02  4.85373E-02  4.85373E-02  0.00000E+00            156.SM 62.  96  11
 212  5.48980E-02  4.85416E-02  4.85416E-02  0.00000E+00            156.SM 62.  97  12
 221  1.12356E-03  3.93300E-04  3.93300E-04  0.00000E+00            156.SM 62.  98  21
 222  4.79800E-02  1.04930E-03  1.04930E-03  0.00000E+00            156.SM 62.  99  22
 223  1.32361E+00  6.41408E-03  6.41408E-03  0.00000E+00            156.SM 62. 100  23
 224  1.91016E+00  6.54850E-03  6.54850E-03  0.00000E+00            156.SM 62. 101  24
 225  2.73152E-02  6.85089E-03  6.85089E-03  0.00000E+00            156.SM 62. 102  25
 226  4.08693E-02  6.88030E-03  6.88030E-03  0.00000E+00            156.SM 62. 103  26
 227  3.11331E-01  7.72804E-03  7.72804E-03  0.00000E+00            156.SM 62. 104  27
 228  4.67109E-01  7.75780E-03  7.75780E-03  0.00000E+00            156.SM 62. 105  28
 229  3.68735E-03  7.87034E-03  7.87034E-03  0.00000E+00            156.SM 62. 106  29
 230  5.67512E-03  7.87566E-03  7.87566E-03  0.00000E+00            156.SM 62. 107  30
 231  4.35727E-02  7.98749E-03  7.98749E-03  0.00000E+00            156.SM 62. 108  31
 232  6.35961E-02  7.99154E-03  7.99154E-03  0.00000E+00            156.SM 62. 109  32
 241  9.65836E-06  6.56000E-04  6.56000E-04  0.00000E+00            156.SM 62. 110  41
 242  1.08479E-01  5.84788E-03  5.84788E-03  0.00000E+00            156.SM 62. 111  42
 243  2.10246E-03  6.15521E-03  6.15521E-03  0.00000E+00            156.SM 62. 112  43
 244  2.89193E+00  6.45761E-03  6.45761E-03  0.00000E+00            156.SM 62. 113  44
 245  2.05320E-02  7.26709E-03  7.26709E-03  0.00000E+00            156.SM 62. 114  45
 246  4.34812E-04  7.36451E-03  7.36451E-03  0.00000E+00            156.SM 62. 115  46
 247  4.99706E-01  7.47704E-03  7.47704E-03  0.00000E+00            156.SM 62. 116  47
 248  2.98270E-04  7.61503E-03  7.61503E-03  0.00000E+00            156.SM 62. 117  48
 249  3.42364E-03  7.57559E-03  7.57559E-03  0.00000E+00            156.SM 62. 118  49
 250  9.57426E-05  7.59824E-03  7.59824E-03  0.00000E+00            156.SM 62. 119  50
 261  2.87287E-01  5.19190E-03  5.19190E-03  0.00000E+00            156.SM 62. 120  61
 262  1.90327E-03  5.36482E-03  5.36482E-03  0.00000E+00            156.SM 62. 121  62
 263  1.74011E-03  5.49922E-03  5.49922E-03  0.00000E+00            156.SM 62. 122  63
 264  3.88924E-01  5.80159E-03  5.80159E-03  0.00000E+00            156.SM 62. 123  64
 265  3.43987E+00  5.83099E-03  5.83099E-03  0.00000E+00            156.SM 62. 124  65
 266  3.69401E-02  6.61110E-03  6.61110E-03  0.00000E+00            156.SM 62. 125  66
 267  2.82493E-04  6.67877E-03  6.67877E-03  0.00000E+00            156.SM 62. 126  67
 268  2.73114E-04  6.70850E-03  6.70850E-03  0.00000E+00            156.SM 62. 127  68
 269  6.44735E-02  6.82104E-03  6.82104E-03  0.00000E+00            156.SM 62. 128  69
 270  5.76327E-01  6.82635E-03  6.82635E-03  0.00000E+00            156.SM 62. 129  70
 271  6.23608E-05  6.95903E-03  6.95903E-03  0.00000E+00            156.SM 62. 130  71
 272  3.56663E-04  6.95973E-03  6.95973E-03  0.00000E+00            156.SM 62. 131  72
 273  6.72741E-03  6.91958E-03  6.91958E-03  0.00000E+00            156.SM 62. 132  73
 274  6.30424E-05  6.93819E-03  6.93819E-03  0.00000E+00            156.SM 62. 133  74
 275  5.43356E-05  6.94224E-03  6.94224E-03  0.00000E+00            156.SM 62. 134  75
 291  1.12711E+00  1.03883E-03  1.03883E-03  0.00000E+00            156.SM 62. 135  91
 292  3.53180E-02  1.53499E-04  1.53499E-04  0.00000E+00            156.SM 62. 136  92
 293  8.41416E-06  2.17808E-05  2.17808E-05  0.00000E+00            156.SM 62. 137  93
 294  9.52382E+02  1.43105E-05  1.43105E-05  0.00000E+00            156.SM 62. 138  94
 7 1  5.38140E-01  3.36229E-02  3.36229E-02  0.00000E+00            156.SM 62. 139   1
 7 2  2.64101E-01  3.97850E-02  3.97850E-02  0.00000E+00            156.SM 62. 140   2
 7 3  3.10742E-02  4.59520E-02  4.59520E-02  0.00000E+00            156.SM 62. 141   3
 7 4  3.55759E+01  5.81736E-04  5.81736E-04  0.00000E+00            156.SM 62. 142   4
 7 5  4.52043E+01  4.80956E-03  4.80956E-03  0.00000E+00            156.SM 62. 143   5
 7 6  1.57492E+01  5.93175E-03  5.93175E-03  0.00000E+00            156.SM 62. 144   6
 7 7  1.38135E+00  7.09848E-03  7.09848E-03  0.00000E+00            156.SM 62. 145   7
 7 8  7.49885E+01  1.80665E-04  1.80665E-04  0.00000E+00            156.SM 62. 146   8
 7 9  1.23391E+02  8.61304E-04  8.61304E-04  0.00000E+00            156.SM 62. 147   9
 710  7.78445E+00  1.04476E-03  1.04476E-03  0.00000E+00            156.SM 62. 148  10
 711  2.57827E-01  1.23746E-03  1.23746E-03  0.00000E+00            156.SM 62. 149  11
 712  4.12684E+02  1.12584E-04  1.12584E-04  0.00000E+00            156.SM 62. 150  12
 713  4.69228E+01  1.10304E-04  1.10304E-04  0.00000E+00            156.SM 62. 151  13
 714  7.03169E+01  1.58398E-05  1.58398E-05  0.00000E+00            156.SM 62. 152  14
 715  5.56864E-01  3.88900E-05  3.88900E-05  0.00000E+00            156.SM 62. 153  15
%%%% 156 SM  62    B-           3.38400E+04  9.4 H     02-11-2005       SEEIEND 
 


   ***************************************************** 
   *                 Radiation Summary                 * 
   ***************************************************** 
 
  Energy released by
    Gamma-ray                       (MeV) =   1.09163E-01
    X-ray                           (MeV) =   5.68175E-03
    Free-bound X-ray                (MeV) =   1.36291E-04
    Annihilation photon             (MeV) =   0.00000E+00
    Beta+ particle                  (MeV) =   0.00000E+00
    Neutrino                        (MeV) =   0.00000E+00
    Beta- particle                  (MeV) =   1.79023E-01
    Neutrino-                       (MeV) =   3.95918E-01
    Internal conv. electron         (MeV) =   2.47080E-02
    Auger and CK electron           (MeV) =   5.52413E-03
    Alpha particle                  (MeV) =   0.00000E+00
    Recoil nucleus                  (MeV) =   0.00000E+00
  E-total (except unplaced radiat.) (MeV) =   7.20155E-01
  E-unplaced radiation              (MeV) =   0.00000E+00
  Q-value from ENSDF data           (MeV) =   7.22000E-01
  Ratio of E-total/Q-value          ( % ) =   9.97445E+01
  Ratio of E-unplaced radi./Q-value ( % ) =   0.00000E+00

 
  Total yield of
    Gamma-ray                             =   7.43174E-01
    X-ray                                 =   2.51856E-01
    Free-bound X-ray                      =   9.52382E+00
    Annihilation photon                   =   0.00000E+00
    Beta+ particle                        =   0.00000E+00
    Beta- particle                        =   1.00000E+00
    Internal conv. electron               =   9.44023E-01
    Auger and CK electron                 =   8.35646E+00
    Alpha particle                        =   0.00000E+00
  Yield of unplaced radiation             =   0.00000E+00


