%%%% 151 SM  62    B-           2.84018E+09   90 Y     02-11-2005       BALASTAR
1 151   SM  62   90 Y          B-         
1INTENSITY AND ENERGY BALANCE DATA

              151-SAMARIUM-62
+                                    HALFLIFE = 90 YEARS   
+                                                                  02-11-2005


    LEVEL       INTENSITY   INTENSITY
    ENERGY      ENTERING    LEAVING     PERCENT
    (MEV)       LEVEL       LEVEL       ERROR

   0.0000E+00  1.0002E+02
   2.1543E-02  9.1000E-01  9.2900E-01  2.0665E+00                      


 INTENSITY TO GROUND AND ISOMERIC STATE(S) OF DAUGHTER(S)=  1.000E+02
 TOTAL INTENSITY FROM PARENT=  1.000E+02
 PERCENT ERROR =  1.899E-02                      


 TOTAL INTENSITY FROM PARENT =  1.000E+02
 VALUE IS WITHIN   7.63E-06% OF 100                      


 TOTAL ENERGY AVAILABLE =  7.670E-02 MEV
 TOTAL ENERGY CONTENT OF ALL RADIATIONS =  7.670E-02 MEV
 PERCENT ERROR =  5.342E-03                      
%%%% 151 SM  62    B-           2.84018E+09   90 Y     02-11-2005       BALAEND 
%%%% 151 SM  62    B-           2.84018E+09   90 Y     02-11-2005       INPUSTAR
1                                      **INPUT DATA**
              151-SAMARIUM-62
+                                    HALFLIFE = 90 YEARS   
+                                                                  02-11-2005

            MODE OF DECAY: BETA MINUS
 
                                MEAN
                                NUMBER/    TRANSITION
                TYPE OF    ID   TRANSFOR-  ENERGY
              TRANSITION   NO.  MATION     (MEV)       OTHER NUCLEAR PARAMETERS

               BETA MINUS   1   9.10E-03   5.516E-02*  FIRST FORBIDDEN                          
               BETA MINUS   2   9.91E-01   7.670E-02*  FIRST FORBIDDEN                          
           I.C.E. + GAMMA   1   9.29E-03   2.154E-02   M1+E2 MULTIPOLE                          
                                                       MRS=0.000841  AK= 0.0                    
                                                       AL1=18.9      AL2=2.31                   
                                                       AL3=1.14      AM= 4.87                   
                                                       AN+=1.35                                 
 
           * ENDPOINT ENERGY (MEV)
           - - - - - - - - - -
           Reference: Evaluated Nuclear Structure Data File (ENSDF)
                DATE DATA WERE ENTERED INTO ENSDF: Mar-1997
%%%% 151 SM  62    B-           2.84018E+09   90 Y     02-11-2005       INPUEND 
%%%% 151 SM  62    B-           2.84018E+09   90 Y     02-11-2005       OUTPSTAR
1                                      **OUTPUT DATA**
              151-SAMARIUM-62
+                                    HALFLIFE = 90 YEARS   
+                                                                  02-11-2005

            MODE OF DECAY: BETA MINUS
 
                                              MEAN
                                              NUMBER/                  MEV/
                                         ID   TRANSFOR-   ENERGY       TRANSFOR-
                  TYPE OF RADIATION      NO.  MATION      (MEV)        MATION

           BETA MINUS                     1   9.10E-03    1.412E-02*   1.28E-04
           BETA MINUS                     2   9.91E-01    1.984E-02*   1.97E-02
           GAMMA-RAY                      1   3.14E-04    2.154E-02    6.76E-06
           L1 CONV. ELECTRON, GAMMA-RAY   1   5.94E-03    1.352E-02    8.03E-05
           M CONV. ELECTRON, GAMMA-RAY    1   1.53E-03    2.007E-02*   3.07E-05
           L1-M2 X-RAY                        1.35E-04    6.414E-03    8.67E-07
           L1-M3 X-RAY                        1.95E-04    6.548E-03    1.28E-06
           L1-M4 X-RAY                        2.79E-06    6.851E-03    1.91E-08
           L1-M5 X-RAY                        4.18E-06    6.880E-03    2.87E-08
           L1-N2 X-RAY                        3.18E-05    7.728E-03    2.46E-07
           L1-N3 X-RAY                        4.77E-05    7.758E-03    3.70E-07
           L1-O2 X-RAY                        4.45E-06    7.987E-03    3.56E-08
           L1-03 X-RAY                        6.50E-06    7.992E-03    5.19E-08
           L2-M1 X-RAY                        1.01E-05    5.848E-03    5.91E-08
           L2-M4 X-RAY                        2.70E-04    6.458E-03    1.74E-06
           L2-N4 X-RAY                        4.66E-05    7.477E-03    3.48E-07
           L3-M1 X-RAY                        2.50E-05    5.192E-03    1.30E-07
           L3-M4 X-RAY                        3.39E-05    5.802E-03    1.96E-07
           L3-M5 X-RAY                        2.99E-04    5.831E-03    1.75E-06
           L3-N1 X-RAY                        3.22E-06    6.611E-03    2.13E-08
           L3-N4 X-RAY                        5.61E-06    6.821E-03    3.83E-08
           L3-N5 X-RAY                        5.02E-05    6.826E-03    3.42E-07
           M X-RAY                            1.06E-04    1.040E-03*   1.10E-07
           Free-Bound X-RAY                   9.08E-02    1.432E-05*   1.30E-06
           AUGER LMM                          4.24E-03    4.834E-03*   2.05E-05
 
           ALL LISTED X-RAYS, GAMMA-RAYS AND ANNIHILATION RADIATION    1.57E-05
           ALL NEGLECTED X-RAYS, GAMMA-RAYS AND ANNIH. RADIATION**     3.78E-08
           ALL LISTED BETAS, INTERNAL CONVERSION AND AUGER ELECTRONS   1.99E-02
           ALL NEGLECTED BETAS, INT. CONVERSION AND AUGER ELECTRONS**  5.34E-05
           ALL LISTED RADIATIONS                                       1.99E-02
           ALL NEGLECTED RADIATIONS**                                  5.34E-05
 
           *  AVERAGE ENERGY (MEV)
           ** EACH NEGLECTED TRANSITION CONTRIBUTES LESS THAN  0.100%
              TO THE TOTAL MEV/TRANSFORMATION FOR THIS CATEGORY.
           TOTAL FEEDING OF GROUND STATE LEVEL IN 151-EUROPIUM
             DAUGHTER IS 1.0000E+00 PER TRANSFORMATION OF 151-SAMARIUM.
             THIS DAUGHTER GROUND STATE IS STABLE.
           - - - - - - - - - -
           INPUT DATA SOURCE: EVALUATED NUCLEAR STRUCTURE DATA FILE (ENSDF)
             DATE INPUT DATA WERE ENTERED INTO ENSDF: Mar-1997
%%%% 151 SM  62    B-           2.84018E+09   90 Y     02-11-2005       OUTPEND 
%%%% 151 SM  62    B-           2.84018E+09   90 Y     02-11-2005       BETASTAR
1
              151-SAMARIUM-62
+                                    HALFLIFE = 90 YEARS   
+                                                                  02-11-2005

            BETA SPECTRUM DATA FOR ALL DECAY BRANCHES

                      BETAS PER                BETAS PER                BETAS PER
            ENERGY    MEV            ENERGY    MEV            ENERGY    MEV
            (MEV)     PER DECAY      (MEV)     PER DECAY      (MEV)     PER DECAY

            0.00000   3.730E+01      0.00090   3.649E+01      0.00900   2.955E+01
            0.00010   3.721E+01      0.00100   3.640E+01      0.01000   2.873E+01
            0.00011   3.720E+01      0.00110   3.631E+01      0.01100   2.793E+01
            0.00012   3.719E+01      0.00120   3.623E+01      0.01200   2.718E+01
            0.00013   3.719E+01      0.00130   3.614E+01      0.01300   2.642E+01
            0.00014   3.718E+01      0.00140   3.605E+01      0.01400   2.568E+01
            0.00015   3.717E+01      0.00150   3.596E+01      0.01500   2.494E+01
            0.00016   3.716E+01      0.00160   3.587E+01      0.01600   2.421E+01
            0.00018   3.714E+01      0.00180   3.569E+01      0.01800   2.278E+01
            0.00020   3.712E+01      0.00200   3.551E+01      0.02000   2.138E+01
            0.00022   3.710E+01      0.00220   3.534E+01      0.02200   2.001E+01
            0.00024   3.709E+01      0.00240   3.516E+01      0.02400   1.869E+01
            0.00026   3.707E+01      0.00260   3.499E+01      0.02600   1.739E+01
            0.00028   3.705E+01      0.00280   3.481E+01      0.02800   1.614E+01
            0.00030   3.703E+01      0.00300   3.463E+01      0.03000   1.493E+01
            0.00032   3.701E+01      0.00320   3.446E+01      0.03200   1.375E+01
            0.00036   3.698E+01      0.00360   3.411E+01      0.03600   1.153E+01
            0.00040   3.694E+01      0.00400   3.376E+01      0.04000   9.478E+00
            0.00045   3.690E+01      0.00450   3.333E+01      0.04500   7.167E+00
            0.00050   3.685E+01      0.00500   3.290E+01      0.05000   5.153E+00
            0.00055   3.681E+01      0.00550   3.247E+01      0.05500   3.452E+00
            0.00060   3.676E+01      0.00600   3.205E+01      0.06000   2.075E+00
            0.00065   3.672E+01      0.00650   3.163E+01      0.06500   1.034E+00
            0.00070   3.667E+01      0.00700   3.120E+01      0.07000   3.439E-01
            0.00075   3.663E+01      0.00750   3.079E+01      0.07500   2.247E-02
            0.00080   3.658E+01      0.00800   3.037E+01      0.07670   0.000E+00
            0.00085   3.654E+01      0.00850   2.996E+01

            AVERAGE BETA ENERGY =   1.979E-02

            TOTAL BETAS PER DECAY FOR ALL BRANCHES =   1.000E+00
%%%% 151 SM  62    B-           2.84018E+09   90 Y     02-11-2005       BETAEND 
%%%% 151 SM  62    B-           2.84018E+09   90 Y     02-11-2005       SEEISTAR
151.  SAMARIUM     62.  9.000E+01 YEARS     61 B-                   151.SM 62.   0
 5 1  9.10000E-01  1.41207E-02  5.51570E-02  0.00000E+00            151.SM 62.   1   1
 5 2  9.90900E+01  1.98372E-02  7.67000E-02  0.00000E+00            151.SM 62.   2   2
 1 1  3.14000E-02  2.15430E-02  2.15430E-02  0.00000E+00            151.SM 62.   3   1
 6 5  5.94020E-01  1.35249E-02  1.35249E-02  1.00000E+00            151.SM 62.   4   5
 6 6  7.23869E-02  1.39182E-02  1.39182E-02  1.00000E+00            151.SM 62.   5   6
 6 7  3.57493E-02  1.45742E-02  1.45742E-02  1.00000E+00            151.SM 62.   6   7
 6 3  1.53008E-01  2.00734E-02  2.00734E-02  1.00000E+00            151.SM 62.   7   3
 6 4  4.24374E-02  2.15430E-02  2.15430E-02  1.00000E+00            151.SM 62.   8   4
 221  1.14801E-05  3.93300E-04  3.93300E-04  0.00000E+00            151.SM 62.   9  21
 222  4.90240E-04  1.04930E-03  1.04930E-03  0.00000E+00            151.SM 62.  10  22
 223  1.35241E-02  6.41408E-03  6.41408E-03  0.00000E+00            151.SM 62.  11  23
 224  1.95172E-02  6.54850E-03  6.54850E-03  0.00000E+00            151.SM 62.  12  24
 225  2.79095E-04  6.85089E-03  6.85089E-03  0.00000E+00            151.SM 62.  13  25
 226  4.17585E-04  6.88030E-03  6.88030E-03  0.00000E+00            151.SM 62.  14  26
 227  3.18105E-03  7.72804E-03  7.72804E-03  0.00000E+00            151.SM 62.  15  27
 228  4.77272E-03  7.75780E-03  7.75780E-03  0.00000E+00            151.SM 62.  16  28
 229  3.76758E-05  7.87034E-03  7.87034E-03  0.00000E+00            151.SM 62.  17  29
 230  5.79860E-05  7.87566E-03  7.87566E-03  0.00000E+00            151.SM 62.  18  30
 231  4.45207E-04  7.98749E-03  7.98749E-03  0.00000E+00            151.SM 62.  19  31
 232  6.49798E-04  7.99154E-03  7.99154E-03  0.00000E+00            151.SM 62.  20  32
 241  9.00298E-08  6.56000E-04  6.56000E-04  0.00000E+00            151.SM 62.  21  41
 242  1.01118E-03  5.84788E-03  5.84788E-03  0.00000E+00            151.SM 62.  22  42
 243  1.95979E-05  6.15521E-03  6.15521E-03  0.00000E+00            151.SM 62.  23  43
 244  2.69569E-02  6.45761E-03  6.45761E-03  0.00000E+00            151.SM 62.  24  44
 245  1.91388E-04  7.26710E-03  7.26710E-03  0.00000E+00            151.SM 62.  25  45
 246  4.05307E-06  7.36451E-03  7.36451E-03  0.00000E+00            151.SM 62.  26  46
 247  4.65798E-03  7.47704E-03  7.47704E-03  0.00000E+00            151.SM 62.  27  47
 248  2.78030E-06  7.61503E-03  7.61503E-03  0.00000E+00            151.SM 62.  28  48
 249  3.19133E-05  7.57560E-03  7.57560E-03  0.00000E+00            151.SM 62.  29  49
 250  8.92458E-07  7.59824E-03  7.59824E-03  0.00000E+00            151.SM 62.  30  50
 261  2.50052E-03  5.19190E-03  5.19190E-03  0.00000E+00            151.SM 62.  31  61
 262  1.65659E-05  5.36482E-03  5.36482E-03  0.00000E+00            151.SM 62.  32  62
 263  1.51458E-05  5.49922E-03  5.49922E-03  0.00000E+00            151.SM 62.  33  63
 264  3.38517E-03  5.80159E-03  5.80159E-03  0.00000E+00            151.SM 62.  34  64
 265  2.99403E-02  5.83099E-03  5.83099E-03  0.00000E+00            151.SM 62.  35  65
 266  3.21524E-04  6.61110E-03  6.61110E-03  0.00000E+00            151.SM 62.  36  66
 267  2.45880E-06  6.67877E-03  6.67877E-03  0.00000E+00            151.SM 62.  37  67
 268  2.37716E-06  6.70850E-03  6.70850E-03  0.00000E+00            151.SM 62.  38  68
 269  5.61172E-04  6.82104E-03  6.82104E-03  0.00000E+00            151.SM 62.  39  69
 270  5.01630E-03  6.82635E-03  6.82635E-03  0.00000E+00            151.SM 62.  40  70
 271  5.42784E-07  6.95902E-03  6.95902E-03  0.00000E+00            151.SM 62.  41  71
 272  3.10436E-06  6.95973E-03  6.95973E-03  0.00000E+00            151.SM 62.  42  72
 273  5.85548E-05  6.91959E-03  6.91959E-03  0.00000E+00            151.SM 62.  43  73
 274  5.48716E-07  6.93818E-03  6.93818E-03  0.00000E+00            151.SM 62.  44  74
 275  4.72932E-07  6.94224E-03  6.94224E-03  0.00000E+00            151.SM 62.  45  75
 291  1.06097E-02  1.03999E-03  1.03999E-03  0.00000E+00            151.SM 62.  46  91
 292  3.39112E-04  1.53658E-04  1.53658E-04  0.00000E+00            151.SM 62.  47  92
 293  8.05438E-08  2.17808E-05  2.17808E-05  0.00000E+00            151.SM 62.  48  93
 294  9.07993E+00  1.43194E-05  1.43194E-05  0.00000E+00            151.SM 62.  49  94
 7 4  3.60312E-01  5.82875E-04  5.82875E-04  0.00000E+00            151.SM 62.  50   4
 7 5  4.23738E-01  4.83363E-03  4.83363E-03  0.00000E+00            151.SM 62.  51   5
 7 6  1.47841E-01  5.95798E-03  5.95798E-03  0.00000E+00            151.SM 62.  52   6
 7 7  1.29938E-02  7.12783E-03  7.12783E-03  0.00000E+00            151.SM 62.  53   7
 7 8  7.25215E-01  1.80903E-04  1.80903E-04  0.00000E+00            151.SM 62.  54   8
 7 9  1.15971E+00  8.62235E-04  8.62235E-04  0.00000E+00            151.SM 62.  55   9
 710  7.33743E-02  1.04699E-03  1.04699E-03  0.00000E+00            151.SM 62.  56  10
 711  2.43331E-03  1.24036E-03  1.24036E-03  0.00000E+00            151.SM 62.  57  11
 712  3.93617E+00  1.12542E-04  1.12542E-04  0.00000E+00            151.SM 62.  58  12
 713  4.48409E-01  1.10800E-04  1.10800E-04  0.00000E+00            151.SM 62.  59  13
 714  6.73102E-01  1.58398E-05  1.58398E-05  0.00000E+00            151.SM 62.  60  14
 715  5.33053E-03  3.88900E-05  3.88900E-05  0.00000E+00            151.SM 62.  61  15
%%%% 151 SM  62    B-           2.84018E+09   90 Y     02-11-2005       SEEIEND 
 


   ***************************************************** 
   *                 Radiation Summary                 * 
   ***************************************************** 
 
  Energy released by
    Gamma-ray                       (MeV) =   6.76450E-06
    X-ray                           (MeV) =   7.66726E-06
    Free-bound X-ray                (MeV) =   1.30019E-06
    Annihilation photon             (MeV) =   0.00000E+00
    Beta+ particle                  (MeV) =   0.00000E+00
    Neutrino                        (MeV) =   0.00000E+00
    Beta- particle                  (MeV) =   1.97852E-02
    Neutrino-                       (MeV) =   5.67187E-02
    Internal conv. electron         (MeV) =   1.35482E-04
    Auger and CK electron           (MeV) =   4.94617E-05
    Alpha particle                  (MeV) =   0.00000E+00
    Recoil nucleus                  (MeV) =   0.00000E+00
  E-total (except unplaced radiat.) (MeV) =   7.67046E-02
  E-unplaced radiation              (MeV) =   0.00000E+00
  Q-value from ENSDF data           (MeV) =   7.67000E-02
  Ratio of E-total/Q-value          ( % ) =   1.00006E+02
  Ratio of E-unplaced radi./Q-value ( % ) =   0.00000E+00

 
  Total yield of
    Gamma-ray                             =   3.14000E-04
    X-ray                                 =   1.29034E-03
    Free-bound X-ray                      =   9.07993E-02
    Annihilation photon                   =   0.00000E+00
    Beta+ particle                        =   0.00000E+00
    Beta- particle                        =   1.00000E+00
    Internal conv. electron               =   8.97601E-03
    Auger and CK electron                 =   7.96863E-02
    Alpha particle                        =   0.00000E+00
  Yield of unplaced radiation             =   0.00000E+00


