%%%%  80 SR  38    EC B+        6.37800E+03  106.3 M   02-11-2005       BALASTAR
1  80   SR  38  106.3 M        EC B+      
1INTENSITY AND ENERGY BALANCE DATA

              80-STRONTIUM-38
+                                    HALFLIFE = 106.3 MINUTES 
+                                                                  02-11-2005


    LEVEL       INTENSITY   INTENSITY
    ENERGY      ENTERING    LEAVING     PERCENT
    (MEV)       LEVEL       LEVEL       ERROR

   0.0000E+00  1.0077E+02
   1.7490E-01  1.0156E+01  1.0470E+01  3.0445E+00                      
   2.3610E-01  4.1245E+00  4.2358E+00  2.6639E+00                      
   5.5350E-01  1.2046E+01  1.2130E+01  6.9633E-01                      
   5.8900E-01  4.2056E+01  4.2314E+01  6.1085E-01                      


 INTENSITY TO GROUND AND ISOMERIC STATE(S) OF DAUGHTER(S)=  1.008E+02
 TOTAL INTENSITY FROM PARENT=  1.000E+02
 PERCENT ERROR =  7.614E-01                      


 TOTAL INTENSITY FROM PARENT =  1.000E+02
 VALUE IS WITHIN   0.00E+00% OF 100                      


 TOTAL ENERGY AVAILABLE =  1.864E+00 MEV
 TOTAL ENERGY CONTENT OF ALL RADIATIONS =  1.867E+00 MEV
 PERCENT ERROR =  1.491E-01                      
%%%%  80 SR  38    EC B+        6.37800E+03  106.3 M   02-11-2005       BALAEND 
%%%%  80 SR  38    EC B+        6.37800E+03  106.3 M   02-11-2005       INPUSTAR
1                                      **INPUT DATA**
              80-STRONTIUM-38
+                                    HALFLIFE = 106.3 MINUTES 
+                                                                  02-11-2005

            MODES OF DECAY: ELECTRON CAPTURE, BETA PLUS
 
                                MEAN
                                NUMBER/    TRANSITION
                TYPE OF    ID   TRANSFOR-  ENERGY
              TRANSITION   NO.  MATION     (MEV)       OTHER NUCLEAR PARAMETERS

           ELECT. CAPTURE   1   4.19E-01   1.275E+00   ALLOWED                                  
           ELECT. CAPTURE   2   1.20E-01   1.311E+00   ALLOWED                                  
           ELECT. CAPTURE   3   2.79E-02   1.628E+00   ALLOWED                                  
+                                                              ASSUMED                          
           ELECT. CAPTURE   4   2.40E-02   1.689E+00   ALLOWED                                  
+                                                              ASSUMED                          
           ELECT. CAPTURE   5   3.09E-01   1.864E+00   ALLOWED                                  
                BETA PLUS   1   1.40E-03   2.530E-01*  ALLOWED                                  
                BETA PLUS   2   6.99E-04   2.885E-01*  ALLOWED                                  
                BETA PLUS   3   2.69E-03   6.059E-01*  ALLOWED                                  
+                                                              ASSUMED                          
                BETA PLUS   4   3.19E-03   6.671E-01*  ALLOWED                                  
+                                                              ASSUMED                          
                BETA PLUS   5   9.18E-02   8.420E-01*  ALLOWED                                  
           I.C.E. + GAMMA   1   1.05E-01   1.750E-01   M1 MULTIPOLE ASSUMED                     
                                                       AK= 0.0287    AL1=0.00304                
           I.C.E. + GAMMA   2   4.24E-02   2.359E-01   M1 MULTIPOLE ASSUMED                     
                                                       AK= 0.0133    AL1=0.00141                
           I.C.E. + GAMMA   3   1.06E-02   3.160E-01   M1 MULTIPOLE ASSUMED                     
                                                       AK= 0.00640                              
           I.C.E. + GAMMA   4   4.19E-02   3.788E-01   M1 MULTIPOLE ASSUMED                     
                                                       AK= 0.00411                              
           I.C.E. + GAMMA   5   3.25E-02   4.141E-01   M1 MULTIPOLE ASSUMED                     
                                                       AK= 0.00332                              
           I.C.E. + GAMMA   6   6.88E-02   5.534E-01   M1 MULTIPOLE                             
+                                                                    AK= 0.00169                
           I.C.E. + GAMMA   7   3.91E-01   5.890E-01   M1 MULTIPOLE                             
+                                                                    AK= 0.00146                
 
           * ENDPOINT ENERGY (MEV)
           - - - - - - - - - -
           Reference: Evaluated Nuclear Structure Data File (ENSDF)
                DATE DATA WERE ENTERED INTO ENSDF: Aug-1992
%%%%  80 SR  38    EC B+        6.37800E+03  106.3 M   02-11-2005       INPUEND 
%%%%  80 SR  38    EC B+        6.37800E+03  106.3 M   02-11-2005       OUTPSTAR
1                                      **OUTPUT DATA**
              80-STRONTIUM-38
+                                    HALFLIFE = 106.3 MINUTES 
+                                                                  02-11-2005

            MODES OF DECAY: ELECTRON CAPTURE, BETA PLUS
 
                                              MEAN
                                              NUMBER/                  MEV/
                                         ID   TRANSFOR-   ENERGY       TRANSFOR-
                  TYPE OF RADIATION      NO.  MATION      (MEV)        MATION

           BETA PLUS                      1   1.40E-03    1.155E-01*   1.61E-04
           BETA PLUS                      2   6.99E-04    1.306E-01*   9.12E-05
           BETA PLUS                      3   2.69E-03    2.658E-01*   7.16E-04
           BETA PLUS                      4   3.19E-03    2.921E-01*   9.33E-04
           BETA PLUS                      5   9.18E-02    3.678E-01*   3.38E-02
           ANNIHILATION RADIATION             2.00E-01    5.110E-01    1.02E-01
           GAMMA-RAY                      1   1.01E-01    1.750E-01    1.77E-02
           K CONV. ELECTRON, GAMMA-RAY    1   2.91E-03    1.598E-01    4.66E-04
           L1 CONV. ELECTRON, GAMMA-RAY   1   3.09E-04    1.730E-01    5.34E-05
           GAMMA-RAY                      2   4.17E-02    2.359E-01    9.84E-03
           K CONV. ELECTRON, GAMMA-RAY    2   5.55E-04    2.207E-01    1.23E-04
           GAMMA-RAY                      3   1.05E-02    3.160E-01    3.33E-03
           GAMMA-RAY                      4   4.17E-02    3.788E-01    1.58E-02
           K CONV. ELECTRON, GAMMA-RAY    4   1.72E-04    3.636E-01    6.24E-05
           GAMMA-RAY                      5   3.24E-02    4.141E-01    1.34E-02
           K CONV. ELECTRON, GAMMA-RAY    5   1.08E-04    3.989E-01    4.29E-05
           GAMMA-RAY                      6   6.86E-02    5.534E-01    3.80E-02
           K CONV. ELECTRON, GAMMA-RAY    6   1.16E-04    5.382E-01    6.23E-05
           GAMMA-RAY                      7   3.90E-01    5.890E-01    2.30E-01
           K CONV. ELECTRON, GAMMA-RAY    7   5.71E-04    5.738E-01    3.28E-04
           K -L2 X-RAY                        1.55E-01    1.329E-02    2.05E-03
           K -L3 X-RAY                        2.97E-01    1.335E-02    3.97E-03
           K -M3 X-RAY                        4.32E-02    1.492E-02    6.45E-04
           AUGER KLL                          1.97E-01    1.140E-02*   2.25E-03
           AUGER KLX                          6.47E-02    1.305E-02*   8.44E-04
           AUGER KXY                          5.18E-03    1.470E-02*   7.62E-05
           AUGER LMM                          9.04E-01    1.490E-03*   1.35E-03
           AUGER LMX                          7.33E-02    1.612E-03*   1.18E-04
           CK MMX                             9.68E-01    7.354E-05*   7.12E-05
           AUGER MNN                          2.40E+00    6.501E-05*   1.56E-04
 
           ALL LISTED X-RAYS, GAMMA-RAYS AND ANNIHILATION RADIATION    4.36E-01
           ALL NEGLECTED X-RAYS, GAMMA-RAYS AND ANNIH. RADIATION**     6.06E-04
           ALL LISTED BETAS, INTERNAL CONVERSION AND AUGER ELECTRONS   4.17E-02
           ALL NEGLECTED BETAS, INT. CONVERSION AND AUGER ELECTRONS**  1.79E-04
           ALL LISTED RADIATIONS                                       4.78E-01
           ALL NEGLECTED RADIATIONS**                                  7.85E-04
 
           *  AVERAGE ENERGY (MEV)
           ** EACH NEGLECTED TRANSITION CONTRIBUTES LESS THAN  0.100%
              TO THE TOTAL MEV/TRANSFORMATION FOR THIS CATEGORY.
           TOTAL FEEDING OF GROUND STATE LEVEL IN 80-RUBIDIUM
             DAUGHTER IS 1.0000E+00 PER TRANSFORMATION OF  80-STRONTIUM.
             DECAY OF THIS 33.4 SECONDS HALFLIFE LEVEL WILL CONTRIBUTE TO DOSE.
           - - - - - - - - - -
           INPUT DATA SOURCE: EVALUATED NUCLEAR STRUCTURE DATA FILE (ENSDF)
             DATE INPUT DATA WERE ENTERED INTO ENSDF: Aug-1992
%%%%  80 SR  38    EC B+        6.37800E+03  106.3 M   02-11-2005       OUTPEND 
%%%%  80 SR  38    EC B+        6.37800E+03  106.3 M   02-11-2005       BETASTAR
1
              80-STRONTIUM-38
+                                    HALFLIFE = 106.3 MINUTES 
+                                                                  02-11-2005

            BETA SPECTRUM DATA FOR ALL DECAY BRANCHES

                      BETAS PER                BETAS PER                BETAS PER
            ENERGY    MEV            ENERGY    MEV            ENERGY    MEV
            (MEV)     PER DECAY      (MEV)     PER DECAY      (MEV)     PER DECAY

            0.00000   0.000E+00      0.00200   1.056E-06      0.04500   3.773E-02
            0.00010   0.000E+00      0.00220   2.199E-06      0.05000   4.455E-02
            0.00011   0.000E+00      0.00240   4.050E-06      0.05500   5.141E-02
            0.00012   0.000E+00      0.00260   6.799E-06      0.06000   5.826E-02
            0.00013   0.000E+00      0.00280   1.062E-05      0.06500   6.506E-02
            0.00014   0.000E+00      0.00300   1.568E-05      0.07000   7.175E-02
            0.00015   0.000E+00      0.00320   2.211E-05      0.07500   7.833E-02
            0.00016   0.000E+00      0.00360   3.959E-05      0.08000   8.475E-02
            0.00018   0.000E+00      0.00400   6.386E-05      0.08500   9.101E-02
            0.00020   1.043E-26      0.00450   1.047E-04      0.09000   9.709E-02
            0.00022   1.758E-25      0.00500   1.579E-04      0.10000   1.087E-01
            0.00024   2.074E-24      0.00550   2.242E-04      0.11000   1.195E-01
            0.00026   1.843E-23      0.00600   3.040E-04      0.12000   1.295E-01
            0.00028   1.302E-22      0.00650   3.977E-04      0.13000   1.387E-01
            0.00030   7.643E-22      0.00700   5.055E-04      0.14000   1.471E-01
            0.00032   3.849E-21      0.00750   6.275E-04      0.15000   1.548E-01
            0.00036   6.810E-20      0.00800   7.639E-04      0.16000   1.618E-01
            0.00040   8.381E-19      0.00850   9.146E-04      0.18000   1.737E-01
            0.00045   1.332E-17      0.00900   1.080E-03      0.20000   1.834E-01
            0.00050   1.544E-16      0.01000   1.453E-03      0.22000   1.912E-01
            0.00055   1.386E-15      0.01100   1.883E-03      0.24000   1.977E-01
            0.00060   9.991E-15      0.01200   2.369E-03      0.26000   2.032E-01
            0.00065   5.923E-14      0.01300   2.909E-03      0.28000   2.073E-01
            0.00070   2.945E-13      0.01400   3.501E-03      0.30000   2.099E-01
            0.00075   1.250E-12      0.01500   4.144E-03      0.32000   2.107E-01
            0.00080   4.601E-12      0.01600   4.835E-03      0.36000   2.074E-01
            0.00085   1.491E-11      0.01800   6.356E-03      0.40000   1.981E-01
            0.00090   4.312E-11      0.02000   8.047E-03      0.45000   1.795E-01
            0.00100   2.698E-10      0.02200   9.891E-03      0.50000   1.548E-01
            0.00110   1.229E-09      0.02400   1.187E-02      0.55000   1.263E-01
            0.00120   4.360E-09      0.02600   1.397E-02      0.60000   9.633E-02
            0.00130   1.271E-08      0.02800   1.619E-02      0.65000   6.716E-02
            0.00140   3.167E-08      0.03000   1.849E-02      0.70000   4.064E-02
            0.00150   6.959E-08      0.03200   2.088E-02      0.75000   1.877E-02
            0.00160   1.381E-07      0.03600   2.586E-02      0.80000   4.283E-03
            0.00180   4.291E-07      0.04000   3.105E-02      0.84200   0.000E+00

            AVERAGE BETA ENERGY =   3.574E-01

            TOTAL BETAS PER DECAY FOR ALL BRANCHES =   9.980E-02
%%%%  80 SR  38    EC B+        6.37800E+03  106.3 M   02-11-2005       BETAEND 
%%%%  80 SR  38    EC B+        6.37800E+03  106.3 M   02-11-2005       SEEISTAR
 80.  STRONTIUM    38.  1.063E+02 MINUTES   99 EC B+                 80.SR 38.   0
 4 1  1.39721E-01  1.15470E-01  2.53000E-01  0.00000E+00             80.SR 38.   1   1
 4 2  6.98603E-02  1.30590E-01  2.88500E-01  0.00000E+00             80.SR 38.   2   2
 4 3  2.69461E-01  2.65763E-01  6.05900E-01  0.00000E+00             80.SR 38.   3   3
 4 4  3.19361E-01  2.92052E-01  6.67100E-01  0.00000E+00             80.SR 38.   4   4
 4 5  9.18164E+00  3.67751E-01  8.42000E-01  0.00000E+00             80.SR 38.   5   5
 3 3  1.99601E+01  5.11000E-01  5.11000E-01  0.00000E+00             80.SR 38.   6   3
 1 1  1.01400E+01  1.75000E-01  1.75000E-01  0.00000E+00             80.SR 38.   7   1
 6 1  2.91285E-01  1.59841E-01  1.59841E-01  1.00000E+00             80.SR 38.   8   1
 6 5  3.08739E-02  1.72952E-01  1.72952E-01  1.00000E+00             80.SR 38.   9   5
 6 6  1.22185E-03  1.73133E-01  1.73133E-01  1.00000E+00             80.SR 38.  10   6
 6 7  4.60607E-04  1.73195E-01  1.73195E-01  1.00000E+00             80.SR 38.  11   7
 6 3  5.47801E-03  1.74763E-01  1.74763E-01  1.00000E+00             80.SR 38.  12   3
 6 4  7.71733E-04  1.75000E-01  1.75000E-01  1.00000E+00             80.SR 38.  13   4
 1 2  4.17300E+00  2.35900E-01  2.35900E-01  0.00000E+00             80.SR 38.  14   2
 6 1  5.55228E-02  2.20741E-01  2.20741E-01  2.00000E+00             80.SR 38.  15   1
 6 5  5.86424E-03  2.33852E-01  2.33852E-01  2.00000E+00             80.SR 38.  16   5
 6 6  2.00801E-04  2.34033E-01  2.34033E-01  2.00000E+00             80.SR 38.  17   6
 6 7  7.81261E-05  2.34095E-01  2.34095E-01  2.00000E+00             80.SR 38.  18   7
 6 3  1.03294E-03  2.35663E-01  2.35663E-01  2.00000E+00             80.SR 38.  19   3
 6 4  1.46024E-04  2.35900E-01  2.35900E-01  2.00000E+00             80.SR 38.  20   4
 1 3  1.05300E+00  3.16000E-01  3.16000E-01  0.00000E+00             80.SR 38.  21   3
 6 1  6.73409E-03  3.00841E-01  3.00841E-01  3.00000E+00             80.SR 38.  22   1
 6 5  7.10386E-04  3.13952E-01  3.13952E-01  3.00000E+00             80.SR 38.  23   5
 6 6  2.07844E-05  3.14133E-01  3.14133E-01  3.00000E+00             80.SR 38.  24   6
 6 7  8.42759E-06  3.14195E-01  3.14195E-01  3.00000E+00             80.SR 38.  25   7
 6 3  1.24547E-04  3.15763E-01  3.15763E-01  3.00000E+00             80.SR 38.  26   3
 6 4  1.76276E-05  3.16000E-01  3.16000E-01  3.00000E+00             80.SR 38.  27   4
 1 4  4.17300E+00  3.78800E-01  3.78800E-01  0.00000E+00             80.SR 38.  28   4
 6 1  1.71577E-02  3.63641E-01  3.63641E-01  4.00000E+00             80.SR 38.  29   1
 6 5  1.80629E-03  3.76752E-01  3.76752E-01  4.00000E+00             80.SR 38.  30   5
 6 6  4.76680E-05  3.76933E-01  3.76933E-01  4.00000E+00             80.SR 38.  31   6
 6 7  1.99517E-05  3.76995E-01  3.76995E-01  4.00000E+00             80.SR 38.  32   7
 6 3  3.15485E-04  3.78563E-01  3.78563E-01  4.00000E+00             80.SR 38.  33   3
 6 4  4.47238E-05  3.78800E-01  3.78800E-01  4.00000E+00             80.SR 38.  34   4
 1 5  3.23700E+00  4.14100E-01  4.14100E-01  0.00000E+00             80.SR 38.  35   5
 6 1  1.07509E-02  3.98941E-01  3.98941E-01  5.00000E+00             80.SR 38.  36   1
 6 5  1.13053E-03  4.12052E-01  4.12052E-01  5.00000E+00             80.SR 38.  37   5
 6 6  2.83070E-05  4.12233E-01  4.12233E-01  5.00000E+00             80.SR 38.  38   6
 6 7  1.20652E-05  4.12295E-01  4.12295E-01  5.00000E+00             80.SR 38.  39   7
 6 3  1.97058E-04  4.13863E-01  4.13863E-01  5.00000E+00             80.SR 38.  40   3
 6 4  2.79610E-05  4.14100E-01  4.14100E-01  5.00000E+00             80.SR 38.  41   4
 1 6  6.86400E+00  5.53400E-01  5.53400E-01  0.00000E+00             80.SR 38.  42   6
 6 1  1.15819E-02  5.38241E-01  5.38241E-01  6.00000E+00             80.SR 38.  43   1
 6 5  1.21441E-03  5.51352E-01  5.51352E-01  6.00000E+00             80.SR 38.  44   5
 6 6  2.53599E-05  5.51533E-01  5.51533E-01  6.00000E+00             80.SR 38.  45   6
 6 7  1.16555E-05  5.51595E-01  5.51595E-01  6.00000E+00             80.SR 38.  46   7
 6 3  2.10182E-04  5.53163E-01  5.53163E-01  6.00000E+00             80.SR 38.  47   3
 6 4  2.99262E-05  5.53400E-01  5.53400E-01  6.00000E+00             80.SR 38.  48   4
 1 7  3.90000E+01  5.89000E-01  5.89000E-01  0.00000E+00             80.SR 38.  49   7
 6 1  5.70896E-02  5.73841E-01  5.73841E-01  7.00000E+00             80.SR 38.  50   1
 6 5  5.98343E-03  5.86952E-01  5.86952E-01  7.00000E+00             80.SR 38.  51   5
 6 6  1.19932E-04  5.87133E-01  5.87133E-01  7.00000E+00             80.SR 38.  52   6
 6 7  5.62211E-05  5.87195E-01  5.87195E-01  7.00000E+00             80.SR 38.  53   7
 6 3  1.03404E-03  5.88763E-01  5.88763E-01  7.00000E+00             80.SR 38.  54   3
 6 4  1.47320E-04  5.89000E-01  5.89000E-01  7.00000E+00             80.SR 38.  55   4
 2 1  1.54559E+01  1.32919E-02  1.32919E-02  0.00000E+00             80.SR 38.  56   1
 2 2  2.97342E+01  1.33539E-02  1.33539E-02  0.00000E+00             80.SR 38.  57   2
 2 3  2.21602E+00  1.49123E-02  1.49123E-02  0.00000E+00             80.SR 38.  58   3
 2 4  4.31975E+00  1.49217E-02  1.49217E-02  0.00000E+00             80.SR 38.  59   4
 2 5  7.11883E-03  1.50398E-02  1.50398E-02  0.00000E+00             80.SR 38.  60   5
 2 6  1.01799E-02  1.50414E-02  1.50414E-02  0.00000E+00             80.SR 38.  61   6
 2 7  2.41441E-01  1.51383E-02  1.51383E-02  0.00000E+00             80.SR 38.  62   7
 2 8  4.65283E-01  1.51392E-02  1.51392E-02  0.00000E+00             80.SR 38.  63   8
 221  2.86000E-04  1.80900E-04  1.80900E-04  0.00000E+00             80.SR 38.  64  21
 222  1.68255E-03  2.42900E-04  2.42900E-04  0.00000E+00             80.SR 38.  65  22
 223  2.43674E-02  1.80131E-03  1.80131E-03  0.00000E+00             80.SR 38.  66  23
 224  4.31128E-02  1.81071E-03  1.81071E-03  0.00000E+00             80.SR 38.  67  24
 225  1.54060E-04  1.92881E-03  1.92881E-03  0.00000E+00             80.SR 38.  68  25
 226  2.29278E-04  1.93043E-03  1.93043E-03  0.00000E+00             80.SR 38.  69  26
 227  2.71563E-03  2.02727E-03  2.02727E-03  0.00000E+00             80.SR 38.  70  27
 228  4.81965E-03  2.02825E-03  2.02825E-03  0.00000E+00             80.SR 38.  71  28
 241  6.75546E-08  6.20000E-05  6.20000E-05  0.00000E+00             80.SR 38.  72  41
 242  1.03998E-01  1.55392E-03  1.55392E-03  0.00000E+00             80.SR 38.  73  42
 243  7.76351E-04  1.62981E-03  1.62981E-03  0.00000E+00             80.SR 38.  74  43
 244  6.33797E-01  1.74790E-03  1.74790E-03  0.00000E+00             80.SR 38.  75  44
 245  5.60641E-03  1.83038E-03  1.83038E-03  0.00000E+00             80.SR 38.  76  45
 246  1.57020E-05  1.84735E-03  1.84735E-03  0.00000E+00             80.SR 38.  77  46
 261  2.79470E-01  1.49192E-03  1.49192E-03  0.00000E+00             80.SR 38.  78  61
 262  9.87439E-04  1.55841E-03  1.55841E-03  0.00000E+00             80.SR 38.  79  62
 263  9.40720E-04  1.56780E-03  1.56780E-03  0.00000E+00             80.SR 38.  80  63
 264  1.28423E-01  1.68590E-03  1.68590E-03  0.00000E+00             80.SR 38.  81  64
 265  1.21497E+00  1.68753E-03  1.68753E-03  0.00000E+00             80.SR 38.  82  65
 266  1.09858E-02  1.76838E-03  1.76838E-03  0.00000E+00             80.SR 38.  83  66
 267  1.63394E-05  1.78437E-03  1.78437E-03  0.00000E+00             80.SR 38.  84  67
 268  1.56161E-05  1.78535E-03  1.78535E-03  0.00000E+00             80.SR 38.  85  68
 291  2.56124E-02  1.35972E-04  1.35972E-04  0.00000E+00             80.SR 38.  86  91
 292  2.80086E-04  1.66827E-05  1.66827E-05  0.00000E+00             80.SR 38.  87  92
 294  8.16080E+02  1.52775E-05  1.52775E-05  0.00000E+00             80.SR 38.  88  94
 7 1  1.97019E+01  1.14024E-02  1.14024E-02  0.00000E+00             80.SR 38.  89   1
 7 2  6.46582E+00  1.30522E-02  1.30522E-02  0.00000E+00             80.SR 38.  90   2
 7 3  5.18103E-01  1.47045E-02  1.47045E-02  0.00000E+00             80.SR 38.  91   3
 7 4  1.95543E+01  1.06851E-04  1.06851E-04  0.00000E+00             80.SR 38.  92   4
 7 5  9.04269E+01  1.48974E-03  1.48974E-03  0.00000E+00             80.SR 38.  93   5
 7 6  7.32625E+00  1.61153E-03  1.61153E-03  0.00000E+00             80.SR 38.  94   6
 7 7  2.37706E-01  1.79142E-03  1.79142E-03  0.00000E+00             80.SR 38.  95   7
 7 8  9.68070E+01  7.35432E-05  7.35432E-05  0.00000E+00             80.SR 38.  96   8
 7 9  2.39774E+02  6.50080E-05  6.50080E-05  0.00000E+00             80.SR 38.  97   9
 710  4.27231E+00  9.22924E-05  9.22924E-05  0.00000E+00             80.SR 38.  98  10
 712  2.39226E+02  1.26043E-05  1.26043E-05  0.00000E+00             80.SR 38.  99  12
%%%%  80 SR  38    EC B+        6.37800E+03  106.3 M   02-11-2005       SEEIEND 
 


   ***************************************************** 
   *                 Radiation Summary                 * 
   ***************************************************** 
 
  Energy released by
    Gamma-ray                       (MeV) =   3.27824E-01
    X-ray                           (MeV) =   7.15098E-03
    Free-bound X-ray                (MeV) =   1.24677E-04
    Annihilation photon             (MeV) =   1.01996E-01
    Beta+ particle                  (MeV) =   3.56669E-02
    Neutrino                        (MeV) =   1.38658E+00
    Beta- particle                  (MeV) =   0.00000E+00
    Neutrino-                       (MeV) =   0.00000E+00
    Internal conv. electron         (MeV) =   1.25631E-03
    Auger and CK electron           (MeV) =   4.91811E-03
    Alpha particle                  (MeV) =   0.00000E+00
    Recoil nucleus                  (MeV) =   0.00000E+00
  E-total (except unplaced radiat.) (MeV) =   1.86552E+00
  E-unplaced radiation              (MeV) =   0.00000E+00
  Q-value from ENSDF data           (MeV) =   1.86400E+00
  Ratio of E-total/Q-value          ( % ) =   1.00082E+02
  Ratio of E-unplaced radi./Q-value ( % ) =   0.00000E+00

 
  Total yield of
    Gamma-ray                             =   6.86400E-01
    X-ray                                 =   5.49332E-01
    Free-bound X-ray                      =   8.16080E+00
    Annihilation photon                   =   1.99601E-01
    Beta+ particle                        =   9.98004E-02
    Beta- particle                        =   0.00000E+00
    Internal conv. electron               =   5.09594E-03
    Auger and CK electron                 =   7.24310E+00
    Alpha particle                        =   0.00000E+00
  Yield of unplaced radiation             =   0.00000E+00


