%%%% 147 TB  65 M  EC B+        1.12200E+02 1.87 M     18-07-2007       BALASTAR
1 147M  TB  65 1.87 M          EC B+      
1INTENSITY AND ENERGY BALANCE DATA

              147M-TERBIUM-65
+                                    HALFLIFE = 1.87 MINUTES 
+                                                                  18-07-2007


    LEVEL       INTENSITY   INTENSITY
    ENERGY      ENTERING    LEAVING     PERCENT
    (MEV)       LEVEL       LEVEL       ERROR

   0.0000E+00  1.0037E+02
   9.9720E-01  1.0252E+00  1.1846E+00  1.4425E+01  ********************
   1.3973E+00  7.9434E+01  7.8669E+01  9.6828E-01                      
   1.6280E+00  1.6709E-01  1.5708E-01  6.1764E+00                      
   1.6428E+00  1.2152E+00  1.1781E+00  3.1016E+00                      
   1.7017E+00  4.0506E-01  3.9681E-01  2.0562E+00                      
   1.7983E+00  1.4426E+01  1.4304E+01  8.4444E-01                      
   1.9441E+00  9.5026E-01  9.4280E-01  7.8856E-01                      
   2.0784E+00  6.1084E-01  6.2842E-01  2.8382E+00                      
   2.3860E+00  2.4202E-01  2.3841E-01  1.5055E+00                      
   2.9715E+00  1.7367E+00  1.5727E+00  9.9100E+00                      
   3.0056E+00  1.7337E+00  1.7287E+00  2.8751E-01                      
   3.1950E+00  0.0000E+00  1.3374E-02  2.0000E+02  ********************
   3.2048E+00  0.0000E+00  1.3362E+00  2.0000E+02  ********************
   3.3227E+00  9.1138E-01  8.6377E-01  5.3647E+00                      
   3.8729E+00  3.0379E-01  3.1406E-01  3.3234E+00                      


 INTENSITY TO GROUND AND ISOMERIC STATE(S) OF DAUGHTER(S)=  1.004E+02
 TOTAL INTENSITY FROM PARENT=  1.000E+02
 PERCENT ERROR =  3.657E-01                      


 TOTAL INTENSITY FROM PARENT =  1.000E+02
 VALUE IS WITHIN   7.63E-06% OF 100                      


 TOTAL ENERGY AVAILABLE =  4.662E+00 MEV
 TOTAL ENERGY CONTENT OF ALL RADIATIONS =  4.687E+00 MEV
 PERCENT ERROR =  5.330E-01                      
%%%% 147 TB  65 M  EC B+        1.12200E+02 1.87 M     18-07-2007       BALAEND 
%%%% 147 TB  65 M  EC B+        1.12200E+02 1.87 M     18-07-2007       INPUSTAR
1                                      **INPUT DATA**
              147M-TERBIUM-65
+                                    HALFLIFE = 1.87 MINUTES 
+                                                                  18-07-2007

            MODES OF DECAY: ELECTRON CAPTURE, BETA PLUS
 
                                MEAN
                                NUMBER/    TRANSITION
                TYPE OF    ID   TRANSFOR-  ENERGY
              TRANSITION   NO.  MATION     (MEV)       OTHER NUCLEAR PARAMETERS

           ELECT. CAPTURE   1   3.04E-03   7.887E-01   ALLOWED                                  
           ELECT. CAPTURE   2   9.11E-03   1.339E+00   ALLOWED                                  
           ELECT. CAPTURE   3   0.00E+00   1.457E+00   ALLOWED                                  
           ELECT. CAPTURE   4   0.00E+00   1.467E+00   ALLOWED                                  
+                                                              ASSUMED                          
           ELECT. CAPTURE   5   1.72E-02   1.656E+00   ALLOWED                                  
           ELECT. CAPTURE   6   1.72E-02   1.690E+00   ALLOWED                                  
           ELECT. CAPTURE   7   2.23E-03   2.276E+00   ALLOWED                                  
           ELECT. CAPTURE   8   5.06E-03   2.583E+00   ALLOWED                                  
+                                                              ASSUMED                          
           ELECT. CAPTURE   9   7.09E-04   2.718E+00   ALLOWED                                  
           ELECT. CAPTURE  10   1.10E-01   2.863E+00   ALLOWED                                  
           ELECT. CAPTURE  11   3.04E-03   2.960E+00   FIRST FORBIDDEN                          
           ELECT. CAPTURE  12   8.81E-03   3.019E+00   FIRST FORBIDDEN                          
           ELECT. CAPTURE  13   1.22E-03   3.034E+00   UNIQUE FIRST FORBIDDEN                   
           ELECT. CAPTURE  14   5.07E-01   3.264E+00   ALLOWED                                  
           ELECT. CAPTURE  15   6.08E-04   4.662E+00   SECOND FORBIDDEN                         
                BETA PLUS   1   1.22E-04   6.340E-01*  ALLOWED                                  
                BETA PLUS   2   1.52E-04   6.681E-01*  ALLOWED                                  
                BETA PLUS   3   1.92E-04   1.254E+00*  ALLOWED                                  
                BETA PLUS   4   9.11E-04   1.561E+00*  ALLOWED                                  
+                                                              ASSUMED                          
                BETA PLUS   5   1.01E-04   1.696E+00*  ALLOWED                                  
                BETA PLUS   6   3.23E-02   1.841E+00*  ALLOWED                                  
                BETA PLUS   7   1.01E-03   1.938E+00*  FIRST FORBIDDEN                          
                BETA PLUS   8   3.34E-03   1.997E+00*  FIRST FORBIDDEN                          
                BETA PLUS   9   4.56E-04   2.012E+00*  UNIQUE FIRST FORBIDDEN                   
                BETA PLUS  10   2.74E-01   2.242E+00*  ALLOWED                                  
                BETA PLUS  11   1.01E-03   3.640E+00*  SECOND FORBIDDEN                         
           I.C.E. + GAMMA   1   8.13E-04   4.420E-01   M1 MULTIPOLE                             
+                                                                    AK= 0.0303                 
                                                       AL1=0.00395                              
           I.C.E. + GAMMA   2   3.97E-03   7.045E-01   M1 MULTIPOLE                             
+                                                                    AK= 0.00935                
                                                       AL1=0.00121                              
           I.C.E. + GAMMA   3   1.57E-03   9.470E-01   E1 MULTIPOLE                             
+                                                                    AK= 0.00109                
           I.C.E. + GAMMA   4   1.18E-02   9.972E-01   E3 MULTIPOLE                             
+                                                                    AK= 0.00490                
           I.C.E. + GAMMA   5   4.73E-03   1.028E+00   M1 MULTIPOLE                             
+                                                                    AK= 0.00377                
           I.C.E. + GAMMA   6   1.34E-04   1.116E+00   E2 MULTIPOLE ASSUMED                     
                                                       AK= 0.00187                              
           I.C.E. + GAMMA   7   3.15E-03   1.260E+00   M1 MULTIPOLE                             
+                                                                    AK= 0.00233                
           I.C.E. + GAMMA   8   1.57E-03   1.389E+00   E1 MULTIPOLE                             
           I.C.E. + GAMMA   9   7.87E-01   1.397E+00   M1 MULTIPOLE                             
+                                                                    AK= 0.00184                
           I.C.E. + GAMMA  10   1.57E-03   1.407E+00   M1 MULTIPOLE                             
+                                                                    AK= 0.00181                
           I.C.E. + GAMMA  11   1.57E-03   1.574E+00   M1 MULTIPOLE                             
+                                                                    AK= 0.00140                
           I.C.E. + GAMMA  12   8.65E-03   1.608E+00   M1 MULTIPOLE                             
+                                                                    AK= 0.00133                
           I.C.E. + GAMMA  13   1.57E-03   1.628E+00   E1 MULTIPOLE                             
           I.C.E. + GAMMA  14   1.18E-02   1.643E+00   E1 MULTIPOLE                             
           I.C.E. + GAMMA  15   1.43E-01   1.798E+00   M1 MULTIPOLE                             
+                                                                    AK= 0.00103                
           I.C.E. + GAMMA  16   2.36E-03   1.809E+00   M1 MULTIPOLE                             
+                                                                    AK= 0.00102                
           I.C.E. + GAMMA  17   7.86E-03   1.944E+00   E2 MULTIPOLE                             
           I.C.E. + GAMMA  18   6.28E-03   2.078E+00   E2 MULTIPOLE ASSUMED                     
           I.C.E. + GAMMA  19   3.14E-03   2.876E+00   E1 MULTIPOLE                             
           I.C.E. + GAMMA  20   9.42E-03   2.972E+00   M1 MULTIPOLE                             
           I.C.E. + GAMMA  21   8.64E-03   3.006E+00   M1 MULTIPOLE                             
           I.C.E. + GAMMA  22   6.28E-03   3.205E+00   M1 MULTIPOLE                             
           I.C.E. + GAMMA  23   8.64E-03   3.323E+00   M1 MULTIPOLE                             
 
           * ENDPOINT ENERGY (MEV)
           - - - - - - - - - -
           Reference: Evaluated Nuclear Structure Data File (ENSDF)
                DATE DATA WERE ENTERED INTO ENSDF: Aug-1992
%%%% 147 TB  65 M  EC B+        1.12200E+02 1.87 M     18-07-2007       INPUEND 
%%%% 147 TB  65 M  EC B+        1.12200E+02 1.87 M     18-07-2007       OUTPSTAR
1                                      **OUTPUT DATA**
              147M-TERBIUM-65
+                                    HALFLIFE = 1.87 MINUTES 
+                                                                  18-07-2007

            MODES OF DECAY: ELECTRON CAPTURE, BETA PLUS
 
                                              MEAN
                                              NUMBER/                  MEV/
                                         ID   TRANSFOR-   ENERGY       TRANSFOR-
                  TYPE OF RADIATION      NO.  MATION      (MEV)        MATION

           BETA PLUS                      1   1.22E-04    2.971E-01*   3.61E-05
           BETA PLUS                      2   1.52E-04    3.120E-01*   4.74E-05
           BETA PLUS                      3   1.92E-04    5.695E-01*   1.10E-04
           BETA PLUS                      4   9.11E-04    7.060E-01*   6.43E-04
           BETA PLUS                      5   1.01E-04    7.659E-01*   7.76E-05
           BETA PLUS                      6   3.23E-02    8.313E-01*   2.69E-02
           BETA PLUS                      7   1.01E-03    8.747E-01*   8.86E-04
           BETA PLUS                      8   3.34E-03    9.012E-01*   3.01E-03
           BETA PLUS                      9   4.56E-04    9.150E-01*   4.17E-04
           BETA PLUS                     10   2.74E-01    1.012E+00*   2.78E-01
           BETA PLUS                     11   1.01E-03    1.638E+00*   1.66E-03
           ANNIHILATION RADIATION             6.28E-01    5.110E-01    3.21E-01
           GAMMA-RAY                      1   7.85E-04    4.420E-01    3.47E-04
           GAMMA-RAY                      2   3.92E-03    7.045E-01    2.77E-03
           GAMMA-RAY                      3   1.57E-03    9.470E-01    1.49E-03
           GAMMA-RAY                      4   1.18E-02    9.972E-01    1.17E-02
           K CONV. ELECTRON, GAMMA-RAY    4   5.77E-05    9.469E-01    5.47E-05
           GAMMA-RAY                      5   4.71E-03    1.028E+00    4.84E-03
           GAMMA-RAY                      7   3.14E-03    1.260E+00    3.96E-03
           GAMMA-RAY                      8   1.57E-03    1.389E+00    2.18E-03
           GAMMA-RAY                      9   7.85E-01    1.397E+00    1.10E+00
           K CONV. ELECTRON, GAMMA-RAY    9   1.44E-03    1.347E+00    1.94E-03
           L1 CONV. ELECTRON, GAMMA-RAY   9   1.84E-04    1.389E+00    2.56E-04
           M CONV. ELECTRON, GAMMA-RAY    9   4.16E-05    1.396E+00*   5.81E-05
           GAMMA-RAY                     10   1.57E-03    1.407E+00    2.21E-03
           GAMMA-RAY                     11   1.57E-03    1.574E+00    2.47E-03
           GAMMA-RAY                     12   8.63E-03    1.608E+00    1.39E-02
           GAMMA-RAY                     13   1.57E-03    1.628E+00    2.56E-03
           GAMMA-RAY                     14   1.18E-02    1.643E+00    1.93E-02
           GAMMA-RAY                     15   1.43E-01    1.798E+00    2.57E-01
           K CONV. ELECTRON, GAMMA-RAY   15   1.47E-04    1.748E+00    2.58E-04
           L1 CONV. ELECTRON, GAMMA-RAY  15   1.87E-05    1.790E+00    3.34E-05
           GAMMA-RAY                     16   2.36E-03    1.809E+00    4.26E-03
           GAMMA-RAY                     17   7.85E-03    1.944E+00    1.53E-02
           GAMMA-RAY                     18   6.28E-03    2.078E+00    1.31E-02
           GAMMA-RAY                     19   3.14E-03    2.876E+00    9.03E-03
           GAMMA-RAY                     20   9.42E-03    2.972E+00    2.80E-02
           GAMMA-RAY                     21   8.63E-03    3.006E+00    2.60E-02
           GAMMA-RAY                     22   6.28E-03    3.205E+00    2.01E-02
           GAMMA-RAY                     23   8.63E-03    3.323E+00    2.87E-02
           K -L2 X-RAY                        1.55E-01    4.236E-02    6.57E-03
           K -L3 X-RAY                        2.79E-01    4.306E-02    1.20E-02
           K -M2 X-RAY                        2.83E-02    4.862E-02    1.38E-03
           K -M3 X-RAY                        5.48E-02    4.876E-02    2.67E-03
           K -N2 X-RAY                        6.22E-03    4.999E-02    3.11E-04
           K -N3 X-RAY                        1.21E-02    5.002E-02    6.04E-04
           L3-M5 X-RAY                        4.35E-02    6.043E-03    2.63E-04
           AUGER KLL                          2.42E-02    3.474E-02*   8.40E-04
           AUGER KLX                          1.20E-02    4.115E-02*   4.93E-04
           AUGER KXY                          1.42E-03    4.756E-02*   6.75E-05
           CK LLX                             8.83E-02    5.729E-04*   5.06E-05
           AUGER LMM                          3.45E-01    4.772E-03*   1.65E-03
           AUGER LMX                          1.21E-01    5.928E-03*   7.18E-04
           AUGER LXY                          1.05E-02    7.119E-03*   7.49E-05
           CK MMX                             4.36E-01    1.823E-04*   7.95E-05
           AUGER MNN                          9.39E-01    8.980E-04*   8.43E-04
           AUGER MNX                          6.38E-02    1.076E-03*   6.86E-05
           CK NNX                             2.79E+00    1.134E-04*   3.16E-04
 
           ALL LISTED X-RAYS, GAMMA-RAYS AND ANNIHILATION RADIATION    1.91E+00
           ALL NEGLECTED X-RAYS, GAMMA-RAYS AND ANNIH. RADIATION**     9.42E-04
           ALL LISTED BETAS, INTERNAL CONVERSION AND AUGER ELECTRONS   3.19E-01
           ALL NEGLECTED BETAS, INT. CONVERSION AND AUGER ELECTRONS**  2.68E-04
           ALL LISTED RADIATIONS                                       2.23E+00
           ALL NEGLECTED RADIATIONS**                                  1.21E-03
 
           *  AVERAGE ENERGY (MEV)
           ** EACH NEGLECTED TRANSITION CONTRIBUTES LESS THAN  0.010%
              TO THE TOTAL MEV/TRANSFORMATION FOR THIS CATEGORY.
           TOTAL FEEDING OF GROUND STATE LEVEL IN 147-GADOLINIUM
             DAUGHTER IS 1.0000E+00  PER TRANSFORMATION OF 147M-TERBIUM.
             DECAY OF THIS 38.06 HOURS HALFLIFE LEVEL WILL CONTRIBUTE TO DOSE.
           - - - - - - - - - -
           INPUT DATA SOURCE: EVALUATED NUCLEAR STRUCTURE DATA FILE (ENSDF)
             DATE INPUT DATA WERE ENTERED INTO ENSDF: Aug-1992
%%%% 147 TB  65 M  EC B+        1.12200E+02 1.87 M     18-07-2007       OUTPEND 
%%%% 147 TB  65 M  EC B+        1.12200E+02 1.87 M     18-07-2007       BETASTAR
1
              147M-TERBIUM-65
+                                    HALFLIFE = 1.87 MINUTES 
+                                                                  18-07-2007

            BETA SPECTRUM DATA FOR ALL DECAY BRANCHES

                      BETAS PER                BETAS PER                BETAS PER
            ENERGY    MEV            ENERGY    MEV            ENERGY    MEV
            (MEV)     PER DECAY      (MEV)     PER DECAY      (MEV)     PER DECAY

            0.00000   0.000E+00      0.00320   1.208E-07      0.12000   2.942E-02
            0.00010   0.000E+00      0.00360   2.482E-07      0.13000   3.389E-02
            0.00011   0.000E+00      0.00400   4.525E-07      0.14000   3.848E-02
            0.00012   0.000E+00      0.00450   8.493E-07      0.15000   4.316E-02
            0.00013   0.000E+00      0.00500   1.444E-06      0.16000   4.790E-02
            0.00014   0.000E+00      0.00550   2.283E-06      0.18000   5.752E-02
            0.00015   0.000E+00      0.00600   3.411E-06      0.20000   6.722E-02
            0.00016   0.000E+00      0.00650   4.875E-06      0.22000   7.691E-02
            0.00018   0.000E+00      0.00700   6.721E-06      0.24000   8.652E-02
            0.00020   0.000E+00      0.00750   8.994E-06      0.26000   9.601E-02
            0.00022   0.000E+00      0.00800   1.174E-05      0.28000   1.053E-01
            0.00024   0.000E+00      0.00850   1.501E-05      0.30000   1.145E-01
            0.00026   0.000E+00      0.00900   1.884E-05      0.32000   1.234E-01
            0.00028   0.000E+00      0.01000   2.837E-05      0.36000   1.405E-01
            0.00030   0.000E+00      0.01100   4.068E-05      0.40000   1.566E-01
            0.00032   0.000E+00      0.01200   5.610E-05      0.45000   1.751E-01
            0.00036   0.000E+00      0.01300   7.494E-05      0.50000   1.918E-01
            0.00040   5.020E-27      0.01400   9.749E-05      0.55000   2.065E-01
            0.00045   1.930E-24      0.01500   1.240E-04      0.60000   2.193E-01
            0.00050   2.406E-22      0.01600   1.548E-04      0.65000   2.303E-01
            0.00055   1.245E-20      0.01800   2.301E-04      0.70000   2.392E-01
            0.00060   3.255E-19      0.02000   3.249E-04      0.75000   2.462E-01
            0.00065   4.984E-18      0.02200   4.406E-04      0.80000   2.512E-01
            0.00070   5.009E-17      0.02400   5.784E-04      0.85000   2.543E-01
            0.00075   3.600E-16      0.02600   7.389E-04      0.90000   2.554E-01
            0.00080   1.974E-15      0.02800   9.229E-04      1.00000   2.523E-01
            0.00085   8.694E-15      0.03000   1.131E-03      1.10000   2.424E-01
            0.00090   3.196E-14      0.03200   1.363E-03      1.20000   2.264E-01
            0.00100   2.821E-13      0.03600   1.899E-03      1.30000   2.054E-01
            0.00110   1.623E-12      0.04000   2.530E-03      1.40000   1.803E-01
            0.00120   6.829E-12      0.04500   3.451E-03      1.50000   1.525E-01
            0.00130   2.273E-11      0.05000   4.511E-03      1.60000   1.233E-01
            0.00140   6.321E-11      0.05500   5.702E-03      1.80000   6.729E-02
            0.00150   1.526E-10      0.06000   7.016E-03      2.00000   2.382E-02
            0.00160   3.292E-10      0.06500   8.443E-03      2.20000   1.199E-03
            0.00180   1.184E-09      0.07000   9.976E-03      2.40000   3.314E-04
            0.00200   3.306E-09      0.07500   1.161E-02      2.60000   2.826E-04
            0.00220   7.713E-09      0.08000   1.332E-02      2.80000   2.244E-04
            0.00240   1.575E-08      0.08500   1.512E-02      3.00000   1.588E-04
            0.00260   2.907E-08      0.09000   1.699E-02      3.20000   9.155E-05
            0.00280   4.958E-08      0.10000   2.093E-02      3.60000   1.100E-06
            0.00300   7.938E-08      0.11000   2.508E-02      3.63960   0.000E+00

            AVERAGE BETA ENERGY =   9.919E-01

            TOTAL BETAS PER DECAY FOR ALL BRANCHES =   3.140E-01
%%%% 147 TB  65 M  EC B+        1.12200E+02 1.87 M     18-07-2007       BETAEND 
%%%% 147 TB  65 M  EC B+        1.12200E+02 1.87 M     18-07-2007       SEEISTAR
147.M TERBIUM      65.  1.870E+00 MINUTES  241 EC B+                147.TB 65.   0
 4 1  1.21518E-02  2.97060E-01  6.34000E-01  0.00000E+00            147.TB 65.   1   1
 4 2  1.51897E-02  3.12029E-01  6.68100E-01  0.00000E+00            147.TB 65.   2   2
 4 3  1.92403E-02  5.69458E-01  1.25360E+00  0.00000E+00            147.TB 65.   3   3
 4 4  9.11383E-02  7.05981E-01  1.56120E+00  0.00000E+00            147.TB 65.   4   4
 4 5  1.01265E-02  7.65934E-01  1.69550E+00  0.00000E+00            147.TB 65.   5   5
 4 6  3.23035E+00  8.31259E-01  1.84130E+00  0.00000E+00            147.TB 65.   6   6
 4 7  1.01265E-01  8.74674E-01  1.93790E+00  0.00000E+00            147.TB 65.   7   7
 4 8  3.34174E-01  9.01197E-01  1.99680E+00  0.00000E+00            147.TB 65.   8   8
 4 9  4.55692E-02  9.15036E-01  2.01160E+00  1.00000E+00            147.TB 65.   9   9
 410  2.74428E+01  1.01215E+00  2.24230E+00  0.00000E+00            147.TB 65.  10  10
 411  1.01265E-01  1.63810E+00  3.63960E+00  1.00000E+00            147.TB 65.  11  11
 3 3  6.28064E+01  5.11000E-01  5.11000E-01  0.00000E+00            147.TB 65.  12   3
 1 1  7.85000E-02  4.42000E-01  4.42000E-01  0.00000E+00            147.TB 65.  13   1
 6 1  2.38230E-03  3.91697E-01  3.91697E-01  1.00000E+00            147.TB 65.  14   1
 6 5  3.09737E-04  4.33650E-01  4.33650E-01  1.00000E+00            147.TB 65.  15   5
 6 6  1.91105E-05  4.34053E-01  4.34053E-01  1.00000E+00            147.TB 65.  16   6
 6 7  3.30640E-06  4.34757E-01  4.34757E-01  1.00000E+00            147.TB 65.  17   7
 6 3  7.19250E-05  4.40458E-01  4.40458E-01  1.00000E+00            147.TB 65.  18   3
 6 4  2.03780E-05  4.42000E-01  4.42000E-01  1.00000E+00            147.TB 65.  19   4
 1 2  3.92500E-01  7.04500E-01  7.04500E-01  0.00000E+00            147.TB 65.  20   2
 6 1  3.66967E-03  6.54197E-01  6.54197E-01  2.00000E+00            147.TB 65.  21   1
 6 5  4.74666E-04  6.96150E-01  6.96150E-01  2.00000E+00            147.TB 65.  22   5
 6 6  2.52328E-05  6.96553E-01  6.96553E-01  2.00000E+00            147.TB 65.  23   6
 6 7  4.68795E-06  6.97257E-01  6.97257E-01  2.00000E+00            147.TB 65.  24   7
 6 3  1.09598E-04  7.02958E-01  7.02958E-01  2.00000E+00            147.TB 65.  25   3
 6 4  3.10698E-05  7.04500E-01  7.04500E-01  2.00000E+00            147.TB 65.  26   4
 1 3  1.57000E-01  9.47000E-01  9.47000E-01  0.00000E+00            147.TB 65.  27   3
 6 1  1.70449E-04  8.96697E-01  8.96697E-01  3.00000E+00            147.TB 65.  28   1
 6 5  2.05086E-05  9.38650E-01  9.38650E-01  3.00000E+00            147.TB 65.  29   5
 6 6  8.44630E-07  9.39053E-01  9.39053E-01  3.00000E+00            147.TB 65.  30   6
 6 7  9.39558E-07  9.39757E-01  9.39757E-01  3.00000E+00            147.TB 65.  31   7
 6 3  4.79089E-06  9.45458E-01  9.45458E-01  3.00000E+00            147.TB 65.  32   3
 6 4  1.35550E-06  9.47000E-01  9.47000E-01  3.00000E+00            147.TB 65.  33   4
 1 4  1.17750E+00  9.97200E-01  9.97200E-01  0.00000E+00            147.TB 65.  34   4
 6 1  5.77199E-03  9.46897E-01  9.46897E-01  4.00000E+00            147.TB 65.  35   1
 6 5  7.50283E-04  9.88850E-01  9.88850E-01  4.00000E+00            147.TB 65.  36   5
 6 6  1.94131E-04  9.89253E-01  9.89253E-01  4.00000E+00            147.TB 65.  37   6
 6 7  5.62640E-05  9.89957E-01  9.89957E-01  4.00000E+00            147.TB 65.  38   7
 6 3  2.21594E-04  9.95658E-01  9.95658E-01  4.00000E+00            147.TB 65.  39   3
 6 4  6.21381E-05  9.97200E-01  9.97200E-01  4.00000E+00            147.TB 65.  40   4
 1 5  4.71000E-01  1.02770E+00  1.02770E+00  0.00000E+00            147.TB 65.  41   5
 6 1  1.77486E-03  9.77397E-01  9.77397E-01  5.00000E+00            147.TB 65.  42   1
 6 5  2.28143E-04  1.01935E+00  1.01935E+00  5.00000E+00            147.TB 65.  43   5
 6 6  1.03762E-05  1.01975E+00  1.01975E+00  5.00000E+00            147.TB 65.  44   6
 6 7  2.18782E-06  1.02046E+00  1.02046E+00  5.00000E+00            147.TB 65.  45   7
 6 3  5.19581E-05  1.02616E+00  1.02616E+00  5.00000E+00            147.TB 65.  46   3
 6 4  1.47543E-05  1.02770E+00  1.02770E+00  5.00000E+00            147.TB 65.  47   4
 1 6  1.33450E-02  1.11630E+00  1.11630E+00  0.00000E+00            147.TB 65.  48   6
 6 1  2.49487E-05  1.06600E+00  1.06600E+00  6.00000E+00            147.TB 65.  49   1
 6 5  3.08595E-06  1.10795E+00  1.10795E+00  6.00000E+00            147.TB 65.  50   5
 6 6  3.08245E-07  1.10835E+00  1.10835E+00  6.00000E+00            147.TB 65.  51   6
 6 7  1.49272E-07  1.10906E+00  1.10906E+00  6.00000E+00            147.TB 65.  52   7
 6 3  7.69581E-07  1.11476E+00  1.11476E+00  6.00000E+00            147.TB 65.  53   3
 6 4  2.17112E-07  1.11630E+00  1.11630E+00  6.00000E+00            147.TB 65.  54   4
 1 7  3.14000E-01  1.26000E+00  1.26000E+00  0.00000E+00            147.TB 65.  55   7
 6 1  7.33014E-04  1.20970E+00  1.20970E+00  7.00000E+00            147.TB 65.  56   1
 6 5  9.39283E-05  1.25165E+00  1.25165E+00  7.00000E+00            147.TB 65.  57   5
 6 6  3.89186E-06  1.25205E+00  1.25205E+00  7.00000E+00            147.TB 65.  58   6
 6 7  9.07639E-07  1.25276E+00  1.25276E+00  7.00000E+00            147.TB 65.  59   7
 6 3  2.12531E-05  1.25846E+00  1.25846E+00  7.00000E+00            147.TB 65.  60   3
 6 4  6.03704E-06  1.26000E+00  1.26000E+00  7.00000E+00            147.TB 65.  61   4
 1 8  1.57000E-01  1.38900E+00  1.38900E+00  0.00000E+00            147.TB 65.  62   8
 6 1  8.55310E-05  1.33870E+00  1.33870E+00  8.00000E+00            147.TB 65.  63   1
 6 5  1.03299E-05  1.38065E+00  1.38065E+00  8.00000E+00            147.TB 65.  64   5
 6 6  3.10629E-07  1.38105E+00  1.38105E+00  8.00000E+00            147.TB 65.  65   6
 6 7  3.77341E-07  1.38176E+00  1.38176E+00  8.00000E+00            147.TB 65.  66   7
 6 3  2.36328E-06  1.38746E+00  1.38746E+00  8.00000E+00            147.TB 65.  67   3
 6 4  6.69367E-07  1.38900E+00  1.38900E+00  8.00000E+00            147.TB 65.  68   4
 1 9  7.85000E+01  1.39730E+00  1.39730E+00  0.00000E+00            147.TB 65.  69   9
 6 1  1.44177E-01  1.34700E+00  1.34700E+00  9.00000E+00            147.TB 65.  70   1
 6 5  1.84303E-02  1.38895E+00  1.38895E+00  9.00000E+00            147.TB 65.  71   5
 6 6  7.27221E-04  1.38935E+00  1.38935E+00  9.00000E+00            147.TB 65.  72   6
 6 7  1.80275E-04  1.39006E+00  1.39006E+00  9.00000E+00            147.TB 65.  73   7
 6 3  4.16107E-03  1.39576E+00  1.39576E+00  9.00000E+00            147.TB 65.  74   3
 6 4  1.18174E-03  1.39730E+00  1.39730E+00  9.00000E+00            147.TB 65.  75   4
 110  1.57000E-01  1.40700E+00  1.40700E+00  0.00000E+00            147.TB 65.  76  10
 6 1  2.83786E-04  1.35670E+00  1.35670E+00  1.00000E+01            147.TB 65.  77   1
 6 5  3.62700E-05  1.39865E+00  1.39865E+00  1.00000E+01            147.TB 65.  78   5
 6 6  1.42643E-06  1.39905E+00  1.39905E+00  1.00000E+01            147.TB 65.  79   6
 6 7  3.55139E-07  1.39976E+00  1.39976E+00  1.00000E+01            147.TB 65.  80   7
 6 3  8.18788E-06  1.40546E+00  1.40546E+00  1.00000E+01            147.TB 65.  81   3
 6 4  2.32530E-06  1.40700E+00  1.40700E+00  1.00000E+01            147.TB 65.  82   4
 111  1.57000E-01  1.57420E+00  1.57420E+00  0.00000E+00            147.TB 65.  83  11
 6 1  2.19279E-04  1.52390E+00  1.52390E+00  1.10000E+01            147.TB 65.  84   1
 6 5  2.79254E-05  1.56585E+00  1.56585E+00  1.10000E+01            147.TB 65.  85   5
 6 6  1.04060E-06  1.56625E+00  1.56625E+00  1.10000E+01            147.TB 65.  86   6
 6 7  2.79223E-07  1.56696E+00  1.56696E+00  1.10000E+01            147.TB 65.  87   7
 6 3  6.29746E-06  1.57266E+00  1.57266E+00  1.10000E+01            147.TB 65.  88   3
 6 4  1.78736E-06  1.57420E+00  1.57420E+00  1.10000E+01            147.TB 65.  89   4
 112  8.63500E-01  1.60800E+00  1.60800E+00  0.00000E+00            147.TB 65.  90  12
 6 1  1.14892E-03  1.55770E+00  1.55770E+00  1.20000E+01            147.TB 65.  91   1
 6 5  1.46198E-04  1.59965E+00  1.59965E+00  1.20000E+01            147.TB 65.  92   5
 6 6  5.39221E-06  1.60005E+00  1.60005E+00  1.20000E+01            147.TB 65.  93   6
 6 7  1.46897E-06  1.60076E+00  1.60076E+00  1.20000E+01            147.TB 65.  94   7
 6 3  3.29683E-05  1.60646E+00  1.60646E+00  1.20000E+01            147.TB 65.  95   3
 6 4  9.35561E-06  1.60800E+00  1.60800E+00  1.20000E+01            147.TB 65.  96   4
 113  1.57000E-01  1.62800E+00  1.62800E+00  0.00000E+00            147.TB 65.  97  13
 6 1  6.54493E-05  1.57770E+00  1.57770E+00  1.30000E+01            147.TB 65.  98   1
 6 5  7.92776E-06  1.61965E+00  1.61965E+00  1.30000E+01            147.TB 65.  99   5
 6 6  2.08717E-07  1.62005E+00  1.62005E+00  1.30000E+01            147.TB 65. 100   6
 6 7  2.67703E-07  1.62076E+00  1.62076E+00  1.30000E+01            147.TB 65. 101   7
 6 3  1.80164E-06  1.62646E+00  1.62646E+00  1.30000E+01            147.TB 65. 102   3
 6 4  5.09258E-07  1.62800E+00  1.62800E+00  1.30000E+01            147.TB 65. 103   4
 114  1.17750E+00  1.64280E+00  1.64280E+00  0.00000E+00            147.TB 65. 104  14
 6 1  4.83576E-04  1.59250E+00  1.59250E+00  1.40000E+01            147.TB 65. 105   1
 6 5  5.85876E-05  1.63445E+00  1.63445E+00  1.40000E+01            147.TB 65. 106   5
 6 6  1.53075E-06  1.63485E+00  1.63485E+00  1.40000E+01            147.TB 65. 107   6
 6 7  1.97013E-06  1.63556E+00  1.63556E+00  1.40000E+01            147.TB 65. 108   7
 6 3  1.33098E-05  1.64126E+00  1.64126E+00  1.40000E+01            147.TB 65. 109   3
 6 4  3.76154E-06  1.64280E+00  1.64280E+00  1.40000E+01            147.TB 65. 110   4
 115  1.42870E+01  1.79830E+00  1.79830E+00  0.00000E+00            147.TB 65. 111  15
 6 1  1.47449E-02  1.74800E+00  1.74800E+00  1.50000E+01            147.TB 65. 112   1
 6 5  1.86685E-03  1.78995E+00  1.78995E+00  1.50000E+01            147.TB 65. 113   5
 6 6  6.52168E-05  1.79035E+00  1.79035E+00  1.50000E+01            147.TB 65. 114   6
 6 7  1.93451E-05  1.79106E+00  1.79106E+00  1.50000E+01            147.TB 65. 115   7
 6 3  4.21372E-04  1.79676E+00  1.79676E+00  1.50000E+01            147.TB 65. 116   3
 6 4  1.19437E-04  1.79830E+00  1.79830E+00  1.50000E+01            147.TB 65. 117   4
 116  2.35500E-01  1.80900E+00  1.80900E+00  0.00000E+00            147.TB 65. 118  16
 6 1  2.39811E-04  1.75870E+00  1.75870E+00  1.60000E+01            147.TB 65. 119   1
 6 5  3.03530E-05  1.80065E+00  1.80065E+00  1.60000E+01            147.TB 65. 120   5
 6 6  1.05730E-06  1.80105E+00  1.80105E+00  1.60000E+01            147.TB 65. 121   6
 6 7  3.15125E-07  1.80176E+00  1.80176E+00  1.60000E+01            147.TB 65. 122   7
 6 3  6.85178E-06  1.80746E+00  1.80746E+00  1.60000E+01            147.TB 65. 123   3
 6 4  1.94197E-06  1.80900E+00  1.80900E+00  1.60000E+01            147.TB 65. 124   4
 117  7.85000E-01  1.94410E+00  1.94410E+00  0.00000E+00            147.TB 65. 125  17
 6 1  5.08620E-04  1.89380E+00  1.89380E+00  1.70000E+01            147.TB 65. 126   1
 6 5  6.46375E-05  1.93575E+00  1.93575E+00  1.70000E+01            147.TB 65. 127   5
 6 6  3.14890E-06  1.93615E+00  1.93615E+00  1.70000E+01            147.TB 65. 128   6
 6 7  1.62276E-06  1.93686E+00  1.93686E+00  1.70000E+01            147.TB 65. 129   7
 6 3  1.48057E-05  1.94256E+00  1.94256E+00  1.70000E+01            147.TB 65. 130   3
 6 4  4.21257E-06  1.94410E+00  1.94410E+00  1.70000E+01            147.TB 65. 131   4
 118  6.28000E-01  2.07840E+00  2.07840E+00  0.00000E+00            147.TB 65. 132  18
 6 1  3.60460E-04  2.02810E+00  2.02810E+00  1.80000E+01            147.TB 65. 133   1
 6 5  4.61076E-05  2.07005E+00  2.07005E+00  1.80000E+01            147.TB 65. 134   5
 6 6  2.07337E-06  2.07045E+00  2.07045E+00  1.80000E+01            147.TB 65. 135   6
 6 7  1.09079E-06  2.07116E+00  2.07116E+00  1.80000E+01            147.TB 65. 136   7
 6 3  1.04763E-05  2.07686E+00  2.07686E+00  1.80000E+01            147.TB 65. 137   3
 6 4  2.98462E-06  2.07840E+00  2.07840E+00  1.80000E+01            147.TB 65. 138   4
 119  3.14000E-01  2.87570E+00  2.87570E+00  0.00000E+00            147.TB 65. 139  19
 6 1  5.36980E-05  2.82540E+00  2.82540E+00  1.90000E+01            147.TB 65. 140   1
 6 5  5.77212E-06  2.86735E+00  2.86735E+00  1.90000E+01            147.TB 65. 141   5
 6 6  9.51373E-08  2.86775E+00  2.86775E+00  1.90000E+01            147.TB 65. 142   6
 6 7  1.39970E-07  2.86846E+00  2.86846E+00  1.90000E+01            147.TB 65. 143   7
 6 3  1.28551E-06  2.87416E+00  2.87416E+00  1.90000E+01            147.TB 65. 144   3
 6 4  3.63480E-07  2.87570E+00  2.87570E+00  1.90000E+01            147.TB 65. 145   4
 120  9.42000E-01  2.97150E+00  2.97150E+00  0.00000E+00            147.TB 65. 146  20
 6 1  3.21197E-04  2.92120E+00  2.92120E+00  2.00000E+01            147.TB 65. 147   1
 6 5  3.74833E-05  2.96315E+00  2.96315E+00  2.00000E+01            147.TB 65. 148   5
 6 6  1.04109E-06  2.96355E+00  2.96355E+00  2.00000E+01            147.TB 65. 149   6
 6 7  3.91217E-07  2.96426E+00  2.96426E+00  2.00000E+01            147.TB 65. 150   7
 6 3  8.32952E-06  2.96996E+00  2.96996E+00  2.00000E+01            147.TB 65. 151   3
 6 4  2.36384E-06  2.97150E+00  2.97150E+00  2.00000E+01            147.TB 65. 152   4
 121  8.63500E-01  3.00560E+00  3.00560E+00  0.00000E+00            147.TB 65. 153  21
 6 1  2.87364E-04  2.95530E+00  2.95530E+00  2.10000E+01            147.TB 65. 154   1
 6 5  3.34489E-05  2.99725E+00  2.99725E+00  2.10000E+01            147.TB 65. 155   5
 6 6  9.24126E-07  2.99765E+00  2.99765E+00  2.10000E+01            147.TB 65. 156   6
 6 7  3.49417E-07  2.99836E+00  2.99836E+00  2.10000E+01            147.TB 65. 157   7
 6 3  7.43133E-06  3.00406E+00  3.00406E+00  2.10000E+01            147.TB 65. 158   3
 6 4  2.10892E-06  3.00560E+00  3.00560E+00  2.10000E+01            147.TB 65. 159   4
 122  6.28000E-01  3.20480E+00  3.20480E+00  0.00000E+00            147.TB 65. 160  22
 6 1  1.82446E-04  3.15450E+00  3.15450E+00  2.20000E+01            147.TB 65. 161   1
 6 5  2.09148E-05  3.19645E+00  3.19645E+00  2.20000E+01            147.TB 65. 162   5
 6 6  5.60885E-07  3.19685E+00  3.19685E+00  2.20000E+01            147.TB 65. 163   6
 6 7  2.19570E-07  3.19756E+00  3.19756E+00  2.20000E+01            147.TB 65. 164   7
 6 3  4.64087E-06  3.20326E+00  3.20326E+00  2.20000E+01            147.TB 65. 165   3
 6 4  1.31695E-06  3.20480E+00  3.20480E+00  2.20000E+01            147.TB 65. 166   4
 123  8.63500E-01  3.32270E+00  3.32270E+00  0.00000E+00            147.TB 65. 167  23
 6 1  2.32533E-04  3.27240E+00  3.27240E+00  2.30000E+01            147.TB 65. 168   1
 6 5  2.64127E-05  3.31435E+00  3.31435E+00  2.30000E+01            147.TB 65. 169   5
 6 6  6.96549E-07  3.31475E+00  3.31475E+00  2.30000E+01            147.TB 65. 170   6
 6 7  2.78064E-07  3.31546E+00  3.31546E+00  2.30000E+01            147.TB 65. 171   7
 6 3  5.85676E-06  3.32116E+00  3.32116E+00  2.30000E+01            147.TB 65. 172   3
 6 4  1.66193E-06  3.32270E+00  3.32270E+00  2.30000E+01            147.TB 65. 173   4
 2 1  1.55032E+01  4.23559E-02  4.23559E-02  0.00000E+00            147.TB 65. 174   1
 2 2  2.78736E+01  4.30603E-02  4.30603E-02  0.00000E+00            147.TB 65. 175   2
 2 3  2.83256E+00  4.86161E-02  4.86161E-02  0.00000E+00            147.TB 65. 176   3
 2 4  5.47871E+00  4.87612E-02  4.87612E-02  0.00000E+00            147.TB 65. 177   4
 2 5  4.32120E-02  4.90714E-02  4.90714E-02  0.00000E+00            147.TB 65. 178   5
 2 6  5.69326E-02  4.91032E-02  4.91032E-02  0.00000E+00            147.TB 65. 179   6
 2 7  6.22452E-01  4.99916E-02  4.99916E-02  0.00000E+00            147.TB 65. 180   7
 2 8  1.20826E+00  5.00239E-02  5.00239E-02  0.00000E+00            147.TB 65. 181   8
 2 9  9.73762E-03  5.01408E-02  5.01408E-02  0.00000E+00            147.TB 65. 182   9
 210  1.27976E-02  5.01468E-02  5.01468E-02  0.00000E+00            147.TB 65. 183  10
 211  1.31091E-01  5.02681E-02  5.02681E-02  0.00000E+00            147.TB 65. 184  11
 212  2.70141E-01  5.02728E-02  5.02728E-02  0.00000E+00            147.TB 65. 185  12
 221  1.94872E-04  4.02800E-04  4.02800E-04  0.00000E+00            147.TB 65. 186  21
 222  9.13698E-03  1.10709E-03  1.10709E-03  0.00000E+00            147.TB 65. 187  22
 223  2.41940E-01  6.66291E-03  6.66291E-03  0.00000E+00            147.TB 65. 188  23
 224  3.45172E-01  6.80799E-03  6.80799E-03  0.00000E+00            147.TB 65. 189  24
 225  5.16121E-03  7.11820E-03  7.11820E-03  0.00000E+00            147.TB 65. 190  25
 226  7.72241E-03  7.14999E-03  7.14999E-03  0.00000E+00            147.TB 65. 191  26
 227  5.73973E-02  8.03849E-03  8.03849E-03  0.00000E+00            147.TB 65. 192  27
 228  8.53501E-02  8.07094E-03  8.07094E-03  0.00000E+00            147.TB 65. 193  28
 229  7.05293E-04  8.18764E-03  8.18764E-03  0.00000E+00            147.TB 65. 194  29
 230  1.08720E-03  8.19350E-03  8.19350E-03  0.00000E+00            147.TB 65. 195  30
 231  7.92829E-03  8.31497E-03  8.31497E-03  0.00000E+00            147.TB 65. 196  31
 232  1.14259E-02  8.31962E-03  8.31962E-03  0.00000E+00            147.TB 65. 197  32
 241  1.06876E-05  7.04300E-04  7.04300E-04  0.00000E+00            147.TB 65. 198  41
 242  1.01986E-01  6.08240E-03  6.08240E-03  0.00000E+00            147.TB 65. 199  42
 243  2.06011E-03  6.40520E-03  6.40520E-03  0.00000E+00            147.TB 65. 200  43
 244  2.80173E+00  6.71540E-03  6.71540E-03  0.00000E+00            147.TB 65. 201  44
 245  1.97998E-02  7.56560E-03  7.56560E-03  0.00000E+00            147.TB 65. 202  45
 246  4.41238E-04  7.66814E-03  7.66814E-03  0.00000E+00            147.TB 65. 203  46
 247  4.92012E-01  7.78485E-03  7.78485E-03  0.00000E+00            147.TB 65. 204  47
 248  3.65321E-04  7.92998E-03  7.92998E-03  0.00000E+00            147.TB 65. 205  48
 249  3.35594E-03  7.89234E-03  7.89234E-03  0.00000E+00            147.TB 65. 206  49
 250  9.80282E-05  7.91683E-03  7.91683E-03  0.00000E+00            147.TB 65. 207  50
 261  3.53602E-01  5.37810E-03  5.37810E-03  0.00000E+00            147.TB 65. 208  61
 262  2.39841E-03  5.55580E-03  5.55580E-03  0.00000E+00            147.TB 65. 209  62
 263  2.19316E-03  5.70089E-03  5.70089E-03  0.00000E+00            147.TB 65. 210  63
 264  4.91632E-01  6.01111E-03  6.01111E-03  0.00000E+00            147.TB 65. 211  64
 265  4.34808E+00  6.04290E-03  6.04290E-03  0.00000E+00            147.TB 65. 212  65
 266  4.72580E-02  6.86131E-03  6.86131E-03  0.00000E+00            147.TB 65. 213  66
 267  3.72655E-04  6.93140E-03  6.93140E-03  0.00000E+00            147.TB 65. 214  67
 268  3.60908E-04  6.96385E-03  6.96385E-03  0.00000E+00            147.TB 65. 215  68
 269  8.26218E-02  7.08052E-03  7.08052E-03  0.00000E+00            147.TB 65. 216  69
 270  7.39243E-01  7.08640E-03  7.08640E-03  0.00000E+00            147.TB 65. 217  70
 271  9.85110E-05  7.22567E-03  7.22567E-03  0.00000E+00            147.TB 65. 218  71
 272  5.66178E-04  7.22650E-03  7.22650E-03  0.00000E+00            147.TB 65. 219  72
 273  8.71495E-03  7.18806E-03  7.18806E-03  0.00000E+00            147.TB 65. 220  73
 274  8.45196E-05  7.20786E-03  7.20786E-03  0.00000E+00            147.TB 65. 221  74
 275  7.27851E-05  7.21250E-03  7.21250E-03  0.00000E+00            147.TB 65. 222  75
 291  9.44563E-01  1.09479E-03  1.09479E-03  0.00000E+00            147.TB 65. 223  91
 292  2.45617E-02  1.60466E-04  1.60466E-04  0.00000E+00            147.TB 65. 224  92
 293  7.59805E-06  2.35153E-05  2.35153E-05  0.00000E+00            147.TB 65. 225  93
 294  6.19931E+02  1.94296E-05  1.94296E-05  0.00000E+00            147.TB 65. 226  94
 7 1  2.41829E+00  3.47387E-02  3.47387E-02  0.00000E+00            147.TB 65. 227   1
 7 2  1.19735E+00  4.11460E-02  4.11460E-02  0.00000E+00            147.TB 65. 228   2
 7 3  1.41994E-01  4.75566E-02  4.75566E-02  0.00000E+00            147.TB 65. 229   3
 7 4  8.82527E+00  5.72866E-04  5.72866E-04  0.00000E+00            147.TB 65. 230   4
 7 5  3.45308E+01  4.77209E-03  4.77209E-03  0.00000E+00            147.TB 65. 231   5
 7 6  1.21095E+01  5.92820E-03  5.92820E-03  0.00000E+00            147.TB 65. 232   6
 7 7  1.05189E+00  7.11901E-03  7.11901E-03  0.00000E+00            147.TB 65. 233   7
 7 8  4.35863E+01  1.82282E-04  1.82282E-04  0.00000E+00            147.TB 65. 234   8
 7 9  9.39218E+01  8.97963E-04  8.97963E-04  0.00000E+00            147.TB 65. 235   9
 710  6.37721E+00  1.07586E-03  1.07586E-03  0.00000E+00            147.TB 65. 236  10
 711  2.05634E-01  1.27728E-03  1.27728E-03  0.00000E+00            147.TB 65. 237  11
 712  2.78913E+02  1.13378E-04  1.13378E-04  0.00000E+00            147.TB 65. 238  12
 713  2.29319E+01  1.23678E-04  1.23678E-04  0.00000E+00            147.TB 65. 239  13
 714  4.16621E+01  1.68638E-05  1.68638E-05  0.00000E+00            147.TB 65. 240  14
 715  3.28014E-01  4.32399E-05  4.32399E-05  0.00000E+00            147.TB 65. 241  15
%%%% 147 TB  65 M  EC B+        1.12200E+02 1.87 M     18-07-2007       SEEIEND 
 


   ***************************************************** 
   *                 Radiation Summary                 * 
   ***************************************************** 
 
  Energy released by
    Gamma-ray                       (MeV) =   1.56610E+00
    X-ray                           (MeV) =   2.44680E-02
    Free-bound X-ray                (MeV) =   1.20450E-04
    Annihilation photon             (MeV) =   3.20941E-01
    Beta+ particle                  (MeV) =   3.11503E-01
    Neutrino                        (MeV) =   2.45193E+00
    Beta- particle                  (MeV) =   0.00000E+00
    Neutrino-                       (MeV) =   0.00000E+00
    Internal conv. electron         (MeV) =   2.83149E-03
    Auger and CK electron           (MeV) =   5.23726E-03
    Alpha particle                  (MeV) =   0.00000E+00
    Recoil nucleus                  (MeV) =   0.00000E+00
  E-total (except unplaced radiat.) (MeV) =   4.68314E+00
  E-unplaced radiation              (MeV) =   0.00000E+00
  Q-value from ENSDF data           (MeV) =   4.66160E+00
  Ratio of E-total/Q-value          ( % ) =   1.00462E+02
  Ratio of E-unplaced radi./Q-value ( % ) =   0.00000E+00

 
  Total yield of
    Gamma-ray                             =   1.03319E+00
    X-ray                                 =   6.52842E-01
    Free-bound X-ray                      =   6.19931E+00
    Annihilation photon                   =   6.28065E-01
    Beta+ particle                        =   3.14032E-01
    Beta- particle                        =   0.00000E+00
    Internal conv. electron               =   2.08656E-03
    Auger and CK electron                 =   5.48201E+00
    Alpha particle                        =   0.00000E+00
  Yield of unplaced radiation             =   0.00000E+00


%%%% 147 TB  65    EC B+        5.90400E+03 1.64 H     02-11-2005       BALASTAR
1 147   TB  65 1.64 H          EC B+      
1INTENSITY AND ENERGY BALANCE DATA

              147-TERBIUM-65
+                                    HALFLIFE = 1.64 HOURS   
+                                                                  02-11-2005


    LEVEL       INTENSITY   INTENSITY
    ENERGY      ENTERING    LEAVING     PERCENT
    (MEV)       LEVEL       LEVEL       ERROR

   0.0000E+00  1.0391E+02
   1.1522E+00  9.9849E+01  1.0021E+02  3.5806E-01                      
   1.2920E+00  3.0528E+01  3.0731E+01  6.6172E-01                      
   1.4117E+00  1.3950E+01  1.3668E+01  2.0462E+00                      
   1.6280E+00  0.0000E+00  3.7018E+00  2.0000E+02  ********************
   1.6992E+00  4.6925E+00  4.7679E+00  1.5936E+00                      
   1.7591E+00  2.4561E+00  2.5602E+00  4.1536E+00                      
   1.8466E+00  4.9720E+01  4.9470E+01  5.0548E-01                      


 INTENSITY TO GROUND AND ISOMERIC STATE(S) OF DAUGHTER(S)=  1.039E+02
 TOTAL INTENSITY FROM PARENT=  1.000E+02
 PERCENT ERROR =  3.762E+00                      


 TOTAL INTENSITY FROM PARENT =  1.000E+02
 VALUE IS WITHIN   7.63E-06% OF 100                      


 TOTAL ENERGY AVAILABLE =  4.609E+00 MEV
 TOTAL ENERGY CONTENT OF ALL RADIATIONS =  4.671E+00 MEV
 PERCENT ERROR =  1.317E+00                      
%%%% 147 TB  65    EC B+        5.90400E+03 1.64 H     02-11-2005       BALAEND 
%%%% 147 TB  65    EC B+        5.90400E+03 1.64 H     02-11-2005       INPUSTAR
1                                      **INPUT DATA**
              147-TERBIUM-65
+                                    HALFLIFE = 1.64 HOURS   
+                                                                  02-11-2005

            MODES OF DECAY: ELECTRON CAPTURE, BETA PLUS
 
                                MEAN
                                NUMBER/    TRANSITION
                TYPE OF    ID   TRANSFOR-  ENERGY
              TRANSITION   NO.  MATION     (MEV)       OTHER NUCLEAR PARAMETERS

           ELECT. CAPTURE   1   3.99E-01   2.762E+00   FIRST FORBIDDEN                          
           ELECT. CAPTURE   2   1.90E-02   2.850E+00   ALLOWED                                  
           ELECT. CAPTURE   3   3.59E-02   2.910E+00   ALLOWED                                  
           ELECT. CAPTURE   4   0.00E+00   2.981E+00   SECOND FORBIDDEN                         
           ELECT. CAPTURE   5   6.99E-02   3.197E+00   ALLOWED                                  
           ELECT. CAPTURE   6   6.19E-02   3.317E+00   ALLOWED                                  
           ELECT. CAPTURE   7   1.40E-01   3.457E+00   FIRST FORBIDDEN                          
                BETA PLUS   1   9.78E-02   1.740E+00*  FIRST FORBIDDEN                          
                BETA PLUS   2   5.59E-03   1.828E+00*  ALLOWED                                  
                BETA PLUS   3   1.10E-02   1.888E+00*  ALLOWED                                  
                BETA PLUS   4   3.39E-02   2.175E+00*  ALLOWED                                  
                BETA PLUS   5   3.59E-02   2.295E+00*  ALLOWED                                  
                BETA PLUS   6   8.99E-02   2.435E+00*  FIRST FORBIDDEN                          
           I.C.E. + GAMMA   1   1.37E-01   1.197E-01   M1+E2 MULTIPOLE                          
                                                       AK= 1.05      AL1=0.138                  
                                                       AL2=0.0111    AL3=0.00190                
                                                       AM= 0.0329    AN+=0.00932                
           I.C.E. + GAMMA   2   3.07E-01   1.398E-01   E1 MULTIPOLE                             
+                                                                    AK= 0.100                  
                                                       AL1=0.0107    AL2=0.00179                
                                                       AL3=0.00213   AM= 0.00318                
           I.C.E. + GAMMA   3   4.00E-03   1.820E-01   UNPLACED GAMMA                           
           I.C.E. + GAMMA   4   2.56E-02   3.474E-01   M1 MULTIPOLE                             
+                                                                    AK= 0.0566                 
                                                       AL1=0.00739   AM= 0.00173                
           I.C.E. + GAMMA   5   1.96E-02   4.070E-01   M1+E2 MULTIPOLE                          
                                                       AK= 0.0255    AL1=0.00331                
           I.C.E. + GAMMA   6   1.01E-02   4.348E-01   E1 MULTIPOLE                             
+                                                                    AK= 0.00556                
           I.C.E. + GAMMA   7   2.81E-02   5.472E-01   E1 MULTIPOLE                             
+                                                                    AK= 0.00331                
           I.C.E. + GAMMA   8   5.12E-02   5.547E-01   E1 MULTIPOLE                             
+                                                                    AK= 0.00322                
           I.C.E. + GAMMA   9   4.33E-01   6.944E-01   M1 MULTIPOLE                             
+                                                                    AK= 0.00680                
           I.C.E. + GAMMA  10   1.00E+00   1.152E+00   E2 MULTIPOLE                             
+                                                                    AK= 0.00175                
           I.C.E. + GAMMA  11   3.70E-02   1.628E+00   E1 MULTIPOLE                             
           I.C.E. + GAMMA  12   3.70E-02   1.628E+00   UNPLACED GAMMA                           
           I.C.E. + GAMMA  13   1.90E-02   1.948E+00   UNPLACED GAMMA                           
           I.C.E. + GAMMA  14   2.30E-02   2.562E+00   UNPLACED GAMMA                           
           I.C.E. + GAMMA  15   3.60E-02   2.681E+00   UNPLACED GAMMA                           
 
           * ENDPOINT ENERGY (MEV)
           - - - - - - - - - -
           Reference: Evaluated Nuclear Structure Data File (ENSDF)
                DATE DATA WERE ENTERED INTO ENSDF: Aug-1992
%%%% 147 TB  65    EC B+        5.90400E+03 1.64 H     02-11-2005       INPUEND 
%%%% 147 TB  65    EC B+        5.90400E+03 1.64 H     02-11-2005       OUTPSTAR
1                                      **OUTPUT DATA**
              147-TERBIUM-65
+                                    HALFLIFE = 1.64 HOURS   
+                                                                  02-11-2005

            MODES OF DECAY: ELECTRON CAPTURE, BETA PLUS
 
                                              MEAN
                                              NUMBER/                  MEV/
                                         ID   TRANSFOR-   ENERGY       TRANSFOR-
                  TYPE OF RADIATION      NO.  MATION      (MEV)        MATION

           BETA PLUS                      1   9.78E-02    7.860E-01*   7.69E-02
           BETA PLUS                      2   5.59E-03    8.252E-01*   4.61E-03
           BETA PLUS                      3   1.10E-02    8.521E-01*   9.36E-03
           BETA PLUS                      4   3.39E-02    9.818E-01*   3.33E-02
           BETA PLUS                      5   3.59E-02    1.036E+00*   3.72E-02
           BETA PLUS                      6   8.99E-02    1.100E+00*   9.88E-02
           ANNIHILATION RADIATION             5.48E-01    5.110E-01    2.80E-01
           GAMMA-RAY                      1   6.10E-02    1.197E-01    7.30E-03
           K CONV. ELECTRON, GAMMA-RAY    1   6.39E-02    6.940E-02    4.43E-03
           L1 CONV. ELECTRON, GAMMA-RAY   1   8.42E-03    1.114E-01    9.37E-04
           GAMMA-RAY                      2   2.75E-01    1.398E-01    3.84E-02
           K CONV. ELECTRON, GAMMA-RAY    2   2.76E-02    8.950E-02    2.47E-03
           L1 CONV. ELECTRON, GAMMA-RAY   2   2.95E-03    1.315E-01    3.88E-04
           GAMMA-RAY                      4   2.40E-02    3.474E-01    8.34E-03
           K CONV. ELECTRON, GAMMA-RAY    4   1.36E-03    2.971E-01    4.04E-04
           GAMMA-RAY                      5   1.90E-02    4.070E-01    7.73E-03
           GAMMA-RAY                      6   1.00E-02    4.348E-01    4.35E-03
           GAMMA-RAY                      7   2.80E-02    5.472E-01    1.53E-02
           GAMMA-RAY                      8   5.10E-02    5.547E-01    2.83E-02
           GAMMA-RAY                      9   4.30E-01    6.944E-01    2.99E-01
           K CONV. ELECTRON, GAMMA-RAY    9   2.93E-03    6.441E-01    1.88E-03
           GAMMA-RAY                     10   1.00E+00    1.152E+00    1.15E+00
           K CONV. ELECTRON, GAMMA-RAY   10   1.75E-03    1.102E+00    1.93E-03
           GAMMA-RAY                     11   3.70E-02    1.628E+00    6.02E-02
           GAMMA-RAY                     12   3.70E-02    1.628E+00    6.02E-02
           GAMMA-RAY                     13   1.90E-02    1.948E+00    3.70E-02
           GAMMA-RAY                     14   2.30E-02    2.562E+00    5.89E-02
           GAMMA-RAY                     15   3.60E-02    2.681E+00    9.65E-02
           K -L2 X-RAY                        1.90E-01    4.236E-02    8.04E-03
           K -L3 X-RAY                        3.41E-01    4.306E-02    1.47E-02
           K -M3 X-RAY                        6.71E-02    4.876E-02    3.27E-03
           AUGER KLL                          2.96E-02    3.474E-02*   1.03E-03
           AUGER KLX                          1.47E-02    4.115E-02*   6.04E-04
           AUGER LMM                          4.23E-01    4.771E-03*   2.02E-03
           AUGER LMX                          1.48E-01    5.928E-03*   8.79E-04
           AUGER MNN                          1.15E+00    8.979E-04*   1.03E-03
           CK NNX                             3.41E+00    1.134E-04*   3.87E-04
 
           ALL LISTED X-RAYS, GAMMA-RAYS AND ANNIHILATION RADIATION    2.18E+00
           ALL NEGLECTED X-RAYS, GAMMA-RAYS AND ANNIH. RADIATION**     4.83E-03
           ALL LISTED BETAS, INTERNAL CONVERSION AND AUGER ELECTRONS   2.79E-01
           ALL NEGLECTED BETAS, INT. CONVERSION AND AUGER ELECTRONS**  2.37E-03
           ALL LISTED RADIATIONS                                       2.46E+00
           ALL NEGLECTED RADIATIONS**                                  7.20E-03
 
           *  AVERAGE ENERGY (MEV)
           ** EACH NEGLECTED TRANSITION CONTRIBUTES LESS THAN  0.100%
              TO THE TOTAL MEV/TRANSFORMATION FOR THIS CATEGORY.
           TOTAL FEEDING OF GROUND STATE LEVEL IN 147-GADOLINIUM
             DAUGHTER IS 1.0000E+00 PER TRANSFORMATION OF 147-TERBIUM.
             DECAY OF THIS 38.1 HOURS HALFLIFE LEVEL WILL CONTRIBUTE TO DOSE.
           - - - - - - - - - -
           INPUT DATA SOURCE: EVALUATED NUCLEAR STRUCTURE DATA FILE (ENSDF)
             DATE INPUT DATA WERE ENTERED INTO ENSDF: Aug-1992
%%%% 147 TB  65    EC B+        5.90400E+03 1.64 H     02-11-2005       OUTPEND 
%%%% 147 TB  65    EC B+        5.90400E+03 1.64 H     02-11-2005       BETASTAR
1
              147-TERBIUM-65
+                                    HALFLIFE = 1.64 HOURS   
+                                                                  02-11-2005

            BETA SPECTRUM DATA FOR ALL DECAY BRANCHES

                      BETAS PER                BETAS PER                BETAS PER
            ENERGY    MEV            ENERGY    MEV            ENERGY    MEV
            (MEV)     PER DECAY      (MEV)     PER DECAY      (MEV)     PER DECAY

            0.00000   0.000E+00      0.00300   8.152E-08      0.10000   2.136E-02
            0.00010   0.000E+00      0.00320   1.240E-07      0.11000   2.559E-02
            0.00011   0.000E+00      0.00360   2.549E-07      0.12000   2.999E-02
            0.00012   0.000E+00      0.00400   4.646E-07      0.13000   3.453E-02
            0.00013   0.000E+00      0.00450   8.720E-07      0.14000   3.917E-02
            0.00014   0.000E+00      0.00500   1.483E-06      0.15000   4.390E-02
            0.00015   0.000E+00      0.00550   2.344E-06      0.16000   4.869E-02
            0.00016   0.000E+00      0.00600   3.502E-06      0.18000   5.838E-02
            0.00018   0.000E+00      0.00650   5.005E-06      0.20000   6.812E-02
            0.00020   0.000E+00      0.00700   6.900E-06      0.22000   7.781E-02
            0.00022   0.000E+00      0.00750   9.234E-06      0.24000   8.739E-02
            0.00024   0.000E+00      0.00800   1.205E-05      0.26000   9.681E-02
            0.00026   0.000E+00      0.00850   1.541E-05      0.28000   1.060E-01
            0.00028   0.000E+00      0.00900   1.934E-05      0.30000   1.150E-01
            0.00030   0.000E+00      0.01000   2.912E-05      0.32000   1.237E-01
            0.00032   0.000E+00      0.01100   4.176E-05      0.36000   1.403E-01
            0.00036   0.000E+00      0.01200   5.758E-05      0.40000   1.557E-01
            0.00040   5.155E-27      0.01300   7.691E-05      0.45000   1.730E-01
            0.00045   1.983E-24      0.01400   1.000E-04      0.50000   1.882E-01
            0.00050   2.471E-22      0.01500   1.273E-04      0.55000   2.012E-01
            0.00055   1.279E-20      0.01600   1.589E-04      0.60000   2.120E-01
            0.00060   3.343E-19      0.01800   2.361E-04      0.65000   2.206E-01
            0.00065   5.119E-18      0.02000   3.333E-04      0.70000   2.269E-01
            0.00070   5.145E-17      0.02200   4.520E-04      0.75000   2.311E-01
            0.00075   3.697E-16      0.02400   5.932E-04      0.80000   2.332E-01
            0.00080   2.028E-15      0.02600   7.578E-04      0.85000   2.332E-01
            0.00085   8.929E-15      0.02800   9.463E-04      0.90000   2.313E-01
            0.00090   3.282E-14      0.03000   1.159E-03      1.00000   2.220E-01
            0.00100   2.897E-13      0.03200   1.397E-03      1.10000   2.064E-01
            0.00110   1.667E-12      0.03600   1.946E-03      1.20000   1.856E-01
            0.00120   7.014E-12      0.04000   2.593E-03      1.30000   1.611E-01
            0.00130   2.335E-11      0.04500   3.535E-03      1.40000   1.346E-01
            0.00140   6.491E-11      0.05000   4.619E-03      1.50000   1.079E-01
            0.00150   1.567E-10      0.05500   5.837E-03      1.60000   8.313E-02
            0.00160   3.380E-10      0.06000   7.180E-03      1.80000   4.776E-02
            0.00180   1.215E-09      0.06500   8.638E-03      2.00000   2.291E-02
            0.00200   3.395E-09      0.07000   1.020E-02      2.20000   6.272E-03
            0.00220   7.921E-09      0.07500   1.187E-02      2.40000   1.456E-04
            0.00240   1.618E-08      0.08000   1.362E-02      2.43480   0.000E+00
            0.00260   2.985E-08      0.08500   1.545E-02
            0.00280   5.091E-08      0.09000   1.736E-02

            AVERAGE BETA ENERGY =   9.493E-01

            TOTAL BETAS PER DECAY FOR ALL BRANCHES =   2.742E-01
%%%% 147 TB  65    EC B+        5.90400E+03 1.64 H     02-11-2005       BETAEND 
%%%% 147 TB  65    EC B+        5.90400E+03 1.64 H     02-11-2005       SEEISTAR
147.  TERBIUM      65.  1.640E+00 HOURS    150 EC B+                147.TB 65.   0
 4 1  9.78434E+00  7.86025E-01  1.74040E+00  0.00000E+00            147.TB 65.   1   1
 4 2  5.59105E-01  8.25245E-01  1.82790E+00  0.00000E+00            147.TB 65.   2   2
 4 3  1.09824E+00  8.52145E-01  1.88780E+00  0.00000E+00            147.TB 65.   3   3
 4 4  3.39457E+00  9.81809E-01  2.17530E+00  0.00000E+00            147.TB 65.   4   4
 4 5  3.59425E+00  1.03606E+00  2.29500E+00  0.00000E+00            147.TB 65.   5   5
 4 6  8.98562E+00  1.09960E+00  2.43480E+00  0.00000E+00            147.TB 65.   6   6
 3 3  5.48323E+01  5.11000E-01  5.11000E-01  0.00000E+00            147.TB 65.   7   3
 1 1  6.10000E+00  1.19700E-01  1.19700E-01  0.00000E+00            147.TB 65.   8   1
 6 1  6.38926E+00  6.93970E-02  6.93970E-02  1.00000E+00            147.TB 65.   9   1
 6 5  8.41685E-01  1.11350E-01  1.11350E-01  1.00000E+00            147.TB 65.  10   5
 6 6  6.75808E-02  1.11753E-01  1.11753E-01  1.00000E+00            147.TB 65.  11   6
 6 7  1.15931E-02  1.12457E-01  1.12457E-01  1.00000E+00            147.TB 65.  12   7
 6 3  2.00606E-01  1.18158E-01  1.18158E-01  1.00000E+00            147.TB 65.  13   3
 6 4  5.68729E-02  1.19700E-01  1.19700E-01  1.00000E+00            147.TB 65.  14   4
 1 2  2.74600E+01  1.39800E-01  1.39800E-01  0.00000E+00            147.TB 65.  15   2
 6 1  2.75650E+00  8.94970E-02  8.94970E-02  2.00000E+00            147.TB 65.  16   1
 6 5  2.95130E-01  1.31450E-01  1.31450E-01  2.00000E+00            147.TB 65.  17   5
 6 6  4.91004E-02  1.31853E-01  1.31853E-01  2.00000E+00            147.TB 65.  18   6
 6 7  5.85957E-02  1.32557E-01  1.32557E-01  2.00000E+00            147.TB 65.  19   7
 6 3  8.73480E-02  1.38258E-01  1.38258E-01  2.00000E+00            147.TB 65.  20   3
 6 4  2.41713E-02  1.39800E-01  1.39800E-01  2.00000E+00            147.TB 65.  21   4
 1 3  4.00000E-01  1.82000E-01  1.82000E-01  0.00000E+00            147.TB 65.  22   3
 1 4  2.40000E+00  3.47400E-01  3.47400E-01  0.00000E+00            147.TB 65.  23   4
 6 1  1.35817E-01  2.97097E-01  2.97097E-01  4.00000E+00            147.TB 65.  24   1
 6 5  1.77357E-02  3.39050E-01  3.39050E-01  4.00000E+00            147.TB 65.  25   5
 6 6  1.17246E-03  3.39453E-01  3.39453E-01  4.00000E+00            147.TB 65.  26   6
 6 7  1.99242E-04  3.40157E-01  3.40157E-01  4.00000E+00            147.TB 65.  27   7
 6 3  4.14851E-03  3.45858E-01  3.45858E-01  4.00000E+00            147.TB 65.  28   3
 6 4  1.17538E-03  3.47400E-01  3.47400E-01  4.00000E+00            147.TB 65.  29   4
 1 5  1.90000E+00  4.07000E-01  4.07000E-01  0.00000E+00            147.TB 65.  30   5
 6 1  4.83563E-02  3.56697E-01  3.56697E-01  5.00000E+00            147.TB 65.  31   1
 6 5  6.29639E-03  3.98650E-01  3.98650E-01  5.00000E+00            147.TB 65.  32   5
 6 6  3.98130E-04  3.99053E-01  3.99053E-01  5.00000E+00            147.TB 65.  33   6
 6 7  6.83672E-05  3.99757E-01  3.99757E-01  5.00000E+00            147.TB 65.  34   7
 6 3  1.46555E-03  4.05458E-01  4.05458E-01  5.00000E+00            147.TB 65.  35   3
 6 4  4.15237E-04  4.07000E-01  4.07000E-01  5.00000E+00            147.TB 65.  36   4
 1 6  1.00000E+00  4.34800E-01  4.34800E-01  0.00000E+00            147.TB 65.  37   6
 6 1  5.55723E-03  3.84497E-01  3.84497E-01  6.00000E+00            147.TB 65.  38   1
 6 5  6.55086E-04  4.26450E-01  4.26450E-01  6.00000E+00            147.TB 65.  39   5
 6 6  4.93626E-05  4.26853E-01  4.26853E-01  6.00000E+00            147.TB 65.  40   6
 6 7  5.29674E-05  4.27557E-01  4.27557E-01  6.00000E+00            147.TB 65.  41   7
 6 3  1.62984E-04  4.33258E-01  4.33258E-01  6.00000E+00            147.TB 65.  42   3
 6 4  4.59761E-05  4.34800E-01  4.34800E-01  6.00000E+00            147.TB 65.  43   4
 1 7  2.80000E+00  5.47200E-01  5.47200E-01  0.00000E+00            147.TB 65.  44   7
 6 1  9.27881E-03  4.96897E-01  4.96897E-01  7.00000E+00            147.TB 65.  45   1
 6 5  1.10410E-03  5.38850E-01  5.38850E-01  7.00000E+00            147.TB 65.  46   5
 6 6  7.00010E-05  5.39253E-01  5.39253E-01  7.00000E+00            147.TB 65.  47   6
 6 7  7.48467E-05  5.39957E-01  5.39957E-01  7.00000E+00            147.TB 65.  48   7
 6 3  2.68555E-04  5.45658E-01  5.45658E-01  7.00000E+00            147.TB 65.  49   3
 6 4  7.58253E-05  5.47200E-01  5.47200E-01  7.00000E+00            147.TB 65.  50   4
 1 8  5.10000E+00  5.54700E-01  5.54700E-01  0.00000E+00            147.TB 65.  51   8
 6 1  1.64072E-02  5.04397E-01  5.04397E-01  8.00000E+00            147.TB 65.  52   1
 6 5  1.95309E-03  5.46350E-01  5.46350E-01  8.00000E+00            147.TB 65.  53   5
 6 6  1.22548E-04  5.46753E-01  5.46753E-01  8.00000E+00            147.TB 65.  54   6
 6 7  1.31033E-04  5.47457E-01  5.47457E-01  8.00000E+00            147.TB 65.  55   7
 6 3  4.74507E-04  5.53158E-01  5.53158E-01  8.00000E+00            147.TB 65.  56   3
 6 4  1.33969E-04  5.54700E-01  5.54700E-01  8.00000E+00            147.TB 65.  57   4
 1 9  4.30000E+01  6.94400E-01  6.94400E-01  0.00000E+00            147.TB 65.  58   9
 6 1  2.92535E-01  6.44097E-01  6.44097E-01  9.00000E+00            147.TB 65.  59   1
 6 5  3.78467E-02  6.86050E-01  6.86050E-01  9.00000E+00            147.TB 65.  60   5
 6 6  2.02280E-03  6.86453E-01  6.86453E-01  9.00000E+00            147.TB 65.  61   6
 6 7  3.74513E-04  6.87157E-01  6.87157E-01  9.00000E+00            147.TB 65.  62   7
 6 3  8.74242E-03  6.92858E-01  6.92858E-01  9.00000E+00            147.TB 65.  63   3
 6 4  2.47823E-03  6.94400E-01  6.94400E-01  9.00000E+00            147.TB 65.  64   4
 110  1.00000E+02  1.15220E+00  1.15220E+00  0.00000E+00            147.TB 65.  65  10
 6 1  1.75443E-01  1.10190E+00  1.10190E+00  1.00000E+01            147.TB 65.  66   1
 6 5  2.17130E-02  1.14385E+00  1.14385E+00  1.00000E+01            147.TB 65.  67   5
 6 6  2.07717E-03  1.14425E+00  1.14425E+00  1.00000E+01            147.TB 65.  68   6
 6 7  1.00474E-03  1.14496E+00  1.14496E+00  1.00000E+01            147.TB 65.  69   7
 6 3  5.38094E-03  1.15066E+00  1.15066E+00  1.00000E+01            147.TB 65.  70   3
 6 4  1.51874E-03  1.15220E+00  1.15220E+00  1.00000E+01            147.TB 65.  71   4
 111  3.70000E+00  1.62790E+00  1.62790E+00  0.00000E+00            147.TB 65.  72  11
 6 1  1.54259E-03  1.57760E+00  1.57760E+00  1.10000E+01            147.TB 65.  73   1
 6 5  1.86851E-04  1.61955E+00  1.61955E+00  1.10000E+01            147.TB 65.  74   5
 6 6  4.91955E-06  1.61995E+00  1.61995E+00  1.10000E+01            147.TB 65.  75   6
 6 7  6.30973E-06  1.62066E+00  1.62066E+00  1.10000E+01            147.TB 65.  76   7
 6 3  4.24634E-05  1.62636E+00  1.62636E+00  1.10000E+01            147.TB 65.  77   3
 6 4  1.20029E-05  1.62790E+00  1.62790E+00  1.10000E+01            147.TB 65.  78   4
 112  3.70000E+00  1.62810E+00  1.62810E+00  0.00000E+00            147.TB 65.  79  12
 113  1.90000E+00  1.94830E+00  1.94830E+00  0.00000E+00            147.TB 65.  80  13
 114  2.30000E+00  2.56190E+00  2.56190E+00  0.00000E+00            147.TB 65.  81  14
 115  3.60000E+00  2.68140E+00  2.68140E+00  0.00000E+00            147.TB 65.  82  15
 2 1  1.89916E+01  4.23559E-02  4.23559E-02  0.00000E+00            147.TB 65.  83   1
 2 2  3.41454E+01  4.30603E-02  4.30603E-02  0.00000E+00            147.TB 65.  84   2
 2 3  3.46992E+00  4.86161E-02  4.86161E-02  0.00000E+00            147.TB 65.  85   3
 2 4  6.71147E+00  4.87612E-02  4.87612E-02  0.00000E+00            147.TB 65.  86   4
 2 5  5.29351E-02  4.90714E-02  4.90714E-02  0.00000E+00            147.TB 65.  87   5
 2 6  6.97430E-02  4.91032E-02  4.91032E-02  0.00000E+00            147.TB 65.  88   6
 2 7  7.62509E-01  4.99916E-02  4.99916E-02  0.00000E+00            147.TB 65.  89   7
 2 8  1.48013E+00  5.00239E-02  5.00239E-02  0.00000E+00            147.TB 65.  90   8
 2 9  1.19287E-02  5.01408E-02  5.01408E-02  0.00000E+00            147.TB 65.  91   9
 210  1.56771E-02  5.01468E-02  5.01468E-02  0.00000E+00            147.TB 65.  92  10
 211  1.60588E-01  5.02681E-02  5.02681E-02  0.00000E+00            147.TB 65.  93  11
 212  3.30926E-01  5.02728E-02  5.02728E-02  0.00000E+00            147.TB 65.  94  12
 221  2.35426E-04  4.02800E-04  4.02800E-04  0.00000E+00            147.TB 65.  95  21
 222  1.10384E-02  1.10709E-03  1.10709E-03  0.00000E+00            147.TB 65.  96  22
 223  2.92289E-01  6.66291E-03  6.66291E-03  0.00000E+00            147.TB 65.  97  23
 224  4.17004E-01  6.80799E-03  6.80799E-03  0.00000E+00            147.TB 65.  98  24
 225  6.23527E-03  7.11820E-03  7.11820E-03  0.00000E+00            147.TB 65.  99  25
 226  9.32947E-03  7.14999E-03  7.14999E-03  0.00000E+00            147.TB 65. 100  26
 227  6.93418E-02  8.03849E-03  8.03849E-03  0.00000E+00            147.TB 65. 101  27
 228  1.03112E-01  8.07095E-03  8.07095E-03  0.00000E+00            147.TB 65. 102  28
 229  8.52067E-04  8.18764E-03  8.18764E-03  0.00000E+00            147.TB 65. 103  29
 230  1.31345E-03  8.19350E-03  8.19350E-03  0.00000E+00            147.TB 65. 104  30
 231  9.57819E-03  8.31497E-03  8.31497E-03  0.00000E+00            147.TB 65. 105  31
 232  1.38036E-02  8.31962E-03  8.31962E-03  0.00000E+00            147.TB 65. 106  32
 241  1.31070E-05  7.04300E-04  7.04300E-04  0.00000E+00            147.TB 65. 107  41
 242  1.25073E-01  6.08240E-03  6.08240E-03  0.00000E+00            147.TB 65. 108  42
 243  2.52648E-03  6.40520E-03  6.40520E-03  0.00000E+00            147.TB 65. 109  43
 244  3.43599E+00  6.71540E-03  6.71540E-03  0.00000E+00            147.TB 65. 110  44
 245  2.42822E-02  7.56560E-03  7.56560E-03  0.00000E+00            147.TB 65. 111  45
 246  5.41126E-04  7.66814E-03  7.66814E-03  0.00000E+00            147.TB 65. 112  46
 247  6.03394E-01  7.78485E-03  7.78485E-03  0.00000E+00            147.TB 65. 113  47
 248  4.48023E-04  7.92998E-03  7.92998E-03  0.00000E+00            147.TB 65. 114  48
 249  4.11566E-03  7.89234E-03  7.89234E-03  0.00000E+00            147.TB 65. 115  49
 250  1.20220E-04  7.91683E-03  7.91683E-03  0.00000E+00            147.TB 65. 116  50
 261  4.33342E-01  5.37810E-03  5.37810E-03  0.00000E+00            147.TB 65. 117  61
 262  2.93927E-03  5.55580E-03  5.55580E-03  0.00000E+00            147.TB 65. 118  62
 263  2.68774E-03  5.70089E-03  5.70089E-03  0.00000E+00            147.TB 65. 119  63
 264  6.02501E-01  6.01111E-03  6.01111E-03  0.00000E+00            147.TB 65. 120  64
 265  5.32861E+00  6.04290E-03  6.04290E-03  0.00000E+00            147.TB 65. 121  65
 266  5.79152E-02  6.86131E-03  6.86131E-03  0.00000E+00            147.TB 65. 122  66
 267  4.56693E-04  6.93140E-03  6.93140E-03  0.00000E+00            147.TB 65. 123  67
 268  4.42297E-04  6.96385E-03  6.96385E-03  0.00000E+00            147.TB 65. 124  68
 269  1.01254E-01  7.08052E-03  7.08052E-03  0.00000E+00            147.TB 65. 125  69
 270  9.05950E-01  7.08640E-03  7.08640E-03  0.00000E+00            147.TB 65. 126  70
 271  1.20726E-04  7.22567E-03  7.22567E-03  0.00000E+00            147.TB 65. 127  71
 272  6.93857E-04  7.22650E-03  7.22650E-03  0.00000E+00            147.TB 65. 128  72
 273  1.06803E-02  7.18806E-03  7.18806E-03  0.00000E+00            147.TB 65. 129  73
 274  1.03580E-04  7.20786E-03  7.20786E-03  0.00000E+00            147.TB 65. 130  74
 275  8.91989E-05  7.21250E-03  7.21250E-03  0.00000E+00            147.TB 65. 131  75
 291  1.15632E+00  1.09475E-03  1.09475E-03  0.00000E+00            147.TB 65. 132  91
 292  3.00417E-02  1.60457E-04  1.60457E-04  0.00000E+00            147.TB 65. 133  92
 293  9.29600E-06  2.35153E-05  2.35153E-05  0.00000E+00            147.TB 65. 134  93
 294  7.58508E+02  1.94293E-05  1.94293E-05  0.00000E+00            147.TB 65. 135  94
 7 1  2.96243E+00  3.47387E-02  3.47387E-02  0.00000E+00            147.TB 65. 136   1
 7 2  1.46677E+00  4.11460E-02  4.11460E-02  0.00000E+00            147.TB 65. 137   2
 7 3  1.73944E-01  4.75566E-02  4.75566E-02  0.00000E+00            147.TB 65. 138   3
 7 4  1.07210E+01  5.72388E-04  5.72388E-04  0.00000E+00            147.TB 65. 139   4
 7 5  4.22793E+01  4.77150E-03  4.77150E-03  0.00000E+00            147.TB 65. 140   5
 7 6  1.48263E+01  5.92752E-03  5.92752E-03  0.00000E+00            147.TB 65. 141   6
 7 7  1.28781E+00  7.11820E-03  7.11820E-03  0.00000E+00            147.TB 65. 142   7
 7 8  5.32793E+01  1.82282E-04  1.82282E-04  0.00000E+00            147.TB 65. 143   8
 7 9  1.14983E+02  8.97929E-04  8.97929E-04  0.00000E+00            147.TB 65. 144   9
 710  7.80632E+00  1.07577E-03  1.07577E-03  0.00000E+00            147.TB 65. 145  10
 711  2.51694E-01  1.27716E-03  1.27716E-03  0.00000E+00            147.TB 65. 146  11
 712  3.41236E+02  1.13381E-04  1.13381E-04  0.00000E+00            147.TB 65. 147  12
 713  2.80553E+01  1.23637E-04  1.23637E-04  0.00000E+00            147.TB 65. 148  13
 714  5.09725E+01  1.68638E-05  1.68638E-05  0.00000E+00            147.TB 65. 149  14
 715  4.01316E-01  4.32399E-05  4.32399E-05  0.00000E+00            147.TB 65. 150  15
%%%% 147 TB  65    EC B+        5.90400E+03 1.64 H     02-11-2005       SEEIEND 
 


   ***************************************************** 
   *                 Radiation Summary                 * 
   ***************************************************** 
 
  Energy released by
    Gamma-ray                       (MeV) =   1.62074E+00
    X-ray                           (MeV) =   2.99731E-02
    Free-bound X-ray                (MeV) =   1.47373E-04
    Annihilation photon             (MeV) =   2.80193E-01
    Beta+ particle                  (MeV) =   2.60252E-01
    Neutrino                        (MeV) =   2.45696E+00
    Beta- particle                  (MeV) =   0.00000E+00
    Neutrino-                       (MeV) =   0.00000E+00
    Internal conv. electron         (MeV) =   1.43518E-02
    Auger and CK electron           (MeV) =   6.41169E-03
    Alpha particle                  (MeV) =   0.00000E+00
    Recoil nucleus                  (MeV) =   0.00000E+00
  E-total (except unplaced radiat.) (MeV) =   4.66904E+00
  E-unplaced radiation              (MeV) =   2.53439E-01
  Q-value from ENSDF data           (MeV) =   4.60900E+00
  Ratio of E-total/Q-value          ( % ) =   1.01303E+02
  Ratio of E-unplaced radi./Q-value ( % ) =   5.49880E+00

 
  Total yield of
    Gamma-ray                             =   1.93460E+00
    X-ray                                 =   7.99676E-01
    Free-bound X-ray                      =   7.58508E+00
    Annihilation photon                   =   5.48323E-01
    Beta+ particle                        =   2.74161E-01
    Beta- particle                        =   0.00000E+00
    Internal conv. electron               =   1.16452E-01
    Auger and CK electron                 =   6.70703E+00
    Alpha particle                        =   0.00000E+00
  Yield of unplaced radiation             =   1.19000E-01


