%%%% 165 TB  65    B-           1.26600E+02 2.11 M     18-07-2007       BALASTAR
1 165   TB  65 2.11 M          B-         
1INTENSITY AND ENERGY BALANCE DATA

              165-TERBIUM-65
+                                    HALFLIFE = 2.11 MINUTES 
+                                                                  18-07-2007


    LEVEL       INTENSITY   INTENSITY
    ENERGY      ENTERING    LEAVING     PERCENT
    (MEV)       LEVEL       LEVEL       ERROR

   0.0000E+00  1.3773E+01
   1.0816E-01  8.9028E+01  0.0000E+00  2.0000E+02  ********************
   1.5865E-01  4.7596E+01  5.1133E+01  7.1653E+00                      
   1.8090E-01  4.2912E+00  0.0000E+00  2.0000E+02  ********************
   1.8408E-01  5.7143E+00  6.4501E+00  1.2098E+01  ********************
   5.3885E-01  7.1912E+00  7.3230E+00  1.8163E+00                      
   5.7360E-01  3.6546E+00  3.2207E+00  1.2623E+01  ********************
   1.3371E+00  1.3714E+01  1.4477E+01  5.4134E+00                      
   1.4002E+00  1.5524E+01  1.6337E+01  5.1046E+00                      
   1.7731E+00  1.0095E+01  1.0570E+01  4.5913E+00                      
   1.8137E+00  1.6190E+00  2.6894E+00  4.9686E+01  ********************


 INTENSITY TO GROUND AND ISOMERIC STATE(S) OF DAUGHTER(S)=  1.028E+02
 TOTAL INTENSITY FROM PARENT=  1.000E+02
 PERCENT ERROR =  2.724E+00                      


 TOTAL INTENSITY FROM PARENT =  1.000E+02
 VALUE IS WITHIN   1.53E-05% OF 100                      


 TOTAL ENERGY AVAILABLE =  2.960E+00 MEV
 TOTAL ENERGY CONTENT OF ALL RADIATIONS =  3.007E+00 MEV
 PERCENT ERROR =  1.556E+00                      
%%%% 165 TB  65    B-           1.26600E+02 2.11 M     18-07-2007       BALAEND 
%%%% 165 TB  65    B-           1.26600E+02 2.11 M     18-07-2007       INPUSTAR
1                                      **INPUT DATA**
              165-TERBIUM-65
+                                    HALFLIFE = 2.11 MINUTES 
+                                                                  18-07-2007

            MODE OF DECAY: BETA MINUS
 
                                MEAN
                                NUMBER/    TRANSITION
                TYPE OF    ID   TRANSFOR-  ENERGY
              TRANSITION   NO.  MATION     (MEV)       OTHER NUCLEAR PARAMETERS

               BETA MINUS   1   1.62E-02   1.146E+00*  ALLOWED                                  
               BETA MINUS   2   1.01E-01   1.187E+00*  ALLOWED                                  
               BETA MINUS   3   1.55E-01   1.560E+00*  ALLOWED                                  
               BETA MINUS   4   1.37E-01   1.623E+00*  ALLOWED                                  
               BETA MINUS   5   5.71E-02   2.421E+00*  ALLOWED                                  
               BETA MINUS   6   5.71E-02   2.776E+00*  FIRST FORBIDDEN                          
               BETA MINUS   7   2.86E-01   2.801E+00*  FIRST FORBIDDEN                          
               BETA MINUS   8   1.90E-01   2.852E+00*  FIRST FORBIDDEN                          
           I.C.E. + GAMMA   1   5.11E-01   5.037E-02   M1+E2 MULTIPOLE                          
                                                       MRS=0.152     AK= 0.0                    
                                                       AL1=1.83      AL2=2.09                   
                                                       AL3=2.31      AM= 1.46                   
                                                       AN+=0.389                                
           I.C.E. + GAMMA   3   6.45E-02   1.841E-01   E1 MULTIPOLE                             
+                                                                    AK= 0.0513                 
                                                       AL1=0.00571   AM= 0.00165                
           I.C.E. + GAMMA   4   3.22E-02   4.654E-01   M1+E2 MULTIPOLE                          
                                                       AK= 0.0228    AL1=0.00302                
           I.C.E. + GAMMA   5   1.60E-02   5.092E-01   UNPLACED GAMMA                           
           I.C.E. + GAMMA   6   2.30E-02   5.355E-01   UNPLACED GAMMA                           
           I.C.E. + GAMMA   7   7.32E-02   5.389E-01   E2 MULTIPOLE                             
+                                                                    AK= 0.0102                 
                                                       AL1=0.00126                              
           I.C.E. + GAMMA   8   3.65E-02   8.262E-01   E1 MULTIPOLE                             
+                                                                    AK= 0.00154                
           I.C.E. + GAMMA   9   1.02E-02   1.039E+00   UNPLACED GAMMA                           
           I.C.E. + GAMMA  10   1.33E-01   1.179E+00   E1 MULTIPOLE                             
           I.C.E. + GAMMA  11   2.56E-02   1.219E+00   E1 MULTIPOLE                             
           I.C.E. + GAMMA  12   1.22E-02   1.229E+00   E1 MULTIPOLE                             
           I.C.E. + GAMMA  13   1.48E-02   1.235E+00   M1 MULTIPOLE                             
+                                                                    AK= 0.00282                
           I.C.E. + GAMMA  14   3.07E-02   1.242E+00   E1 MULTIPOLE                             
           I.C.E. + GAMMA  15   3.20E-02   1.288E+00   UNPLACED GAMMA                           
           I.C.E. + GAMMA  16   7.05E-02   1.292E+00   E1 MULTIPOLE                             
           I.C.E. + GAMMA  17   4.42E-02   1.392E+00   UNPLACED GAMMA                           
           I.C.E. + GAMMA  18   1.41E-02   1.396E+00   UNPLACED GAMMA                           
           I.C.E. + GAMMA  19   1.66E-02   1.440E+00   UNPLACED GAMMA                           
           I.C.E. + GAMMA  20   1.02E-02   1.591E+00   UNPLACED GAMMA                           
           I.C.E. + GAMMA  21   2.69E-02   1.615E+00   E1 MULTIPOLE                             
           I.C.E. + GAMMA  22   1.73E-02   1.633E+00   E1 MULTIPOLE                             
           I.C.E. + GAMMA  23   6.40E-02   1.665E+00   E1 MULTIPOLE                             
           I.C.E. + GAMMA  24   9.60E-03   1.706E+00   E1 MULTIPOLE                             
 
           * ENDPOINT ENERGY (MEV)
           - - - - - - - - - -
           Reference: Evaluated Nuclear Structure Data File (ENSDF)
                DATE DATA WERE ENTERED INTO ENSDF: Jun-2006
%%%% 165 TB  65    B-           1.26600E+02 2.11 M     18-07-2007       INPUEND 
%%%% 165 TB  65    B-           1.26600E+02 2.11 M     18-07-2007       OUTPSTAR
1                                      **OUTPUT DATA**
              165-TERBIUM-65
+                                    HALFLIFE = 2.11 MINUTES 
+                                                                  18-07-2007

            MODE OF DECAY: BETA MINUS
 
                                              MEAN
                                              NUMBER/                  MEV/
                                         ID   TRANSFOR-   ENERGY       TRANSFOR-
                  TYPE OF RADIATION      NO.  MATION      (MEV)        MATION

           BETA MINUS                     1   1.62E-02    3.968E-01*   6.42E-03
           BETA MINUS                     2   1.01E-01    4.133E-01*   4.17E-02
           BETA MINUS                     3   1.55E-01    5.694E-01*   8.84E-02
           BETA MINUS                     4   1.37E-01    5.964E-01*   8.18E-02
           BETA MINUS                     5   5.71E-02    9.471E-01*   5.41E-02
           BETA MINUS                     6   5.71E-02    1.107E+00*   6.32E-02
           BETA MINUS                     7   2.86E-01    1.118E+00*   3.19E-01
           BETA MINUS                     8   1.90E-01    1.141E+00*   2.17E-01
           GAMMA-RAY                      1   5.63E-02    5.037E-02    2.84E-03
           L1 CONV. ELECTRON, GAMMA-RAY   1   1.03E-01    4.136E-02    4.27E-03
           L2 CONV. ELECTRON, GAMMA-RAY   1   1.18E-01    4.178E-02    4.92E-03
           L3 CONV. ELECTRON, GAMMA-RAY   1   1.30E-01    4.259E-02    5.53E-03
           M CONV. ELECTRON, GAMMA-RAY    1   8.21E-02    4.871E-02*   4.00E-03
           N+ CONV. ELECTRON, GAMMA-RAY   1   2.19E-02    5.037E-02*   1.10E-03
           GAMMA-RAY                      3   6.08E-02    1.841E-01    1.12E-02
           K CONV. ELECTRON, GAMMA-RAY    3   3.12E-03    1.302E-01    4.06E-04
           GAMMA-RAY                      4   3.14E-02    4.654E-01    1.46E-02
           K CONV. ELECTRON, GAMMA-RAY    4   7.16E-04    4.115E-01    2.95E-04
           GAMMA-RAY                      5   1.60E-02    5.092E-01    8.15E-03
           GAMMA-RAY                      6   2.30E-02    5.355E-01    1.23E-02
           GAMMA-RAY                      7   7.23E-02    5.389E-01    3.90E-02
           K CONV. ELECTRON, GAMMA-RAY    7   7.36E-04    4.850E-01    3.57E-04
           GAMMA-RAY                      8   3.65E-02    8.262E-01    3.01E-02
           GAMMA-RAY                      9   1.02E-02    1.039E+00    1.06E-02
           GAMMA-RAY                     10   1.32E-01    1.179E+00    1.56E-01
           K CONV. ELECTRON, GAMMA-RAY   10   1.05E-04    1.125E+00    1.18E-04
           GAMMA-RAY                     11   2.56E-02    1.219E+00    3.12E-02
           GAMMA-RAY                     12   1.22E-02    1.229E+00    1.49E-02
           GAMMA-RAY                     13   1.47E-02    1.235E+00    1.82E-02
           GAMMA-RAY                     14   3.07E-02    1.242E+00    3.81E-02
           GAMMA-RAY                     15   3.20E-02    1.288E+00    4.12E-02
           GAMMA-RAY                     16   7.04E-02    1.292E+00    9.10E-02
           GAMMA-RAY                     17   4.42E-02    1.392E+00    6.15E-02
           GAMMA-RAY                     18   1.41E-02    1.396E+00    1.97E-02
           GAMMA-RAY                     19   1.66E-02    1.440E+00    2.40E-02
           GAMMA-RAY                     20   1.02E-02    1.591E+00    1.63E-02
           GAMMA-RAY                     21   2.69E-02    1.615E+00    4.34E-02
           GAMMA-RAY                     22   1.73E-02    1.633E+00    2.82E-02
           GAMMA-RAY                     23   6.40E-02    1.665E+00    1.07E-01
           GAMMA-RAY                     24   9.60E-03    1.706E+00    1.64E-02
           K -L3 X-RAY                        2.38E-03    4.608E-02    1.09E-04
           L2-M4 X-RAY                        2.29E-02    7.254E-03    1.66E-04
           L3-M5 X-RAY                        2.48E-02    6.482E-03    1.61E-04
           AUGER LMM                          2.06E-01    5.204E-03*   1.07E-03
           AUGER LMX                          7.27E-02    6.473E-03*   4.71E-04
           AUGER MNN                          5.87E-01    1.020E-03*   5.98E-04
           CK NNX                             1.75E+00    1.284E-04*   2.25E-04
 
           ALL LISTED X-RAYS, GAMMA-RAYS AND ANNIHILATION RADIATION    8.36E-01
           ALL NEGLECTED X-RAYS, GAMMA-RAYS AND ANNIH. RADIATION**     3.43E-04
           ALL LISTED BETAS, INTERNAL CONVERSION AND AUGER ELECTRONS   8.96E-01
           ALL NEGLECTED BETAS, INT. CONVERSION AND AUGER ELECTRONS**  8.61E-04
           ALL LISTED RADIATIONS                                       1.73E+00
           ALL NEGLECTED RADIATIONS**                                  1.20E-03
 
           *  AVERAGE ENERGY (MEV)
           ** EACH NEGLECTED TRANSITION CONTRIBUTES LESS THAN  0.010%
              TO THE TOTAL MEV/TRANSFORMATION FOR THIS CATEGORY.
           TOTAL FEEDING OF 0.108160 MEV ISOMERIC LEVEL IN 165-DYSPROSIUM  
             DAUGHTER IS 8.9028E-01 PER TRANSFORMATION OF 165-TERBIUM.
             DECAY OF THIS 1.257 MINUTES HALFLIFE LEVEL WILL CONTRIBUTE TO DOSE.
           TOTAL FEEDING OF GROUND STATE LEVEL IN 165-DYSPROSIUM
             DAUGHTER IS 1.0972E-01 PER TRANSFORMATION OF 165-TERBIUM.
             DECAY OF THIS 2.334 HOURS HALFLIFE LEVEL WILL CONTRIBUTE TO DOSE.
           - - - - - - - - - -
           INPUT DATA SOURCE: EVALUATED NUCLEAR STRUCTURE DATA FILE (ENSDF)
             DATE INPUT DATA WERE ENTERED INTO ENSDF: Jun-2006
%%%% 165 TB  65    B-           1.26600E+02 2.11 M     18-07-2007       OUTPEND 
%%%% 165 TB  65    B-           1.26600E+02 2.11 M     18-07-2007       BETASTAR
1
              165-TERBIUM-65
+                                    HALFLIFE = 2.11 MINUTES 
+                                                                  18-07-2007

            BETA SPECTRUM DATA FOR ALL DECAY BRANCHES

                      BETAS PER                BETAS PER                BETAS PER
            ENERGY    MEV            ENERGY    MEV            ENERGY    MEV
            (MEV)     PER DECAY      (MEV)     PER DECAY      (MEV)     PER DECAY

            0.00000   4.601E-01      0.00300   4.612E-01      0.10000   5.384E-01
            0.00010   4.601E-01      0.00320   4.612E-01      0.11000   5.462E-01
            0.00011   4.601E-01      0.00360   4.614E-01      0.12000   5.539E-01
            0.00012   4.601E-01      0.00400   4.615E-01      0.13000   5.615E-01
            0.00013   4.601E-01      0.00450   4.617E-01      0.14000   5.689E-01
            0.00014   4.602E-01      0.00500   4.619E-01      0.15000   5.763E-01
            0.00015   4.602E-01      0.00550   4.620E-01      0.16000   5.834E-01
            0.00016   4.602E-01      0.00600   4.622E-01      0.18000   5.973E-01
            0.00018   4.602E-01      0.00650   4.624E-01      0.20000   6.105E-01
            0.00020   4.602E-01      0.00700   4.625E-01      0.22000   6.229E-01
            0.00022   4.602E-01      0.00750   4.627E-01      0.24000   6.347E-01
            0.00024   4.602E-01      0.00800   4.629E-01      0.26000   6.457E-01
            0.00026   4.602E-01      0.00850   4.630E-01      0.28000   6.559E-01
            0.00028   4.602E-01      0.00900   4.632E-01      0.30000   6.653E-01
            0.00030   4.602E-01      0.01000   4.636E-01      0.32000   6.739E-01
            0.00032   4.602E-01      0.01100   4.639E-01      0.36000   6.887E-01
            0.00036   4.602E-01      0.01200   4.646E-01      0.40000   7.000E-01
            0.00040   4.602E-01      0.01300   4.655E-01      0.45000   7.095E-01
            0.00045   4.603E-01      0.01400   4.664E-01      0.50000   7.138E-01
            0.00050   4.603E-01      0.01500   4.673E-01      0.55000   7.130E-01
            0.00055   4.603E-01      0.01600   4.682E-01      0.60000   7.073E-01
            0.00060   4.603E-01      0.01800   4.700E-01      0.65000   6.971E-01
            0.00065   4.603E-01      0.02000   4.717E-01      0.70000   6.827E-01
            0.00070   4.604E-01      0.02200   4.735E-01      0.75000   6.645E-01
            0.00075   4.604E-01      0.02400   4.753E-01      0.80000   6.429E-01
            0.00080   4.604E-01      0.02600   4.770E-01      0.85000   6.186E-01
            0.00085   4.604E-01      0.02800   4.788E-01      0.90000   5.921E-01
            0.00090   4.604E-01      0.03000   4.805E-01      1.00000   5.353E-01
            0.00100   4.605E-01      0.03200   4.823E-01      1.10000   4.784E-01
            0.00110   4.605E-01      0.03600   4.857E-01      1.20000   4.278E-01
            0.00120   4.605E-01      0.04000   4.891E-01      1.30000   3.803E-01
            0.00130   4.606E-01      0.04500   4.934E-01      1.40000   3.350E-01
            0.00140   4.606E-01      0.05000   4.976E-01      1.50000   2.959E-01
            0.00150   4.606E-01      0.05500   5.018E-01      1.60000   2.666E-01
            0.00160   4.607E-01      0.06000   5.060E-01      1.80000   2.136E-01
            0.00180   4.607E-01      0.06500   5.101E-01      2.00000   1.554E-01
            0.00200   4.608E-01      0.07000   5.142E-01      2.20000   9.817E-02
            0.00220   4.609E-01      0.07500   5.183E-01      2.40000   4.929E-02
            0.00240   4.609E-01      0.08000   5.224E-01      2.60000   1.498E-02
            0.00260   4.610E-01      0.08500   5.264E-01      2.80000   3.210E-04
            0.00280   4.611E-01      0.09000   5.304E-01      2.85184   0.000E+00

            AVERAGE BETA ENERGY =   8.724E-01

            TOTAL BETAS PER DECAY FOR ALL BRANCHES =   1.000E+00
%%%% 165 TB  65    B-           1.26600E+02 2.11 M     18-07-2007       BETAEND 
%%%% 165 TB  65    B-           1.26600E+02 2.11 M     18-07-2007       SEEISTAR
165.  TERBIUM      65.  2.110E+00 MINUTES  188 B-                   165.TB 65.   0
 5 1  1.61905E+00  3.96763E-01  1.14630E+00  0.00000E+00            165.TB 65.   1   1
 5 2  1.00952E+01  4.13332E-01  1.18690E+00  0.00000E+00            165.TB 65.   2   2
 5 3  1.55238E+01  5.69437E-01  1.55980E+00  0.00000E+00            165.TB 65.   3   3
 5 4  1.37143E+01  5.96432E-01  1.62290E+00  0.00000E+00            165.TB 65.   4   4
 5 5  5.71429E+00  9.47107E-01  2.42115E+00  0.00000E+00            165.TB 65.   5   5
 5 6  5.71429E+00  1.10651E+00  2.77592E+00  0.00000E+00            165.TB 65.   6   6
 5 7  2.85714E+01  1.11799E+00  2.80135E+00  0.00000E+00            165.TB 65.   7   7
 5 8  1.90476E+01  1.14080E+00  2.85184E+00  0.00000E+00            165.TB 65.   8   8
 1 1  5.63200E+00  5.03700E-02  5.03700E-02  0.00000E+00            165.TB 65.   9   1
 6 5  1.03193E+01  4.13575E-02  4.13575E-02  1.00000E+00            165.TB 65.  10   5
 6 6  1.17877E+01  4.17793E-02  4.17793E-02  1.00000E+00            165.TB 65.  11   6
 6 7  1.29909E+01  4.25890E-02  4.25890E-02  1.00000E+00            165.TB 65.  12   7
 6 3  8.21109E+00  4.87079E-02  4.87079E-02  1.00000E+00            165.TB 65.  13   3
 6 4  2.19189E+00  5.03700E-02  5.03700E-02  1.00000E+00            165.TB 65.  14   4
 1 3  6.08000E+00  1.84080E-01  1.84080E-01  0.00000E+00            165.TB 65.  15   3
 6 1  3.11664E-01  1.30219E-01  1.30219E-01  3.00000E+00            165.TB 65.  16   1
 6 5  3.47142E-02  1.75067E-01  1.75067E-01  3.00000E+00            165.TB 65.  17   5
 6 6  5.17051E-03  1.75489E-01  1.75489E-01  3.00000E+00            165.TB 65.  18   6
 6 7  5.77961E-03  1.76299E-01  1.76299E-01  3.00000E+00            165.TB 65.  19   7
 6 3  1.00285E-02  1.82418E-01  1.82418E-01  3.00000E+00            165.TB 65.  20   3
 6 4  2.76092E-03  1.84080E-01  1.84080E-01  3.00000E+00            165.TB 65.  21   4
 1 4  3.13600E+00  4.65400E-01  4.65400E-01  0.00000E+00            165.TB 65.  22   4
 6 1  7.16271E-02  4.11539E-01  4.11539E-01  4.00000E+00            165.TB 65.  23   1
 6 5  9.48177E-03  4.56388E-01  4.56388E-01  4.00000E+00            165.TB 65.  24   5
 6 6  6.07028E-04  4.56809E-01  4.56809E-01  4.00000E+00            165.TB 65.  25   6
 6 7  9.70404E-05  4.57619E-01  4.57619E-01  4.00000E+00            165.TB 65.  26   7
 6 3  2.23118E-03  4.63738E-01  4.63738E-01  4.00000E+00            165.TB 65.  27   3
 6 4  6.27851E-04  4.65400E-01  4.65400E-01  4.00000E+00            165.TB 65.  28   4
 1 5  1.60000E+00  5.09200E-01  5.09200E-01  0.00000E+00            165.TB 65.  29   5
 1 6  2.30400E+00  5.35500E-01  5.35500E-01  0.00000E+00            165.TB 65.  30   6
 1 7  7.23200E+00  5.38850E-01  5.38850E-01  0.00000E+00            165.TB 65.  31   7
 6 1  7.36036E-02  4.84989E-01  4.84989E-01  7.00000E+00            165.TB 65.  32   1
 6 5  9.07985E-03  5.29837E-01  5.29837E-01  7.00000E+00            165.TB 65.  33   5
 6 6  2.88529E-03  5.30259E-01  5.30259E-01  7.00000E+00            165.TB 65.  34   6
 6 7  1.54608E-03  5.31069E-01  5.31069E-01  7.00000E+00            165.TB 65.  35   7
 6 3  3.03414E-03  5.37188E-01  5.37188E-01  7.00000E+00            165.TB 65.  36   3
 6 4  8.37270E-04  5.38850E-01  5.38850E-01  7.00000E+00            165.TB 65.  37   4
 1 8  3.64800E+00  8.26200E-01  8.26200E-01  0.00000E+00            165.TB 65.  38   8
 6 1  5.62331E-03  7.72339E-01  7.72339E-01  8.00000E+00            165.TB 65.  39   1
 6 5  6.85140E-04  8.17188E-01  8.17188E-01  8.00000E+00            165.TB 65.  40   5
 6 6  3.42406E-05  8.17609E-01  8.17609E-01  8.00000E+00            165.TB 65.  41   6
 6 7  3.55864E-05  8.18419E-01  8.18419E-01  8.00000E+00            165.TB 65.  42   7
 6 3  1.63897E-04  8.24538E-01  8.24538E-01  8.00000E+00            165.TB 65.  43   3
 6 4  4.59313E-05  8.26200E-01  8.26200E-01  8.00000E+00            165.TB 65.  44   4
 1 9  1.02400E+00  1.03885E+00  1.03885E+00  0.00000E+00            165.TB 65.  45   9
 110  1.32480E+01  1.17853E+00  1.17853E+00  0.00000E+00            165.TB 65.  46  10
 6 1  1.05249E-02  1.12467E+00  1.12467E+00  1.00000E+01            165.TB 65.  47   1
 6 5  1.28940E-03  1.16952E+00  1.16952E+00  1.00000E+01            165.TB 65.  48   5
 6 6  4.83116E-05  1.16994E+00  1.16994E+00  1.00000E+01            165.TB 65.  49   6
 6 7  5.31422E-05  1.17075E+00  1.17075E+00  1.00000E+01            165.TB 65.  50   7
 6 3  3.01388E-04  1.17687E+00  1.17687E+00  1.00000E+01            165.TB 65.  51   3
 6 4  8.45632E-05  1.17853E+00  1.17853E+00  1.00000E+01            165.TB 65.  52   4
 111  2.56000E+00  1.21920E+00  1.21920E+00  0.00000E+00            165.TB 65.  53  11
 6 1  1.91545E-03  1.16534E+00  1.16534E+00  1.10000E+01            165.TB 65.  54   1
 6 5  2.34662E-04  1.21019E+00  1.21019E+00  1.10000E+01            165.TB 65.  55   5
 6 6  8.55342E-06  1.21061E+00  1.21061E+00  1.10000E+01            165.TB 65.  56   6
 6 7  9.48085E-06  1.21142E+00  1.21142E+00  1.10000E+01            165.TB 65.  57   7
 6 3  5.47547E-05  1.21754E+00  1.21754E+00  1.10000E+01            165.TB 65.  58   3
 6 4  1.53648E-05  1.21920E+00  1.21920E+00  1.10000E+01            165.TB 65.  59   4
 112  1.21600E+00  1.22895E+00  1.22895E+00  0.00000E+00            165.TB 65.  60  12
 6 1  8.97184E-04  1.17509E+00  1.17509E+00  1.20000E+01            165.TB 65.  61   1
 6 5  1.09914E-04  1.21994E+00  1.21994E+00  1.20000E+01            165.TB 65.  62   5
 6 6  3.98056E-06  1.22036E+00  1.22036E+00  1.20000E+01            165.TB 65.  63   6
 6 7  4.42034E-06  1.22117E+00  1.22117E+00  1.20000E+01            165.TB 65.  64   7
 6 3  2.56366E-05  1.22729E+00  1.22729E+00  1.20000E+01            165.TB 65.  65   3
 6 4  7.19411E-06  1.22895E+00  1.22895E+00  1.20000E+01            165.TB 65.  66   4
 113  1.47200E+00  1.23490E+00  1.23490E+00  0.00000E+00            165.TB 65.  67  13
 6 1  4.15629E-03  1.18104E+00  1.18104E+00  1.30000E+01            165.TB 65.  68   1
 6 5  5.42353E-04  1.22589E+00  1.22589E+00  1.30000E+01            165.TB 65.  69   5
 6 6  2.42320E-05  1.22631E+00  1.22631E+00  1.30000E+01            165.TB 65.  70   6
 6 7  5.10458E-06  1.22712E+00  1.22712E+00  1.30000E+01            165.TB 65.  71   7
 6 3  1.24212E-04  1.23324E+00  1.23324E+00  1.30000E+01            165.TB 65.  72   3
 6 4  3.51643E-05  1.23490E+00  1.23490E+00  1.30000E+01            165.TB 65.  73   4
 114  3.07200E+00  1.24165E+00  1.24165E+00  0.00000E+00            165.TB 65.  74  14
 6 1  2.22606E-03  1.18779E+00  1.18779E+00  1.40000E+01            165.TB 65.  75   1
 6 5  2.72714E-04  1.23264E+00  1.23264E+00  1.40000E+01            165.TB 65.  76   5
 6 6  9.79436E-06  1.23306E+00  1.23306E+00  1.40000E+01            165.TB 65.  77   6
 6 7  1.09029E-05  1.23387E+00  1.23387E+00  1.40000E+01            165.TB 65.  78   7
 6 3  6.35759E-05  1.23999E+00  1.23999E+00  1.40000E+01            165.TB 65.  79   3
 6 4  1.78413E-05  1.24165E+00  1.24165E+00  1.40000E+01            165.TB 65.  80   4
 115  3.20000E+00  1.28765E+00  1.28765E+00  0.00000E+00            165.TB 65.  81  15
 116  7.04000E+00  1.29205E+00  1.29205E+00  0.00000E+00            165.TB 65.  82  16
 6 1  4.75942E-03  1.23819E+00  1.23819E+00  1.60000E+01            165.TB 65.  83   1
 6 5  5.83066E-04  1.28304E+00  1.28304E+00  1.60000E+01            165.TB 65.  84   5
 6 6  2.02762E-05  1.28346E+00  1.28346E+00  1.60000E+01            165.TB 65.  85   6
 6 7  2.27916E-05  1.28427E+00  1.28427E+00  1.60000E+01            165.TB 65.  86   7
 6 3  1.35668E-04  1.29039E+00  1.29039E+00  1.60000E+01            165.TB 65.  87   3
 6 4  3.80781E-05  1.29205E+00  1.29205E+00  1.60000E+01            165.TB 65.  88   4
 117  4.41600E+00  1.39183E+00  1.39183E+00  0.00000E+00            165.TB 65.  89  17
 118  1.40800E+00  1.39645E+00  1.39645E+00  0.00000E+00            165.TB 65.  90  18
 119  1.66400E+00  1.43970E+00  1.43970E+00  0.00000E+00            165.TB 65.  91  19
 120  1.02400E+00  1.59060E+00  1.59060E+00  0.00000E+00            165.TB 65.  92  20
 121  2.68800E+00  1.61465E+00  1.61465E+00  0.00000E+00            165.TB 65.  93  21
 6 1  1.24566E-03  1.56079E+00  1.56079E+00  2.10000E+01            165.TB 65.  94   1
 6 5  1.52669E-04  1.60564E+00  1.60564E+00  2.10000E+01            165.TB 65.  95   5
 6 6  4.44072E-06  1.60606E+00  1.60606E+00  2.10000E+01            165.TB 65.  96   6
 6 7  5.32692E-06  1.60687E+00  1.60687E+00  2.10000E+01            165.TB 65.  97   7
 6 3  3.52147E-05  1.61299E+00  1.61299E+00  2.10000E+01            165.TB 65.  98   3
 6 4  9.89677E-06  1.61465E+00  1.61465E+00  2.10000E+01            165.TB 65.  99   4
 122  1.72800E+00  1.63274E+00  1.63274E+00  0.00000E+00            165.TB 65. 100  22
 6 1  7.86152E-04  1.57888E+00  1.57888E+00  2.20000E+01            165.TB 65. 101   1
 6 5  9.63591E-05  1.62373E+00  1.62373E+00  2.20000E+01            165.TB 65. 102   5
 6 6  2.77825E-06  1.62415E+00  1.62415E+00  2.20000E+01            165.TB 65. 103   6
 6 7  3.34513E-06  1.62496E+00  1.62496E+00  2.20000E+01            165.TB 65. 104   7
 6 3  2.22184E-05  1.63108E+00  1.63108E+00  2.20000E+01            165.TB 65. 105   3
 6 4  6.24488E-06  1.63274E+00  1.63274E+00  2.20000E+01            165.TB 65. 106   4
 123  6.40000E+00  1.66480E+00  1.66480E+00  0.00000E+00            165.TB 65. 107  23
 6 1  2.81973E-03  1.61094E+00  1.61094E+00  2.30000E+01            165.TB 65. 108   1
 6 5  3.45670E-04  1.65579E+00  1.65579E+00  2.30000E+01            165.TB 65. 109   5
 6 6  9.81479E-06  1.65621E+00  1.65621E+00  2.30000E+01            165.TB 65. 110   6
 6 7  1.18959E-05  1.65702E+00  1.65702E+00  2.30000E+01            165.TB 65. 111   7
 6 3  7.96571E-05  1.66314E+00  1.66314E+00  2.30000E+01            165.TB 65. 112   3
 6 4  2.23929E-05  1.66480E+00  1.66480E+00  2.30000E+01            165.TB 65. 113   4
 124  9.60000E-01  1.70550E+00  1.70550E+00  0.00000E+00            165.TB 65. 114  24
 6 1  4.06497E-04  1.65164E+00  1.65164E+00  2.40000E+01            165.TB 65. 115   1
 6 5  4.98441E-05  1.69649E+00  1.69649E+00  2.40000E+01            165.TB 65. 116   5
 6 6  1.38864E-06  1.69691E+00  1.69691E+00  2.40000E+01            165.TB 65. 117   6
 6 7  1.69731E-06  1.69772E+00  1.69772E+00  2.40000E+01            165.TB 65. 118   7
 6 3  1.14781E-05  1.70384E+00  1.70384E+00  2.40000E+01            165.TB 65. 119   3
 6 4  3.22741E-06  1.70550E+00  1.70550E+00  2.40000E+01            165.TB 65. 120   4
 2 1  1.32929E-01  4.52703E-02  4.52703E-02  0.00000E+00            165.TB 65. 121   1
 2 2  2.37557E-01  4.60801E-02  4.60801E-02  0.00000E+00            165.TB 65. 122   2
 2 3  2.44503E-02  5.20302E-02  5.20302E-02  0.00000E+00            165.TB 65. 123   3
 2 4  4.72649E-02  5.21989E-02  5.21989E-02  0.00000E+00            165.TB 65. 124   4
 2 5  4.02581E-04  5.25244E-02  5.25244E-02  0.00000E+00            165.TB 65. 125   5
 2 6  5.26172E-04  5.25615E-02  5.25615E-02  0.00000E+00            165.TB 65. 126   6
 2 7  5.38183E-03  5.35316E-02  5.35316E-02  0.00000E+00            165.TB 65. 127   7
 2 8  1.04255E-02  5.35696E-02  5.35696E-02  0.00000E+00            165.TB 65. 128   8
 2 9  9.08851E-05  5.36939E-02  5.36939E-02  0.00000E+00            165.TB 65. 129   9
 210  1.18323E-04  5.37010E-02  5.37010E-02  0.00000E+00            165.TB 65. 130  10
 211  1.17196E-03  5.38281E-02  5.38281E-02  0.00000E+00            165.TB 65. 131  11
 212  2.43081E-03  5.38329E-02  5.38329E-02  0.00000E+00            165.TB 65. 132  12
 221  1.97658E-04  4.21800E-04  4.21800E-04  0.00000E+00            165.TB 65. 133  21
 222  1.11934E-02  1.23150E-03  1.23150E-03  0.00000E+00            165.TB 65. 134  22
 223  2.72616E-01  7.18161E-03  7.18161E-03  0.00000E+00            165.TB 65. 135  23
 224  3.80019E-01  7.35039E-03  7.35039E-03  0.00000E+00            165.TB 65. 136  24
 225  6.20648E-03  7.67589E-03  7.67589E-03  0.00000E+00            165.TB 65. 137  25
 226  9.29024E-03  7.71300E-03  7.71300E-03  0.00000E+00            165.TB 65. 138  26
 227  6.47657E-02  8.68311E-03  8.68311E-03  0.00000E+00            165.TB 65. 139  27
 228  9.42253E-02  8.72094E-03  8.72094E-03  0.00000E+00            165.TB 65. 140  28
 229  8.42343E-04  8.84543E-03  8.84543E-03  0.00000E+00            165.TB 65. 141  29
 230  1.30078E-03  8.85227E-03  8.85227E-03  0.00000E+00            165.TB 65. 142  30
 231  8.78840E-03  8.97944E-03  8.97944E-03  0.00000E+00            165.TB 65. 143  31
 232  1.23427E-02  8.98442E-03  8.98442E-03  0.00000E+00            165.TB 65. 144  32
 241  1.13341E-05  8.09700E-04  8.09700E-04  0.00000E+00            165.TB 65. 145  41
 242  7.75621E-02  6.57250E-03  6.57250E-03  0.00000E+00            165.TB 65. 146  42
 243  1.70215E-03  6.92860E-03  6.92860E-03  0.00000E+00            165.TB 65. 147  43
 244  2.28953E+00  7.25410E-03  7.25410E-03  0.00000E+00            165.TB 65. 148  44
 245  1.58266E-02  8.18651E-03  8.18651E-03  0.00000E+00            165.TB 65. 149  45
 246  3.87575E-04  8.29915E-03  8.29915E-03  0.00000E+00            165.TB 65. 150  46
 247  4.01604E-01  8.42365E-03  8.42365E-03  0.00000E+00            165.TB 65. 151  47
 248  4.34107E-04  8.58009E-03  8.58009E-03  0.00000E+00            165.TB 65. 152  48
 249  2.76938E-03  8.53702E-03  8.53702E-03  0.00000E+00            165.TB 65. 153  49
 250  8.69866E-05  8.56262E-03  8.56262E-03  0.00000E+00            165.TB 65. 154  50
 261  1.92176E-01  5.76280E-03  5.76280E-03  0.00000E+00            165.TB 65. 155  61
 262  1.35334E-03  5.95010E-03  5.95010E-03  0.00000E+00            165.TB 65. 156  62
 263  1.23793E-03  6.11889E-03  6.11889E-03  0.00000E+00            165.TB 65. 157  63
 264  2.81002E-01  6.44440E-03  6.44440E-03  0.00000E+00            165.TB 65. 158  64
 265  2.48377E+00  6.48150E-03  6.48150E-03  0.00000E+00            165.TB 65. 159  65
 266  2.74633E-02  7.37681E-03  7.37681E-03  0.00000E+00            165.TB 65. 160  66
 267  2.27919E-04  7.45163E-03  7.45163E-03  0.00000E+00            165.TB 65. 161  67
 268  2.20866E-04  7.48945E-03  7.48945E-03  0.00000E+00            165.TB 65. 162  68
 269  4.70062E-02  7.61394E-03  7.61394E-03  0.00000E+00            165.TB 65. 163  69
 270  4.20345E-01  7.62075E-03  7.62075E-03  0.00000E+00            165.TB 65. 164  70
 271  8.23063E-05  7.77039E-03  7.77039E-03  0.00000E+00            165.TB 65. 165  71
 272  4.66963E-04  7.77135E-03  7.77135E-03  0.00000E+00            165.TB 65. 166  72
 273  5.19019E-03  7.72732E-03  7.72732E-03  0.00000E+00            165.TB 65. 167  73
 274  5.29628E-05  7.74793E-03  7.74793E-03  0.00000E+00            165.TB 65. 168  74
 275  4.49662E-05  7.75291E-03  7.75291E-03  0.00000E+00            165.TB 65. 169  75
 291  7.08600E-01  1.23204E-03  1.23204E-03  0.00000E+00            165.TB 65. 170  91
 292  1.91889E-02  1.72943E-04  1.72943E-04  0.00000E+00            165.TB 65. 171  92
 293  8.11821E-06  2.45617E-05  2.45617E-05  0.00000E+00            165.TB 65. 172  93
 294  3.82546E+02  1.37357E-05  1.37357E-05  0.00000E+00            165.TB 65. 173  94
 7 1  1.89107E-02  3.70640E-02  3.70640E-02  0.00000E+00            165.TB 65. 174   1
 7 2  9.45942E-03  4.39727E-02  4.39727E-02  0.00000E+00            165.TB 65. 175   2
 7 3  1.13576E-03  5.08887E-02  5.08887E-02  0.00000E+00            165.TB 65. 176   3
 7 4  8.04629E+00  6.68983E-04  6.68983E-04  0.00000E+00            165.TB 65. 177   4
 7 5  2.05725E+01  5.20372E-03  5.20372E-03  0.00000E+00            165.TB 65. 178   5
 7 6  7.26929E+00  6.47348E-03  6.47348E-03  0.00000E+00            165.TB 65. 179   6
 7 7  6.47000E-01  7.78031E-03  7.78031E-03  0.00000E+00            165.TB 65. 180   7
 7 8  2.96397E+01  2.12819E-04  2.12819E-04  0.00000E+00            165.TB 65. 181   8
 7 9  5.86584E+01  1.01999E-03  1.01999E-03  0.00000E+00            165.TB 65. 182   9
 710  3.21673E+00  1.19987E-03  1.19987E-03  0.00000E+00            165.TB 65. 183  10
 711  1.47338E-01  1.38979E-03  1.38979E-03  0.00000E+00            165.TB 65. 184  11
 712  1.75070E+02  1.28360E-04  1.28360E-04  0.00000E+00            165.TB 65. 185  12
 713  8.77808E+00  1.57707E-04  1.57707E-04  0.00000E+00            165.TB 65. 186  13
 714  2.14690E+01  1.81686E-05  1.81686E-05  0.00000E+00            165.TB 65. 187  14
 715  1.67097E-01  4.29700E-05  4.29700E-05  0.00000E+00            165.TB 65. 188  15
%%%% 165 TB  65    B-           1.26600E+02 2.11 M     18-07-2007       SEEIEND 
 


   ***************************************************** 
   *                 Radiation Summary                 * 
   ***************************************************** 
 
  Energy released by
    Gamma-ray                       (MeV) =   6.41838E-01
    X-ray                           (MeV) =   7.26766E-04
    Free-bound X-ray                (MeV) =   5.25454E-05
    Annihilation photon             (MeV) =   0.00000E+00
    Beta+ particle                  (MeV) =   0.00000E+00
    Neutrino                        (MeV) =   0.00000E+00
    Beta- particle                  (MeV) =   8.72417E-01
    Neutrino-                       (MeV) =   1.37124E+00
    Internal conv. electron         (MeV) =   2.16279E-02
    Auger and CK electron           (MeV) =   2.60159E-03
    Alpha particle                  (MeV) =   0.00000E+00
    Recoil nucleus                  (MeV) =   0.00000E+00
  E-total (except unplaced radiat.) (MeV) =   2.91050E+00
  E-unplaced radiation              (MeV) =   1.93697E-01
  Q-value from ENSDF data           (MeV) =   2.96000E+00
  Ratio of E-total/Q-value          ( % ) =   9.83279E+01
  Ratio of E-unplaced radi./Q-value ( % ) =   6.54383E+00

 
  Total yield of
    Gamma-ray                             =   6.61120E-01
    X-ray                                 =   8.30289E-02
    Free-bound X-ray                      =   3.82546E+00
    Annihilation photon                   =   0.00000E+00
    Beta+ particle                        =   0.00000E+00
    Beta- particle                        =   1.00000E+00
    Internal conv. electron               =   4.60880E-01
    Auger and CK electron                 =   3.33711E+00
    Alpha particle                        =   0.00000E+00
  Yield of unplaced radiation             =   1.66400E-01


