%%%% 228 TH  90    A            6.03255E+07 1.9116 Y   02-11-2005       BALASTAR
1 228   TH  90 1.9116 Y        A          
1INTENSITY AND ENERGY BALANCE DATA

              228-THORIUM-90
+                                    HALFLIFE = 1.9116 YEARS   
+                                                                  02-11-2005


    LEVEL       INTENSITY   INTENSITY
    ENERGY      ENTERING    LEAVING     PERCENT
    (MEV)       LEVEL       LEVEL       ERROR

   0.0000E+00  1.0009E+02
   8.4373E-02  2.7588E+01  2.7681E+01  3.3634E-01                      
   2.1599E-01  4.3593E-01  4.3591E-01  4.2866E-03                      
   2.5078E-01  2.2684E-01  2.2625E-01  2.6179E-01                      
   2.9036E-01  3.7972E-02  3.7591E-02  1.0086E+00                      
   4.3308E-01  9.9915E-06  1.0171E-05  1.7837E+00                      
   4.7930E-01  2.4979E-05  2.5107E-05  5.1136E-01                      
   9.1633E-01  1.7985E-05  1.7900E-05  4.7018E-01                      
   9.9265E-01  4.6960E-06  4.7164E-06  4.3267E-01                      


 INTENSITY TO GROUND AND ISOMERIC STATE(S) OF DAUGHTER(S)=  1.001E+02
 TOTAL INTENSITY FROM PARENT=  1.000E+02
 PERCENT ERROR =  9.187E-02                      


 TOTAL INTENSITY FROM PARENT =  1.000E+02
 VALUE IS WITHIN   0.00E+00% OF 100                      


 TOTAL ENERGY AVAILABLE =  5.520E+00 MEV
 TOTAL ENERGY CONTENT OF ALL RADIATIONS =  5.520E+00 MEV
 PERCENT ERROR =  1.365E-03                      
%%%% 228 TH  90    A            6.03255E+07 1.9116 Y   02-11-2005       BALAEND 
%%%% 228 TH  90    A            6.03255E+07 1.9116 Y   02-11-2005       INPUSTAR
1                                      **INPUT DATA**
              228-THORIUM-90
+                                    HALFLIFE = 1.9116 YEARS   
+                                                                  02-11-2005

            MODE OF DECAY: ALPHA
 
                                MEAN
                                NUMBER/    TRANSITION
                TYPE OF    ID   TRANSFOR-  ENERGY
              TRANSITION   NO.  MATION     (MEV)       OTHER NUCLEAR PARAMETERS

                    ALPHA   1   4.70E-08   4.527E+00                                            
                    ALPHA   2   1.80E-07   4.604E+00                                            
                    ALPHA   3   2.50E-07   5.041E+00                                            
                    ALPHA   4   9.99E-08   5.087E+00                                            
                    ALPHA   5   3.80E-04   5.230E+00                                            
                    ALPHA   6   2.27E-03   5.269E+00                                            
                    ALPHA   7   4.20E-03   5.304E+00                                            
                    ALPHA   8   2.72E-01   5.436E+00                                            
                    ALPHA   9   7.21E-01   5.520E+00                                            
           I.C.E. + GAMMA   1   1.63E-04   7.440E-02   E2 MULTIPOLE                             
+                                                                    AK= 0.0                    
                                                       AL1=0.527     AL2=15.7                   
                                                       AL3=12.7      AM= 7.87                   
                                                       AN+=2.66                                 
           I.C.E. + GAMMA   2   2.77E-01   8.437E-02   E2 MULTIPOLE                             
+                                                                    AK= 0.0                    
                                                       AL1=0.328     AL2=8.78                   
                                                       AL3=6.78      AM= 4.33                   
                                                       AN+=1.46                                 
           I.C.E. + GAMMA   3   1.63E-03   1.316E-01   E1 MULTIPOLE                             
+                                                                    AK= 0.195                  
                                                       AL1=0.0232    AL2=0.00972                
                                                       AL3=0.00837   AM= 0.00994                
                                                       AN+=0.00336                              
           I.C.E. + GAMMA   4   4.33E-08   1.420E-01   E2 MULTIPOLE                             
+                                                                    AK= 0.279                  
                                                       AL1=0.0699    AL2=0.832                  
                                                       AL3=0.524     AM= 0.389                  
                                                       AN+=0.131                                
           I.C.E. + GAMMA   5   2.26E-03   1.664E-01   E2 MULTIPOLE                             
+                                                                    AK= 0.225                  
                                                       AL1=0.0473    AL2=0.414                  
                                                       AL3=0.242     AM= 0.192                  
                                                       AN+=0.0648                               
           I.C.E. + GAMMA   6   5.84E-08   1.822E-01   E1 MULTIPOLE                             
+                                                                    AK= 0.0902                 
                                                       AL1=0.0111    AL2=0.00374                
                                                       AL3=0.00296   AM= 0.00429                
                                                       AN+=0.00145                              
           I.C.E. + GAMMA   7   2.13E-04   2.059E-01   E1 MULTIPOLE                             
+                                                                    AK= 0.0676                 
                                                       AL1=0.00847   AL2=0.00262                
                                                       AL3=0.00201   AM= 0.00315                
                                                       AN+=0.00107                              
           I.C.E. + GAMMA   8   2.73E-03   2.160E-01   E1 MULTIPOLE                             
+                                                                    AK= 0.0605                 
                                                       AL1=0.00762   AL2=0.00228                
                                                       AL3=0.00173   AM= 0.00280                
           I.C.E. + GAMMA   9   2.51E-07   2.285E-01   E2 MULTIPOLE                             
+                                                                    AK= 0.125                  
                                                       AL1=0.0227    AL2=0.106                  
                                                       AL3=0.0528    AM= 0.0489                 
                                                       AN+=0.0166                               
           I.C.E. + GAMMA  10   3.07E-08   7.005E-01   E1 MULTIPOLE                             
+                                                                    AK= 0.00508                
           I.C.E. + GAMMA  11   1.49E-08   7.422E-01   E2 MULTIPOLE                             
+                                                                    AK= 0.0121                 
                                                       AL1=0.00193   AL2=0.00107                
           I.C.E. + GAMMA  12   1.48E-07   8.320E-01   E2 MULTIPOLE                             
+                                                                    AK= 0.00982                
                                                       AL1=0.00155                              
           I.C.E. + GAMMA  13   1.75E-08   9.081E-01   M1 MULTIPOLE                             
+                                                                    AK= 0.0203                 
                                                       AL1=0.00327                              
           I.C.E. + GAMMA  14   1.48E-08   9.929E-01   E2 MULTIPOLE                             
+                                                                    AK= 0.00715                
                                                       AL1=0.00111                              
 
           - - - - - - - - - -
           Reference: Evaluated Nuclear Structure Data File (ENSDF)
                DATE DATA WERE ENTERED INTO ENSDF: Mar-1997
%%%% 228 TH  90    A            6.03255E+07 1.9116 Y   02-11-2005       INPUEND 
%%%% 228 TH  90    A            6.03255E+07 1.9116 Y   02-11-2005       OUTPSTAR
1                                      **OUTPUT DATA**
              228-THORIUM-90
+                                    HALFLIFE = 1.9116 YEARS   
+                                                                  02-11-2005

            MODE OF DECAY: ALPHA
 
                                              MEAN
                                              NUMBER/                  MEV/
                                         ID   TRANSFOR-   ENERGY       TRANSFOR-
                  TYPE OF RADIATION      NO.  MATION      (MEV)        MATION

           ALPHA                          6   2.27E-03    5.177E+00    1.17E-02
           RECOIL ATOM                        2.27E-03    9.250E-02    2.10E-04
           ALPHA                          7   4.20E-03    5.211E+00    2.19E-02
           RECOIL ATOM                        4.20E-03    9.311E-02    3.91E-04
           ALPHA                          8   2.72E-01    5.340E+00    1.45E+00
           RECOIL ATOM                        2.72E-01    9.542E-02    2.59E-02
           ALPHA                          9   7.21E-01    5.423E+00    3.91E+00
           RECOIL ATOM                        7.21E-01    9.691E-02    6.99E-02
           GAMMA-RAY                      2   1.22E-02    8.437E-02    1.03E-03
           L1 CONV. ELECTRON, GAMMA-RAY   2   4.01E-03    6.514E-02    2.61E-04
           L2 CONV. ELECTRON, GAMMA-RAY   2   1.07E-01    6.581E-02    7.05E-03
           L3 CONV. ELECTRON, GAMMA-RAY   2   8.28E-02    6.892E-02    5.70E-03
           M CONV. ELECTRON, GAMMA-RAY    2   5.28E-02    8.060E-02*   4.26E-03
           N+ CONV. ELECTRON, GAMMA-RAY   2   1.78E-02    8.437E-02*   1.51E-03
           GAMMA-RAY                      3   1.31E-03    1.316E-01    1.72E-04
           GAMMA-RAY                      5   1.04E-03    1.664E-01    1.72E-04
           L2 CONV. ELECTRON, GAMMA-RAY   5   4.28E-04    1.479E-01    6.33E-05
           L3 CONV. ELECTRON, GAMMA-RAY   5   2.51E-04    1.510E-01    3.79E-05
           M CONV. ELECTRON, GAMMA-RAY    5   1.98E-04    1.626E-01*   3.23E-05
           GAMMA-RAY                      7   1.96E-04    2.059E-01    4.04E-05
           GAMMA-RAY                      8   2.54E-03    2.160E-01    5.48E-04
           K -L2 X-RAY                        1.87E-04    8.576E-02    1.61E-05
           K -L3 X-RAY                        3.06E-04    8.886E-02    2.72E-05
           K -M3 X-RAY                        6.78E-05    1.005E-01    6.82E-06
           L2-M1 X-RAY                        1.07E-03    1.376E-02    1.48E-05
           L2-M4 X-RAY                        3.88E-02    1.530E-02    5.93E-04
           L2-N1 X-RAY                        2.86E-04    1.737E-02    4.97E-06
           L2-N4 X-RAY                        8.44E-03    1.792E-02    1.51E-04
           L2-O4 X-RAY                        1.46E-03    1.848E-02    2.69E-05
           L3-M1 X-RAY                        1.95E-03    1.066E-02    2.08E-05
           L3-M4 X-RAY                        3.32E-03    1.220E-02    4.04E-05
           L3-M5 X-RAY                        2.92E-02    1.234E-02    3.60E-04
           L3-N1 X-RAY                        4.76E-04    1.427E-02    6.79E-06
           L3-N4 X-RAY                        6.50E-04    1.482E-02    9.64E-06
           L3-N5 X-RAY                        5.92E-03    1.485E-02    8.80E-05
           L3-O5 X-RAY                        9.99E-04    1.538E-02    1.54E-05
           M X-RAY                            1.42E-02    2.892E-03*   4.09E-05
           Free-Bound X-RAY                   2.78E+00    7.123E-05*   1.98E-04
           CK LLX                             1.39E-02    2.116E-03*   2.94E-05
           AUGER LMM                          6.61E-02    9.560E-03*   6.32E-04
           AUGER LMX                          3.21E-02    1.250E-02*   4.01E-04
           AUGER LXY                          3.69E-03    1.547E-02*   5.72E-05
           CK MMX                             1.11E-01    4.759E-04*   5.29E-05
           AUGER MNN                          2.44E-01    2.228E-03*   5.43E-04
           AUGER MNX                          3.94E-02    2.603E-03*   1.02E-04
           CK NNX                             4.41E-01    1.814E-04*   8.00E-05
           AUGER NXY                          7.74E-01    1.209E-04*   9.35E-05
 
           ALL LISTED X-RAYS, GAMMA-RAYS AND ANNIHILATION RADIATION    3.58E-03
           ALL NEGLECTED X-RAYS, GAMMA-RAYS AND ANNIH. RADIATION**     2.46E-05
           ALL LISTED BETAS, INTERNAL CONVERSION AND AUGER ELECTRONS   2.09E-02
           ALL NEGLECTED BETAS, INT. CONVERSION AND AUGER ELECTRONS**  1.14E-04
           ALL LISTED ALPHA PARTICLES AND  RECOIL NUCLEI               5.49E+00
           ALL NEGLECTED ALPHA PARTICLES AND  RECOIL NUCLEI**          1.99E-03
           ALL LISTED RADIATIONS                                       5.52E+00
           ALL NEGLECTED RADIATIONS**                                  2.13E-03
 
           *  AVERAGE ENERGY (MEV)
           ** EACH NEGLECTED TRANSITION CONTRIBUTES LESS THAN  0.100%
              TO THE TOTAL MEV/TRANSFORMATION FOR THIS CATEGORY.
           TOTAL FEEDING OF GROUND STATE LEVEL IN 224-RADIUM
             DAUGHTER IS 1.0000E+00 PER TRANSFORMATION OF 228-THORIUM.
             DECAY OF THIS 3.66 DAYS HALFLIFE LEVEL WILL CONTRIBUTE TO DOSE.
           - - - - - - - - - -
           INPUT DATA SOURCE: EVALUATED NUCLEAR STRUCTURE DATA FILE (ENSDF)
             DATE INPUT DATA WERE ENTERED INTO ENSDF: Mar-1997
%%%% 228 TH  90    A            6.03255E+07 1.9116 Y   02-11-2005       OUTPEND 
%%%% 228 TH  90    A            6.03255E+07 1.9116 Y   02-11-2005       SEEISTAR
228.  THORIUM      90.  1.912E+00 YEARS    191 A                    228.TH 90.   0
 8 1  4.69601E-06  4.44799E+00  7.94800E-02  0.00000E+00            228.TH 90.   1   1
 8 2  1.79847E-05  4.52297E+00  8.08198E-02  0.00000E+00            228.TH 90.   2   2
 8 3  2.49788E-05  4.95233E+00  8.84919E-02  0.00000E+00            228.TH 90.   3   3
 8 4  9.99150E-06  4.99774E+00  8.93033E-02  0.00000E+00            228.TH 90.   4   4
 8 5  3.79677E-02  5.13795E+00  9.18088E-02  0.00000E+00            228.TH 90.   5   5
 8 6  2.26807E-01  5.17683E+00  9.25035E-02  0.00000E+00            228.TH 90.   6   6
 8 7  4.19643E-01  5.21102E+00  9.31144E-02  0.00000E+00            228.TH 90.   7   7
 8 8  2.71769E+01  5.34032E+00  9.54249E-02  0.00000E+00            228.TH 90.   8   8
 8 9  7.21386E+01  5.42321E+00  9.69061E-02  0.00000E+00            228.TH 90.   9   9
 1 1  4.02600E-04  7.44000E-02  7.44000E-02  0.00000E+00            228.TH 90.  10   1
 6 5  2.12137E-04  5.51680E-02  5.51680E-02  1.00000E+00            228.TH 90.  11   5
 6 6  6.33212E-03  5.58400E-02  5.58400E-02  1.00000E+00            228.TH 90.  12   6
 6 7  5.09650E-03  5.89440E-02  5.89440E-02  1.00000E+00            228.TH 90.  13   7
 6 3  3.16847E-03  7.06263E-02  7.06263E-02  1.00000E+00            228.TH 90.  14   3
 6 4  1.06901E-03  7.44000E-02  7.44000E-02  1.00000E+00            228.TH 90.  15   4
 1 2  1.22000E+00  8.43730E-02  8.43730E-02  0.00000E+00            228.TH 90.  16   2
 6 5  4.00667E-01  6.51410E-02  6.51410E-02  2.00000E+00            228.TH 90.  17   5
 6 6  1.07164E+01  6.58130E-02  6.58130E-02  2.00000E+00            228.TH 90.  18   6
 6 7  8.27616E+00  6.89170E-02  6.89170E-02  2.00000E+00            228.TH 90.  19   7
 6 3  5.28335E+00  8.05993E-02  8.05993E-02  2.00000E+00            228.TH 90.  20   3
 6 4  1.78400E+00  8.43730E-02  8.43730E-02  2.00000E+00            228.TH 90.  21   4
 1 3  1.30540E-01  1.31613E-01  1.31613E-01  0.00000E+00            228.TH 90.  22   3
 6 1  2.54885E-02  2.72930E-02  2.72930E-02  3.00000E+00            228.TH 90.  23   1
 6 5  3.02384E-03  1.12381E-01  1.12381E-01  3.00000E+00            228.TH 90.  24   5
 6 6  1.26891E-03  1.13053E-01  1.13053E-01  3.00000E+00            228.TH 90.  25   6
 6 7  1.09285E-03  1.16157E-01  1.16157E-01  3.00000E+00            228.TH 90.  26   7
 6 3  1.29733E-03  1.27839E-01  1.27839E-01  3.00000E+00            228.TH 90.  27   3
 6 4  4.38209E-04  1.31613E-01  1.31613E-01  3.00000E+00            228.TH 90.  28   4
 1 4  1.34200E-06  1.42000E-01  1.42000E-01  0.00000E+00            228.TH 90.  29   4
 6 1  3.74491E-07  3.76800E-02  3.76800E-02  4.00000E+00            228.TH 90.  30   1
 6 5  9.37461E-08  1.22768E-01  1.22768E-01  4.00000E+00            228.TH 90.  31   5
 6 6  1.11687E-06  1.23440E-01  1.23440E-01  4.00000E+00            228.TH 90.  32   6
 6 7  7.02898E-07  1.26544E-01  1.26544E-01  4.00000E+00            228.TH 90.  33   7
 6 3  5.22271E-07  1.38226E-01  1.38226E-01  4.00000E+00            228.TH 90.  34   3
 6 4  1.76409E-07  1.42000E-01  1.42000E-01  4.00000E+00            228.TH 90.  35   4
 1 5  1.03578E-01  1.66410E-01  1.66410E-01  0.00000E+00            228.TH 90.  36   5
 6 1  2.32859E-02  6.20900E-02  6.20900E-02  5.00000E+00            228.TH 90.  37   1
 6 5  4.90207E-03  1.47178E-01  1.47178E-01  5.00000E+00            228.TH 90.  38   5
 6 6  4.28352E-02  1.47850E-01  1.47850E-01  5.00000E+00            228.TH 90.  39   6
 6 7  2.50950E-02  1.50954E-01  1.50954E-01  5.00000E+00            228.TH 90.  40   7
 6 3  1.98425E-02  1.62636E-01  1.62636E-01  5.00000E+00            228.TH 90.  41   3
 6 4  6.70774E-03  1.66410E-01  1.66410E-01  5.00000E+00            228.TH 90.  42   4
 1 6  5.24600E-06  1.82200E-01  1.82200E-01  0.00000E+00            228.TH 90.  43   6
 6 1  4.73050E-07  7.78800E-02  7.78800E-02  6.00000E+00            228.TH 90.  44   1
 6 5  5.83224E-08  1.62968E-01  1.62968E-01  6.00000E+00            228.TH 90.  45   5
 6 6  1.95988E-08  1.63640E-01  1.63640E-01  6.00000E+00            228.TH 90.  46   6
 6 7  1.55346E-08  1.66744E-01  1.66744E-01  6.00000E+00            228.TH 90.  47   7
 6 3  2.25033E-08  1.78426E-01  1.78426E-01  6.00000E+00            228.TH 90.  48   3
 6 4  7.62654E-09  1.82200E-01  1.82200E-01  6.00000E+00            228.TH 90.  49   4
 1 7  1.96420E-02  2.05930E-01  2.05930E-01  0.00000E+00            228.TH 90.  50   7
 6 1  1.32812E-03  1.01610E-01  1.01610E-01  7.00000E+00            228.TH 90.  51   1
 6 5  1.66352E-04  1.86698E-01  1.86698E-01  7.00000E+00            228.TH 90.  52   5
 6 6  5.13746E-05  1.87370E-01  1.87370E-01  7.00000E+00            228.TH 90.  53   6
 6 7  3.94421E-05  1.90474E-01  1.90474E-01  7.00000E+00            228.TH 90.  54   7
 6 3  6.18596E-05  2.02156E-01  2.02156E-01  7.00000E+00            228.TH 90.  55   3
 6 4  2.09832E-05  2.05930E-01  2.05930E-01  7.00000E+00            228.TH 90.  56   4
 1 8  2.53516E-01  2.15983E-01  2.15983E-01  0.00000E+00            228.TH 90.  57   8
 6 1  1.53454E-02  1.11663E-01  1.11663E-01  8.00000E+00            228.TH 90.  58   1
 6 5  1.93259E-03  1.96751E-01  1.96751E-01  8.00000E+00            228.TH 90.  59   5
 6 6  5.77516E-04  1.97423E-01  1.97423E-01  8.00000E+00            228.TH 90.  60   6
 6 7  4.37905E-04  2.00527E-01  2.00527E-01  8.00000E+00            228.TH 90.  61   7
 6 3  7.08770E-04  2.12209E-01  2.12209E-01  8.00000E+00            228.TH 90.  62   3
 6 4  2.40507E-04  2.15983E-01  2.15983E-01  8.00000E+00            228.TH 90.  63   4
 1 9  1.83000E-05  2.28500E-01  2.28500E-01  0.00000E+00            228.TH 90.  64   9
 6 1  2.29270E-06  1.24180E-01  1.24180E-01  9.00000E+00            228.TH 90.  65   1
 6 5  4.15039E-07  2.09268E-01  2.09268E-01  9.00000E+00            228.TH 90.  66   5
 6 6  1.93335E-06  2.09940E-01  2.09940E-01  9.00000E+00            228.TH 90.  67   6
 6 7  9.66383E-07  2.13044E-01  2.13044E-01  9.00000E+00            228.TH 90.  68   7
 6 3  8.95648E-07  2.24726E-01  2.24726E-01  9.00000E+00            228.TH 90.  69   3
 6 4  3.03695E-07  2.28500E-01  2.28500E-01  9.00000E+00            228.TH 90.  70   4
 110  3.05000E-06  7.00500E-01  7.00500E-01  0.00000E+00            228.TH 90.  71  10
 6 1  1.54936E-08  5.96180E-01  5.96180E-01  1.00000E+01            228.TH 90.  72   1
 6 5  2.13476E-09  6.81268E-01  6.81268E-01  1.00000E+01            228.TH 90.  73   5
 6 6  2.77801E-10  6.81940E-01  6.81940E-01  1.00000E+01            228.TH 90.  74   6
 6 7  1.60239E-10  6.85044E-01  6.85044E-01  1.00000E+01            228.TH 90.  75   7
 6 3  6.07841E-10  6.96726E-01  6.96726E-01  1.00000E+01            228.TH 90.  76   3
 6 4  2.09022E-10  7.00500E-01  7.00500E-01  1.00000E+01            228.TH 90.  77   4
 111  1.46400E-06  7.42200E-01  7.42200E-01  0.00000E+00            228.TH 90.  78  11
 6 1  1.76965E-08  6.37880E-01  6.37880E-01  1.10000E+01            228.TH 90.  79   1
 6 5  2.83116E-09  7.22968E-01  7.22968E-01  1.10000E+01            228.TH 90.  80   5
 6 6  1.56378E-09  7.23640E-01  7.23640E-01  1.10000E+01            228.TH 90.  81   6
 6 7  3.98024E-10  7.26744E-01  7.26744E-01  1.10000E+01            228.TH 90.  82   7
 6 3  1.19766E-09  7.38426E-01  7.38426E-01  1.10000E+01            228.TH 90.  83   3
 6 4  4.11705E-10  7.42200E-01  7.42200E-01  1.10000E+01            228.TH 90.  84   4
 112  1.46400E-05  8.32000E-01  8.32000E-01  0.00000E+00            228.TH 90.  85  12
 6 1  1.43782E-07  7.27680E-01  7.27680E-01  1.20000E+01            228.TH 90.  86   1
 6 5  2.27623E-08  8.12768E-01  8.12768E-01  1.20000E+01            228.TH 90.  87   5
 6 6  1.04771E-08  8.13440E-01  8.13440E-01  1.20000E+01            228.TH 90.  88   6
 6 7  2.52109E-09  8.16544E-01  8.16544E-01  1.20000E+01            228.TH 90.  89   7
 6 3  8.86540E-09  8.28226E-01  8.28226E-01  1.20000E+01            228.TH 90.  90   3
 6 4  3.04930E-09  8.32000E-01  8.32000E-01  1.20000E+01            228.TH 90.  91   4
 113  1.70800E-06  9.08100E-01  9.08100E-01  0.00000E+00            228.TH 90.  92  13
 6 1  3.46304E-08  8.03780E-01  8.03780E-01  1.30000E+01            228.TH 90.  93   1
 6 5  5.58214E-09  8.88868E-01  8.88868E-01  1.30000E+01            228.TH 90.  94   5
 6 6  4.99329E-10  8.89540E-01  8.89540E-01  1.30000E+01            228.TH 90.  95   6
 6 7  2.83225E-11  8.92644E-01  8.92644E-01  1.30000E+01            228.TH 90.  96   7
 6 3  1.45577E-09  9.04326E-01  9.04326E-01  1.30000E+01            228.TH 90.  97   3
 6 4  5.04091E-10  9.08100E-01  9.08100E-01  1.30000E+01            228.TH 90.  98   4
 114  1.46400E-06  9.92900E-01  9.92900E-01  0.00000E+00            228.TH 90.  99  14
 6 1  1.04681E-08  8.88580E-01  8.88580E-01  1.40000E+01            228.TH 90. 100   1
 6 5  1.63195E-09  9.73668E-01  9.73668E-01  1.40000E+01            228.TH 90. 101   5
 6 6  5.72792E-10  9.74340E-01  9.74340E-01  1.40000E+01            228.TH 90. 102   6
 6 7  1.27520E-10  9.77444E-01  9.77444E-01  1.40000E+01            228.TH 90. 103   7
 6 3  5.71826E-10  9.89126E-01  9.89126E-01  1.40000E+01            228.TH 90. 104   3
 6 4  1.96834E-10  9.92900E-01  9.92900E-01  1.40000E+01            228.TH 90. 105   4
 2 1  1.87287E-02  8.57602E-02  8.57602E-02  0.00000E+00            228.TH 90. 106   1
 2 2  3.05865E-02  8.88641E-02  8.88641E-02  0.00000E+00            228.TH 90. 107   2
 2 3  3.48343E-03  9.98380E-02  9.98380E-02  0.00000E+00            228.TH 90. 108   3
 2 4  6.77937E-03  1.00546E-01  1.00546E-01  0.00000E+00            228.TH 90. 109   4
 2 5  1.10756E-04  1.01061E-01  1.01061E-01  0.00000E+00            228.TH 90. 110   5
 2 6  1.29501E-04  1.01209E-01  1.01209E-01  0.00000E+00            228.TH 90. 111   6
 2 7  8.56619E-04  1.03272E-01  1.03272E-01  0.00000E+00            228.TH 90. 112   7
 2 8  1.70990E-03  1.03453E-01  1.03453E-01  0.00000E+00            228.TH 90. 113   8
 2 9  3.13961E-05  1.03683E-01  1.03683E-01  0.00000E+00            228.TH 90. 114   9
 210  3.67578E-05  1.03717E-01  1.03717E-01  0.00000E+00            228.TH 90. 115  10
 211  2.04586E-04  1.04120E-01  1.04120E-01  0.00000E+00            228.TH 90. 116  11
 212  3.95539E-04  1.04160E-01  1.04160E-01  0.00000E+00            228.TH 90. 117  12
 213  5.70351E-06  1.04239E-01  1.04239E-01  0.00000E+00            228.TH 90. 118  13
 214  6.61640E-06  1.04245E-01  1.04245E-01  0.00000E+00            228.TH 90. 119  14
 215  3.21233E-05  1.04295E-01  1.04295E-01  0.00000E+00            228.TH 90. 120  15
 216  5.63826E-05  1.04301E-01  1.04301E-01  0.00000E+00            228.TH 90. 121  16
 221  5.00387E-06  6.72000E-04  6.72000E-04  0.00000E+00            228.TH 90. 122  21
 222  2.25511E-03  3.77600E-03  3.77600E-03  0.00000E+00            228.TH 90. 123  22
 223  1.78961E-02  1.47500E-02  1.47500E-02  0.00000E+00            228.TH 90. 124  23
 224  1.71921E-02  1.54583E-02  1.54583E-02  0.00000E+00            228.TH 90. 125  24
 225  7.51426E-04  1.59733E-02  1.59733E-02  0.00000E+00            228.TH 90. 126  25
 226  1.12207E-03  1.61207E-02  1.61207E-02  0.00000E+00            228.TH 90. 127  26
 227  4.74982E-03  1.81834E-02  1.81834E-02  0.00000E+00            228.TH 90. 128  27
 228  5.11687E-03  1.83647E-02  1.83647E-02  0.00000E+00            228.TH 90. 129  28
 229  1.22860E-04  1.85952E-02  1.85952E-02  0.00000E+00            228.TH 90. 130  29
 230  1.96064E-04  1.86289E-02  1.86289E-02  0.00000E+00            228.TH 90. 131  30
 231  1.07637E-03  1.90317E-02  1.90317E-02  0.00000E+00            228.TH 90. 132  31
 232  1.16612E-03  1.90722E-02  1.90722E-02  0.00000E+00            228.TH 90. 133  32
 233  1.98180E-05  1.91507E-02  1.91507E-02  0.00000E+00            228.TH 90. 134  33
 234  3.18416E-05  1.91565E-02  1.91565E-02  0.00000E+00            228.TH 90. 135  34
 235  1.83807E-04  1.92071E-02  1.92071E-02  0.00000E+00            228.TH 90. 136  35
 236  1.78615E-04  1.92134E-02  1.92134E-02  0.00000E+00            228.TH 90. 137  36
 241  2.54262E-04  3.10400E-03  3.10400E-03  0.00000E+00            228.TH 90. 138  41
 242  1.07389E-01  1.37649E-02  1.37649E-02  0.00000E+00            228.TH 90. 139  42
 243  5.07714E-03  1.47863E-02  1.47863E-02  0.00000E+00            228.TH 90. 140  43
 244  3.87674E+00  1.53013E-02  1.53013E-02  0.00000E+00            228.TH 90. 141  44
 245  2.85999E-02  1.73703E-02  1.73703E-02  0.00000E+00            228.TH 90. 142  45
 246  1.48404E-03  1.76927E-02  1.76927E-02  0.00000E+00            228.TH 90. 143  46
 247  8.44248E-01  1.79232E-02  1.79232E-02  0.00000E+00            228.TH 90. 144  47
 248  4.58109E-03  1.82603E-02  1.82603E-02  0.00000E+00            228.TH 90. 145  48
 249  6.94449E-03  1.83063E-02  1.83063E-02  0.00000E+00            228.TH 90. 146  49
 250  3.37172E-04  1.84002E-02  1.84002E-02  0.00000E+00            228.TH 90. 147  50
 251  1.45702E-01  1.84787E-02  1.84787E-02  0.00000E+00            228.TH 90. 148  51
 253  1.32255E-03  1.85205E-02  1.85205E-02  0.00000E+00            228.TH 90. 149  53
 254  5.06503E-05  1.85414E-02  1.85414E-02  0.00000E+00            228.TH 90. 150  54
 255  6.57459E-05  1.85553E-02  1.85553E-02  0.00000E+00            228.TH 90. 151  55
 261  1.94845E-01  1.06609E-02  1.06609E-02  0.00000E+00            228.TH 90. 152  61
 262  2.33353E-03  1.09740E-02  1.09740E-02  0.00000E+00            228.TH 90. 153  62
 263  2.11399E-03  1.16823E-02  1.16823E-02  0.00000E+00            228.TH 90. 154  63
 264  3.31626E-01  1.21973E-02  1.21973E-02  0.00000E+00            228.TH 90. 155  64
 265  2.91622E+00  1.23447E-02  1.23447E-02  0.00000E+00            228.TH 90. 156  65
 266  4.75741E-02  1.42663E-02  1.42663E-02  0.00000E+00            228.TH 90. 157  66
 267  5.24873E-04  1.44074E-02  1.44074E-02  0.00000E+00            228.TH 90. 158  67
 268  5.61987E-04  1.45887E-02  1.45887E-02  0.00000E+00            228.TH 90. 159  68
 269  6.50435E-02  1.48192E-02  1.48192E-02  0.00000E+00            228.TH 90. 160  69
 270  5.92351E-01  1.48529E-02  1.48529E-02  0.00000E+00            228.TH 90. 161  70
 271  6.98635E-04  1.51564E-02  1.51564E-02  0.00000E+00            228.TH 90. 162  71
 272  3.87364E-03  1.51648E-02  1.51648E-02  0.00000E+00            228.TH 90. 163  72
 273  1.14398E-02  1.52023E-02  1.52023E-02  0.00000E+00            228.TH 90. 164  73
 274  1.14684E-04  1.52557E-02  1.52557E-02  0.00000E+00            228.TH 90. 165  74
 275  1.25185E-04  1.52962E-02  1.52962E-02  0.00000E+00            228.TH 90. 166  75
 276  1.10023E-02  1.53747E-02  1.53747E-02  0.00000E+00            228.TH 90. 167  76
 277  9.99251E-02  1.53805E-02  1.53805E-02  0.00000E+00            228.TH 90. 168  77
 280  2.17423E-03  1.54164E-02  1.54164E-02  0.00000E+00            228.TH 90. 169  80
 281  1.82378E-05  1.54311E-02  1.54311E-02  0.00000E+00            228.TH 90. 170  81
 282  1.87223E-05  1.54374E-02  1.54374E-02  0.00000E+00            228.TH 90. 171  82
 283  1.48787E-04  1.54513E-02  1.54513E-02  0.00000E+00            228.TH 90. 172  83
 291  1.41522E+00  2.89247E-03  2.89247E-03  0.00000E+00            228.TH 90. 173  91
 292  3.30762E-02  4.32746E-04  4.32746E-04  0.00000E+00            228.TH 90. 174  92
 293  8.52548E-04  1.11641E-04  1.11641E-04  0.00000E+00            228.TH 90. 175  93
 294  2.77967E+02  7.12322E-05  7.12322E-05  0.00000E+00            228.TH 90. 176  94
 7 1  1.39776E-03  6.84262E-02  6.84262E-02  0.00000E+00            228.TH 90. 177   1
 7 2  7.90887E-04  8.28520E-02  8.28520E-02  0.00000E+00            228.TH 90. 178   2
 7 3  1.08674E-04  9.72964E-02  9.72964E-02  0.00000E+00            228.TH 90. 179   3
 7 4  1.39128E+00  2.11564E-03  2.11564E-03  0.00000E+00            228.TH 90. 180   4
 7 5  6.60562E+00  9.56022E-03  9.56022E-03  0.00000E+00            228.TH 90. 181   5
 7 6  3.20899E+00  1.24985E-02  1.24985E-02  0.00000E+00            228.TH 90. 182   6
 7 7  3.69496E-01  1.54730E-02  1.54730E-02  0.00000E+00            228.TH 90. 183   7
 7 8  1.11173E+01  4.75906E-04  4.75906E-04  0.00000E+00            228.TH 90. 184   8
 7 9  2.43953E+01  2.22754E-03  2.22754E-03  0.00000E+00            228.TH 90. 185   9
 710  3.93778E+00  2.60262E-03  2.60262E-03  0.00000E+00            228.TH 90. 186  10
 711  2.21240E-01  3.13316E-03  3.13316E-03  0.00000E+00            228.TH 90. 187  11
 712  4.40959E+01  1.81417E-04  1.81417E-04  0.00000E+00            228.TH 90. 188  12
 713  7.73511E+01  1.20879E-04  1.20879E-04  0.00000E+00            228.TH 90. 189  13
 714  7.63694E+01  2.57928E-05  2.57928E-05  0.00000E+00            228.TH 90. 190  14
 715  3.39165E-01  1.35462E-04  1.35462E-04  0.00000E+00            228.TH 90. 191  15
%%%% 228 TH  90    A            6.03255E+07 1.9116 Y   02-11-2005       SEEIEND 
 


   ***************************************************** 
   *                 Radiation Summary                 * 
   ***************************************************** 
 
  Energy released by
    Gamma-ray                       (MeV) =   1.96206E-03
    X-ray                           (MeV) =   1.44719E-03
    Free-bound X-ray                (MeV) =   1.98002E-04
    Annihilation photon             (MeV) =   0.00000E+00
    Beta+ particle                  (MeV) =   0.00000E+00
    Neutrino                        (MeV) =   0.00000E+00
    Beta- particle                  (MeV) =   0.00000E+00
    Neutrino-                       (MeV) =   0.00000E+00
    Internal conv. electron         (MeV) =   1.89993E-02
    Auger and CK electron           (MeV) =   2.02031E-03
    Alpha particle                  (MeV) =   5.39913E+00
    Recoil nucleus                  (MeV) =   9.64757E-02
  E-total (except unplaced radiat.) (MeV) =   5.52023E+00
  E-unplaced radiation              (MeV) =   0.00000E+00
  Q-value from ENSDF data           (MeV) =   5.52012E+00
  Ratio of E-total/Q-value          ( % ) =   1.00002E+02
  Ratio of E-unplaced radi./Q-value ( % ) =   0.00000E+00

 
  Total yield of
    Gamma-ray                             =   1.72773E-02
    X-ray                                 =   1.08699E-01
    Free-bound X-ray                      =   2.77967E+00
    Annihilation photon                   =   0.00000E+00
    Beta+ particle                        =   0.00000E+00
    Beta- particle                        =   0.00000E+00
    Internal conv. electron               =   2.66526E-01
    Auger and CK electron                 =   2.49405E+00
    Alpha particle                        =   1.00000E+00
  Yield of unplaced radiation             =   0.00000E+00


