%%%% 223 TH  90    A            6.00000E-01   0.60 S   18-07-2007       BALASTAR
1 223   TH  90   0.60 S        A          
           WARNING:                                                                             
 219 RA 88  GAMMA-RAY ENERGY =   0.12440 MEV                                                    
           HALF-LIFE OF INITIAL LEVEL ASSOCIATED WITH GAMMA-RAY TOO SHORT TO BE                 
           CONSIDERED ISOMERIC, AND INTENSITY = 0.0                                             
           TRANSITION IGNORED                                                                   
1INTENSITY AND ENERGY BALANCE DATA

              223-THORIUM-90
+                                    HALFLIFE = 0.6 SECONDS 
+                                                                  18-07-2007


    LEVEL       INTENSITY   INTENSITY
    ENERGY      ENTERING    LEAVING     PERCENT
    (MEV)       LEVEL       LEVEL       ERROR

   0.0000E+00  9.1476E+01
   1.6510E-02  4.1462E+00  4.1000E+00  1.1200E+00                      
   5.2060E-02  6.1918E+00  6.6727E+00  7.4770E+00                      
   1.1371E-01  2.3777E+01  2.4412E+01  2.6355E+00                      
   1.4001E-01  5.5850E+01  4.9140E+01  1.2782E+01  ********************
   1.5198E-01  2.6678E+01  2.6693E+01  5.6894E-02                      
   3.2060E-01  6.9652E-01  2.7167E-01  8.7762E+01  ********************
   3.2830E-01  9.9502E-02  8.2758E-02  1.8374E+01  ********************
   4.0474E-01  1.8905E+00  1.2609E+00  3.9963E+01  ********************
   4.2170E-01  2.9851E-01  3.1792E-02  1.6150E+02  ********************
   4.4500E-01  1.4925E+00  6.8550E-01  7.4106E+01  ********************
   4.7070E-01  5.9701E-01  1.7705E-01  1.0851E+02  ********************
   5.1540E-01  3.9801E-01  6.4065E-02  1.4454E+02  ********************


 INTENSITY TO GROUND AND ISOMERIC STATE(S) OF DAUGHTER(S)=  9.148E+01
 TOTAL INTENSITY FROM PARENT=  1.000E+02
 PERCENT ERROR =  9.318E+00                      


 TOTAL INTENSITY FROM PARENT =  1.000E+02
 VALUE IS WITHIN   0.00E+00% OF 100                      


 TOTAL ENERGY AVAILABLE =  7.567E+00 MEV
 TOTAL ENERGY CONTENT OF ALL RADIATIONS =  7.546E+00 MEV
 PERCENT ERROR =  2.756E-01                      
%%%% 223 TH  90    A            6.00000E-01   0.60 S   18-07-2007       BALAEND 
%%%% 223 TH  90    A            6.00000E-01   0.60 S   18-07-2007       INPUSTAR
1                                      **INPUT DATA**
              223-THORIUM-90
+                                    HALFLIFE = 0.6 SECONDS 
+                                                                  18-07-2007

            MODE OF DECAY: ALPHA
 
                                MEAN
                                NUMBER/    TRANSITION
                TYPE OF    ID   TRANSFOR-  ENERGY
              TRANSITION   NO.  MATION     (MEV)       OTHER NUCLEAR PARAMETERS

                    ALPHA   1   3.98E-03   7.052E+00                                            
                    ALPHA   2   5.97E-03   7.096E+00                                            
                    ALPHA   3   1.49E-02   7.122E+00                                            
                    ALPHA   4   2.99E-03   7.145E+00                                            
                    ALPHA   5   1.89E-02   7.162E+00                                            
                    ALPHA   6   9.95E-04   7.239E+00                                            
                    ALPHA   7   6.97E-03   7.246E+00                                            
                    ALPHA   8   2.59E-01   7.415E+00                                            
                    ALPHA   9   5.47E-01   7.427E+00                                            
                    ALPHA  10   1.29E-01   7.453E+00                                            
                    ALPHA  11   9.95E-03   7.567E+00                                            
           I.C.E. + GAMMA   1   4.10E-02   1.660E-02   E2 MULTIPOLE                             
+                                                                    AK= 0.0                    
                                                       AL1=0.0       AL2=0.0                    
                                                       AL3=2.34E+04  AM= 1.21E+04               
                                                       AN+=4.04E+03                             
           I.C.E. + GAMMA   2   1.04E-01   3.820E-02   M1+E2 MULTIPOLE                          
                                                       MRS=0.109     AK= 0.0                    
                                                       AL1=35.3      AL2=39.6                   
                                                       AL3=35.1      AM= 28.5                   
                                                       AN+=9.68                                 
           I.C.E. + GAMMA   3   6.67E-02   5.200E-02   E2 MULTIPOLE                             
+                                                                    AK= 0.0                    
                                                       AL1=2.49      AL2=84.3                   
                                                       AL3=75.7      AM= 44.1                   
                                                       AN+=14.8                                 
           I.C.E. + GAMMA   4   6.00E-02   8.800E-02   M1+E2 MULTIPOLE                          
                                                       AK= 0.0       AL1=7.49                   
                                                       AL2=0.777     AL3=0.0496                 
                                                       AM= 2.00      AN+=0.691                  
           I.C.E. + GAMMA   5   4.15E-02   9.720E-02   M1 MULTIPOLE                             
+                                                                    AK= 0.0                    
                                                       AL1=2.45      AL2=0.255                  
                                                       AL3=0.0161    AM= 0.655                  
                                                       AN+=0.227                                
           I.C.E. + GAMMA   6   2.03E-01   1.137E-01   M1 MULTIPOLE                             
+                                                                    AK= 9.37                   
                                                       AL1=1.56      AL2=0.162                  
                                                       AL3=0.0101    AM= 0.416                  
                                                       AN+=0.144                                
           I.C.E. + GAMMA   7   2.00E-04   1.196E-01   UNPLACED GAMMA                           
           I.C.E. + GAMMA   9   4.31E-01   1.400E-01   M1 MULTIPOLE                             
+                                                                    AK= 5.17                   
                                                       AL1=0.860     AL2=0.0896                 
                                                       AL3=0.00540   AM= 0.229                  
                                                       AN+=0.0794                               
           I.C.E. + GAMMA  10   1.62E-01   1.520E-01   M1+E2 MULTIPOLE                          
                                                       MRS=1.00      AK= 2.18                   
                                                       AL1=0.369     AL2=0.343                  
                                                       AL3=0.190     AM= 0.234                  
                                                       AN+=0.0798                               
           I.C.E. + GAMMA  11   1.00E-04   1.578E-01   UNPLACED GAMMA                           
           I.C.E. + GAMMA  12   1.27E-03   1.688E-01   E2 MULTIPOLE ASSUMED                     
                                                       AK= 0.220     AL1=0.0457                 
                                                       AL2=0.389     AL3=0.226                  
                                                       AM= 0.180     AN+=0.0608                 
           I.C.E. + GAMMA  13   3.48E-04   1.884E-01   E2 MULTIPOLE ASSUMED                     
                                                       AK= 0.181     AL1=0.0352                 
                                                       AL2=0.241     AL3=0.133                  
                                                       AM= 0.111     AN+=0.0376                 
           I.C.E. + GAMMA  14   3.79E-03   2.528E-01   E2 MULTIPOLE ASSUMED                     
                                                       AK= 0.102     AL1=0.0180                 
                                                       AL2=0.0692    AL3=0.0326                 
                                                       AM= 0.0322    AN+=0.0109                 
           I.C.E. + GAMMA  15   8.60E-03   2.647E-01   E2 MULTIPOLE ASSUMED                     
                                                       AK= 0.0924    AL1=0.0162                 
                                                       AL2=0.0572    AL3=0.0263                 
                                                       AM= 0.0268    AN+=0.00909                
           I.C.E. + GAMMA  16   1.22E-03   2.680E-01   E2 MULTIPOLE ASSUMED                     
                                                       AK= 0.0900    AL1=0.0158                 
                                                       AL2=0.0543    AL3=0.0248                 
                                                       AM= 0.0255    AN+=0.00865                
           I.C.E. + GAMMA  17   4.80E-04   2.761E-01   E2 MULTIPOLE ASSUMED                     
                                                       AK= 0.0846    AL1=0.0148                 
                                                       AL2=0.0480    AL3=0.0215                 
                                                       AM= 0.0226    AN+=0.00768                
           I.C.E. + GAMMA  18   2.33E-03   2.930E-01   E2 MULTIPOLE ASSUMED                     
                                                       AK= 0.0748    AL1=0.0130                 
                                                       AL2=0.0376    AL3=0.0163                 
                                                       AM= 0.0179    AN+=0.00608                
           I.C.E. + GAMMA  19   2.29E-03   3.050E-01   E2 MULTIPOLE ASSUMED                     
                                                       AK= 0.0690    AL1=0.0119                 
                                                       AL2=0.0320    AL3=0.0135                 
                                                       AM= 0.0153    AN+=0.00520                
           I.C.E. + GAMMA  20   6.77E-04   3.188E-01   E2 MULTIPOLE ASSUMED                     
                                                       AK= 0.0630    AL1=0.0108                 
                                                       AL2=0.0267    AL3=0.0110                 
                                                       AM= 0.0129    AN+=0.00439                
           I.C.E. + GAMMA  21   2.25E-04   3.206E-01   E2 MULTIPOLE ASSUMED                     
                                                       AK= 0.0623    AL1=0.0107                 
                                                       AL2=0.0261    AL3=0.0107                 
                                                       AM= 0.0126    AN+=0.00430                
           I.C.E. + GAMMA  22   2.23E-03   3.313E-01   E2 MULTIPOLE ASSUMED                     
                                                       AK= 0.0582    AL1=0.00993                
                                                       AL2=0.0229    AL3=0.00920                
                                                       AM= 0.0111    AN+=0.00379                
           I.C.E. + GAMMA  23   2.19E-04   3.530E-01   E2 MULTIPOLE ASSUMED                     
                                                       AK= 0.0511    AL1=0.00866                
                                                       AL2=0.0177    AL3=0.00688                
                                                       AM= 0.00879   AN+=0.00299                
           I.C.E. + GAMMA  24   1.09E-03   3.569E-01   E2 MULTIPOLE ASSUMED                     
                                                       AK= 0.0500    AL1=0.00846                
                                                       AL2=0.0170    AL3=0.00654                
                                                       AM= 0.00844   AN+=0.00288                
           I.C.E. + GAMMA  25   6.41E-04   4.017E-01   E2 MULTIPOLE ASSUMED                     
                                                       AK= 0.0393    AL1=0.00659                
                                                       AL2=0.0106    AL3=0.00383                
                                                       AM= 0.00551   AN+=0.00188                
           I.C.E. + GAMMA  26   3.18E-04   4.217E-01   E2 MULTIPOLE ASSUMED                     
                                                       AK= 0.0357    AL1=0.00596                
                                                       AL2=0.00877   AL3=0.00308                
                                                       AM= 0.00465   AN+=0.00159                
 
           - - - - - - - - - -
           Reference: Evaluated Nuclear Structure Data File (ENSDF)
                DATE DATA WERE ENTERED INTO ENSDF: Oct-2001
%%%% 223 TH  90    A            6.00000E-01   0.60 S   18-07-2007       INPUEND 
%%%% 223 TH  90    A            6.00000E-01   0.60 S   18-07-2007       OUTPSTAR
1                                      **OUTPUT DATA**
              223-THORIUM-90
+                                    HALFLIFE = 0.6 SECONDS 
+                                                                  18-07-2007

            MODE OF DECAY: ALPHA
 
                                              MEAN
                                              NUMBER/                  MEV/
                                         ID   TRANSFOR-   ENERGY       TRANSFOR-
                  TYPE OF RADIATION      NO.  MATION      (MEV)        MATION

           ALPHA                          1   3.98E-03    6.925E+00    2.76E-02
           RECOIL ATOM                        3.98E-03    1.266E-01    5.04E-04
           ALPHA                          2   5.97E-03    6.969E+00    4.16E-02
           RECOIL ATOM                        5.97E-03    1.274E-01    7.60E-04
           ALPHA                          3   1.49E-02    6.994E+00    1.04E-01
           RECOIL ATOM                        1.49E-02    1.278E-01    1.91E-03
           ALPHA                          4   2.99E-03    7.017E+00    2.09E-02
           RECOIL ATOM                        2.99E-03    1.282E-01    3.83E-04
           ALPHA                          5   1.89E-02    7.034E+00    1.33E-01
           RECOIL ATOM                        1.89E-02    1.286E-01    2.43E-03
           ALPHA                          6   9.95E-04    7.109E+00    7.07E-03
           RECOIL ATOM                        9.95E-04    1.299E-01    1.29E-04
           ALPHA                          7   6.97E-03    7.116E+00    4.96E-02
           RECOIL ATOM                        6.97E-03    1.301E-01    9.06E-04
           ALPHA                          8   2.59E-01    7.282E+00    1.88E+00
           RECOIL ATOM                        2.59E-01    1.331E-01    3.44E-02
           ALPHA                          9   5.47E-01    7.294E+00    3.99E+00
           RECOIL ATOM                        5.47E-01    1.333E-01    7.30E-02
           ALPHA                         10   1.29E-01    7.320E+00    9.47E-01
           RECOIL ATOM                        1.29E-01    1.338E-01    1.73E-02
           ALPHA                         11   9.95E-03    7.431E+00    7.39E-02
           RECOIL ATOM                        9.95E-03    1.358E-01    1.35E-03
           L3 CONV. ELECTRON, GAMMA-RAY   1   2.43E-02    1.144E-03    2.78E-05
           M CONV. ELECTRON, GAMMA-RAY    1   1.25E-02    1.283E-02*   1.61E-04
           N+ CONV. ELECTRON, GAMMA-RAY   1   4.19E-03    1.660E-02*   6.95E-05
           GAMMA-RAY                      2   7.00E-04    3.820E-02    2.67E-05
           L1 CONV. ELECTRON, GAMMA-RAY   2   2.47E-02    1.897E-02    4.68E-04
           L2 CONV. ELECTRON, GAMMA-RAY   2   2.77E-02    1.964E-02    5.45E-04
           L3 CONV. ELECTRON, GAMMA-RAY   2   2.46E-02    2.274E-02    5.59E-04
           M CONV. ELECTRON, GAMMA-RAY    2   2.00E-02    3.443E-02*   6.88E-04
           N+ CONV. ELECTRON, GAMMA-RAY   2   6.77E-03    3.820E-02*   2.59E-04
           GAMMA-RAY                      3   3.00E-04    5.200E-02    1.56E-05
           L1 CONV. ELECTRON, GAMMA-RAY   3   7.47E-04    3.277E-02    2.45E-05
           L2 CONV. ELECTRON, GAMMA-RAY   3   2.53E-02    3.344E-02    8.46E-04
           L3 CONV. ELECTRON, GAMMA-RAY   3   2.27E-02    3.654E-02    8.30E-04
           M CONV. ELECTRON, GAMMA-RAY    3   1.32E-02    4.823E-02*   6.38E-04
           N+ CONV. ELECTRON, GAMMA-RAY   3   4.44E-03    5.200E-02*   2.31E-04
           GAMMA-RAY                      4   5.00E-03    8.800E-02    4.40E-04
           L1 CONV. ELECTRON, GAMMA-RAY   4   3.74E-02    6.877E-02    2.57E-03
           L2 CONV. ELECTRON, GAMMA-RAY   4   3.88E-03    6.944E-02    2.70E-04
           L3 CONV. ELECTRON, GAMMA-RAY   4   2.48E-04    7.254E-02    1.80E-05
           M CONV. ELECTRON, GAMMA-RAY    4   9.98E-03    8.423E-02*   8.40E-04
           N+ CONV. ELECTRON, GAMMA-RAY   4   3.45E-03    8.800E-02*   3.04E-04
           GAMMA-RAY                      5   9.00E-03    9.720E-02    8.75E-04
           L1 CONV. ELECTRON, GAMMA-RAY   5   2.21E-02    7.797E-02    1.72E-03
           L2 CONV. ELECTRON, GAMMA-RAY   5   2.30E-03    7.864E-02    1.81E-04
           L3 CONV. ELECTRON, GAMMA-RAY   5   1.45E-04    8.174E-02    1.19E-05
           M CONV. ELECTRON, GAMMA-RAY    5   5.89E-03    9.343E-02*   5.51E-04
           N+ CONV. ELECTRON, GAMMA-RAY   5   2.04E-03    9.720E-02*   1.98E-04
           GAMMA-RAY                      6   1.60E-02    1.137E-01    1.82E-03
           K CONV. ELECTRON, GAMMA-RAY    6   1.50E-01    9.380E-03    1.41E-03
           L1 CONV. ELECTRON, GAMMA-RAY   6   2.50E-02    9.447E-02    2.36E-03
           L2 CONV. ELECTRON, GAMMA-RAY   6   2.60E-03    9.514E-02    2.47E-04
           L3 CONV. ELECTRON, GAMMA-RAY   6   1.61E-04    9.824E-02    1.58E-05
           M CONV. ELECTRON, GAMMA-RAY    6   6.66E-03    1.099E-01*   7.32E-04
           N+ CONV. ELECTRON, GAMMA-RAY   6   2.31E-03    1.137E-01*   2.63E-04
           GAMMA-RAY                      7   2.00E-04    1.196E-01    2.39E-05
           GAMMA-RAY                      9   5.80E-02    1.400E-01    8.12E-03
           K CONV. ELECTRON, GAMMA-RAY    9   3.00E-01    3.568E-02    1.07E-02
           L1 CONV. ELECTRON, GAMMA-RAY   9   4.99E-02    1.208E-01    6.03E-03
           L2 CONV. ELECTRON, GAMMA-RAY   9   5.20E-03    1.214E-01    6.31E-04
           L3 CONV. ELECTRON, GAMMA-RAY   9   3.13E-04    1.245E-01    3.90E-05
           M CONV. ELECTRON, GAMMA-RAY    9   1.33E-02    1.362E-01*   1.81E-03
           N+ CONV. ELECTRON, GAMMA-RAY   9   4.60E-03    1.400E-01*   6.45E-04
           GAMMA-RAY                     10   3.70E-02    1.520E-01    5.62E-03
           K CONV. ELECTRON, GAMMA-RAY   10   8.05E-02    4.768E-02    3.84E-03
           L1 CONV. ELECTRON, GAMMA-RAY  10   1.37E-02    1.328E-01    1.81E-03
           L2 CONV. ELECTRON, GAMMA-RAY  10   1.27E-02    1.334E-01    1.70E-03
           L3 CONV. ELECTRON, GAMMA-RAY  10   7.03E-03    1.365E-01    9.60E-04
           M CONV. ELECTRON, GAMMA-RAY   10   8.65E-03    1.482E-01*   1.28E-03
           N+ CONV. ELECTRON, GAMMA-RAY  10   2.95E-03    1.520E-01*   4.49E-04
           GAMMA-RAY                     11   1.00E-04    1.578E-01    1.58E-05
           GAMMA-RAY                     12   6.00E-04    1.688E-01    1.01E-04
           K CONV. ELECTRON, GAMMA-RAY   12   1.32E-04    6.448E-02    8.49E-06
           L2 CONV. ELECTRON, GAMMA-RAY  12   2.33E-04    1.502E-01    3.50E-05
           L3 CONV. ELECTRON, GAMMA-RAY  12   1.36E-04    1.533E-01    2.08E-05
           M CONV. ELECTRON, GAMMA-RAY   12   1.08E-04    1.650E-01*   1.78E-05
           N+ CONV. ELECTRON, GAMMA-RAY  12   3.65E-05    1.688E-01*   6.16E-06
           GAMMA-RAY                     13   2.00E-04    1.884E-01    3.77E-05
           L2 CONV. ELECTRON, GAMMA-RAY  13   4.82E-05    1.698E-01    8.19E-06
           GAMMA-RAY                     14   3.00E-03    2.528E-01    7.58E-04
           K CONV. ELECTRON, GAMMA-RAY   14   3.05E-04    1.485E-01    4.53E-05
           L1 CONV. ELECTRON, GAMMA-RAY  14   5.40E-05    2.336E-01    1.26E-05
           L2 CONV. ELECTRON, GAMMA-RAY  14   2.08E-04    2.342E-01    4.86E-05
           L3 CONV. ELECTRON, GAMMA-RAY  14   9.79E-05    2.373E-01    2.32E-05
           M CONV. ELECTRON, GAMMA-RAY   14   9.67E-05    2.490E-01*   2.41E-05
           N+ CONV. ELECTRON, GAMMA-RAY  14   3.28E-05    2.528E-01*   8.30E-06
           GAMMA-RAY                     15   7.00E-03    2.647E-01    1.85E-03
           K CONV. ELECTRON, GAMMA-RAY   15   6.47E-04    1.604E-01    1.04E-04
           L1 CONV. ELECTRON, GAMMA-RAY  15   1.14E-04    2.455E-01    2.79E-05
           L2 CONV. ELECTRON, GAMMA-RAY  15   4.00E-04    2.461E-01    9.85E-05
           L3 CONV. ELECTRON, GAMMA-RAY  15   1.84E-04    2.492E-01    4.58E-05
           M CONV. ELECTRON, GAMMA-RAY   15   1.87E-04    2.609E-01*   4.89E-05
           N+ CONV. ELECTRON, GAMMA-RAY  15   6.36E-05    2.647E-01*   1.68E-05
           GAMMA-RAY                     16   1.00E-03    2.680E-01    2.68E-04
           K CONV. ELECTRON, GAMMA-RAY   16   9.00E-05    1.637E-01    1.47E-05
           L2 CONV. ELECTRON, GAMMA-RAY  16   5.43E-05    2.494E-01    1.35E-05
           L3 CONV. ELECTRON, GAMMA-RAY  16   2.48E-05    2.525E-01    6.25E-06
           M CONV. ELECTRON, GAMMA-RAY   16   2.55E-05    2.642E-01*   6.72E-06
           GAMMA-RAY                     17   4.00E-04    2.761E-01    1.10E-04
           K CONV. ELECTRON, GAMMA-RAY   17   3.38E-05    1.718E-01    5.81E-06
           GAMMA-RAY                     18   2.00E-03    2.930E-01    5.86E-04
           K CONV. ELECTRON, GAMMA-RAY   18   1.50E-04    1.887E-01    2.82E-05
           L1 CONV. ELECTRON, GAMMA-RAY  18   2.59E-05    2.738E-01    7.10E-06
           L2 CONV. ELECTRON, GAMMA-RAY  18   7.53E-05    2.744E-01    2.07E-05
           L3 CONV. ELECTRON, GAMMA-RAY  18   3.26E-05    2.775E-01    9.04E-06
           M CONV. ELECTRON, GAMMA-RAY   18   3.57E-05    2.892E-01*   1.03E-05
           GAMMA-RAY                     19   2.00E-03    3.050E-01    6.10E-04
           K CONV. ELECTRON, GAMMA-RAY   19   1.38E-04    2.007E-01    2.77E-05
           L1 CONV. ELECTRON, GAMMA-RAY  19   2.38E-05    2.858E-01    6.79E-06
           L2 CONV. ELECTRON, GAMMA-RAY  19   6.39E-05    2.864E-01    1.83E-05
           L3 CONV. ELECTRON, GAMMA-RAY  19   2.70E-05    2.895E-01    7.82E-06
           M CONV. ELECTRON, GAMMA-RAY   19   3.06E-05    3.012E-01*   9.20E-06
           GAMMA-RAY                     20   6.00E-04    3.188E-01    1.91E-04
           K CONV. ELECTRON, GAMMA-RAY   20   3.78E-05    2.145E-01    8.11E-06
           GAMMA-RAY                     21   2.00E-04    3.206E-01    6.41E-05
           GAMMA-RAY                     22   2.00E-03    3.313E-01    6.63E-04
           K CONV. ELECTRON, GAMMA-RAY   22   1.16E-04    2.270E-01    2.64E-05
           L1 CONV. ELECTRON, GAMMA-RAY  22   1.99E-05    3.121E-01    6.20E-06
           L2 CONV. ELECTRON, GAMMA-RAY  22   4.57E-05    3.127E-01    1.43E-05
           L3 CONV. ELECTRON, GAMMA-RAY  22   1.84E-05    3.158E-01    5.81E-06
           M CONV. ELECTRON, GAMMA-RAY   22   2.23E-05    3.275E-01*   7.29E-06
           GAMMA-RAY                     23   2.00E-04    3.530E-01    7.06E-05
           GAMMA-RAY                     24   1.00E-03    3.569E-01    3.57E-04
           K CONV. ELECTRON, GAMMA-RAY   24   5.00E-05    2.526E-01    1.26E-05
           GAMMA-RAY                     25   6.00E-04    4.017E-01    2.41E-04
           K CONV. ELECTRON, GAMMA-RAY   25   2.36E-05    2.974E-01    7.02E-06
           GAMMA-RAY                     26   3.00E-04    4.217E-01    1.27E-04
           K -L2 X-RAY                        1.52E-01    8.576E-02    1.31E-02
           K -L3 X-RAY                        2.49E-01    8.886E-02    2.21E-02
           K -M2 X-RAY                        2.83E-02    9.984E-02    2.83E-03
           K -M3 X-RAY                        5.51E-02    1.005E-01    5.54E-03
           K -M4 X-RAY                        9.01E-04    1.011E-01    9.10E-05
           K -M5 X-RAY                        1.05E-03    1.012E-01    1.07E-04
           K -N2 X-RAY                        6.97E-03    1.033E-01    7.19E-04
           K -N3 X-RAY                        1.39E-02    1.035E-01    1.44E-03
           K -N4 X-RAY                        2.55E-04    1.037E-01    2.65E-05
           K -N5 X-RAY                        2.99E-04    1.037E-01    3.10E-05
           K -O2 X-RAY                        1.66E-03    1.041E-01    1.73E-04
           K -O3 X-RAY                        3.22E-03    1.042E-01    3.35E-04
           K -P2 X-RAY                        2.61E-04    1.043E-01    2.72E-05
           K -P3 X-RAY                        4.59E-04    1.043E-01    4.78E-05
           L1-M2 X-RAY                        8.08E-03    1.475E-02    1.19E-04
           L1-M3 X-RAY                        7.76E-03    1.546E-02    1.20E-04
           L1-M5 X-RAY                        5.06E-04    1.612E-02    8.17E-06
           L1-N2 X-RAY                        2.14E-03    1.818E-02    3.90E-05
           L1-N3 X-RAY                        2.31E-03    1.836E-02    4.24E-05
           L1-O2 X-RAY                        4.86E-04    1.903E-02    9.25E-06
           L1-03 X-RAY                        5.26E-04    1.907E-02    1.00E-05
           L2-M1 X-RAY                        2.50E-03    1.376E-02    3.44E-05
           L2-M4 X-RAY                        9.03E-02    1.530E-02    1.38E-03
           L2-N1 X-RAY                        6.66E-04    1.737E-02    1.16E-05
           L2-N4 X-RAY                        1.97E-02    1.792E-02    3.53E-04
           L2-O4 X-RAY                        3.39E-03    1.848E-02    6.27E-05
           L3-M1 X-RAY                        9.55E-03    1.066E-02    1.02E-04
           L3-M4 X-RAY                        1.63E-02    1.220E-02    1.98E-04
           L3-M5 X-RAY                        1.43E-01    1.234E-02    1.76E-03
           L3-N1 X-RAY                        2.33E-03    1.427E-02    3.33E-05
           L3-N4 X-RAY                        3.19E-03    1.482E-02    4.72E-05
           L3-N5 X-RAY                        2.90E-02    1.485E-02    4.31E-04
           L3-O1 X-RAY                        5.61E-04    1.520E-02    8.52E-06
           L3-O4 X-RAY                        5.39E-04    1.537E-02    8.29E-06
           L3-O5 X-RAY                        4.90E-03    1.538E-02    7.53E-05
           M X-RAY                            5.84E-02    2.883E-03*   1.68E-04
           Free-Bound X-RAY                   1.14E+01    7.122E-05*   8.12E-04
           AUGER KLL                          1.14E-02    6.843E-02*   7.78E-04
           AUGER KLX                          6.43E-03    8.285E-02*   5.33E-04
           AUGER KXY                          8.84E-04    9.730E-02*   8.60E-05
           CK LLX                             1.62E-01    1.330E-03*   2.15E-04
           AUGER LMM                          2.70E-01    9.277E-03*   2.50E-03
           AUGER LMX                          1.31E-01    1.220E-02*   1.59E-03
           AUGER LXY                          1.50E-02    1.515E-02*   2.27E-04
           CK MMX                             4.58E-01    4.660E-04*   2.14E-04
           AUGER MNN                          1.01E+00    2.214E-03*   2.24E-03
           AUGER MNX                          1.62E-01    2.584E-03*   4.19E-04
           AUGER MXY                          9.08E-03    3.110E-03*   2.82E-05
           CK NNX                             1.79E+00    1.813E-04*   3.24E-04
           AUGER NXY                          3.17E+00    1.203E-04*   3.81E-04
           CK OOX                             3.14E+00    2.559E-05*   8.03E-05
 
           ALL LISTED X-RAYS, GAMMA-RAYS AND ANNIHILATION RADIATION    7.54E-02
           ALL NEGLECTED X-RAYS, GAMMA-RAYS AND ANNIH. RADIATION**     4.32E-05
           ALL LISTED BETAS, INTERNAL CONVERSION AND AUGER ELECTRONS   5.74E-02
           ALL NEGLECTED BETAS, INT. CONVERSION AND AUGER ELECTRONS**  9.99E-05
           ALL LISTED ALPHA PARTICLES AND  RECOIL NUCLEI               7.41E+00
           ALL LISTED RADIATIONS                                       7.55E+00
           ALL NEGLECTED RADIATIONS**                                  1.43E-04
 
           *  AVERAGE ENERGY (MEV)
           ** EACH NEGLECTED TRANSITION CONTRIBUTES LESS THAN  0.010%
              TO THE TOTAL MEV/TRANSFORMATION FOR THIS CATEGORY.
           TOTAL FEEDING OF GROUND STATE LEVEL IN 219-RADIUM
             DAUGHTER IS 1.0000E+00 PER TRANSFORMATION OF 223-THORIUM.
             DECAY OF THIS 10 MILLISEC HALFLIFE LEVEL WILL CONTRIBUTE TO DOSE.
           - - - - - - - - - -
           INPUT DATA SOURCE: EVALUATED NUCLEAR STRUCTURE DATA FILE (ENSDF)
             DATE INPUT DATA WERE ENTERED INTO ENSDF: Oct-2001
%%%% 223 TH  90    A            6.00000E-01   0.60 S   18-07-2007       OUTPEND 
%%%% 223 TH  90    A            6.00000E-01   0.60 S   18-07-2007       SEEISTAR
223.  THORIUM      90.  6.000E-01 SECONDS  253 A                    223.TH 90.   0
 8 1  3.98010E-01  6.92503E+00  1.26567E-01  0.00000E+00            223.TH 90.   1   1
 8 2  5.97015E-01  6.96893E+00  1.27369E-01  0.00000E+00            223.TH 90.   2   2
 8 3  1.49254E+00  6.99417E+00  1.27830E-01  0.00000E+00            223.TH 90.   3   3
 8 4  2.98507E-01  7.01705E+00  1.28249E-01  0.00000E+00            223.TH 90.   4   4
 8 5  1.89055E+00  7.03371E+00  1.28553E-01  0.00000E+00            223.TH 90.   5   5
 8 6  9.95025E-02  7.10878E+00  1.29925E-01  0.00000E+00            223.TH 90.   6   6
 8 7  6.96517E-01  7.11634E+00  1.30063E-01  0.00000E+00            223.TH 90.   7   7
 8 8  2.58706E+01  7.28193E+00  1.33090E-01  0.00000E+00            223.TH 90.   8   8
 8 9  5.47264E+01  7.29369E+00  1.33305E-01  0.00000E+00            223.TH 90.   9   9
 810  1.29353E+01  7.31951E+00  1.33777E-01  0.00000E+00            223.TH 90.  10  10
 811  9.95025E-01  7.43118E+00  1.35818E-01  0.00000E+00            223.TH 90.  11  11
 1 1  1.03705E-04  1.66000E-02  1.66000E-02  0.00000E+00            223.TH 90.  12   1
 6 7  2.42862E+00  1.14400E-03  1.14400E-03  1.00000E+00            223.TH 90.  13   7
 6 3  1.25275E+00  1.28263E-02  1.28263E-02  1.00000E+00            223.TH 90.  14   3
 6 4  4.18528E-01  1.66000E-02  1.66000E-02  1.00000E+00            223.TH 90.  15   4
 1 2  7.00000E-02  3.82000E-02  3.82000E-02  0.00000E+00            223.TH 90.  16   2
 6 5  2.46789E+00  1.89680E-02  1.89680E-02  2.00000E+00            223.TH 90.  17   5
 6 6  2.77397E+00  1.96400E-02  1.96400E-02  2.00000E+00            223.TH 90.  18   6
 6 7  2.45857E+00  2.27440E-02  2.27440E-02  2.00000E+00            223.TH 90.  19   7
 6 3  1.99775E+00  3.44263E-02  3.44263E-02  2.00000E+00            223.TH 90.  20   3
 6 4  6.77305E-01  3.82000E-02  3.82000E-02  2.00000E+00            223.TH 90.  21   4
 1 3  3.00000E-02  5.20000E-02  5.20000E-02  0.00000E+00            223.TH 90.  22   3
 6 5  7.47347E-02  3.27680E-02  3.27680E-02  3.00000E+00            223.TH 90.  23   5
 6 6  2.52958E+00  3.34400E-02  3.34400E-02  3.00000E+00            223.TH 90.  24   6
 6 7  2.27157E+00  3.65440E-02  3.65440E-02  3.00000E+00            223.TH 90.  25   7
 6 3  1.32295E+00  4.82263E-02  4.82263E-02  3.00000E+00            223.TH 90.  26   3
 6 4  4.43888E-01  5.20000E-02  5.20000E-02  3.00000E+00            223.TH 90.  27   4
 1 4  5.00000E-01  8.80000E-02  8.80000E-02  0.00000E+00            223.TH 90.  28   4
 6 5  3.74355E+00  6.87680E-02  6.87680E-02  4.00000E+00            223.TH 90.  29   5
 6 6  3.88385E-01  6.94400E-02  6.94400E-02  4.00000E+00            223.TH 90.  30   6
 6 7  2.48039E-02  7.25440E-02  7.25440E-02  4.00000E+00            223.TH 90.  31   7
 6 3  9.97889E-01  8.42263E-02  8.42263E-02  4.00000E+00            223.TH 90.  32   3
 6 4  3.45369E-01  8.80000E-02  8.80000E-02  4.00000E+00            223.TH 90.  33   4
 1 5  9.00000E-01  9.72000E-02  9.72000E-02  0.00000E+00            223.TH 90.  34   5
 6 5  2.20864E+00  7.79680E-02  7.79680E-02  5.00000E+00            223.TH 90.  35   5
 6 6  2.29576E-01  7.86400E-02  7.86400E-02  5.00000E+00            223.TH 90.  36   6
 6 7  1.45045E-02  8.17440E-02  8.17440E-02  5.00000E+00            223.TH 90.  37   7
 6 3  5.89368E-01  9.34263E-02  9.34263E-02  5.00000E+00            223.TH 90.  38   3
 6 4  2.04089E-01  9.72000E-02  9.72000E-02  5.00000E+00            223.TH 90.  39   4
 1 6  1.60000E+00  1.13700E-01  1.13700E-01  0.00000E+00            223.TH 90.  40   6
 6 1  1.49918E+01  9.38001E-03  9.38001E-03  6.00000E+00            223.TH 90.  41   1
 6 5  2.50159E+00  9.44680E-02  9.44680E-02  6.00000E+00            223.TH 90.  42   5
 6 6  2.59954E-01  9.51400E-02  9.51400E-02  6.00000E+00            223.TH 90.  43   6
 6 7  1.61087E-02  9.82440E-02  9.82440E-02  6.00000E+00            223.TH 90.  44   7
 6 3  6.65723E-01  1.09926E-01  1.09926E-01  6.00000E+00            223.TH 90.  45   3
 6 4  2.30898E-01  1.13700E-01  1.13700E-01  6.00000E+00            223.TH 90.  46   4
 1 7  2.00000E-02  1.19600E-01  1.19600E-01  0.00000E+00            223.TH 90.  47   7
 1 9  5.80000E+00  1.40000E-01  1.40000E-01  0.00000E+00            223.TH 90.  48   9
 6 1  3.00118E+01  3.56800E-02  3.56800E-02  9.00000E+00            223.TH 90.  49   1
 6 5  4.99079E+00  1.20768E-01  1.20768E-01  9.00000E+00            223.TH 90.  50   5
 6 6  5.19662E-01  1.21440E-01  1.21440E-01  9.00000E+00            223.TH 90.  51   6
 6 7  3.13430E-02  1.24544E-01  1.24544E-01  9.00000E+00            223.TH 90.  52   7
 6 3  1.32621E+00  1.36226E-01  1.36226E-01  9.00000E+00            223.TH 90.  53   3
 6 4  4.60468E-01  1.40000E-01  1.40000E-01  9.00000E+00            223.TH 90.  54   4
 110  3.70000E+00  1.52000E-01  1.52000E-01  0.00000E+00            223.TH 90.  55  10
 6 1  8.04762E+00  4.76800E-02  4.76800E-02  1.00000E+01            223.TH 90.  56   1
 6 5  1.36652E+00  1.32768E-01  1.32768E-01  1.00000E+01            223.TH 90.  57   5
 6 6  1.27050E+00  1.33440E-01  1.33440E-01  1.00000E+01            223.TH 90.  58   6
 6 7  7.03396E-01  1.36544E-01  1.36544E-01  1.00000E+01            223.TH 90.  59   7
 6 3  8.64569E-01  1.48226E-01  1.48226E-01  1.00000E+01            223.TH 90.  60   3
 6 4  2.95237E-01  1.52000E-01  1.52000E-01  1.00000E+01            223.TH 90.  61   4
 111  1.00000E-02  1.57800E-01  1.57800E-01  0.00000E+00            223.TH 90.  62  11
 112  6.00000E-02  1.68800E-01  1.68800E-01  0.00000E+00            223.TH 90.  63  12
 6 1  1.31709E-02  6.44800E-02  6.44800E-02  1.20000E+01            223.TH 90.  64   1
 6 5  2.74476E-03  1.49568E-01  1.49568E-01  1.20000E+01            223.TH 90.  65   5
 6 6  2.33124E-02  1.50240E-01  1.50240E-01  1.20000E+01            223.TH 90.  66   6
 6 7  1.35674E-02  1.53344E-01  1.53344E-01  1.20000E+01            223.TH 90.  67   7
 6 3  1.07928E-02  1.65026E-01  1.65026E-01  1.20000E+01            223.TH 90.  68   3
 6 4  3.64886E-03  1.68800E-01  1.68800E-01  1.20000E+01            223.TH 90.  69   4
 113  2.00000E-02  1.88400E-01  1.88400E-01  0.00000E+00            223.TH 90.  70  13
 6 1  3.62628E-03  8.40800E-02  8.40800E-02  1.30000E+01            223.TH 90.  71   1
 6 5  7.04365E-04  1.69168E-01  1.69168E-01  1.30000E+01            223.TH 90.  72   5
 6 6  4.81976E-03  1.69840E-01  1.69840E-01  1.30000E+01            223.TH 90.  73   6
 6 7  2.66175E-03  1.72944E-01  1.72944E-01  1.30000E+01            223.TH 90.  74   7
 6 3  2.22515E-03  1.84626E-01  1.84626E-01  1.30000E+01            223.TH 90.  75   3
 6 4  7.52917E-04  1.88400E-01  1.88400E-01  1.30000E+01            223.TH 90.  76   4
 114  3.00000E-01  2.52800E-01  2.52800E-01  0.00000E+00            223.TH 90.  77  14
 6 1  3.05052E-02  1.48480E-01  1.48480E-01  1.40000E+01            223.TH 90.  78   1
 6 5  5.40385E-03  2.33568E-01  2.33568E-01  1.40000E+01            223.TH 90.  79   5
 6 6  2.07546E-02  2.34240E-01  2.34240E-01  1.40000E+01            223.TH 90.  80   6
 6 7  9.79344E-03  2.37344E-01  2.37344E-01  1.40000E+01            223.TH 90.  81   7
 6 3  9.67219E-03  2.49026E-01  2.49026E-01  1.40000E+01            223.TH 90.  82   3
 6 4  3.28490E-03  2.52800E-01  2.52800E-01  1.40000E+01            223.TH 90.  83   4
 115  7.00000E-01  2.64700E-01  2.64700E-01  0.00000E+00            223.TH 90.  84  15
 6 1  6.46634E-02  1.60380E-01  1.60380E-01  1.50000E+01            223.TH 90.  85   1
 6 5  1.13738E-02  2.45468E-01  2.45468E-01  1.50000E+01            223.TH 90.  86   5
 6 6  4.00097E-02  2.46140E-01  2.46140E-01  1.50000E+01            223.TH 90.  87   6
 6 7  1.83804E-02  2.49244E-01  2.49244E-01  1.50000E+01            223.TH 90.  88   7
 6 3  1.87272E-02  2.60926E-01  2.60926E-01  1.50000E+01            223.TH 90.  89   3
 6 4  6.36468E-03  2.64700E-01  2.64700E-01  1.50000E+01            223.TH 90.  90   4
 116  1.00000E-01  2.68000E-01  2.68000E-01  0.00000E+00            223.TH 90.  91  16
 6 1  9.00142E-03  1.63680E-01  1.63680E-01  1.60000E+01            223.TH 90.  92   1
 6 5  1.58052E-03  2.48768E-01  2.48768E-01  1.60000E+01            223.TH 90.  93   5
 6 6  5.43013E-03  2.49440E-01  2.49440E-01  1.60000E+01            223.TH 90.  94   6
 6 7  2.47656E-03  2.52544E-01  2.52544E-01  1.60000E+01            223.TH 90.  95   7
 6 3  2.54514E-03  2.64226E-01  2.64226E-01  1.60000E+01            223.TH 90.  96   3
 6 4  8.65161E-04  2.68000E-01  2.68000E-01  1.60000E+01            223.TH 90.  97   4
 117  4.00000E-02  2.76100E-01  2.76100E-01  0.00000E+00            223.TH 90.  98  17
 6 1  3.38339E-03  1.71780E-01  1.71780E-01  1.70000E+01            223.TH 90.  99   1
 6 5  5.91689E-04  2.56868E-01  2.56868E-01  1.70000E+01            223.TH 90. 100   5
 6 6  1.92097E-03  2.57540E-01  2.57540E-01  1.70000E+01            223.TH 90. 101   6
 6 7  8.60910E-04  2.60644E-01  2.60644E-01  1.70000E+01            223.TH 90. 102   7
 6 3  9.03661E-04  2.72326E-01  2.72326E-01  1.70000E+01            223.TH 90. 103   3
 6 4  3.07313E-04  2.76100E-01  2.76100E-01  1.70000E+01            223.TH 90. 104   4
 118  2.00000E-01  2.93000E-01  2.93000E-01  0.00000E+00            223.TH 90. 105  18
 6 1  1.49525E-02  1.88680E-01  1.88680E-01  1.80000E+01            223.TH 90. 106   1
 6 5  2.59449E-03  2.73768E-01  2.73768E-01  1.80000E+01            223.TH 90. 107   5
 6 6  7.52719E-03  2.74440E-01  2.74440E-01  1.80000E+01            223.TH 90. 108   6
 6 7  3.25699E-03  2.77544E-01  2.77544E-01  1.80000E+01            223.TH 90. 109   7
 6 3  3.57238E-03  2.89226E-01  2.89226E-01  1.80000E+01            223.TH 90. 110   3
 6 4  1.21589E-03  2.93000E-01  2.93000E-01  1.80000E+01            223.TH 90. 111   4
 119  2.00000E-01  3.05000E-01  3.05000E-01  0.00000E+00            223.TH 90. 112  19
 6 1  1.37998E-02  2.00680E-01  2.00680E-01  1.90000E+01            223.TH 90. 113   1
 6 5  2.37589E-03  2.85768E-01  2.85768E-01  1.90000E+01            223.TH 90. 114   5
 6 6  6.39070E-03  2.86440E-01  2.86440E-01  1.90000E+01            223.TH 90. 115   6
 6 7  2.70016E-03  2.89544E-01  2.89544E-01  1.90000E+01            223.TH 90. 116   7
 6 3  3.05506E-03  3.01226E-01  3.01226E-01  1.90000E+01            223.TH 90. 117   3
 6 4  1.04035E-03  3.05000E-01  3.05000E-01  1.90000E+01            223.TH 90. 118   4
 120  6.00000E-02  3.18800E-01  3.18800E-01  0.00000E+00            223.TH 90. 119  20
 6 1  3.77912E-03  2.14480E-01  2.14480E-01  2.00000E+01            223.TH 90. 120   1
 6 5  6.47257E-04  2.99568E-01  2.99568E-01  2.00000E+01            223.TH 90. 121   5
 6 6  1.60216E-03  3.00240E-01  3.00240E-01  2.00000E+01            223.TH 90. 122   6
 6 7  6.59390E-04  3.03344E-01  3.03344E-01  2.00000E+01            223.TH 90. 123   7
 6 3  7.73035E-04  3.15026E-01  3.15026E-01  2.00000E+01            223.TH 90. 124   3
 6 4  2.63378E-04  3.18800E-01  3.18800E-01  2.00000E+01            223.TH 90. 125   4
 121  2.00000E-02  3.20600E-01  3.20600E-01  0.00000E+00            223.TH 90. 126  21
 6 1  1.24519E-03  2.16280E-01  2.16280E-01  2.10000E+01            223.TH 90. 127   1
 6 5  2.13133E-04  3.01368E-01  3.01368E-01  2.10000E+01            223.TH 90. 128   5
 6 6  5.22022E-04  3.02040E-01  3.02040E-01  2.10000E+01            223.TH 90. 129   6
 6 7  2.14137E-04  3.05144E-01  3.05144E-01  2.10000E+01            223.TH 90. 130   7
 6 3  2.52200E-04  3.16826E-01  3.16826E-01  2.10000E+01            223.TH 90. 131   3
 6 4  8.59302E-05  3.20600E-01  3.20600E-01  2.10000E+01            223.TH 90. 132   4
 122  2.00000E-01  3.31300E-01  3.31300E-01  0.00000E+00            223.TH 90. 133  22
 6 1  1.16388E-02  2.26980E-01  2.26980E-01  2.20000E+01            223.TH 90. 134   1
 6 5  1.98532E-03  3.12068E-01  3.12068E-01  2.20000E+01            223.TH 90. 135   5
 6 6  4.57131E-03  3.12740E-01  3.12740E-01  2.20000E+01            223.TH 90. 136   6
 6 7  1.84028E-03  3.15844E-01  3.15844E-01  2.20000E+01            223.TH 90. 137   7
 6 3  2.22686E-03  3.27526E-01  3.27526E-01  2.20000E+01            223.TH 90. 138   3
 6 4  7.58794E-04  3.31300E-01  3.31300E-01  2.20000E+01            223.TH 90. 139   4
 123  2.00000E-02  3.53000E-01  3.53000E-01  0.00000E+00            223.TH 90. 140  23
 6 1  1.02191E-03  2.48680E-01  2.48680E-01  2.30000E+01            223.TH 90. 141   1
 6 5  1.73268E-04  3.33768E-01  3.33768E-01  2.30000E+01            223.TH 90. 142   5
 6 6  3.54255E-04  3.34440E-01  3.34440E-01  2.30000E+01            223.TH 90. 143   6
 6 7  1.37538E-04  3.37544E-01  3.37544E-01  2.30000E+01            223.TH 90. 144   7
 6 3  1.75750E-04  3.49226E-01  3.49226E-01  2.30000E+01            223.TH 90. 145   3
 6 4  5.98896E-05  3.53000E-01  3.53000E-01  2.30000E+01            223.TH 90. 146   4
 124  1.00000E-01  3.56900E-01  3.56900E-01  0.00000E+00            223.TH 90. 147  24
 6 1  4.99605E-03  2.52580E-01  2.52580E-01  2.40000E+01            223.TH 90. 148   1
 6 5  8.46273E-04  3.37668E-01  3.37668E-01  2.40000E+01            223.TH 90. 149   5
 6 6  1.69513E-03  3.38340E-01  3.38340E-01  2.40000E+01            223.TH 90. 150   6
 6 7  6.54012E-04  3.41444E-01  3.41444E-01  2.40000E+01            223.TH 90. 151   7
 6 3  8.43892E-04  3.53126E-01  3.53126E-01  2.40000E+01            223.TH 90. 152   3
 6 4  2.87571E-04  3.56900E-01  3.56900E-01  2.40000E+01            223.TH 90. 153   4
 125  6.00000E-02  4.01700E-01  4.01700E-01  0.00000E+00            223.TH 90. 154  25
 6 1  2.36008E-03  2.97380E-01  2.97380E-01  2.50000E+01            223.TH 90. 155   1
 6 5  3.95570E-04  3.82468E-01  3.82468E-01  2.50000E+01            223.TH 90. 156   5
 6 6  6.36470E-04  3.83140E-01  3.83140E-01  2.50000E+01            223.TH 90. 157   6
 6 7  2.29560E-04  3.86244E-01  3.86244E-01  2.50000E+01            223.TH 90. 158   7
 6 3  3.30824E-04  3.97926E-01  3.97926E-01  2.50000E+01            223.TH 90. 159   3
 6 4  1.12735E-04  4.01700E-01  4.01700E-01  2.50000E+01            223.TH 90. 160   4
 126  3.00000E-02  4.21700E-01  4.21700E-01  0.00000E+00            223.TH 90. 161  26
 6 1  1.07025E-03  3.17380E-01  3.17380E-01  2.60000E+01            223.TH 90. 162   1
 6 5  1.78736E-04  4.02468E-01  4.02468E-01  2.60000E+01            223.TH 90. 163   5
 6 6  2.63079E-04  4.03140E-01  4.03140E-01  2.60000E+01            223.TH 90. 164   6
 6 7  9.22964E-05  4.06244E-01  4.06244E-01  2.60000E+01            223.TH 90. 165   7
 6 3  1.39623E-04  4.17926E-01  4.17926E-01  2.60000E+01            223.TH 90. 166   3
 6 4  4.75818E-05  4.21700E-01  4.21700E-01  2.60000E+01            223.TH 90. 167   4
 2 1  1.52318E+01  8.57602E-02  8.57602E-02  0.00000E+00            223.TH 90. 168   1
 2 2  2.48755E+01  8.88641E-02  8.88641E-02  0.00000E+00            223.TH 90. 169   2
 2 3  2.83301E+00  9.98380E-02  9.98380E-02  0.00000E+00            223.TH 90. 170   3
 2 4  5.51355E+00  1.00546E-01  1.00546E-01  0.00000E+00            223.TH 90. 171   4
 2 5  9.00759E-02  1.01061E-01  1.01061E-01  0.00000E+00            223.TH 90. 172   5
 2 6  1.05321E-01  1.01209E-01  1.01209E-01  0.00000E+00            223.TH 90. 173   6
 2 7  6.96674E-01  1.03272E-01  1.03272E-01  0.00000E+00            223.TH 90. 174   7
 2 8  1.39063E+00  1.03453E-01  1.03453E-01  0.00000E+00            223.TH 90. 175   8
 2 9  2.55339E-02  1.03683E-01  1.03683E-01  0.00000E+00            223.TH 90. 176   9
 210  2.98945E-02  1.03717E-01  1.03717E-01  0.00000E+00            223.TH 90. 177  10
 211  1.66386E-01  1.04120E-01  1.04120E-01  0.00000E+00            223.TH 90. 178  11
 212  3.21685E-01  1.04160E-01  1.04160E-01  0.00000E+00            223.TH 90. 179  12
 213  4.63857E-03  1.04239E-01  1.04239E-01  0.00000E+00            223.TH 90. 180  13
 214  5.38101E-03  1.04245E-01  1.04245E-01  0.00000E+00            223.TH 90. 181  14
 215  2.61253E-02  1.04295E-01  1.04295E-01  0.00000E+00            223.TH 90. 182  15
 216  4.58550E-02  1.04301E-01  1.04301E-01  0.00000E+00            223.TH 90. 183  16
 221  2.25873E-04  6.72000E-04  6.72000E-04  0.00000E+00            223.TH 90. 184  21
 222  1.01795E-01  3.77600E-03  3.77600E-03  0.00000E+00            223.TH 90. 185  22
 223  8.07824E-01  1.47500E-02  1.47500E-02  0.00000E+00            223.TH 90. 186  23
 224  7.76046E-01  1.54583E-02  1.54583E-02  0.00000E+00            223.TH 90. 187  24
 225  3.39191E-02  1.59733E-02  1.59733E-02  0.00000E+00            223.TH 90. 188  25
 226  5.06497E-02  1.61207E-02  1.61207E-02  0.00000E+00            223.TH 90. 189  26
 227  2.14405E-01  1.81834E-02  1.81834E-02  0.00000E+00            223.TH 90. 190  27
 228  2.30974E-01  1.83647E-02  1.83647E-02  0.00000E+00            223.TH 90. 191  28
 229  5.54585E-03  1.85952E-02  1.85952E-02  0.00000E+00            223.TH 90. 192  29
 230  8.85027E-03  1.86289E-02  1.86289E-02  0.00000E+00            223.TH 90. 193  30
 231  4.85870E-02  1.90317E-02  1.90317E-02  0.00000E+00            223.TH 90. 194  31
 232  5.26381E-02  1.90722E-02  1.90722E-02  0.00000E+00            223.TH 90. 195  32
 233  8.94577E-04  1.91507E-02  1.91507E-02  0.00000E+00            223.TH 90. 196  33
 234  1.43732E-03  1.91565E-02  1.91565E-02  0.00000E+00            223.TH 90. 197  34
 235  8.29699E-03  1.92071E-02  1.92071E-02  0.00000E+00            223.TH 90. 198  35
 236  8.06261E-03  1.92134E-02  1.92134E-02  0.00000E+00            223.TH 90. 199  36
 241  5.92322E-04  3.10400E-03  3.10400E-03  0.00000E+00            223.TH 90. 200  41
 242  2.50169E-01  1.37649E-02  1.37649E-02  0.00000E+00            223.TH 90. 201  42
 243  1.18276E-02  1.47863E-02  1.47863E-02  0.00000E+00            223.TH 90. 202  43
 244  9.03113E+00  1.53013E-02  1.53013E-02  0.00000E+00            223.TH 90. 203  44
 245  6.66255E-02  1.73703E-02  1.73703E-02  0.00000E+00            223.TH 90. 204  45
 246  3.45719E-03  1.76927E-02  1.76927E-02  0.00000E+00            223.TH 90. 205  46
 247  1.96673E+00  1.79232E-02  1.79232E-02  0.00000E+00            223.TH 90. 206  47
 248  1.06720E-02  1.82603E-02  1.82603E-02  0.00000E+00            223.TH 90. 207  48
 249  1.61777E-02  1.83063E-02  1.83063E-02  0.00000E+00            223.TH 90. 208  49
 250  7.85465E-04  1.84001E-02  1.84001E-02  0.00000E+00            223.TH 90. 209  50
 251  3.39423E-01  1.84787E-02  1.84787E-02  0.00000E+00            223.TH 90. 210  51
 253  3.08097E-03  1.85205E-02  1.85205E-02  0.00000E+00            223.TH 90. 211  53
 254  1.17994E-04  1.85414E-02  1.85414E-02  0.00000E+00            223.TH 90. 212  54
 255  1.53160E-04  1.85552E-02  1.85552E-02  0.00000E+00            223.TH 90. 213  55
 261  9.55025E-01  1.06609E-02  1.06609E-02  0.00000E+00            223.TH 90. 214  61
 262  1.14377E-02  1.09740E-02  1.09740E-02  0.00000E+00            223.TH 90. 215  62
 263  1.03617E-02  1.16823E-02  1.16823E-02  0.00000E+00            223.TH 90. 216  63
 264  1.62545E+00  1.21973E-02  1.21973E-02  0.00000E+00            223.TH 90. 217  64
 265  1.42938E+01  1.23447E-02  1.23447E-02  0.00000E+00            223.TH 90. 218  65
 266  2.33183E-01  1.42663E-02  1.42663E-02  0.00000E+00            223.TH 90. 219  66
 267  2.57265E-03  1.44074E-02  1.44074E-02  0.00000E+00            223.TH 90. 220  67
 268  2.75457E-03  1.45887E-02  1.45887E-02  0.00000E+00            223.TH 90. 221  68
 269  3.18809E-01  1.48192E-02  1.48192E-02  0.00000E+00            223.TH 90. 222  69
 270  2.90339E+00  1.48529E-02  1.48529E-02  0.00000E+00            223.TH 90. 223  70
 271  3.42434E-03  1.51563E-02  1.51563E-02  0.00000E+00            223.TH 90. 224  71
 272  1.89866E-02  1.51648E-02  1.51648E-02  0.00000E+00            223.TH 90. 225  72
 273  5.60716E-02  1.52024E-02  1.52024E-02  0.00000E+00            223.TH 90. 226  73
 274  5.62122E-04  1.52557E-02  1.52557E-02  0.00000E+00            223.TH 90. 227  74
 275  6.13589E-04  1.52962E-02  1.52962E-02  0.00000E+00            223.TH 90. 228  75
 276  5.39276E-02  1.53747E-02  1.53747E-02  0.00000E+00            223.TH 90. 229  76
 277  4.89780E-01  1.53805E-02  1.53805E-02  0.00000E+00            223.TH 90. 230  77
 280  1.06569E-02  1.54164E-02  1.54164E-02  0.00000E+00            223.TH 90. 231  80
 281  8.93919E-05  1.54311E-02  1.54311E-02  0.00000E+00            223.TH 90. 232  81
 282  9.17670E-05  1.54373E-02  1.54373E-02  0.00000E+00            223.TH 90. 233  82
 283  7.29277E-04  1.54512E-02  1.54512E-02  0.00000E+00            223.TH 90. 234  83
 291  5.83513E+00  2.88266E-03  2.88266E-03  0.00000E+00            223.TH 90. 235  91
 292  1.31435E-01  4.31947E-04  4.31947E-04  0.00000E+00            223.TH 90. 236  92
 293  3.47578E-03  1.11395E-04  1.11395E-04  0.00000E+00            223.TH 90. 237  93
 294  1.14039E+03  7.12213E-05  7.12213E-05  0.00000E+00            223.TH 90. 238  94
 7 1  1.13677E+00  6.84262E-02  6.84262E-02  0.00000E+00            223.TH 90. 239   1
 7 2  6.43215E-01  8.28520E-02  8.28520E-02  0.00000E+00            223.TH 90. 240   2
 7 3  8.83827E-02  9.72964E-02  9.72964E-02  0.00000E+00            223.TH 90. 241   3
 7 4  1.61574E+01  1.32977E-03  1.32977E-03  0.00000E+00            223.TH 90. 242   4
 7 5  2.69991E+01  9.27675E-03  9.27675E-03  0.00000E+00            223.TH 90. 243   5
 7 6  1.30703E+01  1.22002E-02  1.22002E-02  0.00000E+00            223.TH 90. 244   6
 7 7  1.49783E+00  1.51545E-02  1.51545E-02  0.00000E+00            223.TH 90. 245   7
 7 8  4.58466E+01  4.65988E-04  4.65988E-04  0.00000E+00            223.TH 90. 246   8
 7 9  1.01045E+02  2.21417E-03  2.21417E-03  0.00000E+00            223.TH 90. 247   9
 710  1.62219E+01  2.58448E-03  2.58448E-03  0.00000E+00            223.TH 90. 248  10
 711  9.07923E-01  3.10987E-03  3.10987E-03  0.00000E+00            223.TH 90. 249  11
 712  1.78528E+02  1.81261E-04  1.81261E-04  0.00000E+00            223.TH 90. 250  12
 713  3.16967E+02  1.20281E-04  1.20281E-04  0.00000E+00            223.TH 90. 251  13
 714  3.13944E+02  2.55858E-05  2.55858E-05  0.00000E+00            223.TH 90. 252  14
 715  1.38916E+00  1.35380E-04  1.35380E-04  0.00000E+00            223.TH 90. 253  15
%%%% 223 TH  90    A            6.00000E-01   0.60 S   18-07-2007       SEEIEND 
 


   ***************************************************** 
   *                 Radiation Summary                 * 
   ***************************************************** 
 
  Energy released by
    Gamma-ray                       (MeV) =   2.29581E-02
    X-ray                           (MeV) =   5.16078E-02
    Free-bound X-ray                (MeV) =   8.12201E-04
    Annihilation photon             (MeV) =   0.00000E+00
    Beta+ particle                  (MeV) =   0.00000E+00
    Neutrino                        (MeV) =   0.00000E+00
    Beta- particle                  (MeV) =   0.00000E+00
    Neutrino-                       (MeV) =   0.00000E+00
    Internal conv. electron         (MeV) =   4.79153E-02
    Auger and CK electron           (MeV) =   9.62332E-03
    Alpha particle                  (MeV) =   7.28032E+00
    Recoil nucleus                  (MeV) =   1.33060E-01
  E-total (except unplaced radiat.) (MeV) =   7.54629E+00
  E-unplaced radiation              (MeV) =   3.97000E-05
  Q-value from ENSDF data           (MeV) =   7.56700E+00
  Ratio of E-total/Q-value          ( % ) =   9.97264E+01
  Ratio of E-unplaced radi./Q-value ( % ) =   5.24647E-04

 
  Total yield of
    Gamma-ray                             =   1.47101E-01
    X-ray                                 =   9.23748E-01
    Free-bound X-ray                      =   1.14039E+01
    Annihilation photon                   =   0.00000E+00
    Beta+ particle                        =   0.00000E+00
    Beta- particle                        =   0.00000E+00
    Internal conv. electron               =   9.88821E-01
    Auger and CK electron                 =   1.03444E+01
    Alpha particle                        =   1.00000E+00
  Yield of unplaced radiation             =   3.00000E-04


