%%%% 204 TL  81    B- EC        1.19288E+08 3.78 Y     02-11-2005       BALASTAR
1 204   TL  81 3.78 Y          B- EC      
1INTENSITY AND ENERGY BALANCE DATA

              204-THALLIUM-81
+                                    HALFLIFE = 3.78 YEARS   
+                                                                  02-11-2005


    LEVEL       INTENSITY   INTENSITY
    ENERGY      ENTERING    LEAVING     PERCENT
    (MEV)       LEVEL       LEVEL       ERROR

   0.0000E+00  9.7100E+01
   0.0000E+00  2.9000E+00


 INTENSITY TO GROUND AND ISOMERIC STATE(S) OF DAUGHTER(S)=  1.000E+02
 TOTAL INTENSITY FROM PARENT=  1.000E+02
 PERCENT ERROR =  0.000E+00                      


 TOTAL INTENSITY FROM PARENT =  1.000E+02
 VALUE IS WITHIN   0.00E+00% OF 100                      


 TOTAL ENERGY AVAILABLE =  7.516E-01 MEV
 TOTAL ENERGY CONTENT OF ALL RADIATIONS =  7.516E-01 MEV
 PERCENT ERROR =  0.000E+00                      
%%%% 204 TL  81    B- EC        1.19288E+08 3.78 Y     02-11-2005       BALAEND 
%%%% 204 TL  81    B- EC        1.19288E+08 3.78 Y     02-11-2005       INPUSTAR
1                                      **INPUT DATA**
              204-THALLIUM-81
+                                    HALFLIFE = 3.78 YEARS   
+                                                                  02-11-2005

            MODES OF DECAY: BETA MINUS, ELECTRON CAPTURE
 
                                MEAN
                                NUMBER/    TRANSITION
                TYPE OF    ID   TRANSFOR-  ENERGY
              TRANSITION   NO.  MATION     (MEV)       OTHER NUCLEAR PARAMETERS

               BETA MINUS   1   9.71E-01   7.637E-01*  UNIQUE FIRST FORBIDDEN                   
           ELECT. CAPTURE   1   2.90E-02   3.473E-01   UNIQUE FIRST FORBIDDEN                   
 
           * ENDPOINT ENERGY (MEV)
           - - - - - - - - - -
           Reference: Evaluated Nuclear Structure Data File (ENSDF)
                DATE DATA WERE ENTERED INTO ENSDF: Nov-1994
%%%% 204 TL  81    B- EC        1.19288E+08 3.78 Y     02-11-2005       INPUEND 
%%%% 204 TL  81    B- EC        1.19288E+08 3.78 Y     02-11-2005       OUTPSTAR
1                                      **OUTPUT DATA**
              204-THALLIUM-81
+                                    HALFLIFE = 3.78 YEARS   
+                                                                  02-11-2005

            MODES OF DECAY: BETA MINUS, ELECTRON CAPTURE
 
                                              MEAN
                                              NUMBER/                  MEV/
                                         ID   TRANSFOR-   ENERGY       TRANSFOR-
                  TYPE OF RADIATION      NO.  MATION      (MEV)        MATION

           BETA MINUS                     1   9.71E-01    2.440E-01*   2.37E-01
           K -L2 X-RAY                        4.74E-03    6.910E-02    3.28E-04
           K -L3 X-RAY                        8.04E-03    7.107E-02    5.71E-04
           K -M2 X-RAY                        8.88E-04    8.008E-02    7.11E-05
           K -M3 X-RAY                        1.72E-03    8.052E-02    1.38E-04
           K -M4 X-RAY                        2.29E-05    8.096E-02    1.85E-06
           K -M5 X-RAY                        2.80E-05    8.105E-02    2.27E-06
           K -N2 X-RAY                        2.09E-04    8.268E-02    1.73E-05
           K -N3 X-RAY                        4.10E-04    8.279E-02    3.39E-05
           K -O2 X-RAY                        4.84E-05    8.327E-02    4.03E-06
           K -O3 X-RAY                        9.50E-05    8.328E-02    7.91E-06
           L1-M2 X-RAY                        2.12E-04    1.155E-02    2.45E-06
           L1-M3 X-RAY                        2.41E-04    1.199E-02    2.89E-06
           L2-M4 X-RAY                        1.82E-03    1.186E-02    2.15E-05
           L2-N4 X-RAY                        3.63E-04    1.388E-02    5.03E-06
           L3-M1 X-RAY                        2.35E-04    8.750E-03    2.06E-06
           L3-M4 X-RAY                        4.10E-04    9.892E-03    4.06E-06
           L3-M5 X-RAY                        3.62E-03    9.986E-03    3.61E-05
           L3-N5 X-RAY                        6.82E-04    1.193E-02    8.14E-06
           M X-RAY                            1.26E-03    2.222E-03    2.81E-06
           Free-Bound X-RAY                   3.89E-01    1.470E-05    5.71E-06
 
           ALL LISTED X-RAYS, GAMMA-RAYS AND ANNIHILATION RADIATION    1.27E-03
           ALL NEGLECTED X-RAYS, GAMMA-RAYS AND ANNIH. RADIATION**     7.53E-06
           ALL LISTED BETAS, INTERNAL CONVERSION AND AUGER ELECTRONS   2.37E-01
           ALL NEGLECTED BETAS, INT. CONVERSION AND AUGER ELECTRONS**  2.70E-04
           ALL LISTED RADIATIONS                                       2.38E-01
           ALL NEGLECTED RADIATIONS**                                  2.78E-04
 
           *  AVERAGE ENERGY (MEV)
           ** EACH NEGLECTED TRANSITION CONTRIBUTES LESS THAN  0.100%
              TO THE TOTAL MEV/TRANSFORMATION FOR THIS CATEGORY.
           TOTAL FEEDING OF GROUND STATE LEVEL IN 204-LEAD
             DAUGHTER IS 9.7100E-01 PER TRANSFORMATION OF 204-THALLIUM.
             THIS DAUGHTER GROUND STATE IS STABLE.
           TOTAL FEEDING OF GROUND STATE LEVEL IN 204-MERCURY
             DAUGHTER IS 2.9000E-02 PER TRANSFORMATION OF 204-THALLIUM.
             THIS DAUGHTER GROUND STATE IS STABLE.
           - - - - - - - - - -
           INPUT DATA SOURCE: EVALUATED NUCLEAR STRUCTURE DATA FILE (ENSDF)
             DATE INPUT DATA WERE ENTERED INTO ENSDF: Nov-1994
%%%% 204 TL  81    B- EC        1.19288E+08 3.78 Y     02-11-2005       OUTPEND 
%%%% 204 TL  81    B- EC        1.19288E+08 3.78 Y     02-11-2005       BETASTAR
1
              204-THALLIUM-81
+                                    HALFLIFE = 3.78 YEARS   
+                                                                  02-11-2005

            BETA SPECTRUM DATA FOR ALL DECAY BRANCHES

                      BETAS PER                BETAS PER                BETAS PER
            ENERGY    MEV            ENERGY    MEV            ENERGY    MEV
            (MEV)     PER DECAY      (MEV)     PER DECAY      (MEV)     PER DECAY

            0.00000   2.711E+00      0.00200   2.694E+00      0.04500   2.482E+00
            0.00010   2.710E+00      0.00220   2.693E+00      0.05000   2.464E+00
            0.00011   2.710E+00      0.00240   2.691E+00      0.05500   2.446E+00
            0.00012   2.710E+00      0.00260   2.689E+00      0.06000   2.428E+00
            0.00013   2.710E+00      0.00280   2.688E+00      0.06500   2.410E+00
            0.00014   2.710E+00      0.00300   2.686E+00      0.07000   2.391E+00
            0.00015   2.709E+00      0.00320   2.684E+00      0.07500   2.373E+00
            0.00016   2.709E+00      0.00360   2.681E+00      0.08000   2.354E+00
            0.00018   2.709E+00      0.00400   2.678E+00      0.08500   2.336E+00
            0.00020   2.709E+00      0.00450   2.674E+00      0.09000   2.317E+00
            0.00022   2.709E+00      0.00500   2.669E+00      0.10000   2.280E+00
            0.00024   2.709E+00      0.00550   2.665E+00      0.11000   2.242E+00
            0.00026   2.709E+00      0.00600   2.661E+00      0.12000   2.205E+00
            0.00028   2.708E+00      0.00650   2.657E+00      0.13000   2.168E+00
            0.00030   2.708E+00      0.00700   2.653E+00      0.14000   2.131E+00
            0.00032   2.708E+00      0.00750   2.649E+00      0.15000   2.094E+00
            0.00036   2.708E+00      0.00800   2.645E+00      0.16000   2.057E+00
            0.00040   2.707E+00      0.00850   2.640E+00      0.18000   1.984E+00
            0.00045   2.707E+00      0.00900   2.636E+00      0.20000   1.912E+00
            0.00050   2.707E+00      0.01000   2.628E+00      0.22000   1.842E+00
            0.00055   2.706E+00      0.01100   2.620E+00      0.24000   1.773E+00
            0.00060   2.706E+00      0.01200   2.611E+00      0.26000   1.705E+00
            0.00065   2.705E+00      0.01300   2.603E+00      0.28000   1.637E+00
            0.00070   2.705E+00      0.01400   2.595E+00      0.30000   1.570E+00
            0.00075   2.705E+00      0.01500   2.587E+00      0.32000   1.504E+00
            0.00080   2.704E+00      0.01600   2.578E+00      0.36000   1.370E+00
            0.00085   2.704E+00      0.01800   2.576E+00      0.40000   1.234E+00
            0.00090   2.703E+00      0.02000   2.569E+00      0.45000   1.056E+00
            0.00100   2.702E+00      0.02200   2.562E+00      0.50000   8.662E-01
            0.00110   2.702E+00      0.02400   2.555E+00      0.55000   6.647E-01
            0.00120   2.701E+00      0.02600   2.549E+00      0.60000   4.578E-01
            0.00130   2.700E+00      0.02800   2.542E+00      0.65000   2.598E-01
            0.00140   2.699E+00      0.03000   2.535E+00      0.70000   9.598E-02
            0.00150   2.698E+00      0.03200   2.528E+00      0.75000   5.222E-03
            0.00160   2.698E+00      0.03600   2.514E+00      0.76370   0.000E+00
            0.00180   2.696E+00      0.04000   2.500E+00

            AVERAGE BETA ENERGY =   2.440E-01

            TOTAL BETAS PER DECAY FOR ALL BRANCHES =   9.710E-01
%%%% 204 TL  81    B- EC        1.19288E+08 3.78 Y     02-11-2005       BETAEND 
%%%% 204 TL  81    B- EC        1.19288E+08 3.78 Y     02-11-2005       SEEISTAR
204.  THALLIUM     81.  3.780E+00 YEARS     78 B- EC                204.TL 81.   0
 5 1  9.71000E+01  2.44019E-01  7.63700E-01  1.00000E+00            204.TL 81.   1   1
 2 1  4.74271E-01  6.90989E-02  6.90989E-02  0.00000E+00            204.TL 81.   2   1
 2 2  8.03807E-01  7.10661E-02  7.10661E-02  0.00000E+00            204.TL 81.   3   2
 2 3  8.87940E-02  8.00792E-02  8.00792E-02  0.00000E+00            204.TL 81.   4   3
 2 4  1.71847E-01  8.05161E-02  8.05161E-02  0.00000E+00            204.TL 81.   5   4
 2 5  2.29101E-03  8.09579E-02  8.09579E-02  0.00000E+00            204.TL 81.   6   5
 2 6  2.80240E-03  8.10520E-02  8.10520E-02  0.00000E+00            204.TL 81.   7   6
 2 7  2.09318E-02  8.26796E-02  8.26796E-02  0.00000E+00            204.TL 81.   8   7
 2 8  4.09938E-02  8.27860E-02  8.27860E-02  0.00000E+00            204.TL 81.   9   8
 2 9  5.95334E-04  8.29749E-02  8.29749E-02  0.00000E+00            204.TL 81.  10   9
 210  7.26686E-04  8.29946E-02  8.29946E-02  0.00000E+00            204.TL 81.  11  10
 211  4.83647E-03  8.32657E-02  8.32657E-02  0.00000E+00            204.TL 81.  12  11
 212  9.49773E-03  8.32847E-02  8.32847E-02  0.00000E+00            204.TL 81.  13  12
 213  6.35086E-05  8.33369E-02  8.33369E-02  0.00000E+00            204.TL 81.  14  13
 214  7.50067E-05  8.33391E-02  8.33391E-02  0.00000E+00            204.TL 81.  15  14
 221  8.17758E-06  5.72001E-04  5.72001E-04  0.00000E+00            204.TL 81.  16  21
 222  1.73653E-03  2.53900E-03  2.53900E-03  0.00000E+00            204.TL 81.  17  22
 223  2.12285E-02  1.15521E-02  1.15521E-02  0.00000E+00            204.TL 81.  18  23
 224  2.40646E-02  1.19891E-02  1.19891E-02  0.00000E+00            204.TL 81.  19  24
 225  7.26970E-04  1.24313E-02  1.24313E-02  0.00000E+00            204.TL 81.  20  25
 226  1.08845E-03  1.25252E-02  1.25252E-02  0.00000E+00            204.TL 81.  21  26
 227  5.40164E-03  1.41528E-02  1.41528E-02  0.00000E+00            204.TL 81.  22  27
 228  6.62200E-03  1.42589E-02  1.42589E-02  0.00000E+00            204.TL 81.  23  28
 229  1.09440E-04  1.44478E-02  1.44478E-02  0.00000E+00            204.TL 81.  24  29
 230  1.72567E-04  1.44676E-02  1.44676E-02  0.00000E+00            204.TL 81.  25  30
 231  9.97632E-04  1.47387E-02  1.47387E-02  0.00000E+00            204.TL 81.  26  31
 232  1.19116E-03  1.47577E-02  1.47577E-02  0.00000E+00            204.TL 81.  27  32
 233  1.08757E-05  1.48100E-02  1.48100E-02  0.00000E+00            204.TL 81.  28  33
 234  1.68217E-05  1.48121E-02  1.48121E-02  0.00000E+00            204.TL 81.  29  34
 241  4.89631E-06  1.96700E-03  1.96700E-03  0.00000E+00            204.TL 81.  30  41
 242  4.92213E-03  1.07172E-02  1.07172E-02  0.00000E+00            204.TL 81.  31  42
 243  1.91865E-04  1.14171E-02  1.14171E-02  0.00000E+00            204.TL 81.  32  43
 244  1.81651E-01  1.18592E-02  1.18592E-02  0.00000E+00            204.TL 81.  33  44
 245  1.25657E-03  1.34666E-02  1.34666E-02  0.00000E+00            204.TL 81.  34  45
 246  5.23481E-05  1.36869E-02  1.36869E-02  0.00000E+00            204.TL 81.  35  46
 247  3.62827E-02  1.38758E-02  1.38758E-02  0.00000E+00            204.TL 81.  36  47
 248  1.38451E-04  1.41405E-02  1.41405E-02  0.00000E+00            204.TL 81.  37  48
 249  2.58553E-04  1.41282E-02  1.41282E-02  0.00000E+00            204.TL 81.  38  49
 250  1.04410E-05  1.41857E-02  1.41857E-02  0.00000E+00            204.TL 81.  39  50
 251  3.76473E-03  1.42380E-02  1.42380E-02  0.00000E+00            204.TL 81.  40  51
 253  2.49954E-05  1.42444E-02  1.42444E-02  0.00000E+00            204.TL 81.  41  53
 261  2.35306E-02  8.75019E-03  8.75019E-03  0.00000E+00            204.TL 81.  42  61
 262  2.34413E-04  9.01310E-03  9.01310E-03  0.00000E+00            204.TL 81.  43  62
 263  2.12036E-04  9.45010E-03  9.45010E-03  0.00000E+00            204.TL 81.  44  63
 264  4.10499E-02  9.89221E-03  9.89221E-03  0.00000E+00            204.TL 81.  45  64
 265  3.61576E-01  9.98620E-03  9.98620E-03  0.00000E+00            204.TL 81.  46  65
 266  5.04396E-03  1.14996E-02  1.14996E-02  0.00000E+00            204.TL 81.  47  66
 267  5.26616E-05  1.16138E-02  1.16138E-02  0.00000E+00            204.TL 81.  48  67
 268  5.33495E-05  1.17199E-02  1.17199E-02  0.00000E+00            204.TL 81.  49  68
 269  7.56140E-03  1.19088E-02  1.19088E-02  0.00000E+00            204.TL 81.  50  69
 270  6.82459E-02  1.19286E-02  1.19286E-02  0.00000E+00            204.TL 81.  51  70
 271  5.33495E-05  1.21735E-02  1.21735E-02  0.00000E+00            204.TL 81.  52  71
 272  2.98424E-04  1.21779E-02  1.21779E-02  0.00000E+00            204.TL 81.  53  72
 273  1.07489E-03  1.21613E-02  1.21613E-02  0.00000E+00            204.TL 81.  54  73
 274  1.10093E-05  1.21997E-02  1.21997E-02  0.00000E+00            204.TL 81.  55  74
 275  1.11427E-05  1.22187E-02  1.22187E-02  0.00000E+00            204.TL 81.  56  75
 276  7.67783E-04  1.22710E-02  1.22710E-02  0.00000E+00            204.TL 81.  57  76
 277  6.71443E-03  1.22730E-02  1.22730E-02  0.00000E+00            204.TL 81.  58  77
 280  9.95081E-05  1.22775E-02  1.22775E-02  0.00000E+00            204.TL 81.  59  80
 291  1.26351E-01  2.22210E-03  2.22210E-03  0.00000E+00            204.TL 81.  60  91
 292  2.67306E-03  3.14143E-04  3.14143E-04  0.00000E+00            204.TL 81.  61  92
 293  1.67535E-05  6.20358E-05  6.20358E-05  0.00000E+00            204.TL 81.  62  93
 294  3.88524E+01  1.47008E-05  1.47008E-05  0.00000E+00            204.TL 81.  63  94
 7 1  4.21098E-02  5.57212E-02  5.57212E-02  0.00000E+00            204.TL 81.  64   1
 7 2  2.27974E-02  6.69357E-02  6.69357E-02  0.00000E+00            204.TL 81.  65   2
 7 3  2.97281E-03  7.81624E-02  7.81624E-02  0.00000E+00            204.TL 81.  66   3
 7 4  6.39604E-01  7.37961E-04  7.37961E-04  0.00000E+00            204.TL 81.  67   4
 7 5  9.92048E-01  7.62511E-03  7.62511E-03  0.00000E+00            204.TL 81.  68   5
 7 6  4.23938E-01  9.83456E-03  9.83456E-03  0.00000E+00            204.TL 81.  69   6
 7 7  4.37717E-02  1.20736E-02  1.20736E-02  0.00000E+00            204.TL 81.  70   7
 7 8  1.47307E+00  4.16636E-04  4.16636E-04  0.00000E+00            204.TL 81.  71   8
 7 9  3.46931E+00  1.80648E-03  1.80648E-03  0.00000E+00            204.TL 81.  72   9
 710  3.83275E-01  2.03911E-03  2.03911E-03  0.00000E+00            204.TL 81.  73  10
 711  1.89410E-02  2.39417E-03  2.39417E-03  0.00000E+00            204.TL 81.  74  11
 712  6.75601E+00  1.74615E-04  1.74615E-04  0.00000E+00            204.TL 81.  75  12
 713  1.28550E+01  7.01089E-05  7.01089E-05  0.00000E+00            204.TL 81.  76  13
 714  8.82119E+00  4.20422E-05  4.20422E-05  0.00000E+00            204.TL 81.  77  14
 715  5.94843E-03  9.29386E-05  9.29386E-05  0.00000E+00            204.TL 81.  78  15
%%%% 204 TL  81    B- EC        1.19288E+08 3.78 Y     02-11-2005       SEEIEND 
 


   ***************************************************** 
   *                 Radiation Summary                 * 
   ***************************************************** 
 
  Energy released by
    Gamma-ray                       (MeV) =   0.00000E+00
    X-ray                           (MeV) =   1.26835E-03
    Free-bound X-ray                (MeV) =   5.71162E-06
    Annihilation photon             (MeV) =   0.00000E+00
    Beta+ particle                  (MeV) =   0.00000E+00
    Neutrino                        (MeV) =   8.48172E-03
    Beta- particle                  (MeV) =   2.36942E-01
    Neutrino-                       (MeV) =   5.04610E-01
    Internal conv. electron         (MeV) =   0.00000E+00
    Auger and CK electron           (MeV) =   2.69992E-04
    Alpha particle                  (MeV) =   0.00000E+00
    Recoil nucleus                  (MeV) =   0.00000E+00
  E-total (except unplaced radiat.) (MeV) =   7.51579E-01
  E-unplaced radiation              (MeV) =   0.00000E+00
  Q-value from ENSDF data           (MeV) =   7.51624E-01
  Ratio of E-total/Q-value          ( % ) =   9.99939E+01
  Ratio of E-unplaced radi./Q-value ( % ) =   0.00000E+00

 
  Total yield of
    Gamma-ray                             =   0.00000E+00
    X-ray                                 =   2.55910E-02
    Free-bound X-ray                      =   3.88524E-01
    Annihilation photon                   =   0.00000E+00
    Beta+ particle                        =   0.00000E+00
    Beta- particle                        =   9.71000E-01
    Internal conv. electron               =   0.00000E+00
    Auger and CK electron                 =   3.59500E-01
    Alpha particle                        =   0.00000E+00
  Yield of unplaced radiation             =   0.00000E+00


