%%%% 227 U   92    A            6.60000E+01  1.1 M     18-07-2007       BALASTAR
1 227   U   92  1.1 M          A          
1INTENSITY AND ENERGY BALANCE DATA

              227-URANIUM-92
+                                    HALFLIFE = 1.1 MINUTES 
+                                                                  18-07-2007


    LEVEL       INTENSITY   INTENSITY
    ENERGY      ENTERING    LEAVING     PERCENT
    (MEV)       LEVEL       LEVEL       ERROR

   0.0000E+00  1.0206E+02
   5.1300E-02  3.8471E+01  3.8000E+01  1.2309E+00                      
   2.0900E-01  1.4000E+01  1.7765E+01  2.3707E+01  ********************
   2.4700E-01  5.0000E+01  5.1096E+01  2.1688E+00                      
   3.1000E-01  1.6000E+01  1.3673E+01  1.5684E+01  ********************


 INTENSITY TO GROUND AND ISOMERIC STATE(S) OF DAUGHTER(S)=  1.021E+02
 TOTAL INTENSITY FROM PARENT=  1.000E+02
 PERCENT ERROR =  2.022E+00                      


 TOTAL INTENSITY FROM PARENT =  1.000E+02
 VALUE IS WITHIN   0.00E+00% OF 100                      


 TOTAL ENERGY AVAILABLE =  7.211E+00 MEV
 TOTAL ENERGY CONTENT OF ALL RADIATIONS =  7.214E+00 MEV
 PERCENT ERROR =  4.405E-02                      
%%%% 227 U   92    A            6.60000E+01  1.1 M     18-07-2007       BALAEND 
%%%% 227 U   92    A            6.60000E+01  1.1 M     18-07-2007       INPUSTAR
1                                      **INPUT DATA**
              227-URANIUM-92
+                                    HALFLIFE = 1.1 MINUTES 
+                                                                  18-07-2007

            MODE OF DECAY: ALPHA
 
                                MEAN
                                NUMBER/    TRANSITION
                TYPE OF    ID   TRANSFOR-  ENERGY
              TRANSITION   NO.  MATION     (MEV)       OTHER NUCLEAR PARAMETERS

                    ALPHA   1   1.60E-01   6.901E+00                                            
                    ALPHA   2   5.00E-01   6.964E+00                                            
                    ALPHA   3   1.40E-01   7.002E+00                                            
                    ALPHA   4   2.00E-01   7.160E+00                                            
           I.C.E. + GAMMA   1   3.80E-01   5.130E-02   M1+E2 MULTIPOLE                          
                                                       MRS=0.0458    AK= 0.0                    
                                                       AL1=18.7      AL2=6.61                   
                                                       AL3=4.21      AM= 7.41                   
                                                       AN+=2.61                                 
           I.C.E. + GAMMA   2   1.14E-01   1.580E-01   M1+E2 MULTIPOLE                          
                                                       MRS=1.69      AK= 1.76                   
                                                       AL1=0.313     AL2=0.420                  
                                                       AL3=0.227     AM= 0.254                  
                                                       AN+=0.0887                               
           I.C.E. + GAMMA   3   6.38E-02   2.090E-01   M1+E2 MULTIPOLE                          
                                                       MRS=1.69      AK= 0.829                  
                                                       AL1=0.144     AL2=0.130                  
                                                       AL3=0.0591    AM= 0.0866                 
                                                       AN+=0.0303                               
           I.C.E. + GAMMA   4   5.11E-01   2.470E-01   M1 MULTIPOLE                             
+                                                                    AK= 1.25                   
                                                       AL1=0.210     AL2=0.0223                 
                                                       AL3=0.00112   AM= 0.0561                 
                                                       AN+=0.0199                               
           I.C.E. + GAMMA   5   7.09E-02   2.590E-01   M1 MULTIPOLE                             
+                                                                    AK= 1.09                   
                                                       AL1=0.183     AL2=0.0195                 
                                                       AM= 0.0492    AN+=0.0174                 
           I.C.E. + GAMMA   6   6.59E-02   3.100E-01   M1 MULTIPOLE                             
+                                                                    AK= 0.665                  
                                                       AL1=0.111     AL2=0.0118                 
                                                       AM= 0.0298    AN+=0.0106                 
 
           - - - - - - - - - -
           Reference: Evaluated Nuclear Structure Data File (ENSDF)
                DATE DATA WERE ENTERED INTO ENSDF: Oct-2001
%%%% 227 U   92    A            6.60000E+01  1.1 M     18-07-2007       INPUEND 
%%%% 227 U   92    A            6.60000E+01  1.1 M     18-07-2007       OUTPSTAR
1                                      **OUTPUT DATA**
              227-URANIUM-92
+                                    HALFLIFE = 1.1 MINUTES 
+                                                                  18-07-2007

            MODE OF DECAY: ALPHA
 
                                              MEAN
                                              NUMBER/                  MEV/
                                         ID   TRANSFOR-   ENERGY       TRANSFOR-
                  TYPE OF RADIATION      NO.  MATION      (MEV)        MATION

           ALPHA                          1   1.60E-01    6.779E+00    1.08E+00
           RECOIL ATOM                        1.60E-01    1.217E-01    1.95E-02
           ALPHA                          2   5.00E-01    6.841E+00    3.42E+00
           RECOIL ATOM                        5.00E-01    1.228E-01    6.14E-02
           ALPHA                          3   1.40E-01    6.879E+00    9.63E-01
           RECOIL ATOM                        1.40E-01    1.235E-01    1.73E-02
           ALPHA                          4   2.00E-01    7.033E+00    1.41E+00
           RECOIL ATOM                        2.00E-01    1.262E-01    2.52E-02
           GAMMA-RAY                      1   9.38E-03    5.130E-02    4.81E-04
           L1 CONV. ELECTRON, GAMMA-RAY   1   1.75E-01    3.082E-02    5.40E-03
           L2 CONV. ELECTRON, GAMMA-RAY   1   6.20E-02    3.152E-02    1.95E-03
           L3 CONV. ELECTRON, GAMMA-RAY   1   3.94E-02    3.498E-02    1.38E-03
           M CONV. ELECTRON, GAMMA-RAY    1   6.95E-02    4.726E-02*   3.29E-03
           N+ CONV. ELECTRON, GAMMA-RAY   1   2.44E-02    5.130E-02*   1.25E-03
           GAMMA-RAY                      2   2.80E-02    1.580E-01    4.42E-03
           K CONV. ELECTRON, GAMMA-RAY    2   4.94E-02    4.789E-02    2.36E-03
           L1 CONV. ELECTRON, GAMMA-RAY   2   8.78E-03    1.375E-01    1.21E-03
           L2 CONV. ELECTRON, GAMMA-RAY   2   1.18E-02    1.382E-01    1.62E-03
           L3 CONV. ELECTRON, GAMMA-RAY   2   6.37E-03    1.417E-01    9.02E-04
           M CONV. ELECTRON, GAMMA-RAY    2   7.10E-03    1.540E-01*   1.09E-03
           N+ CONV. ELECTRON, GAMMA-RAY   2   2.48E-03    1.580E-01*   3.92E-04
           GAMMA-RAY                      3   2.80E-02    2.090E-01    5.85E-03
           K CONV. ELECTRON, GAMMA-RAY    3   2.32E-02    9.889E-02    2.30E-03
           L1 CONV. ELECTRON, GAMMA-RAY   3   4.04E-03    1.885E-01    7.61E-04
           L2 CONV. ELECTRON, GAMMA-RAY   3   3.63E-03    1.892E-01    6.87E-04
           L3 CONV. ELECTRON, GAMMA-RAY   3   1.66E-03    1.927E-01    3.19E-04
           M CONV. ELECTRON, GAMMA-RAY    3   2.42E-03    2.050E-01*   4.97E-04
           N+ CONV. ELECTRON, GAMMA-RAY   3   8.49E-04    2.090E-01*   1.77E-04
           GAMMA-RAY                      4   2.00E-01    2.470E-01    4.94E-02
           K CONV. ELECTRON, GAMMA-RAY    4   2.49E-01    1.369E-01    3.41E-02
           L1 CONV. ELECTRON, GAMMA-RAY   4   4.19E-02    2.265E-01    9.49E-03
           L2 CONV. ELECTRON, GAMMA-RAY   4   4.46E-03    2.272E-01    1.01E-03
           L3 CONV. ELECTRON, GAMMA-RAY   4   2.25E-04    2.307E-01    5.19E-05
           M CONV. ELECTRON, GAMMA-RAY    4   1.12E-02    2.430E-01*   2.73E-03
           N+ CONV. ELECTRON, GAMMA-RAY   4   3.98E-03    2.470E-01*   9.84E-04
           GAMMA-RAY                      5   3.00E-02    2.590E-01    7.77E-03
           K CONV. ELECTRON, GAMMA-RAY    5   3.27E-02    1.489E-01    4.88E-03
           L1 CONV. ELECTRON, GAMMA-RAY   5   5.50E-03    2.385E-01    1.31E-03
           L2 CONV. ELECTRON, GAMMA-RAY   5   5.86E-04    2.392E-01    1.40E-04
           M CONV. ELECTRON, GAMMA-RAY    5   1.47E-03    2.550E-01*   3.76E-04
           N+ CONV. ELECTRON, GAMMA-RAY   5   5.23E-04    2.590E-01*   1.36E-04
           GAMMA-RAY                      6   3.60E-02    3.100E-01    1.12E-02
           K CONV. ELECTRON, GAMMA-RAY    6   2.40E-02    1.999E-01    4.79E-03
           L1 CONV. ELECTRON, GAMMA-RAY   6   4.01E-03    2.895E-01    1.16E-03
           L2 CONV. ELECTRON, GAMMA-RAY   6   4.25E-04    2.902E-01    1.23E-04
           M CONV. ELECTRON, GAMMA-RAY    6   1.07E-03    3.060E-01*   3.29E-04
           N+ CONV. ELECTRON, GAMMA-RAY   6   3.81E-04    3.100E-01*   1.18E-04
           K -L2 X-RAY                        1.09E-01    9.033E-02    9.83E-03
           K -L3 X-RAY                        1.76E-01    9.379E-02    1.65E-02
           K -M2 X-RAY                        2.02E-02    1.053E-01    2.12E-03
           K -M3 X-RAY                        3.93E-02    1.061E-01    4.17E-03
           K -M4 X-RAY                        6.73E-04    1.066E-01    7.18E-05
           K -M5 X-RAY                        7.78E-04    1.068E-01    8.30E-05
           K -N2 X-RAY                        5.00E-03    1.089E-01    5.45E-04
           K -N3 X-RAY                        1.01E-02    1.092E-01    1.10E-03
           K -N4 X-RAY                        1.95E-04    1.094E-01    2.13E-05
           K -N5 X-RAY                        2.25E-04    1.094E-01    2.47E-05
           K -O2 X-RAY                        1.21E-03    1.099E-01    1.33E-04
           K -O3 X-RAY                        2.37E-03    1.099E-01    2.60E-04
           K -P2 X-RAY                        2.11E-04    1.101E-01    2.33E-05
           K -P3 X-RAY                        3.89E-04    1.101E-01    4.29E-05
           L1-M2 X-RAY                        1.19E-02    1.565E-02    1.86E-04
           L1-M3 X-RAY                        1.09E-02    1.644E-02    1.79E-04
           L1-M5 X-RAY                        7.81E-04    1.714E-02    1.34E-05
           L1-N2 X-RAY                        3.18E-03    1.932E-02    6.15E-05
           L1-N3 X-RAY                        3.30E-03    1.952E-02    6.44E-05
           L1-O2 X-RAY                        7.50E-04    2.024E-02    1.52E-05
           L1-03 X-RAY                        7.88E-04    2.029E-02    1.60E-05
           L2-M1 X-RAY                        2.21E-03    1.462E-02    3.23E-05
           L2-M4 X-RAY                        7.92E-02    1.628E-02    1.29E-03
           L2-N4 X-RAY                        1.76E-02    1.907E-02    3.36E-04
           L2-O4 X-RAY                        3.28E-03    1.968E-02    6.46E-05
           L3-M1 X-RAY                        8.63E-03    1.116E-02    9.62E-05
           L3-M4 X-RAY                        1.44E-02    1.281E-02    1.84E-04
           L3-M5 X-RAY                        1.26E-01    1.298E-02    1.64E-03
           L3-N1 X-RAY                        2.14E-03    1.500E-02    3.22E-05
           L3-N4 X-RAY                        2.86E-03    1.560E-02    4.46E-05
           L3-N5 X-RAY                        2.61E-02    1.564E-02    4.08E-04
           L3-O5 X-RAY                        4.77E-03    1.622E-02    7.73E-05
           M X-RAY                            5.69E-02    3.062E-03*   1.74E-04
           Free-Bound X-RAY                   1.03E+01    8.224E-05*   8.47E-04
           AUGER KLL                          7.81E-03    7.187E-02*   5.62E-04
           AUGER KLX                          4.45E-03    8.720E-02*   3.88E-04
           AUGER KXY                          6.18E-04    1.026E-01*   6.33E-05
           CK LLX                             2.07E-01    1.404E-03*   2.91E-04
           AUGER LMM                          2.26E-01    9.786E-03*   2.21E-03
           AUGER LMX                          1.13E-01    1.292E-02*   1.45E-03
           AUGER LXY                          1.32E-02    1.609E-02*   2.13E-04
           CK MMX                             4.15E-01    5.049E-04*   2.09E-04
           AUGER MNN                          8.94E-01    2.315E-03*   2.07E-03
           AUGER MNX                          1.53E-01    2.728E-03*   4.18E-04
           AUGER MXY                          8.90E-03    3.307E-03*   2.94E-05
           CK NNX                             1.55E+00    1.883E-04*   2.92E-04
           AUGER NXY                          2.74E+00    1.328E-04*   3.64E-04
           CK OOX                             2.48E+00    5.132E-05*   1.28E-04
 
           ALL LISTED X-RAYS, GAMMA-RAYS AND ANNIHILATION RADIATION    1.20E-01
           ALL NEGLECTED X-RAYS, GAMMA-RAYS AND ANNIH. RADIATION**     8.13E-05
           ALL LISTED BETAS, INTERNAL CONVERSION AND AUGER ELECTRONS   9.60E-02
           ALL NEGLECTED BETAS, INT. CONVERSION AND AUGER ELECTRONS**  1.56E-05
           ALL LISTED ALPHA PARTICLES AND  RECOIL NUCLEI               7.00E+00
           ALL LISTED RADIATIONS                                       7.21E+00
           ALL NEGLECTED RADIATIONS**                                  9.69E-05
 
           *  AVERAGE ENERGY (MEV)
           ** EACH NEGLECTED TRANSITION CONTRIBUTES LESS THAN  0.010%
              TO THE TOTAL MEV/TRANSFORMATION FOR THIS CATEGORY.
           TOTAL FEEDING OF GROUND STATE LEVEL IN 223-THORIUM
             DAUGHTER IS 1.0000E+00 PER TRANSFORMATION OF 227-URANIUM.
             DECAY OF THIS 0.6 SECONDS HALFLIFE LEVEL WILL CONTRIBUTE TO DOSE.
           - - - - - - - - - -
           INPUT DATA SOURCE: EVALUATED NUCLEAR STRUCTURE DATA FILE (ENSDF)
             DATE INPUT DATA WERE ENTERED INTO ENSDF: Oct-2001
%%%% 227 U   92    A            6.60000E+01  1.1 M     18-07-2007       OUTPEND 
%%%% 227 U   92    A            6.60000E+01  1.1 M     18-07-2007       SEEISTAR
227.  URANIUM      92.  1.100E+00 MINUTES  131 A                    227.U  92.   0
 8 1  1.60000E+01  6.77932E+00  1.21681E-01  0.00000E+00            227.U  92.   1   1
 8 2  5.00000E+01  6.84121E+00  1.22792E-01  0.00000E+00            227.U  92.   2   2
 8 3  1.40000E+01  6.87854E+00  1.23462E-01  0.00000E+00            227.U  92.   3   3
 8 4  2.00000E+01  7.03346E+00  1.26243E-01  0.00000E+00            227.U  92.   4   4
 1 1  9.37557E-01  5.13000E-02  5.13000E-02  0.00000E+00            227.U  92.   5   1
 6 5  1.75282E+01  3.08220E-02  3.08220E-02  1.00000E+00            227.U  92.   6   5
 6 6  6.19623E+00  3.15200E-02  3.15200E-02  1.00000E+00            227.U  92.   7   6
 6 7  3.94248E+00  3.49850E-02  3.49850E-02  1.00000E+00            227.U  92.   8   7
 6 3  6.95124E+00  4.72638E-02  4.72638E-02  1.00000E+00            227.U  92.   9   3
 6 4  2.44426E+00  5.13000E-02  5.13000E-02  1.00000E+00            227.U  92.  10   4
 1 2  2.80000E+00  1.58000E-01  1.58000E-01  0.00000E+00            227.U  92.  11   2
 6 1  4.93547E+00  4.78900E-02  4.78900E-02  2.00000E+00            227.U  92.  12   1
 6 5  8.77793E-01  1.37522E-01  1.37522E-01  2.00000E+00            227.U  92.  13   5
 6 6  1.17535E+00  1.38220E-01  1.38220E-01  2.00000E+00            227.U  92.  14   6
 6 7  6.36732E-01  1.41685E-01  1.41685E-01  2.00000E+00            227.U  92.  15   7
 6 3  7.10160E-01  1.53964E-01  1.53964E-01  2.00000E+00            227.U  92.  16   3
 6 4  2.48387E-01  1.58000E-01  1.58000E-01  2.00000E+00            227.U  92.  17   4
 1 3  2.80000E+00  2.09000E-01  2.09000E-01  0.00000E+00            227.U  92.  18   3
 6 1  2.32187E+00  9.88900E-02  9.88900E-02  3.00000E+00            227.U  92.  19   1
 6 5  4.03516E-01  1.88522E-01  1.88522E-01  3.00000E+00            227.U  92.  20   5
 6 6  3.63089E-01  1.89220E-01  1.89220E-01  3.00000E+00            227.U  92.  21   6
 6 7  1.65590E-01  1.92685E-01  1.92685E-01  3.00000E+00            227.U  92.  22   7
 6 3  2.42373E-01  2.04964E-01  2.04964E-01  3.00000E+00            227.U  92.  23   3
 6 4  8.49188E-02  2.09000E-01  2.09000E-01  3.00000E+00            227.U  92.  24   4
 1 4  2.00000E+01  2.47000E-01  2.47000E-01  0.00000E+00            227.U  92.  25   4
 6 1  2.49161E+01  1.36890E-01  1.36890E-01  4.00000E+00            227.U  92.  26   1
 6 5  4.19063E+00  2.26522E-01  2.26522E-01  4.00000E+00            227.U  92.  27   5
 6 6  4.46294E-01  2.27220E-01  2.27220E-01  4.00000E+00            227.U  92.  28   6
 6 7  2.24937E-02  2.30685E-01  2.30685E-01  4.00000E+00            227.U  92.  29   7
 6 3  1.12259E+00  2.42964E-01  2.42964E-01  4.00000E+00            227.U  92.  30   3
 6 4  3.98196E-01  2.47000E-01  2.47000E-01  4.00000E+00            227.U  92.  31   4
 1 5  3.00000E+00  2.59000E-01  2.59000E-01  0.00000E+00            227.U  92.  32   5
 6 1  3.27492E+00  1.48890E-01  1.48890E-01  5.00000E+00            227.U  92.  33   1
 6 5  5.50491E-01  2.38522E-01  2.38522E-01  5.00000E+00            227.U  92.  34   5
 6 6  5.85978E-02  2.39220E-01  2.39220E-01  5.00000E+00            227.U  92.  35   6
 6 7  2.93663E-03  2.42685E-01  2.42685E-01  5.00000E+00            227.U  92.  36   7
 6 3  1.47477E-01  2.54964E-01  2.54964E-01  5.00000E+00            227.U  92.  37   3
 6 4  5.23297E-02  2.59000E-01  2.59000E-01  5.00000E+00            227.U  92.  38   4
 1 6  3.60000E+00  3.10000E-01  3.10000E-01  0.00000E+00            227.U  92.  39   6
 6 1  2.39535E+00  1.99890E-01  1.99890E-01  6.00000E+00            227.U  92.  40   1
 6 5  4.00845E-01  2.89522E-01  2.89522E-01  6.00000E+00            227.U  92.  41   5
 6 6  4.24934E-02  2.90220E-01  2.90220E-01  6.00000E+00            227.U  92.  42   6
 6 7  2.08789E-03  2.93685E-01  2.93685E-01  6.00000E+00            227.U  92.  43   7
 6 3  1.07384E-01  3.05964E-01  3.05964E-01  6.00000E+00            227.U  92.  44   3
 6 4  3.81458E-02  3.10000E-01  3.10000E-01  6.00000E+00            227.U  92.  45   4
 2 1  1.08865E+01  9.03299E-02  9.03299E-02  0.00000E+00            227.U  92.  46   1
 2 2  1.75981E+01  9.37949E-02  9.37949E-02  0.00000E+00            227.U  92.  47   2
 2 3  2.01722E+00  1.05278E-01  1.05278E-01  0.00000E+00            227.U  92.  48   3
 2 4  3.93423E+00  1.06073E-01  1.06073E-01  0.00000E+00            227.U  92.  49   4
 2 5  6.73201E-02  1.06607E-01  1.06607E-01  0.00000E+00            227.U  92.  50   5
 2 6  7.77650E-02  1.06771E-01  1.06771E-01  0.00000E+00            227.U  92.  51   6
 2 7  5.00407E-01  1.08947E-01  1.08947E-01  0.00000E+00            227.U  92.  52   7
 2 8  1.00547E+00  1.09154E-01  1.09154E-01  0.00000E+00            227.U  92.  53   8
 2 9  1.94604E-02  1.09395E-01  1.09395E-01  0.00000E+00            227.U  92.  54   9
 210  2.25283E-02  1.09433E-01  1.09433E-01  0.00000E+00            227.U  92.  55  10
 211  1.20960E-01  1.09872E-01  1.09872E-01  0.00000E+00            227.U  92.  56  11
 212  2.36901E-01  1.09920E-01  1.09920E-01  0.00000E+00            227.U  92.  57  12
 213  3.82827E-03  1.10006E-01  1.10006E-01  0.00000E+00            227.U  92.  58  13
 214  4.40160E-03  1.10013E-01  1.10013E-01  0.00000E+00            227.U  92.  59  14
 215  2.11452E-02  1.10076E-01  1.10076E-01  0.00000E+00            227.U  92.  60  15
 216  3.89411E-02  1.10085E-01  1.10085E-01  0.00000E+00            227.U  92.  61  16
 221  3.06673E-04  6.98000E-04  6.98000E-04  0.00000E+00            227.U  92.  62  21
 222  1.67095E-01  4.16300E-03  4.16300E-03  0.00000E+00            227.U  92.  63  22
 223  1.18703E+00  1.56464E-02  1.56464E-02  0.00000E+00            227.U  92.  64  23
 224  1.08776E+00  1.64418E-02  1.64418E-02  0.00000E+00            227.U  92.  65  24
 225  5.23503E-02  1.69756E-02  1.69756E-02  0.00000E+00            227.U  92.  66  25
 226  7.81111E-02  1.71394E-02  1.71394E-02  0.00000E+00            227.U  92.  67  26
 227  3.18238E-01  1.93157E-02  1.93157E-02  0.00000E+00            227.U  92.  68  27
 228  3.30051E-01  1.95218E-02  1.95218E-02  0.00000E+00            227.U  92.  69  28
 229  8.73830E-03  1.97632E-02  1.97632E-02  0.00000E+00            227.U  92.  70  29
 230  1.39795E-02  1.98014E-02  1.98014E-02  0.00000E+00            227.U  92.  71  30
 231  7.50163E-02  2.02406E-02  2.02406E-02  0.00000E+00            227.U  92.  72  31
 232  7.88110E-02  2.02886E-02  2.02886E-02  0.00000E+00            227.U  92.  73  32
 233  1.51998E-03  2.03738E-02  2.03738E-02  0.00000E+00            227.U  92.  74  33
 234  2.45876E-03  2.03809E-02  2.03809E-02  0.00000E+00            227.U  92.  75  34
 235  1.36899E-02  2.04444E-02  2.04444E-02  0.00000E+00            227.U  92.  76  35
 236  1.36487E-02  2.04530E-02  2.04530E-02  0.00000E+00            227.U  92.  77  36
 241  6.45296E-04  3.46499E-03  3.46499E-03  0.00000E+00            227.U  92.  78  41
 242  2.21189E-01  1.46221E-02  1.46221E-02  0.00000E+00            227.U  92.  79  42
 243  1.09230E-02  1.57438E-02  1.57438E-02  0.00000E+00            227.U  92.  80  43
 244  7.92447E+00  1.62776E-02  1.62776E-02  0.00000E+00            227.U  92.  81  44
 245  5.94868E-02  1.84694E-02  1.84694E-02  0.00000E+00            227.U  92.  82  45
 246  3.24683E-03  1.88238E-02  1.88238E-02  0.00000E+00            227.U  92.  83  46
 247  1.76131E+00  1.90652E-02  1.90652E-02  0.00000E+00            227.U  92.  84  47
 248  1.02627E-02  1.94214E-02  1.94214E-02  0.00000E+00            227.U  92.  85  48
 249  1.49172E-02  1.94852E-02  1.94852E-02  0.00000E+00            227.U  92.  86  49
 250  7.72401E-04  1.95906E-02  1.95906E-02  0.00000E+00            227.U  92.  87  50
 251  3.28418E-01  1.96758E-02  1.96758E-02  0.00000E+00            227.U  92.  88  51
 253  3.12783E-03  1.97294E-02  1.97294E-02  0.00000E+00            227.U  92.  89  53
 254  1.22037E-04  1.97549E-02  1.97549E-02  0.00000E+00            227.U  92.  90  54
 255  2.61004E-04  1.97740E-02  1.97740E-02  0.00000E+00            227.U  92.  91  55
 261  8.62629E-01  1.11571E-02  1.11571E-02  0.00000E+00            227.U  92.  92  61
 262  1.06240E-02  1.14834E-02  1.14834E-02  0.00000E+00            227.U  92.  93  62
 263  9.64240E-03  1.22788E-02  1.22788E-02  0.00000E+00            227.U  92.  94  63
 264  1.43729E+00  1.28126E-02  1.28126E-02  0.00000E+00            227.U  92.  95  64
 265  1.26337E+01  1.29764E-02  1.29764E-02  0.00000E+00            227.U  92.  96  65
 266  2.14360E-01  1.50044E-02  1.50044E-02  0.00000E+00            227.U  92.  97  66
 267  2.37878E-03  1.51527E-02  1.51527E-02  0.00000E+00            227.U  92.  98  67
 268  2.59296E-03  1.53588E-02  1.53588E-02  0.00000E+00            227.U  92.  99  68
 269  2.85779E-01  1.56002E-02  1.56002E-02  0.00000E+00            227.U  92. 100  69
 270  2.60978E+00  1.56384E-02  1.56384E-02  0.00000E+00            227.U  92. 101  70
 271  3.35968E-03  1.59565E-02  1.59565E-02  0.00000E+00            227.U  92. 102  71
 272  1.85849E-02  1.59663E-02  1.59663E-02  0.00000E+00            227.U  92. 103  72
 273  5.31588E-02  1.60202E-02  1.60202E-02  0.00000E+00            227.U  92. 104  73
 274  5.38447E-04  1.60776E-02  1.60776E-02  0.00000E+00            227.U  92. 105  74
 275  6.03505E-04  1.61256E-02  1.61256E-02  0.00000E+00            227.U  92. 106  75
 276  5.21362E-02  1.62107E-02  1.62107E-02  0.00000E+00            227.U  92. 107  76
 277  4.76840E-01  1.62179E-02  1.62179E-02  0.00000E+00            227.U  92. 108  77
 280  1.08171E-02  1.62644E-02  1.62644E-02  0.00000E+00            227.U  92. 109  80
 281  9.58405E-05  1.62814E-02  1.62814E-02  0.00000E+00            227.U  92. 110  81
 282  1.01209E-04  1.62900E-02  1.62900E-02  0.00000E+00            227.U  92. 111  82
 283  1.18238E-03  1.63091E-02  1.63091E-02  0.00000E+00            227.U  92. 112  83
 291  5.68767E+00  3.06231E-03  3.06231E-03  0.00000E+00            227.U  92. 113  91
 292  1.32644E-01  4.64905E-04  4.64905E-04  0.00000E+00            227.U  92. 114  92
 293  4.49868E-03  1.26305E-04  1.26305E-04  0.00000E+00            227.U  92. 115  93
 294  1.02988E+03  8.22445E-05  8.22445E-05  0.00000E+00            227.U  92. 116  94
 7 1  7.81305E-01  7.18676E-02  7.18676E-02  0.00000E+00            227.U  92. 117   1
 7 2  4.45496E-01  8.72018E-02  8.72018E-02  0.00000E+00            227.U  92. 118   2
 7 3  6.17711E-02  1.02556E-01  1.02556E-01  0.00000E+00            227.U  92. 119   3
 7 4  2.07481E+01  1.40410E-03  1.40410E-03  0.00000E+00            227.U  92. 120   4
 7 5  2.26279E+01  9.78561E-03  9.78561E-03  0.00000E+00            227.U  92. 121   5
 7 6  1.12614E+01  1.29170E-02  1.29170E-02  0.00000E+00            227.U  92. 122   6
 7 7  1.32314E+00  1.60862E-02  1.60862E-02  0.00000E+00            227.U  92. 123   7
 7 8  4.14735E+01  5.04905E-04  5.04905E-04  0.00000E+00            227.U  92. 124   8
 7 9  8.93753E+01  2.31453E-03  2.31453E-03  0.00000E+00            227.U  92. 125   9
 710  1.53274E+01  2.72829E-03  2.72829E-03  0.00000E+00            227.U  92. 126  10
 711  8.89643E-01  3.30693E-03  3.30693E-03  0.00000E+00            227.U  92. 127  11
 712  1.54924E+02  1.88254E-04  1.88254E-04  0.00000E+00            227.U  92. 128  12
 713  2.74265E+02  1.32836E-04  1.32836E-04  0.00000E+00            227.U  92. 129  13
 714  2.48448E+02  5.13188E-05  5.13188E-05  0.00000E+00            227.U  92. 130  14
 715  1.57872E+00  1.50455E-04  1.50455E-04  0.00000E+00            227.U  92. 131  15
%%%% 227 U   92    A            6.60000E+01  1.1 M     18-07-2007       SEEIEND 
 


   ***************************************************** 
   *                 Radiation Summary                 * 
   ***************************************************** 
 
  Energy released by
    Gamma-ray                       (MeV) =   7.90870E-02
    X-ray                           (MeV) =   3.99348E-02
    Free-bound X-ray                (MeV) =   8.47023E-04
    Annihilation photon             (MeV) =   0.00000E+00
    Beta+ particle                  (MeV) =   0.00000E+00
    Neutrino                        (MeV) =   0.00000E+00
    Beta- particle                  (MeV) =   0.00000E+00
    Neutrino-                       (MeV) =   0.00000E+00
    Internal conv. electron         (MeV) =   8.73448E-02
    Auger and CK electron           (MeV) =   8.69788E-03
    Alpha particle                  (MeV) =   6.87498E+00
    Recoil nucleus                  (MeV) =   1.23398E-01
  E-total (except unplaced radiat.) (MeV) =   7.21429E+00
  E-unplaced radiation              (MeV) =   0.00000E+00
  Q-value from ENSDF data           (MeV) =   7.21100E+00
  Ratio of E-total/Q-value          ( % ) =   1.00046E+02
  Ratio of E-unplaced radi./Q-value ( % ) =   0.00000E+00

 
  Total yield of
    Gamma-ray                             =   3.31376E-01
    X-ray                                 =   7.48341E-01
    Free-bound X-ray                      =   1.02988E+01
    Annihilation photon                   =   0.00000E+00
    Beta+ particle                        =   0.00000E+00
    Beta- particle                        =   0.00000E+00
    Internal conv. electron               =   8.73970E-01
    Auger and CK electron                 =   8.83531E+00
    Alpha particle                        =   1.00000E+00
  Yield of unplaced radiation             =   0.00000E+00


