%%%% 240 U   92    B-           5.07600E+04 14.1 H     02-11-2005       BALASTAR
1 240   U   92 14.1 H          B-         
1INTENSITY AND ENERGY BALANCE DATA

              240-URANIUM-92
+                                    HALFLIFE = 14.1 HOURS   
+                                                                  02-11-2005


    LEVEL       INTENSITY   INTENSITY
    ENERGY      ENTERING    LEAVING     PERCENT
    (MEV)       LEVEL       LEVEL       ERROR

   0.0000E+00  0.0000E+00
   2.0000E-02  1.0166E+02  0.0000E+00  2.0000E+02  ********************
   6.4100E-02  7.1138E+01  6.8149E+01  4.2929E+00                      
   8.1300E-02  1.7383E+00  0.0000E+00  2.0000E+02  ********************
   1.0260E-01  6.1703E-03  1.4852E-01  1.8404E+02  ********************
   1.3060E-01  7.9332E-01  3.2507E+00  1.2153E+02  ********************
   1.3160E-01  4.9216E-02  2.1049E-01  1.2420E+02  ********************
   2.0960E-01  0.0000E+00  3.3421E+00  2.0000E+02  ********************
   3.0000E-01  5.5226E-01  8.3223E-01  4.0444E+01  ********************
   3.1490E-01  7.7316E-03  1.0432E-02  2.9738E+01  ********************
   3.1980E-01  3.3136E-02  3.9830E-02  1.8350E+01  ********************


 INTENSITY TO GROUND AND ISOMERIC STATE(S) OF DAUGHTER(S)=  1.017E+02
 TOTAL INTENSITY FROM PARENT=  1.000E+02
 PERCENT ERROR =  1.637E+00                      


 TOTAL INTENSITY FROM PARENT =  1.000E+02
 VALUE IS WITHIN   0.00E+00% OF 100                      


 TOTAL ENERGY AVAILABLE =  4.000E-01 MEV
 TOTAL ENERGY CONTENT OF ALL RADIATIONS =  3.878E-01 MEV
 PERCENT ERROR =  3.152E+00                      
%%%% 240 U   92    B-           5.07600E+04 14.1 H     02-11-2005       BALAEND 
%%%% 240 U   92    B-           5.07600E+04 14.1 H     02-11-2005       INPUSTAR
1                                      **INPUT DATA**
              240-URANIUM-92
+                                    HALFLIFE = 14.1 HOURS   
+                                                                  02-11-2005

            MODE OF DECAY: BETA MINUS
 
                                MEAN
                                NUMBER/    TRANSITION
                TYPE OF    ID   TRANSFOR-  ENERGY
              TRANSITION   NO.  MATION     (MEV)       OTHER NUCLEAR PARAMETERS

               BETA MINUS   1   3.31E-04   8.020E-02*  ALLOWED                                  
+                                                              ASSUMED                          
               BETA MINUS   2   7.73E-05   8.510E-02*  ALLOWED                                  
+                                                              ASSUMED                          
               BETA MINUS   3   5.52E-03   1.000E-01*  ALLOWED                                  
+                                                              ASSUMED                          
               BETA MINUS   4   6.74E-01   3.359E-01*  ALLOWED                                  
               BETA MINUS   5   3.20E-01   3.800E-01*  ALLOWED                                  
           I.C.E. + GAMMA   2   6.81E-01   4.410E-02   M1+E2 MULTIPOLE                          
                                                       MRS=0.00490   AK= 0.0                    
                                                       AL1=40.7      AL2=5.74                   
                                                       AL3=1.43      AM= 11.8                   
                                                       AN+=4.25                                 
           I.C.E. + GAMMA   3   3.16E-03   4.910E-02   M1 MULTIPOLE                             
+                                                                    AK= 0.0                    
                                                       AL1=29.8      AL2=3.19                   
                                                       AL3=0.166     AM= 8.07                   
                                                       AN+=2.92                                 
           I.C.E. + GAMMA   4   2.10E-03   5.030E-02   M1 MULTIPOLE                             
+                                                                    AK= 0.0                    
                                                       AL1=27.7      AL2=2.97                   
                                                       AL3=0.154     AM= 7.52                   
                                                       AN+=2.72                                 
           I.C.E. + GAMMA   5   2.93E-02   6.650E-02   M1 MULTIPOLE                             
+                                                                    AK= 0.0                    
                                                       AL1=12.2      AL2=1.31                   
                                                       AL3=0.0661    AM= 3.31                   
                                                       AN+=1.20                                 
           I.C.E. + GAMMA   6   4.92E-04   7.810E-02   M1 MULTIPOLE                             
+                                                                    AK= 0.0                    
                                                       AL1=7.62      AL2=0.823                  
                                                       AL3=0.0407    AM= 2.07                   
                                                       AN+=0.750                                
           I.C.E. + GAMMA   7   1.49E-03   8.260E-02   M1 MULTIPOLE                             
+                                                                    AK= 0.0                    
                                                       AL1=6.48      AL2=0.700                  
                                                       AL3=0.0343    AM= 1.76                   
                                                       AN+=0.637                                
           I.C.E. + GAMMA   8   1.21E-02   1.283E-01   M1 MULTIPOLE                             
+                                                                    AK= 10.2                   
                                                       AL1=1.81      AL2=0.198                  
                                                       AL3=0.00917   AM= 0.491                  
                                                       AN+=0.178                                
           I.C.E. + GAMMA   9   8.16E-03   1.454E-01   M1 MULTIPOLE                             
+                                                                    AK= 7.20                   
                                                       AL1=1.27      AL2=0.139                  
                                                       AL3=0.00632   AM= 0.343                  
                                                       AN+=0.124                                
           I.C.E. + GAMMA  10   7.93E-03   1.692E-01   M1 MULTIPOLE                             
+                                                                    AK= 4.68                   
                                                       AL1=0.825     AL2=0.0904                 
                                                       AL3=0.00402   AM= 0.223                  
                                                       AN+=0.0806                               
           I.C.E. + GAMMA  11   1.26E-02   1.897E-01   M1 MULTIPOLE                             
+                                                                    AK= 3.39                   
                                                       AL1=0.594     AL2=0.0655                 
                                                       AL3=0.00287   AM= 0.161                  
                                                       AN+=0.0582                               
           I.C.E. + GAMMA  12   6.17E-05   2.123E-01   M1 MULTIPOLE                             
+                                                                    AK= 2.47                   
                                                       AL1=0.431     AL2=0.0477                 
                                                       AL3=0.00205   AM= 0.117                  
                                                       AN+=0.0423                               
           I.C.E. + GAMMA  13   1.14E-04   2.556E-01   M1 MULTIPOLE                             
+                                                                    AK= 1.47                   
                                                       AL1=0.256     AL2=0.0283                 
                                                       AL3=0.00119   AM= 0.0694                 
                                                       AN+=0.0251                               
           I.C.E. + GAMMA  14   3.89E-04   2.801E-01   M1 MULTIPOLE                             
+                                                                    AK= 1.14                   
                                                       AL1=0.198     AL2=0.0219                 
                                                       AM= 0.0538    AN+=0.0195                 
           I.C.E. + GAMMA  15   4.26E-05   2.948E-01   M1 MULTIPOLE                             
+                                                                    AK= 0.988                  
                                                       AL1=0.172     AL2=0.0190                 
                                                       AM= 0.0466    AN+=0.0169                 
           I.C.E. + GAMMA  16   2.84E-04   2.998E-01   M1 MULTIPOLE                             
+                                                                    AK= 0.944                  
                                                       AL1=0.164     AL2=0.0181                 
                                                       AM= 0.0445    AN+=0.0161                 
 
           * ENDPOINT ENERGY (MEV)
           - - - - - - - - - -
           Reference: Evaluated Nuclear Structure Data File (ENSDF)
                DATE DATA WERE ENTERED INTO ENSDF: Nov-1996
%%%% 240 U   92    B-           5.07600E+04 14.1 H     02-11-2005       INPUEND 
%%%% 240 U   92    B-           5.07600E+04 14.1 H     02-11-2005       OUTPSTAR
1                                      **OUTPUT DATA**
              240-URANIUM-92
+                                    HALFLIFE = 14.1 HOURS   
+                                                                  02-11-2005

            MODE OF DECAY: BETA MINUS
 
                                              MEAN
                                              NUMBER/                  MEV/
                                         ID   TRANSFOR-   ENERGY       TRANSFOR-
                  TYPE OF RADIATION      NO.  MATION      (MEV)        MATION

           BETA MINUS                     3   5.52E-03    2.594E-02*   1.43E-04
           BETA MINUS                     4   6.74E-01    9.411E-02*   6.34E-02
           BETA MINUS                     5   3.20E-01    1.078E-01*   3.45E-02
           GAMMA-RAY                      2   1.05E-02    4.410E-02    4.63E-04
           L1 CONV. ELECTRON, GAMMA-RAY   2   4.28E-01    2.166E-02    9.26E-03
           L2 CONV. ELECTRON, GAMMA-RAY   2   6.02E-02    2.240E-02    1.35E-03
           L3 CONV. ELECTRON, GAMMA-RAY   2   1.50E-02    2.647E-02    3.98E-04
           M CONV. ELECTRON, GAMMA-RAY    2   1.23E-01    3.968E-02*   4.90E-03
           N+ CONV. ELECTRON, GAMMA-RAY   2   4.46E-02    4.410E-02*   1.97E-03
           GAMMA-RAY                      5   1.54E-03    6.650E-02    1.02E-04
           L1 CONV. ELECTRON, GAMMA-RAY   5   1.87E-02    4.406E-02    8.26E-04
           M CONV. ELECTRON, GAMMA-RAY    5   5.09E-03    6.208E-02*   3.16E-04
           GAMMA-RAY                      7   1.40E-04    8.260E-02    1.16E-05
           GAMMA-RAY                      8   8.70E-04    1.283E-01    1.12E-04
           L1 CONV. ELECTRON, GAMMA-RAY   8   1.57E-03    1.059E-01    1.66E-04
           GAMMA-RAY                      9   8.10E-04    1.454E-01    1.18E-04
           K CONV. ELECTRON, GAMMA-RAY    9   5.83E-03    2.620E-02    1.53E-04
           GAMMA-RAY                     10   1.15E-03    1.692E-01    1.95E-04
           K CONV. ELECTRON, GAMMA-RAY   10   5.38E-03    5.000E-02    2.69E-04
           L1 CONV. ELECTRON, GAMMA-RAY  10   9.49E-04    1.468E-01    1.39E-04
           GAMMA-RAY                     11   2.40E-03    1.897E-01    4.55E-04
           K CONV. ELECTRON, GAMMA-RAY   11   8.13E-03    7.050E-02    5.73E-04
           L1 CONV. ELECTRON, GAMMA-RAY  11   1.43E-03    1.673E-01    2.38E-04
           GAMMA-RAY                     13   4.00E-05    2.556E-01    1.02E-05
           GAMMA-RAY                     14   1.60E-04    2.801E-01    4.48E-05
           GAMMA-RAY                     16   1.30E-04    2.998E-01    3.90E-05
           K -L2 X-RAY                        8.32E-03    9.750E-02    8.11E-04
           K -L3 X-RAY                        1.32E-02    1.016E-01    1.34E-03
           K -M2 X-RAY                        1.53E-03    1.138E-01    1.74E-04
           K -M3 X-RAY                        3.00E-03    1.148E-01    3.44E-04
           K -N2 X-RAY                        3.84E-04    1.179E-01    4.53E-05
           K -N3 X-RAY                        7.80E-04    1.181E-01    9.22E-05
           K -O2 X-RAY                        9.47E-05    1.189E-01    1.13E-05
           K -O3 X-RAY                        1.89E-04    1.190E-01    2.25E-05
           L1-L3 X-RAY                        4.29E-03    4.814E-03    2.07E-05
           L1-M2 X-RAY                        2.59E-02    1.707E-02    4.42E-04
           L1-M3 X-RAY                        2.19E-02    1.802E-02    3.94E-04
           L1-M4 X-RAY                        1.22E-03    1.858E-02    2.27E-05
           L1-M5 X-RAY                        1.82E-03    1.877E-02    3.42E-05
           L1-N2 X-RAY                        7.02E-03    2.112E-02    1.48E-04
           L1-N3 X-RAY                        6.84E-03    2.137E-02    1.46E-04
           L1-O2 X-RAY                        1.72E-03    2.217E-02    3.82E-05
           L1-03 X-RAY                        1.70E-03    2.223E-02    3.79E-05
           L2-M1 X-RAY                        9.82E-04    1.599E-02    1.57E-05
           L2-M4 X-RAY                        3.47E-02    1.784E-02    6.20E-04
           L2-N4 X-RAY                        7.94E-03    2.089E-02    1.66E-04
           L2-O4 X-RAY                        1.57E-03    2.158E-02    3.39E-05
           L3-M1 X-RAY                        7.74E-03    1.191E-02    9.22E-05
           L3-M4 X-RAY                        1.25E-02    1.377E-02    1.71E-04
           L3-M5 X-RAY                        1.09E-01    1.396E-02    1.53E-03
           L3-N1 X-RAY                        1.97E-03    1.615E-02    3.17E-05
           L3-N4 X-RAY                        2.52E-03    1.681E-02    4.24E-05
           L3-N5 X-RAY                        2.31E-02    1.686E-02    3.90E-04
           L3-O5 X-RAY                        4.46E-03    1.752E-02    7.81E-05
           M X-RAY                            5.89E-02    3.349E-03*   1.97E-04
           Free-Bound X-RAY                   9.57E+00    7.439E-05*   7.12E-04
           CK LLX                             3.36E-01    1.676E-03*   5.64E-04
           AUGER LMM                          1.77E-01    1.058E-02*   1.88E-03
           AUGER LMX                          9.11E-02    1.404E-02*   1.28E-03
           AUGER LXY                          1.10E-02    1.756E-02*   1.94E-04
           CK MMX                             4.31E-01    5.983E-04*   2.58E-04
           AUGER MNN                          8.06E-01    2.489E-03*   2.01E-03
           AUGER MNX                          1.58E-01    2.992E-03*   4.72E-04
           CK NNX                             1.44E+00    1.915E-04*   2.76E-04
           AUGER NXY                          2.51E+00    2.103E-04*   5.28E-04
           CK OOX                             2.81E+00    7.893E-05*   2.22E-04
 
           ALL LISTED X-RAYS, GAMMA-RAYS AND ANNIHILATION RADIATION    9.76E-03
           ALL NEGLECTED X-RAYS, GAMMA-RAYS AND ANNIH. RADIATION**     1.07E-04
           ALL LISTED BETAS, INTERNAL CONVERSION AND AUGER ELECTRONS   1.26E-01
           ALL NEGLECTED BETAS, INT. CONVERSION AND AUGER ELECTRONS**  1.28E-03
           ALL LISTED RADIATIONS                                       1.36E-01
           ALL NEGLECTED RADIATIONS**                                  1.39E-03
 
           *  AVERAGE ENERGY (MEV)
           ** EACH NEGLECTED TRANSITION CONTRIBUTES LESS THAN  0.100%
              TO THE TOTAL MEV/TRANSFORMATION FOR THIS CATEGORY.
           TOTAL FEEDING OF 0.020000 MEV ISOMERIC LEVEL IN 240-NEPTUNIUM   
             DAUGHTER IS 1.0166E+00 PER TRANSFORMATION OF 240-URANIUM.
             DECAY OF THIS 7.22 MINUTES HALFLIFE LEVEL WILL CONTRIBUTE TO DOSE.
           - - - - - - - - - -
           INPUT DATA SOURCE: EVALUATED NUCLEAR STRUCTURE DATA FILE (ENSDF)
             DATE INPUT DATA WERE ENTERED INTO ENSDF: Nov-1996
%%%% 240 U   92    B-           5.07600E+04 14.1 H     02-11-2005       OUTPEND 
%%%% 240 U   92    B-           5.07600E+04 14.1 H     02-11-2005       BETASTAR
1
              240-URANIUM-92
+                                    HALFLIFE = 14.1 HOURS   
+                                                                  02-11-2005

            BETA SPECTRUM DATA FOR ALL DECAY BRANCHES

                      BETAS PER                BETAS PER                BETAS PER
            ENERGY    MEV            ENERGY    MEV            ENERGY    MEV
            (MEV)     PER DECAY      (MEV)     PER DECAY      (MEV)     PER DECAY

            0.00000   7.069E+00      0.00150   7.026E+00      0.02600   6.351E+00
            0.00010   7.066E+00      0.00160   7.023E+00      0.02800   6.301E+00
            0.00011   7.066E+00      0.00180   7.017E+00      0.03000   6.251E+00
            0.00012   7.066E+00      0.00200   7.011E+00      0.03200   6.201E+00
            0.00013   7.066E+00      0.00220   7.006E+00      0.03600   6.101E+00
            0.00014   7.065E+00      0.00240   7.000E+00      0.04000   5.999E+00
            0.00015   7.065E+00      0.00260   6.994E+00      0.04500   5.872E+00
            0.00016   7.065E+00      0.00280   6.988E+00      0.05000   5.744E+00
            0.00018   7.064E+00      0.00300   6.982E+00      0.05500   5.616E+00
            0.00020   7.064E+00      0.00320   6.977E+00      0.06000   5.486E+00
            0.00022   7.063E+00      0.00360   6.965E+00      0.06500   5.357E+00
            0.00024   7.062E+00      0.00400   6.953E+00      0.07000   5.227E+00
            0.00026   7.062E+00      0.00450   6.939E+00      0.07500   5.098E+00
            0.00028   7.061E+00      0.00500   6.924E+00      0.08000   4.968E+00
            0.00030   7.061E+00      0.00550   6.910E+00      0.08500   4.839E+00
            0.00032   7.060E+00      0.00600   6.895E+00      0.09000   4.709E+00
            0.00036   7.059E+00      0.00650   6.881E+00      0.10000   4.452E+00
            0.00040   7.058E+00      0.00700   6.866E+00      0.11000   4.196E+00
            0.00045   7.056E+00      0.00750   6.852E+00      0.12000   3.938E+00
            0.00050   7.055E+00      0.00800   6.837E+00      0.13000   3.682E+00
            0.00055   7.053E+00      0.00850   6.823E+00      0.14000   3.426E+00
            0.00060   7.052E+00      0.00900   6.808E+00      0.15000   3.172E+00
            0.00065   7.051E+00      0.01000   6.779E+00      0.16000   2.922E+00
            0.00070   7.049E+00      0.01100   6.750E+00      0.18000   2.434E+00
            0.00075   7.048E+00      0.01200   6.721E+00      0.20000   1.969E+00
            0.00080   7.046E+00      0.01300   6.691E+00      0.22000   1.536E+00
            0.00085   7.045E+00      0.01400   6.662E+00      0.24000   1.141E+00
            0.00090   7.043E+00      0.01500   6.633E+00      0.26000   7.938E-01
            0.00100   7.040E+00      0.01600   6.604E+00      0.28000   5.020E-01
            0.00110   7.038E+00      0.01800   6.545E+00      0.30000   2.743E-01
            0.00120   7.035E+00      0.02000   6.498E+00      0.32000   1.195E-01
            0.00130   7.032E+00      0.02200   6.449E+00      0.36000   1.163E-02
            0.00140   7.029E+00      0.02400   6.400E+00      0.38000   0.000E+00

            AVERAGE BETA ENERGY =   9.808E-02

            TOTAL BETAS PER DECAY FOR ALL BRANCHES =   1.000E+00
%%%% 240 U   92    B-           5.07600E+04 14.1 H     02-11-2005       BETAEND 
%%%% 240 U   92    B-           5.07600E+04 14.1 H     02-11-2005       SEEISTAR
240.  URANIUM      92.  1.410E+01 HOURS    193 B-                   240.U  92.   0
 5 1  3.31356E-02  2.06445E-02  8.02000E-02  0.00000E+00            240.U  92.   1   1
 5 2  7.73165E-03  2.19483E-02  8.51000E-02  0.00000E+00            240.U  92.   2   2
 5 3  5.52260E-01  2.59419E-02  1.00000E-01  0.00000E+00            240.U  92.   3   3
 5 4  6.73758E+01  9.41128E-02  3.35900E-01  0.00000E+00            240.U  92.   4   4
 5 5  3.20311E+01  1.07757E-01  3.80000E-01  0.00000E+00            240.U  92.   5   5
 1 2  1.05000E+00  4.41000E-02  4.41000E-02  0.00000E+00            240.U  92.   6   2
 6 5  4.27658E+01  2.16600E-02  2.16600E-02  2.00000E+00            240.U  92.   7   5
 6 6  6.02356E+00  2.23980E-02  2.23980E-02  2.00000E+00            240.U  92.   8   6
 6 7  1.50418E+00  2.64740E-02  2.64740E-02  2.00000E+00            240.U  92.   9   7
 6 3  1.23418E+01  3.96784E-02  3.96784E-02  2.00000E+00            240.U  92.  10   3
 6 4  4.46332E+00  4.41000E-02  4.41000E-02  2.00000E+00            240.U  92.  11   4
 1 3  7.00000E-03  4.91000E-02  4.91000E-02  0.00000E+00            240.U  92.  12   3
 6 5  2.08451E-01  2.66600E-02  2.66600E-02  3.00000E+00            240.U  92.  13   5
 6 6  2.23578E-02  2.73980E-02  2.73980E-02  3.00000E+00            240.U  92.  14   6
 6 7  1.15988E-03  3.14740E-02  3.14740E-02  3.00000E+00            240.U  92.  15   7
 6 3  5.64939E-02  4.46784E-02  4.46784E-02  3.00000E+00            240.U  92.  16   3
 6 4  2.04624E-02  4.91000E-02  4.91000E-02  3.00000E+00            240.U  92.  17   4
 1 4  5.00000E-03  5.03000E-02  5.03000E-02  0.00000E+00            240.U  92.  18   4
 6 5  1.38650E-01  2.78600E-02  2.78600E-02  4.00000E+00            240.U  92.  19   5
 6 6  1.48745E-02  2.85980E-02  2.85980E-02  4.00000E+00            240.U  92.  20   6
 6 7  7.69933E-04  3.26740E-02  3.26740E-02  4.00000E+00            240.U  92.  21   7
 6 3  3.75800E-02  4.58784E-02  4.58784E-02  4.00000E+00            240.U  92.  22   3
 6 4  1.36135E-02  5.03000E-02  5.03000E-02  4.00000E+00            240.U  92.  23   4
 1 5  1.54000E-01  6.65000E-02  6.65000E-02  0.00000E+00            240.U  92.  24   5
 6 5  1.87431E+00  4.40600E-02  4.40600E-02  5.00000E+00            240.U  92.  25   5
 6 6  2.02137E-01  4.47980E-02  4.47980E-02  5.00000E+00            240.U  92.  26   6
 6 7  1.01812E-02  4.88740E-02  4.88740E-02  5.00000E+00            240.U  92.  27   7
 6 3  5.09309E-01  6.20784E-02  6.20784E-02  5.00000E+00            240.U  92.  28   3
 6 4  1.84827E-01  6.65000E-02  6.65000E-02  5.00000E+00            240.U  92.  29   4
 1 6  4.00000E-03  7.81000E-02  7.81000E-02  0.00000E+00            240.U  92.  30   6
 6 5  3.04945E-02  5.56600E-02  5.56600E-02  6.00000E+00            240.U  92.  31   5
 6 6  3.29277E-03  5.63980E-02  5.63980E-02  6.00000E+00            240.U  92.  32   6
 6 7  1.62603E-04  6.04740E-02  6.04740E-02  6.00000E+00            240.U  92.  33   7
 6 3  8.26627E-03  7.36784E-02  7.36784E-02  6.00000E+00            240.U  92.  34   3
 6 4  3.00016E-03  7.81000E-02  7.81000E-02  6.00000E+00            240.U  92.  35   4
 1 7  1.40000E-02  8.26000E-02  8.26000E-02  0.00000E+00            240.U  92.  36   7
 6 5  9.07387E-02  6.01600E-02  6.01600E-02  7.00000E+00            240.U  92.  37   5
 6 6  9.80670E-03  6.08980E-02  6.08980E-02  7.00000E+00            240.U  92.  38   6
 6 7  4.80532E-04  6.49740E-02  6.49740E-02  7.00000E+00            240.U  92.  39   7
 6 3  2.45756E-02  7.81784E-02  7.81784E-02  7.00000E+00            240.U  92.  40   3
 6 4  8.91758E-03  8.26000E-02  8.26000E-02  7.00000E+00            240.U  92.  41   4
 1 8  8.70000E-02  1.28300E-01  1.28300E-01  0.00000E+00            240.U  92.  42   8
 6 1  8.91437E-01  9.10001E-03  9.10001E-03  8.00000E+00            240.U  92.  43   1
 6 5  1.57152E-01  1.05860E-01  1.05860E-01  8.00000E+00            240.U  92.  44   5
 6 6  1.72654E-02  1.06598E-01  1.06598E-01  8.00000E+00            240.U  92.  45   6
 6 7  7.97597E-04  1.10674E-01  1.10674E-01  8.00000E+00            240.U  92.  46   7
 6 3  4.27270E-02  1.23878E-01  1.23878E-01  8.00000E+00            240.U  92.  47   3
 6 4  1.54912E-02  1.28300E-01  1.28300E-01  8.00000E+00            240.U  92.  48   4
 1 9  8.10000E-02  1.45400E-01  1.45400E-01  0.00000E+00            240.U  92.  49   9
 6 1  5.83175E-01  2.62000E-02  2.62000E-02  9.00000E+00            240.U  92.  50   1
 6 5  1.02628E-01  1.22960E-01  1.22960E-01  9.00000E+00            240.U  92.  51   5
 6 6  1.12417E-02  1.23698E-01  1.23698E-01  9.00000E+00            240.U  92.  52   6
 6 7  5.11796E-04  1.27774E-01  1.27774E-01  9.00000E+00            240.U  92.  53   7
 6 3  2.77869E-02  1.40978E-01  1.40978E-01  9.00000E+00            240.U  92.  54   3
 6 4  1.00739E-02  1.45400E-01  1.45400E-01  9.00000E+00            240.U  92.  55   4
 110  1.15000E-01  1.69200E-01  1.69200E-01  0.00000E+00            240.U  92.  56  10
 6 1  5.37749E-01  5.00000E-02  5.00000E-02  1.00000E+01            240.U  92.  57   1
 6 5  9.48593E-02  1.46760E-01  1.46760E-01  1.00000E+01            240.U  92.  58   5
 6 6  1.03909E-02  1.47498E-01  1.47498E-01  1.00000E+01            240.U  92.  59   6
 6 7  4.62858E-04  1.51574E-01  1.51574E-01  1.00000E+01            240.U  92.  60   7
 6 3  2.55885E-02  1.64778E-01  1.64778E-01  1.00000E+01            240.U  92.  61   3
 6 4  9.27088E-03  1.69200E-01  1.69200E-01  1.00000E+01            240.U  92.  62   4
 111  2.40000E-01  1.89700E-01  1.89700E-01  0.00000E+00            240.U  92.  63  11
 6 1  8.13151E-01  7.05000E-02  7.05000E-02  1.10000E+01            240.U  92.  64   1
 6 5  1.42531E-01  1.67260E-01  1.67260E-01  1.10000E+01            240.U  92.  65   5
 6 6  1.57161E-02  1.67998E-01  1.67998E-01  1.10000E+01            240.U  92.  66   6
 6 7  6.87952E-04  1.72074E-01  1.72074E-01  1.10000E+01            240.U  92.  67   7
 6 3  3.85833E-02  1.85278E-01  1.85278E-01  1.10000E+01            240.U  92.  68   3
 6 4  1.39703E-02  1.89700E-01  1.89700E-01  1.10000E+01            240.U  92.  69   4
 112  1.50000E-03  2.12300E-01  2.12300E-01  0.00000E+00            240.U  92.  70  12
 6 1  3.70964E-03  9.31000E-02  9.31000E-02  1.20000E+01            240.U  92.  71   1
 6 5  6.47088E-04  1.89860E-01  1.89860E-01  1.20000E+01            240.U  92.  72   5
 6 6  7.16096E-05  1.90598E-01  1.90598E-01  1.20000E+01            240.U  92.  73   6
 6 7  3.08239E-06  1.94674E-01  1.94674E-01  1.20000E+01            240.U  92.  74   7
 6 3  1.75381E-04  2.07878E-01  2.07878E-01  1.20000E+01            240.U  92.  75   3
 6 4  6.34683E-05  2.12300E-01  2.12300E-01  1.20000E+01            240.U  92.  76   4
 113  4.00000E-03  2.55600E-01  2.55600E-01  0.00000E+00            240.U  92.  77  13
 6 1  5.87489E-03  1.36400E-01  1.36400E-01  1.30000E+01            240.U  92.  78   1
 6 5  1.02366E-03  2.33160E-01  2.33160E-01  1.30000E+01            240.U  92.  79   5
 6 6  1.13381E-04  2.33898E-01  2.33898E-01  1.30000E+01            240.U  92.  80   6
 6 7  4.76808E-06  2.37974E-01  2.37974E-01  1.30000E+01            240.U  92.  81   7
 6 3  2.77746E-04  2.51178E-01  2.51178E-01  1.30000E+01            240.U  92.  82   3
 6 4  1.00485E-04  2.55600E-01  2.55600E-01  1.30000E+01            240.U  92.  83   4
 114  1.60000E-02  2.80100E-01  2.80100E-01  0.00000E+00            240.U  92.  84  14
 6 1  1.81985E-02  1.60900E-01  1.60900E-01  1.40000E+01            240.U  92.  85   1
 6 5  3.17152E-03  2.57660E-01  2.57660E-01  1.40000E+01            240.U  92.  86   5
 6 6  3.50819E-04  2.58398E-01  2.58398E-01  1.40000E+01            240.U  92.  87   6
 6 7  1.46040E-05  2.62474E-01  2.62474E-01  1.40000E+01            240.U  92.  88   7
 6 3  8.60523E-04  2.75678E-01  2.75678E-01  1.40000E+01            240.U  92.  89   3
 6 4  3.11369E-04  2.80100E-01  2.80100E-01  1.40000E+01            240.U  92.  90   4
 115  1.90000E-03  2.94800E-01  2.94800E-01  0.00000E+00            240.U  92.  91  15
 6 1  1.87722E-03  1.75600E-01  1.75600E-01  1.50000E+01            240.U  92.  92   1
 6 5  3.26694E-04  2.72360E-01  2.72360E-01  1.50000E+01            240.U  92.  93   5
 6 6  3.60961E-05  2.73098E-01  2.73098E-01  1.50000E+01            240.U  92.  94   6
 6 7  1.49451E-06  2.77174E-01  2.77174E-01  1.50000E+01            240.U  92.  95   7
 6 3  8.86247E-05  2.90378E-01  2.90378E-01  1.50000E+01            240.U  92.  96   3
 6 4  3.20729E-05  2.94800E-01  2.94800E-01  1.50000E+01            240.U  92.  97   4
 116  1.30000E-02  2.99800E-01  2.99800E-01  0.00000E+00            240.U  92.  98  16
 6 1  1.22684E-02  1.80600E-01  1.80600E-01  1.60000E+01            240.U  92.  99   1
 6 5  2.13336E-03  2.77360E-01  2.77360E-01  1.60000E+01            240.U  92. 100   5
 6 6  2.35608E-04  2.78098E-01  2.78098E-01  1.60000E+01            240.U  92. 101   6
 6 7  9.73804E-06  2.82174E-01  2.82174E-01  1.60000E+01            240.U  92. 102   7
 6 3  5.78675E-04  2.95378E-01  2.95378E-01  1.60000E+01            240.U  92. 103   3
 6 4  2.09434E-04  2.99800E-01  2.99800E-01  1.60000E+01            240.U  92. 104   4
 2 1  8.31994E-01  9.74979E-02  9.74979E-02  0.00000E+00            240.U  92. 105   1
 2 2  1.32399E+00  1.01574E-01  1.01574E-01  0.00000E+00            240.U  92. 106   2
 2 3  1.53119E-01  1.13834E-01  1.13834E-01  0.00000E+00            240.U  92. 107   3
 2 4  2.99708E-01  1.14778E-01  1.14778E-01  0.00000E+00            240.U  92. 108   4
 2 5  5.48286E-03  1.15341E-01  1.15341E-01  0.00000E+00            240.U  92. 109   5
 2 6  6.21377E-03  1.15532E-01  1.15532E-01  0.00000E+00            240.U  92. 110   6
 2 7  3.84412E-02  1.17881E-01  1.17881E-01  0.00000E+00            240.U  92. 111   7
 2 8  7.80495E-02  1.18129E-01  1.18129E-01  0.00000E+00            240.U  92. 112   8
 2 9  1.62757E-03  1.18387E-01  1.18387E-01  0.00000E+00            240.U  92. 113   9
 210  1.85135E-03  1.18433E-01  1.18433E-01  0.00000E+00            240.U  92. 114  10
 211  9.46548E-03  1.18927E-01  1.18927E-01  0.00000E+00            240.U  92. 115  11
 212  1.88908E-02  1.18987E-01  1.18987E-01  0.00000E+00            240.U  92. 116  12
 213  3.39565E-04  1.19081E-01  1.19081E-01  0.00000E+00            240.U  92. 117  13
 214  3.83265E-04  1.19091E-01  1.19091E-01  0.00000E+00            240.U  92. 118  14
 215  1.67216E-03  1.19164E-01  1.19164E-01  0.00000E+00            240.U  92. 119  15
 216  3.13500E-03  1.19175E-01  1.19175E-01  0.00000E+00            240.U  92. 120  16
 221  5.90740E-04  7.38000E-04  7.38000E-04  0.00000E+00            240.U  92. 121  21
 222  4.29287E-01  4.81400E-03  4.81400E-03  0.00000E+00            240.U  92. 122  22
 223  2.58806E+00  1.70745E-02  1.70745E-02  0.00000E+00            240.U  92. 123  23
 224  2.18857E+00  1.80184E-02  1.80184E-02  0.00000E+00            240.U  92. 124  24
 225  1.22410E-01  1.85808E-02  1.85808E-02  0.00000E+00            240.U  92. 125  25
 226  1.82306E-01  1.87719E-02  1.87719E-02  0.00000E+00            240.U  92. 126  26
 227  7.01919E-01  2.11205E-02  2.11205E-02  0.00000E+00            240.U  92. 127  27
 228  6.83785E-01  2.13692E-02  2.13692E-02  0.00000E+00            240.U  92. 128  28
 229  2.10421E-02  2.16271E-02  2.16271E-02  0.00000E+00            240.U  92. 129  29
 230  3.37745E-02  2.16728E-02  2.16728E-02  0.00000E+00            240.U  92. 130  30
 231  1.72344E-01  2.21671E-02  2.21671E-02  0.00000E+00            240.U  92. 131  31
 232  1.70490E-01  2.22274E-02  2.22274E-02  0.00000E+00            240.U  92. 132  32
 233  3.86890E-03  2.23216E-02  2.23216E-02  0.00000E+00            240.U  92. 133  33
 234  6.27693E-03  2.23305E-02  2.23305E-02  0.00000E+00            240.U  92. 134  34
 235  3.07996E-02  2.24044E-02  2.24044E-02  0.00000E+00            240.U  92. 135  35
 236  2.89972E-02  2.24148E-02  2.24148E-02  0.00000E+00            240.U  92. 136  36
 241  3.89769E-04  4.07601E-03  4.07601E-03  0.00000E+00            240.U  92. 137  41
 242  9.82254E-02  1.59898E-02  1.59898E-02  0.00000E+00            240.U  92. 138  42
 243  5.15829E-03  1.72804E-02  1.72804E-02  0.00000E+00            240.U  92. 139  43
 244  3.47439E+00  1.78428E-02  1.78428E-02  0.00000E+00            240.U  92. 140  44
 245  2.67675E-02  2.02231E-02  2.02231E-02  0.00000E+00            240.U  92. 141  45
 246  1.57095E-03  2.06312E-02  2.06312E-02  0.00000E+00            240.U  92. 142  46
 247  7.94146E-01  2.08890E-02  2.08890E-02  0.00000E+00            240.U  92. 143  47
 248  5.09239E-03  2.12752E-02  2.12752E-02  0.00000E+00            240.U  92. 144  48
 249  6.95134E-03  2.13657E-02  2.13657E-02  0.00000E+00            240.U  92. 145  49
 250  3.89627E-04  2.14894E-02  2.14894E-02  0.00000E+00            240.U  92. 146  50
 251  1.56906E-01  2.15835E-02  2.15835E-02  0.00000E+00            240.U  92. 147  51
 252  1.67017E-04  2.16919E-02  2.16919E-02  0.00000E+00            240.U  92. 148  52
 253  1.43679E-03  2.16476E-02  2.16476E-02  0.00000E+00            240.U  92. 149  53
 254  6.48213E-05  2.16767E-02  2.16767E-02  0.00000E+00            240.U  92. 150  54
 255  1.54709E-04  2.16961E-02  2.16961E-02  0.00000E+00            240.U  92. 151  55
 261  7.73823E-01  1.19138E-02  1.19138E-02  0.00000E+00            240.U  92. 152  61
 262  9.88398E-03  1.22605E-02  1.22605E-02  0.00000E+00            240.U  92. 153  62
 263  9.00665E-03  1.32044E-02  1.32044E-02  0.00000E+00            240.U  92. 154  63
 264  1.24548E+00  1.37668E-02  1.37668E-02  0.00000E+00            240.U  92. 155  64
 265  1.09401E+01  1.39579E-02  1.39579E-02  0.00000E+00            240.U  92. 156  65
 266  1.96590E-01  1.61471E-02  1.61471E-02  0.00000E+00            240.U  92. 157  66
 267  2.18949E-03  1.63065E-02  1.63065E-02  0.00000E+00            240.U  92. 158  67
 268  2.46026E-03  1.65552E-02  1.65552E-02  0.00000E+00            240.U  92. 159  68
 269  2.52099E-01  1.68131E-02  1.68131E-02  0.00000E+00            240.U  92. 160  69
 270  2.31123E+00  1.68587E-02  1.68587E-02  0.00000E+00            240.U  92. 161  70
 271  3.36005E-03  1.71993E-02  1.71993E-02  0.00000E+00            240.U  92. 162  71
 272  1.85149E-02  1.72114E-02  1.72114E-02  0.00000E+00            240.U  92. 163  72
 273  5.04275E-02  1.72897E-02  1.72897E-02  0.00000E+00            240.U  92. 164  73
 274  5.13425E-04  1.73531E-02  1.73531E-02  0.00000E+00            240.U  92. 165  74
 275  5.95951E-04  1.74134E-02  1.74134E-02  0.00000E+00            240.U  92. 166  75
 276  4.85765E-02  1.75075E-02  1.75075E-02  0.00000E+00            240.U  92. 167  76
 277  4.45636E-01  1.75165E-02  1.75165E-02  0.00000E+00            240.U  92. 168  77
 278  1.09195E-04  1.76159E-02  1.76159E-02  0.00000E+00            240.U  92. 169  78
 279  5.87604E-04  1.76170E-02  1.76170E-02  0.00000E+00            240.U  92. 170  79
 280  1.04672E-02  1.75716E-02  1.75716E-02  0.00000E+00            240.U  92. 171  80
 281  9.25186E-05  1.75905E-02  1.75905E-02  0.00000E+00            240.U  92. 172  81
 282  1.00782E-04  1.76007E-02  1.76007E-02  0.00000E+00            240.U  92. 173  82
 283  1.08144E-03  1.76201E-02  1.76201E-02  0.00000E+00            240.U  92. 174  83
 291  5.89020E+00  3.34885E-03  3.34885E-03  0.00000E+00            240.U  92. 175  91
 292  1.44945E-01  5.23667E-04  5.23667E-04  0.00000E+00            240.U  92. 176  92
 293  6.65035E-03  1.46510E-04  1.46510E-04  0.00000E+00            240.U  92. 177  93
 294  9.56925E+02  7.43890E-05  7.43890E-05  0.00000E+00            240.U  92. 178  94
 7 1  5.61821E-02  7.72522E-02  7.72522E-02  0.00000E+00            240.U  92. 179   1
 7 2  3.23556E-02  9.40366E-02  9.40366E-02  0.00000E+00            240.U  92. 180   2
 7 3  4.53953E-03  1.10844E-01  1.10844E-01  0.00000E+00            240.U  92. 181   3
 7 4  3.36339E+01  1.67574E-03  1.67574E-03  0.00000E+00            240.U  92. 182   4
 7 5  1.77233E+01  1.05835E-02  1.05835E-02  0.00000E+00            240.U  92. 183   5
 7 6  9.10897E+00  1.40445E-02  1.40445E-02  0.00000E+00            240.U  92. 184   6
 7 7  1.10320E+00  1.75619E-02  1.75619E-02  0.00000E+00            240.U  92. 185   7
 7 8  4.31190E+01  5.98270E-04  5.98270E-04  0.00000E+00            240.U  92. 186   8
 7 9  8.06195E+01  2.48941E-03  2.48941E-03  0.00000E+00            240.U  92. 187   9
 710  1.57823E+01  2.99217E-03  2.99217E-03  0.00000E+00            240.U  92. 188  10
 711  9.41324E-01  3.63384E-03  3.63384E-03  0.00000E+00            240.U  92. 189  11
 712  1.44289E+02  1.91488E-04  1.91488E-04  0.00000E+00            240.U  92. 190  12
 713  2.51312E+02  2.10279E-04  2.10279E-04  0.00000E+00            240.U  92. 191  13
 714  2.81310E+02  7.89328E-05  7.89328E-05  0.00000E+00            240.U  92. 192  14
 715  1.66945E+00  1.70055E-04  1.70055E-04  0.00000E+00            240.U  92. 193  15
%%%% 240 U   92    B-           5.07600E+04 14.1 H     02-11-2005       SEEIEND 
 


   ***************************************************** 
   *                 Radiation Summary                 * 
   ***************************************************** 
 
  Energy released by
    Gamma-ray                       (MeV) =   1.56815E-03
    X-ray                           (MeV) =   7.58379E-03
    Free-bound X-ray                (MeV) =   7.11847E-04
    Annihilation photon             (MeV) =   0.00000E+00
    Beta+ particle                  (MeV) =   0.00000E+00
    Neutrino                        (MeV) =   0.00000E+00
    Beta- particle                  (MeV) =   9.80767E-02
    Neutrino-                       (MeV) =   2.50542E-01
    Internal conv. electron         (MeV) =   2.17161E-02
    Auger and CK electron           (MeV) =   7.79228E-03
    Alpha particle                  (MeV) =   0.00000E+00
    Recoil nucleus                  (MeV) =   0.00000E+00
  E-total (except unplaced radiat.) (MeV) =   3.87991E-01
  E-unplaced radiation              (MeV) =   0.00000E+00
  Q-value from ENSDF data           (MeV) =   4.00000E-01
  Ratio of E-total/Q-value          ( % ) =   9.69977E+01
  Ratio of E-unplaced radi./Q-value ( % ) =   0.00000E+00

 
  Total yield of
    Gamma-ray                             =   1.79340E-02
    X-ray                                 =   3.70754E-01
    Free-bound X-ray                      =   9.56925E+00
    Annihilation photon                   =   0.00000E+00
    Beta+ particle                        =   0.00000E+00
    Beta- particle                        =   1.00000E+00
    Internal conv. electron               =   7.41895E-01
    Auger and CK electron                 =   8.80705E+00
    Alpha particle                        =   0.00000E+00
  Yield of unplaced radiation             =   0.00000E+00


