%%%% 185 W   74 M  IT           9.58200E+01 1.597 M    18-07-2007       BALASTAR
1 185M  W   74 1.597 M         IT         
1INTENSITY AND ENERGY BALANCE DATA

              185M-TUNGSTEN-74
+                                    HALFLIFE = 1.597 MINUTES 
+                                                                  18-07-2007


    LEVEL       INTENSITY   INTENSITY
    ENERGY      ENTERING    LEAVING     PERCENT
    (MEV)       LEVEL       LEVEL       ERROR

   0.0000E+00  1.0710E+02
   2.3560E-02  1.5829E+01  1.6049E+01  1.3821E+00                      
   6.5880E-02  9.2439E+01  9.9028E+01  6.8830E+00                      
   9.3310E-02  7.1758E-01  6.8731E-01  4.3090E+00                      
   1.7374E-01  6.7115E+00  6.6944E+00  2.5440E-01                      
   1.8790E-01  3.2475E+00  3.3061E+00  1.7881E+00                      
   1.9743E-01  1.0028E+02  1.0028E+02  0.0000E+00                      


 INTENSITY TO GROUND AND ISOMERIC STATE(S) OF DAUGHTER(S)=  1.071E+02
 TOTAL INTENSITY FROM PARENT=  1.003E+02
 PERCENT ERROR =  6.369E+00                      


 TOTAL INTENSITY FROM PARENT =  1.003E+02
 VALUE IS WITHIN   2.83E-01% OF 100                      


 TOTAL ENERGY AVAILABLE =  1.980E-01 MEV
 TOTAL ENERGY CONTENT OF ALL RADIATIONS =  2.024E-01 MEV
 PERCENT ERROR =  2.177E+00                      
%%%% 185 W   74 M  IT           9.58200E+01 1.597 M    18-07-2007       BALAEND 
%%%% 185 W   74 M  IT           9.58200E+01 1.597 M    18-07-2007       INPUSTAR
1                                      **INPUT DATA**
              185M-TUNGSTEN-74
+                                    HALFLIFE = 1.597 MINUTES 
+                                                                  18-07-2007

            MODE OF DECAY: ISOMERIC LEVEL
 
                                MEAN
                                NUMBER/    TRANSITION
                TYPE OF    ID   TRANSFOR-  ENERGY
              TRANSITION   NO.  MATION     (MEV)       OTHER NUCLEAR PARAMETERS

           I.C.E. + GAMMA   1   3.25E-02   9.530E-03   E3 MULTIPOLE                             
+                                                                    AK= 0.0                    
                                                       AL1=0.0       AL2=0.0                    
                                                       AL3=0.0       AM= 3.12E+07               
                                                       AN+=9.04E+06                             
           I.C.E. + GAMMA   2   1.60E-01   2.354E-02   M1+E2 MULTIPOLE                          
                                                       MRS=0.0100    AK= 0.0                    
                                                       AL1=41.4      AL2=15.7                   
                                                       AL3=15.0      AM= 17.0                   
                                                       AN+=4.90                                 
           I.C.E. + GAMMA   3   6.71E-02   2.354E-02   M2 MULTIPOLE                             
+                                                                    AK= 0.0                    
                                                       AL1=4.05E+03  AL2=223.                   
                                                       AL3=2.26E+03  AM= 1.73E+03               
                                                       AN+=512.                                 
           I.C.E. + GAMMA   4   1.44E-01   4.229E-02   E2 MULTIPOLE                             
+                                                                    AK= 0.0                    
                                                       AL1=0.864     AL2=69.0                   
                                                       AL3=77.2      AM= 37.1                   
                                                       AN+=10.2                                 
           I.C.E. + GAMMA   5   8.46E-01   6.586E-02   M1+E2 MULTIPOLE                          
                                                       MRS=1.21      AK= 0.0                    
                                                       AL1=1.02      AL2=4.64                   
                                                       AL3=4.62      AM= 2.59                   
                                                       AN+=0.719                                
           I.C.E. + GAMMA   6   4.98E-03   6.970E-02   M1 MULTIPOLE                             
+                                                                    AK= 11.6                   
                                                       AL1=1.69      AL2=0.156                  
                                                       AL3=0.0192    AM= 0.427                  
                                                       AN+=0.126                                
           I.C.E. + GAMMA   7   1.89E-03   9.330E-02   M1 MULTIPOLE                             
+                                                                    AK= 5.02                   
                                                       AL1=0.724     AL2=0.0663                 
                                                       AL3=0.00798   AM= 0.182                  
                                                       AN+=0.0541                               
           I.C.E. + GAMMA   8   7.18E-03   9.459E-02   M1 MULTIPOLE                             
+                                                                    AK= 4.82                   
                                                       AL1=0.696     AL2=0.0637                 
                                                       AL3=0.00766   AM= 0.175                  
                                                       AN+=0.0520                               
           I.C.E. + GAMMA   9   1.78E-02   1.079E-01   M1+E2 MULTIPOLE                          
                                                       MRS=1.44      AK= 1.81                   
                                                       AL1=0.244     AL2=0.510                  
                                                       AL3=0.433     AM= 0.296                  
                                                       AN+=0.0832                               
           I.C.E. + GAMMA  10   3.36E-03   1.221E-01   M1 MULTIPOLE                             
+                                                                    AK= 1.91                   
                                                       AL1=0.275     AL2=0.0248                 
                                                       AL3=0.00293   AM= 0.0692                 
                                                       AN+=0.0205                               
           I.C.E. + GAMMA  11   9.03E-01   1.316E-01   E3 MULTIPOLE                             
+                                                                    AK= 1.37                   
                                                       AL1=0.322     AL2=7.91                   
                                                       AL3=5.54      AM= 3.68                   
                                                       AN+=1.03                                 
           I.C.E. + GAMMA  12   9.50E-03   1.643E-01   E2 MULTIPOLE                             
+                                                                    AK= 0.284                  
                                                       AL1=0.0314    AL2=0.125                  
                                                       AL3=0.0932    AM= 0.0626                 
                                                       AN+=0.0175                               
           I.C.E. + GAMMA  13   4.92E-02   1.737E-01   E2 MULTIPOLE                             
+                                                                    AK= 0.246                  
                                                       AL1=0.0275    AL2=0.0975                 
                                                       AL3=0.0713    AM= 0.0492                 
                                                       AN+=0.0138                               
           I.C.E. + GAMMA  14   1.30E-02   1.879E-01   M1 MULTIPOLE                             
+                                                                    AK= 0.498                  
                                                       AL1=0.0720    AL2=0.00626                
                                                       AM= 0.0179    AN+=0.00531                
 
           - - - - - - - - - -
           Reference: Evaluated Nuclear Structure Data File (ENSDF)
                DATE DATA WERE ENTERED INTO ENSDF: Jan-2006
%%%% 185 W   74 M  IT           9.58200E+01 1.597 M    18-07-2007       INPUEND 
%%%% 185 W   74 M  IT           9.58200E+01 1.597 M    18-07-2007       OUTPSTAR
1                                      **OUTPUT DATA**
              185M-TUNGSTEN-74
+                                    HALFLIFE = 1.597 MINUTES 
+                                                                  18-07-2007

            MODE OF DECAY: ISOMERIC LEVEL
 
                                              MEAN
                                              NUMBER/                  MEV/
                                         ID   TRANSFOR-   ENERGY       TRANSFOR-
                  TYPE OF RADIATION      NO.  MATION      (MEV)        MATION

           M CONV. ELECTRON, GAMMA-RAY    1   2.52E-02    7.259E-03*   1.83E-04
           N+ CONV. ELECTRON, GAMMA-RAY   1   7.30E-03    9.530E-03*   6.96E-05
           GAMMA-RAY                      2   1.69E-03    2.354E-02    3.98E-05
           L1 CONV. ELECTRON, GAMMA-RAY   2   6.98E-02    1.146E-02    8.01E-04
           L2 CONV. ELECTRON, GAMMA-RAY   2   2.66E-02    1.197E-02    3.18E-04
           L3 CONV. ELECTRON, GAMMA-RAY   2   2.54E-02    1.333E-02    3.38E-04
           M CONV. ELECTRON, GAMMA-RAY    2   2.88E-02    2.127E-02*   6.12E-04
           N+ CONV. ELECTRON, GAMMA-RAY   2   8.27E-03    2.354E-02*   1.95E-04
           L1 CONV. ELECTRON, GAMMA-RAY   3   3.10E-02    1.146E-02    3.55E-04
           L2 CONV. ELECTRON, GAMMA-RAY   3   1.70E-03    1.197E-02    2.04E-05
           L3 CONV. ELECTRON, GAMMA-RAY   3   1.73E-02    1.333E-02    2.31E-04
           M CONV. ELECTRON, GAMMA-RAY    3   1.32E-02    2.127E-02*   2.81E-04
           N+ CONV. ELECTRON, GAMMA-RAY   3   3.91E-03    2.354E-02*   9.21E-05
           GAMMA-RAY                      4   7.36E-04    4.229E-02    3.11E-05
           L1 CONV. ELECTRON, GAMMA-RAY   4   6.36E-04    3.021E-02    1.92E-05
           L2 CONV. ELECTRON, GAMMA-RAY   4   5.08E-02    3.072E-02    1.56E-03
           L3 CONV. ELECTRON, GAMMA-RAY   4   5.68E-02    3.208E-02    1.82E-03
           M CONV. ELECTRON, GAMMA-RAY    4   2.73E-02    4.002E-02*   1.09E-03
           N+ CONV. ELECTRON, GAMMA-RAY   4   7.52E-03    4.229E-02*   3.18E-04
           GAMMA-RAY                      5   5.80E-02    6.586E-02    3.82E-03
           L1 CONV. ELECTRON, GAMMA-RAY   5   5.94E-02    5.378E-02    3.19E-03
           L2 CONV. ELECTRON, GAMMA-RAY   5   2.69E-01    5.429E-02    1.46E-02
           L3 CONV. ELECTRON, GAMMA-RAY   5   2.68E-01    5.565E-02    1.49E-02
           M CONV. ELECTRON, GAMMA-RAY    5   1.50E-01    6.359E-02*   9.54E-03
           N+ CONV. ELECTRON, GAMMA-RAY   5   4.17E-02    6.586E-02*   2.75E-03
           GAMMA-RAY                      6   3.31E-04    6.970E-02    2.31E-05
           L1 CONV. ELECTRON, GAMMA-RAY   6   5.61E-04    5.762E-02    3.23E-05
           GAMMA-RAY                      7   2.68E-04    9.330E-02    2.50E-05
           K CONV. ELECTRON, GAMMA-RAY    7   1.35E-03    2.361E-02    3.18E-05
           GAMMA-RAY                      8   1.05E-03    9.459E-02    9.95E-05
           K CONV. ELECTRON, GAMMA-RAY    8   5.08E-03    2.490E-02    1.26E-04
           L1 CONV. ELECTRON, GAMMA-RAY   8   7.33E-04    8.251E-02    6.05E-05
           GAMMA-RAY                      9   4.07E-03    1.079E-01    4.39E-04
           K CONV. ELECTRON, GAMMA-RAY    9   7.35E-03    3.816E-02    2.80E-04
           L1 CONV. ELECTRON, GAMMA-RAY   9   9.95E-04    9.577E-02    9.53E-05
           L2 CONV. ELECTRON, GAMMA-RAY   9   2.07E-03    9.628E-02    2.00E-04
           L3 CONV. ELECTRON, GAMMA-RAY   9   1.76E-03    9.764E-02    1.72E-04
           M CONV. ELECTRON, GAMMA-RAY    9   1.20E-03    1.056E-01*   1.27E-04
           N+ CONV. ELECTRON, GAMMA-RAY   9   3.39E-04    1.079E-01*   3.65E-05
           GAMMA-RAY                     10   1.02E-03    1.221E-01    1.24E-04
           K CONV. ELECTRON, GAMMA-RAY   10   1.94E-03    5.236E-02    1.02E-04
           L1 CONV. ELECTRON, GAMMA-RAY  10   2.80E-04    1.100E-01    3.08E-05
           GAMMA-RAY                     11   4.33E-02    1.316E-01    5.70E-03
           K CONV. ELECTRON, GAMMA-RAY   11   5.92E-02    6.186E-02    3.66E-03
           L1 CONV. ELECTRON, GAMMA-RAY  11   1.40E-02    1.195E-01    1.67E-03
           L2 CONV. ELECTRON, GAMMA-RAY  11   3.43E-01    1.200E-01    4.11E-02
           L3 CONV. ELECTRON, GAMMA-RAY  11   2.40E-01    1.213E-01    2.91E-02
           M CONV. ELECTRON, GAMMA-RAY   11   1.60E-01    1.293E-01*   2.06E-02
           N+ CONV. ELECTRON, GAMMA-RAY  11   4.48E-02    1.316E-01*   5.89E-03
           GAMMA-RAY                     12   5.89E-03    1.643E-01    9.68E-04
           K CONV. ELECTRON, GAMMA-RAY   12   1.67E-03    9.464E-02    1.58E-04
           L1 CONV. ELECTRON, GAMMA-RAY  12   1.85E-04    1.523E-01    2.82E-05
           L2 CONV. ELECTRON, GAMMA-RAY  12   7.33E-04    1.528E-01    1.12E-04
           L3 CONV. ELECTRON, GAMMA-RAY  12   5.49E-04    1.541E-01    8.46E-05
           M CONV. ELECTRON, GAMMA-RAY   12   3.69E-04    1.621E-01*   5.98E-05
           GAMMA-RAY                     13   3.26E-02    1.737E-01    5.67E-03
           K CONV. ELECTRON, GAMMA-RAY   13   8.04E-03    1.040E-01    8.36E-04
           L1 CONV. ELECTRON, GAMMA-RAY  13   8.98E-04    1.616E-01    1.45E-04
           L2 CONV. ELECTRON, GAMMA-RAY  13   3.18E-03    1.621E-01    5.16E-04
           L3 CONV. ELECTRON, GAMMA-RAY  13   2.33E-03    1.635E-01    3.81E-04
           M CONV. ELECTRON, GAMMA-RAY   13   1.61E-03    1.714E-01*   2.76E-04
           N+ CONV. ELECTRON, GAMMA-RAY  13   4.50E-04    1.737E-01*   7.82E-05
           GAMMA-RAY                     14   8.14E-03    1.879E-01    1.53E-03
           K CONV. ELECTRON, GAMMA-RAY   14   4.05E-03    1.182E-01    4.79E-04
           L1 CONV. ELECTRON, GAMMA-RAY  14   5.86E-04    1.758E-01    1.03E-04
           M CONV. ELECTRON, GAMMA-RAY   14   1.46E-04    1.856E-01*   2.71E-05
           K -L2 X-RAY                        2.56E-02    5.812E-02    1.49E-03
           K -L3 X-RAY                        4.44E-02    5.948E-02    2.64E-03
           K -M2 X-RAY                        4.78E-03    6.712E-02    3.21E-04
           K -M3 X-RAY                        9.23E-03    6.742E-02    6.22E-04
           K -M4 X-RAY                        1.03E-04    6.781E-02    7.00E-06
           K -M5 X-RAY                        1.30E-04    6.787E-02    8.84E-06
           K -N2 X-RAY                        1.09E-03    6.920E-02    7.52E-05
           K -N3 X-RAY                        2.11E-03    6.927E-02    1.46E-04
           K -O2 X-RAY                        2.47E-04    6.963E-02    1.72E-05
           K -O3 X-RAY                        5.06E-04    6.964E-02    3.52E-05
           L1-M2 X-RAY                        4.12E-03    9.509E-03    3.92E-05
           L1-M3 X-RAY                        5.16E-03    9.806E-03    5.06E-05
           L1-N2 X-RAY                        1.01E-03    1.159E-02    1.17E-05
           L1-N3 X-RAY                        1.34E-03    1.166E-02    1.56E-05
           L2-M1 X-RAY                        5.01E-03    8.777E-03    4.40E-05
           L2-M4 X-RAY                        1.77E-01    9.692E-03    1.72E-03
           L2-N1 X-RAY                        1.19E-03    1.099E-02    1.31E-05
           L2-N4 X-RAY                        3.30E-02    1.131E-02    3.74E-04
           L2-O4 X-RAY                        9.05E-04    1.156E-02    1.05E-05
           L3-M1 X-RAY                        1.11E-02    7.409E-03    8.22E-05
           L3-M4 X-RAY                        1.88E-02    8.325E-03    1.57E-04
           L3-M5 X-RAY                        1.66E-01    8.390E-03    1.39E-03
           L3-N1 X-RAY                        2.07E-03    9.621E-03    1.99E-05
           L3-N4 X-RAY                        3.29E-03    9.946E-03    3.27E-05
           L3-N5 X-RAY                        2.95E-02    9.959E-03    2.94E-04
           L3-O1 X-RAY                        4.19E-04    1.012E-02    4.24E-06
           L3-O5 X-RAY                        7.70E-04    1.020E-02    7.85E-06
           M X-RAY                            5.92E-02    1.779E-03*   1.05E-04
           Free-Bound X-RAY                   1.62E+01    3.126E-05*   5.06E-04
           AUGER KLL                          2.68E-03    4.719E-02*   1.27E-04
           AUGER KLX                          1.41E-03    5.637E-02*   7.93E-05
           CK LLX                             2.13E-01    7.752E-04*   1.65E-04
           AUGER LMM                          7.75E-01    6.618E-03*   5.13E-03
           AUGER LMX                          2.98E-01    8.379E-03*   2.50E-03
           AUGER LXY                          2.86E-02    1.017E-02*   2.91E-04
           CK MMX                             1.10E+00    3.227E-04*   3.56E-04
           AUGER MNN                          2.52E+00    1.477E-03*   3.72E-03
           AUGER MNX                          1.63E-01    1.666E-03*   2.72E-04
           AUGER MXY                          9.22E-03    1.922E-03*   1.77E-05
           CK NNX                             5.52E+00    1.617E-04*   8.92E-04
           AUGER NXY                          1.94E-01    3.157E-04*   6.11E-05
           CK OOX                             3.21E+00    2.532E-05*   8.14E-05
 
           ALL LISTED X-RAYS, GAMMA-RAYS AND ANNIHILATION RADIATION    2.87E-02
           ALL NEGLECTED X-RAYS, GAMMA-RAYS AND ANNIH. RADIATION**     2.23E-05
           ALL LISTED BETAS, INTERNAL CONVERSION AND AUGER ELECTRONS   1.74E-01
           ALL NEGLECTED BETAS, INT. CONVERSION AND AUGER ELECTRONS**  1.29E-04
           ALL LISTED RADIATIONS                                       2.02E-01
           ALL NEGLECTED RADIATIONS**                                  1.51E-04
 
           *  AVERAGE ENERGY (MEV)
           ** EACH NEGLECTED TRANSITION CONTRIBUTES LESS THAN  0.010%
              TO THE TOTAL MEV/TRANSFORMATION FOR THIS CATEGORY.
           TOTAL FEEDING OF GROUND STATE LEVEL IN 185-TUNGSTEN
             DAUGHTER IS 1.0000E+00  PER TRANSFORMATION OF 185M-TUNGSTEN.
             DECAY OF THIS 75.1 DAYS HALFLIFE LEVEL WILL CONTRIBUTE TO DOSE.
           - - - - - - - - - -
           INPUT DATA SOURCE: EVALUATED NUCLEAR STRUCTURE DATA FILE (ENSDF)
             DATE INPUT DATA WERE ENTERED INTO ENSDF: Jan-2006
%%%% 185 W   74 M  IT           9.58200E+01 1.597 M    18-07-2007       OUTPEND 
%%%% 185 W   74 M  IT           9.58200E+01 1.597 M    18-07-2007       SEEISTAR
185.M TUNGSTEN     74.  1.597E+00 MINUTES  165 IT                   185.W  74.   0
 1 1  8.08091E-08  9.53000E-03  9.53000E-03  0.00000E+00            185.W  74.   1   1
 6 3  2.51725E+00  7.25880E-03  7.25880E-03  1.00000E+00            185.W  74.   2   3
 6 4  7.30250E-01  9.53000E-03  9.53000E-03  1.00000E+00            185.W  74.   3   4
 1 2  1.68870E-01  2.35400E-02  2.35400E-02  0.00000E+00            185.W  74.   4   2
 6 5  6.98369E+00  1.14630E-02  1.14630E-02  2.00000E+00            185.W  74.   5   5
 6 6  2.65771E+00  1.19670E-02  1.19670E-02  2.00000E+00            185.W  74.   6   6
 6 7  2.53596E+00  1.33340E-02  1.33340E-02  2.00000E+00            185.W  74.   7   7
 6 3  2.87592E+00  2.12688E-02  2.12688E-02  2.00000E+00            185.W  74.   8   3
 6 4  8.27137E-01  2.35400E-02  2.35400E-02  2.00000E+00            185.W  74.   9   4
 1 3  7.64048E-04  2.35400E-02  2.35400E-02  0.00000E+00            185.W  74.  10   3
 6 5  3.09716E+00  1.14630E-02  1.14630E-02  3.00000E+00            185.W  74.  11   5
 6 6  1.70157E-01  1.19670E-02  1.19670E-02  3.00000E+00            185.W  74.  12   6
 6 7  1.72984E+00  1.33340E-02  1.33340E-02  3.00000E+00            185.W  74.  13   7
 6 3  1.32225E+00  2.12688E-02  2.12688E-02  3.00000E+00            185.W  74.  14   3
 6 4  3.91330E-01  2.35400E-02  2.35400E-02  3.00000E+00            185.W  74.  15   4
 1 4  7.36100E-02  4.22900E-02  4.22900E-02  0.00000E+00            185.W  74.  16   4
 6 5  6.36358E-02  3.02130E-02  3.02130E-02  4.00000E+00            185.W  74.  17   5
 6 6  5.07546E+00  3.07170E-02  3.07170E-02  4.00000E+00            185.W  74.  18   6
 6 7  5.68334E+00  3.20840E-02  3.20840E-02  4.00000E+00            185.W  74.  19   7
 6 3  2.73234E+00  4.00188E-02  4.00188E-02  4.00000E+00            185.W  74.  20   3
 6 4  7.52407E-01  4.22900E-02  4.22900E-02  4.00000E+00            185.W  74.  21   4
 1 5  5.80220E+00  6.58600E-02  6.58600E-02  0.00000E+00            185.W  74.  22   5
 6 5  5.93685E+00  5.37830E-02  5.37830E-02  5.00000E+00            185.W  74.  23   5
 6 6  2.69369E+01  5.42870E-02  5.42870E-02  5.00000E+00            185.W  74.  24   6
 6 7  2.67935E+01  5.56540E-02  5.56540E-02  5.00000E+00            185.W  74.  25   7
 6 3  1.50036E+01  6.35888E-02  6.35888E-02  5.00000E+00            185.W  74.  26   3
 6 4  4.17447E+00  6.58600E-02  6.58600E-02  5.00000E+00            185.W  74.  27   4
 1 6  3.31402E-02  6.97000E-02  6.97000E-02  0.00000E+00            185.W  74.  28   6
 6 1  3.84576E-01  1.10045E-05  1.10045E-05  6.00000E+00            185.W  74.  29   1
 6 5  5.60852E-02  5.76230E-02  5.76230E-02  6.00000E+00            185.W  74.  30   5
 6 6  5.17628E-03  5.81270E-02  5.81270E-02  6.00000E+00            185.W  74.  31   6
 6 7  6.37074E-04  5.94940E-02  5.94940E-02  6.00000E+00            185.W  74.  32   7
 6 3  1.41548E-02  6.74288E-02  6.74288E-02  6.00000E+00            185.W  74.  33   3
 6 4  4.18025E-03  6.97000E-02  6.97000E-02  6.00000E+00            185.W  74.  34   4
 1 7  2.68460E-02  9.33000E-02  9.33000E-02  0.00000E+00            185.W  74.  35   7
 6 1  1.34721E-01  2.36110E-02  2.36110E-02  7.00000E+00            185.W  74.  36   1
 6 5  1.94454E-02  8.12230E-02  8.12230E-02  7.00000E+00            185.W  74.  37   5
 6 6  1.77928E-03  8.17270E-02  8.17270E-02  7.00000E+00            185.W  74.  38   6
 6 7  2.14231E-04  8.30940E-02  8.30940E-02  7.00000E+00            185.W  74.  39   7
 6 3  4.89840E-03  9.10288E-02  9.10288E-02  7.00000E+00            185.W  74.  40   3
 6 4  1.45273E-03  9.33000E-02  9.33000E-02  7.00000E+00            185.W  74.  41   4
 1 8  1.05219E-01  9.45900E-02  9.45900E-02  0.00000E+00            185.W  74.  42   8
 6 1  5.07659E-01  2.49010E-02  2.49010E-02  8.00000E+00            185.W  74.  43   1
 6 5  7.32760E-02  8.25130E-02  8.25130E-02  8.00000E+00            185.W  74.  44   5
 6 6  6.69871E-03  8.30170E-02  8.30170E-02  8.00000E+00            185.W  74.  45   6
 6 7  8.05713E-04  8.43840E-02  8.43840E-02  8.00000E+00            185.W  74.  46   7
 6 3  1.84456E-02  9.23188E-02  9.23188E-02  8.00000E+00            185.W  74.  47   3
 6 4  5.47165E-03  9.45900E-02  9.45900E-02  8.00000E+00            185.W  74.  48   4
 1 9  4.07020E-01  1.07850E-01  1.07850E-01  0.00000E+00            185.W  74.  49   9
 6 1  7.35013E-01  3.81610E-02  3.81610E-02  9.00000E+00            185.W  74.  50   1
 6 5  9.94789E-02  9.57730E-02  9.57730E-02  9.00000E+00            185.W  74.  51   5
 6 6  2.07443E-01  9.62770E-02  9.62770E-02  9.00000E+00            185.W  74.  52   6
 6 7  1.76183E-01  9.76440E-02  9.76440E-02  9.00000E+00            185.W  74.  53   7
 6 3  1.20377E-01  1.05579E-01  1.05579E-01  9.00000E+00            185.W  74.  54   3
 6 4  3.38600E-02  1.07850E-01  1.07850E-01  9.00000E+00            185.W  74.  55   4
 110  1.01755E-01  1.22050E-01  1.22050E-01  0.00000E+00            185.W  74.  56  10
 6 1  1.94091E-01  5.23610E-02  5.23610E-02  1.00000E+01            185.W  74.  57   1
 6 5  2.79954E-02  1.09973E-01  1.09973E-01  1.00000E+01            185.W  74.  58   5
 6 6  2.52489E-03  1.10477E-01  1.10477E-01  1.00000E+01            185.W  74.  59   6
 6 7  2.98206E-04  1.11844E-01  1.11844E-01  1.00000E+01            185.W  74.  60   7
 6 3  7.04196E-03  1.19779E-01  1.19779E-01  1.00000E+01            185.W  74.  61   3
 6 4  2.08487E-03  1.22050E-01  1.22050E-01  1.00000E+01            185.W  74.  62   4
 111  4.33000E+00  1.31550E-01  1.31550E-01  0.00000E+00            185.W  74.  63  11
 6 1  5.91847E+00  6.18610E-02  6.18610E-02  1.10000E+01            185.W  74.  64   1
 6 5  1.39595E+00  1.19473E-01  1.19473E-01  1.10000E+01            185.W  74.  65   5
 6 6  3.42668E+01  1.19977E-01  1.19977E-01  1.10000E+01            185.W  74.  66   6
 6 7  2.39820E+01  1.21344E-01  1.21344E-01  1.10000E+01            185.W  74.  67   7
 6 3  1.59509E+01  1.29279E-01  1.29279E-01  1.10000E+01            185.W  74.  68   3
 6 4  4.47969E+00  1.31550E-01  1.31550E-01  1.10000E+01            185.W  74.  69   4
 112  5.88880E-01  1.64330E-01  1.64330E-01  0.00000E+00            185.W  74.  70  12
 6 1  1.67464E-01  9.46410E-02  9.46410E-02  1.20000E+01            185.W  74.  71   1
 6 5  1.85121E-02  1.52253E-01  1.52253E-01  1.20000E+01            185.W  74.  72   5
 6 6  7.33392E-02  1.52757E-01  1.52757E-01  1.20000E+01            185.W  74.  73   6
 6 7  5.48642E-02  1.54124E-01  1.54124E-01  1.20000E+01            185.W  74.  74   7
 6 3  3.68757E-02  1.62059E-01  1.62059E-01  1.20000E+01            185.W  74.  75   3
 6 4  1.03248E-02  1.64330E-01  1.64330E-01  1.20000E+01            185.W  74.  76   4
 113  3.26482E+00  1.73680E-01  1.73680E-01  0.00000E+00            185.W  74.  77  13
 6 1  8.03587E-01  1.03991E-01  1.03991E-01  1.30000E+01            185.W  74.  78   1
 6 5  8.97593E-02  1.61603E-01  1.61603E-01  1.30000E+01            185.W  74.  79   5
 6 6  3.18253E-01  1.62107E-01  1.62107E-01  1.30000E+01            185.W  74.  80   6
 6 7  2.32850E-01  1.63474E-01  1.63474E-01  1.30000E+01            185.W  74.  81   7
 6 3  1.60753E-01  1.71409E-01  1.71409E-01  1.30000E+01            185.W  74.  82   3
 6 4  4.50491E-02  1.73680E-01  1.73680E-01  1.30000E+01            185.W  74.  83   4
 114  8.14040E-01  1.87880E-01  1.87880E-01  0.00000E+00            185.W  74.  84  14
 6 1  4.05185E-01  1.18191E-01  1.18191E-01  1.40000E+01            185.W  74.  85   1
 6 5  5.86303E-02  1.75803E-01  1.75803E-01  1.40000E+01            185.W  74.  86   5
 6 6  5.09604E-03  1.76307E-01  1.76307E-01  1.40000E+01            185.W  74.  87   6
 6 7  5.83313E-04  1.77674E-01  1.77674E-01  1.40000E+01            185.W  74.  88   7
 6 3  1.46040E-02  1.85609E-01  1.85609E-01  1.40000E+01            185.W  74.  89   3
 6 4  4.32517E-03  1.87880E-01  1.87880E-01  1.40000E+01            185.W  74.  90   4
 2 1  2.55828E+00  5.81161E-02  5.81161E-02  0.00000E+00            185.W  74.  91   1
 2 2  4.44136E+00  5.94830E-02  5.94830E-02  0.00000E+00            185.W  74.  92   2
 2 3  4.77568E-01  6.71212E-02  6.71212E-02  0.00000E+00            185.W  74.  93   3
 2 4  9.22897E-01  6.74178E-02  6.74178E-02  0.00000E+00            185.W  74.  94   4
 2 5  1.03247E-02  6.78079E-02  6.78079E-02  0.00000E+00            185.W  74.  95   5
 2 6  1.30204E-02  6.78728E-02  6.78728E-02  0.00000E+00            185.W  74.  96   6
 2 7  1.08659E-01  6.92004E-02  6.92004E-02  0.00000E+00            185.W  74.  97   7
 2 8  2.10759E-01  6.92695E-02  6.92695E-02  0.00000E+00            185.W  74.  98   8
 2 9  2.49306E-03  6.94291E-02  6.94291E-02  0.00000E+00            185.W  74.  99   9
 210  3.12961E-03  6.94418E-02  6.94418E-02  0.00000E+00            185.W  74. 100  10
 211  2.46966E-02  6.96331E-02  6.96331E-02  0.00000E+00            185.W  74. 101  11
 212  5.05977E-02  6.96433E-02  6.96433E-02  0.00000E+00            185.W  74. 102  12
 213  7.10251E-05  6.96807E-02  6.96807E-02  0.00000E+00            185.W  74. 103  13
 214  8.54349E-05  6.96816E-02  6.96816E-02  0.00000E+00            185.W  74. 104  14
 221  2.04403E-04  5.04000E-04  5.04000E-04  0.00000E+00            185.W  74. 105  21
 222  2.46795E-02  1.87100E-03  1.87100E-03  0.00000E+00            185.W  74. 106  22
 223  4.11878E-01  9.50920E-03  9.50920E-03  0.00000E+00            185.W  74. 107  23
 224  5.15587E-01  9.80579E-03  9.80579E-03  0.00000E+00            185.W  74. 108  24
 225  1.19533E-02  1.01959E-02  1.01959E-02  0.00000E+00            185.W  74. 109  25
 226  1.78878E-02  1.02608E-02  1.02608E-02  0.00000E+00            185.W  74. 110  26
 227  1.01110E-01  1.15884E-02  1.15884E-02  0.00000E+00            185.W  74. 111  27
 228  1.34143E-01  1.16574E-02  1.16574E-02  0.00000E+00            185.W  74. 112  28
 229  1.69017E-03  1.18169E-02  1.18169E-02  0.00000E+00            185.W  74. 113  29
 230  2.63850E-03  1.18296E-02  1.18296E-02  0.00000E+00            185.W  74. 114  30
 231  1.56567E-02  1.20209E-02  1.20209E-02  0.00000E+00            185.W  74. 115  31
 232  2.01207E-02  1.20313E-02  1.20313E-02  0.00000E+00            185.W  74. 116  32
 233  4.47713E-05  1.20687E-02  1.20687E-02  0.00000E+00            185.W  74. 117  33
 234  6.74856E-05  1.20696E-02  1.20696E-02  0.00000E+00            185.W  74. 118  34
 241  2.37200E-04  1.36700E-03  1.36700E-03  0.00000E+00            185.W  74. 119  41
 242  5.01378E-01  8.77650E-03  8.77650E-03  0.00000E+00            185.W  74. 120  42
 243  1.57147E-02  9.30179E-03  9.30179E-03  0.00000E+00            185.W  74. 121  43
 244  1.77475E+01  9.69188E-03  9.69188E-03  0.00000E+00            185.W  74. 122  44
 245  1.19404E-01  1.09883E-02  1.09883E-02  0.00000E+00            185.W  74. 123  45
 246  4.06891E-03  1.11534E-02  1.11534E-02  0.00000E+00            185.W  74. 124  46
 247  3.30301E+00  1.13130E-02  1.13130E-02  0.00000E+00            185.W  74. 125  47
 248  8.70882E-03  1.15274E-02  1.15274E-02  0.00000E+00            185.W  74. 126  48
 249  2.28971E-02  1.14878E-02  1.14878E-02  0.00000E+00            185.W  74. 127  49
 250  8.47010E-04  1.15274E-02  1.15274E-02  0.00000E+00            185.W  74. 128  50
 251  9.04837E-02  1.15647E-02  1.15647E-02  0.00000E+00            185.W  74. 129  51
 261  1.10944E+00  7.40950E-03  7.40950E-03  0.00000E+00            185.W  74. 130  61
 262  9.49582E-03  7.63820E-03  7.63820E-03  0.00000E+00            185.W  74. 131  62
 263  8.60201E-03  7.93480E-03  7.93480E-03  0.00000E+00            185.W  74. 132  63
 264  1.88402E+00  8.32491E-03  8.32491E-03  0.00000E+00            185.W  74. 133  64
 265  1.66234E+01  8.38982E-03  8.38982E-03  0.00000E+00            185.W  74. 134  65
 266  2.07053E-01  9.62128E-03  9.62128E-03  0.00000E+00            185.W  74. 135  66
 267  2.00358E-03  9.71740E-03  9.71740E-03  0.00000E+00            185.W  74. 136  67
 268  1.97551E-03  9.78638E-03  9.78638E-03  0.00000E+00            185.W  74. 137  68
 269  3.28686E-01  9.94595E-03  9.94595E-03  0.00000E+00            185.W  74. 138  69
 270  2.94784E+00  9.95866E-03  9.95866E-03  0.00000E+00            185.W  74. 139  70
 271  1.53304E-03  1.01604E-02  1.01604E-02  0.00000E+00            185.W  74. 140  71
 272  8.60830E-03  1.01628E-02  1.01628E-02  0.00000E+00            185.W  74. 141  72
 273  4.18977E-02  1.01209E-02  1.01209E-02  0.00000E+00            185.W  74. 142  73
 274  4.28489E-04  1.01500E-02  1.01500E-02  0.00000E+00            185.W  74. 143  74
 275  4.03868E-04  1.01603E-02  1.01603E-02  0.00000E+00            185.W  74. 144  75
 276  9.00340E-03  1.01977E-02  1.01977E-02  0.00000E+00            185.W  74. 145  76
 277  7.69646E-02  1.01986E-02  1.01986E-02  0.00000E+00            185.W  74. 146  77
 291  5.92203E+00  1.77948E-03  1.77948E-03  0.00000E+00            185.W  74. 147  91
 292  1.34094E-01  2.40746E-04  2.40746E-04  0.00000E+00            185.W  74. 148  92
 293  1.87285E-04  3.84825E-05  3.84825E-05  0.00000E+00            185.W  74. 149  93
 294  1.61830E+03  3.12583E-05  3.12583E-05  0.00000E+00            185.W  74. 150  94
 7 1  2.68415E-01  4.71853E-02  4.71853E-02  0.00000E+00            185.W  74. 151   1
 7 2  1.40685E-01  5.63739E-02  5.63739E-02  0.00000E+00            185.W  74. 152   2
 7 3  1.77246E-02  6.55717E-02  6.55717E-02  0.00000E+00            185.W  74. 153   3
 7 4  2.12886E+01  7.75190E-04  7.75190E-04  0.00000E+00            185.W  74. 154   4
 7 5  7.75228E+01  6.61822E-03  6.61822E-03  0.00000E+00            185.W  74. 155   5
 7 6  2.98276E+01  8.37923E-03  8.37923E-03  0.00000E+00            185.W  74. 156   6
 7 7  2.85738E+00  1.01708E-02  1.01708E-02  0.00000E+00            185.W  74. 157   7
 7 8  1.10303E+02  3.22723E-04  3.22723E-04  0.00000E+00            185.W  74. 158   8
 7 9  2.52171E+02  1.47651E-03  1.47651E-03  0.00000E+00            185.W  74. 159   9
 710  1.63149E+01  1.66562E-03  1.66562E-03  0.00000E+00            185.W  74. 160  10
 711  9.22189E-01  1.92178E-03  1.92178E-03  0.00000E+00            185.W  74. 161  11
 712  5.51538E+02  1.61709E-04  1.61709E-04  0.00000E+00            185.W  74. 162  12
 713  1.93552E+01  3.15749E-04  3.15749E-04  0.00000E+00            185.W  74. 163  13
 714  3.21432E+02  2.53223E-05  2.53223E-05  0.00000E+00            185.W  74. 164  14
 715  9.26980E-01  4.80035E-05  4.80035E-05  0.00000E+00            185.W  74. 165  15
%%%% 185 W   74 M  IT           9.58200E+01 1.597 M    18-07-2007       SEEIEND 
 


   ***************************************************** 
   *                 Radiation Summary                 * 
   ***************************************************** 
 
  Energy released by
    Gamma-ray                       (MeV) =   1.84668E-02
    X-ray                           (MeV) =   9.75877E-03
    Free-bound X-ray                (MeV) =   5.05852E-04
    Annihilation photon             (MeV) =   0.00000E+00
    Beta+ particle                  (MeV) =   0.00000E+00
    Neutrino                        (MeV) =   0.00000E+00
    Beta- particle                  (MeV) =   0.00000E+00
    Neutrino-                       (MeV) =   0.00000E+00
    Internal conv. electron         (MeV) =   1.60077E-01
    Auger and CK electron           (MeV) =   1.37068E-02
    Alpha particle                  (MeV) =   0.00000E+00
    Recoil nucleus                  (MeV) =   0.00000E+00
  E-total (except unplaced radiat.) (MeV) =   2.02515E-01
  E-unplaced radiation              (MeV) =   0.00000E+00
  Q-value from ENSDF data           (MeV) =   1.97430E-01
  Ratio of E-total/Q-value          ( % ) =   1.02576E+02
  Ratio of E-unplaced radi./Q-value ( % ) =   0.00000E+00

 
  Total yield of
    Gamma-ray                             =   1.57172E-01
    X-ray                                 =   6.12136E-01
    Free-bound X-ray                      =   1.61830E+01
    Annihilation photon                   =   0.00000E+00
    Beta+ particle                        =   0.00000E+00
    Beta- particle                        =   0.00000E+00
    Internal conv. electron               =   2.10331E+00
    Auger and CK electron                 =   1.40489E+01
    Alpha particle                        =   0.00000E+00
  Yield of unplaced radiation             =   0.00000E+00


%%%% 185 W   74    B-           6.48864E+06 75.1 D     02-11-2005       BALASTAR
1 185   W   74 75.1 D          B-         
1INTENSITY AND ENERGY BALANCE DATA

              185-TUNGSTEN-74
+                                    HALFLIFE = 75.1 DAYS    
+                                                                  02-11-2005


    LEVEL       INTENSITY   INTENSITY
    ENERGY      ENTERING    LEAVING     PERCENT
    (MEV)       LEVEL       LEVEL       ERROR

   0.0000E+00  1.0000E+02
   1.2536E-01  7.2000E-02  7.2862E-02  1.1899E+00                      


 INTENSITY TO GROUND AND ISOMERIC STATE(S) OF DAUGHTER(S)=  1.000E+02
 TOTAL INTENSITY FROM PARENT=  1.000E+02
 PERCENT ERROR =  8.621E-04                      


 TOTAL INTENSITY FROM PARENT =  1.000E+02
 VALUE IS WITHIN   0.00E+00% OF 100                      


 TOTAL ENERGY AVAILABLE =  4.330E-01 MEV
 TOTAL ENERGY CONTENT OF ALL RADIATIONS =  4.330E-01 MEV
 PERCENT ERROR =  2.478E-04                      
%%%% 185 W   74    B-           6.48864E+06 75.1 D     02-11-2005       BALAEND 
%%%% 185 W   74    B-           6.48864E+06 75.1 D     02-11-2005       INPUSTAR
1                                      **INPUT DATA**
              185-TUNGSTEN-74
+                                    HALFLIFE = 75.1 DAYS    
+                                                                  02-11-2005

            MODE OF DECAY: BETA MINUS
 
                                MEAN
                                NUMBER/    TRANSITION
                TYPE OF    ID   TRANSFOR-  ENERGY
              TRANSITION   NO.  MATION     (MEV)       OTHER NUCLEAR PARAMETERS

               BETA MINUS   1   7.20E-04   3.076E-01*  UNIQUE FIRST FORBIDDEN                   
               BETA MINUS   2   9.99E-01   4.330E-01*  FIRST FORBIDDEN                          
           I.C.E. + GAMMA   1   7.29E-04   1.254E-01   M1+E2 MULTIPOLE                          
                                                       MRS=0.0324    AK= 2.29                   
                                                       AL1=0.333     AL2=0.0445                 
                                                       AL3=0.0152    AM= 0.0907                 
                                                       AN+=0.0266                               
 
           * ENDPOINT ENERGY (MEV)
           - - - - - - - - - -
           Reference: Evaluated Nuclear Structure Data File (ENSDF)
                DATE DATA WERE ENTERED INTO ENSDF: Mar-1995
%%%% 185 W   74    B-           6.48864E+06 75.1 D     02-11-2005       INPUEND 
%%%% 185 W   74    B-           6.48864E+06 75.1 D     02-11-2005       OUTPSTAR
1                                      **OUTPUT DATA**
              185-TUNGSTEN-74
+                                    HALFLIFE = 75.1 DAYS    
+                                                                  02-11-2005

            MODE OF DECAY: BETA MINUS
 
                                              MEAN
                                              NUMBER/                  MEV/
                                         ID   TRANSFOR-   ENERGY       TRANSFOR-
                  TYPE OF RADIATION      NO.  MATION      (MEV)        MATION

           BETA MINUS                     2   9.99E-01    1.269E-01*   1.27E-01
           GAMMA-RAY                      1   1.92E-04    1.254E-01    2.41E-05
           K -L2 X-RAY                        1.22E-04    5.986E-02    7.28E-06
           K -L3 X-RAY                        2.10E-04    6.132E-02    1.29E-05
           K -M2 X-RAY                        2.27E-05    6.918E-02    1.57E-06
           K -M3 X-RAY                        4.39E-05    6.950E-02    3.05E-06
           K -N2 X-RAY                        5.20E-06    7.134E-02    3.71E-07
           K -N3 X-RAY                        1.01E-05    7.141E-02    7.22E-07
           K -O2 X-RAY                        1.19E-06    7.180E-02    8.51E-08
           K -O3 X-RAY                        2.41E-06    7.181E-02    1.73E-07
           L2-M4 X-RAY                        3.63E-05    1.003E-02    3.64E-07
           L2-N4 X-RAY                        6.84E-06    1.171E-02    8.01E-08
           L3-M4 X-RAY                        6.56E-06    8.576E-03    5.63E-08
           L3-M5 X-RAY                        5.79E-05    8.645E-03    5.00E-07
           L3-N5 X-RAY                        1.04E-05    1.027E-02    1.07E-07
           Free-Bound X-RAY                   4.32E-03    3.763E-05*   1.62E-07
 
           ALL LISTED X-RAYS, GAMMA-RAYS AND ANNIHILATION RADIATION    5.15E-05
           ALL NEGLECTED X-RAYS, GAMMA-RAYS AND ANNIH. RADIATION**     2.58E-07
           ALL LISTED BETAS, INTERNAL CONVERSION AND AUGER ELECTRONS   1.27E-01
           ALL NEGLECTED BETAS, INT. CONVERSION AND AUGER ELECTRONS**  1.10E-04
           ALL LISTED RADIATIONS                                       1.27E-01
           ALL NEGLECTED RADIATIONS**                                  1.10E-04
 
           *  AVERAGE ENERGY (MEV)
           ** EACH NEGLECTED TRANSITION CONTRIBUTES LESS THAN  0.100%
              TO THE TOTAL MEV/TRANSFORMATION FOR THIS CATEGORY.
           TOTAL FEEDING OF GROUND STATE LEVEL IN 185-RHENIUM
             DAUGHTER IS 1.0000E+00 PER TRANSFORMATION OF 185-TUNGSTEN.
             THIS DAUGHTER GROUND STATE IS STABLE.
           - - - - - - - - - -
           INPUT DATA SOURCE: EVALUATED NUCLEAR STRUCTURE DATA FILE (ENSDF)
             DATE INPUT DATA WERE ENTERED INTO ENSDF: Mar-1995
%%%% 185 W   74    B-           6.48864E+06 75.1 D     02-11-2005       OUTPEND 
%%%% 185 W   74    B-           6.48864E+06 75.1 D     02-11-2005       BETASTAR
1
              185-TUNGSTEN-74
+                                    HALFLIFE = 75.1 DAYS    
+                                                                  02-11-2005

            BETA SPECTRUM DATA FOR ALL DECAY BRANCHES

                      BETAS PER                BETAS PER                BETAS PER
            ENERGY    MEV            ENERGY    MEV            ENERGY    MEV
            (MEV)     PER DECAY      (MEV)     PER DECAY      (MEV)     PER DECAY

            0.00000   5.121E+00      0.00160   5.099E+00      0.03000   4.786E+00
            0.00010   5.119E+00      0.00180   5.096E+00      0.03200   4.767E+00
            0.00011   5.119E+00      0.00200   5.094E+00      0.03600   4.727E+00
            0.00012   5.119E+00      0.00220   5.091E+00      0.04000   4.686E+00
            0.00013   5.119E+00      0.00240   5.088E+00      0.04500   4.634E+00
            0.00014   5.119E+00      0.00260   5.086E+00      0.05000   4.580E+00
            0.00015   5.119E+00      0.00280   5.083E+00      0.05500   4.525E+00
            0.00016   5.119E+00      0.00300   5.080E+00      0.06000   4.468E+00
            0.00018   5.118E+00      0.00320   5.078E+00      0.06500   4.410E+00
            0.00020   5.118E+00      0.00360   5.072E+00      0.07000   4.350E+00
            0.00022   5.118E+00      0.00400   5.067E+00      0.07500   4.289E+00
            0.00024   5.117E+00      0.00450   5.060E+00      0.08000   4.227E+00
            0.00026   5.117E+00      0.00500   5.053E+00      0.08500   4.164E+00
            0.00028   5.117E+00      0.00550   5.046E+00      0.09000   4.100E+00
            0.00030   5.117E+00      0.00600   5.039E+00      0.10000   3.967E+00
            0.00032   5.116E+00      0.00650   5.033E+00      0.11000   3.831E+00
            0.00036   5.116E+00      0.00700   5.026E+00      0.12000   3.691E+00
            0.00040   5.115E+00      0.00750   5.019E+00      0.13000   3.548E+00
            0.00045   5.115E+00      0.00800   5.012E+00      0.14000   3.401E+00
            0.00050   5.114E+00      0.00850   5.005E+00      0.15000   3.252E+00
            0.00055   5.113E+00      0.00900   4.998E+00      0.16000   3.101E+00
            0.00060   5.113E+00      0.01000   4.985E+00      0.18000   2.793E+00
            0.00065   5.112E+00      0.01100   4.971E+00      0.20000   2.481E+00
            0.00070   5.111E+00      0.01200   4.957E+00      0.22000   2.169E+00
            0.00075   5.111E+00      0.01300   4.943E+00      0.24000   1.861E+00
            0.00080   5.110E+00      0.01400   4.929E+00      0.26000   1.561E+00
            0.00085   5.109E+00      0.01500   4.924E+00      0.28000   1.273E+00
            0.00090   5.109E+00      0.01600   4.915E+00      0.30000   1.002E+00
            0.00100   5.107E+00      0.01800   4.897E+00      0.32000   7.527E-01
            0.00110   5.106E+00      0.02000   4.880E+00      0.36000   3.394E-01
            0.00120   5.105E+00      0.02200   4.861E+00      0.40000   7.466E-02
            0.00130   5.103E+00      0.02400   4.843E+00      0.43300   0.000E+00
            0.00140   5.102E+00      0.02600   4.824E+00
            0.00150   5.100E+00      0.02800   4.806E+00

            AVERAGE BETA ENERGY =   1.269E-01

            TOTAL BETAS PER DECAY FOR ALL BRANCHES =   1.000E+00
%%%% 185 W   74    B-           6.48864E+06 75.1 D     02-11-2005       BETAEND 
%%%% 185 W   74    B-           6.48864E+06 75.1 D     02-11-2005       SEEISTAR
185.  TUNGSTEN     74.  7.510E+01 DAYS      84 B-                   185.W  74.   0
 5 1  7.20000E-02  9.71326E-02  3.07642E-01  1.00000E+00            185.W  74.   1   1
 5 2  9.99280E+01  1.26943E-01  4.33000E-01  0.00000E+00            185.W  74.   2   2
 1 1  1.92000E-02  1.25358E-01  1.25358E-01  0.00000E+00            185.W  74.   3   1
 6 1  4.38745E-02  5.35020E-02  5.35020E-02  1.00000E+00            185.W  74.   4   1
 6 5  6.38956E-03  1.12850E-01  1.12850E-01  1.00000E+00            185.W  74.   5   5
 6 6  8.53538E-04  1.13365E-01  1.13365E-01  1.00000E+00            185.W  74.   6   6
 6 7  2.92139E-04  1.14820E-01  1.14820E-01  1.00000E+00            185.W  74.   7   7
 6 3  1.74103E-03  1.22998E-01  1.22998E-01  1.00000E+00            185.W  74.   8   3
 6 4  5.11071E-04  1.25358E-01  1.25358E-01  1.00000E+00            185.W  74.   9   4
 2 1  1.21660E-02  5.98631E-02  5.98631E-02  0.00000E+00            185.W  74.  10   1
 2 2  2.10357E-02  6.13181E-02  6.13181E-02  0.00000E+00            185.W  74.  11   2
 2 3  2.27341E-03  6.91788E-02  6.91788E-02  0.00000E+00            185.W  74.  12   3
 2 4  4.39315E-03  6.94956E-02  6.94956E-02  0.00000E+00            185.W  74.  13   4
 2 5  5.06842E-05  6.98942E-02  6.98942E-02  0.00000E+00            185.W  74.  14   5
 2 6  6.36097E-05  6.99636E-02  6.99636E-02  0.00000E+00            185.W  74.  15   6
 2 7  5.20312E-04  7.13392E-02  7.13392E-02  0.00000E+00            185.W  74.  16   7
 2 8  1.01078E-03  7.14134E-02  7.14134E-02  0.00000E+00            185.W  74.  17   8
 2 9  1.23959E-05  7.15776E-02  7.15776E-02  0.00000E+00            185.W  74.  18   9
 210  1.54913E-05  7.15916E-02  7.15916E-02  0.00000E+00            185.W  74.  19  10
 211  1.18549E-04  7.17951E-02  7.17951E-02  0.00000E+00            185.W  74.  20  11
 212  2.41122E-04  7.18066E-02  7.18066E-02  0.00000E+00            185.W  74.  21  12
 213  4.93856E-07  7.18466E-02  7.18466E-02  0.00000E+00            185.W  74.  22  13
 214  5.90906E-07  7.18476E-02  7.18476E-02  0.00000E+00            185.W  74.  23  14
 221  8.04190E-08  5.14999E-04  5.14999E-04  0.00000E+00            185.W  74.  24  21
 222  1.06692E-05  1.97000E-03  1.97000E-03  0.00000E+00            185.W  74.  25  22
 223  1.69270E-04  9.83058E-03  9.83058E-03  0.00000E+00            185.W  74.  26  23
 224  2.08698E-04  1.01475E-02  1.01475E-02  0.00000E+00            185.W  74.  27  24
 225  5.05298E-06  1.05462E-02  1.05462E-02  0.00000E+00            185.W  74.  28  25
 226  7.56579E-06  1.06153E-02  1.06153E-02  0.00000E+00            185.W  74.  29  26
 227  4.18268E-05  1.19912E-02  1.19912E-02  0.00000E+00            185.W  74.  30  27
 228  5.47854E-05  1.20654E-02  1.20654E-02  0.00000E+00            185.W  74.  31  28
 229  7.21901E-07  1.22297E-02  1.22297E-02  0.00000E+00            185.W  74.  32  29
 230  1.12912E-06  1.22434E-02  1.22434E-02  0.00000E+00            185.W  74.  33  30
 231  6.70702E-06  1.24470E-02  1.24470E-02  0.00000E+00            185.W  74.  34  31
 232  8.52629E-06  1.24586E-02  1.24586E-02  0.00000E+00            185.W  74.  35  32
 233  2.72126E-08  1.24985E-02  1.24985E-02  0.00000E+00            185.W  74.  36  33
 234  4.12333E-08  1.24995E-02  1.24995E-02  0.00000E+00            185.W  74.  37  34
 241  5.46779E-08  1.45500E-03  1.45500E-03  0.00000E+00            185.W  74.  38  41
 242  1.01185E-04  9.08140E-03  9.08140E-03  0.00000E+00            185.W  74.  39  42
 243  3.31425E-06  9.63250E-03  9.63250E-03  0.00000E+00            185.W  74.  40  43
 244  3.63108E-03  1.00312E-02  1.00312E-02  0.00000E+00            185.W  74.  41  44
 245  2.44534E-05  1.13772E-02  1.13772E-02  0.00000E+00            185.W  74.  42  45
 246  8.65657E-07  1.15504E-02  1.15504E-02  0.00000E+00            185.W  74.  43  46
 247  6.83906E-04  1.17147E-02  1.17147E-02  0.00000E+00            185.W  74.  44  47
 248  1.93660E-06  1.19373E-02  1.19373E-02  0.00000E+00            185.W  74.  45  48
 249  4.73612E-06  1.19014E-02  1.19014E-02  0.00000E+00            185.W  74.  46  49
 250  1.77898E-07  1.19436E-02  1.19436E-02  0.00000E+00            185.W  74.  47  50
 251  2.62521E-05  1.19835E-02  1.19835E-02  0.00000E+00            185.W  74.  48  51
 261  3.83709E-04  7.62641E-03  7.62641E-03  0.00000E+00            185.W  74.  49  61
 262  3.37100E-06  7.86060E-03  7.86060E-03  0.00000E+00            185.W  74.  50  62
 263  3.05216E-06  8.17750E-03  8.17750E-03  0.00000E+00            185.W  74.  51  63
 264  6.56033E-04  8.57622E-03  8.57622E-03  0.00000E+00            185.W  74.  52  64
 265  5.78697E-03  8.64532E-03  8.64532E-03  0.00000E+00            185.W  74.  53  65
 266  7.34111E-05  9.92215E-03  9.92215E-03  0.00000E+00            185.W  74.  54  66
 267  7.20991E-07  1.00212E-02  1.00212E-02  0.00000E+00            185.W  74.  55  67
 268  7.13419E-07  1.00954E-02  1.00954E-02  0.00000E+00            185.W  74.  56  68
 269  1.15466E-04  1.02598E-02  1.02598E-02  0.00000E+00            185.W  74.  57  69
 270  1.03707E-03  1.02735E-02  1.02735E-02  0.00000E+00            185.W  74.  58  70
 271  5.82707E-07  1.04824E-02  1.04824E-02  0.00000E+00            185.W  74.  59  71
 272  3.27036E-06  1.04850E-02  1.04850E-02  0.00000E+00            185.W  74.  60  72
 273  1.49729E-05  1.04464E-02  1.04464E-02  0.00000E+00            185.W  74.  61  73
 274  1.53167E-07  1.04770E-02  1.04770E-02  0.00000E+00            185.W  74.  62  74
 275  1.46146E-07  1.04886E-02  1.04886E-02  0.00000E+00            185.W  74.  63  75
 276  4.41187E-06  1.05285E-02  1.05285E-02  0.00000E+00            185.W  74.  64  76
 277  3.77623E-05  1.05295E-02  1.05295E-02  0.00000E+00            185.W  74.  65  77
 291  1.74210E-03  1.84753E-03  1.84753E-03  0.00000E+00            185.W  74.  66  91
 292  3.74734E-05  2.50786E-04  2.50786E-04  0.00000E+00            185.W  74.  67  92
 293  6.41285E-08  4.14757E-05  4.14757E-05  0.00000E+00            185.W  74.  68  93
 294  4.31693E-01  3.76335E-05  3.76335E-05  0.00000E+00            185.W  74.  69  94
 7 1  1.23759E-03  4.85493E-02  4.85493E-02  0.00000E+00            185.W  74.  70   1
 7 2  6.51970E-04  5.80540E-02  5.80540E-02  0.00000E+00            185.W  74.  71   2
 7 3  8.25788E-05  6.75681E-02  6.75681E-02  0.00000E+00            185.W  74.  72   3
 7 4  7.74693E-03  5.96187E-04  5.96187E-04  0.00000E+00            185.W  74.  73   4
 7 5  2.15471E-02  6.67888E-03  6.67888E-03  0.00000E+00            185.W  74.  74   5
 7 6  8.40064E-03  8.50382E-03  8.50382E-03  0.00000E+00            185.W  74.  75   6
 7 7  8.12357E-04  1.03574E-02  1.03574E-02  0.00000E+00            185.W  74.  76   7
 7 8  2.82395E-02  3.24416E-04  3.24416E-04  0.00000E+00            185.W  74.  77   8
 7 9  6.87789E-02  1.52551E-03  1.52551E-03  0.00000E+00            185.W  74.  78   9
 710  4.87995E-03  1.71514E-03  1.71514E-03  0.00000E+00            185.W  74.  79  10
 711  2.62614E-04  1.98822E-03  1.98822E-03  0.00000E+00            185.W  74.  80  11
 712  1.44868E-01  1.62315E-04  1.62315E-04  0.00000E+00            185.W  74.  81  12
 713  5.35756E-03  3.28060E-04  3.28060E-04  0.00000E+00            185.W  74.  82  13
 714  8.47936E-02  2.72983E-05  2.72983E-05  0.00000E+00            185.W  74.  83  14
 715  2.45321E-04  5.24752E-05  5.24752E-05  0.00000E+00            185.W  74.  84  15
%%%% 185 W   74    B-           6.48864E+06 75.1 D     02-11-2005       SEEIEND 
 


   ***************************************************** 
   *                 Radiation Summary                 * 
   ***************************************************** 
 
  Energy released by
    Gamma-ray                       (MeV) =   2.40687E-05
    X-ray                           (MeV) =   2.75241E-05
    Free-bound X-ray                (MeV) =   1.62461E-07
    Annihilation photon             (MeV) =   0.00000E+00
    Beta+ particle                  (MeV) =   0.00000E+00
    Neutrino                        (MeV) =   0.00000E+00
    Beta- particle                  (MeV) =   1.26922E-01
    Neutrino-                       (MeV) =   3.05988E-01
    Internal conv. electron         (MeV) =   3.47695E-05
    Auger and CK electron           (MeV) =   4.82470E-06
    Alpha particle                  (MeV) =   0.00000E+00
    Recoil nucleus                  (MeV) =   0.00000E+00
  E-total (except unplaced radiat.) (MeV) =   4.33001E-01
  E-unplaced radiation              (MeV) =   0.00000E+00
  Q-value from ENSDF data           (MeV) =   4.33000E-01
  Ratio of E-total/Q-value          ( % ) =   1.00000E+02
  Ratio of E-unplaced radi./Q-value ( % ) =   0.00000E+00

 
  Total yield of
    Gamma-ray                             =   1.92000E-04
    X-ray                                 =   5.67968E-04
    Free-bound X-ray                      =   4.31693E-03
    Annihilation photon                   =   0.00000E+00
    Beta+ particle                        =   0.00000E+00
    Beta- particle                        =   1.00000E+00
    Internal conv. electron               =   5.36618E-04
    Auger and CK electron                 =   3.77904E-03
    Alpha particle                        =   0.00000E+00
  Yield of unplaced radiation             =   0.00000E+00


